[2025-04-28T17:37:04.440+0000] {processor.py:161} INFO - Started process (PID=595) to work on /opt/airflow/dags/dbt_build_pipeline.py
[2025-04-28T17:37:04.444+0000] {processor.py:830} INFO - Processing file /opt/airflow/dags/dbt_build_pipeline.py for tasks to queue
[2025-04-28T17:37:04.450+0000] {logging_mixin.py:188} INFO - [2025-04-28T17:37:04.449+0000] {dagbag.py:538} INFO - Filling up the DagBag from /opt/airflow/dags/dbt_build_pipeline.py
[2025-04-28T17:37:04.469+0000] {logging_mixin.py:188} INFO - [2025-04-28T17:37:04.467+0000] {dagbag.py:348} ERROR - Failed to import: /opt/airflow/dags/dbt_build_pipeline.py
Traceback (most recent call last):
  File "/home/airflow/.local/lib/python3.8/site-packages/airflow/models/dagbag.py", line 344, in parse
    loader.exec_module(new_module)
  File "<frozen importlib._bootstrap_external>", line 843, in exec_module
  File "<frozen importlib._bootstrap>", line 219, in _call_with_frames_removed
  File "/opt/airflow/dags/dbt_build_pipeline.py", line 9, in <module>
    'start_date': datetime(2025, 30, 1),
ValueError: month must be in 1..12
[2025-04-28T17:37:04.469+0000] {processor.py:842} WARNING - No viable dags retrieved from /opt/airflow/dags/dbt_build_pipeline.py
[2025-04-28T17:37:04.513+0000] {processor.py:183} INFO - Processing /opt/airflow/dags/dbt_build_pipeline.py took 0.088 seconds
[2025-04-28T17:37:05.436+0000] {processor.py:161} INFO - Started process (PID=596) to work on /opt/airflow/dags/dbt_build_pipeline.py
[2025-04-28T17:37:05.438+0000] {processor.py:830} INFO - Processing file /opt/airflow/dags/dbt_build_pipeline.py for tasks to queue
[2025-04-28T17:37:05.440+0000] {logging_mixin.py:188} INFO - [2025-04-28T17:37:05.440+0000] {dagbag.py:538} INFO - Filling up the DagBag from /opt/airflow/dags/dbt_build_pipeline.py
[2025-04-28T17:37:05.449+0000] {logging_mixin.py:188} INFO - [2025-04-28T17:37:05.447+0000] {dagbag.py:348} ERROR - Failed to import: /opt/airflow/dags/dbt_build_pipeline.py
Traceback (most recent call last):
  File "/home/airflow/.local/lib/python3.8/site-packages/airflow/models/dagbag.py", line 344, in parse
    loader.exec_module(new_module)
  File "<frozen importlib._bootstrap_external>", line 843, in exec_module
  File "<frozen importlib._bootstrap>", line 219, in _call_with_frames_removed
  File "/opt/airflow/dags/dbt_build_pipeline.py", line 9, in <module>
    'start_date': datetime(2025, 30, 4),
ValueError: month must be in 1..12
[2025-04-28T17:37:05.449+0000] {processor.py:842} WARNING - No viable dags retrieved from /opt/airflow/dags/dbt_build_pipeline.py
[2025-04-28T17:37:05.467+0000] {processor.py:183} INFO - Processing /opt/airflow/dags/dbt_build_pipeline.py took 0.037 seconds
[2025-04-28T17:37:07.560+0000] {processor.py:161} INFO - Started process (PID=603) to work on /opt/airflow/dags/dbt_build_pipeline.py
[2025-04-28T17:37:07.562+0000] {processor.py:830} INFO - Processing file /opt/airflow/dags/dbt_build_pipeline.py for tasks to queue
[2025-04-28T17:37:07.566+0000] {logging_mixin.py:188} INFO - [2025-04-28T17:37:07.566+0000] {dagbag.py:538} INFO - Filling up the DagBag from /opt/airflow/dags/dbt_build_pipeline.py
[2025-04-28T17:37:07.574+0000] {logging_mixin.py:188} INFO - [2025-04-28T17:37:07.573+0000] {dagbag.py:348} ERROR - Failed to import: /opt/airflow/dags/dbt_build_pipeline.py
Traceback (most recent call last):
  File "/home/airflow/.local/lib/python3.8/site-packages/airflow/models/dagbag.py", line 344, in parse
    loader.exec_module(new_module)
  File "<frozen importlib._bootstrap_external>", line 843, in exec_module
  File "<frozen importlib._bootstrap>", line 219, in _call_with_frames_removed
  File "/opt/airflow/dags/dbt_build_pipeline.py", line 9, in <module>
    'start_date': datetime(2025, 30, 4),
ValueError: month must be in 1..12
[2025-04-28T17:37:07.574+0000] {processor.py:842} WARNING - No viable dags retrieved from /opt/airflow/dags/dbt_build_pipeline.py
[2025-04-28T17:37:07.626+0000] {processor.py:183} INFO - Processing /opt/airflow/dags/dbt_build_pipeline.py took 0.078 seconds
[2025-04-28T17:37:09.639+0000] {processor.py:161} INFO - Started process (PID=604) to work on /opt/airflow/dags/dbt_build_pipeline.py
[2025-04-28T17:37:09.642+0000] {processor.py:830} INFO - Processing file /opt/airflow/dags/dbt_build_pipeline.py for tasks to queue
[2025-04-28T17:37:09.646+0000] {logging_mixin.py:188} INFO - [2025-04-28T17:37:09.645+0000] {dagbag.py:538} INFO - Filling up the DagBag from /opt/airflow/dags/dbt_build_pipeline.py
[2025-04-28T17:37:09.657+0000] {logging_mixin.py:188} INFO - [2025-04-28T17:37:09.655+0000] {dagbag.py:348} ERROR - Failed to import: /opt/airflow/dags/dbt_build_pipeline.py
Traceback (most recent call last):
  File "/home/airflow/.local/lib/python3.8/site-packages/airflow/models/dagbag.py", line 344, in parse
    loader.exec_module(new_module)
  File "<frozen importlib._bootstrap_external>", line 843, in exec_module
  File "<frozen importlib._bootstrap>", line 219, in _call_with_frames_removed
  File "/opt/airflow/dags/dbt_build_pipeline.py", line 9, in <module>
    'start_date': datetime(2025, 30, 4),
ValueError: month must be in 1..12
[2025-04-28T17:37:09.657+0000] {processor.py:842} WARNING - No viable dags retrieved from /opt/airflow/dags/dbt_build_pipeline.py
[2025-04-28T17:37:09.697+0000] {processor.py:183} INFO - Processing /opt/airflow/dags/dbt_build_pipeline.py took 0.074 seconds
[2025-04-28T17:37:10.931+0000] {processor.py:161} INFO - Started process (PID=608) to work on /opt/airflow/dags/dbt_build_pipeline.py
[2025-04-28T17:37:10.933+0000] {processor.py:830} INFO - Processing file /opt/airflow/dags/dbt_build_pipeline.py for tasks to queue
[2025-04-28T17:37:10.936+0000] {logging_mixin.py:188} INFO - [2025-04-28T17:37:10.936+0000] {dagbag.py:538} INFO - Filling up the DagBag from /opt/airflow/dags/dbt_build_pipeline.py
[2025-04-28T17:37:10.948+0000] {logging_mixin.py:188} INFO - [2025-04-28T17:37:10.946+0000] {dagbag.py:348} ERROR - Failed to import: /opt/airflow/dags/dbt_build_pipeline.py
Traceback (most recent call last):
  File "/home/airflow/.local/lib/python3.8/site-packages/airflow/models/dagbag.py", line 344, in parse
    loader.exec_module(new_module)
  File "<frozen importlib._bootstrap_external>", line 843, in exec_module
  File "<frozen importlib._bootstrap>", line 219, in _call_with_frames_removed
  File "/opt/airflow/dags/dbt_build_pipeline.py", line 9, in <module>
    'start_date': datetime(2025, 30, 4),
ValueError: month must be in 1..12
[2025-04-28T17:37:10.950+0000] {processor.py:842} WARNING - No viable dags retrieved from /opt/airflow/dags/dbt_build_pipeline.py
[2025-04-28T17:37:11.135+0000] {processor.py:183} INFO - Processing /opt/airflow/dags/dbt_build_pipeline.py took 0.211 seconds
[2025-04-28T17:37:14.275+0000] {processor.py:161} INFO - Started process (PID=624) to work on /opt/airflow/dags/dbt_build_pipeline.py
[2025-04-28T17:37:14.278+0000] {processor.py:830} INFO - Processing file /opt/airflow/dags/dbt_build_pipeline.py for tasks to queue
[2025-04-28T17:37:14.280+0000] {logging_mixin.py:188} INFO - [2025-04-28T17:37:14.279+0000] {dagbag.py:538} INFO - Filling up the DagBag from /opt/airflow/dags/dbt_build_pipeline.py
[2025-04-28T17:37:14.285+0000] {logging_mixin.py:188} INFO - [2025-04-28T17:37:14.284+0000] {dagbag.py:348} ERROR - Failed to import: /opt/airflow/dags/dbt_build_pipeline.py
Traceback (most recent call last):
  File "/home/airflow/.local/lib/python3.8/site-packages/airflow/models/dagbag.py", line 344, in parse
    loader.exec_module(new_module)
  File "<frozen importlib._bootstrap_external>", line 843, in exec_module
  File "<frozen importlib._bootstrap>", line 219, in _call_with_frames_removed
  File "/opt/airflow/dags/dbt_build_pipeline.py", line 9, in <module>
    'start_date': datetime(2025, 30, 4),
ValueError: month must be in 1..12
[2025-04-28T17:37:14.285+0000] {processor.py:842} WARNING - No viable dags retrieved from /opt/airflow/dags/dbt_build_pipeline.py
[2025-04-28T17:37:14.299+0000] {processor.py:183} INFO - Processing /opt/airflow/dags/dbt_build_pipeline.py took 0.026 seconds
[2025-04-28T17:37:23.906+0000] {processor.py:161} INFO - Started process (PID=654) to work on /opt/airflow/dags/dbt_build_pipeline.py
[2025-04-28T17:37:23.909+0000] {processor.py:830} INFO - Processing file /opt/airflow/dags/dbt_build_pipeline.py for tasks to queue
[2025-04-28T17:37:23.916+0000] {logging_mixin.py:188} INFO - [2025-04-28T17:37:23.915+0000] {dagbag.py:538} INFO - Filling up the DagBag from /opt/airflow/dags/dbt_build_pipeline.py
[2025-04-28T17:37:23.924+0000] {processor.py:842} WARNING - No viable dags retrieved from /opt/airflow/dags/dbt_build_pipeline.py
[2025-04-28T17:37:23.958+0000] {processor.py:183} INFO - Processing /opt/airflow/dags/dbt_build_pipeline.py took 0.061 seconds
[2025-04-28T17:37:26.480+0000] {processor.py:161} INFO - Started process (PID=657) to work on /opt/airflow/dags/dbt_build_pipeline.py
[2025-04-28T17:37:26.481+0000] {processor.py:830} INFO - Processing file /opt/airflow/dags/dbt_build_pipeline.py for tasks to queue
[2025-04-28T17:37:26.482+0000] {logging_mixin.py:188} INFO - [2025-04-28T17:37:26.482+0000] {dagbag.py:538} INFO - Filling up the DagBag from /opt/airflow/dags/dbt_build_pipeline.py
[2025-04-28T17:37:26.484+0000] {logging_mixin.py:188} INFO - [2025-04-28T17:37:26.484+0000] {dagbag.py:348} ERROR - Failed to import: /opt/airflow/dags/dbt_build_pipeline.py
Traceback (most recent call last):
  File "/home/airflow/.local/lib/python3.8/site-packages/airflow/models/dagbag.py", line 344, in parse
    loader.exec_module(new_module)
  File "<frozen importlib._bootstrap_external>", line 839, in exec_module
  File "<frozen importlib._bootstrap_external>", line 976, in get_code
  File "<frozen importlib._bootstrap_external>", line 906, in source_to_code
  File "<frozen importlib._bootstrap>", line 219, in _call_with_frames_removed
  File "/opt/airflow/dags/dbt_build_pipeline.py", line 12
    }
    ^
SyntaxError: invalid syntax
[2025-04-28T17:37:26.484+0000] {processor.py:842} WARNING - No viable dags retrieved from /opt/airflow/dags/dbt_build_pipeline.py
[2025-04-28T17:37:26.500+0000] {processor.py:183} INFO - Processing /opt/airflow/dags/dbt_build_pipeline.py took 0.022 seconds
[2025-04-28T17:37:29.584+0000] {processor.py:161} INFO - Started process (PID=658) to work on /opt/airflow/dags/dbt_build_pipeline.py
[2025-04-28T17:37:29.589+0000] {processor.py:830} INFO - Processing file /opt/airflow/dags/dbt_build_pipeline.py for tasks to queue
[2025-04-28T17:37:29.592+0000] {logging_mixin.py:188} INFO - [2025-04-28T17:37:29.592+0000] {dagbag.py:538} INFO - Filling up the DagBag from /opt/airflow/dags/dbt_build_pipeline.py
[2025-04-28T17:37:29.605+0000] {processor.py:842} WARNING - No viable dags retrieved from /opt/airflow/dags/dbt_build_pipeline.py
[2025-04-28T17:37:29.627+0000] {processor.py:183} INFO - Processing /opt/airflow/dags/dbt_build_pipeline.py took 0.047 seconds
[2025-04-28T17:37:31.669+0000] {processor.py:161} INFO - Started process (PID=659) to work on /opt/airflow/dags/dbt_build_pipeline.py
[2025-04-28T17:37:31.671+0000] {processor.py:830} INFO - Processing file /opt/airflow/dags/dbt_build_pipeline.py for tasks to queue
[2025-04-28T17:37:31.682+0000] {logging_mixin.py:188} INFO - [2025-04-28T17:37:31.681+0000] {dagbag.py:538} INFO - Filling up the DagBag from /opt/airflow/dags/dbt_build_pipeline.py
[2025-04-28T17:37:31.689+0000] {processor.py:842} WARNING - No viable dags retrieved from /opt/airflow/dags/dbt_build_pipeline.py
[2025-04-28T17:37:31.722+0000] {processor.py:183} INFO - Processing /opt/airflow/dags/dbt_build_pipeline.py took 0.062 seconds
[2025-04-28T17:37:37.834+0000] {processor.py:161} INFO - Started process (PID=666) to work on /opt/airflow/dags/dbt_build_pipeline.py
[2025-04-28T17:37:37.836+0000] {processor.py:830} INFO - Processing file /opt/airflow/dags/dbt_build_pipeline.py for tasks to queue
[2025-04-28T17:37:37.840+0000] {logging_mixin.py:188} INFO - [2025-04-28T17:37:37.839+0000] {dagbag.py:538} INFO - Filling up the DagBag from /opt/airflow/dags/dbt_build_pipeline.py
[2025-04-28T17:37:37.846+0000] {processor.py:842} WARNING - No viable dags retrieved from /opt/airflow/dags/dbt_build_pipeline.py
[2025-04-28T17:37:37.877+0000] {processor.py:183} INFO - Processing /opt/airflow/dags/dbt_build_pipeline.py took 0.055 seconds
[2025-04-28T17:37:42.229+0000] {processor.py:161} INFO - Started process (PID=670) to work on /opt/airflow/dags/dbt_build_pipeline.py
[2025-04-28T17:37:42.235+0000] {processor.py:830} INFO - Processing file /opt/airflow/dags/dbt_build_pipeline.py for tasks to queue
[2025-04-28T17:37:42.251+0000] {logging_mixin.py:188} INFO - [2025-04-28T17:37:42.250+0000] {dagbag.py:538} INFO - Filling up the DagBag from /opt/airflow/dags/dbt_build_pipeline.py
[2025-04-28T17:37:42.269+0000] {logging_mixin.py:188} INFO - [2025-04-28T17:37:42.267+0000] {dagbag.py:348} ERROR - Failed to import: /opt/airflow/dags/dbt_build_pipeline.py
Traceback (most recent call last):
  File "/home/airflow/.local/lib/python3.8/site-packages/airflow/models/dagbag.py", line 344, in parse
    loader.exec_module(new_module)
  File "<frozen importlib._bootstrap_external>", line 839, in exec_module
  File "<frozen importlib._bootstrap_external>", line 976, in get_code
  File "<frozen importlib._bootstrap_external>", line 906, in source_to_code
  File "<frozen importlib._bootstrap>", line 219, in _call_with_frames_removed
  File "/opt/airflow/dags/dbt_build_pipeline.py", line 17
    )
    ^
SyntaxError: invalid syntax
[2025-04-28T17:37:42.270+0000] {processor.py:842} WARNING - No viable dags retrieved from /opt/airflow/dags/dbt_build_pipeline.py
[2025-04-28T17:37:42.524+0000] {processor.py:183} INFO - Processing /opt/airflow/dags/dbt_build_pipeline.py took 0.317 seconds
[2025-04-28T17:37:55.449+0000] {processor.py:161} INFO - Started process (PID=715) to work on /opt/airflow/dags/dbt_build_pipeline.py
[2025-04-28T17:37:55.451+0000] {processor.py:830} INFO - Processing file /opt/airflow/dags/dbt_build_pipeline.py for tasks to queue
[2025-04-28T17:37:55.454+0000] {logging_mixin.py:188} INFO - [2025-04-28T17:37:55.454+0000] {dagbag.py:538} INFO - Filling up the DagBag from /opt/airflow/dags/dbt_build_pipeline.py
[2025-04-28T17:37:55.460+0000] {logging_mixin.py:188} INFO - [2025-04-28T17:37:55.459+0000] {dagbag.py:348} ERROR - Failed to import: /opt/airflow/dags/dbt_build_pipeline.py
Traceback (most recent call last):
  File "/home/airflow/.local/lib/python3.8/site-packages/airflow/models/dagbag.py", line 344, in parse
    loader.exec_module(new_module)
  File "<frozen importlib._bootstrap_external>", line 839, in exec_module
  File "<frozen importlib._bootstrap_external>", line 976, in get_code
  File "<frozen importlib._bootstrap_external>", line 906, in source_to_code
  File "<frozen importlib._bootstrap>", line 219, in _call_with_frames_removed
  File "/opt/airflow/dags/dbt_build_pipeline.py", line 17
    )
    ^
SyntaxError: invalid syntax
[2025-04-28T17:37:55.461+0000] {processor.py:842} WARNING - No viable dags retrieved from /opt/airflow/dags/dbt_build_pipeline.py
[2025-04-28T17:37:55.605+0000] {processor.py:183} INFO - Processing /opt/airflow/dags/dbt_build_pipeline.py took 0.169 seconds
[2025-04-28T17:37:58.240+0000] {processor.py:161} INFO - Started process (PID=718) to work on /opt/airflow/dags/dbt_build_pipeline.py
[2025-04-28T17:37:58.242+0000] {processor.py:830} INFO - Processing file /opt/airflow/dags/dbt_build_pipeline.py for tasks to queue
[2025-04-28T17:37:58.246+0000] {logging_mixin.py:188} INFO - [2025-04-28T17:37:58.245+0000] {dagbag.py:538} INFO - Filling up the DagBag from /opt/airflow/dags/dbt_build_pipeline.py
[2025-04-28T17:37:58.256+0000] {logging_mixin.py:188} INFO - [2025-04-28T17:37:58.255+0000] {dagbag.py:348} ERROR - Failed to import: /opt/airflow/dags/dbt_build_pipeline.py
Traceback (most recent call last):
  File "/home/airflow/.local/lib/python3.8/site-packages/airflow/models/dagbag.py", line 344, in parse
    loader.exec_module(new_module)
  File "<frozen importlib._bootstrap_external>", line 839, in exec_module
  File "<frozen importlib._bootstrap_external>", line 976, in get_code
  File "<frozen importlib._bootstrap_external>", line 906, in source_to_code
  File "<frozen importlib._bootstrap>", line 219, in _call_with_frames_removed
  File "/opt/airflow/dags/dbt_build_pipeline.py", line 17
    )
    ^
SyntaxError: invalid syntax
[2025-04-28T17:37:58.256+0000] {processor.py:842} WARNING - No viable dags retrieved from /opt/airflow/dags/dbt_build_pipeline.py
[2025-04-28T17:37:58.301+0000] {processor.py:183} INFO - Processing /opt/airflow/dags/dbt_build_pipeline.py took 0.072 seconds
[2025-04-28T17:38:00.333+0000] {processor.py:161} INFO - Started process (PID=719) to work on /opt/airflow/dags/dbt_build_pipeline.py
[2025-04-28T17:38:00.335+0000] {processor.py:830} INFO - Processing file /opt/airflow/dags/dbt_build_pipeline.py for tasks to queue
[2025-04-28T17:38:00.339+0000] {logging_mixin.py:188} INFO - [2025-04-28T17:38:00.338+0000] {dagbag.py:538} INFO - Filling up the DagBag from /opt/airflow/dags/dbt_build_pipeline.py
[2025-04-28T17:38:00.345+0000] {logging_mixin.py:188} INFO - [2025-04-28T17:38:00.344+0000] {dagbag.py:348} ERROR - Failed to import: /opt/airflow/dags/dbt_build_pipeline.py
Traceback (most recent call last):
  File "/home/airflow/.local/lib/python3.8/site-packages/airflow/models/dagbag.py", line 344, in parse
    loader.exec_module(new_module)
  File "<frozen importlib._bootstrap_external>", line 839, in exec_module
  File "<frozen importlib._bootstrap_external>", line 976, in get_code
  File "<frozen importlib._bootstrap_external>", line 906, in source_to_code
  File "<frozen importlib._bootstrap>", line 219, in _call_with_frames_removed
  File "/opt/airflow/dags/dbt_build_pipeline.py", line 18
    )
    ^
SyntaxError: invalid syntax
[2025-04-28T17:38:00.346+0000] {processor.py:842} WARNING - No viable dags retrieved from /opt/airflow/dags/dbt_build_pipeline.py
[2025-04-28T17:38:00.376+0000] {processor.py:183} INFO - Processing /opt/airflow/dags/dbt_build_pipeline.py took 0.051 seconds
[2025-04-28T17:38:03.453+0000] {processor.py:161} INFO - Started process (PID=720) to work on /opt/airflow/dags/dbt_build_pipeline.py
[2025-04-28T17:38:03.456+0000] {processor.py:830} INFO - Processing file /opt/airflow/dags/dbt_build_pipeline.py for tasks to queue
[2025-04-28T17:38:03.462+0000] {logging_mixin.py:188} INFO - [2025-04-28T17:38:03.461+0000] {dagbag.py:538} INFO - Filling up the DagBag from /opt/airflow/dags/dbt_build_pipeline.py
[2025-04-28T17:38:03.474+0000] {logging_mixin.py:188} INFO - [2025-04-28T17:38:03.473+0000] {dagbag.py:348} ERROR - Failed to import: /opt/airflow/dags/dbt_build_pipeline.py
Traceback (most recent call last):
  File "/home/airflow/.local/lib/python3.8/site-packages/airflow/models/dagbag.py", line 344, in parse
    loader.exec_module(new_module)
  File "<frozen importlib._bootstrap_external>", line 839, in exec_module
  File "<frozen importlib._bootstrap_external>", line 976, in get_code
  File "<frozen importlib._bootstrap_external>", line 906, in source_to_code
  File "<frozen importlib._bootstrap>", line 219, in _call_with_frames_removed
  File "/opt/airflow/dags/dbt_build_pipeline.py", line 19
    )
    ^
SyntaxError: invalid syntax
[2025-04-28T17:38:03.474+0000] {processor.py:842} WARNING - No viable dags retrieved from /opt/airflow/dags/dbt_build_pipeline.py
[2025-04-28T17:38:03.495+0000] {processor.py:183} INFO - Processing /opt/airflow/dags/dbt_build_pipeline.py took 0.048 seconds
[2025-04-28T17:38:06.547+0000] {processor.py:161} INFO - Started process (PID=727) to work on /opt/airflow/dags/dbt_build_pipeline.py
[2025-04-28T17:38:06.549+0000] {processor.py:830} INFO - Processing file /opt/airflow/dags/dbt_build_pipeline.py for tasks to queue
[2025-04-28T17:38:06.556+0000] {logging_mixin.py:188} INFO - [2025-04-28T17:38:06.555+0000] {dagbag.py:538} INFO - Filling up the DagBag from /opt/airflow/dags/dbt_build_pipeline.py
[2025-04-28T17:38:06.561+0000] {logging_mixin.py:188} INFO - [2025-04-28T17:38:06.560+0000] {dagbag.py:348} ERROR - Failed to import: /opt/airflow/dags/dbt_build_pipeline.py
Traceback (most recent call last):
  File "/home/airflow/.local/lib/python3.8/site-packages/airflow/models/dagbag.py", line 344, in parse
    loader.exec_module(new_module)
  File "<frozen importlib._bootstrap_external>", line 839, in exec_module
  File "<frozen importlib._bootstrap_external>", line 976, in get_code
  File "<frozen importlib._bootstrap_external>", line 906, in source_to_code
  File "<frozen importlib._bootstrap>", line 219, in _call_with_frames_removed
  File "/opt/airflow/dags/dbt_build_pipeline.py", line 20
    )
    ^
SyntaxError: invalid syntax
[2025-04-28T17:38:06.561+0000] {processor.py:842} WARNING - No viable dags retrieved from /opt/airflow/dags/dbt_build_pipeline.py
[2025-04-28T17:38:06.589+0000] {processor.py:183} INFO - Processing /opt/airflow/dags/dbt_build_pipeline.py took 0.048 seconds
[2025-04-28T17:38:09.658+0000] {processor.py:161} INFO - Started process (PID=728) to work on /opt/airflow/dags/dbt_build_pipeline.py
[2025-04-28T17:38:09.661+0000] {processor.py:830} INFO - Processing file /opt/airflow/dags/dbt_build_pipeline.py for tasks to queue
[2025-04-28T17:38:09.664+0000] {logging_mixin.py:188} INFO - [2025-04-28T17:38:09.664+0000] {dagbag.py:538} INFO - Filling up the DagBag from /opt/airflow/dags/dbt_build_pipeline.py
[2025-04-28T17:38:09.675+0000] {logging_mixin.py:188} INFO - [2025-04-28T17:38:09.673+0000] {dagbag.py:348} ERROR - Failed to import: /opt/airflow/dags/dbt_build_pipeline.py
Traceback (most recent call last):
  File "/home/airflow/.local/lib/python3.8/site-packages/airflow/models/dagbag.py", line 344, in parse
    loader.exec_module(new_module)
  File "<frozen importlib._bootstrap_external>", line 839, in exec_module
  File "<frozen importlib._bootstrap_external>", line 976, in get_code
  File "<frozen importlib._bootstrap_external>", line 906, in source_to_code
  File "<frozen importlib._bootstrap>", line 219, in _call_with_frames_removed
  File "/opt/airflow/dags/dbt_build_pipeline.py", line 21
    )
    ^
SyntaxError: invalid syntax
[2025-04-28T17:38:09.675+0000] {processor.py:842} WARNING - No viable dags retrieved from /opt/airflow/dags/dbt_build_pipeline.py
[2025-04-28T17:38:09.702+0000] {processor.py:183} INFO - Processing /opt/airflow/dags/dbt_build_pipeline.py took 0.052 seconds
[2025-04-28T17:38:19.316+0000] {processor.py:161} INFO - Started process (PID=761) to work on /opt/airflow/dags/dbt_build_pipeline.py
[2025-04-28T17:38:19.327+0000] {processor.py:830} INFO - Processing file /opt/airflow/dags/dbt_build_pipeline.py for tasks to queue
[2025-04-28T17:38:19.353+0000] {logging_mixin.py:188} INFO - [2025-04-28T17:38:19.349+0000] {dagbag.py:538} INFO - Filling up the DagBag from /opt/airflow/dags/dbt_build_pipeline.py
[2025-04-28T17:38:19.379+0000] {logging_mixin.py:188} INFO - [2025-04-28T17:38:19.377+0000] {dagbag.py:348} ERROR - Failed to import: /opt/airflow/dags/dbt_build_pipeline.py
Traceback (most recent call last):
  File "/home/airflow/.local/lib/python3.8/site-packages/airflow/models/dagbag.py", line 344, in parse
    loader.exec_module(new_module)
  File "<frozen importlib._bootstrap_external>", line 839, in exec_module
  File "<frozen importlib._bootstrap_external>", line 976, in get_code
  File "<frozen importlib._bootstrap_external>", line 906, in source_to_code
  File "<frozen importlib._bootstrap>", line 219, in _call_with_frames_removed
  File "/opt/airflow/dags/dbt_build_pipeline.py", line 21
    )
    ^
SyntaxError: invalid syntax
[2025-04-28T17:38:19.381+0000] {processor.py:842} WARNING - No viable dags retrieved from /opt/airflow/dags/dbt_build_pipeline.py
[2025-04-28T17:38:19.485+0000] {processor.py:183} INFO - Processing /opt/airflow/dags/dbt_build_pipeline.py took 0.186 seconds
[2025-04-28T17:38:21.021+0000] {processor.py:161} INFO - Started process (PID=768) to work on /opt/airflow/dags/dbt_build_pipeline.py
[2025-04-28T17:38:21.029+0000] {processor.py:830} INFO - Processing file /opt/airflow/dags/dbt_build_pipeline.py for tasks to queue
[2025-04-28T17:38:21.038+0000] {logging_mixin.py:188} INFO - [2025-04-28T17:38:21.037+0000] {dagbag.py:538} INFO - Filling up the DagBag from /opt/airflow/dags/dbt_build_pipeline.py
[2025-04-28T17:38:21.058+0000] {logging_mixin.py:188} INFO - [2025-04-28T17:38:21.053+0000] {dagbag.py:348} ERROR - Failed to import: /opt/airflow/dags/dbt_build_pipeline.py
Traceback (most recent call last):
  File "/home/airflow/.local/lib/python3.8/site-packages/airflow/models/dagbag.py", line 344, in parse
    loader.exec_module(new_module)
  File "<frozen importlib._bootstrap_external>", line 839, in exec_module
  File "<frozen importlib._bootstrap_external>", line 976, in get_code
  File "<frozen importlib._bootstrap_external>", line 906, in source_to_code
  File "<frozen importlib._bootstrap>", line 219, in _call_with_frames_removed
  File "/opt/airflow/dags/dbt_build_pipeline.py", line 21
    )
    ^
SyntaxError: invalid syntax
[2025-04-28T17:38:21.060+0000] {processor.py:842} WARNING - No viable dags retrieved from /opt/airflow/dags/dbt_build_pipeline.py
[2025-04-28T17:38:21.104+0000] {processor.py:183} INFO - Processing /opt/airflow/dags/dbt_build_pipeline.py took 0.096 seconds
[2025-04-28T17:38:23.496+0000] {processor.py:161} INFO - Started process (PID=778) to work on /opt/airflow/dags/dbt_build_pipeline.py
[2025-04-28T17:38:23.501+0000] {processor.py:830} INFO - Processing file /opt/airflow/dags/dbt_build_pipeline.py for tasks to queue
[2025-04-28T17:38:23.505+0000] {logging_mixin.py:188} INFO - [2025-04-28T17:38:23.505+0000] {dagbag.py:538} INFO - Filling up the DagBag from /opt/airflow/dags/dbt_build_pipeline.py
[2025-04-28T17:38:23.510+0000] {logging_mixin.py:188} INFO - [2025-04-28T17:38:23.510+0000] {dagbag.py:348} ERROR - Failed to import: /opt/airflow/dags/dbt_build_pipeline.py
Traceback (most recent call last):
  File "/home/airflow/.local/lib/python3.8/site-packages/airflow/models/dagbag.py", line 344, in parse
    loader.exec_module(new_module)
  File "<frozen importlib._bootstrap_external>", line 839, in exec_module
  File "<frozen importlib._bootstrap_external>", line 976, in get_code
  File "<frozen importlib._bootstrap_external>", line 906, in source_to_code
  File "<frozen importlib._bootstrap>", line 219, in _call_with_frames_removed
  File "/opt/airflow/dags/dbt_build_pipeline.py", line 21
    )
    ^
SyntaxError: invalid syntax
[2025-04-28T17:38:23.511+0000] {processor.py:842} WARNING - No viable dags retrieved from /opt/airflow/dags/dbt_build_pipeline.py
[2025-04-28T17:38:23.544+0000] {processor.py:183} INFO - Processing /opt/airflow/dags/dbt_build_pipeline.py took 0.058 seconds
[2025-04-28T17:38:25.622+0000] {processor.py:161} INFO - Started process (PID=779) to work on /opt/airflow/dags/dbt_build_pipeline.py
[2025-04-28T17:38:25.624+0000] {processor.py:830} INFO - Processing file /opt/airflow/dags/dbt_build_pipeline.py for tasks to queue
[2025-04-28T17:38:25.627+0000] {logging_mixin.py:188} INFO - [2025-04-28T17:38:25.627+0000] {dagbag.py:538} INFO - Filling up the DagBag from /opt/airflow/dags/dbt_build_pipeline.py
[2025-04-28T17:38:25.633+0000] {logging_mixin.py:188} INFO - [2025-04-28T17:38:25.632+0000] {dagbag.py:348} ERROR - Failed to import: /opt/airflow/dags/dbt_build_pipeline.py
Traceback (most recent call last):
  File "/home/airflow/.local/lib/python3.8/site-packages/airflow/models/dagbag.py", line 344, in parse
    loader.exec_module(new_module)
  File "<frozen importlib._bootstrap_external>", line 839, in exec_module
  File "<frozen importlib._bootstrap_external>", line 976, in get_code
  File "<frozen importlib._bootstrap_external>", line 906, in source_to_code
  File "<frozen importlib._bootstrap>", line 219, in _call_with_frames_removed
  File "/opt/airflow/dags/dbt_build_pipeline.py", line 20
    )
    ^
SyntaxError: invalid syntax
[2025-04-28T17:38:25.633+0000] {processor.py:842} WARNING - No viable dags retrieved from /opt/airflow/dags/dbt_build_pipeline.py
[2025-04-28T17:38:25.667+0000] {processor.py:183} INFO - Processing /opt/airflow/dags/dbt_build_pipeline.py took 0.054 seconds
[2025-04-28T17:38:30.371+0000] {processor.py:161} INFO - Started process (PID=782) to work on /opt/airflow/dags/dbt_build_pipeline.py
[2025-04-28T17:38:30.373+0000] {processor.py:830} INFO - Processing file /opt/airflow/dags/dbt_build_pipeline.py for tasks to queue
[2025-04-28T17:38:30.385+0000] {logging_mixin.py:188} INFO - [2025-04-28T17:38:30.384+0000] {dagbag.py:538} INFO - Filling up the DagBag from /opt/airflow/dags/dbt_build_pipeline.py
[2025-04-28T17:38:30.392+0000] {logging_mixin.py:188} INFO - [2025-04-28T17:38:30.391+0000] {dagbag.py:348} ERROR - Failed to import: /opt/airflow/dags/dbt_build_pipeline.py
Traceback (most recent call last):
  File "/home/airflow/.local/lib/python3.8/site-packages/airflow/models/dagbag.py", line 344, in parse
    loader.exec_module(new_module)
  File "<frozen importlib._bootstrap_external>", line 839, in exec_module
  File "<frozen importlib._bootstrap_external>", line 976, in get_code
  File "<frozen importlib._bootstrap_external>", line 906, in source_to_code
  File "<frozen importlib._bootstrap>", line 219, in _call_with_frames_removed
  File "/opt/airflow/dags/dbt_build_pipeline.py", line 21
    
    ^
SyntaxError: unexpected EOF while parsing
[2025-04-28T17:38:30.393+0000] {processor.py:842} WARNING - No viable dags retrieved from /opt/airflow/dags/dbt_build_pipeline.py
[2025-04-28T17:38:30.468+0000] {processor.py:183} INFO - Processing /opt/airflow/dags/dbt_build_pipeline.py took 0.110 seconds
[2025-04-28T17:38:40.644+0000] {processor.py:161} INFO - Started process (PID=789) to work on /opt/airflow/dags/dbt_build_pipeline.py
[2025-04-28T17:38:40.646+0000] {processor.py:830} INFO - Processing file /opt/airflow/dags/dbt_build_pipeline.py for tasks to queue
[2025-04-28T17:38:40.651+0000] {logging_mixin.py:188} INFO - [2025-04-28T17:38:40.650+0000] {dagbag.py:538} INFO - Filling up the DagBag from /opt/airflow/dags/dbt_build_pipeline.py
[2025-04-28T17:38:40.676+0000] {logging_mixin.py:188} INFO - [2025-04-28T17:38:40.675+0000] {dagbag.py:348} ERROR - Failed to import: /opt/airflow/dags/dbt_build_pipeline.py
Traceback (most recent call last):
  File "/home/airflow/.local/lib/python3.8/site-packages/airflow/models/dagbag.py", line 344, in parse
    loader.exec_module(new_module)
  File "<frozen importlib._bootstrap_external>", line 843, in exec_module
  File "<frozen importlib._bootstrap>", line 219, in _call_with_frames_removed
  File "/opt/airflow/dags/dbt_build_pipeline.py", line 22, in <module>
    dbt_
NameError: name 'dbt_' is not defined
[2025-04-28T17:38:40.677+0000] {processor.py:842} WARNING - No viable dags retrieved from /opt/airflow/dags/dbt_build_pipeline.py
[2025-04-28T17:38:40.713+0000] {processor.py:183} INFO - Processing /opt/airflow/dags/dbt_build_pipeline.py took 0.085 seconds
[2025-04-28T17:38:46.105+0000] {processor.py:161} INFO - Started process (PID=808) to work on /opt/airflow/dags/dbt_build_pipeline.py
[2025-04-28T17:38:46.107+0000] {processor.py:830} INFO - Processing file /opt/airflow/dags/dbt_build_pipeline.py for tasks to queue
[2025-04-28T17:38:46.112+0000] {logging_mixin.py:188} INFO - [2025-04-28T17:38:46.111+0000] {dagbag.py:538} INFO - Filling up the DagBag from /opt/airflow/dags/dbt_build_pipeline.py
[2025-04-28T17:38:46.118+0000] {logging_mixin.py:188} INFO - [2025-04-28T17:38:46.117+0000] {dagbag.py:348} ERROR - Failed to import: /opt/airflow/dags/dbt_build_pipeline.py
Traceback (most recent call last):
  File "/home/airflow/.local/lib/python3.8/site-packages/airflow/models/dagbag.py", line 344, in parse
    loader.exec_module(new_module)
  File "<frozen importlib._bootstrap_external>", line 839, in exec_module
  File "<frozen importlib._bootstrap_external>", line 976, in get_code
  File "<frozen importlib._bootstrap_external>", line 906, in source_to_code
  File "<frozen importlib._bootstrap>", line 219, in _call_with_frames_removed
  File "/opt/airflow/dags/dbt_build_pipeline.py", line 22
    dbt_build = BashOperator(
                            ^
SyntaxError: unexpected EOF while parsing
[2025-04-28T17:38:46.119+0000] {processor.py:842} WARNING - No viable dags retrieved from /opt/airflow/dags/dbt_build_pipeline.py
[2025-04-28T17:38:46.145+0000] {processor.py:183} INFO - Processing /opt/airflow/dags/dbt_build_pipeline.py took 0.047 seconds
[2025-04-28T17:38:48.995+0000] {processor.py:161} INFO - Started process (PID=823) to work on /opt/airflow/dags/dbt_build_pipeline.py
[2025-04-28T17:38:48.995+0000] {processor.py:830} INFO - Processing file /opt/airflow/dags/dbt_build_pipeline.py for tasks to queue
[2025-04-28T17:38:48.996+0000] {logging_mixin.py:188} INFO - [2025-04-28T17:38:48.996+0000] {dagbag.py:538} INFO - Filling up the DagBag from /opt/airflow/dags/dbt_build_pipeline.py
[2025-04-28T17:38:49.004+0000] {processor.py:840} INFO - DAG(s) 'dbt_transform_data' retrieved from /opt/airflow/dags/dbt_build_pipeline.py
[2025-04-28T17:38:49.071+0000] {logging_mixin.py:188} INFO - [2025-04-28T17:38:49.070+0000] {override.py:1769} INFO - Created Permission View: can read on DAG:dbt_transform_data
[2025-04-28T17:38:49.076+0000] {logging_mixin.py:188} INFO - [2025-04-28T17:38:49.075+0000] {override.py:1769} INFO - Created Permission View: can delete on DAG:dbt_transform_data
[2025-04-28T17:38:49.079+0000] {logging_mixin.py:188} INFO - [2025-04-28T17:38:49.078+0000] {override.py:1769} INFO - Created Permission View: can edit on DAG:dbt_transform_data
[2025-04-28T17:38:49.079+0000] {logging_mixin.py:188} INFO - [2025-04-28T17:38:49.079+0000] {dag.py:3036} INFO - Sync 1 DAGs
[2025-04-28T17:38:49.084+0000] {logging_mixin.py:188} INFO - [2025-04-28T17:38:49.084+0000] {dag.py:3058} INFO - Creating ORM DAG for dbt_transform_data
[2025-04-28T17:38:49.089+0000] {logging_mixin.py:188} INFO - [2025-04-28T17:38:49.089+0000] {dag.py:3823} INFO - Setting next_dagrun for dbt_transform_data to 2025-04-30 00:00:00+00:00, run_after=2025-05-01 00:00:00+00:00
[2025-04-28T17:38:49.099+0000] {processor.py:183} INFO - Processing /opt/airflow/dags/dbt_build_pipeline.py took 0.106 seconds
[2025-04-28T17:39:19.450+0000] {processor.py:161} INFO - Started process (PID=870) to work on /opt/airflow/dags/dbt_build_pipeline.py
[2025-04-28T17:39:19.456+0000] {processor.py:830} INFO - Processing file /opt/airflow/dags/dbt_build_pipeline.py for tasks to queue
[2025-04-28T17:39:19.463+0000] {logging_mixin.py:188} INFO - [2025-04-28T17:39:19.462+0000] {dagbag.py:538} INFO - Filling up the DagBag from /opt/airflow/dags/dbt_build_pipeline.py
[2025-04-28T17:39:19.488+0000] {processor.py:840} INFO - DAG(s) 'dbt_transform_data' retrieved from /opt/airflow/dags/dbt_build_pipeline.py
[2025-04-28T17:39:19.521+0000] {logging_mixin.py:188} INFO - [2025-04-28T17:39:19.521+0000] {dag.py:3036} INFO - Sync 1 DAGs
[2025-04-28T17:39:19.539+0000] {logging_mixin.py:188} INFO - [2025-04-28T17:39:19.538+0000] {dag.py:3823} INFO - Setting next_dagrun for dbt_transform_data to 2025-04-30 00:00:00+00:00, run_after=2025-05-01 00:00:00+00:00
[2025-04-28T17:39:19.553+0000] {processor.py:183} INFO - Processing /opt/airflow/dags/dbt_build_pipeline.py took 0.116 seconds
[2025-04-28T17:39:35.373+0000] {processor.py:161} INFO - Started process (PID=897) to work on /opt/airflow/dags/dbt_build_pipeline.py
[2025-04-28T17:39:35.379+0000] {processor.py:830} INFO - Processing file /opt/airflow/dags/dbt_build_pipeline.py for tasks to queue
[2025-04-28T17:39:35.384+0000] {logging_mixin.py:188} INFO - [2025-04-28T17:39:35.382+0000] {dagbag.py:538} INFO - Filling up the DagBag from /opt/airflow/dags/dbt_build_pipeline.py
[2025-04-28T17:39:35.413+0000] {processor.py:840} INFO - DAG(s) 'dbt_transform_data' retrieved from /opt/airflow/dags/dbt_build_pipeline.py
[2025-04-28T17:39:35.528+0000] {logging_mixin.py:188} INFO - [2025-04-28T17:39:35.528+0000] {dag.py:3036} INFO - Sync 1 DAGs
[2025-04-28T17:39:35.547+0000] {logging_mixin.py:188} INFO - [2025-04-28T17:39:35.547+0000] {dag.py:3823} INFO - Setting next_dagrun for dbt_transform_data to 2025-04-30 00:00:00+00:00, run_after=2025-05-01 00:00:00+00:00
[2025-04-28T17:39:35.566+0000] {processor.py:183} INFO - Processing /opt/airflow/dags/dbt_build_pipeline.py took 0.200 seconds
[2025-04-28T17:39:37.439+0000] {processor.py:161} INFO - Started process (PID=904) to work on /opt/airflow/dags/dbt_build_pipeline.py
[2025-04-28T17:39:37.441+0000] {processor.py:830} INFO - Processing file /opt/airflow/dags/dbt_build_pipeline.py for tasks to queue
[2025-04-28T17:39:37.452+0000] {logging_mixin.py:188} INFO - [2025-04-28T17:39:37.451+0000] {dagbag.py:538} INFO - Filling up the DagBag from /opt/airflow/dags/dbt_build_pipeline.py
[2025-04-28T17:39:37.476+0000] {processor.py:840} INFO - DAG(s) 'dbt_transform_data' retrieved from /opt/airflow/dags/dbt_build_pipeline.py
[2025-04-28T17:39:37.503+0000] {logging_mixin.py:188} INFO - [2025-04-28T17:39:37.502+0000] {dag.py:3036} INFO - Sync 1 DAGs
[2025-04-28T17:39:37.529+0000] {logging_mixin.py:188} INFO - [2025-04-28T17:39:37.529+0000] {dag.py:3823} INFO - Setting next_dagrun for dbt_transform_data to 2025-04-30 00:00:00+00:00, run_after=2025-05-01 00:00:00+00:00
[2025-04-28T17:39:37.550+0000] {processor.py:183} INFO - Processing /opt/airflow/dags/dbt_build_pipeline.py took 0.118 seconds
[2025-04-28T17:39:44.624+0000] {processor.py:161} INFO - Started process (PID=917) to work on /opt/airflow/dags/dbt_build_pipeline.py
[2025-04-28T17:39:44.625+0000] {processor.py:830} INFO - Processing file /opt/airflow/dags/dbt_build_pipeline.py for tasks to queue
[2025-04-28T17:39:44.626+0000] {logging_mixin.py:188} INFO - [2025-04-28T17:39:44.626+0000] {dagbag.py:538} INFO - Filling up the DagBag from /opt/airflow/dags/dbt_build_pipeline.py
[2025-04-28T17:39:44.637+0000] {processor.py:840} INFO - DAG(s) 'dbt_transform_data' retrieved from /opt/airflow/dags/dbt_build_pipeline.py
[2025-04-28T17:39:44.647+0000] {logging_mixin.py:188} INFO - [2025-04-28T17:39:44.647+0000] {dag.py:3036} INFO - Sync 1 DAGs
[2025-04-28T17:39:44.659+0000] {logging_mixin.py:188} INFO - [2025-04-28T17:39:44.659+0000] {dag.py:3823} INFO - Setting next_dagrun for dbt_transform_data to 2025-04-30 00:00:00+00:00, run_after=2025-05-01 00:00:00+00:00
[2025-04-28T17:39:44.668+0000] {processor.py:183} INFO - Processing /opt/airflow/dags/dbt_build_pipeline.py took 0.049 seconds
[2025-04-28T17:39:52.820+0000] {processor.py:161} INFO - Started process (PID=944) to work on /opt/airflow/dags/dbt_build_pipeline.py
[2025-04-28T17:39:52.822+0000] {processor.py:830} INFO - Processing file /opt/airflow/dags/dbt_build_pipeline.py for tasks to queue
[2025-04-28T17:39:52.826+0000] {logging_mixin.py:188} INFO - [2025-04-28T17:39:52.826+0000] {dagbag.py:538} INFO - Filling up the DagBag from /opt/airflow/dags/dbt_build_pipeline.py
[2025-04-28T17:39:52.858+0000] {processor.py:840} INFO - DAG(s) 'dbt_transform_data' retrieved from /opt/airflow/dags/dbt_build_pipeline.py
[2025-04-28T17:39:52.871+0000] {logging_mixin.py:188} INFO - [2025-04-28T17:39:52.870+0000] {dag.py:3036} INFO - Sync 1 DAGs
[2025-04-28T17:39:52.895+0000] {logging_mixin.py:188} INFO - [2025-04-28T17:39:52.895+0000] {dag.py:3823} INFO - Setting next_dagrun for dbt_transform_data to 2025-04-30 00:00:00+00:00, run_after=2025-05-01 00:00:00+00:00
[2025-04-28T17:39:52.915+0000] {processor.py:183} INFO - Processing /opt/airflow/dags/dbt_build_pipeline.py took 0.110 seconds
[2025-04-28T17:39:58.526+0000] {processor.py:161} INFO - Started process (PID=954) to work on /opt/airflow/dags/dbt_build_pipeline.py
[2025-04-28T17:39:58.528+0000] {processor.py:830} INFO - Processing file /opt/airflow/dags/dbt_build_pipeline.py for tasks to queue
[2025-04-28T17:39:58.532+0000] {logging_mixin.py:188} INFO - [2025-04-28T17:39:58.531+0000] {dagbag.py:538} INFO - Filling up the DagBag from /opt/airflow/dags/dbt_build_pipeline.py
[2025-04-28T17:39:58.572+0000] {processor.py:840} INFO - DAG(s) 'dbt_transform_data' retrieved from /opt/airflow/dags/dbt_build_pipeline.py
[2025-04-28T17:39:58.585+0000] {logging_mixin.py:188} INFO - [2025-04-28T17:39:58.584+0000] {dag.py:3036} INFO - Sync 1 DAGs
[2025-04-28T17:39:58.606+0000] {logging_mixin.py:188} INFO - [2025-04-28T17:39:58.606+0000] {dag.py:3823} INFO - Setting next_dagrun for dbt_transform_data to 2025-04-30 00:00:00+00:00, run_after=2025-05-01 00:00:00+00:00
[2025-04-28T17:39:58.620+0000] {processor.py:183} INFO - Processing /opt/airflow/dags/dbt_build_pipeline.py took 0.105 seconds
[2025-04-28T17:40:12.329+0000] {processor.py:161} INFO - Started process (PID=963) to work on /opt/airflow/dags/dbt_build_pipeline.py
[2025-04-28T17:40:12.337+0000] {processor.py:830} INFO - Processing file /opt/airflow/dags/dbt_build_pipeline.py for tasks to queue
[2025-04-28T17:40:12.343+0000] {logging_mixin.py:188} INFO - [2025-04-28T17:40:12.342+0000] {dagbag.py:538} INFO - Filling up the DagBag from /opt/airflow/dags/dbt_build_pipeline.py
[2025-04-28T17:40:12.392+0000] {processor.py:840} INFO - DAG(s) 'dbt_transform_data' retrieved from /opt/airflow/dags/dbt_build_pipeline.py
[2025-04-28T17:40:12.631+0000] {logging_mixin.py:188} INFO - [2025-04-28T17:40:12.631+0000] {dag.py:3036} INFO - Sync 1 DAGs
[2025-04-28T17:40:12.647+0000] {logging_mixin.py:188} INFO - [2025-04-28T17:40:12.647+0000] {dag.py:3823} INFO - Setting next_dagrun for dbt_transform_data to 2025-04-30 00:00:00+00:00, run_after=2025-05-01 00:00:00+00:00
[2025-04-28T17:40:12.667+0000] {processor.py:183} INFO - Processing /opt/airflow/dags/dbt_build_pipeline.py took 0.356 seconds
[2025-04-28T17:40:13.455+0000] {processor.py:161} INFO - Started process (PID=966) to work on /opt/airflow/dags/dbt_build_pipeline.py
[2025-04-28T17:40:13.457+0000] {processor.py:830} INFO - Processing file /opt/airflow/dags/dbt_build_pipeline.py for tasks to queue
[2025-04-28T17:40:13.460+0000] {logging_mixin.py:188} INFO - [2025-04-28T17:40:13.460+0000] {dagbag.py:538} INFO - Filling up the DagBag from /opt/airflow/dags/dbt_build_pipeline.py
[2025-04-28T17:40:13.468+0000] {logging_mixin.py:188} INFO - [2025-04-28T17:40:13.467+0000] {dagbag.py:348} ERROR - Failed to import: /opt/airflow/dags/dbt_build_pipeline.py
Traceback (most recent call last):
  File "/home/airflow/.local/lib/python3.8/site-packages/airflow/models/dagbag.py", line 344, in parse
    loader.exec_module(new_module)
  File "<frozen importlib._bootstrap_external>", line 839, in exec_module
  File "<frozen importlib._bootstrap_external>", line 976, in get_code
  File "<frozen importlib._bootstrap_external>", line 906, in source_to_code
  File "<frozen importlib._bootstrap>", line 219, in _call_with_frames_removed
  File "/opt/airflow/dags/dbt_build_pipeline.py", line 24
    bash_command = 'cd /dbt/fsoft_mavenfuzzyfactory && dbt build'',
                                                                  ^
SyntaxError: EOL while scanning string literal
[2025-04-28T17:40:13.469+0000] {processor.py:842} WARNING - No viable dags retrieved from /opt/airflow/dags/dbt_build_pipeline.py
[2025-04-28T17:40:13.494+0000] {processor.py:183} INFO - Processing /opt/airflow/dags/dbt_build_pipeline.py took 0.048 seconds
[2025-04-28T17:40:15.170+0000] {processor.py:161} INFO - Started process (PID=977) to work on /opt/airflow/dags/dbt_build_pipeline.py
[2025-04-28T17:40:15.171+0000] {processor.py:830} INFO - Processing file /opt/airflow/dags/dbt_build_pipeline.py for tasks to queue
[2025-04-28T17:40:15.171+0000] {logging_mixin.py:188} INFO - [2025-04-28T17:40:15.171+0000] {dagbag.py:538} INFO - Filling up the DagBag from /opt/airflow/dags/dbt_build_pipeline.py
[2025-04-28T17:40:15.177+0000] {processor.py:840} INFO - DAG(s) 'dbt_transform_data' retrieved from /opt/airflow/dags/dbt_build_pipeline.py
[2025-04-28T17:40:15.185+0000] {logging_mixin.py:188} INFO - [2025-04-28T17:40:15.185+0000] {dag.py:3036} INFO - Sync 1 DAGs
[2025-04-28T17:40:15.199+0000] {logging_mixin.py:188} INFO - [2025-04-28T17:40:15.199+0000] {dag.py:3823} INFO - Setting next_dagrun for dbt_transform_data to 2025-04-30 00:00:00+00:00, run_after=2025-05-01 00:00:00+00:00
[2025-04-28T17:40:15.210+0000] {processor.py:183} INFO - Processing /opt/airflow/dags/dbt_build_pipeline.py took 0.042 seconds
[2025-04-28T17:40:23.811+0000] {processor.py:161} INFO - Started process (PID=1004) to work on /opt/airflow/dags/dbt_build_pipeline.py
[2025-04-28T17:40:23.818+0000] {processor.py:830} INFO - Processing file /opt/airflow/dags/dbt_build_pipeline.py for tasks to queue
[2025-04-28T17:40:23.822+0000] {logging_mixin.py:188} INFO - [2025-04-28T17:40:23.821+0000] {dagbag.py:538} INFO - Filling up the DagBag from /opt/airflow/dags/dbt_build_pipeline.py
[2025-04-28T17:40:23.890+0000] {processor.py:840} INFO - DAG(s) 'dbt_transform_data' retrieved from /opt/airflow/dags/dbt_build_pipeline.py
[2025-04-28T17:40:23.929+0000] {logging_mixin.py:188} INFO - [2025-04-28T17:40:23.928+0000] {dag.py:3036} INFO - Sync 1 DAGs
[2025-04-28T17:40:23.992+0000] {logging_mixin.py:188} INFO - [2025-04-28T17:40:23.992+0000] {dag.py:3823} INFO - Setting next_dagrun for dbt_transform_data to 2025-04-30 00:00:00+00:00, run_after=2025-05-01 00:00:00+00:00
[2025-04-28T17:40:24.042+0000] {processor.py:183} INFO - Processing /opt/airflow/dags/dbt_build_pipeline.py took 0.245 seconds
[2025-04-28T17:40:26.631+0000] {processor.py:161} INFO - Started process (PID=1014) to work on /opt/airflow/dags/dbt_build_pipeline.py
[2025-04-28T17:40:26.634+0000] {processor.py:830} INFO - Processing file /opt/airflow/dags/dbt_build_pipeline.py for tasks to queue
[2025-04-28T17:40:26.639+0000] {logging_mixin.py:188} INFO - [2025-04-28T17:40:26.639+0000] {dagbag.py:538} INFO - Filling up the DagBag from /opt/airflow/dags/dbt_build_pipeline.py
[2025-04-28T17:40:26.660+0000] {processor.py:840} INFO - DAG(s) 'dbt_transform_data' retrieved from /opt/airflow/dags/dbt_build_pipeline.py
[2025-04-28T17:40:26.691+0000] {logging_mixin.py:188} INFO - [2025-04-28T17:40:26.691+0000] {dag.py:3036} INFO - Sync 1 DAGs
[2025-04-28T17:40:26.721+0000] {logging_mixin.py:188} INFO - [2025-04-28T17:40:26.721+0000] {dag.py:3823} INFO - Setting next_dagrun for dbt_transform_data to 2025-04-30 00:00:00+00:00, run_after=2025-05-01 00:00:00+00:00
[2025-04-28T17:40:26.740+0000] {processor.py:183} INFO - Processing /opt/airflow/dags/dbt_build_pipeline.py took 0.116 seconds
[2025-04-28T17:40:29.724+0000] {processor.py:161} INFO - Started process (PID=1015) to work on /opt/airflow/dags/dbt_build_pipeline.py
[2025-04-28T17:40:29.726+0000] {processor.py:830} INFO - Processing file /opt/airflow/dags/dbt_build_pipeline.py for tasks to queue
[2025-04-28T17:40:29.735+0000] {logging_mixin.py:188} INFO - [2025-04-28T17:40:29.734+0000] {dagbag.py:538} INFO - Filling up the DagBag from /opt/airflow/dags/dbt_build_pipeline.py
[2025-04-28T17:40:29.768+0000] {processor.py:840} INFO - DAG(s) 'dbt_transform_data' retrieved from /opt/airflow/dags/dbt_build_pipeline.py
[2025-04-28T17:40:29.786+0000] {logging_mixin.py:188} INFO - [2025-04-28T17:40:29.786+0000] {dag.py:3036} INFO - Sync 1 DAGs
[2025-04-28T17:40:29.806+0000] {logging_mixin.py:188} INFO - [2025-04-28T17:40:29.806+0000] {dag.py:3823} INFO - Setting next_dagrun for dbt_transform_data to 2025-04-30 00:00:00+00:00, run_after=2025-05-01 00:00:00+00:00
[2025-04-28T17:40:29.818+0000] {processor.py:183} INFO - Processing /opt/airflow/dags/dbt_build_pipeline.py took 0.105 seconds
[2025-04-28T17:40:40.414+0000] {processor.py:161} INFO - Started process (PID=1024) to work on /opt/airflow/dags/dbt_build_pipeline.py
[2025-04-28T17:40:40.417+0000] {processor.py:830} INFO - Processing file /opt/airflow/dags/dbt_build_pipeline.py for tasks to queue
[2025-04-28T17:40:40.421+0000] {logging_mixin.py:188} INFO - [2025-04-28T17:40:40.421+0000] {dagbag.py:538} INFO - Filling up the DagBag from /opt/airflow/dags/dbt_build_pipeline.py
[2025-04-28T17:40:40.444+0000] {processor.py:840} INFO - DAG(s) 'dbt_transform_data' retrieved from /opt/airflow/dags/dbt_build_pipeline.py
[2025-04-28T17:40:40.459+0000] {logging_mixin.py:188} INFO - [2025-04-28T17:40:40.459+0000] {dag.py:3036} INFO - Sync 1 DAGs
[2025-04-28T17:40:40.494+0000] {logging_mixin.py:188} INFO - [2025-04-28T17:40:40.494+0000] {dag.py:3823} INFO - Setting next_dagrun for dbt_transform_data to 2025-04-30 00:00:00+00:00, run_after=2025-05-01 00:00:00+00:00
[2025-04-28T17:40:40.510+0000] {processor.py:183} INFO - Processing /opt/airflow/dags/dbt_build_pipeline.py took 0.107 seconds
[2025-04-28T17:41:10.862+0000] {processor.py:161} INFO - Started process (PID=1080) to work on /opt/airflow/dags/dbt_build_pipeline.py
[2025-04-28T17:41:10.869+0000] {processor.py:830} INFO - Processing file /opt/airflow/dags/dbt_build_pipeline.py for tasks to queue
[2025-04-28T17:41:10.875+0000] {logging_mixin.py:188} INFO - [2025-04-28T17:41:10.874+0000] {dagbag.py:538} INFO - Filling up the DagBag from /opt/airflow/dags/dbt_build_pipeline.py
[2025-04-28T17:41:10.894+0000] {processor.py:840} INFO - DAG(s) 'dbt_transform_data' retrieved from /opt/airflow/dags/dbt_build_pipeline.py
[2025-04-28T17:41:10.931+0000] {logging_mixin.py:188} INFO - [2025-04-28T17:41:10.930+0000] {dag.py:3036} INFO - Sync 1 DAGs
[2025-04-28T17:41:10.954+0000] {logging_mixin.py:188} INFO - [2025-04-28T17:41:10.954+0000] {dag.py:3823} INFO - Setting next_dagrun for dbt_transform_data to 2025-04-30 00:00:00+00:00, run_after=2025-05-01 00:00:00+00:00
[2025-04-28T17:41:10.967+0000] {processor.py:183} INFO - Processing /opt/airflow/dags/dbt_build_pipeline.py took 0.110 seconds
[2025-04-28T17:42:50.656+0000] {processor.py:161} INFO - Started process (PID=59) to work on /opt/airflow/dags/dbt_build_pipeline.py
[2025-04-28T17:42:50.660+0000] {processor.py:830} INFO - Processing file /opt/airflow/dags/dbt_build_pipeline.py for tasks to queue
[2025-04-28T17:42:50.671+0000] {logging_mixin.py:188} INFO - [2025-04-28T17:42:50.670+0000] {dagbag.py:538} INFO - Filling up the DagBag from /opt/airflow/dags/dbt_build_pipeline.py
[2025-04-28T17:42:50.722+0000] {processor.py:840} INFO - DAG(s) 'dbt_transform_data' retrieved from /opt/airflow/dags/dbt_build_pipeline.py
[2025-04-28T17:42:51.355+0000] {logging_mixin.py:188} INFO - [2025-04-28T17:42:51.355+0000] {dag.py:3036} INFO - Sync 1 DAGs
[2025-04-28T17:42:51.386+0000] {logging_mixin.py:188} INFO - [2025-04-28T17:42:51.385+0000] {dag.py:3823} INFO - Setting next_dagrun for dbt_transform_data to 2025-04-30 00:00:00+00:00, run_after=2025-05-01 00:00:00+00:00
[2025-04-28T17:42:51.407+0000] {processor.py:183} INFO - Processing /opt/airflow/dags/dbt_build_pipeline.py took 0.775 seconds
[2025-04-28T17:43:21.456+0000] {processor.py:161} INFO - Started process (PID=117) to work on /opt/airflow/dags/dbt_build_pipeline.py
[2025-04-28T17:43:21.457+0000] {processor.py:830} INFO - Processing file /opt/airflow/dags/dbt_build_pipeline.py for tasks to queue
[2025-04-28T17:43:21.458+0000] {logging_mixin.py:188} INFO - [2025-04-28T17:43:21.458+0000] {dagbag.py:538} INFO - Filling up the DagBag from /opt/airflow/dags/dbt_build_pipeline.py
[2025-04-28T17:43:21.463+0000] {processor.py:840} INFO - DAG(s) 'dbt_transform_data' retrieved from /opt/airflow/dags/dbt_build_pipeline.py
[2025-04-28T17:43:21.473+0000] {logging_mixin.py:188} INFO - [2025-04-28T17:43:21.473+0000] {dag.py:3036} INFO - Sync 1 DAGs
[2025-04-28T17:43:21.488+0000] {logging_mixin.py:188} INFO - [2025-04-28T17:43:21.488+0000] {dag.py:3823} INFO - Setting next_dagrun for dbt_transform_data to 2025-04-30 00:00:00+00:00, run_after=2025-05-01 00:00:00+00:00
[2025-04-28T17:43:21.499+0000] {processor.py:183} INFO - Processing /opt/airflow/dags/dbt_build_pipeline.py took 0.047 seconds
[2025-04-28T17:43:51.604+0000] {processor.py:161} INFO - Started process (PID=171) to work on /opt/airflow/dags/dbt_build_pipeline.py
[2025-04-28T17:43:51.606+0000] {processor.py:830} INFO - Processing file /opt/airflow/dags/dbt_build_pipeline.py for tasks to queue
[2025-04-28T17:43:51.613+0000] {logging_mixin.py:188} INFO - [2025-04-28T17:43:51.612+0000] {dagbag.py:538} INFO - Filling up the DagBag from /opt/airflow/dags/dbt_build_pipeline.py
[2025-04-28T17:43:51.632+0000] {processor.py:840} INFO - DAG(s) 'dbt_transform_data' retrieved from /opt/airflow/dags/dbt_build_pipeline.py
[2025-04-28T17:43:51.679+0000] {logging_mixin.py:188} INFO - [2025-04-28T17:43:51.679+0000] {dag.py:3036} INFO - Sync 1 DAGs
[2025-04-28T17:43:51.721+0000] {logging_mixin.py:188} INFO - [2025-04-28T17:43:51.720+0000] {dag.py:3823} INFO - Setting next_dagrun for dbt_transform_data to 2025-04-30 00:00:00+00:00, run_after=2025-05-01 00:00:00+00:00
[2025-04-28T17:43:51.745+0000] {processor.py:183} INFO - Processing /opt/airflow/dags/dbt_build_pipeline.py took 0.147 seconds
[2025-04-28T17:44:21.943+0000] {processor.py:161} INFO - Started process (PID=227) to work on /opt/airflow/dags/dbt_build_pipeline.py
[2025-04-28T17:44:21.945+0000] {processor.py:830} INFO - Processing file /opt/airflow/dags/dbt_build_pipeline.py for tasks to queue
[2025-04-28T17:44:21.963+0000] {logging_mixin.py:188} INFO - [2025-04-28T17:44:21.960+0000] {dagbag.py:538} INFO - Filling up the DagBag from /opt/airflow/dags/dbt_build_pipeline.py
[2025-04-28T17:44:21.978+0000] {processor.py:840} INFO - DAG(s) 'dbt_transform_data' retrieved from /opt/airflow/dags/dbt_build_pipeline.py
[2025-04-28T17:44:22.014+0000] {logging_mixin.py:188} INFO - [2025-04-28T17:44:22.014+0000] {dag.py:3036} INFO - Sync 1 DAGs
[2025-04-28T17:44:22.041+0000] {logging_mixin.py:188} INFO - [2025-04-28T17:44:22.041+0000] {dag.py:3823} INFO - Setting next_dagrun for dbt_transform_data to 2025-04-30 00:00:00+00:00, run_after=2025-05-01 00:00:00+00:00
[2025-04-28T17:44:22.063+0000] {processor.py:183} INFO - Processing /opt/airflow/dags/dbt_build_pipeline.py took 0.128 seconds
[2025-04-28T17:44:52.413+0000] {processor.py:161} INFO - Started process (PID=283) to work on /opt/airflow/dags/dbt_build_pipeline.py
[2025-04-28T17:44:52.414+0000] {processor.py:830} INFO - Processing file /opt/airflow/dags/dbt_build_pipeline.py for tasks to queue
[2025-04-28T17:44:52.418+0000] {logging_mixin.py:188} INFO - [2025-04-28T17:44:52.417+0000] {dagbag.py:538} INFO - Filling up the DagBag from /opt/airflow/dags/dbt_build_pipeline.py
[2025-04-28T17:44:52.443+0000] {processor.py:840} INFO - DAG(s) 'dbt_transform_data' retrieved from /opt/airflow/dags/dbt_build_pipeline.py
[2025-04-28T17:44:52.474+0000] {logging_mixin.py:188} INFO - [2025-04-28T17:44:52.474+0000] {dag.py:3036} INFO - Sync 1 DAGs
[2025-04-28T17:44:52.498+0000] {logging_mixin.py:188} INFO - [2025-04-28T17:44:52.498+0000] {dag.py:3823} INFO - Setting next_dagrun for dbt_transform_data to 2025-04-30 00:00:00+00:00, run_after=2025-05-01 00:00:00+00:00
[2025-04-28T17:44:52.518+0000] {processor.py:183} INFO - Processing /opt/airflow/dags/dbt_build_pipeline.py took 0.112 seconds
[2025-04-28T17:45:23.261+0000] {processor.py:161} INFO - Started process (PID=339) to work on /opt/airflow/dags/dbt_build_pipeline.py
[2025-04-28T17:45:23.283+0000] {processor.py:830} INFO - Processing file /opt/airflow/dags/dbt_build_pipeline.py for tasks to queue
[2025-04-28T17:45:23.299+0000] {logging_mixin.py:188} INFO - [2025-04-28T17:45:23.299+0000] {dagbag.py:538} INFO - Filling up the DagBag from /opt/airflow/dags/dbt_build_pipeline.py
[2025-04-28T17:45:23.339+0000] {processor.py:840} INFO - DAG(s) 'dbt_transform_data' retrieved from /opt/airflow/dags/dbt_build_pipeline.py
[2025-04-28T17:45:23.389+0000] {logging_mixin.py:188} INFO - [2025-04-28T17:45:23.389+0000] {dag.py:3036} INFO - Sync 1 DAGs
[2025-04-28T17:45:23.442+0000] {logging_mixin.py:188} INFO - [2025-04-28T17:45:23.442+0000] {dag.py:3823} INFO - Setting next_dagrun for dbt_transform_data to 2025-04-30 00:00:00+00:00, run_after=2025-05-01 00:00:00+00:00
[2025-04-28T17:45:23.468+0000] {processor.py:183} INFO - Processing /opt/airflow/dags/dbt_build_pipeline.py took 0.259 seconds
[2025-04-28T17:45:53.800+0000] {processor.py:161} INFO - Started process (PID=395) to work on /opt/airflow/dags/dbt_build_pipeline.py
[2025-04-28T17:45:53.803+0000] {processor.py:830} INFO - Processing file /opt/airflow/dags/dbt_build_pipeline.py for tasks to queue
[2025-04-28T17:45:53.809+0000] {logging_mixin.py:188} INFO - [2025-04-28T17:45:53.809+0000] {dagbag.py:538} INFO - Filling up the DagBag from /opt/airflow/dags/dbt_build_pipeline.py
[2025-04-28T17:45:53.827+0000] {processor.py:840} INFO - DAG(s) 'dbt_transform_data' retrieved from /opt/airflow/dags/dbt_build_pipeline.py
[2025-04-28T17:45:53.870+0000] {logging_mixin.py:188} INFO - [2025-04-28T17:45:53.870+0000] {dag.py:3036} INFO - Sync 1 DAGs
[2025-04-28T17:45:53.901+0000] {logging_mixin.py:188} INFO - [2025-04-28T17:45:53.901+0000] {dag.py:3823} INFO - Setting next_dagrun for dbt_transform_data to 2025-04-30 00:00:00+00:00, run_after=2025-05-01 00:00:00+00:00
[2025-04-28T17:45:53.919+0000] {processor.py:183} INFO - Processing /opt/airflow/dags/dbt_build_pipeline.py took 0.133 seconds
[2025-04-28T17:46:24.496+0000] {processor.py:161} INFO - Started process (PID=451) to work on /opt/airflow/dags/dbt_build_pipeline.py
[2025-04-28T17:46:24.500+0000] {processor.py:830} INFO - Processing file /opt/airflow/dags/dbt_build_pipeline.py for tasks to queue
[2025-04-28T17:46:24.505+0000] {logging_mixin.py:188} INFO - [2025-04-28T17:46:24.505+0000] {dagbag.py:538} INFO - Filling up the DagBag from /opt/airflow/dags/dbt_build_pipeline.py
[2025-04-28T17:46:24.534+0000] {processor.py:840} INFO - DAG(s) 'dbt_transform_data' retrieved from /opt/airflow/dags/dbt_build_pipeline.py
[2025-04-28T17:46:24.579+0000] {logging_mixin.py:188} INFO - [2025-04-28T17:46:24.579+0000] {dag.py:3036} INFO - Sync 1 DAGs
[2025-04-28T17:46:24.603+0000] {logging_mixin.py:188} INFO - [2025-04-28T17:46:24.603+0000] {dag.py:3823} INFO - Setting next_dagrun for dbt_transform_data to 2025-04-30 00:00:00+00:00, run_after=2025-05-01 00:00:00+00:00
[2025-04-28T17:46:24.636+0000] {processor.py:183} INFO - Processing /opt/airflow/dags/dbt_build_pipeline.py took 0.153 seconds
