[0m22:33:20.435570 [debug] [MainThread]: Sending event: {'category': 'dbt', 'action': 'invocation', 'label': 'start', 'context': [<snowplow_tracker.self_describing_json.SelfDescribingJson object at 0x104485940>, <snowplow_tracker.self_describing_json.SelfDescribingJson object at 0x1078abc50>, <snowplow_tracker.self_describing_json.SelfDescribingJson object at 0x1078abed0>]}


============================== 22:33:20.438692 | 56f60f8a-158d-46e0-900d-2ed58894ff39 ==============================
[0m22:33:20.438692 [info ] [MainThread]: Running with dbt=1.9.4
[0m22:33:20.439044 [debug] [MainThread]: running dbt with arguments {'printer_width': '80', 'indirect_selection': 'eager', 'log_cache_events': 'False', 'write_json': 'True', 'partial_parse': 'True', 'cache_selected_only': 'False', 'profiles_dir': '/Users/Nectar/.dbt', 'debug': 'False', 'warn_error': 'None', 'log_path': 'logs', 'fail_fast': 'False', 'version_check': 'True', 'use_colors': 'True', 'use_experimental_parser': 'False', 'empty': 'None', 'quiet': 'False', 'no_print': 'None', 'log_format': 'default', 'invocation_command': 'dbt init fsoft_mavenfuzzyfactory', 'warn_error_options': 'WarnErrorOptions(include=[], exclude=[])', 'introspect': 'True', 'target_path': 'None', 'static_parser': 'True', 'send_anonymous_usage_stats': 'True'}
[0m22:33:20.449669 [debug] [MainThread]: Starter project path: /Users/Nectar/Documents/DE_Proj/sumit/lib/python3.13/site-packages/dbt/include/starter_project
[0m22:33:20.454040 [info ] [MainThread]: 
Your new dbt project "fsoft_mavenfuzzyfactory" was created!

For more information on how to configure the profiles.yml file,
please consult the dbt documentation here:

  https://docs.getdbt.com/docs/configure-your-profile

One more thing:

Need help? Don't hesitate to reach out to us via GitHub issues or on Slack:

  https://community.getdbt.com/

Happy modeling!

[0m22:33:20.454283 [info ] [MainThread]: Setting up your profile.
[0m22:35:56.750558 [info ] [MainThread]: Profile fsoft_mavenfuzzyfactory written to /Users/Nectar/.dbt/profiles.yml using target's profile_template.yml and your supplied values. Run 'dbt debug' to validate the connection.
[0m22:35:56.780623 [debug] [MainThread]: Resource report: {"command_name": "init", "command_success": true, "command_wall_clock_time": 156.39108, "process_in_blocks": "0", "process_kernel_time": 0.192723, "process_mem_max_rss": "98025472", "process_out_blocks": "0", "process_user_time": 0.686221}
[0m22:35:56.781375 [debug] [MainThread]: Command `dbt init` succeeded at 22:35:56.781196 after 156.39 seconds
[0m22:35:56.782682 [debug] [MainThread]: Sending event: {'category': 'dbt', 'action': 'invocation', 'label': 'end', 'context': [<snowplow_tracker.self_describing_json.SelfDescribingJson object at 0x10798a9e0>, <snowplow_tracker.self_describing_json.SelfDescribingJson object at 0x1069b5a30>, <snowplow_tracker.self_describing_json.SelfDescribingJson object at 0x1079d05a0>]}
[0m22:35:56.783500 [debug] [MainThread]: Flushing usage events
[0m22:35:57.999410 [debug] [MainThread]: An error was encountered while trying to flush usage events
[0m22:36:03.596750 [debug] [MainThread]: Sending event: {'category': 'dbt', 'action': 'invocation', 'label': 'start', 'context': [<snowplow_tracker.self_describing_json.SelfDescribingJson object at 0x105f59940>, <snowplow_tracker.self_describing_json.SelfDescribingJson object at 0x106c9fc50>, <snowplow_tracker.self_describing_json.SelfDescribingJson object at 0x106c9fed0>]}


============================== 22:36:03.600129 | e9ecfa77-4244-49dd-ac13-4a75bcfb3e8d ==============================
[0m22:36:03.600129 [info ] [MainThread]: Running with dbt=1.9.4
[0m22:36:03.600457 [debug] [MainThread]: running dbt with arguments {'printer_width': '80', 'indirect_selection': 'eager', 'write_json': 'True', 'log_cache_events': 'False', 'partial_parse': 'True', 'cache_selected_only': 'False', 'profiles_dir': '/Users/Nectar/.dbt', 'version_check': 'True', 'debug': 'False', 'log_path': 'logs', 'warn_error': 'None', 'fail_fast': 'False', 'use_colors': 'True', 'use_experimental_parser': 'False', 'no_print': 'None', 'quiet': 'False', 'empty': 'None', 'log_format': 'default', 'invocation_command': 'dbt debug', 'warn_error_options': 'WarnErrorOptions(include=[], exclude=[])', 'static_parser': 'True', 'target_path': 'None', 'introspect': 'True', 'send_anonymous_usage_stats': 'True'}
[0m22:36:03.610835 [info ] [MainThread]: dbt version: 1.9.4
[0m22:36:03.611074 [info ] [MainThread]: python version: 3.13.3
[0m22:36:03.611229 [info ] [MainThread]: python path: /Users/Nectar/Documents/DE_Proj/sumit/bin/python3.13
[0m22:36:03.611370 [info ] [MainThread]: os info: macOS-15.3.2-arm64-arm-64bit-Mach-O
[0m22:36:03.654744 [info ] [MainThread]: Using profiles dir at /Users/Nectar/.dbt
[0m22:36:03.655010 [info ] [MainThread]: Using profiles.yml file at /Users/Nectar/.dbt/profiles.yml
[0m22:36:03.655167 [info ] [MainThread]: Using dbt_project.yml file at /Users/Nectar/Documents/DE_Proj/sumit/dbt/dbt_project.yml
[0m22:36:03.655539 [info ] [MainThread]: adapter type: postgres
[0m22:36:03.655689 [info ] [MainThread]: adapter version: 1.9.0
[0m22:36:03.655830 [info ] [MainThread]: Configuration:
[0m22:36:03.655956 [info ] [MainThread]:   profiles.yml file [[32mOK found and valid[0m]
[0m22:36:03.656076 [info ] [MainThread]:   dbt_project.yml file [[31mERROR not found[0m]
[0m22:36:03.656197 [info ] [MainThread]: Required dependencies:
[0m22:36:03.656350 [debug] [MainThread]: Executing "git --help"
[0m22:36:04.370659 [debug] [MainThread]: STDOUT: "b"usage: git [--version] [--help] [-C <path>] [-c <name>=<value>]\n           [--exec-path[=<path>]] [--html-path] [--man-path] [--info-path]\n           [-p | --paginate | -P | --no-pager] [--no-replace-objects] [--bare]\n           [--git-dir=<path>] [--work-tree=<path>] [--namespace=<name>]\n           [--super-prefix=<path>] [--config-env=<name>=<envvar>]\n           <command> [<args>]\n\nThese are common Git commands used in various situations:\n\nstart a working area (see also: git help tutorial)\n   clone             Clone a repository into a new directory\n   init              Create an empty Git repository or reinitialize an existing one\n\nwork on the current change (see also: git help everyday)\n   add               Add file contents to the index\n   mv                Move or rename a file, a directory, or a symlink\n   restore           Restore working tree files\n   rm                Remove files from the working tree and from the index\n   sparse-checkout   Initialize and modify the sparse-checkout\n\nexamine the history and state (see also: git help revisions)\n   bisect            Use binary search to find the commit that introduced a bug\n   diff              Show changes between commits, commit and working tree, etc\n   grep              Print lines matching a pattern\n   log               Show commit logs\n   show              Show various types of objects\n   status            Show the working tree status\n\ngrow, mark and tweak your common history\n   branch            List, create, or delete branches\n   commit            Record changes to the repository\n   merge             Join two or more development histories together\n   rebase            Reapply commits on top of another base tip\n   reset             Reset current HEAD to the specified state\n   switch            Switch branches\n   tag               Create, list, delete or verify a tag object signed with GPG\n\ncollaborate (see also: git help workflows)\n   fetch             Download objects and refs from another repository\n   pull              Fetch from and integrate with another repository or a local branch\n   push              Update remote refs along with associated objects\n\n'git help -a' and 'git help -g' list available subcommands and some\nconcept guides. See 'git help <command>' or 'git help <concept>'\nto read about a specific subcommand or concept.\nSee 'git help git' for an overview of the system.\n""
[0m22:36:04.371183 [debug] [MainThread]: STDERR: "b''"
[0m22:36:04.371411 [info ] [MainThread]:  - git [[32mOK found[0m]

[0m22:36:04.371585 [info ] [MainThread]: Connection:
[0m22:36:04.371758 [info ] [MainThread]:   host: localhost
[0m22:36:04.371895 [info ] [MainThread]:   port: 5432
[0m22:36:04.372491 [info ] [MainThread]:   user: postgres
[0m22:36:04.372620 [info ] [MainThread]:   database: mavenfuzzyfactory
[0m22:36:04.372742 [info ] [MainThread]:   schema: analytics
[0m22:36:04.372867 [info ] [MainThread]:   connect_timeout: 10
[0m22:36:04.372988 [info ] [MainThread]:   role: None
[0m22:36:04.373110 [info ] [MainThread]:   search_path: None
[0m22:36:04.373234 [info ] [MainThread]:   keepalives_idle: 0
[0m22:36:04.373351 [info ] [MainThread]:   sslmode: None
[0m22:36:04.373472 [info ] [MainThread]:   sslcert: None
[0m22:36:04.373584 [info ] [MainThread]:   sslkey: None
[0m22:36:04.373703 [info ] [MainThread]:   sslrootcert: None
[0m22:36:04.373821 [info ] [MainThread]:   application_name: dbt
[0m22:36:04.373936 [info ] [MainThread]:   retries: 1
[0m22:36:04.374279 [info ] [MainThread]: Registered adapter: postgres=1.9.0
[0m22:36:04.422989 [debug] [MainThread]: Acquiring new postgres connection 'debug'
[0m22:36:04.460780 [debug] [MainThread]: Using postgres connection "debug"
[0m22:36:04.461033 [debug] [MainThread]: On debug: select 1 as id
[0m22:36:04.461187 [debug] [MainThread]: Opening a new connection, currently in state init
[0m22:36:04.530029 [debug] [MainThread]: SQL status: SELECT 1 in 0.069 seconds
[0m22:36:04.530779 [debug] [MainThread]: On debug: Close
[0m22:36:04.531018 [info ] [MainThread]:   Connection test: [[32mOK connection ok[0m]

[0m22:36:04.531234 [info ] [MainThread]: [31m1 check failed:[0m
[0m22:36:04.531409 [info ] [MainThread]: Project loading failed for the following reason:
 project path </Users/Nectar/Documents/DE_Proj/sumit/dbt/dbt_project.yml> not found

[0m22:36:04.532633 [debug] [MainThread]: Resource report: {"command_name": "debug", "command_success": false, "command_wall_clock_time": 0.9908086, "process_in_blocks": "0", "process_kernel_time": 0.180545, "process_mem_max_rss": "102006784", "process_out_blocks": "0", "process_user_time": 0.711563}
[0m22:36:04.532898 [debug] [MainThread]: Command `dbt debug` failed at 22:36:04.532835 after 0.99 seconds
[0m22:36:04.533099 [debug] [MainThread]: Connection 'debug' was properly closed.
[0m22:36:04.533312 [debug] [MainThread]: Sending event: {'category': 'dbt', 'action': 'invocation', 'label': 'end', 'context': [<snowplow_tracker.self_describing_json.SelfDescribingJson object at 0x107975350>, <snowplow_tracker.self_describing_json.SelfDescribingJson object at 0x107236d50>, <snowplow_tracker.self_describing_json.SelfDescribingJson object at 0x106db5040>]}
[0m22:36:04.533561 [debug] [MainThread]: Flushing usage events
[0m22:36:05.593019 [debug] [MainThread]: An error was encountered while trying to flush usage events
