[2025-04-28T17:32:08.847+0000] {processor.py:161} INFO - Started process (PID=76) to work on /home/airflow/.local/lib/python3.8/site-packages/airflow/example_dags/example_xcomargs.py
[2025-04-28T17:32:08.854+0000] {processor.py:830} INFO - Processing file /home/airflow/.local/lib/python3.8/site-packages/airflow/example_dags/example_xcomargs.py for tasks to queue
[2025-04-28T17:32:08.975+0000] {logging_mixin.py:188} INFO - [2025-04-28T17:32:08.972+0000] {dagbag.py:538} INFO - Filling up the DagBag from /home/airflow/.local/lib/python3.8/site-packages/airflow/example_dags/example_xcomargs.py
[2025-04-28T17:32:09.041+0000] {processor.py:840} INFO - DAG(s) 'example_xcom_args_with_operators', 'example_xcom_args' retrieved from /home/airflow/.local/lib/python3.8/site-packages/airflow/example_dags/example_xcomargs.py
[2025-04-28T17:32:09.120+0000] {logging_mixin.py:188} INFO - [2025-04-28T17:32:09.118+0000] {dag.py:3036} INFO - Sync 2 DAGs
[2025-04-28T17:32:09.151+0000] {logging_mixin.py:188} INFO - [2025-04-28T17:32:09.151+0000] {dag.py:3823} INFO - Setting next_dagrun for example_xcom_args to None, run_after=None
[2025-04-28T17:32:09.156+0000] {logging_mixin.py:188} INFO - [2025-04-28T17:32:09.156+0000] {dag.py:3823} INFO - Setting next_dagrun for example_xcom_args_with_operators to None, run_after=None
[2025-04-28T17:32:09.193+0000] {processor.py:183} INFO - Processing /home/airflow/.local/lib/python3.8/site-packages/airflow/example_dags/example_xcomargs.py took 0.380 seconds
[2025-04-28T17:32:39.233+0000] {processor.py:161} INFO - Started process (PID=131) to work on /home/airflow/.local/lib/python3.8/site-packages/airflow/example_dags/example_xcomargs.py
[2025-04-28T17:32:39.234+0000] {processor.py:830} INFO - Processing file /home/airflow/.local/lib/python3.8/site-packages/airflow/example_dags/example_xcomargs.py for tasks to queue
[2025-04-28T17:32:39.236+0000] {logging_mixin.py:188} INFO - [2025-04-28T17:32:39.236+0000] {dagbag.py:538} INFO - Filling up the DagBag from /home/airflow/.local/lib/python3.8/site-packages/airflow/example_dags/example_xcomargs.py
[2025-04-28T17:32:39.242+0000] {processor.py:840} INFO - DAG(s) 'example_xcom_args_with_operators', 'example_xcom_args' retrieved from /home/airflow/.local/lib/python3.8/site-packages/airflow/example_dags/example_xcomargs.py
[2025-04-28T17:32:39.304+0000] {logging_mixin.py:188} INFO - [2025-04-28T17:32:39.304+0000] {dag.py:3036} INFO - Sync 2 DAGs
[2025-04-28T17:32:39.309+0000] {logging_mixin.py:188} INFO - [2025-04-28T17:32:39.309+0000] {dag.py:3823} INFO - Setting next_dagrun for example_xcom_args to None, run_after=None
[2025-04-28T17:32:39.311+0000] {logging_mixin.py:188} INFO - [2025-04-28T17:32:39.311+0000] {dag.py:3823} INFO - Setting next_dagrun for example_xcom_args_with_operators to None, run_after=None
[2025-04-28T17:32:39.324+0000] {processor.py:183} INFO - Processing /home/airflow/.local/lib/python3.8/site-packages/airflow/example_dags/example_xcomargs.py took 0.096 seconds
[2025-04-28T17:33:11.346+0000] {processor.py:161} INFO - Started process (PID=186) to work on /home/airflow/.local/lib/python3.8/site-packages/airflow/example_dags/example_xcomargs.py
[2025-04-28T17:33:11.355+0000] {processor.py:830} INFO - Processing file /home/airflow/.local/lib/python3.8/site-packages/airflow/example_dags/example_xcomargs.py for tasks to queue
[2025-04-28T17:33:11.359+0000] {logging_mixin.py:188} INFO - [2025-04-28T17:33:11.359+0000] {dagbag.py:538} INFO - Filling up the DagBag from /home/airflow/.local/lib/python3.8/site-packages/airflow/example_dags/example_xcomargs.py
[2025-04-28T17:33:11.375+0000] {processor.py:840} INFO - DAG(s) 'example_xcom_args', 'example_xcom_args_with_operators' retrieved from /home/airflow/.local/lib/python3.8/site-packages/airflow/example_dags/example_xcomargs.py
[2025-04-28T17:33:11.431+0000] {logging_mixin.py:188} INFO - [2025-04-28T17:33:11.431+0000] {dag.py:3036} INFO - Sync 2 DAGs
[2025-04-28T17:33:11.451+0000] {logging_mixin.py:188} INFO - [2025-04-28T17:33:11.451+0000] {dag.py:3823} INFO - Setting next_dagrun for example_xcom_args to None, run_after=None
[2025-04-28T17:33:11.458+0000] {logging_mixin.py:188} INFO - [2025-04-28T17:33:11.457+0000] {dag.py:3823} INFO - Setting next_dagrun for example_xcom_args_with_operators to None, run_after=None
[2025-04-28T17:33:11.504+0000] {processor.py:183} INFO - Processing /home/airflow/.local/lib/python3.8/site-packages/airflow/example_dags/example_xcomargs.py took 0.161 seconds
[2025-04-28T17:33:41.843+0000] {processor.py:161} INFO - Started process (PID=241) to work on /home/airflow/.local/lib/python3.8/site-packages/airflow/example_dags/example_xcomargs.py
[2025-04-28T17:33:41.847+0000] {processor.py:830} INFO - Processing file /home/airflow/.local/lib/python3.8/site-packages/airflow/example_dags/example_xcomargs.py for tasks to queue
[2025-04-28T17:33:41.853+0000] {logging_mixin.py:188} INFO - [2025-04-28T17:33:41.853+0000] {dagbag.py:538} INFO - Filling up the DagBag from /home/airflow/.local/lib/python3.8/site-packages/airflow/example_dags/example_xcomargs.py
[2025-04-28T17:33:41.863+0000] {processor.py:840} INFO - DAG(s) 'example_xcom_args_with_operators', 'example_xcom_args' retrieved from /home/airflow/.local/lib/python3.8/site-packages/airflow/example_dags/example_xcomargs.py
[2025-04-28T17:33:41.882+0000] {logging_mixin.py:188} INFO - [2025-04-28T17:33:41.882+0000] {dag.py:3036} INFO - Sync 2 DAGs
[2025-04-28T17:33:41.894+0000] {logging_mixin.py:188} INFO - [2025-04-28T17:33:41.894+0000] {dag.py:3823} INFO - Setting next_dagrun for example_xcom_args to None, run_after=None
[2025-04-28T17:33:41.897+0000] {logging_mixin.py:188} INFO - [2025-04-28T17:33:41.896+0000] {dag.py:3823} INFO - Setting next_dagrun for example_xcom_args_with_operators to None, run_after=None
[2025-04-28T17:33:41.915+0000] {processor.py:183} INFO - Processing /home/airflow/.local/lib/python3.8/site-packages/airflow/example_dags/example_xcomargs.py took 0.083 seconds
[2025-04-28T17:34:11.981+0000] {processor.py:161} INFO - Started process (PID=296) to work on /home/airflow/.local/lib/python3.8/site-packages/airflow/example_dags/example_xcomargs.py
[2025-04-28T17:34:11.989+0000] {processor.py:830} INFO - Processing file /home/airflow/.local/lib/python3.8/site-packages/airflow/example_dags/example_xcomargs.py for tasks to queue
[2025-04-28T17:34:11.993+0000] {logging_mixin.py:188} INFO - [2025-04-28T17:34:11.993+0000] {dagbag.py:538} INFO - Filling up the DagBag from /home/airflow/.local/lib/python3.8/site-packages/airflow/example_dags/example_xcomargs.py
[2025-04-28T17:34:12.003+0000] {processor.py:840} INFO - DAG(s) 'example_xcom_args_with_operators', 'example_xcom_args' retrieved from /home/airflow/.local/lib/python3.8/site-packages/airflow/example_dags/example_xcomargs.py
[2025-04-28T17:34:12.094+0000] {logging_mixin.py:188} INFO - [2025-04-28T17:34:12.093+0000] {dag.py:3036} INFO - Sync 2 DAGs
[2025-04-28T17:34:12.137+0000] {logging_mixin.py:188} INFO - [2025-04-28T17:34:12.136+0000] {dag.py:3823} INFO - Setting next_dagrun for example_xcom_args to None, run_after=None
[2025-04-28T17:34:12.144+0000] {logging_mixin.py:188} INFO - [2025-04-28T17:34:12.144+0000] {dag.py:3823} INFO - Setting next_dagrun for example_xcom_args_with_operators to None, run_after=None
[2025-04-28T17:34:12.171+0000] {processor.py:183} INFO - Processing /home/airflow/.local/lib/python3.8/site-packages/airflow/example_dags/example_xcomargs.py took 0.202 seconds
[2025-04-28T17:34:42.822+0000] {processor.py:161} INFO - Started process (PID=350) to work on /home/airflow/.local/lib/python3.8/site-packages/airflow/example_dags/example_xcomargs.py
[2025-04-28T17:34:42.829+0000] {processor.py:830} INFO - Processing file /home/airflow/.local/lib/python3.8/site-packages/airflow/example_dags/example_xcomargs.py for tasks to queue
[2025-04-28T17:34:42.831+0000] {logging_mixin.py:188} INFO - [2025-04-28T17:34:42.831+0000] {dagbag.py:538} INFO - Filling up the DagBag from /home/airflow/.local/lib/python3.8/site-packages/airflow/example_dags/example_xcomargs.py
[2025-04-28T17:34:42.843+0000] {processor.py:840} INFO - DAG(s) 'example_xcom_args_with_operators', 'example_xcom_args' retrieved from /home/airflow/.local/lib/python3.8/site-packages/airflow/example_dags/example_xcomargs.py
[2025-04-28T17:34:42.870+0000] {logging_mixin.py:188} INFO - [2025-04-28T17:34:42.870+0000] {dag.py:3036} INFO - Sync 2 DAGs
[2025-04-28T17:34:42.881+0000] {logging_mixin.py:188} INFO - [2025-04-28T17:34:42.881+0000] {dag.py:3823} INFO - Setting next_dagrun for example_xcom_args to None, run_after=None
[2025-04-28T17:34:42.884+0000] {logging_mixin.py:188} INFO - [2025-04-28T17:34:42.884+0000] {dag.py:3823} INFO - Setting next_dagrun for example_xcom_args_with_operators to None, run_after=None
[2025-04-28T17:34:42.898+0000] {processor.py:183} INFO - Processing /home/airflow/.local/lib/python3.8/site-packages/airflow/example_dags/example_xcomargs.py took 0.079 seconds
[2025-04-28T17:35:13.224+0000] {processor.py:161} INFO - Started process (PID=405) to work on /home/airflow/.local/lib/python3.8/site-packages/airflow/example_dags/example_xcomargs.py
[2025-04-28T17:35:13.227+0000] {processor.py:830} INFO - Processing file /home/airflow/.local/lib/python3.8/site-packages/airflow/example_dags/example_xcomargs.py for tasks to queue
[2025-04-28T17:35:13.228+0000] {logging_mixin.py:188} INFO - [2025-04-28T17:35:13.228+0000] {dagbag.py:538} INFO - Filling up the DagBag from /home/airflow/.local/lib/python3.8/site-packages/airflow/example_dags/example_xcomargs.py
[2025-04-28T17:35:13.233+0000] {processor.py:840} INFO - DAG(s) 'example_xcom_args', 'example_xcom_args_with_operators' retrieved from /home/airflow/.local/lib/python3.8/site-packages/airflow/example_dags/example_xcomargs.py
[2025-04-28T17:35:13.253+0000] {logging_mixin.py:188} INFO - [2025-04-28T17:35:13.253+0000] {dag.py:3036} INFO - Sync 2 DAGs
[2025-04-28T17:35:13.261+0000] {logging_mixin.py:188} INFO - [2025-04-28T17:35:13.261+0000] {dag.py:3823} INFO - Setting next_dagrun for example_xcom_args to None, run_after=None
[2025-04-28T17:35:13.265+0000] {logging_mixin.py:188} INFO - [2025-04-28T17:35:13.265+0000] {dag.py:3823} INFO - Setting next_dagrun for example_xcom_args_with_operators to None, run_after=None
[2025-04-28T17:35:13.281+0000] {processor.py:183} INFO - Processing /home/airflow/.local/lib/python3.8/site-packages/airflow/example_dags/example_xcomargs.py took 0.059 seconds
[2025-04-28T17:35:44.258+0000] {processor.py:161} INFO - Started process (PID=461) to work on /home/airflow/.local/lib/python3.8/site-packages/airflow/example_dags/example_xcomargs.py
[2025-04-28T17:35:44.261+0000] {processor.py:830} INFO - Processing file /home/airflow/.local/lib/python3.8/site-packages/airflow/example_dags/example_xcomargs.py for tasks to queue
[2025-04-28T17:35:44.266+0000] {logging_mixin.py:188} INFO - [2025-04-28T17:35:44.265+0000] {dagbag.py:538} INFO - Filling up the DagBag from /home/airflow/.local/lib/python3.8/site-packages/airflow/example_dags/example_xcomargs.py
[2025-04-28T17:35:44.277+0000] {processor.py:840} INFO - DAG(s) 'example_xcom_args', 'example_xcom_args_with_operators' retrieved from /home/airflow/.local/lib/python3.8/site-packages/airflow/example_dags/example_xcomargs.py
[2025-04-28T17:35:44.308+0000] {logging_mixin.py:188} INFO - [2025-04-28T17:35:44.308+0000] {dag.py:3036} INFO - Sync 2 DAGs
[2025-04-28T17:35:44.319+0000] {logging_mixin.py:188} INFO - [2025-04-28T17:35:44.319+0000] {dag.py:3823} INFO - Setting next_dagrun for example_xcom_args to None, run_after=None
[2025-04-28T17:35:44.321+0000] {logging_mixin.py:188} INFO - [2025-04-28T17:35:44.321+0000] {dag.py:3823} INFO - Setting next_dagrun for example_xcom_args_with_operators to None, run_after=None
[2025-04-28T17:35:44.346+0000] {processor.py:183} INFO - Processing /home/airflow/.local/lib/python3.8/site-packages/airflow/example_dags/example_xcomargs.py took 0.100 seconds
[2025-04-28T17:36:14.855+0000] {processor.py:161} INFO - Started process (PID=516) to work on /home/airflow/.local/lib/python3.8/site-packages/airflow/example_dags/example_xcomargs.py
[2025-04-28T17:36:14.858+0000] {processor.py:830} INFO - Processing file /home/airflow/.local/lib/python3.8/site-packages/airflow/example_dags/example_xcomargs.py for tasks to queue
[2025-04-28T17:36:14.859+0000] {logging_mixin.py:188} INFO - [2025-04-28T17:36:14.858+0000] {dagbag.py:538} INFO - Filling up the DagBag from /home/airflow/.local/lib/python3.8/site-packages/airflow/example_dags/example_xcomargs.py
[2025-04-28T17:36:14.863+0000] {processor.py:840} INFO - DAG(s) 'example_xcom_args_with_operators', 'example_xcom_args' retrieved from /home/airflow/.local/lib/python3.8/site-packages/airflow/example_dags/example_xcomargs.py
[2025-04-28T17:36:14.883+0000] {logging_mixin.py:188} INFO - [2025-04-28T17:36:14.882+0000] {dag.py:3036} INFO - Sync 2 DAGs
[2025-04-28T17:36:14.896+0000] {logging_mixin.py:188} INFO - [2025-04-28T17:36:14.896+0000] {dag.py:3823} INFO - Setting next_dagrun for example_xcom_args to None, run_after=None
[2025-04-28T17:36:14.898+0000] {logging_mixin.py:188} INFO - [2025-04-28T17:36:14.898+0000] {dag.py:3823} INFO - Setting next_dagrun for example_xcom_args_with_operators to None, run_after=None
[2025-04-28T17:36:14.917+0000] {processor.py:183} INFO - Processing /home/airflow/.local/lib/python3.8/site-packages/airflow/example_dags/example_xcomargs.py took 0.068 seconds
[2025-04-28T17:36:45.095+0000] {processor.py:161} INFO - Started process (PID=571) to work on /home/airflow/.local/lib/python3.8/site-packages/airflow/example_dags/example_xcomargs.py
[2025-04-28T17:36:45.096+0000] {processor.py:830} INFO - Processing file /home/airflow/.local/lib/python3.8/site-packages/airflow/example_dags/example_xcomargs.py for tasks to queue
[2025-04-28T17:36:45.097+0000] {logging_mixin.py:188} INFO - [2025-04-28T17:36:45.097+0000] {dagbag.py:538} INFO - Filling up the DagBag from /home/airflow/.local/lib/python3.8/site-packages/airflow/example_dags/example_xcomargs.py
[2025-04-28T17:36:45.102+0000] {processor.py:840} INFO - DAG(s) 'example_xcom_args_with_operators', 'example_xcom_args' retrieved from /home/airflow/.local/lib/python3.8/site-packages/airflow/example_dags/example_xcomargs.py
[2025-04-28T17:36:45.116+0000] {logging_mixin.py:188} INFO - [2025-04-28T17:36:45.116+0000] {dag.py:3036} INFO - Sync 2 DAGs
[2025-04-28T17:36:45.125+0000] {logging_mixin.py:188} INFO - [2025-04-28T17:36:45.125+0000] {dag.py:3823} INFO - Setting next_dagrun for example_xcom_args to None, run_after=None
[2025-04-28T17:36:45.128+0000] {logging_mixin.py:188} INFO - [2025-04-28T17:36:45.128+0000] {dag.py:3823} INFO - Setting next_dagrun for example_xcom_args_with_operators to None, run_after=None
[2025-04-28T17:36:45.143+0000] {processor.py:183} INFO - Processing /home/airflow/.local/lib/python3.8/site-packages/airflow/example_dags/example_xcomargs.py took 0.049 seconds
[2025-04-28T17:37:15.730+0000] {processor.py:161} INFO - Started process (PID=632) to work on /home/airflow/.local/lib/python3.8/site-packages/airflow/example_dags/example_xcomargs.py
[2025-04-28T17:37:15.731+0000] {processor.py:830} INFO - Processing file /home/airflow/.local/lib/python3.8/site-packages/airflow/example_dags/example_xcomargs.py for tasks to queue
[2025-04-28T17:37:15.733+0000] {logging_mixin.py:188} INFO - [2025-04-28T17:37:15.732+0000] {dagbag.py:538} INFO - Filling up the DagBag from /home/airflow/.local/lib/python3.8/site-packages/airflow/example_dags/example_xcomargs.py
[2025-04-28T17:37:15.737+0000] {processor.py:840} INFO - DAG(s) 'example_xcom_args_with_operators', 'example_xcom_args' retrieved from /home/airflow/.local/lib/python3.8/site-packages/airflow/example_dags/example_xcomargs.py
[2025-04-28T17:37:15.753+0000] {logging_mixin.py:188} INFO - [2025-04-28T17:37:15.753+0000] {dag.py:3036} INFO - Sync 2 DAGs
[2025-04-28T17:37:15.760+0000] {logging_mixin.py:188} INFO - [2025-04-28T17:37:15.760+0000] {dag.py:3823} INFO - Setting next_dagrun for example_xcom_args to None, run_after=None
[2025-04-28T17:37:15.762+0000] {logging_mixin.py:188} INFO - [2025-04-28T17:37:15.762+0000] {dag.py:3823} INFO - Setting next_dagrun for example_xcom_args_with_operators to None, run_after=None
[2025-04-28T17:37:15.773+0000] {processor.py:183} INFO - Processing /home/airflow/.local/lib/python3.8/site-packages/airflow/example_dags/example_xcomargs.py took 0.047 seconds
[2025-04-28T17:37:46.321+0000] {processor.py:161} INFO - Started process (PID=693) to work on /home/airflow/.local/lib/python3.8/site-packages/airflow/example_dags/example_xcomargs.py
[2025-04-28T17:37:46.324+0000] {processor.py:830} INFO - Processing file /home/airflow/.local/lib/python3.8/site-packages/airflow/example_dags/example_xcomargs.py for tasks to queue
[2025-04-28T17:37:46.325+0000] {logging_mixin.py:188} INFO - [2025-04-28T17:37:46.325+0000] {dagbag.py:538} INFO - Filling up the DagBag from /home/airflow/.local/lib/python3.8/site-packages/airflow/example_dags/example_xcomargs.py
[2025-04-28T17:37:46.334+0000] {processor.py:840} INFO - DAG(s) 'example_xcom_args_with_operators', 'example_xcom_args' retrieved from /home/airflow/.local/lib/python3.8/site-packages/airflow/example_dags/example_xcomargs.py
[2025-04-28T17:37:46.355+0000] {logging_mixin.py:188} INFO - [2025-04-28T17:37:46.355+0000] {dag.py:3036} INFO - Sync 2 DAGs
[2025-04-28T17:37:46.363+0000] {logging_mixin.py:188} INFO - [2025-04-28T17:37:46.363+0000] {dag.py:3823} INFO - Setting next_dagrun for example_xcom_args to None, run_after=None
[2025-04-28T17:37:46.365+0000] {logging_mixin.py:188} INFO - [2025-04-28T17:37:46.365+0000] {dag.py:3823} INFO - Setting next_dagrun for example_xcom_args_with_operators to None, run_after=None
[2025-04-28T17:37:46.377+0000] {processor.py:183} INFO - Processing /home/airflow/.local/lib/python3.8/site-packages/airflow/example_dags/example_xcomargs.py took 0.059 seconds
[2025-04-28T17:38:17.442+0000] {processor.py:161} INFO - Started process (PID=754) to work on /home/airflow/.local/lib/python3.8/site-packages/airflow/example_dags/example_xcomargs.py
[2025-04-28T17:38:17.447+0000] {processor.py:830} INFO - Processing file /home/airflow/.local/lib/python3.8/site-packages/airflow/example_dags/example_xcomargs.py for tasks to queue
[2025-04-28T17:38:17.449+0000] {logging_mixin.py:188} INFO - [2025-04-28T17:38:17.449+0000] {dagbag.py:538} INFO - Filling up the DagBag from /home/airflow/.local/lib/python3.8/site-packages/airflow/example_dags/example_xcomargs.py
[2025-04-28T17:38:17.456+0000] {processor.py:840} INFO - DAG(s) 'example_xcom_args', 'example_xcom_args_with_operators' retrieved from /home/airflow/.local/lib/python3.8/site-packages/airflow/example_dags/example_xcomargs.py
[2025-04-28T17:38:17.476+0000] {logging_mixin.py:188} INFO - [2025-04-28T17:38:17.476+0000] {dag.py:3036} INFO - Sync 2 DAGs
[2025-04-28T17:38:17.493+0000] {logging_mixin.py:188} INFO - [2025-04-28T17:38:17.493+0000] {dag.py:3823} INFO - Setting next_dagrun for example_xcom_args to None, run_after=None
[2025-04-28T17:38:17.498+0000] {logging_mixin.py:188} INFO - [2025-04-28T17:38:17.498+0000] {dag.py:3823} INFO - Setting next_dagrun for example_xcom_args_with_operators to None, run_after=None
[2025-04-28T17:38:17.516+0000] {processor.py:183} INFO - Processing /home/airflow/.local/lib/python3.8/site-packages/airflow/example_dags/example_xcomargs.py took 0.084 seconds
[2025-04-28T17:38:48.615+0000] {processor.py:161} INFO - Started process (PID=816) to work on /home/airflow/.local/lib/python3.8/site-packages/airflow/example_dags/example_xcomargs.py
[2025-04-28T17:38:48.620+0000] {processor.py:830} INFO - Processing file /home/airflow/.local/lib/python3.8/site-packages/airflow/example_dags/example_xcomargs.py for tasks to queue
[2025-04-28T17:38:48.621+0000] {logging_mixin.py:188} INFO - [2025-04-28T17:38:48.621+0000] {dagbag.py:538} INFO - Filling up the DagBag from /home/airflow/.local/lib/python3.8/site-packages/airflow/example_dags/example_xcomargs.py
[2025-04-28T17:38:48.626+0000] {processor.py:840} INFO - DAG(s) 'example_xcom_args_with_operators', 'example_xcom_args' retrieved from /home/airflow/.local/lib/python3.8/site-packages/airflow/example_dags/example_xcomargs.py
[2025-04-28T17:38:48.644+0000] {logging_mixin.py:188} INFO - [2025-04-28T17:38:48.644+0000] {dag.py:3036} INFO - Sync 2 DAGs
[2025-04-28T17:38:48.653+0000] {logging_mixin.py:188} INFO - [2025-04-28T17:38:48.652+0000] {dag.py:3823} INFO - Setting next_dagrun for example_xcom_args to None, run_after=None
[2025-04-28T17:38:48.656+0000] {logging_mixin.py:188} INFO - [2025-04-28T17:38:48.656+0000] {dag.py:3823} INFO - Setting next_dagrun for example_xcom_args_with_operators to None, run_after=None
[2025-04-28T17:38:48.673+0000] {processor.py:183} INFO - Processing /home/airflow/.local/lib/python3.8/site-packages/airflow/example_dags/example_xcomargs.py took 0.062 seconds
[2025-04-28T17:39:19.670+0000] {processor.py:161} INFO - Started process (PID=873) to work on /home/airflow/.local/lib/python3.8/site-packages/airflow/example_dags/example_xcomargs.py
[2025-04-28T17:39:19.671+0000] {processor.py:830} INFO - Processing file /home/airflow/.local/lib/python3.8/site-packages/airflow/example_dags/example_xcomargs.py for tasks to queue
[2025-04-28T17:39:19.673+0000] {logging_mixin.py:188} INFO - [2025-04-28T17:39:19.673+0000] {dagbag.py:538} INFO - Filling up the DagBag from /home/airflow/.local/lib/python3.8/site-packages/airflow/example_dags/example_xcomargs.py
[2025-04-28T17:39:19.680+0000] {processor.py:840} INFO - DAG(s) 'example_xcom_args', 'example_xcom_args_with_operators' retrieved from /home/airflow/.local/lib/python3.8/site-packages/airflow/example_dags/example_xcomargs.py
[2025-04-28T17:39:19.705+0000] {logging_mixin.py:188} INFO - [2025-04-28T17:39:19.705+0000] {dag.py:3036} INFO - Sync 2 DAGs
[2025-04-28T17:39:19.715+0000] {logging_mixin.py:188} INFO - [2025-04-28T17:39:19.715+0000] {dag.py:3823} INFO - Setting next_dagrun for example_xcom_args to None, run_after=None
[2025-04-28T17:39:19.718+0000] {logging_mixin.py:188} INFO - [2025-04-28T17:39:19.718+0000] {dag.py:3823} INFO - Setting next_dagrun for example_xcom_args_with_operators to None, run_after=None
[2025-04-28T17:39:19.746+0000] {processor.py:183} INFO - Processing /home/airflow/.local/lib/python3.8/site-packages/airflow/example_dags/example_xcomargs.py took 0.080 seconds
[2025-04-28T17:39:50.719+0000] {processor.py:161} INFO - Started process (PID=931) to work on /home/airflow/.local/lib/python3.8/site-packages/airflow/example_dags/example_xcomargs.py
[2025-04-28T17:39:50.721+0000] {processor.py:830} INFO - Processing file /home/airflow/.local/lib/python3.8/site-packages/airflow/example_dags/example_xcomargs.py for tasks to queue
[2025-04-28T17:39:50.723+0000] {logging_mixin.py:188} INFO - [2025-04-28T17:39:50.723+0000] {dagbag.py:538} INFO - Filling up the DagBag from /home/airflow/.local/lib/python3.8/site-packages/airflow/example_dags/example_xcomargs.py
[2025-04-28T17:39:50.733+0000] {processor.py:840} INFO - DAG(s) 'example_xcom_args', 'example_xcom_args_with_operators' retrieved from /home/airflow/.local/lib/python3.8/site-packages/airflow/example_dags/example_xcomargs.py
[2025-04-28T17:39:50.779+0000] {logging_mixin.py:188} INFO - [2025-04-28T17:39:50.779+0000] {dag.py:3036} INFO - Sync 2 DAGs
[2025-04-28T17:39:50.879+0000] {logging_mixin.py:188} INFO - [2025-04-28T17:39:50.878+0000] {dag.py:3823} INFO - Setting next_dagrun for example_xcom_args to None, run_after=None
[2025-04-28T17:39:50.881+0000] {logging_mixin.py:188} INFO - [2025-04-28T17:39:50.881+0000] {dag.py:3823} INFO - Setting next_dagrun for example_xcom_args_with_operators to None, run_after=None
[2025-04-28T17:39:50.896+0000] {processor.py:183} INFO - Processing /home/airflow/.local/lib/python3.8/site-packages/airflow/example_dags/example_xcomargs.py took 0.185 seconds
[2025-04-28T17:40:20.962+0000] {processor.py:161} INFO - Started process (PID=991) to work on /home/airflow/.local/lib/python3.8/site-packages/airflow/example_dags/example_xcomargs.py
[2025-04-28T17:40:20.964+0000] {processor.py:830} INFO - Processing file /home/airflow/.local/lib/python3.8/site-packages/airflow/example_dags/example_xcomargs.py for tasks to queue
[2025-04-28T17:40:20.968+0000] {logging_mixin.py:188} INFO - [2025-04-28T17:40:20.968+0000] {dagbag.py:538} INFO - Filling up the DagBag from /home/airflow/.local/lib/python3.8/site-packages/airflow/example_dags/example_xcomargs.py
[2025-04-28T17:40:20.978+0000] {processor.py:840} INFO - DAG(s) 'example_xcom_args_with_operators', 'example_xcom_args' retrieved from /home/airflow/.local/lib/python3.8/site-packages/airflow/example_dags/example_xcomargs.py
[2025-04-28T17:40:20.993+0000] {logging_mixin.py:188} INFO - [2025-04-28T17:40:20.993+0000] {dag.py:3036} INFO - Sync 2 DAGs
[2025-04-28T17:40:20.999+0000] {logging_mixin.py:188} INFO - [2025-04-28T17:40:20.999+0000] {dag.py:3823} INFO - Setting next_dagrun for example_xcom_args to None, run_after=None
[2025-04-28T17:40:21.001+0000] {logging_mixin.py:188} INFO - [2025-04-28T17:40:21.001+0000] {dag.py:3823} INFO - Setting next_dagrun for example_xcom_args_with_operators to None, run_after=None
[2025-04-28T17:40:21.011+0000] {processor.py:183} INFO - Processing /home/airflow/.local/lib/python3.8/site-packages/airflow/example_dags/example_xcomargs.py took 0.055 seconds
[2025-04-28T17:40:51.111+0000] {processor.py:161} INFO - Started process (PID=1049) to work on /home/airflow/.local/lib/python3.8/site-packages/airflow/example_dags/example_xcomargs.py
[2025-04-28T17:40:51.112+0000] {processor.py:830} INFO - Processing file /home/airflow/.local/lib/python3.8/site-packages/airflow/example_dags/example_xcomargs.py for tasks to queue
[2025-04-28T17:40:51.114+0000] {logging_mixin.py:188} INFO - [2025-04-28T17:40:51.113+0000] {dagbag.py:538} INFO - Filling up the DagBag from /home/airflow/.local/lib/python3.8/site-packages/airflow/example_dags/example_xcomargs.py
[2025-04-28T17:40:51.121+0000] {processor.py:840} INFO - DAG(s) 'example_xcom_args_with_operators', 'example_xcom_args' retrieved from /home/airflow/.local/lib/python3.8/site-packages/airflow/example_dags/example_xcomargs.py
[2025-04-28T17:40:51.148+0000] {logging_mixin.py:188} INFO - [2025-04-28T17:40:51.148+0000] {dag.py:3036} INFO - Sync 2 DAGs
[2025-04-28T17:40:51.160+0000] {logging_mixin.py:188} INFO - [2025-04-28T17:40:51.160+0000] {dag.py:3823} INFO - Setting next_dagrun for example_xcom_args to None, run_after=None
[2025-04-28T17:40:51.164+0000] {logging_mixin.py:188} INFO - [2025-04-28T17:40:51.164+0000] {dag.py:3823} INFO - Setting next_dagrun for example_xcom_args_with_operators to None, run_after=None
[2025-04-28T17:40:51.178+0000] {processor.py:183} INFO - Processing /home/airflow/.local/lib/python3.8/site-packages/airflow/example_dags/example_xcomargs.py took 0.071 seconds
[2025-04-28T17:41:21.293+0000] {processor.py:161} INFO - Started process (PID=1105) to work on /home/airflow/.local/lib/python3.8/site-packages/airflow/example_dags/example_xcomargs.py
[2025-04-28T17:41:21.299+0000] {processor.py:830} INFO - Processing file /home/airflow/.local/lib/python3.8/site-packages/airflow/example_dags/example_xcomargs.py for tasks to queue
[2025-04-28T17:41:21.303+0000] {logging_mixin.py:188} INFO - [2025-04-28T17:41:21.303+0000] {dagbag.py:538} INFO - Filling up the DagBag from /home/airflow/.local/lib/python3.8/site-packages/airflow/example_dags/example_xcomargs.py
[2025-04-28T17:41:21.314+0000] {processor.py:840} INFO - DAG(s) 'example_xcom_args', 'example_xcom_args_with_operators' retrieved from /home/airflow/.local/lib/python3.8/site-packages/airflow/example_dags/example_xcomargs.py
[2025-04-28T17:41:21.345+0000] {logging_mixin.py:188} INFO - [2025-04-28T17:41:21.345+0000] {dag.py:3036} INFO - Sync 2 DAGs
[2025-04-28T17:41:21.357+0000] {logging_mixin.py:188} INFO - [2025-04-28T17:41:21.356+0000] {dag.py:3823} INFO - Setting next_dagrun for example_xcom_args to None, run_after=None
[2025-04-28T17:41:21.359+0000] {logging_mixin.py:188} INFO - [2025-04-28T17:41:21.359+0000] {dag.py:3823} INFO - Setting next_dagrun for example_xcom_args_with_operators to None, run_after=None
[2025-04-28T17:41:21.372+0000] {processor.py:183} INFO - Processing /home/airflow/.local/lib/python3.8/site-packages/airflow/example_dags/example_xcomargs.py took 0.086 seconds
[2025-04-28T17:42:55.137+0000] {processor.py:161} INFO - Started process (PID=85) to work on /home/airflow/.local/lib/python3.8/site-packages/airflow/example_dags/example_xcomargs.py
[2025-04-28T17:42:55.146+0000] {processor.py:830} INFO - Processing file /home/airflow/.local/lib/python3.8/site-packages/airflow/example_dags/example_xcomargs.py for tasks to queue
[2025-04-28T17:42:55.159+0000] {logging_mixin.py:188} INFO - [2025-04-28T17:42:55.158+0000] {dagbag.py:538} INFO - Filling up the DagBag from /home/airflow/.local/lib/python3.8/site-packages/airflow/example_dags/example_xcomargs.py
[2025-04-28T17:42:55.204+0000] {processor.py:840} INFO - DAG(s) 'example_xcom_args', 'example_xcom_args_with_operators' retrieved from /home/airflow/.local/lib/python3.8/site-packages/airflow/example_dags/example_xcomargs.py
[2025-04-28T17:42:55.877+0000] {logging_mixin.py:188} INFO - [2025-04-28T17:42:55.876+0000] {dag.py:3036} INFO - Sync 2 DAGs
[2025-04-28T17:42:55.932+0000] {logging_mixin.py:188} INFO - [2025-04-28T17:42:55.931+0000] {dag.py:3823} INFO - Setting next_dagrun for example_xcom_args to None, run_after=None
[2025-04-28T17:42:55.941+0000] {logging_mixin.py:188} INFO - [2025-04-28T17:42:55.941+0000] {dag.py:3823} INFO - Setting next_dagrun for example_xcom_args_with_operators to None, run_after=None
[2025-04-28T17:42:56.027+0000] {processor.py:183} INFO - Processing /home/airflow/.local/lib/python3.8/site-packages/airflow/example_dags/example_xcomargs.py took 0.931 seconds
[2025-04-28T17:43:26.753+0000] {processor.py:161} INFO - Started process (PID=147) to work on /home/airflow/.local/lib/python3.8/site-packages/airflow/example_dags/example_xcomargs.py
[2025-04-28T17:43:26.764+0000] {processor.py:830} INFO - Processing file /home/airflow/.local/lib/python3.8/site-packages/airflow/example_dags/example_xcomargs.py for tasks to queue
[2025-04-28T17:43:26.766+0000] {logging_mixin.py:188} INFO - [2025-04-28T17:43:26.765+0000] {dagbag.py:538} INFO - Filling up the DagBag from /home/airflow/.local/lib/python3.8/site-packages/airflow/example_dags/example_xcomargs.py
[2025-04-28T17:43:26.781+0000] {processor.py:840} INFO - DAG(s) 'example_xcom_args', 'example_xcom_args_with_operators' retrieved from /home/airflow/.local/lib/python3.8/site-packages/airflow/example_dags/example_xcomargs.py
[2025-04-28T17:43:26.817+0000] {logging_mixin.py:188} INFO - [2025-04-28T17:43:26.816+0000] {dag.py:3036} INFO - Sync 2 DAGs
[2025-04-28T17:43:26.829+0000] {logging_mixin.py:188} INFO - [2025-04-28T17:43:26.829+0000] {dag.py:3823} INFO - Setting next_dagrun for example_xcom_args to None, run_after=None
[2025-04-28T17:43:26.832+0000] {logging_mixin.py:188} INFO - [2025-04-28T17:43:26.832+0000] {dag.py:3823} INFO - Setting next_dagrun for example_xcom_args_with_operators to None, run_after=None
[2025-04-28T17:43:26.856+0000] {processor.py:183} INFO - Processing /home/airflow/.local/lib/python3.8/site-packages/airflow/example_dags/example_xcomargs.py took 0.106 seconds
[2025-04-28T17:43:57.725+0000] {processor.py:161} INFO - Started process (PID=203) to work on /home/airflow/.local/lib/python3.8/site-packages/airflow/example_dags/example_xcomargs.py
[2025-04-28T17:43:57.729+0000] {processor.py:830} INFO - Processing file /home/airflow/.local/lib/python3.8/site-packages/airflow/example_dags/example_xcomargs.py for tasks to queue
[2025-04-28T17:43:57.731+0000] {logging_mixin.py:188} INFO - [2025-04-28T17:43:57.731+0000] {dagbag.py:538} INFO - Filling up the DagBag from /home/airflow/.local/lib/python3.8/site-packages/airflow/example_dags/example_xcomargs.py
[2025-04-28T17:43:57.739+0000] {processor.py:840} INFO - DAG(s) 'example_xcom_args', 'example_xcom_args_with_operators' retrieved from /home/airflow/.local/lib/python3.8/site-packages/airflow/example_dags/example_xcomargs.py
[2025-04-28T17:43:57.757+0000] {logging_mixin.py:188} INFO - [2025-04-28T17:43:57.757+0000] {dag.py:3036} INFO - Sync 2 DAGs
[2025-04-28T17:43:57.765+0000] {logging_mixin.py:188} INFO - [2025-04-28T17:43:57.764+0000] {dag.py:3823} INFO - Setting next_dagrun for example_xcom_args to None, run_after=None
[2025-04-28T17:43:57.768+0000] {logging_mixin.py:188} INFO - [2025-04-28T17:43:57.768+0000] {dag.py:3823} INFO - Setting next_dagrun for example_xcom_args_with_operators to None, run_after=None
[2025-04-28T17:43:57.783+0000] {processor.py:183} INFO - Processing /home/airflow/.local/lib/python3.8/site-packages/airflow/example_dags/example_xcomargs.py took 0.064 seconds
[2025-04-28T17:44:28.323+0000] {processor.py:161} INFO - Started process (PID=259) to work on /home/airflow/.local/lib/python3.8/site-packages/airflow/example_dags/example_xcomargs.py
[2025-04-28T17:44:28.324+0000] {processor.py:830} INFO - Processing file /home/airflow/.local/lib/python3.8/site-packages/airflow/example_dags/example_xcomargs.py for tasks to queue
[2025-04-28T17:44:28.326+0000] {logging_mixin.py:188} INFO - [2025-04-28T17:44:28.325+0000] {dagbag.py:538} INFO - Filling up the DagBag from /home/airflow/.local/lib/python3.8/site-packages/airflow/example_dags/example_xcomargs.py
[2025-04-28T17:44:28.332+0000] {processor.py:840} INFO - DAG(s) 'example_xcom_args', 'example_xcom_args_with_operators' retrieved from /home/airflow/.local/lib/python3.8/site-packages/airflow/example_dags/example_xcomargs.py
[2025-04-28T17:44:28.354+0000] {logging_mixin.py:188} INFO - [2025-04-28T17:44:28.353+0000] {dag.py:3036} INFO - Sync 2 DAGs
[2025-04-28T17:44:28.363+0000] {logging_mixin.py:188} INFO - [2025-04-28T17:44:28.363+0000] {dag.py:3823} INFO - Setting next_dagrun for example_xcom_args to None, run_after=None
[2025-04-28T17:44:28.365+0000] {logging_mixin.py:188} INFO - [2025-04-28T17:44:28.365+0000] {dag.py:3823} INFO - Setting next_dagrun for example_xcom_args_with_operators to None, run_after=None
[2025-04-28T17:44:28.374+0000] {processor.py:183} INFO - Processing /home/airflow/.local/lib/python3.8/site-packages/airflow/example_dags/example_xcomargs.py took 0.054 seconds
[2025-04-28T17:45:01.210+0000] {processor.py:161} INFO - Started process (PID=315) to work on /home/airflow/.local/lib/python3.8/site-packages/airflow/example_dags/example_xcomargs.py
[2025-04-28T17:45:01.217+0000] {processor.py:830} INFO - Processing file /home/airflow/.local/lib/python3.8/site-packages/airflow/example_dags/example_xcomargs.py for tasks to queue
[2025-04-28T17:45:01.220+0000] {logging_mixin.py:188} INFO - [2025-04-28T17:45:01.220+0000] {dagbag.py:538} INFO - Filling up the DagBag from /home/airflow/.local/lib/python3.8/site-packages/airflow/example_dags/example_xcomargs.py
[2025-04-28T17:45:01.237+0000] {processor.py:840} INFO - DAG(s) 'example_xcom_args', 'example_xcom_args_with_operators' retrieved from /home/airflow/.local/lib/python3.8/site-packages/airflow/example_dags/example_xcomargs.py
[2025-04-28T17:45:01.304+0000] {logging_mixin.py:188} INFO - [2025-04-28T17:45:01.303+0000] {dag.py:3036} INFO - Sync 2 DAGs
[2025-04-28T17:45:01.337+0000] {logging_mixin.py:188} INFO - [2025-04-28T17:45:01.337+0000] {dag.py:3823} INFO - Setting next_dagrun for example_xcom_args to None, run_after=None
[2025-04-28T17:45:01.347+0000] {logging_mixin.py:188} INFO - [2025-04-28T17:45:01.347+0000] {dag.py:3823} INFO - Setting next_dagrun for example_xcom_args_with_operators to None, run_after=None
[2025-04-28T17:45:01.397+0000] {processor.py:183} INFO - Processing /home/airflow/.local/lib/python3.8/site-packages/airflow/example_dags/example_xcomargs.py took 0.195 seconds
[2025-04-28T17:45:33.021+0000] {processor.py:161} INFO - Started process (PID=371) to work on /home/airflow/.local/lib/python3.8/site-packages/airflow/example_dags/example_xcomargs.py
[2025-04-28T17:45:33.032+0000] {processor.py:830} INFO - Processing file /home/airflow/.local/lib/python3.8/site-packages/airflow/example_dags/example_xcomargs.py for tasks to queue
[2025-04-28T17:45:33.044+0000] {logging_mixin.py:188} INFO - [2025-04-28T17:45:33.041+0000] {dagbag.py:538} INFO - Filling up the DagBag from /home/airflow/.local/lib/python3.8/site-packages/airflow/example_dags/example_xcomargs.py
[2025-04-28T17:45:33.073+0000] {processor.py:840} INFO - DAG(s) 'example_xcom_args', 'example_xcom_args_with_operators' retrieved from /home/airflow/.local/lib/python3.8/site-packages/airflow/example_dags/example_xcomargs.py
[2025-04-28T17:45:33.104+0000] {logging_mixin.py:188} INFO - [2025-04-28T17:45:33.104+0000] {dag.py:3036} INFO - Sync 2 DAGs
[2025-04-28T17:45:33.116+0000] {logging_mixin.py:188} INFO - [2025-04-28T17:45:33.116+0000] {dag.py:3823} INFO - Setting next_dagrun for example_xcom_args to None, run_after=None
[2025-04-28T17:45:33.118+0000] {logging_mixin.py:188} INFO - [2025-04-28T17:45:33.118+0000] {dag.py:3823} INFO - Setting next_dagrun for example_xcom_args_with_operators to None, run_after=None
[2025-04-28T17:45:33.139+0000] {processor.py:183} INFO - Processing /home/airflow/.local/lib/python3.8/site-packages/airflow/example_dags/example_xcomargs.py took 0.130 seconds
[2025-04-28T17:46:04.038+0000] {processor.py:161} INFO - Started process (PID=427) to work on /home/airflow/.local/lib/python3.8/site-packages/airflow/example_dags/example_xcomargs.py
[2025-04-28T17:46:04.041+0000] {processor.py:830} INFO - Processing file /home/airflow/.local/lib/python3.8/site-packages/airflow/example_dags/example_xcomargs.py for tasks to queue
[2025-04-28T17:46:04.044+0000] {logging_mixin.py:188} INFO - [2025-04-28T17:46:04.043+0000] {dagbag.py:538} INFO - Filling up the DagBag from /home/airflow/.local/lib/python3.8/site-packages/airflow/example_dags/example_xcomargs.py
[2025-04-28T17:46:04.050+0000] {processor.py:840} INFO - DAG(s) 'example_xcom_args_with_operators', 'example_xcom_args' retrieved from /home/airflow/.local/lib/python3.8/site-packages/airflow/example_dags/example_xcomargs.py
[2025-04-28T17:46:04.073+0000] {logging_mixin.py:188} INFO - [2025-04-28T17:46:04.073+0000] {dag.py:3036} INFO - Sync 2 DAGs
[2025-04-28T17:46:04.084+0000] {logging_mixin.py:188} INFO - [2025-04-28T17:46:04.084+0000] {dag.py:3823} INFO - Setting next_dagrun for example_xcom_args to None, run_after=None
[2025-04-28T17:46:04.088+0000] {logging_mixin.py:188} INFO - [2025-04-28T17:46:04.088+0000] {dag.py:3823} INFO - Setting next_dagrun for example_xcom_args_with_operators to None, run_after=None
[2025-04-28T17:46:04.099+0000] {processor.py:183} INFO - Processing /home/airflow/.local/lib/python3.8/site-packages/airflow/example_dags/example_xcomargs.py took 0.065 seconds
[2025-04-28T17:46:34.354+0000] {processor.py:161} INFO - Started process (PID=483) to work on /home/airflow/.local/lib/python3.8/site-packages/airflow/example_dags/example_xcomargs.py
[2025-04-28T17:46:34.358+0000] {processor.py:830} INFO - Processing file /home/airflow/.local/lib/python3.8/site-packages/airflow/example_dags/example_xcomargs.py for tasks to queue
[2025-04-28T17:46:34.360+0000] {logging_mixin.py:188} INFO - [2025-04-28T17:46:34.360+0000] {dagbag.py:538} INFO - Filling up the DagBag from /home/airflow/.local/lib/python3.8/site-packages/airflow/example_dags/example_xcomargs.py
[2025-04-28T17:46:34.368+0000] {processor.py:840} INFO - DAG(s) 'example_xcom_args_with_operators', 'example_xcom_args' retrieved from /home/airflow/.local/lib/python3.8/site-packages/airflow/example_dags/example_xcomargs.py
[2025-04-28T17:46:34.383+0000] {logging_mixin.py:188} INFO - [2025-04-28T17:46:34.382+0000] {dag.py:3036} INFO - Sync 2 DAGs
[2025-04-28T17:46:34.391+0000] {logging_mixin.py:188} INFO - [2025-04-28T17:46:34.390+0000] {dag.py:3823} INFO - Setting next_dagrun for example_xcom_args to None, run_after=None
[2025-04-28T17:46:34.393+0000] {logging_mixin.py:188} INFO - [2025-04-28T17:46:34.393+0000] {dag.py:3823} INFO - Setting next_dagrun for example_xcom_args_with_operators to None, run_after=None
[2025-04-28T17:46:34.401+0000] {processor.py:183} INFO - Processing /home/airflow/.local/lib/python3.8/site-packages/airflow/example_dags/example_xcomargs.py took 0.053 seconds
