[2025-04-28T17:32:09.465+0000] {processor.py:161} INFO - Started process (PID=79) to work on /home/airflow/.local/lib/python3.8/site-packages/airflow/example_dags/example_external_task_marker_dag.py
[2025-04-28T17:32:09.470+0000] {processor.py:830} INFO - Processing file /home/airflow/.local/lib/python3.8/site-packages/airflow/example_dags/example_external_task_marker_dag.py for tasks to queue
[2025-04-28T17:32:09.476+0000] {logging_mixin.py:188} INFO - [2025-04-28T17:32:09.476+0000] {dagbag.py:538} INFO - Filling up the DagBag from /home/airflow/.local/lib/python3.8/site-packages/airflow/example_dags/example_external_task_marker_dag.py
[2025-04-28T17:32:09.494+0000] {processor.py:840} INFO - DAG(s) 'example_external_task_marker_child', 'example_external_task_marker_parent' retrieved from /home/airflow/.local/lib/python3.8/site-packages/airflow/example_dags/example_external_task_marker_dag.py
[2025-04-28T17:32:09.559+0000] {logging_mixin.py:188} INFO - [2025-04-28T17:32:09.558+0000] {dag.py:3036} INFO - Sync 2 DAGs
[2025-04-28T17:32:09.621+0000] {logging_mixin.py:188} INFO - [2025-04-28T17:32:09.620+0000] {dag.py:3823} INFO - Setting next_dagrun for example_external_task_marker_child to None, run_after=None
[2025-04-28T17:32:09.744+0000] {logging_mixin.py:188} INFO - [2025-04-28T17:32:09.739+0000] {dag.py:3823} INFO - Setting next_dagrun for example_external_task_marker_parent to None, run_after=None
[2025-04-28T17:32:09.862+0000] {processor.py:183} INFO - Processing /home/airflow/.local/lib/python3.8/site-packages/airflow/example_dags/example_external_task_marker_dag.py took 0.405 seconds
[2025-04-28T17:32:40.497+0000] {processor.py:161} INFO - Started process (PID=134) to work on /home/airflow/.local/lib/python3.8/site-packages/airflow/example_dags/example_external_task_marker_dag.py
[2025-04-28T17:32:40.499+0000] {processor.py:830} INFO - Processing file /home/airflow/.local/lib/python3.8/site-packages/airflow/example_dags/example_external_task_marker_dag.py for tasks to queue
[2025-04-28T17:32:40.501+0000] {logging_mixin.py:188} INFO - [2025-04-28T17:32:40.501+0000] {dagbag.py:538} INFO - Filling up the DagBag from /home/airflow/.local/lib/python3.8/site-packages/airflow/example_dags/example_external_task_marker_dag.py
[2025-04-28T17:32:40.517+0000] {processor.py:840} INFO - DAG(s) 'example_external_task_marker_child', 'example_external_task_marker_parent' retrieved from /home/airflow/.local/lib/python3.8/site-packages/airflow/example_dags/example_external_task_marker_dag.py
[2025-04-28T17:32:40.624+0000] {logging_mixin.py:188} INFO - [2025-04-28T17:32:40.624+0000] {dag.py:3036} INFO - Sync 2 DAGs
[2025-04-28T17:32:40.632+0000] {logging_mixin.py:188} INFO - [2025-04-28T17:32:40.632+0000] {dag.py:3823} INFO - Setting next_dagrun for example_external_task_marker_child to None, run_after=None
[2025-04-28T17:32:40.635+0000] {logging_mixin.py:188} INFO - [2025-04-28T17:32:40.635+0000] {dag.py:3823} INFO - Setting next_dagrun for example_external_task_marker_parent to None, run_after=None
[2025-04-28T17:32:40.649+0000] {processor.py:183} INFO - Processing /home/airflow/.local/lib/python3.8/site-packages/airflow/example_dags/example_external_task_marker_dag.py took 0.160 seconds
[2025-04-28T17:33:11.740+0000] {processor.py:161} INFO - Started process (PID=189) to work on /home/airflow/.local/lib/python3.8/site-packages/airflow/example_dags/example_external_task_marker_dag.py
[2025-04-28T17:33:11.750+0000] {processor.py:830} INFO - Processing file /home/airflow/.local/lib/python3.8/site-packages/airflow/example_dags/example_external_task_marker_dag.py for tasks to queue
[2025-04-28T17:33:11.763+0000] {logging_mixin.py:188} INFO - [2025-04-28T17:33:11.761+0000] {dagbag.py:538} INFO - Filling up the DagBag from /home/airflow/.local/lib/python3.8/site-packages/airflow/example_dags/example_external_task_marker_dag.py
[2025-04-28T17:33:11.790+0000] {processor.py:840} INFO - DAG(s) 'example_external_task_marker_parent', 'example_external_task_marker_child' retrieved from /home/airflow/.local/lib/python3.8/site-packages/airflow/example_dags/example_external_task_marker_dag.py
[2025-04-28T17:33:11.841+0000] {logging_mixin.py:188} INFO - [2025-04-28T17:33:11.840+0000] {dag.py:3036} INFO - Sync 2 DAGs
[2025-04-28T17:33:11.855+0000] {logging_mixin.py:188} INFO - [2025-04-28T17:33:11.854+0000] {dag.py:3823} INFO - Setting next_dagrun for example_external_task_marker_child to None, run_after=None
[2025-04-28T17:33:11.862+0000] {logging_mixin.py:188} INFO - [2025-04-28T17:33:11.862+0000] {dag.py:3823} INFO - Setting next_dagrun for example_external_task_marker_parent to None, run_after=None
[2025-04-28T17:33:11.900+0000] {processor.py:183} INFO - Processing /home/airflow/.local/lib/python3.8/site-packages/airflow/example_dags/example_external_task_marker_dag.py took 0.169 seconds
[2025-04-28T17:33:42.092+0000] {processor.py:161} INFO - Started process (PID=244) to work on /home/airflow/.local/lib/python3.8/site-packages/airflow/example_dags/example_external_task_marker_dag.py
[2025-04-28T17:33:42.096+0000] {processor.py:830} INFO - Processing file /home/airflow/.local/lib/python3.8/site-packages/airflow/example_dags/example_external_task_marker_dag.py for tasks to queue
[2025-04-28T17:33:42.102+0000] {logging_mixin.py:188} INFO - [2025-04-28T17:33:42.101+0000] {dagbag.py:538} INFO - Filling up the DagBag from /home/airflow/.local/lib/python3.8/site-packages/airflow/example_dags/example_external_task_marker_dag.py
[2025-04-28T17:33:42.121+0000] {processor.py:840} INFO - DAG(s) 'example_external_task_marker_parent', 'example_external_task_marker_child' retrieved from /home/airflow/.local/lib/python3.8/site-packages/airflow/example_dags/example_external_task_marker_dag.py
[2025-04-28T17:33:42.172+0000] {logging_mixin.py:188} INFO - [2025-04-28T17:33:42.172+0000] {dag.py:3036} INFO - Sync 2 DAGs
[2025-04-28T17:33:42.180+0000] {logging_mixin.py:188} INFO - [2025-04-28T17:33:42.180+0000] {dag.py:3823} INFO - Setting next_dagrun for example_external_task_marker_child to None, run_after=None
[2025-04-28T17:33:42.184+0000] {logging_mixin.py:188} INFO - [2025-04-28T17:33:42.184+0000] {dag.py:3823} INFO - Setting next_dagrun for example_external_task_marker_parent to None, run_after=None
[2025-04-28T17:33:42.199+0000] {processor.py:183} INFO - Processing /home/airflow/.local/lib/python3.8/site-packages/airflow/example_dags/example_external_task_marker_dag.py took 0.113 seconds
[2025-04-28T17:34:12.424+0000] {processor.py:161} INFO - Started process (PID=299) to work on /home/airflow/.local/lib/python3.8/site-packages/airflow/example_dags/example_external_task_marker_dag.py
[2025-04-28T17:34:12.425+0000] {processor.py:830} INFO - Processing file /home/airflow/.local/lib/python3.8/site-packages/airflow/example_dags/example_external_task_marker_dag.py for tasks to queue
[2025-04-28T17:34:12.427+0000] {logging_mixin.py:188} INFO - [2025-04-28T17:34:12.427+0000] {dagbag.py:538} INFO - Filling up the DagBag from /home/airflow/.local/lib/python3.8/site-packages/airflow/example_dags/example_external_task_marker_dag.py
[2025-04-28T17:34:12.432+0000] {processor.py:840} INFO - DAG(s) 'example_external_task_marker_parent', 'example_external_task_marker_child' retrieved from /home/airflow/.local/lib/python3.8/site-packages/airflow/example_dags/example_external_task_marker_dag.py
[2025-04-28T17:34:12.457+0000] {logging_mixin.py:188} INFO - [2025-04-28T17:34:12.457+0000] {dag.py:3036} INFO - Sync 2 DAGs
[2025-04-28T17:34:12.466+0000] {logging_mixin.py:188} INFO - [2025-04-28T17:34:12.466+0000] {dag.py:3823} INFO - Setting next_dagrun for example_external_task_marker_child to None, run_after=None
[2025-04-28T17:34:12.469+0000] {logging_mixin.py:188} INFO - [2025-04-28T17:34:12.469+0000] {dag.py:3823} INFO - Setting next_dagrun for example_external_task_marker_parent to None, run_after=None
[2025-04-28T17:34:12.478+0000] {processor.py:183} INFO - Processing /home/airflow/.local/lib/python3.8/site-packages/airflow/example_dags/example_external_task_marker_dag.py took 0.058 seconds
[2025-04-28T17:34:43.219+0000] {processor.py:161} INFO - Started process (PID=354) to work on /home/airflow/.local/lib/python3.8/site-packages/airflow/example_dags/example_external_task_marker_dag.py
[2025-04-28T17:34:43.220+0000] {processor.py:830} INFO - Processing file /home/airflow/.local/lib/python3.8/site-packages/airflow/example_dags/example_external_task_marker_dag.py for tasks to queue
[2025-04-28T17:34:43.222+0000] {logging_mixin.py:188} INFO - [2025-04-28T17:34:43.221+0000] {dagbag.py:538} INFO - Filling up the DagBag from /home/airflow/.local/lib/python3.8/site-packages/airflow/example_dags/example_external_task_marker_dag.py
[2025-04-28T17:34:43.225+0000] {processor.py:840} INFO - DAG(s) 'example_external_task_marker_child', 'example_external_task_marker_parent' retrieved from /home/airflow/.local/lib/python3.8/site-packages/airflow/example_dags/example_external_task_marker_dag.py
[2025-04-28T17:34:43.247+0000] {logging_mixin.py:188} INFO - [2025-04-28T17:34:43.246+0000] {dag.py:3036} INFO - Sync 2 DAGs
[2025-04-28T17:34:43.253+0000] {logging_mixin.py:188} INFO - [2025-04-28T17:34:43.253+0000] {dag.py:3823} INFO - Setting next_dagrun for example_external_task_marker_child to None, run_after=None
[2025-04-28T17:34:43.256+0000] {logging_mixin.py:188} INFO - [2025-04-28T17:34:43.255+0000] {dag.py:3823} INFO - Setting next_dagrun for example_external_task_marker_parent to None, run_after=None
[2025-04-28T17:34:43.266+0000] {processor.py:183} INFO - Processing /home/airflow/.local/lib/python3.8/site-packages/airflow/example_dags/example_external_task_marker_dag.py took 0.052 seconds
[2025-04-28T17:35:13.421+0000] {processor.py:161} INFO - Started process (PID=409) to work on /home/airflow/.local/lib/python3.8/site-packages/airflow/example_dags/example_external_task_marker_dag.py
[2025-04-28T17:35:13.422+0000] {processor.py:830} INFO - Processing file /home/airflow/.local/lib/python3.8/site-packages/airflow/example_dags/example_external_task_marker_dag.py for tasks to queue
[2025-04-28T17:35:13.424+0000] {logging_mixin.py:188} INFO - [2025-04-28T17:35:13.423+0000] {dagbag.py:538} INFO - Filling up the DagBag from /home/airflow/.local/lib/python3.8/site-packages/airflow/example_dags/example_external_task_marker_dag.py
[2025-04-28T17:35:13.427+0000] {processor.py:840} INFO - DAG(s) 'example_external_task_marker_parent', 'example_external_task_marker_child' retrieved from /home/airflow/.local/lib/python3.8/site-packages/airflow/example_dags/example_external_task_marker_dag.py
[2025-04-28T17:35:13.444+0000] {logging_mixin.py:188} INFO - [2025-04-28T17:35:13.444+0000] {dag.py:3036} INFO - Sync 2 DAGs
[2025-04-28T17:35:13.452+0000] {logging_mixin.py:188} INFO - [2025-04-28T17:35:13.451+0000] {dag.py:3823} INFO - Setting next_dagrun for example_external_task_marker_child to None, run_after=None
[2025-04-28T17:35:13.457+0000] {logging_mixin.py:188} INFO - [2025-04-28T17:35:13.457+0000] {dag.py:3823} INFO - Setting next_dagrun for example_external_task_marker_parent to None, run_after=None
[2025-04-28T17:35:13.481+0000] {processor.py:183} INFO - Processing /home/airflow/.local/lib/python3.8/site-packages/airflow/example_dags/example_external_task_marker_dag.py took 0.063 seconds
[2025-04-28T17:35:44.405+0000] {processor.py:161} INFO - Started process (PID=464) to work on /home/airflow/.local/lib/python3.8/site-packages/airflow/example_dags/example_external_task_marker_dag.py
[2025-04-28T17:35:44.408+0000] {processor.py:830} INFO - Processing file /home/airflow/.local/lib/python3.8/site-packages/airflow/example_dags/example_external_task_marker_dag.py for tasks to queue
[2025-04-28T17:35:44.410+0000] {logging_mixin.py:188} INFO - [2025-04-28T17:35:44.409+0000] {dagbag.py:538} INFO - Filling up the DagBag from /home/airflow/.local/lib/python3.8/site-packages/airflow/example_dags/example_external_task_marker_dag.py
[2025-04-28T17:35:44.414+0000] {processor.py:840} INFO - DAG(s) 'example_external_task_marker_child', 'example_external_task_marker_parent' retrieved from /home/airflow/.local/lib/python3.8/site-packages/airflow/example_dags/example_external_task_marker_dag.py
[2025-04-28T17:35:44.430+0000] {logging_mixin.py:188} INFO - [2025-04-28T17:35:44.429+0000] {dag.py:3036} INFO - Sync 2 DAGs
[2025-04-28T17:35:44.445+0000] {logging_mixin.py:188} INFO - [2025-04-28T17:35:44.444+0000] {dag.py:3823} INFO - Setting next_dagrun for example_external_task_marker_child to None, run_after=None
[2025-04-28T17:35:44.447+0000] {logging_mixin.py:188} INFO - [2025-04-28T17:35:44.447+0000] {dag.py:3823} INFO - Setting next_dagrun for example_external_task_marker_parent to None, run_after=None
[2025-04-28T17:35:44.564+0000] {processor.py:183} INFO - Processing /home/airflow/.local/lib/python3.8/site-packages/airflow/example_dags/example_external_task_marker_dag.py took 0.164 seconds
[2025-04-28T17:36:14.994+0000] {processor.py:161} INFO - Started process (PID=519) to work on /home/airflow/.local/lib/python3.8/site-packages/airflow/example_dags/example_external_task_marker_dag.py
[2025-04-28T17:36:14.999+0000] {processor.py:830} INFO - Processing file /home/airflow/.local/lib/python3.8/site-packages/airflow/example_dags/example_external_task_marker_dag.py for tasks to queue
[2025-04-28T17:36:15.002+0000] {logging_mixin.py:188} INFO - [2025-04-28T17:36:15.002+0000] {dagbag.py:538} INFO - Filling up the DagBag from /home/airflow/.local/lib/python3.8/site-packages/airflow/example_dags/example_external_task_marker_dag.py
[2025-04-28T17:36:15.008+0000] {processor.py:840} INFO - DAG(s) 'example_external_task_marker_parent', 'example_external_task_marker_child' retrieved from /home/airflow/.local/lib/python3.8/site-packages/airflow/example_dags/example_external_task_marker_dag.py
[2025-04-28T17:36:15.028+0000] {logging_mixin.py:188} INFO - [2025-04-28T17:36:15.028+0000] {dag.py:3036} INFO - Sync 2 DAGs
[2025-04-28T17:36:15.036+0000] {logging_mixin.py:188} INFO - [2025-04-28T17:36:15.035+0000] {dag.py:3823} INFO - Setting next_dagrun for example_external_task_marker_child to None, run_after=None
[2025-04-28T17:36:15.038+0000] {logging_mixin.py:188} INFO - [2025-04-28T17:36:15.038+0000] {dag.py:3823} INFO - Setting next_dagrun for example_external_task_marker_parent to None, run_after=None
[2025-04-28T17:36:15.052+0000] {processor.py:183} INFO - Processing /home/airflow/.local/lib/python3.8/site-packages/airflow/example_dags/example_external_task_marker_dag.py took 0.061 seconds
[2025-04-28T17:36:45.217+0000] {processor.py:161} INFO - Started process (PID=574) to work on /home/airflow/.local/lib/python3.8/site-packages/airflow/example_dags/example_external_task_marker_dag.py
[2025-04-28T17:36:45.220+0000] {processor.py:830} INFO - Processing file /home/airflow/.local/lib/python3.8/site-packages/airflow/example_dags/example_external_task_marker_dag.py for tasks to queue
[2025-04-28T17:36:45.222+0000] {logging_mixin.py:188} INFO - [2025-04-28T17:36:45.222+0000] {dagbag.py:538} INFO - Filling up the DagBag from /home/airflow/.local/lib/python3.8/site-packages/airflow/example_dags/example_external_task_marker_dag.py
[2025-04-28T17:36:45.225+0000] {processor.py:840} INFO - DAG(s) 'example_external_task_marker_child', 'example_external_task_marker_parent' retrieved from /home/airflow/.local/lib/python3.8/site-packages/airflow/example_dags/example_external_task_marker_dag.py
[2025-04-28T17:36:45.237+0000] {logging_mixin.py:188} INFO - [2025-04-28T17:36:45.237+0000] {dag.py:3036} INFO - Sync 2 DAGs
[2025-04-28T17:36:45.243+0000] {logging_mixin.py:188} INFO - [2025-04-28T17:36:45.243+0000] {dag.py:3823} INFO - Setting next_dagrun for example_external_task_marker_child to None, run_after=None
[2025-04-28T17:36:45.245+0000] {logging_mixin.py:188} INFO - [2025-04-28T17:36:45.245+0000] {dag.py:3823} INFO - Setting next_dagrun for example_external_task_marker_parent to None, run_after=None
[2025-04-28T17:36:45.258+0000] {processor.py:183} INFO - Processing /home/airflow/.local/lib/python3.8/site-packages/airflow/example_dags/example_external_task_marker_dag.py took 0.043 seconds
[2025-04-28T17:37:15.853+0000] {processor.py:161} INFO - Started process (PID=635) to work on /home/airflow/.local/lib/python3.8/site-packages/airflow/example_dags/example_external_task_marker_dag.py
[2025-04-28T17:37:15.854+0000] {processor.py:830} INFO - Processing file /home/airflow/.local/lib/python3.8/site-packages/airflow/example_dags/example_external_task_marker_dag.py for tasks to queue
[2025-04-28T17:37:15.855+0000] {logging_mixin.py:188} INFO - [2025-04-28T17:37:15.855+0000] {dagbag.py:538} INFO - Filling up the DagBag from /home/airflow/.local/lib/python3.8/site-packages/airflow/example_dags/example_external_task_marker_dag.py
[2025-04-28T17:37:15.858+0000] {processor.py:840} INFO - DAG(s) 'example_external_task_marker_child', 'example_external_task_marker_parent' retrieved from /home/airflow/.local/lib/python3.8/site-packages/airflow/example_dags/example_external_task_marker_dag.py
[2025-04-28T17:37:15.878+0000] {logging_mixin.py:188} INFO - [2025-04-28T17:37:15.878+0000] {dag.py:3036} INFO - Sync 2 DAGs
[2025-04-28T17:37:15.885+0000] {logging_mixin.py:188} INFO - [2025-04-28T17:37:15.885+0000] {dag.py:3823} INFO - Setting next_dagrun for example_external_task_marker_child to None, run_after=None
[2025-04-28T17:37:15.887+0000] {logging_mixin.py:188} INFO - [2025-04-28T17:37:15.887+0000] {dag.py:3823} INFO - Setting next_dagrun for example_external_task_marker_parent to None, run_after=None
[2025-04-28T17:37:15.900+0000] {processor.py:183} INFO - Processing /home/airflow/.local/lib/python3.8/site-packages/airflow/example_dags/example_external_task_marker_dag.py took 0.050 seconds
[2025-04-28T17:37:46.438+0000] {processor.py:161} INFO - Started process (PID=696) to work on /home/airflow/.local/lib/python3.8/site-packages/airflow/example_dags/example_external_task_marker_dag.py
[2025-04-28T17:37:46.442+0000] {processor.py:830} INFO - Processing file /home/airflow/.local/lib/python3.8/site-packages/airflow/example_dags/example_external_task_marker_dag.py for tasks to queue
[2025-04-28T17:37:46.443+0000] {logging_mixin.py:188} INFO - [2025-04-28T17:37:46.443+0000] {dagbag.py:538} INFO - Filling up the DagBag from /home/airflow/.local/lib/python3.8/site-packages/airflow/example_dags/example_external_task_marker_dag.py
[2025-04-28T17:37:46.446+0000] {processor.py:840} INFO - DAG(s) 'example_external_task_marker_child', 'example_external_task_marker_parent' retrieved from /home/airflow/.local/lib/python3.8/site-packages/airflow/example_dags/example_external_task_marker_dag.py
[2025-04-28T17:37:46.465+0000] {logging_mixin.py:188} INFO - [2025-04-28T17:37:46.464+0000] {dag.py:3036} INFO - Sync 2 DAGs
[2025-04-28T17:37:46.472+0000] {logging_mixin.py:188} INFO - [2025-04-28T17:37:46.472+0000] {dag.py:3823} INFO - Setting next_dagrun for example_external_task_marker_child to None, run_after=None
[2025-04-28T17:37:46.474+0000] {logging_mixin.py:188} INFO - [2025-04-28T17:37:46.474+0000] {dag.py:3823} INFO - Setting next_dagrun for example_external_task_marker_parent to None, run_after=None
[2025-04-28T17:37:46.481+0000] {processor.py:183} INFO - Processing /home/airflow/.local/lib/python3.8/site-packages/airflow/example_dags/example_external_task_marker_dag.py took 0.046 seconds
[2025-04-28T17:38:17.777+0000] {processor.py:161} INFO - Started process (PID=757) to work on /home/airflow/.local/lib/python3.8/site-packages/airflow/example_dags/example_external_task_marker_dag.py
[2025-04-28T17:38:17.779+0000] {processor.py:830} INFO - Processing file /home/airflow/.local/lib/python3.8/site-packages/airflow/example_dags/example_external_task_marker_dag.py for tasks to queue
[2025-04-28T17:38:17.783+0000] {logging_mixin.py:188} INFO - [2025-04-28T17:38:17.783+0000] {dagbag.py:538} INFO - Filling up the DagBag from /home/airflow/.local/lib/python3.8/site-packages/airflow/example_dags/example_external_task_marker_dag.py
[2025-04-28T17:38:17.812+0000] {processor.py:840} INFO - DAG(s) 'example_external_task_marker_parent', 'example_external_task_marker_child' retrieved from /home/airflow/.local/lib/python3.8/site-packages/airflow/example_dags/example_external_task_marker_dag.py
[2025-04-28T17:38:17.896+0000] {logging_mixin.py:188} INFO - [2025-04-28T17:38:17.895+0000] {dag.py:3036} INFO - Sync 2 DAGs
[2025-04-28T17:38:17.914+0000] {logging_mixin.py:188} INFO - [2025-04-28T17:38:17.914+0000] {dag.py:3823} INFO - Setting next_dagrun for example_external_task_marker_child to None, run_after=None
[2025-04-28T17:38:17.921+0000] {logging_mixin.py:188} INFO - [2025-04-28T17:38:17.920+0000] {dag.py:3823} INFO - Setting next_dagrun for example_external_task_marker_parent to None, run_after=None
[2025-04-28T17:38:17.954+0000] {processor.py:183} INFO - Processing /home/airflow/.local/lib/python3.8/site-packages/airflow/example_dags/example_external_task_marker_dag.py took 0.188 seconds
[2025-04-28T17:38:48.765+0000] {processor.py:161} INFO - Started process (PID=819) to work on /home/airflow/.local/lib/python3.8/site-packages/airflow/example_dags/example_external_task_marker_dag.py
[2025-04-28T17:38:48.766+0000] {processor.py:830} INFO - Processing file /home/airflow/.local/lib/python3.8/site-packages/airflow/example_dags/example_external_task_marker_dag.py for tasks to queue
[2025-04-28T17:38:48.767+0000] {logging_mixin.py:188} INFO - [2025-04-28T17:38:48.767+0000] {dagbag.py:538} INFO - Filling up the DagBag from /home/airflow/.local/lib/python3.8/site-packages/airflow/example_dags/example_external_task_marker_dag.py
[2025-04-28T17:38:48.770+0000] {processor.py:840} INFO - DAG(s) 'example_external_task_marker_parent', 'example_external_task_marker_child' retrieved from /home/airflow/.local/lib/python3.8/site-packages/airflow/example_dags/example_external_task_marker_dag.py
[2025-04-28T17:38:48.789+0000] {logging_mixin.py:188} INFO - [2025-04-28T17:38:48.789+0000] {dag.py:3036} INFO - Sync 2 DAGs
[2025-04-28T17:38:48.796+0000] {logging_mixin.py:188} INFO - [2025-04-28T17:38:48.795+0000] {dag.py:3823} INFO - Setting next_dagrun for example_external_task_marker_child to None, run_after=None
[2025-04-28T17:38:48.799+0000] {logging_mixin.py:188} INFO - [2025-04-28T17:38:48.798+0000] {dag.py:3823} INFO - Setting next_dagrun for example_external_task_marker_parent to None, run_after=None
[2025-04-28T17:38:48.833+0000] {processor.py:183} INFO - Processing /home/airflow/.local/lib/python3.8/site-packages/airflow/example_dags/example_external_task_marker_dag.py took 0.070 seconds
[2025-04-28T17:39:19.823+0000] {processor.py:161} INFO - Started process (PID=876) to work on /home/airflow/.local/lib/python3.8/site-packages/airflow/example_dags/example_external_task_marker_dag.py
[2025-04-28T17:39:19.824+0000] {processor.py:830} INFO - Processing file /home/airflow/.local/lib/python3.8/site-packages/airflow/example_dags/example_external_task_marker_dag.py for tasks to queue
[2025-04-28T17:39:19.826+0000] {logging_mixin.py:188} INFO - [2025-04-28T17:39:19.825+0000] {dagbag.py:538} INFO - Filling up the DagBag from /home/airflow/.local/lib/python3.8/site-packages/airflow/example_dags/example_external_task_marker_dag.py
[2025-04-28T17:39:19.832+0000] {processor.py:840} INFO - DAG(s) 'example_external_task_marker_child', 'example_external_task_marker_parent' retrieved from /home/airflow/.local/lib/python3.8/site-packages/airflow/example_dags/example_external_task_marker_dag.py
[2025-04-28T17:39:19.853+0000] {logging_mixin.py:188} INFO - [2025-04-28T17:39:19.853+0000] {dag.py:3036} INFO - Sync 2 DAGs
[2025-04-28T17:39:19.861+0000] {logging_mixin.py:188} INFO - [2025-04-28T17:39:19.860+0000] {dag.py:3823} INFO - Setting next_dagrun for example_external_task_marker_child to None, run_after=None
[2025-04-28T17:39:19.863+0000] {logging_mixin.py:188} INFO - [2025-04-28T17:39:19.863+0000] {dag.py:3823} INFO - Setting next_dagrun for example_external_task_marker_parent to None, run_after=None
[2025-04-28T17:39:19.872+0000] {processor.py:183} INFO - Processing /home/airflow/.local/lib/python3.8/site-packages/airflow/example_dags/example_external_task_marker_dag.py took 0.052 seconds
[2025-04-28T17:39:51.007+0000] {processor.py:161} INFO - Started process (PID=934) to work on /home/airflow/.local/lib/python3.8/site-packages/airflow/example_dags/example_external_task_marker_dag.py
[2025-04-28T17:39:51.008+0000] {processor.py:830} INFO - Processing file /home/airflow/.local/lib/python3.8/site-packages/airflow/example_dags/example_external_task_marker_dag.py for tasks to queue
[2025-04-28T17:39:51.009+0000] {logging_mixin.py:188} INFO - [2025-04-28T17:39:51.009+0000] {dagbag.py:538} INFO - Filling up the DagBag from /home/airflow/.local/lib/python3.8/site-packages/airflow/example_dags/example_external_task_marker_dag.py
[2025-04-28T17:39:51.013+0000] {processor.py:840} INFO - DAG(s) 'example_external_task_marker_child', 'example_external_task_marker_parent' retrieved from /home/airflow/.local/lib/python3.8/site-packages/airflow/example_dags/example_external_task_marker_dag.py
[2025-04-28T17:39:51.056+0000] {logging_mixin.py:188} INFO - [2025-04-28T17:39:51.055+0000] {dag.py:3036} INFO - Sync 2 DAGs
[2025-04-28T17:39:51.080+0000] {logging_mixin.py:188} INFO - [2025-04-28T17:39:51.078+0000] {dag.py:3823} INFO - Setting next_dagrun for example_external_task_marker_child to None, run_after=None
[2025-04-28T17:39:51.094+0000] {logging_mixin.py:188} INFO - [2025-04-28T17:39:51.094+0000] {dag.py:3823} INFO - Setting next_dagrun for example_external_task_marker_parent to None, run_after=None
[2025-04-28T17:39:51.116+0000] {processor.py:183} INFO - Processing /home/airflow/.local/lib/python3.8/site-packages/airflow/example_dags/example_external_task_marker_dag.py took 0.112 seconds
[2025-04-28T17:40:21.219+0000] {processor.py:161} INFO - Started process (PID=994) to work on /home/airflow/.local/lib/python3.8/site-packages/airflow/example_dags/example_external_task_marker_dag.py
[2025-04-28T17:40:21.223+0000] {processor.py:830} INFO - Processing file /home/airflow/.local/lib/python3.8/site-packages/airflow/example_dags/example_external_task_marker_dag.py for tasks to queue
[2025-04-28T17:40:21.224+0000] {logging_mixin.py:188} INFO - [2025-04-28T17:40:21.224+0000] {dagbag.py:538} INFO - Filling up the DagBag from /home/airflow/.local/lib/python3.8/site-packages/airflow/example_dags/example_external_task_marker_dag.py
[2025-04-28T17:40:21.229+0000] {processor.py:840} INFO - DAG(s) 'example_external_task_marker_child', 'example_external_task_marker_parent' retrieved from /home/airflow/.local/lib/python3.8/site-packages/airflow/example_dags/example_external_task_marker_dag.py
[2025-04-28T17:40:21.244+0000] {logging_mixin.py:188} INFO - [2025-04-28T17:40:21.243+0000] {dag.py:3036} INFO - Sync 2 DAGs
[2025-04-28T17:40:21.252+0000] {logging_mixin.py:188} INFO - [2025-04-28T17:40:21.252+0000] {dag.py:3823} INFO - Setting next_dagrun for example_external_task_marker_child to None, run_after=None
[2025-04-28T17:40:21.254+0000] {logging_mixin.py:188} INFO - [2025-04-28T17:40:21.254+0000] {dag.py:3823} INFO - Setting next_dagrun for example_external_task_marker_parent to None, run_after=None
[2025-04-28T17:40:21.267+0000] {processor.py:183} INFO - Processing /home/airflow/.local/lib/python3.8/site-packages/airflow/example_dags/example_external_task_marker_dag.py took 0.051 seconds
[2025-04-28T17:40:51.353+0000] {processor.py:161} INFO - Started process (PID=1053) to work on /home/airflow/.local/lib/python3.8/site-packages/airflow/example_dags/example_external_task_marker_dag.py
[2025-04-28T17:40:51.355+0000] {processor.py:830} INFO - Processing file /home/airflow/.local/lib/python3.8/site-packages/airflow/example_dags/example_external_task_marker_dag.py for tasks to queue
[2025-04-28T17:40:51.356+0000] {logging_mixin.py:188} INFO - [2025-04-28T17:40:51.355+0000] {dagbag.py:538} INFO - Filling up the DagBag from /home/airflow/.local/lib/python3.8/site-packages/airflow/example_dags/example_external_task_marker_dag.py
[2025-04-28T17:40:51.359+0000] {processor.py:840} INFO - DAG(s) 'example_external_task_marker_parent', 'example_external_task_marker_child' retrieved from /home/airflow/.local/lib/python3.8/site-packages/airflow/example_dags/example_external_task_marker_dag.py
[2025-04-28T17:40:51.373+0000] {logging_mixin.py:188} INFO - [2025-04-28T17:40:51.372+0000] {dag.py:3036} INFO - Sync 2 DAGs
[2025-04-28T17:40:51.381+0000] {logging_mixin.py:188} INFO - [2025-04-28T17:40:51.381+0000] {dag.py:3823} INFO - Setting next_dagrun for example_external_task_marker_child to None, run_after=None
[2025-04-28T17:40:51.384+0000] {logging_mixin.py:188} INFO - [2025-04-28T17:40:51.384+0000] {dag.py:3823} INFO - Setting next_dagrun for example_external_task_marker_parent to None, run_after=None
[2025-04-28T17:40:51.402+0000] {processor.py:183} INFO - Processing /home/airflow/.local/lib/python3.8/site-packages/airflow/example_dags/example_external_task_marker_dag.py took 0.051 seconds
[2025-04-28T17:41:21.574+0000] {processor.py:161} INFO - Started process (PID=1109) to work on /home/airflow/.local/lib/python3.8/site-packages/airflow/example_dags/example_external_task_marker_dag.py
[2025-04-28T17:41:21.577+0000] {processor.py:830} INFO - Processing file /home/airflow/.local/lib/python3.8/site-packages/airflow/example_dags/example_external_task_marker_dag.py for tasks to queue
[2025-04-28T17:41:21.578+0000] {logging_mixin.py:188} INFO - [2025-04-28T17:41:21.578+0000] {dagbag.py:538} INFO - Filling up the DagBag from /home/airflow/.local/lib/python3.8/site-packages/airflow/example_dags/example_external_task_marker_dag.py
[2025-04-28T17:41:21.581+0000] {processor.py:840} INFO - DAG(s) 'example_external_task_marker_child', 'example_external_task_marker_parent' retrieved from /home/airflow/.local/lib/python3.8/site-packages/airflow/example_dags/example_external_task_marker_dag.py
[2025-04-28T17:41:21.598+0000] {logging_mixin.py:188} INFO - [2025-04-28T17:41:21.597+0000] {dag.py:3036} INFO - Sync 2 DAGs
[2025-04-28T17:41:21.606+0000] {logging_mixin.py:188} INFO - [2025-04-28T17:41:21.606+0000] {dag.py:3823} INFO - Setting next_dagrun for example_external_task_marker_child to None, run_after=None
[2025-04-28T17:41:21.609+0000] {logging_mixin.py:188} INFO - [2025-04-28T17:41:21.609+0000] {dag.py:3823} INFO - Setting next_dagrun for example_external_task_marker_parent to None, run_after=None
[2025-04-28T17:41:21.618+0000] {processor.py:183} INFO - Processing /home/airflow/.local/lib/python3.8/site-packages/airflow/example_dags/example_external_task_marker_dag.py took 0.048 seconds
[2025-04-28T17:42:56.973+0000] {processor.py:161} INFO - Started process (PID=94) to work on /home/airflow/.local/lib/python3.8/site-packages/airflow/example_dags/example_external_task_marker_dag.py
[2025-04-28T17:42:56.978+0000] {processor.py:830} INFO - Processing file /home/airflow/.local/lib/python3.8/site-packages/airflow/example_dags/example_external_task_marker_dag.py for tasks to queue
[2025-04-28T17:42:57.010+0000] {logging_mixin.py:188} INFO - [2025-04-28T17:42:57.006+0000] {dagbag.py:538} INFO - Filling up the DagBag from /home/airflow/.local/lib/python3.8/site-packages/airflow/example_dags/example_external_task_marker_dag.py
[2025-04-28T17:42:57.051+0000] {processor.py:840} INFO - DAG(s) 'example_external_task_marker_parent', 'example_external_task_marker_child' retrieved from /home/airflow/.local/lib/python3.8/site-packages/airflow/example_dags/example_external_task_marker_dag.py
[2025-04-28T17:42:57.456+0000] {logging_mixin.py:188} INFO - [2025-04-28T17:42:57.455+0000] {dag.py:3036} INFO - Sync 2 DAGs
[2025-04-28T17:42:57.513+0000] {logging_mixin.py:188} INFO - [2025-04-28T17:42:57.513+0000] {dag.py:3823} INFO - Setting next_dagrun for example_external_task_marker_child to None, run_after=None
[2025-04-28T17:42:57.529+0000] {logging_mixin.py:188} INFO - [2025-04-28T17:42:57.528+0000] {dag.py:3823} INFO - Setting next_dagrun for example_external_task_marker_parent to None, run_after=None
[2025-04-28T17:42:57.627+0000] {processor.py:183} INFO - Processing /home/airflow/.local/lib/python3.8/site-packages/airflow/example_dags/example_external_task_marker_dag.py took 0.680 seconds
[2025-04-28T17:43:28.380+0000] {processor.py:161} INFO - Started process (PID=150) to work on /home/airflow/.local/lib/python3.8/site-packages/airflow/example_dags/example_external_task_marker_dag.py
[2025-04-28T17:43:28.384+0000] {processor.py:830} INFO - Processing file /home/airflow/.local/lib/python3.8/site-packages/airflow/example_dags/example_external_task_marker_dag.py for tasks to queue
[2025-04-28T17:43:28.403+0000] {logging_mixin.py:188} INFO - [2025-04-28T17:43:28.401+0000] {dagbag.py:538} INFO - Filling up the DagBag from /home/airflow/.local/lib/python3.8/site-packages/airflow/example_dags/example_external_task_marker_dag.py
[2025-04-28T17:43:28.425+0000] {processor.py:840} INFO - DAG(s) 'example_external_task_marker_child', 'example_external_task_marker_parent' retrieved from /home/airflow/.local/lib/python3.8/site-packages/airflow/example_dags/example_external_task_marker_dag.py
[2025-04-28T17:43:28.486+0000] {logging_mixin.py:188} INFO - [2025-04-28T17:43:28.486+0000] {dag.py:3036} INFO - Sync 2 DAGs
[2025-04-28T17:43:28.502+0000] {logging_mixin.py:188} INFO - [2025-04-28T17:43:28.501+0000] {dag.py:3823} INFO - Setting next_dagrun for example_external_task_marker_child to None, run_after=None
[2025-04-28T17:43:28.514+0000] {logging_mixin.py:188} INFO - [2025-04-28T17:43:28.514+0000] {dag.py:3823} INFO - Setting next_dagrun for example_external_task_marker_parent to None, run_after=None
[2025-04-28T17:43:28.535+0000] {processor.py:183} INFO - Processing /home/airflow/.local/lib/python3.8/site-packages/airflow/example_dags/example_external_task_marker_dag.py took 0.172 seconds
[2025-04-28T17:43:58.909+0000] {processor.py:161} INFO - Started process (PID=206) to work on /home/airflow/.local/lib/python3.8/site-packages/airflow/example_dags/example_external_task_marker_dag.py
[2025-04-28T17:43:58.912+0000] {processor.py:830} INFO - Processing file /home/airflow/.local/lib/python3.8/site-packages/airflow/example_dags/example_external_task_marker_dag.py for tasks to queue
[2025-04-28T17:43:58.916+0000] {logging_mixin.py:188} INFO - [2025-04-28T17:43:58.915+0000] {dagbag.py:538} INFO - Filling up the DagBag from /home/airflow/.local/lib/python3.8/site-packages/airflow/example_dags/example_external_task_marker_dag.py
[2025-04-28T17:43:58.934+0000] {processor.py:840} INFO - DAG(s) 'example_external_task_marker_child', 'example_external_task_marker_parent' retrieved from /home/airflow/.local/lib/python3.8/site-packages/airflow/example_dags/example_external_task_marker_dag.py
[2025-04-28T17:43:58.970+0000] {logging_mixin.py:188} INFO - [2025-04-28T17:43:58.969+0000] {dag.py:3036} INFO - Sync 2 DAGs
[2025-04-28T17:43:58.981+0000] {logging_mixin.py:188} INFO - [2025-04-28T17:43:58.980+0000] {dag.py:3823} INFO - Setting next_dagrun for example_external_task_marker_child to None, run_after=None
[2025-04-28T17:43:58.984+0000] {logging_mixin.py:188} INFO - [2025-04-28T17:43:58.984+0000] {dag.py:3823} INFO - Setting next_dagrun for example_external_task_marker_parent to None, run_after=None
[2025-04-28T17:43:59.000+0000] {processor.py:183} INFO - Processing /home/airflow/.local/lib/python3.8/site-packages/airflow/example_dags/example_external_task_marker_dag.py took 0.099 seconds
[2025-04-28T17:44:29.517+0000] {processor.py:161} INFO - Started process (PID=262) to work on /home/airflow/.local/lib/python3.8/site-packages/airflow/example_dags/example_external_task_marker_dag.py
[2025-04-28T17:44:29.519+0000] {processor.py:830} INFO - Processing file /home/airflow/.local/lib/python3.8/site-packages/airflow/example_dags/example_external_task_marker_dag.py for tasks to queue
[2025-04-28T17:44:29.523+0000] {logging_mixin.py:188} INFO - [2025-04-28T17:44:29.522+0000] {dagbag.py:538} INFO - Filling up the DagBag from /home/airflow/.local/lib/python3.8/site-packages/airflow/example_dags/example_external_task_marker_dag.py
[2025-04-28T17:44:29.533+0000] {processor.py:840} INFO - DAG(s) 'example_external_task_marker_child', 'example_external_task_marker_parent' retrieved from /home/airflow/.local/lib/python3.8/site-packages/airflow/example_dags/example_external_task_marker_dag.py
[2025-04-28T17:44:29.580+0000] {logging_mixin.py:188} INFO - [2025-04-28T17:44:29.580+0000] {dag.py:3036} INFO - Sync 2 DAGs
[2025-04-28T17:44:29.589+0000] {logging_mixin.py:188} INFO - [2025-04-28T17:44:29.589+0000] {dag.py:3823} INFO - Setting next_dagrun for example_external_task_marker_child to None, run_after=None
[2025-04-28T17:44:29.592+0000] {logging_mixin.py:188} INFO - [2025-04-28T17:44:29.592+0000] {dag.py:3823} INFO - Setting next_dagrun for example_external_task_marker_parent to None, run_after=None
[2025-04-28T17:44:29.611+0000] {processor.py:183} INFO - Processing /home/airflow/.local/lib/python3.8/site-packages/airflow/example_dags/example_external_task_marker_dag.py took 0.097 seconds
[2025-04-28T17:45:01.559+0000] {processor.py:161} INFO - Started process (PID=318) to work on /home/airflow/.local/lib/python3.8/site-packages/airflow/example_dags/example_external_task_marker_dag.py
[2025-04-28T17:45:01.564+0000] {processor.py:830} INFO - Processing file /home/airflow/.local/lib/python3.8/site-packages/airflow/example_dags/example_external_task_marker_dag.py for tasks to queue
[2025-04-28T17:45:01.566+0000] {logging_mixin.py:188} INFO - [2025-04-28T17:45:01.566+0000] {dagbag.py:538} INFO - Filling up the DagBag from /home/airflow/.local/lib/python3.8/site-packages/airflow/example_dags/example_external_task_marker_dag.py
[2025-04-28T17:45:01.573+0000] {processor.py:840} INFO - DAG(s) 'example_external_task_marker_child', 'example_external_task_marker_parent' retrieved from /home/airflow/.local/lib/python3.8/site-packages/airflow/example_dags/example_external_task_marker_dag.py
[2025-04-28T17:45:01.606+0000] {logging_mixin.py:188} INFO - [2025-04-28T17:45:01.606+0000] {dag.py:3036} INFO - Sync 2 DAGs
[2025-04-28T17:45:01.620+0000] {logging_mixin.py:188} INFO - [2025-04-28T17:45:01.620+0000] {dag.py:3823} INFO - Setting next_dagrun for example_external_task_marker_child to None, run_after=None
[2025-04-28T17:45:01.623+0000] {logging_mixin.py:188} INFO - [2025-04-28T17:45:01.623+0000] {dag.py:3823} INFO - Setting next_dagrun for example_external_task_marker_parent to None, run_after=None
[2025-04-28T17:45:01.641+0000] {processor.py:183} INFO - Processing /home/airflow/.local/lib/python3.8/site-packages/airflow/example_dags/example_external_task_marker_dag.py took 0.092 seconds
[2025-04-28T17:45:33.449+0000] {processor.py:161} INFO - Started process (PID=374) to work on /home/airflow/.local/lib/python3.8/site-packages/airflow/example_dags/example_external_task_marker_dag.py
[2025-04-28T17:45:33.455+0000] {processor.py:830} INFO - Processing file /home/airflow/.local/lib/python3.8/site-packages/airflow/example_dags/example_external_task_marker_dag.py for tasks to queue
[2025-04-28T17:45:33.459+0000] {logging_mixin.py:188} INFO - [2025-04-28T17:45:33.459+0000] {dagbag.py:538} INFO - Filling up the DagBag from /home/airflow/.local/lib/python3.8/site-packages/airflow/example_dags/example_external_task_marker_dag.py
[2025-04-28T17:45:33.472+0000] {processor.py:840} INFO - DAG(s) 'example_external_task_marker_child', 'example_external_task_marker_parent' retrieved from /home/airflow/.local/lib/python3.8/site-packages/airflow/example_dags/example_external_task_marker_dag.py
[2025-04-28T17:45:33.514+0000] {logging_mixin.py:188} INFO - [2025-04-28T17:45:33.514+0000] {dag.py:3036} INFO - Sync 2 DAGs
[2025-04-28T17:45:33.532+0000] {logging_mixin.py:188} INFO - [2025-04-28T17:45:33.532+0000] {dag.py:3823} INFO - Setting next_dagrun for example_external_task_marker_child to None, run_after=None
[2025-04-28T17:45:33.537+0000] {logging_mixin.py:188} INFO - [2025-04-28T17:45:33.537+0000] {dag.py:3823} INFO - Setting next_dagrun for example_external_task_marker_parent to None, run_after=None
[2025-04-28T17:45:33.571+0000] {processor.py:183} INFO - Processing /home/airflow/.local/lib/python3.8/site-packages/airflow/example_dags/example_external_task_marker_dag.py took 0.139 seconds
[2025-04-28T17:46:04.151+0000] {processor.py:161} INFO - Started process (PID=430) to work on /home/airflow/.local/lib/python3.8/site-packages/airflow/example_dags/example_external_task_marker_dag.py
[2025-04-28T17:46:04.152+0000] {processor.py:830} INFO - Processing file /home/airflow/.local/lib/python3.8/site-packages/airflow/example_dags/example_external_task_marker_dag.py for tasks to queue
[2025-04-28T17:46:04.155+0000] {logging_mixin.py:188} INFO - [2025-04-28T17:46:04.155+0000] {dagbag.py:538} INFO - Filling up the DagBag from /home/airflow/.local/lib/python3.8/site-packages/airflow/example_dags/example_external_task_marker_dag.py
[2025-04-28T17:46:04.159+0000] {processor.py:840} INFO - DAG(s) 'example_external_task_marker_child', 'example_external_task_marker_parent' retrieved from /home/airflow/.local/lib/python3.8/site-packages/airflow/example_dags/example_external_task_marker_dag.py
[2025-04-28T17:46:04.173+0000] {logging_mixin.py:188} INFO - [2025-04-28T17:46:04.172+0000] {dag.py:3036} INFO - Sync 2 DAGs
[2025-04-28T17:46:04.180+0000] {logging_mixin.py:188} INFO - [2025-04-28T17:46:04.180+0000] {dag.py:3823} INFO - Setting next_dagrun for example_external_task_marker_child to None, run_after=None
[2025-04-28T17:46:04.182+0000] {logging_mixin.py:188} INFO - [2025-04-28T17:46:04.182+0000] {dag.py:3823} INFO - Setting next_dagrun for example_external_task_marker_parent to None, run_after=None
[2025-04-28T17:46:04.198+0000] {processor.py:183} INFO - Processing /home/airflow/.local/lib/python3.8/site-packages/airflow/example_dags/example_external_task_marker_dag.py took 0.051 seconds
[2025-04-28T17:46:34.493+0000] {processor.py:161} INFO - Started process (PID=486) to work on /home/airflow/.local/lib/python3.8/site-packages/airflow/example_dags/example_external_task_marker_dag.py
[2025-04-28T17:46:34.497+0000] {processor.py:830} INFO - Processing file /home/airflow/.local/lib/python3.8/site-packages/airflow/example_dags/example_external_task_marker_dag.py for tasks to queue
[2025-04-28T17:46:34.498+0000] {logging_mixin.py:188} INFO - [2025-04-28T17:46:34.498+0000] {dagbag.py:538} INFO - Filling up the DagBag from /home/airflow/.local/lib/python3.8/site-packages/airflow/example_dags/example_external_task_marker_dag.py
[2025-04-28T17:46:34.502+0000] {processor.py:840} INFO - DAG(s) 'example_external_task_marker_child', 'example_external_task_marker_parent' retrieved from /home/airflow/.local/lib/python3.8/site-packages/airflow/example_dags/example_external_task_marker_dag.py
[2025-04-28T17:46:34.524+0000] {logging_mixin.py:188} INFO - [2025-04-28T17:46:34.524+0000] {dag.py:3036} INFO - Sync 2 DAGs
[2025-04-28T17:46:34.534+0000] {logging_mixin.py:188} INFO - [2025-04-28T17:46:34.534+0000] {dag.py:3823} INFO - Setting next_dagrun for example_external_task_marker_child to None, run_after=None
[2025-04-28T17:46:34.536+0000] {logging_mixin.py:188} INFO - [2025-04-28T17:46:34.536+0000] {dag.py:3823} INFO - Setting next_dagrun for example_external_task_marker_parent to None, run_after=None
[2025-04-28T17:46:34.545+0000] {processor.py:183} INFO - Processing /home/airflow/.local/lib/python3.8/site-packages/airflow/example_dags/example_external_task_marker_dag.py took 0.054 seconds
