[2025-04-28T17:32:07.533+0000] {processor.py:161} INFO - Started process (PID=73) to work on /home/airflow/.local/lib/python3.8/site-packages/airflow/example_dags/example_task_group.py
[2025-04-28T17:32:07.535+0000] {processor.py:830} INFO - Processing file /home/airflow/.local/lib/python3.8/site-packages/airflow/example_dags/example_task_group.py for tasks to queue
[2025-04-28T17:32:07.539+0000] {logging_mixin.py:188} INFO - [2025-04-28T17:32:07.538+0000] {dagbag.py:538} INFO - Filling up the DagBag from /home/airflow/.local/lib/python3.8/site-packages/airflow/example_dags/example_task_group.py
[2025-04-28T17:32:07.558+0000] {processor.py:840} INFO - DAG(s) 'example_task_group' retrieved from /home/airflow/.local/lib/python3.8/site-packages/airflow/example_dags/example_task_group.py
[2025-04-28T17:32:07.582+0000] {logging_mixin.py:188} INFO - [2025-04-28T17:32:07.581+0000] {dag.py:3036} INFO - Sync 1 DAGs
[2025-04-28T17:32:07.627+0000] {logging_mixin.py:188} INFO - [2025-04-28T17:32:07.627+0000] {dag.py:3823} INFO - Setting next_dagrun for example_task_group to 2025-04-27 00:00:00+00:00, run_after=2025-04-28 00:00:00+00:00
[2025-04-28T17:32:07.854+0000] {processor.py:183} INFO - Processing /home/airflow/.local/lib/python3.8/site-packages/airflow/example_dags/example_task_group.py took 0.328 seconds
[2025-04-28T17:32:38.762+0000] {processor.py:161} INFO - Started process (PID=128) to work on /home/airflow/.local/lib/python3.8/site-packages/airflow/example_dags/example_task_group.py
[2025-04-28T17:32:38.763+0000] {processor.py:830} INFO - Processing file /home/airflow/.local/lib/python3.8/site-packages/airflow/example_dags/example_task_group.py for tasks to queue
[2025-04-28T17:32:38.765+0000] {logging_mixin.py:188} INFO - [2025-04-28T17:32:38.765+0000] {dagbag.py:538} INFO - Filling up the DagBag from /home/airflow/.local/lib/python3.8/site-packages/airflow/example_dags/example_task_group.py
[2025-04-28T17:32:38.780+0000] {processor.py:840} INFO - DAG(s) 'example_task_group' retrieved from /home/airflow/.local/lib/python3.8/site-packages/airflow/example_dags/example_task_group.py
[2025-04-28T17:32:38.860+0000] {logging_mixin.py:188} INFO - [2025-04-28T17:32:38.860+0000] {dag.py:3036} INFO - Sync 1 DAGs
[2025-04-28T17:32:38.872+0000] {logging_mixin.py:188} INFO - [2025-04-28T17:32:38.872+0000] {dag.py:3823} INFO - Setting next_dagrun for example_task_group to 2025-04-27 00:00:00+00:00, run_after=2025-04-28 00:00:00+00:00
[2025-04-28T17:32:38.884+0000] {processor.py:183} INFO - Processing /home/airflow/.local/lib/python3.8/site-packages/airflow/example_dags/example_task_group.py took 0.124 seconds
[2025-04-28T17:33:10.661+0000] {processor.py:161} INFO - Started process (PID=183) to work on /home/airflow/.local/lib/python3.8/site-packages/airflow/example_dags/example_task_group.py
[2025-04-28T17:33:10.689+0000] {processor.py:830} INFO - Processing file /home/airflow/.local/lib/python3.8/site-packages/airflow/example_dags/example_task_group.py for tasks to queue
[2025-04-28T17:33:10.694+0000] {logging_mixin.py:188} INFO - [2025-04-28T17:33:10.693+0000] {dagbag.py:538} INFO - Filling up the DagBag from /home/airflow/.local/lib/python3.8/site-packages/airflow/example_dags/example_task_group.py
[2025-04-28T17:33:10.713+0000] {processor.py:840} INFO - DAG(s) 'example_task_group' retrieved from /home/airflow/.local/lib/python3.8/site-packages/airflow/example_dags/example_task_group.py
[2025-04-28T17:33:10.813+0000] {logging_mixin.py:188} INFO - [2025-04-28T17:33:10.813+0000] {dag.py:3036} INFO - Sync 1 DAGs
[2025-04-28T17:33:10.897+0000] {logging_mixin.py:188} INFO - [2025-04-28T17:33:10.896+0000] {dag.py:3823} INFO - Setting next_dagrun for example_task_group to 2025-04-27 00:00:00+00:00, run_after=2025-04-28 00:00:00+00:00
[2025-04-28T17:33:10.942+0000] {processor.py:183} INFO - Processing /home/airflow/.local/lib/python3.8/site-packages/airflow/example_dags/example_task_group.py took 0.316 seconds
[2025-04-28T17:33:41.566+0000] {processor.py:161} INFO - Started process (PID=238) to work on /home/airflow/.local/lib/python3.8/site-packages/airflow/example_dags/example_task_group.py
[2025-04-28T17:33:41.569+0000] {processor.py:830} INFO - Processing file /home/airflow/.local/lib/python3.8/site-packages/airflow/example_dags/example_task_group.py for tasks to queue
[2025-04-28T17:33:41.571+0000] {logging_mixin.py:188} INFO - [2025-04-28T17:33:41.571+0000] {dagbag.py:538} INFO - Filling up the DagBag from /home/airflow/.local/lib/python3.8/site-packages/airflow/example_dags/example_task_group.py
[2025-04-28T17:33:41.580+0000] {processor.py:840} INFO - DAG(s) 'example_task_group' retrieved from /home/airflow/.local/lib/python3.8/site-packages/airflow/example_dags/example_task_group.py
[2025-04-28T17:33:41.616+0000] {logging_mixin.py:188} INFO - [2025-04-28T17:33:41.615+0000] {dag.py:3036} INFO - Sync 1 DAGs
[2025-04-28T17:33:41.635+0000] {logging_mixin.py:188} INFO - [2025-04-28T17:33:41.634+0000] {dag.py:3823} INFO - Setting next_dagrun for example_task_group to 2025-04-27 00:00:00+00:00, run_after=2025-04-28 00:00:00+00:00
[2025-04-28T17:33:41.653+0000] {processor.py:183} INFO - Processing /home/airflow/.local/lib/python3.8/site-packages/airflow/example_dags/example_task_group.py took 0.091 seconds
[2025-04-28T17:34:11.812+0000] {processor.py:161} INFO - Started process (PID=293) to work on /home/airflow/.local/lib/python3.8/site-packages/airflow/example_dags/example_task_group.py
[2025-04-28T17:34:11.813+0000] {processor.py:830} INFO - Processing file /home/airflow/.local/lib/python3.8/site-packages/airflow/example_dags/example_task_group.py for tasks to queue
[2025-04-28T17:34:11.815+0000] {logging_mixin.py:188} INFO - [2025-04-28T17:34:11.815+0000] {dagbag.py:538} INFO - Filling up the DagBag from /home/airflow/.local/lib/python3.8/site-packages/airflow/example_dags/example_task_group.py
[2025-04-28T17:34:11.821+0000] {processor.py:840} INFO - DAG(s) 'example_task_group' retrieved from /home/airflow/.local/lib/python3.8/site-packages/airflow/example_dags/example_task_group.py
[2025-04-28T17:34:11.845+0000] {logging_mixin.py:188} INFO - [2025-04-28T17:34:11.843+0000] {dag.py:3036} INFO - Sync 1 DAGs
[2025-04-28T17:34:11.862+0000] {logging_mixin.py:188} INFO - [2025-04-28T17:34:11.862+0000] {dag.py:3823} INFO - Setting next_dagrun for example_task_group to 2025-04-27 00:00:00+00:00, run_after=2025-04-28 00:00:00+00:00
[2025-04-28T17:34:11.895+0000] {processor.py:183} INFO - Processing /home/airflow/.local/lib/python3.8/site-packages/airflow/example_dags/example_task_group.py took 0.085 seconds
[2025-04-28T17:34:42.723+0000] {processor.py:161} INFO - Started process (PID=348) to work on /home/airflow/.local/lib/python3.8/site-packages/airflow/example_dags/example_task_group.py
[2025-04-28T17:34:42.724+0000] {processor.py:830} INFO - Processing file /home/airflow/.local/lib/python3.8/site-packages/airflow/example_dags/example_task_group.py for tasks to queue
[2025-04-28T17:34:42.725+0000] {logging_mixin.py:188} INFO - [2025-04-28T17:34:42.725+0000] {dagbag.py:538} INFO - Filling up the DagBag from /home/airflow/.local/lib/python3.8/site-packages/airflow/example_dags/example_task_group.py
[2025-04-28T17:34:42.729+0000] {processor.py:840} INFO - DAG(s) 'example_task_group' retrieved from /home/airflow/.local/lib/python3.8/site-packages/airflow/example_dags/example_task_group.py
[2025-04-28T17:34:42.743+0000] {logging_mixin.py:188} INFO - [2025-04-28T17:34:42.742+0000] {dag.py:3036} INFO - Sync 1 DAGs
[2025-04-28T17:34:42.769+0000] {logging_mixin.py:188} INFO - [2025-04-28T17:34:42.769+0000] {dag.py:3823} INFO - Setting next_dagrun for example_task_group to 2025-04-27 00:00:00+00:00, run_after=2025-04-28 00:00:00+00:00
[2025-04-28T17:34:42.796+0000] {processor.py:183} INFO - Processing /home/airflow/.local/lib/python3.8/site-packages/airflow/example_dags/example_task_group.py took 0.075 seconds
[2025-04-28T17:35:13.135+0000] {processor.py:161} INFO - Started process (PID=403) to work on /home/airflow/.local/lib/python3.8/site-packages/airflow/example_dags/example_task_group.py
[2025-04-28T17:35:13.137+0000] {processor.py:830} INFO - Processing file /home/airflow/.local/lib/python3.8/site-packages/airflow/example_dags/example_task_group.py for tasks to queue
[2025-04-28T17:35:13.138+0000] {logging_mixin.py:188} INFO - [2025-04-28T17:35:13.138+0000] {dagbag.py:538} INFO - Filling up the DagBag from /home/airflow/.local/lib/python3.8/site-packages/airflow/example_dags/example_task_group.py
[2025-04-28T17:35:13.145+0000] {processor.py:840} INFO - DAG(s) 'example_task_group' retrieved from /home/airflow/.local/lib/python3.8/site-packages/airflow/example_dags/example_task_group.py
[2025-04-28T17:35:13.164+0000] {logging_mixin.py:188} INFO - [2025-04-28T17:35:13.164+0000] {dag.py:3036} INFO - Sync 1 DAGs
[2025-04-28T17:35:13.180+0000] {logging_mixin.py:188} INFO - [2025-04-28T17:35:13.180+0000] {dag.py:3823} INFO - Setting next_dagrun for example_task_group to 2025-04-27 00:00:00+00:00, run_after=2025-04-28 00:00:00+00:00
[2025-04-28T17:35:13.201+0000] {processor.py:183} INFO - Processing /home/airflow/.local/lib/python3.8/site-packages/airflow/example_dags/example_task_group.py took 0.081 seconds
[2025-04-28T17:35:43.906+0000] {processor.py:161} INFO - Started process (PID=458) to work on /home/airflow/.local/lib/python3.8/site-packages/airflow/example_dags/example_task_group.py
[2025-04-28T17:35:43.908+0000] {processor.py:830} INFO - Processing file /home/airflow/.local/lib/python3.8/site-packages/airflow/example_dags/example_task_group.py for tasks to queue
[2025-04-28T17:35:43.911+0000] {logging_mixin.py:188} INFO - [2025-04-28T17:35:43.911+0000] {dagbag.py:538} INFO - Filling up the DagBag from /home/airflow/.local/lib/python3.8/site-packages/airflow/example_dags/example_task_group.py
[2025-04-28T17:35:43.917+0000] {processor.py:840} INFO - DAG(s) 'example_task_group' retrieved from /home/airflow/.local/lib/python3.8/site-packages/airflow/example_dags/example_task_group.py
[2025-04-28T17:35:44.019+0000] {logging_mixin.py:188} INFO - [2025-04-28T17:35:44.019+0000] {dag.py:3036} INFO - Sync 1 DAGs
[2025-04-28T17:35:44.035+0000] {logging_mixin.py:188} INFO - [2025-04-28T17:35:44.035+0000] {dag.py:3823} INFO - Setting next_dagrun for example_task_group to 2025-04-27 00:00:00+00:00, run_after=2025-04-28 00:00:00+00:00
[2025-04-28T17:35:44.049+0000] {processor.py:183} INFO - Processing /home/airflow/.local/lib/python3.8/site-packages/airflow/example_dags/example_task_group.py took 0.153 seconds
[2025-04-28T17:36:14.662+0000] {processor.py:161} INFO - Started process (PID=513) to work on /home/airflow/.local/lib/python3.8/site-packages/airflow/example_dags/example_task_group.py
[2025-04-28T17:36:14.666+0000] {processor.py:830} INFO - Processing file /home/airflow/.local/lib/python3.8/site-packages/airflow/example_dags/example_task_group.py for tasks to queue
[2025-04-28T17:36:14.668+0000] {logging_mixin.py:188} INFO - [2025-04-28T17:36:14.668+0000] {dagbag.py:538} INFO - Filling up the DagBag from /home/airflow/.local/lib/python3.8/site-packages/airflow/example_dags/example_task_group.py
[2025-04-28T17:36:14.672+0000] {processor.py:840} INFO - DAG(s) 'example_task_group' retrieved from /home/airflow/.local/lib/python3.8/site-packages/airflow/example_dags/example_task_group.py
[2025-04-28T17:36:14.684+0000] {logging_mixin.py:188} INFO - [2025-04-28T17:36:14.684+0000] {dag.py:3036} INFO - Sync 1 DAGs
[2025-04-28T17:36:14.693+0000] {logging_mixin.py:188} INFO - [2025-04-28T17:36:14.693+0000] {dag.py:3823} INFO - Setting next_dagrun for example_task_group to 2025-04-27 00:00:00+00:00, run_after=2025-04-28 00:00:00+00:00
[2025-04-28T17:36:14.701+0000] {processor.py:183} INFO - Processing /home/airflow/.local/lib/python3.8/site-packages/airflow/example_dags/example_task_group.py took 0.044 seconds
[2025-04-28T17:36:44.946+0000] {processor.py:161} INFO - Started process (PID=568) to work on /home/airflow/.local/lib/python3.8/site-packages/airflow/example_dags/example_task_group.py
[2025-04-28T17:36:44.947+0000] {processor.py:830} INFO - Processing file /home/airflow/.local/lib/python3.8/site-packages/airflow/example_dags/example_task_group.py for tasks to queue
[2025-04-28T17:36:44.948+0000] {logging_mixin.py:188} INFO - [2025-04-28T17:36:44.948+0000] {dagbag.py:538} INFO - Filling up the DagBag from /home/airflow/.local/lib/python3.8/site-packages/airflow/example_dags/example_task_group.py
[2025-04-28T17:36:44.953+0000] {processor.py:840} INFO - DAG(s) 'example_task_group' retrieved from /home/airflow/.local/lib/python3.8/site-packages/airflow/example_dags/example_task_group.py
[2025-04-28T17:36:44.971+0000] {logging_mixin.py:188} INFO - [2025-04-28T17:36:44.971+0000] {dag.py:3036} INFO - Sync 1 DAGs
[2025-04-28T17:36:44.992+0000] {logging_mixin.py:188} INFO - [2025-04-28T17:36:44.992+0000] {dag.py:3823} INFO - Setting next_dagrun for example_task_group to 2025-04-27 00:00:00+00:00, run_after=2025-04-28 00:00:00+00:00
[2025-04-28T17:36:45.006+0000] {processor.py:183} INFO - Processing /home/airflow/.local/lib/python3.8/site-packages/airflow/example_dags/example_task_group.py took 0.062 seconds
[2025-04-28T17:37:15.557+0000] {processor.py:161} INFO - Started process (PID=629) to work on /home/airflow/.local/lib/python3.8/site-packages/airflow/example_dags/example_task_group.py
[2025-04-28T17:37:15.562+0000] {processor.py:830} INFO - Processing file /home/airflow/.local/lib/python3.8/site-packages/airflow/example_dags/example_task_group.py for tasks to queue
[2025-04-28T17:37:15.565+0000] {logging_mixin.py:188} INFO - [2025-04-28T17:37:15.565+0000] {dagbag.py:538} INFO - Filling up the DagBag from /home/airflow/.local/lib/python3.8/site-packages/airflow/example_dags/example_task_group.py
[2025-04-28T17:37:15.570+0000] {processor.py:840} INFO - DAG(s) 'example_task_group' retrieved from /home/airflow/.local/lib/python3.8/site-packages/airflow/example_dags/example_task_group.py
[2025-04-28T17:37:15.588+0000] {logging_mixin.py:188} INFO - [2025-04-28T17:37:15.588+0000] {dag.py:3036} INFO - Sync 1 DAGs
[2025-04-28T17:37:15.606+0000] {logging_mixin.py:188} INFO - [2025-04-28T17:37:15.606+0000] {dag.py:3823} INFO - Setting next_dagrun for example_task_group to 2025-04-27 00:00:00+00:00, run_after=2025-04-28 00:00:00+00:00
[2025-04-28T17:37:15.617+0000] {processor.py:183} INFO - Processing /home/airflow/.local/lib/python3.8/site-packages/airflow/example_dags/example_task_group.py took 0.066 seconds
[2025-04-28T17:37:46.018+0000] {processor.py:161} INFO - Started process (PID=690) to work on /home/airflow/.local/lib/python3.8/site-packages/airflow/example_dags/example_task_group.py
[2025-04-28T17:37:46.020+0000] {processor.py:830} INFO - Processing file /home/airflow/.local/lib/python3.8/site-packages/airflow/example_dags/example_task_group.py for tasks to queue
[2025-04-28T17:37:46.026+0000] {logging_mixin.py:188} INFO - [2025-04-28T17:37:46.023+0000] {dagbag.py:538} INFO - Filling up the DagBag from /home/airflow/.local/lib/python3.8/site-packages/airflow/example_dags/example_task_group.py
[2025-04-28T17:37:46.075+0000] {processor.py:840} INFO - DAG(s) 'example_task_group' retrieved from /home/airflow/.local/lib/python3.8/site-packages/airflow/example_dags/example_task_group.py
[2025-04-28T17:37:46.133+0000] {logging_mixin.py:188} INFO - [2025-04-28T17:37:46.132+0000] {dag.py:3036} INFO - Sync 1 DAGs
[2025-04-28T17:37:46.156+0000] {logging_mixin.py:188} INFO - [2025-04-28T17:37:46.156+0000] {dag.py:3823} INFO - Setting next_dagrun for example_task_group to 2025-04-27 00:00:00+00:00, run_after=2025-04-28 00:00:00+00:00
[2025-04-28T17:37:46.180+0000] {processor.py:183} INFO - Processing /home/airflow/.local/lib/python3.8/site-packages/airflow/example_dags/example_task_group.py took 0.169 seconds
[2025-04-28T17:38:16.906+0000] {processor.py:161} INFO - Started process (PID=751) to work on /home/airflow/.local/lib/python3.8/site-packages/airflow/example_dags/example_task_group.py
[2025-04-28T17:38:16.910+0000] {processor.py:830} INFO - Processing file /home/airflow/.local/lib/python3.8/site-packages/airflow/example_dags/example_task_group.py for tasks to queue
[2025-04-28T17:38:16.911+0000] {logging_mixin.py:188} INFO - [2025-04-28T17:38:16.911+0000] {dagbag.py:538} INFO - Filling up the DagBag from /home/airflow/.local/lib/python3.8/site-packages/airflow/example_dags/example_task_group.py
[2025-04-28T17:38:16.918+0000] {processor.py:840} INFO - DAG(s) 'example_task_group' retrieved from /home/airflow/.local/lib/python3.8/site-packages/airflow/example_dags/example_task_group.py
[2025-04-28T17:38:16.937+0000] {logging_mixin.py:188} INFO - [2025-04-28T17:38:16.937+0000] {dag.py:3036} INFO - Sync 1 DAGs
[2025-04-28T17:38:16.951+0000] {logging_mixin.py:188} INFO - [2025-04-28T17:38:16.951+0000] {dag.py:3823} INFO - Setting next_dagrun for example_task_group to 2025-04-27 00:00:00+00:00, run_after=2025-04-28 00:00:00+00:00
[2025-04-28T17:38:16.964+0000] {processor.py:183} INFO - Processing /home/airflow/.local/lib/python3.8/site-packages/airflow/example_dags/example_task_group.py took 0.061 seconds
[2025-04-28T17:38:47.351+0000] {processor.py:161} INFO - Started process (PID=813) to work on /home/airflow/.local/lib/python3.8/site-packages/airflow/example_dags/example_task_group.py
[2025-04-28T17:38:47.353+0000] {processor.py:830} INFO - Processing file /home/airflow/.local/lib/python3.8/site-packages/airflow/example_dags/example_task_group.py for tasks to queue
[2025-04-28T17:38:47.354+0000] {logging_mixin.py:188} INFO - [2025-04-28T17:38:47.354+0000] {dagbag.py:538} INFO - Filling up the DagBag from /home/airflow/.local/lib/python3.8/site-packages/airflow/example_dags/example_task_group.py
[2025-04-28T17:38:47.358+0000] {processor.py:840} INFO - DAG(s) 'example_task_group' retrieved from /home/airflow/.local/lib/python3.8/site-packages/airflow/example_dags/example_task_group.py
[2025-04-28T17:38:47.381+0000] {logging_mixin.py:188} INFO - [2025-04-28T17:38:47.381+0000] {dag.py:3036} INFO - Sync 1 DAGs
[2025-04-28T17:38:47.394+0000] {logging_mixin.py:188} INFO - [2025-04-28T17:38:47.394+0000] {dag.py:3823} INFO - Setting next_dagrun for example_task_group to 2025-04-27 00:00:00+00:00, run_after=2025-04-28 00:00:00+00:00
[2025-04-28T17:38:47.403+0000] {processor.py:183} INFO - Processing /home/airflow/.local/lib/python3.8/site-packages/airflow/example_dags/example_task_group.py took 0.054 seconds
[2025-04-28T17:39:18.384+0000] {processor.py:161} INFO - Started process (PID=869) to work on /home/airflow/.local/lib/python3.8/site-packages/airflow/example_dags/example_task_group.py
[2025-04-28T17:39:18.385+0000] {processor.py:830} INFO - Processing file /home/airflow/.local/lib/python3.8/site-packages/airflow/example_dags/example_task_group.py for tasks to queue
[2025-04-28T17:39:18.387+0000] {logging_mixin.py:188} INFO - [2025-04-28T17:39:18.386+0000] {dagbag.py:538} INFO - Filling up the DagBag from /home/airflow/.local/lib/python3.8/site-packages/airflow/example_dags/example_task_group.py
[2025-04-28T17:39:18.393+0000] {processor.py:840} INFO - DAG(s) 'example_task_group' retrieved from /home/airflow/.local/lib/python3.8/site-packages/airflow/example_dags/example_task_group.py
[2025-04-28T17:39:18.413+0000] {logging_mixin.py:188} INFO - [2025-04-28T17:39:18.413+0000] {dag.py:3036} INFO - Sync 1 DAGs
[2025-04-28T17:39:18.429+0000] {logging_mixin.py:188} INFO - [2025-04-28T17:39:18.428+0000] {dag.py:3823} INFO - Setting next_dagrun for example_task_group to 2025-04-27 00:00:00+00:00, run_after=2025-04-28 00:00:00+00:00
[2025-04-28T17:39:18.440+0000] {processor.py:183} INFO - Processing /home/airflow/.local/lib/python3.8/site-packages/airflow/example_dags/example_task_group.py took 0.059 seconds
[2025-04-28T17:39:49.497+0000] {processor.py:161} INFO - Started process (PID=928) to work on /home/airflow/.local/lib/python3.8/site-packages/airflow/example_dags/example_task_group.py
[2025-04-28T17:39:49.499+0000] {processor.py:830} INFO - Processing file /home/airflow/.local/lib/python3.8/site-packages/airflow/example_dags/example_task_group.py for tasks to queue
[2025-04-28T17:39:49.501+0000] {logging_mixin.py:188} INFO - [2025-04-28T17:39:49.500+0000] {dagbag.py:538} INFO - Filling up the DagBag from /home/airflow/.local/lib/python3.8/site-packages/airflow/example_dags/example_task_group.py
[2025-04-28T17:39:49.510+0000] {processor.py:840} INFO - DAG(s) 'example_task_group' retrieved from /home/airflow/.local/lib/python3.8/site-packages/airflow/example_dags/example_task_group.py
[2025-04-28T17:39:49.525+0000] {logging_mixin.py:188} INFO - [2025-04-28T17:39:49.525+0000] {dag.py:3036} INFO - Sync 1 DAGs
[2025-04-28T17:39:49.536+0000] {logging_mixin.py:188} INFO - [2025-04-28T17:39:49.536+0000] {dag.py:3823} INFO - Setting next_dagrun for example_task_group to 2025-04-27 00:00:00+00:00, run_after=2025-04-28 00:00:00+00:00
[2025-04-28T17:39:49.548+0000] {processor.py:183} INFO - Processing /home/airflow/.local/lib/python3.8/site-packages/airflow/example_dags/example_task_group.py took 0.058 seconds
[2025-04-28T17:40:19.822+0000] {processor.py:161} INFO - Started process (PID=988) to work on /home/airflow/.local/lib/python3.8/site-packages/airflow/example_dags/example_task_group.py
[2025-04-28T17:40:19.825+0000] {processor.py:830} INFO - Processing file /home/airflow/.local/lib/python3.8/site-packages/airflow/example_dags/example_task_group.py for tasks to queue
[2025-04-28T17:40:19.827+0000] {logging_mixin.py:188} INFO - [2025-04-28T17:40:19.826+0000] {dagbag.py:538} INFO - Filling up the DagBag from /home/airflow/.local/lib/python3.8/site-packages/airflow/example_dags/example_task_group.py
[2025-04-28T17:40:19.832+0000] {processor.py:840} INFO - DAG(s) 'example_task_group' retrieved from /home/airflow/.local/lib/python3.8/site-packages/airflow/example_dags/example_task_group.py
[2025-04-28T17:40:19.843+0000] {logging_mixin.py:188} INFO - [2025-04-28T17:40:19.843+0000] {dag.py:3036} INFO - Sync 1 DAGs
[2025-04-28T17:40:19.853+0000] {logging_mixin.py:188} INFO - [2025-04-28T17:40:19.853+0000] {dag.py:3823} INFO - Setting next_dagrun for example_task_group to 2025-04-27 00:00:00+00:00, run_after=2025-04-28 00:00:00+00:00
[2025-04-28T17:40:19.861+0000] {processor.py:183} INFO - Processing /home/airflow/.local/lib/python3.8/site-packages/airflow/example_dags/example_task_group.py took 0.043 seconds
[2025-04-28T17:40:49.995+0000] {processor.py:161} INFO - Started process (PID=1047) to work on /home/airflow/.local/lib/python3.8/site-packages/airflow/example_dags/example_task_group.py
[2025-04-28T17:40:49.996+0000] {processor.py:830} INFO - Processing file /home/airflow/.local/lib/python3.8/site-packages/airflow/example_dags/example_task_group.py for tasks to queue
[2025-04-28T17:40:49.998+0000] {logging_mixin.py:188} INFO - [2025-04-28T17:40:49.998+0000] {dagbag.py:538} INFO - Filling up the DagBag from /home/airflow/.local/lib/python3.8/site-packages/airflow/example_dags/example_task_group.py
[2025-04-28T17:40:50.004+0000] {processor.py:840} INFO - DAG(s) 'example_task_group' retrieved from /home/airflow/.local/lib/python3.8/site-packages/airflow/example_dags/example_task_group.py
[2025-04-28T17:40:50.021+0000] {logging_mixin.py:188} INFO - [2025-04-28T17:40:50.020+0000] {dag.py:3036} INFO - Sync 1 DAGs
[2025-04-28T17:40:50.044+0000] {logging_mixin.py:188} INFO - [2025-04-28T17:40:50.044+0000] {dag.py:3823} INFO - Setting next_dagrun for example_task_group to 2025-04-27 00:00:00+00:00, run_after=2025-04-28 00:00:00+00:00
[2025-04-28T17:40:50.062+0000] {processor.py:183} INFO - Processing /home/airflow/.local/lib/python3.8/site-packages/airflow/example_dags/example_task_group.py took 0.069 seconds
[2025-04-28T17:41:20.219+0000] {processor.py:161} INFO - Started process (PID=1103) to work on /home/airflow/.local/lib/python3.8/site-packages/airflow/example_dags/example_task_group.py
[2025-04-28T17:41:20.222+0000] {processor.py:830} INFO - Processing file /home/airflow/.local/lib/python3.8/site-packages/airflow/example_dags/example_task_group.py for tasks to queue
[2025-04-28T17:41:20.224+0000] {logging_mixin.py:188} INFO - [2025-04-28T17:41:20.224+0000] {dagbag.py:538} INFO - Filling up the DagBag from /home/airflow/.local/lib/python3.8/site-packages/airflow/example_dags/example_task_group.py
[2025-04-28T17:41:20.230+0000] {processor.py:840} INFO - DAG(s) 'example_task_group' retrieved from /home/airflow/.local/lib/python3.8/site-packages/airflow/example_dags/example_task_group.py
[2025-04-28T17:41:20.247+0000] {logging_mixin.py:188} INFO - [2025-04-28T17:41:20.247+0000] {dag.py:3036} INFO - Sync 1 DAGs
[2025-04-28T17:41:20.257+0000] {logging_mixin.py:188} INFO - [2025-04-28T17:41:20.257+0000] {dag.py:3823} INFO - Setting next_dagrun for example_task_group to 2025-04-27 00:00:00+00:00, run_after=2025-04-28 00:00:00+00:00
[2025-04-28T17:41:20.266+0000] {processor.py:183} INFO - Processing /home/airflow/.local/lib/python3.8/site-packages/airflow/example_dags/example_task_group.py took 0.049 seconds
[2025-04-28T17:42:54.414+0000] {processor.py:161} INFO - Started process (PID=82) to work on /home/airflow/.local/lib/python3.8/site-packages/airflow/example_dags/example_task_group.py
[2025-04-28T17:42:54.417+0000] {processor.py:830} INFO - Processing file /home/airflow/.local/lib/python3.8/site-packages/airflow/example_dags/example_task_group.py for tasks to queue
[2025-04-28T17:42:54.421+0000] {logging_mixin.py:188} INFO - [2025-04-28T17:42:54.420+0000] {dagbag.py:538} INFO - Filling up the DagBag from /home/airflow/.local/lib/python3.8/site-packages/airflow/example_dags/example_task_group.py
[2025-04-28T17:42:54.456+0000] {processor.py:840} INFO - DAG(s) 'example_task_group' retrieved from /home/airflow/.local/lib/python3.8/site-packages/airflow/example_dags/example_task_group.py
[2025-04-28T17:42:54.496+0000] {logging_mixin.py:188} INFO - [2025-04-28T17:42:54.495+0000] {dag.py:3036} INFO - Sync 1 DAGs
[2025-04-28T17:42:54.538+0000] {logging_mixin.py:188} INFO - [2025-04-28T17:42:54.538+0000] {dag.py:3823} INFO - Setting next_dagrun for example_task_group to 2025-04-27 00:00:00+00:00, run_after=2025-04-28 00:00:00+00:00
[2025-04-28T17:42:54.573+0000] {processor.py:183} INFO - Processing /home/airflow/.local/lib/python3.8/site-packages/airflow/example_dags/example_task_group.py took 0.166 seconds
[2025-04-28T17:43:25.979+0000] {processor.py:161} INFO - Started process (PID=144) to work on /home/airflow/.local/lib/python3.8/site-packages/airflow/example_dags/example_task_group.py
[2025-04-28T17:43:25.983+0000] {processor.py:830} INFO - Processing file /home/airflow/.local/lib/python3.8/site-packages/airflow/example_dags/example_task_group.py for tasks to queue
[2025-04-28T17:43:25.990+0000] {logging_mixin.py:188} INFO - [2025-04-28T17:43:25.989+0000] {dagbag.py:538} INFO - Filling up the DagBag from /home/airflow/.local/lib/python3.8/site-packages/airflow/example_dags/example_task_group.py
[2025-04-28T17:43:26.023+0000] {processor.py:840} INFO - DAG(s) 'example_task_group' retrieved from /home/airflow/.local/lib/python3.8/site-packages/airflow/example_dags/example_task_group.py
[2025-04-28T17:43:26.362+0000] {logging_mixin.py:188} INFO - [2025-04-28T17:43:26.360+0000] {dag.py:3036} INFO - Sync 1 DAGs
[2025-04-28T17:43:26.424+0000] {logging_mixin.py:188} INFO - [2025-04-28T17:43:26.424+0000] {dag.py:3823} INFO - Setting next_dagrun for example_task_group to 2025-04-27 00:00:00+00:00, run_after=2025-04-28 00:00:00+00:00
[2025-04-28T17:43:26.469+0000] {processor.py:183} INFO - Processing /home/airflow/.local/lib/python3.8/site-packages/airflow/example_dags/example_task_group.py took 0.495 seconds
[2025-04-28T17:43:57.447+0000] {processor.py:161} INFO - Started process (PID=200) to work on /home/airflow/.local/lib/python3.8/site-packages/airflow/example_dags/example_task_group.py
[2025-04-28T17:43:57.449+0000] {processor.py:830} INFO - Processing file /home/airflow/.local/lib/python3.8/site-packages/airflow/example_dags/example_task_group.py for tasks to queue
[2025-04-28T17:43:57.456+0000] {logging_mixin.py:188} INFO - [2025-04-28T17:43:57.455+0000] {dagbag.py:538} INFO - Filling up the DagBag from /home/airflow/.local/lib/python3.8/site-packages/airflow/example_dags/example_task_group.py
[2025-04-28T17:43:57.465+0000] {processor.py:840} INFO - DAG(s) 'example_task_group' retrieved from /home/airflow/.local/lib/python3.8/site-packages/airflow/example_dags/example_task_group.py
[2025-04-28T17:43:57.505+0000] {logging_mixin.py:188} INFO - [2025-04-28T17:43:57.504+0000] {dag.py:3036} INFO - Sync 1 DAGs
[2025-04-28T17:43:57.537+0000] {logging_mixin.py:188} INFO - [2025-04-28T17:43:57.537+0000] {dag.py:3823} INFO - Setting next_dagrun for example_task_group to 2025-04-27 00:00:00+00:00, run_after=2025-04-28 00:00:00+00:00
[2025-04-28T17:43:57.563+0000] {processor.py:183} INFO - Processing /home/airflow/.local/lib/python3.8/site-packages/airflow/example_dags/example_task_group.py took 0.120 seconds
[2025-04-28T17:44:28.125+0000] {processor.py:161} INFO - Started process (PID=256) to work on /home/airflow/.local/lib/python3.8/site-packages/airflow/example_dags/example_task_group.py
[2025-04-28T17:44:28.127+0000] {processor.py:830} INFO - Processing file /home/airflow/.local/lib/python3.8/site-packages/airflow/example_dags/example_task_group.py for tasks to queue
[2025-04-28T17:44:28.129+0000] {logging_mixin.py:188} INFO - [2025-04-28T17:44:28.129+0000] {dagbag.py:538} INFO - Filling up the DagBag from /home/airflow/.local/lib/python3.8/site-packages/airflow/example_dags/example_task_group.py
[2025-04-28T17:44:28.141+0000] {processor.py:840} INFO - DAG(s) 'example_task_group' retrieved from /home/airflow/.local/lib/python3.8/site-packages/airflow/example_dags/example_task_group.py
[2025-04-28T17:44:28.171+0000] {logging_mixin.py:188} INFO - [2025-04-28T17:44:28.171+0000] {dag.py:3036} INFO - Sync 1 DAGs
[2025-04-28T17:44:28.194+0000] {logging_mixin.py:188} INFO - [2025-04-28T17:44:28.194+0000] {dag.py:3823} INFO - Setting next_dagrun for example_task_group to 2025-04-27 00:00:00+00:00, run_after=2025-04-28 00:00:00+00:00
[2025-04-28T17:44:28.205+0000] {processor.py:183} INFO - Processing /home/airflow/.local/lib/python3.8/site-packages/airflow/example_dags/example_task_group.py took 0.085 seconds
[2025-04-28T17:45:00.637+0000] {processor.py:161} INFO - Started process (PID=312) to work on /home/airflow/.local/lib/python3.8/site-packages/airflow/example_dags/example_task_group.py
[2025-04-28T17:45:00.639+0000] {processor.py:830} INFO - Processing file /home/airflow/.local/lib/python3.8/site-packages/airflow/example_dags/example_task_group.py for tasks to queue
[2025-04-28T17:45:00.645+0000] {logging_mixin.py:188} INFO - [2025-04-28T17:45:00.644+0000] {dagbag.py:538} INFO - Filling up the DagBag from /home/airflow/.local/lib/python3.8/site-packages/airflow/example_dags/example_task_group.py
[2025-04-28T17:45:00.655+0000] {processor.py:840} INFO - DAG(s) 'example_task_group' retrieved from /home/airflow/.local/lib/python3.8/site-packages/airflow/example_dags/example_task_group.py
[2025-04-28T17:45:00.700+0000] {logging_mixin.py:188} INFO - [2025-04-28T17:45:00.699+0000] {dag.py:3036} INFO - Sync 1 DAGs
[2025-04-28T17:45:00.765+0000] {logging_mixin.py:188} INFO - [2025-04-28T17:45:00.764+0000] {dag.py:3823} INFO - Setting next_dagrun for example_task_group to 2025-04-27 00:00:00+00:00, run_after=2025-04-28 00:00:00+00:00
[2025-04-28T17:45:00.815+0000] {processor.py:183} INFO - Processing /home/airflow/.local/lib/python3.8/site-packages/airflow/example_dags/example_task_group.py took 0.184 seconds
[2025-04-28T17:45:32.779+0000] {processor.py:161} INFO - Started process (PID=368) to work on /home/airflow/.local/lib/python3.8/site-packages/airflow/example_dags/example_task_group.py
[2025-04-28T17:45:32.781+0000] {processor.py:830} INFO - Processing file /home/airflow/.local/lib/python3.8/site-packages/airflow/example_dags/example_task_group.py for tasks to queue
[2025-04-28T17:45:32.785+0000] {logging_mixin.py:188} INFO - [2025-04-28T17:45:32.784+0000] {dagbag.py:538} INFO - Filling up the DagBag from /home/airflow/.local/lib/python3.8/site-packages/airflow/example_dags/example_task_group.py
[2025-04-28T17:45:32.793+0000] {processor.py:840} INFO - DAG(s) 'example_task_group' retrieved from /home/airflow/.local/lib/python3.8/site-packages/airflow/example_dags/example_task_group.py
[2025-04-28T17:45:32.830+0000] {logging_mixin.py:188} INFO - [2025-04-28T17:45:32.829+0000] {dag.py:3036} INFO - Sync 1 DAGs
[2025-04-28T17:45:32.855+0000] {logging_mixin.py:188} INFO - [2025-04-28T17:45:32.854+0000] {dag.py:3823} INFO - Setting next_dagrun for example_task_group to 2025-04-27 00:00:00+00:00, run_after=2025-04-28 00:00:00+00:00
[2025-04-28T17:45:32.876+0000] {processor.py:183} INFO - Processing /home/airflow/.local/lib/python3.8/site-packages/airflow/example_dags/example_task_group.py took 0.101 seconds
[2025-04-28T17:46:03.860+0000] {processor.py:161} INFO - Started process (PID=424) to work on /home/airflow/.local/lib/python3.8/site-packages/airflow/example_dags/example_task_group.py
[2025-04-28T17:46:03.861+0000] {processor.py:830} INFO - Processing file /home/airflow/.local/lib/python3.8/site-packages/airflow/example_dags/example_task_group.py for tasks to queue
[2025-04-28T17:46:03.863+0000] {logging_mixin.py:188} INFO - [2025-04-28T17:46:03.863+0000] {dagbag.py:538} INFO - Filling up the DagBag from /home/airflow/.local/lib/python3.8/site-packages/airflow/example_dags/example_task_group.py
[2025-04-28T17:46:03.866+0000] {processor.py:840} INFO - DAG(s) 'example_task_group' retrieved from /home/airflow/.local/lib/python3.8/site-packages/airflow/example_dags/example_task_group.py
[2025-04-28T17:46:03.891+0000] {logging_mixin.py:188} INFO - [2025-04-28T17:46:03.891+0000] {dag.py:3036} INFO - Sync 1 DAGs
[2025-04-28T17:46:03.903+0000] {logging_mixin.py:188} INFO - [2025-04-28T17:46:03.903+0000] {dag.py:3823} INFO - Setting next_dagrun for example_task_group to 2025-04-27 00:00:00+00:00, run_after=2025-04-28 00:00:00+00:00
[2025-04-28T17:46:03.914+0000] {processor.py:183} INFO - Processing /home/airflow/.local/lib/python3.8/site-packages/airflow/example_dags/example_task_group.py took 0.057 seconds
[2025-04-28T17:46:34.192+0000] {processor.py:161} INFO - Started process (PID=480) to work on /home/airflow/.local/lib/python3.8/site-packages/airflow/example_dags/example_task_group.py
[2025-04-28T17:46:34.193+0000] {processor.py:830} INFO - Processing file /home/airflow/.local/lib/python3.8/site-packages/airflow/example_dags/example_task_group.py for tasks to queue
[2025-04-28T17:46:34.194+0000] {logging_mixin.py:188} INFO - [2025-04-28T17:46:34.194+0000] {dagbag.py:538} INFO - Filling up the DagBag from /home/airflow/.local/lib/python3.8/site-packages/airflow/example_dags/example_task_group.py
[2025-04-28T17:46:34.197+0000] {processor.py:840} INFO - DAG(s) 'example_task_group' retrieved from /home/airflow/.local/lib/python3.8/site-packages/airflow/example_dags/example_task_group.py
[2025-04-28T17:46:34.208+0000] {logging_mixin.py:188} INFO - [2025-04-28T17:46:34.208+0000] {dag.py:3036} INFO - Sync 1 DAGs
[2025-04-28T17:46:34.218+0000] {logging_mixin.py:188} INFO - [2025-04-28T17:46:34.218+0000] {dag.py:3823} INFO - Setting next_dagrun for example_task_group to 2025-04-27 00:00:00+00:00, run_after=2025-04-28 00:00:00+00:00
[2025-04-28T17:46:34.226+0000] {processor.py:183} INFO - Processing /home/airflow/.local/lib/python3.8/site-packages/airflow/example_dags/example_task_group.py took 0.038 seconds
