[2025-04-28T17:32:10.078+0000] {processor.py:161} INFO - Started process (PID=82) to work on /home/airflow/.local/lib/python3.8/site-packages/airflow/example_dags/example_python_decorator.py
[2025-04-28T17:32:10.088+0000] {processor.py:830} INFO - Processing file /home/airflow/.local/lib/python3.8/site-packages/airflow/example_dags/example_python_decorator.py for tasks to queue
[2025-04-28T17:32:10.107+0000] {logging_mixin.py:188} INFO - [2025-04-28T17:32:10.106+0000] {dagbag.py:538} INFO - Filling up the DagBag from /home/airflow/.local/lib/python3.8/site-packages/airflow/example_dags/example_python_decorator.py
[2025-04-28T17:32:10.227+0000] {processor.py:840} INFO - DAG(s) 'example_python_decorator' retrieved from /home/airflow/.local/lib/python3.8/site-packages/airflow/example_dags/example_python_decorator.py
[2025-04-28T17:32:10.353+0000] {logging_mixin.py:188} INFO - [2025-04-28T17:32:10.351+0000] {dag.py:3036} INFO - Sync 1 DAGs
[2025-04-28T17:32:10.414+0000] {logging_mixin.py:188} INFO - [2025-04-28T17:32:10.414+0000] {dag.py:3823} INFO - Setting next_dagrun for example_python_decorator to None, run_after=None
[2025-04-28T17:32:10.493+0000] {processor.py:183} INFO - Processing /home/airflow/.local/lib/python3.8/site-packages/airflow/example_dags/example_python_decorator.py took 0.443 seconds
[2025-04-28T17:32:40.668+0000] {processor.py:161} INFO - Started process (PID=136) to work on /home/airflow/.local/lib/python3.8/site-packages/airflow/example_dags/example_python_decorator.py
[2025-04-28T17:32:40.669+0000] {processor.py:830} INFO - Processing file /home/airflow/.local/lib/python3.8/site-packages/airflow/example_dags/example_python_decorator.py for tasks to queue
[2025-04-28T17:32:40.670+0000] {logging_mixin.py:188} INFO - [2025-04-28T17:32:40.670+0000] {dagbag.py:538} INFO - Filling up the DagBag from /home/airflow/.local/lib/python3.8/site-packages/airflow/example_dags/example_python_decorator.py
[2025-04-28T17:32:40.678+0000] {processor.py:840} INFO - DAG(s) 'example_python_decorator' retrieved from /home/airflow/.local/lib/python3.8/site-packages/airflow/example_dags/example_python_decorator.py
[2025-04-28T17:32:40.730+0000] {logging_mixin.py:188} INFO - [2025-04-28T17:32:40.729+0000] {dag.py:3036} INFO - Sync 1 DAGs
[2025-04-28T17:32:40.734+0000] {logging_mixin.py:188} INFO - [2025-04-28T17:32:40.734+0000] {dag.py:3823} INFO - Setting next_dagrun for example_python_decorator to None, run_after=None
[2025-04-28T17:32:40.743+0000] {processor.py:183} INFO - Processing /home/airflow/.local/lib/python3.8/site-packages/airflow/example_dags/example_python_decorator.py took 0.079 seconds
[2025-04-28T17:33:12.040+0000] {processor.py:161} INFO - Started process (PID=192) to work on /home/airflow/.local/lib/python3.8/site-packages/airflow/example_dags/example_python_decorator.py
[2025-04-28T17:33:12.046+0000] {processor.py:830} INFO - Processing file /home/airflow/.local/lib/python3.8/site-packages/airflow/example_dags/example_python_decorator.py for tasks to queue
[2025-04-28T17:33:12.048+0000] {logging_mixin.py:188} INFO - [2025-04-28T17:33:12.047+0000] {dagbag.py:538} INFO - Filling up the DagBag from /home/airflow/.local/lib/python3.8/site-packages/airflow/example_dags/example_python_decorator.py
[2025-04-28T17:33:12.057+0000] {processor.py:840} INFO - DAG(s) 'example_python_decorator' retrieved from /home/airflow/.local/lib/python3.8/site-packages/airflow/example_dags/example_python_decorator.py
[2025-04-28T17:33:12.091+0000] {logging_mixin.py:188} INFO - [2025-04-28T17:33:12.091+0000] {dag.py:3036} INFO - Sync 1 DAGs
[2025-04-28T17:33:12.105+0000] {logging_mixin.py:188} INFO - [2025-04-28T17:33:12.104+0000] {dag.py:3823} INFO - Setting next_dagrun for example_python_decorator to None, run_after=None
[2025-04-28T17:33:12.131+0000] {processor.py:183} INFO - Processing /home/airflow/.local/lib/python3.8/site-packages/airflow/example_dags/example_python_decorator.py took 0.094 seconds
[2025-04-28T17:33:42.648+0000] {processor.py:161} INFO - Started process (PID=247) to work on /home/airflow/.local/lib/python3.8/site-packages/airflow/example_dags/example_python_decorator.py
[2025-04-28T17:33:42.650+0000] {processor.py:830} INFO - Processing file /home/airflow/.local/lib/python3.8/site-packages/airflow/example_dags/example_python_decorator.py for tasks to queue
[2025-04-28T17:33:42.652+0000] {logging_mixin.py:188} INFO - [2025-04-28T17:33:42.651+0000] {dagbag.py:538} INFO - Filling up the DagBag from /home/airflow/.local/lib/python3.8/site-packages/airflow/example_dags/example_python_decorator.py
[2025-04-28T17:33:42.690+0000] {processor.py:840} INFO - DAG(s) 'example_python_decorator' retrieved from /home/airflow/.local/lib/python3.8/site-packages/airflow/example_dags/example_python_decorator.py
[2025-04-28T17:33:42.744+0000] {logging_mixin.py:188} INFO - [2025-04-28T17:33:42.744+0000] {dag.py:3036} INFO - Sync 1 DAGs
[2025-04-28T17:33:42.757+0000] {logging_mixin.py:188} INFO - [2025-04-28T17:33:42.756+0000] {dag.py:3823} INFO - Setting next_dagrun for example_python_decorator to None, run_after=None
[2025-04-28T17:33:42.787+0000] {processor.py:183} INFO - Processing /home/airflow/.local/lib/python3.8/site-packages/airflow/example_dags/example_python_decorator.py took 0.148 seconds
[2025-04-28T17:34:13.753+0000] {processor.py:161} INFO - Started process (PID=302) to work on /home/airflow/.local/lib/python3.8/site-packages/airflow/example_dags/example_python_decorator.py
[2025-04-28T17:34:13.754+0000] {processor.py:830} INFO - Processing file /home/airflow/.local/lib/python3.8/site-packages/airflow/example_dags/example_python_decorator.py for tasks to queue
[2025-04-28T17:34:13.756+0000] {logging_mixin.py:188} INFO - [2025-04-28T17:34:13.755+0000] {dagbag.py:538} INFO - Filling up the DagBag from /home/airflow/.local/lib/python3.8/site-packages/airflow/example_dags/example_python_decorator.py
[2025-04-28T17:34:13.767+0000] {processor.py:840} INFO - DAG(s) 'example_python_decorator' retrieved from /home/airflow/.local/lib/python3.8/site-packages/airflow/example_dags/example_python_decorator.py
[2025-04-28T17:34:13.781+0000] {logging_mixin.py:188} INFO - [2025-04-28T17:34:13.781+0000] {dag.py:3036} INFO - Sync 1 DAGs
[2025-04-28T17:34:13.789+0000] {logging_mixin.py:188} INFO - [2025-04-28T17:34:13.788+0000] {dag.py:3823} INFO - Setting next_dagrun for example_python_decorator to None, run_after=None
[2025-04-28T17:34:13.811+0000] {processor.py:183} INFO - Processing /home/airflow/.local/lib/python3.8/site-packages/airflow/example_dags/example_python_decorator.py took 0.060 seconds
[2025-04-28T17:34:44.394+0000] {processor.py:161} INFO - Started process (PID=357) to work on /home/airflow/.local/lib/python3.8/site-packages/airflow/example_dags/example_python_decorator.py
[2025-04-28T17:34:44.398+0000] {processor.py:830} INFO - Processing file /home/airflow/.local/lib/python3.8/site-packages/airflow/example_dags/example_python_decorator.py for tasks to queue
[2025-04-28T17:34:44.401+0000] {logging_mixin.py:188} INFO - [2025-04-28T17:34:44.401+0000] {dagbag.py:538} INFO - Filling up the DagBag from /home/airflow/.local/lib/python3.8/site-packages/airflow/example_dags/example_python_decorator.py
[2025-04-28T17:34:44.414+0000] {processor.py:840} INFO - DAG(s) 'example_python_decorator' retrieved from /home/airflow/.local/lib/python3.8/site-packages/airflow/example_dags/example_python_decorator.py
[2025-04-28T17:34:44.432+0000] {logging_mixin.py:188} INFO - [2025-04-28T17:34:44.432+0000] {dag.py:3036} INFO - Sync 1 DAGs
[2025-04-28T17:34:44.440+0000] {logging_mixin.py:188} INFO - [2025-04-28T17:34:44.440+0000] {dag.py:3823} INFO - Setting next_dagrun for example_python_decorator to None, run_after=None
[2025-04-28T17:34:44.452+0000] {processor.py:183} INFO - Processing /home/airflow/.local/lib/python3.8/site-packages/airflow/example_dags/example_python_decorator.py took 0.063 seconds
[2025-04-28T17:35:14.629+0000] {processor.py:161} INFO - Started process (PID=412) to work on /home/airflow/.local/lib/python3.8/site-packages/airflow/example_dags/example_python_decorator.py
[2025-04-28T17:35:14.630+0000] {processor.py:830} INFO - Processing file /home/airflow/.local/lib/python3.8/site-packages/airflow/example_dags/example_python_decorator.py for tasks to queue
[2025-04-28T17:35:14.632+0000] {logging_mixin.py:188} INFO - [2025-04-28T17:35:14.631+0000] {dagbag.py:538} INFO - Filling up the DagBag from /home/airflow/.local/lib/python3.8/site-packages/airflow/example_dags/example_python_decorator.py
[2025-04-28T17:35:14.638+0000] {processor.py:840} INFO - DAG(s) 'example_python_decorator' retrieved from /home/airflow/.local/lib/python3.8/site-packages/airflow/example_dags/example_python_decorator.py
[2025-04-28T17:35:14.649+0000] {logging_mixin.py:188} INFO - [2025-04-28T17:35:14.649+0000] {dag.py:3036} INFO - Sync 1 DAGs
[2025-04-28T17:35:14.655+0000] {logging_mixin.py:188} INFO - [2025-04-28T17:35:14.655+0000] {dag.py:3823} INFO - Setting next_dagrun for example_python_decorator to None, run_after=None
[2025-04-28T17:35:14.664+0000] {processor.py:183} INFO - Processing /home/airflow/.local/lib/python3.8/site-packages/airflow/example_dags/example_python_decorator.py took 0.038 seconds
[2025-04-28T17:35:45.880+0000] {processor.py:161} INFO - Started process (PID=467) to work on /home/airflow/.local/lib/python3.8/site-packages/airflow/example_dags/example_python_decorator.py
[2025-04-28T17:35:45.881+0000] {processor.py:830} INFO - Processing file /home/airflow/.local/lib/python3.8/site-packages/airflow/example_dags/example_python_decorator.py for tasks to queue
[2025-04-28T17:35:45.882+0000] {logging_mixin.py:188} INFO - [2025-04-28T17:35:45.882+0000] {dagbag.py:538} INFO - Filling up the DagBag from /home/airflow/.local/lib/python3.8/site-packages/airflow/example_dags/example_python_decorator.py
[2025-04-28T17:35:45.890+0000] {processor.py:840} INFO - DAG(s) 'example_python_decorator' retrieved from /home/airflow/.local/lib/python3.8/site-packages/airflow/example_dags/example_python_decorator.py
[2025-04-28T17:35:45.903+0000] {logging_mixin.py:188} INFO - [2025-04-28T17:35:45.903+0000] {dag.py:3036} INFO - Sync 1 DAGs
[2025-04-28T17:35:45.909+0000] {logging_mixin.py:188} INFO - [2025-04-28T17:35:45.909+0000] {dag.py:3823} INFO - Setting next_dagrun for example_python_decorator to None, run_after=None
[2025-04-28T17:35:45.917+0000] {processor.py:183} INFO - Processing /home/airflow/.local/lib/python3.8/site-packages/airflow/example_dags/example_python_decorator.py took 0.044 seconds
[2025-04-28T17:36:16.234+0000] {processor.py:161} INFO - Started process (PID=522) to work on /home/airflow/.local/lib/python3.8/site-packages/airflow/example_dags/example_python_decorator.py
[2025-04-28T17:36:16.235+0000] {processor.py:830} INFO - Processing file /home/airflow/.local/lib/python3.8/site-packages/airflow/example_dags/example_python_decorator.py for tasks to queue
[2025-04-28T17:36:16.236+0000] {logging_mixin.py:188} INFO - [2025-04-28T17:36:16.236+0000] {dagbag.py:538} INFO - Filling up the DagBag from /home/airflow/.local/lib/python3.8/site-packages/airflow/example_dags/example_python_decorator.py
[2025-04-28T17:36:16.248+0000] {processor.py:840} INFO - DAG(s) 'example_python_decorator' retrieved from /home/airflow/.local/lib/python3.8/site-packages/airflow/example_dags/example_python_decorator.py
[2025-04-28T17:36:16.287+0000] {logging_mixin.py:188} INFO - [2025-04-28T17:36:16.286+0000] {dag.py:3036} INFO - Sync 1 DAGs
[2025-04-28T17:36:16.297+0000] {logging_mixin.py:188} INFO - [2025-04-28T17:36:16.297+0000] {dag.py:3823} INFO - Setting next_dagrun for example_python_decorator to None, run_after=None
[2025-04-28T17:36:16.320+0000] {processor.py:183} INFO - Processing /home/airflow/.local/lib/python3.8/site-packages/airflow/example_dags/example_python_decorator.py took 0.089 seconds
[2025-04-28T17:36:46.368+0000] {processor.py:161} INFO - Started process (PID=577) to work on /home/airflow/.local/lib/python3.8/site-packages/airflow/example_dags/example_python_decorator.py
[2025-04-28T17:36:46.370+0000] {processor.py:830} INFO - Processing file /home/airflow/.local/lib/python3.8/site-packages/airflow/example_dags/example_python_decorator.py for tasks to queue
[2025-04-28T17:36:46.371+0000] {logging_mixin.py:188} INFO - [2025-04-28T17:36:46.371+0000] {dagbag.py:538} INFO - Filling up the DagBag from /home/airflow/.local/lib/python3.8/site-packages/airflow/example_dags/example_python_decorator.py
[2025-04-28T17:36:46.379+0000] {processor.py:840} INFO - DAG(s) 'example_python_decorator' retrieved from /home/airflow/.local/lib/python3.8/site-packages/airflow/example_dags/example_python_decorator.py
[2025-04-28T17:36:46.393+0000] {logging_mixin.py:188} INFO - [2025-04-28T17:36:46.392+0000] {dag.py:3036} INFO - Sync 1 DAGs
[2025-04-28T17:36:46.400+0000] {logging_mixin.py:188} INFO - [2025-04-28T17:36:46.400+0000] {dag.py:3823} INFO - Setting next_dagrun for example_python_decorator to None, run_after=None
[2025-04-28T17:36:46.409+0000] {processor.py:183} INFO - Processing /home/airflow/.local/lib/python3.8/site-packages/airflow/example_dags/example_python_decorator.py took 0.042 seconds
[2025-04-28T17:37:17.021+0000] {processor.py:161} INFO - Started process (PID=638) to work on /home/airflow/.local/lib/python3.8/site-packages/airflow/example_dags/example_python_decorator.py
[2025-04-28T17:37:17.022+0000] {processor.py:830} INFO - Processing file /home/airflow/.local/lib/python3.8/site-packages/airflow/example_dags/example_python_decorator.py for tasks to queue
[2025-04-28T17:37:17.023+0000] {logging_mixin.py:188} INFO - [2025-04-28T17:37:17.023+0000] {dagbag.py:538} INFO - Filling up the DagBag from /home/airflow/.local/lib/python3.8/site-packages/airflow/example_dags/example_python_decorator.py
[2025-04-28T17:37:17.049+0000] {processor.py:840} INFO - DAG(s) 'example_python_decorator' retrieved from /home/airflow/.local/lib/python3.8/site-packages/airflow/example_dags/example_python_decorator.py
[2025-04-28T17:37:17.079+0000] {logging_mixin.py:188} INFO - [2025-04-28T17:37:17.078+0000] {dag.py:3036} INFO - Sync 1 DAGs
[2025-04-28T17:37:17.089+0000] {logging_mixin.py:188} INFO - [2025-04-28T17:37:17.089+0000] {dag.py:3823} INFO - Setting next_dagrun for example_python_decorator to None, run_after=None
[2025-04-28T17:37:17.112+0000] {processor.py:183} INFO - Processing /home/airflow/.local/lib/python3.8/site-packages/airflow/example_dags/example_python_decorator.py took 0.093 seconds
[2025-04-28T17:37:47.862+0000] {processor.py:161} INFO - Started process (PID=699) to work on /home/airflow/.local/lib/python3.8/site-packages/airflow/example_dags/example_python_decorator.py
[2025-04-28T17:37:47.866+0000] {processor.py:830} INFO - Processing file /home/airflow/.local/lib/python3.8/site-packages/airflow/example_dags/example_python_decorator.py for tasks to queue
[2025-04-28T17:37:47.869+0000] {logging_mixin.py:188} INFO - [2025-04-28T17:37:47.868+0000] {dagbag.py:538} INFO - Filling up the DagBag from /home/airflow/.local/lib/python3.8/site-packages/airflow/example_dags/example_python_decorator.py
[2025-04-28T17:37:47.885+0000] {processor.py:840} INFO - DAG(s) 'example_python_decorator' retrieved from /home/airflow/.local/lib/python3.8/site-packages/airflow/example_dags/example_python_decorator.py
[2025-04-28T17:37:47.906+0000] {logging_mixin.py:188} INFO - [2025-04-28T17:37:47.906+0000] {dag.py:3036} INFO - Sync 1 DAGs
[2025-04-28T17:37:47.916+0000] {logging_mixin.py:188} INFO - [2025-04-28T17:37:47.916+0000] {dag.py:3823} INFO - Setting next_dagrun for example_python_decorator to None, run_after=None
[2025-04-28T17:37:47.964+0000] {processor.py:183} INFO - Processing /home/airflow/.local/lib/python3.8/site-packages/airflow/example_dags/example_python_decorator.py took 0.106 seconds
[2025-04-28T17:38:18.107+0000] {processor.py:161} INFO - Started process (PID=760) to work on /home/airflow/.local/lib/python3.8/site-packages/airflow/example_dags/example_python_decorator.py
[2025-04-28T17:38:18.111+0000] {processor.py:830} INFO - Processing file /home/airflow/.local/lib/python3.8/site-packages/airflow/example_dags/example_python_decorator.py for tasks to queue
[2025-04-28T17:38:18.114+0000] {logging_mixin.py:188} INFO - [2025-04-28T17:38:18.114+0000] {dagbag.py:538} INFO - Filling up the DagBag from /home/airflow/.local/lib/python3.8/site-packages/airflow/example_dags/example_python_decorator.py
[2025-04-28T17:38:18.132+0000] {processor.py:840} INFO - DAG(s) 'example_python_decorator' retrieved from /home/airflow/.local/lib/python3.8/site-packages/airflow/example_dags/example_python_decorator.py
[2025-04-28T17:38:18.154+0000] {logging_mixin.py:188} INFO - [2025-04-28T17:38:18.154+0000] {dag.py:3036} INFO - Sync 1 DAGs
[2025-04-28T17:38:18.160+0000] {logging_mixin.py:188} INFO - [2025-04-28T17:38:18.160+0000] {dag.py:3823} INFO - Setting next_dagrun for example_python_decorator to None, run_after=None
[2025-04-28T17:38:18.172+0000] {processor.py:183} INFO - Processing /home/airflow/.local/lib/python3.8/site-packages/airflow/example_dags/example_python_decorator.py took 0.072 seconds
[2025-04-28T17:38:48.926+0000] {processor.py:161} INFO - Started process (PID=822) to work on /home/airflow/.local/lib/python3.8/site-packages/airflow/example_dags/example_python_decorator.py
[2025-04-28T17:38:48.928+0000] {processor.py:830} INFO - Processing file /home/airflow/.local/lib/python3.8/site-packages/airflow/example_dags/example_python_decorator.py for tasks to queue
[2025-04-28T17:38:48.929+0000] {logging_mixin.py:188} INFO - [2025-04-28T17:38:48.929+0000] {dagbag.py:538} INFO - Filling up the DagBag from /home/airflow/.local/lib/python3.8/site-packages/airflow/example_dags/example_python_decorator.py
[2025-04-28T17:38:48.937+0000] {processor.py:840} INFO - DAG(s) 'example_python_decorator' retrieved from /home/airflow/.local/lib/python3.8/site-packages/airflow/example_dags/example_python_decorator.py
[2025-04-28T17:38:48.958+0000] {logging_mixin.py:188} INFO - [2025-04-28T17:38:48.958+0000] {dag.py:3036} INFO - Sync 1 DAGs
[2025-04-28T17:38:48.968+0000] {logging_mixin.py:188} INFO - [2025-04-28T17:38:48.968+0000] {dag.py:3823} INFO - Setting next_dagrun for example_python_decorator to None, run_after=None
[2025-04-28T17:38:48.982+0000] {processor.py:183} INFO - Processing /home/airflow/.local/lib/python3.8/site-packages/airflow/example_dags/example_python_decorator.py took 0.058 seconds
[2025-04-28T17:39:19.928+0000] {processor.py:161} INFO - Started process (PID=879) to work on /home/airflow/.local/lib/python3.8/site-packages/airflow/example_dags/example_python_decorator.py
[2025-04-28T17:39:19.929+0000] {processor.py:830} INFO - Processing file /home/airflow/.local/lib/python3.8/site-packages/airflow/example_dags/example_python_decorator.py for tasks to queue
[2025-04-28T17:39:19.931+0000] {logging_mixin.py:188} INFO - [2025-04-28T17:39:19.930+0000] {dagbag.py:538} INFO - Filling up the DagBag from /home/airflow/.local/lib/python3.8/site-packages/airflow/example_dags/example_python_decorator.py
[2025-04-28T17:39:19.938+0000] {processor.py:840} INFO - DAG(s) 'example_python_decorator' retrieved from /home/airflow/.local/lib/python3.8/site-packages/airflow/example_dags/example_python_decorator.py
[2025-04-28T17:39:19.949+0000] {logging_mixin.py:188} INFO - [2025-04-28T17:39:19.949+0000] {dag.py:3036} INFO - Sync 1 DAGs
[2025-04-28T17:39:19.955+0000] {logging_mixin.py:188} INFO - [2025-04-28T17:39:19.955+0000] {dag.py:3823} INFO - Setting next_dagrun for example_python_decorator to None, run_after=None
[2025-04-28T17:39:19.963+0000] {processor.py:183} INFO - Processing /home/airflow/.local/lib/python3.8/site-packages/airflow/example_dags/example_python_decorator.py took 0.038 seconds
[2025-04-28T17:39:51.178+0000] {processor.py:161} INFO - Started process (PID=937) to work on /home/airflow/.local/lib/python3.8/site-packages/airflow/example_dags/example_python_decorator.py
[2025-04-28T17:39:51.180+0000] {processor.py:830} INFO - Processing file /home/airflow/.local/lib/python3.8/site-packages/airflow/example_dags/example_python_decorator.py for tasks to queue
[2025-04-28T17:39:51.181+0000] {logging_mixin.py:188} INFO - [2025-04-28T17:39:51.181+0000] {dagbag.py:538} INFO - Filling up the DagBag from /home/airflow/.local/lib/python3.8/site-packages/airflow/example_dags/example_python_decorator.py
[2025-04-28T17:39:51.207+0000] {processor.py:840} INFO - DAG(s) 'example_python_decorator' retrieved from /home/airflow/.local/lib/python3.8/site-packages/airflow/example_dags/example_python_decorator.py
[2025-04-28T17:39:51.231+0000] {logging_mixin.py:188} INFO - [2025-04-28T17:39:51.231+0000] {dag.py:3036} INFO - Sync 1 DAGs
[2025-04-28T17:39:51.241+0000] {logging_mixin.py:188} INFO - [2025-04-28T17:39:51.241+0000] {dag.py:3823} INFO - Setting next_dagrun for example_python_decorator to None, run_after=None
[2025-04-28T17:39:51.260+0000] {processor.py:183} INFO - Processing /home/airflow/.local/lib/python3.8/site-packages/airflow/example_dags/example_python_decorator.py took 0.090 seconds
[2025-04-28T17:40:21.297+0000] {processor.py:161} INFO - Started process (PID=997) to work on /home/airflow/.local/lib/python3.8/site-packages/airflow/example_dags/example_python_decorator.py
[2025-04-28T17:40:21.298+0000] {processor.py:830} INFO - Processing file /home/airflow/.local/lib/python3.8/site-packages/airflow/example_dags/example_python_decorator.py for tasks to queue
[2025-04-28T17:40:21.300+0000] {logging_mixin.py:188} INFO - [2025-04-28T17:40:21.300+0000] {dagbag.py:538} INFO - Filling up the DagBag from /home/airflow/.local/lib/python3.8/site-packages/airflow/example_dags/example_python_decorator.py
[2025-04-28T17:40:21.309+0000] {processor.py:840} INFO - DAG(s) 'example_python_decorator' retrieved from /home/airflow/.local/lib/python3.8/site-packages/airflow/example_dags/example_python_decorator.py
[2025-04-28T17:40:21.323+0000] {logging_mixin.py:188} INFO - [2025-04-28T17:40:21.323+0000] {dag.py:3036} INFO - Sync 1 DAGs
[2025-04-28T17:40:21.332+0000] {logging_mixin.py:188} INFO - [2025-04-28T17:40:21.332+0000] {dag.py:3823} INFO - Setting next_dagrun for example_python_decorator to None, run_after=None
[2025-04-28T17:40:21.345+0000] {processor.py:183} INFO - Processing /home/airflow/.local/lib/python3.8/site-packages/airflow/example_dags/example_python_decorator.py took 0.051 seconds
[2025-04-28T17:40:51.436+0000] {processor.py:161} INFO - Started process (PID=1056) to work on /home/airflow/.local/lib/python3.8/site-packages/airflow/example_dags/example_python_decorator.py
[2025-04-28T17:40:51.440+0000] {processor.py:830} INFO - Processing file /home/airflow/.local/lib/python3.8/site-packages/airflow/example_dags/example_python_decorator.py for tasks to queue
[2025-04-28T17:40:51.441+0000] {logging_mixin.py:188} INFO - [2025-04-28T17:40:51.441+0000] {dagbag.py:538} INFO - Filling up the DagBag from /home/airflow/.local/lib/python3.8/site-packages/airflow/example_dags/example_python_decorator.py
[2025-04-28T17:40:51.447+0000] {processor.py:840} INFO - DAG(s) 'example_python_decorator' retrieved from /home/airflow/.local/lib/python3.8/site-packages/airflow/example_dags/example_python_decorator.py
[2025-04-28T17:40:51.462+0000] {logging_mixin.py:188} INFO - [2025-04-28T17:40:51.462+0000] {dag.py:3036} INFO - Sync 1 DAGs
[2025-04-28T17:40:51.469+0000] {logging_mixin.py:188} INFO - [2025-04-28T17:40:51.469+0000] {dag.py:3823} INFO - Setting next_dagrun for example_python_decorator to None, run_after=None
[2025-04-28T17:40:51.487+0000] {processor.py:183} INFO - Processing /home/airflow/.local/lib/python3.8/site-packages/airflow/example_dags/example_python_decorator.py took 0.053 seconds
[2025-04-28T17:41:21.711+0000] {processor.py:161} INFO - Started process (PID=1112) to work on /home/airflow/.local/lib/python3.8/site-packages/airflow/example_dags/example_python_decorator.py
[2025-04-28T17:41:21.713+0000] {processor.py:830} INFO - Processing file /home/airflow/.local/lib/python3.8/site-packages/airflow/example_dags/example_python_decorator.py for tasks to queue
[2025-04-28T17:41:21.715+0000] {logging_mixin.py:188} INFO - [2025-04-28T17:41:21.714+0000] {dagbag.py:538} INFO - Filling up the DagBag from /home/airflow/.local/lib/python3.8/site-packages/airflow/example_dags/example_python_decorator.py
[2025-04-28T17:41:21.726+0000] {processor.py:840} INFO - DAG(s) 'example_python_decorator' retrieved from /home/airflow/.local/lib/python3.8/site-packages/airflow/example_dags/example_python_decorator.py
[2025-04-28T17:41:21.754+0000] {logging_mixin.py:188} INFO - [2025-04-28T17:41:21.754+0000] {dag.py:3036} INFO - Sync 1 DAGs
[2025-04-28T17:41:21.767+0000] {logging_mixin.py:188} INFO - [2025-04-28T17:41:21.767+0000] {dag.py:3823} INFO - Setting next_dagrun for example_python_decorator to None, run_after=None
[2025-04-28T17:41:21.789+0000] {processor.py:183} INFO - Processing /home/airflow/.local/lib/python3.8/site-packages/airflow/example_dags/example_python_decorator.py took 0.088 seconds
[2025-04-28T17:42:57.865+0000] {processor.py:161} INFO - Started process (PID=97) to work on /home/airflow/.local/lib/python3.8/site-packages/airflow/example_dags/example_python_decorator.py
[2025-04-28T17:42:57.876+0000] {processor.py:830} INFO - Processing file /home/airflow/.local/lib/python3.8/site-packages/airflow/example_dags/example_python_decorator.py for tasks to queue
[2025-04-28T17:42:57.889+0000] {logging_mixin.py:188} INFO - [2025-04-28T17:42:57.888+0000] {dagbag.py:538} INFO - Filling up the DagBag from /home/airflow/.local/lib/python3.8/site-packages/airflow/example_dags/example_python_decorator.py
[2025-04-28T17:42:58.048+0000] {processor.py:840} INFO - DAG(s) 'example_python_decorator' retrieved from /home/airflow/.local/lib/python3.8/site-packages/airflow/example_dags/example_python_decorator.py
[2025-04-28T17:42:58.376+0000] {logging_mixin.py:188} INFO - [2025-04-28T17:42:58.375+0000] {dag.py:3036} INFO - Sync 1 DAGs
[2025-04-28T17:42:58.400+0000] {logging_mixin.py:188} INFO - [2025-04-28T17:42:58.400+0000] {dag.py:3823} INFO - Setting next_dagrun for example_python_decorator to None, run_after=None
[2025-04-28T17:42:58.446+0000] {processor.py:183} INFO - Processing /home/airflow/.local/lib/python3.8/site-packages/airflow/example_dags/example_python_decorator.py took 0.597 seconds
[2025-04-28T17:43:28.610+0000] {processor.py:161} INFO - Started process (PID=153) to work on /home/airflow/.local/lib/python3.8/site-packages/airflow/example_dags/example_python_decorator.py
[2025-04-28T17:43:28.612+0000] {processor.py:830} INFO - Processing file /home/airflow/.local/lib/python3.8/site-packages/airflow/example_dags/example_python_decorator.py for tasks to queue
[2025-04-28T17:43:28.616+0000] {logging_mixin.py:188} INFO - [2025-04-28T17:43:28.615+0000] {dagbag.py:538} INFO - Filling up the DagBag from /home/airflow/.local/lib/python3.8/site-packages/airflow/example_dags/example_python_decorator.py
[2025-04-28T17:43:28.629+0000] {processor.py:840} INFO - DAG(s) 'example_python_decorator' retrieved from /home/airflow/.local/lib/python3.8/site-packages/airflow/example_dags/example_python_decorator.py
[2025-04-28T17:43:28.680+0000] {logging_mixin.py:188} INFO - [2025-04-28T17:43:28.680+0000] {dag.py:3036} INFO - Sync 1 DAGs
[2025-04-28T17:43:28.691+0000] {logging_mixin.py:188} INFO - [2025-04-28T17:43:28.691+0000] {dag.py:3823} INFO - Setting next_dagrun for example_python_decorator to None, run_after=None
[2025-04-28T17:43:28.711+0000] {processor.py:183} INFO - Processing /home/airflow/.local/lib/python3.8/site-packages/airflow/example_dags/example_python_decorator.py took 0.105 seconds
[2025-04-28T17:43:59.034+0000] {processor.py:161} INFO - Started process (PID=209) to work on /home/airflow/.local/lib/python3.8/site-packages/airflow/example_dags/example_python_decorator.py
[2025-04-28T17:43:59.036+0000] {processor.py:830} INFO - Processing file /home/airflow/.local/lib/python3.8/site-packages/airflow/example_dags/example_python_decorator.py for tasks to queue
[2025-04-28T17:43:59.038+0000] {logging_mixin.py:188} INFO - [2025-04-28T17:43:59.037+0000] {dagbag.py:538} INFO - Filling up the DagBag from /home/airflow/.local/lib/python3.8/site-packages/airflow/example_dags/example_python_decorator.py
[2025-04-28T17:43:59.056+0000] {processor.py:840} INFO - DAG(s) 'example_python_decorator' retrieved from /home/airflow/.local/lib/python3.8/site-packages/airflow/example_dags/example_python_decorator.py
[2025-04-28T17:43:59.071+0000] {logging_mixin.py:188} INFO - [2025-04-28T17:43:59.071+0000] {dag.py:3036} INFO - Sync 1 DAGs
[2025-04-28T17:43:59.079+0000] {logging_mixin.py:188} INFO - [2025-04-28T17:43:59.079+0000] {dag.py:3823} INFO - Setting next_dagrun for example_python_decorator to None, run_after=None
[2025-04-28T17:43:59.095+0000] {processor.py:183} INFO - Processing /home/airflow/.local/lib/python3.8/site-packages/airflow/example_dags/example_python_decorator.py took 0.063 seconds
[2025-04-28T17:44:29.640+0000] {processor.py:161} INFO - Started process (PID=265) to work on /home/airflow/.local/lib/python3.8/site-packages/airflow/example_dags/example_python_decorator.py
[2025-04-28T17:44:29.641+0000] {processor.py:830} INFO - Processing file /home/airflow/.local/lib/python3.8/site-packages/airflow/example_dags/example_python_decorator.py for tasks to queue
[2025-04-28T17:44:29.643+0000] {logging_mixin.py:188} INFO - [2025-04-28T17:44:29.643+0000] {dagbag.py:538} INFO - Filling up the DagBag from /home/airflow/.local/lib/python3.8/site-packages/airflow/example_dags/example_python_decorator.py
[2025-04-28T17:44:29.652+0000] {processor.py:840} INFO - DAG(s) 'example_python_decorator' retrieved from /home/airflow/.local/lib/python3.8/site-packages/airflow/example_dags/example_python_decorator.py
[2025-04-28T17:44:29.672+0000] {logging_mixin.py:188} INFO - [2025-04-28T17:44:29.672+0000] {dag.py:3036} INFO - Sync 1 DAGs
[2025-04-28T17:44:29.679+0000] {logging_mixin.py:188} INFO - [2025-04-28T17:44:29.679+0000] {dag.py:3823} INFO - Setting next_dagrun for example_python_decorator to None, run_after=None
[2025-04-28T17:44:29.693+0000] {processor.py:183} INFO - Processing /home/airflow/.local/lib/python3.8/site-packages/airflow/example_dags/example_python_decorator.py took 0.057 seconds
[2025-04-28T17:45:01.747+0000] {processor.py:161} INFO - Started process (PID=321) to work on /home/airflow/.local/lib/python3.8/site-packages/airflow/example_dags/example_python_decorator.py
[2025-04-28T17:45:01.750+0000] {processor.py:830} INFO - Processing file /home/airflow/.local/lib/python3.8/site-packages/airflow/example_dags/example_python_decorator.py for tasks to queue
[2025-04-28T17:45:01.755+0000] {logging_mixin.py:188} INFO - [2025-04-28T17:45:01.754+0000] {dagbag.py:538} INFO - Filling up the DagBag from /home/airflow/.local/lib/python3.8/site-packages/airflow/example_dags/example_python_decorator.py
[2025-04-28T17:45:01.785+0000] {processor.py:840} INFO - DAG(s) 'example_python_decorator' retrieved from /home/airflow/.local/lib/python3.8/site-packages/airflow/example_dags/example_python_decorator.py
[2025-04-28T17:45:01.842+0000] {logging_mixin.py:188} INFO - [2025-04-28T17:45:01.842+0000] {dag.py:3036} INFO - Sync 1 DAGs
[2025-04-28T17:45:01.897+0000] {logging_mixin.py:188} INFO - [2025-04-28T17:45:01.896+0000] {dag.py:3823} INFO - Setting next_dagrun for example_python_decorator to None, run_after=None
[2025-04-28T17:45:02.009+0000] {processor.py:183} INFO - Processing /home/airflow/.local/lib/python3.8/site-packages/airflow/example_dags/example_python_decorator.py took 0.269 seconds
[2025-04-28T17:45:33.966+0000] {processor.py:161} INFO - Started process (PID=377) to work on /home/airflow/.local/lib/python3.8/site-packages/airflow/example_dags/example_python_decorator.py
[2025-04-28T17:45:33.970+0000] {processor.py:830} INFO - Processing file /home/airflow/.local/lib/python3.8/site-packages/airflow/example_dags/example_python_decorator.py for tasks to queue
[2025-04-28T17:45:33.978+0000] {logging_mixin.py:188} INFO - [2025-04-28T17:45:33.977+0000] {dagbag.py:538} INFO - Filling up the DagBag from /home/airflow/.local/lib/python3.8/site-packages/airflow/example_dags/example_python_decorator.py
[2025-04-28T17:45:34.096+0000] {processor.py:840} INFO - DAG(s) 'example_python_decorator' retrieved from /home/airflow/.local/lib/python3.8/site-packages/airflow/example_dags/example_python_decorator.py
[2025-04-28T17:45:34.160+0000] {logging_mixin.py:188} INFO - [2025-04-28T17:45:34.159+0000] {dag.py:3036} INFO - Sync 1 DAGs
[2025-04-28T17:45:34.186+0000] {logging_mixin.py:188} INFO - [2025-04-28T17:45:34.185+0000] {dag.py:3823} INFO - Setting next_dagrun for example_python_decorator to None, run_after=None
[2025-04-28T17:45:34.238+0000] {processor.py:183} INFO - Processing /home/airflow/.local/lib/python3.8/site-packages/airflow/example_dags/example_python_decorator.py took 0.279 seconds
[2025-04-28T17:46:04.316+0000] {processor.py:161} INFO - Started process (PID=433) to work on /home/airflow/.local/lib/python3.8/site-packages/airflow/example_dags/example_python_decorator.py
[2025-04-28T17:46:04.317+0000] {processor.py:830} INFO - Processing file /home/airflow/.local/lib/python3.8/site-packages/airflow/example_dags/example_python_decorator.py for tasks to queue
[2025-04-28T17:46:04.318+0000] {logging_mixin.py:188} INFO - [2025-04-28T17:46:04.318+0000] {dagbag.py:538} INFO - Filling up the DagBag from /home/airflow/.local/lib/python3.8/site-packages/airflow/example_dags/example_python_decorator.py
[2025-04-28T17:46:04.327+0000] {processor.py:840} INFO - DAG(s) 'example_python_decorator' retrieved from /home/airflow/.local/lib/python3.8/site-packages/airflow/example_dags/example_python_decorator.py
[2025-04-28T17:46:04.349+0000] {logging_mixin.py:188} INFO - [2025-04-28T17:46:04.349+0000] {dag.py:3036} INFO - Sync 1 DAGs
[2025-04-28T17:46:04.361+0000] {logging_mixin.py:188} INFO - [2025-04-28T17:46:04.361+0000] {dag.py:3823} INFO - Setting next_dagrun for example_python_decorator to None, run_after=None
[2025-04-28T17:46:04.379+0000] {processor.py:183} INFO - Processing /home/airflow/.local/lib/python3.8/site-packages/airflow/example_dags/example_python_decorator.py took 0.065 seconds
[2025-04-28T17:46:34.626+0000] {processor.py:161} INFO - Started process (PID=489) to work on /home/airflow/.local/lib/python3.8/site-packages/airflow/example_dags/example_python_decorator.py
[2025-04-28T17:46:34.626+0000] {processor.py:830} INFO - Processing file /home/airflow/.local/lib/python3.8/site-packages/airflow/example_dags/example_python_decorator.py for tasks to queue
[2025-04-28T17:46:34.627+0000] {logging_mixin.py:188} INFO - [2025-04-28T17:46:34.627+0000] {dagbag.py:538} INFO - Filling up the DagBag from /home/airflow/.local/lib/python3.8/site-packages/airflow/example_dags/example_python_decorator.py
[2025-04-28T17:46:34.634+0000] {processor.py:840} INFO - DAG(s) 'example_python_decorator' retrieved from /home/airflow/.local/lib/python3.8/site-packages/airflow/example_dags/example_python_decorator.py
[2025-04-28T17:46:34.645+0000] {logging_mixin.py:188} INFO - [2025-04-28T17:46:34.645+0000] {dag.py:3036} INFO - Sync 1 DAGs
[2025-04-28T17:46:34.651+0000] {logging_mixin.py:188} INFO - [2025-04-28T17:46:34.651+0000] {dag.py:3823} INFO - Setting next_dagrun for example_python_decorator to None, run_after=None
[2025-04-28T17:46:34.660+0000] {processor.py:183} INFO - Processing /home/airflow/.local/lib/python3.8/site-packages/airflow/example_dags/example_python_decorator.py took 0.036 seconds
