[2025-04-28T17:32:07.366+0000] {processor.py:161} INFO - Started process (PID=72) to work on /home/airflow/.local/lib/python3.8/site-packages/airflow/example_dags/example_sensor_decorator.py
[2025-04-28T17:32:07.369+0000] {processor.py:830} INFO - Processing file /home/airflow/.local/lib/python3.8/site-packages/airflow/example_dags/example_sensor_decorator.py for tasks to queue
[2025-04-28T17:32:07.370+0000] {logging_mixin.py:188} INFO - [2025-04-28T17:32:07.370+0000] {dagbag.py:538} INFO - Filling up the DagBag from /home/airflow/.local/lib/python3.8/site-packages/airflow/example_dags/example_sensor_decorator.py
[2025-04-28T17:32:07.388+0000] {processor.py:840} INFO - DAG(s) 'example_sensor_decorator' retrieved from /home/airflow/.local/lib/python3.8/site-packages/airflow/example_dags/example_sensor_decorator.py
[2025-04-28T17:32:07.411+0000] {logging_mixin.py:188} INFO - [2025-04-28T17:32:07.411+0000] {dag.py:3036} INFO - Sync 1 DAGs
[2025-04-28T17:32:07.436+0000] {logging_mixin.py:188} INFO - [2025-04-28T17:32:07.435+0000] {dag.py:3823} INFO - Setting next_dagrun for example_sensor_decorator to None, run_after=None
[2025-04-28T17:32:07.492+0000] {processor.py:183} INFO - Processing /home/airflow/.local/lib/python3.8/site-packages/airflow/example_dags/example_sensor_decorator.py took 0.132 seconds
[2025-04-28T17:32:38.603+0000] {processor.py:161} INFO - Started process (PID=127) to work on /home/airflow/.local/lib/python3.8/site-packages/airflow/example_dags/example_sensor_decorator.py
[2025-04-28T17:32:38.604+0000] {processor.py:830} INFO - Processing file /home/airflow/.local/lib/python3.8/site-packages/airflow/example_dags/example_sensor_decorator.py for tasks to queue
[2025-04-28T17:32:38.606+0000] {logging_mixin.py:188} INFO - [2025-04-28T17:32:38.606+0000] {dagbag.py:538} INFO - Filling up the DagBag from /home/airflow/.local/lib/python3.8/site-packages/airflow/example_dags/example_sensor_decorator.py
[2025-04-28T17:32:38.613+0000] {processor.py:840} INFO - DAG(s) 'example_sensor_decorator' retrieved from /home/airflow/.local/lib/python3.8/site-packages/airflow/example_dags/example_sensor_decorator.py
[2025-04-28T17:32:38.688+0000] {logging_mixin.py:188} INFO - [2025-04-28T17:32:38.687+0000] {dag.py:3036} INFO - Sync 1 DAGs
[2025-04-28T17:32:38.708+0000] {logging_mixin.py:188} INFO - [2025-04-28T17:32:38.708+0000] {dag.py:3823} INFO - Setting next_dagrun for example_sensor_decorator to None, run_after=None
[2025-04-28T17:32:38.746+0000] {processor.py:183} INFO - Processing /home/airflow/.local/lib/python3.8/site-packages/airflow/example_dags/example_sensor_decorator.py took 0.146 seconds
[2025-04-28T17:33:10.634+0000] {processor.py:161} INFO - Started process (PID=182) to work on /home/airflow/.local/lib/python3.8/site-packages/airflow/example_dags/example_sensor_decorator.py
[2025-04-28T17:33:10.646+0000] {processor.py:830} INFO - Processing file /home/airflow/.local/lib/python3.8/site-packages/airflow/example_dags/example_sensor_decorator.py for tasks to queue
[2025-04-28T17:33:10.660+0000] {logging_mixin.py:188} INFO - [2025-04-28T17:33:10.659+0000] {dagbag.py:538} INFO - Filling up the DagBag from /home/airflow/.local/lib/python3.8/site-packages/airflow/example_dags/example_sensor_decorator.py
[2025-04-28T17:33:10.701+0000] {processor.py:840} INFO - DAG(s) 'example_sensor_decorator' retrieved from /home/airflow/.local/lib/python3.8/site-packages/airflow/example_dags/example_sensor_decorator.py
[2025-04-28T17:33:10.813+0000] {logging_mixin.py:188} INFO - [2025-04-28T17:33:10.812+0000] {dag.py:3036} INFO - Sync 1 DAGs
[2025-04-28T17:33:10.858+0000] {logging_mixin.py:188} INFO - [2025-04-28T17:33:10.857+0000] {dag.py:3823} INFO - Setting next_dagrun for example_sensor_decorator to None, run_after=None
[2025-04-28T17:33:10.913+0000] {processor.py:183} INFO - Processing /home/airflow/.local/lib/python3.8/site-packages/airflow/example_dags/example_sensor_decorator.py took 0.301 seconds
[2025-04-28T17:33:41.554+0000] {processor.py:161} INFO - Started process (PID=237) to work on /home/airflow/.local/lib/python3.8/site-packages/airflow/example_dags/example_sensor_decorator.py
[2025-04-28T17:33:41.555+0000] {processor.py:830} INFO - Processing file /home/airflow/.local/lib/python3.8/site-packages/airflow/example_dags/example_sensor_decorator.py for tasks to queue
[2025-04-28T17:33:41.560+0000] {logging_mixin.py:188} INFO - [2025-04-28T17:33:41.560+0000] {dagbag.py:538} INFO - Filling up the DagBag from /home/airflow/.local/lib/python3.8/site-packages/airflow/example_dags/example_sensor_decorator.py
[2025-04-28T17:33:41.567+0000] {processor.py:840} INFO - DAG(s) 'example_sensor_decorator' retrieved from /home/airflow/.local/lib/python3.8/site-packages/airflow/example_dags/example_sensor_decorator.py
[2025-04-28T17:33:41.599+0000] {logging_mixin.py:188} INFO - [2025-04-28T17:33:41.599+0000] {dag.py:3036} INFO - Sync 1 DAGs
[2025-04-28T17:33:41.610+0000] {logging_mixin.py:188} INFO - [2025-04-28T17:33:41.610+0000] {dag.py:3823} INFO - Setting next_dagrun for example_sensor_decorator to None, run_after=None
[2025-04-28T17:33:41.632+0000] {processor.py:183} INFO - Processing /home/airflow/.local/lib/python3.8/site-packages/airflow/example_dags/example_sensor_decorator.py took 0.083 seconds
[2025-04-28T17:34:11.717+0000] {processor.py:161} INFO - Started process (PID=292) to work on /home/airflow/.local/lib/python3.8/site-packages/airflow/example_dags/example_sensor_decorator.py
[2025-04-28T17:34:11.719+0000] {processor.py:830} INFO - Processing file /home/airflow/.local/lib/python3.8/site-packages/airflow/example_dags/example_sensor_decorator.py for tasks to queue
[2025-04-28T17:34:11.723+0000] {logging_mixin.py:188} INFO - [2025-04-28T17:34:11.722+0000] {dagbag.py:538} INFO - Filling up the DagBag from /home/airflow/.local/lib/python3.8/site-packages/airflow/example_dags/example_sensor_decorator.py
[2025-04-28T17:34:11.737+0000] {processor.py:840} INFO - DAG(s) 'example_sensor_decorator' retrieved from /home/airflow/.local/lib/python3.8/site-packages/airflow/example_dags/example_sensor_decorator.py
[2025-04-28T17:34:11.774+0000] {logging_mixin.py:188} INFO - [2025-04-28T17:34:11.773+0000] {dag.py:3036} INFO - Sync 1 DAGs
[2025-04-28T17:34:11.786+0000] {logging_mixin.py:188} INFO - [2025-04-28T17:34:11.786+0000] {dag.py:3823} INFO - Setting next_dagrun for example_sensor_decorator to None, run_after=None
[2025-04-28T17:34:11.801+0000] {processor.py:183} INFO - Processing /home/airflow/.local/lib/python3.8/site-packages/airflow/example_dags/example_sensor_decorator.py took 0.087 seconds
[2025-04-28T17:34:42.646+0000] {processor.py:161} INFO - Started process (PID=347) to work on /home/airflow/.local/lib/python3.8/site-packages/airflow/example_dags/example_sensor_decorator.py
[2025-04-28T17:34:42.647+0000] {processor.py:830} INFO - Processing file /home/airflow/.local/lib/python3.8/site-packages/airflow/example_dags/example_sensor_decorator.py for tasks to queue
[2025-04-28T17:34:42.651+0000] {logging_mixin.py:188} INFO - [2025-04-28T17:34:42.650+0000] {dagbag.py:538} INFO - Filling up the DagBag from /home/airflow/.local/lib/python3.8/site-packages/airflow/example_dags/example_sensor_decorator.py
[2025-04-28T17:34:42.660+0000] {processor.py:840} INFO - DAG(s) 'example_sensor_decorator' retrieved from /home/airflow/.local/lib/python3.8/site-packages/airflow/example_dags/example_sensor_decorator.py
[2025-04-28T17:34:42.682+0000] {logging_mixin.py:188} INFO - [2025-04-28T17:34:42.682+0000] {dag.py:3036} INFO - Sync 1 DAGs
[2025-04-28T17:34:42.690+0000] {logging_mixin.py:188} INFO - [2025-04-28T17:34:42.690+0000] {dag.py:3823} INFO - Setting next_dagrun for example_sensor_decorator to None, run_after=None
[2025-04-28T17:34:42.705+0000] {processor.py:183} INFO - Processing /home/airflow/.local/lib/python3.8/site-packages/airflow/example_dags/example_sensor_decorator.py took 0.062 seconds
[2025-04-28T17:35:13.116+0000] {processor.py:161} INFO - Started process (PID=402) to work on /home/airflow/.local/lib/python3.8/site-packages/airflow/example_dags/example_sensor_decorator.py
[2025-04-28T17:35:13.117+0000] {processor.py:830} INFO - Processing file /home/airflow/.local/lib/python3.8/site-packages/airflow/example_dags/example_sensor_decorator.py for tasks to queue
[2025-04-28T17:35:13.119+0000] {logging_mixin.py:188} INFO - [2025-04-28T17:35:13.118+0000] {dagbag.py:538} INFO - Filling up the DagBag from /home/airflow/.local/lib/python3.8/site-packages/airflow/example_dags/example_sensor_decorator.py
[2025-04-28T17:35:13.124+0000] {processor.py:840} INFO - DAG(s) 'example_sensor_decorator' retrieved from /home/airflow/.local/lib/python3.8/site-packages/airflow/example_dags/example_sensor_decorator.py
[2025-04-28T17:35:13.145+0000] {logging_mixin.py:188} INFO - [2025-04-28T17:35:13.145+0000] {dag.py:3036} INFO - Sync 1 DAGs
[2025-04-28T17:35:13.156+0000] {logging_mixin.py:188} INFO - [2025-04-28T17:35:13.156+0000] {dag.py:3823} INFO - Setting next_dagrun for example_sensor_decorator to None, run_after=None
[2025-04-28T17:35:13.168+0000] {processor.py:183} INFO - Processing /home/airflow/.local/lib/python3.8/site-packages/airflow/example_dags/example_sensor_decorator.py took 0.054 seconds
[2025-04-28T17:35:43.885+0000] {processor.py:161} INFO - Started process (PID=457) to work on /home/airflow/.local/lib/python3.8/site-packages/airflow/example_dags/example_sensor_decorator.py
[2025-04-28T17:35:43.893+0000] {processor.py:830} INFO - Processing file /home/airflow/.local/lib/python3.8/site-packages/airflow/example_dags/example_sensor_decorator.py for tasks to queue
[2025-04-28T17:35:43.895+0000] {logging_mixin.py:188} INFO - [2025-04-28T17:35:43.895+0000] {dagbag.py:538} INFO - Filling up the DagBag from /home/airflow/.local/lib/python3.8/site-packages/airflow/example_dags/example_sensor_decorator.py
[2025-04-28T17:35:43.902+0000] {processor.py:840} INFO - DAG(s) 'example_sensor_decorator' retrieved from /home/airflow/.local/lib/python3.8/site-packages/airflow/example_dags/example_sensor_decorator.py
[2025-04-28T17:35:44.012+0000] {logging_mixin.py:188} INFO - [2025-04-28T17:35:44.012+0000] {dag.py:3036} INFO - Sync 1 DAGs
[2025-04-28T17:35:44.024+0000] {logging_mixin.py:188} INFO - [2025-04-28T17:35:44.024+0000] {dag.py:3823} INFO - Setting next_dagrun for example_sensor_decorator to None, run_after=None
[2025-04-28T17:35:44.037+0000] {processor.py:183} INFO - Processing /home/airflow/.local/lib/python3.8/site-packages/airflow/example_dags/example_sensor_decorator.py took 0.168 seconds
[2025-04-28T17:36:14.591+0000] {processor.py:161} INFO - Started process (PID=512) to work on /home/airflow/.local/lib/python3.8/site-packages/airflow/example_dags/example_sensor_decorator.py
[2025-04-28T17:36:14.593+0000] {processor.py:830} INFO - Processing file /home/airflow/.local/lib/python3.8/site-packages/airflow/example_dags/example_sensor_decorator.py for tasks to queue
[2025-04-28T17:36:14.594+0000] {logging_mixin.py:188} INFO - [2025-04-28T17:36:14.594+0000] {dagbag.py:538} INFO - Filling up the DagBag from /home/airflow/.local/lib/python3.8/site-packages/airflow/example_dags/example_sensor_decorator.py
[2025-04-28T17:36:14.600+0000] {processor.py:840} INFO - DAG(s) 'example_sensor_decorator' retrieved from /home/airflow/.local/lib/python3.8/site-packages/airflow/example_dags/example_sensor_decorator.py
[2025-04-28T17:36:14.625+0000] {logging_mixin.py:188} INFO - [2025-04-28T17:36:14.625+0000] {dag.py:3036} INFO - Sync 1 DAGs
[2025-04-28T17:36:14.637+0000] {logging_mixin.py:188} INFO - [2025-04-28T17:36:14.636+0000] {dag.py:3823} INFO - Setting next_dagrun for example_sensor_decorator to None, run_after=None
[2025-04-28T17:36:14.651+0000] {processor.py:183} INFO - Processing /home/airflow/.local/lib/python3.8/site-packages/airflow/example_dags/example_sensor_decorator.py took 0.063 seconds
[2025-04-28T17:36:44.903+0000] {processor.py:161} INFO - Started process (PID=567) to work on /home/airflow/.local/lib/python3.8/site-packages/airflow/example_dags/example_sensor_decorator.py
[2025-04-28T17:36:44.903+0000] {processor.py:830} INFO - Processing file /home/airflow/.local/lib/python3.8/site-packages/airflow/example_dags/example_sensor_decorator.py for tasks to queue
[2025-04-28T17:36:44.904+0000] {logging_mixin.py:188} INFO - [2025-04-28T17:36:44.904+0000] {dagbag.py:538} INFO - Filling up the DagBag from /home/airflow/.local/lib/python3.8/site-packages/airflow/example_dags/example_sensor_decorator.py
[2025-04-28T17:36:44.908+0000] {processor.py:840} INFO - DAG(s) 'example_sensor_decorator' retrieved from /home/airflow/.local/lib/python3.8/site-packages/airflow/example_dags/example_sensor_decorator.py
[2025-04-28T17:36:44.921+0000] {logging_mixin.py:188} INFO - [2025-04-28T17:36:44.921+0000] {dag.py:3036} INFO - Sync 1 DAGs
[2025-04-28T17:36:44.926+0000] {logging_mixin.py:188} INFO - [2025-04-28T17:36:44.926+0000] {dag.py:3823} INFO - Setting next_dagrun for example_sensor_decorator to None, run_after=None
[2025-04-28T17:36:44.935+0000] {processor.py:183} INFO - Processing /home/airflow/.local/lib/python3.8/site-packages/airflow/example_dags/example_sensor_decorator.py took 0.034 seconds
[2025-04-28T17:37:15.544+0000] {processor.py:161} INFO - Started process (PID=628) to work on /home/airflow/.local/lib/python3.8/site-packages/airflow/example_dags/example_sensor_decorator.py
[2025-04-28T17:37:15.545+0000] {processor.py:830} INFO - Processing file /home/airflow/.local/lib/python3.8/site-packages/airflow/example_dags/example_sensor_decorator.py for tasks to queue
[2025-04-28T17:37:15.546+0000] {logging_mixin.py:188} INFO - [2025-04-28T17:37:15.546+0000] {dagbag.py:538} INFO - Filling up the DagBag from /home/airflow/.local/lib/python3.8/site-packages/airflow/example_dags/example_sensor_decorator.py
[2025-04-28T17:37:15.550+0000] {processor.py:840} INFO - DAG(s) 'example_sensor_decorator' retrieved from /home/airflow/.local/lib/python3.8/site-packages/airflow/example_dags/example_sensor_decorator.py
[2025-04-28T17:37:15.568+0000] {logging_mixin.py:188} INFO - [2025-04-28T17:37:15.568+0000] {dag.py:3036} INFO - Sync 1 DAGs
[2025-04-28T17:37:15.576+0000] {logging_mixin.py:188} INFO - [2025-04-28T17:37:15.576+0000] {dag.py:3823} INFO - Setting next_dagrun for example_sensor_decorator to None, run_after=None
[2025-04-28T17:37:15.595+0000] {processor.py:183} INFO - Processing /home/airflow/.local/lib/python3.8/site-packages/airflow/example_dags/example_sensor_decorator.py took 0.054 seconds
[2025-04-28T17:37:45.949+0000] {processor.py:161} INFO - Started process (PID=689) to work on /home/airflow/.local/lib/python3.8/site-packages/airflow/example_dags/example_sensor_decorator.py
[2025-04-28T17:37:45.949+0000] {processor.py:830} INFO - Processing file /home/airflow/.local/lib/python3.8/site-packages/airflow/example_dags/example_sensor_decorator.py for tasks to queue
[2025-04-28T17:37:45.950+0000] {logging_mixin.py:188} INFO - [2025-04-28T17:37:45.950+0000] {dagbag.py:538} INFO - Filling up the DagBag from /home/airflow/.local/lib/python3.8/site-packages/airflow/example_dags/example_sensor_decorator.py
[2025-04-28T17:37:45.953+0000] {processor.py:840} INFO - DAG(s) 'example_sensor_decorator' retrieved from /home/airflow/.local/lib/python3.8/site-packages/airflow/example_dags/example_sensor_decorator.py
[2025-04-28T17:37:45.969+0000] {logging_mixin.py:188} INFO - [2025-04-28T17:37:45.968+0000] {dag.py:3036} INFO - Sync 1 DAGs
[2025-04-28T17:37:45.976+0000] {logging_mixin.py:188} INFO - [2025-04-28T17:37:45.976+0000] {dag.py:3823} INFO - Setting next_dagrun for example_sensor_decorator to None, run_after=None
[2025-04-28T17:37:45.989+0000] {processor.py:183} INFO - Processing /home/airflow/.local/lib/python3.8/site-packages/airflow/example_dags/example_sensor_decorator.py took 0.042 seconds
[2025-04-28T17:38:16.895+0000] {processor.py:161} INFO - Started process (PID=750) to work on /home/airflow/.local/lib/python3.8/site-packages/airflow/example_dags/example_sensor_decorator.py
[2025-04-28T17:38:16.897+0000] {processor.py:830} INFO - Processing file /home/airflow/.local/lib/python3.8/site-packages/airflow/example_dags/example_sensor_decorator.py for tasks to queue
[2025-04-28T17:38:16.898+0000] {logging_mixin.py:188} INFO - [2025-04-28T17:38:16.898+0000] {dagbag.py:538} INFO - Filling up the DagBag from /home/airflow/.local/lib/python3.8/site-packages/airflow/example_dags/example_sensor_decorator.py
[2025-04-28T17:38:16.902+0000] {processor.py:840} INFO - DAG(s) 'example_sensor_decorator' retrieved from /home/airflow/.local/lib/python3.8/site-packages/airflow/example_dags/example_sensor_decorator.py
[2025-04-28T17:38:16.918+0000] {logging_mixin.py:188} INFO - [2025-04-28T17:38:16.918+0000] {dag.py:3036} INFO - Sync 1 DAGs
[2025-04-28T17:38:16.925+0000] {logging_mixin.py:188} INFO - [2025-04-28T17:38:16.925+0000] {dag.py:3823} INFO - Setting next_dagrun for example_sensor_decorator to None, run_after=None
[2025-04-28T17:38:16.941+0000] {processor.py:183} INFO - Processing /home/airflow/.local/lib/python3.8/site-packages/airflow/example_dags/example_sensor_decorator.py took 0.049 seconds
[2025-04-28T17:38:47.290+0000] {processor.py:161} INFO - Started process (PID=812) to work on /home/airflow/.local/lib/python3.8/site-packages/airflow/example_dags/example_sensor_decorator.py
[2025-04-28T17:38:47.291+0000] {processor.py:830} INFO - Processing file /home/airflow/.local/lib/python3.8/site-packages/airflow/example_dags/example_sensor_decorator.py for tasks to queue
[2025-04-28T17:38:47.293+0000] {logging_mixin.py:188} INFO - [2025-04-28T17:38:47.293+0000] {dagbag.py:538} INFO - Filling up the DagBag from /home/airflow/.local/lib/python3.8/site-packages/airflow/example_dags/example_sensor_decorator.py
[2025-04-28T17:38:47.297+0000] {processor.py:840} INFO - DAG(s) 'example_sensor_decorator' retrieved from /home/airflow/.local/lib/python3.8/site-packages/airflow/example_dags/example_sensor_decorator.py
[2025-04-28T17:38:47.314+0000] {logging_mixin.py:188} INFO - [2025-04-28T17:38:47.314+0000] {dag.py:3036} INFO - Sync 1 DAGs
[2025-04-28T17:38:47.319+0000] {logging_mixin.py:188} INFO - [2025-04-28T17:38:47.319+0000] {dag.py:3823} INFO - Setting next_dagrun for example_sensor_decorator to None, run_after=None
[2025-04-28T17:38:47.334+0000] {processor.py:183} INFO - Processing /home/airflow/.local/lib/python3.8/site-packages/airflow/example_dags/example_sensor_decorator.py took 0.047 seconds
[2025-04-28T17:39:18.287+0000] {processor.py:161} INFO - Started process (PID=868) to work on /home/airflow/.local/lib/python3.8/site-packages/airflow/example_dags/example_sensor_decorator.py
[2025-04-28T17:39:18.289+0000] {processor.py:830} INFO - Processing file /home/airflow/.local/lib/python3.8/site-packages/airflow/example_dags/example_sensor_decorator.py for tasks to queue
[2025-04-28T17:39:18.291+0000] {logging_mixin.py:188} INFO - [2025-04-28T17:39:18.291+0000] {dagbag.py:538} INFO - Filling up the DagBag from /home/airflow/.local/lib/python3.8/site-packages/airflow/example_dags/example_sensor_decorator.py
[2025-04-28T17:39:18.299+0000] {processor.py:840} INFO - DAG(s) 'example_sensor_decorator' retrieved from /home/airflow/.local/lib/python3.8/site-packages/airflow/example_dags/example_sensor_decorator.py
[2025-04-28T17:39:18.326+0000] {logging_mixin.py:188} INFO - [2025-04-28T17:39:18.326+0000] {dag.py:3036} INFO - Sync 1 DAGs
[2025-04-28T17:39:18.339+0000] {logging_mixin.py:188} INFO - [2025-04-28T17:39:18.339+0000] {dag.py:3823} INFO - Setting next_dagrun for example_sensor_decorator to None, run_after=None
[2025-04-28T17:39:18.360+0000] {processor.py:183} INFO - Processing /home/airflow/.local/lib/python3.8/site-packages/airflow/example_dags/example_sensor_decorator.py took 0.083 seconds
[2025-04-28T17:39:49.386+0000] {processor.py:161} INFO - Started process (PID=927) to work on /home/airflow/.local/lib/python3.8/site-packages/airflow/example_dags/example_sensor_decorator.py
[2025-04-28T17:39:49.391+0000] {processor.py:830} INFO - Processing file /home/airflow/.local/lib/python3.8/site-packages/airflow/example_dags/example_sensor_decorator.py for tasks to queue
[2025-04-28T17:39:49.400+0000] {logging_mixin.py:188} INFO - [2025-04-28T17:39:49.399+0000] {dagbag.py:538} INFO - Filling up the DagBag from /home/airflow/.local/lib/python3.8/site-packages/airflow/example_dags/example_sensor_decorator.py
[2025-04-28T17:39:49.407+0000] {processor.py:840} INFO - DAG(s) 'example_sensor_decorator' retrieved from /home/airflow/.local/lib/python3.8/site-packages/airflow/example_dags/example_sensor_decorator.py
[2025-04-28T17:39:49.446+0000] {logging_mixin.py:188} INFO - [2025-04-28T17:39:49.446+0000] {dag.py:3036} INFO - Sync 1 DAGs
[2025-04-28T17:39:49.456+0000] {logging_mixin.py:188} INFO - [2025-04-28T17:39:49.456+0000] {dag.py:3823} INFO - Setting next_dagrun for example_sensor_decorator to None, run_after=None
[2025-04-28T17:39:49.477+0000] {processor.py:183} INFO - Processing /home/airflow/.local/lib/python3.8/site-packages/airflow/example_dags/example_sensor_decorator.py took 0.093 seconds
[2025-04-28T17:40:19.749+0000] {processor.py:161} INFO - Started process (PID=987) to work on /home/airflow/.local/lib/python3.8/site-packages/airflow/example_dags/example_sensor_decorator.py
[2025-04-28T17:40:19.751+0000] {processor.py:830} INFO - Processing file /home/airflow/.local/lib/python3.8/site-packages/airflow/example_dags/example_sensor_decorator.py for tasks to queue
[2025-04-28T17:40:19.753+0000] {logging_mixin.py:188} INFO - [2025-04-28T17:40:19.752+0000] {dagbag.py:538} INFO - Filling up the DagBag from /home/airflow/.local/lib/python3.8/site-packages/airflow/example_dags/example_sensor_decorator.py
[2025-04-28T17:40:19.757+0000] {processor.py:840} INFO - DAG(s) 'example_sensor_decorator' retrieved from /home/airflow/.local/lib/python3.8/site-packages/airflow/example_dags/example_sensor_decorator.py
[2025-04-28T17:40:19.774+0000] {logging_mixin.py:188} INFO - [2025-04-28T17:40:19.774+0000] {dag.py:3036} INFO - Sync 1 DAGs
[2025-04-28T17:40:19.782+0000] {logging_mixin.py:188} INFO - [2025-04-28T17:40:19.782+0000] {dag.py:3823} INFO - Setting next_dagrun for example_sensor_decorator to None, run_after=None
[2025-04-28T17:40:19.798+0000] {processor.py:183} INFO - Processing /home/airflow/.local/lib/python3.8/site-packages/airflow/example_dags/example_sensor_decorator.py took 0.053 seconds
[2025-04-28T17:40:49.937+0000] {processor.py:161} INFO - Started process (PID=1045) to work on /home/airflow/.local/lib/python3.8/site-packages/airflow/example_dags/example_sensor_decorator.py
[2025-04-28T17:40:49.938+0000] {processor.py:830} INFO - Processing file /home/airflow/.local/lib/python3.8/site-packages/airflow/example_dags/example_sensor_decorator.py for tasks to queue
[2025-04-28T17:40:49.940+0000] {logging_mixin.py:188} INFO - [2025-04-28T17:40:49.940+0000] {dagbag.py:538} INFO - Filling up the DagBag from /home/airflow/.local/lib/python3.8/site-packages/airflow/example_dags/example_sensor_decorator.py
[2025-04-28T17:40:49.946+0000] {processor.py:840} INFO - DAG(s) 'example_sensor_decorator' retrieved from /home/airflow/.local/lib/python3.8/site-packages/airflow/example_dags/example_sensor_decorator.py
[2025-04-28T17:40:49.960+0000] {logging_mixin.py:188} INFO - [2025-04-28T17:40:49.960+0000] {dag.py:3036} INFO - Sync 1 DAGs
[2025-04-28T17:40:49.967+0000] {logging_mixin.py:188} INFO - [2025-04-28T17:40:49.967+0000] {dag.py:3823} INFO - Setting next_dagrun for example_sensor_decorator to None, run_after=None
[2025-04-28T17:40:49.975+0000] {processor.py:183} INFO - Processing /home/airflow/.local/lib/python3.8/site-packages/airflow/example_dags/example_sensor_decorator.py took 0.042 seconds
[2025-04-28T17:41:20.149+0000] {processor.py:161} INFO - Started process (PID=1101) to work on /home/airflow/.local/lib/python3.8/site-packages/airflow/example_dags/example_sensor_decorator.py
[2025-04-28T17:41:20.150+0000] {processor.py:830} INFO - Processing file /home/airflow/.local/lib/python3.8/site-packages/airflow/example_dags/example_sensor_decorator.py for tasks to queue
[2025-04-28T17:41:20.152+0000] {logging_mixin.py:188} INFO - [2025-04-28T17:41:20.152+0000] {dagbag.py:538} INFO - Filling up the DagBag from /home/airflow/.local/lib/python3.8/site-packages/airflow/example_dags/example_sensor_decorator.py
[2025-04-28T17:41:20.158+0000] {processor.py:840} INFO - DAG(s) 'example_sensor_decorator' retrieved from /home/airflow/.local/lib/python3.8/site-packages/airflow/example_dags/example_sensor_decorator.py
[2025-04-28T17:41:20.174+0000] {logging_mixin.py:188} INFO - [2025-04-28T17:41:20.174+0000] {dag.py:3036} INFO - Sync 1 DAGs
[2025-04-28T17:41:20.181+0000] {logging_mixin.py:188} INFO - [2025-04-28T17:41:20.181+0000] {dag.py:3823} INFO - Setting next_dagrun for example_sensor_decorator to None, run_after=None
[2025-04-28T17:41:20.199+0000] {processor.py:183} INFO - Processing /home/airflow/.local/lib/python3.8/site-packages/airflow/example_dags/example_sensor_decorator.py took 0.054 seconds
[2025-04-28T17:42:54.146+0000] {processor.py:161} INFO - Started process (PID=81) to work on /home/airflow/.local/lib/python3.8/site-packages/airflow/example_dags/example_sensor_decorator.py
[2025-04-28T17:42:54.151+0000] {processor.py:830} INFO - Processing file /home/airflow/.local/lib/python3.8/site-packages/airflow/example_dags/example_sensor_decorator.py for tasks to queue
[2025-04-28T17:42:54.158+0000] {logging_mixin.py:188} INFO - [2025-04-28T17:42:54.157+0000] {dagbag.py:538} INFO - Filling up the DagBag from /home/airflow/.local/lib/python3.8/site-packages/airflow/example_dags/example_sensor_decorator.py
[2025-04-28T17:42:54.198+0000] {processor.py:840} INFO - DAG(s) 'example_sensor_decorator' retrieved from /home/airflow/.local/lib/python3.8/site-packages/airflow/example_dags/example_sensor_decorator.py
[2025-04-28T17:42:54.252+0000] {logging_mixin.py:188} INFO - [2025-04-28T17:42:54.252+0000] {dag.py:3036} INFO - Sync 1 DAGs
[2025-04-28T17:42:54.299+0000] {logging_mixin.py:188} INFO - [2025-04-28T17:42:54.298+0000] {dag.py:3823} INFO - Setting next_dagrun for example_sensor_decorator to None, run_after=None
[2025-04-28T17:42:54.376+0000] {processor.py:183} INFO - Processing /home/airflow/.local/lib/python3.8/site-packages/airflow/example_dags/example_sensor_decorator.py took 0.237 seconds
[2025-04-28T17:43:25.977+0000] {processor.py:161} INFO - Started process (PID=138) to work on /home/airflow/.local/lib/python3.8/site-packages/airflow/example_dags/example_sensor_decorator.py
[2025-04-28T17:43:25.980+0000] {processor.py:830} INFO - Processing file /home/airflow/.local/lib/python3.8/site-packages/airflow/example_dags/example_sensor_decorator.py for tasks to queue
[2025-04-28T17:43:25.984+0000] {logging_mixin.py:188} INFO - [2025-04-28T17:43:25.983+0000] {dagbag.py:538} INFO - Filling up the DagBag from /home/airflow/.local/lib/python3.8/site-packages/airflow/example_dags/example_sensor_decorator.py
[2025-04-28T17:43:26.029+0000] {processor.py:840} INFO - DAG(s) 'example_sensor_decorator' retrieved from /home/airflow/.local/lib/python3.8/site-packages/airflow/example_dags/example_sensor_decorator.py
[2025-04-28T17:43:26.363+0000] {logging_mixin.py:188} INFO - [2025-04-28T17:43:26.362+0000] {dag.py:3036} INFO - Sync 1 DAGs
[2025-04-28T17:43:26.396+0000] {logging_mixin.py:188} INFO - [2025-04-28T17:43:26.386+0000] {dag.py:3823} INFO - Setting next_dagrun for example_sensor_decorator to None, run_after=None
[2025-04-28T17:43:26.440+0000] {processor.py:183} INFO - Processing /home/airflow/.local/lib/python3.8/site-packages/airflow/example_dags/example_sensor_decorator.py took 0.480 seconds
[2025-04-28T17:43:57.428+0000] {processor.py:161} INFO - Started process (PID=199) to work on /home/airflow/.local/lib/python3.8/site-packages/airflow/example_dags/example_sensor_decorator.py
[2025-04-28T17:43:57.431+0000] {processor.py:830} INFO - Processing file /home/airflow/.local/lib/python3.8/site-packages/airflow/example_dags/example_sensor_decorator.py for tasks to queue
[2025-04-28T17:43:57.435+0000] {logging_mixin.py:188} INFO - [2025-04-28T17:43:57.435+0000] {dagbag.py:538} INFO - Filling up the DagBag from /home/airflow/.local/lib/python3.8/site-packages/airflow/example_dags/example_sensor_decorator.py
[2025-04-28T17:43:57.449+0000] {processor.py:840} INFO - DAG(s) 'example_sensor_decorator' retrieved from /home/airflow/.local/lib/python3.8/site-packages/airflow/example_dags/example_sensor_decorator.py
[2025-04-28T17:43:57.496+0000] {logging_mixin.py:188} INFO - [2025-04-28T17:43:57.495+0000] {dag.py:3036} INFO - Sync 1 DAGs
[2025-04-28T17:43:57.514+0000] {logging_mixin.py:188} INFO - [2025-04-28T17:43:57.514+0000] {dag.py:3823} INFO - Setting next_dagrun for example_sensor_decorator to None, run_after=None
[2025-04-28T17:43:57.546+0000] {processor.py:183} INFO - Processing /home/airflow/.local/lib/python3.8/site-packages/airflow/example_dags/example_sensor_decorator.py took 0.128 seconds
[2025-04-28T17:44:28.115+0000] {processor.py:161} INFO - Started process (PID=255) to work on /home/airflow/.local/lib/python3.8/site-packages/airflow/example_dags/example_sensor_decorator.py
[2025-04-28T17:44:28.118+0000] {processor.py:830} INFO - Processing file /home/airflow/.local/lib/python3.8/site-packages/airflow/example_dags/example_sensor_decorator.py for tasks to queue
[2025-04-28T17:44:28.120+0000] {logging_mixin.py:188} INFO - [2025-04-28T17:44:28.119+0000] {dagbag.py:538} INFO - Filling up the DagBag from /home/airflow/.local/lib/python3.8/site-packages/airflow/example_dags/example_sensor_decorator.py
[2025-04-28T17:44:28.127+0000] {processor.py:840} INFO - DAG(s) 'example_sensor_decorator' retrieved from /home/airflow/.local/lib/python3.8/site-packages/airflow/example_dags/example_sensor_decorator.py
[2025-04-28T17:44:28.165+0000] {logging_mixin.py:188} INFO - [2025-04-28T17:44:28.165+0000] {dag.py:3036} INFO - Sync 1 DAGs
[2025-04-28T17:44:28.176+0000] {logging_mixin.py:188} INFO - [2025-04-28T17:44:28.176+0000] {dag.py:3823} INFO - Setting next_dagrun for example_sensor_decorator to None, run_after=None
[2025-04-28T17:44:28.190+0000] {processor.py:183} INFO - Processing /home/airflow/.local/lib/python3.8/site-packages/airflow/example_dags/example_sensor_decorator.py took 0.080 seconds
[2025-04-28T17:45:00.543+0000] {processor.py:161} INFO - Started process (PID=311) to work on /home/airflow/.local/lib/python3.8/site-packages/airflow/example_dags/example_sensor_decorator.py
[2025-04-28T17:45:00.545+0000] {processor.py:830} INFO - Processing file /home/airflow/.local/lib/python3.8/site-packages/airflow/example_dags/example_sensor_decorator.py for tasks to queue
[2025-04-28T17:45:00.549+0000] {logging_mixin.py:188} INFO - [2025-04-28T17:45:00.547+0000] {dagbag.py:538} INFO - Filling up the DagBag from /home/airflow/.local/lib/python3.8/site-packages/airflow/example_dags/example_sensor_decorator.py
[2025-04-28T17:45:00.557+0000] {processor.py:840} INFO - DAG(s) 'example_sensor_decorator' retrieved from /home/airflow/.local/lib/python3.8/site-packages/airflow/example_dags/example_sensor_decorator.py
[2025-04-28T17:45:00.591+0000] {logging_mixin.py:188} INFO - [2025-04-28T17:45:00.591+0000] {dag.py:3036} INFO - Sync 1 DAGs
[2025-04-28T17:45:00.604+0000] {logging_mixin.py:188} INFO - [2025-04-28T17:45:00.603+0000] {dag.py:3823} INFO - Setting next_dagrun for example_sensor_decorator to None, run_after=None
[2025-04-28T17:45:00.622+0000] {processor.py:183} INFO - Processing /home/airflow/.local/lib/python3.8/site-packages/airflow/example_dags/example_sensor_decorator.py took 0.084 seconds
[2025-04-28T17:45:32.757+0000] {processor.py:161} INFO - Started process (PID=367) to work on /home/airflow/.local/lib/python3.8/site-packages/airflow/example_dags/example_sensor_decorator.py
[2025-04-28T17:45:32.760+0000] {processor.py:830} INFO - Processing file /home/airflow/.local/lib/python3.8/site-packages/airflow/example_dags/example_sensor_decorator.py for tasks to queue
[2025-04-28T17:45:32.763+0000] {logging_mixin.py:188} INFO - [2025-04-28T17:45:32.763+0000] {dagbag.py:538} INFO - Filling up the DagBag from /home/airflow/.local/lib/python3.8/site-packages/airflow/example_dags/example_sensor_decorator.py
[2025-04-28T17:45:32.774+0000] {processor.py:840} INFO - DAG(s) 'example_sensor_decorator' retrieved from /home/airflow/.local/lib/python3.8/site-packages/airflow/example_dags/example_sensor_decorator.py
[2025-04-28T17:45:32.806+0000] {logging_mixin.py:188} INFO - [2025-04-28T17:45:32.806+0000] {dag.py:3036} INFO - Sync 1 DAGs
[2025-04-28T17:45:32.820+0000] {logging_mixin.py:188} INFO - [2025-04-28T17:45:32.820+0000] {dag.py:3823} INFO - Setting next_dagrun for example_sensor_decorator to None, run_after=None
[2025-04-28T17:45:32.846+0000] {processor.py:183} INFO - Processing /home/airflow/.local/lib/python3.8/site-packages/airflow/example_dags/example_sensor_decorator.py took 0.092 seconds
[2025-04-28T17:46:03.808+0000] {processor.py:161} INFO - Started process (PID=423) to work on /home/airflow/.local/lib/python3.8/site-packages/airflow/example_dags/example_sensor_decorator.py
[2025-04-28T17:46:03.809+0000] {processor.py:830} INFO - Processing file /home/airflow/.local/lib/python3.8/site-packages/airflow/example_dags/example_sensor_decorator.py for tasks to queue
[2025-04-28T17:46:03.810+0000] {logging_mixin.py:188} INFO - [2025-04-28T17:46:03.810+0000] {dagbag.py:538} INFO - Filling up the DagBag from /home/airflow/.local/lib/python3.8/site-packages/airflow/example_dags/example_sensor_decorator.py
[2025-04-28T17:46:03.814+0000] {processor.py:840} INFO - DAG(s) 'example_sensor_decorator' retrieved from /home/airflow/.local/lib/python3.8/site-packages/airflow/example_dags/example_sensor_decorator.py
[2025-04-28T17:46:03.825+0000] {logging_mixin.py:188} INFO - [2025-04-28T17:46:03.825+0000] {dag.py:3036} INFO - Sync 1 DAGs
[2025-04-28T17:46:03.830+0000] {logging_mixin.py:188} INFO - [2025-04-28T17:46:03.830+0000] {dag.py:3823} INFO - Setting next_dagrun for example_sensor_decorator to None, run_after=None
[2025-04-28T17:46:03.838+0000] {processor.py:183} INFO - Processing /home/airflow/.local/lib/python3.8/site-packages/airflow/example_dags/example_sensor_decorator.py took 0.034 seconds
[2025-04-28T17:46:34.137+0000] {processor.py:161} INFO - Started process (PID=479) to work on /home/airflow/.local/lib/python3.8/site-packages/airflow/example_dags/example_sensor_decorator.py
[2025-04-28T17:46:34.138+0000] {processor.py:830} INFO - Processing file /home/airflow/.local/lib/python3.8/site-packages/airflow/example_dags/example_sensor_decorator.py for tasks to queue
[2025-04-28T17:46:34.140+0000] {logging_mixin.py:188} INFO - [2025-04-28T17:46:34.139+0000] {dagbag.py:538} INFO - Filling up the DagBag from /home/airflow/.local/lib/python3.8/site-packages/airflow/example_dags/example_sensor_decorator.py
[2025-04-28T17:46:34.143+0000] {processor.py:840} INFO - DAG(s) 'example_sensor_decorator' retrieved from /home/airflow/.local/lib/python3.8/site-packages/airflow/example_dags/example_sensor_decorator.py
[2025-04-28T17:46:34.161+0000] {logging_mixin.py:188} INFO - [2025-04-28T17:46:34.161+0000] {dag.py:3036} INFO - Sync 1 DAGs
[2025-04-28T17:46:34.168+0000] {logging_mixin.py:188} INFO - [2025-04-28T17:46:34.167+0000] {dag.py:3823} INFO - Setting next_dagrun for example_sensor_decorator to None, run_after=None
[2025-04-28T17:46:34.177+0000] {processor.py:183} INFO - Processing /home/airflow/.local/lib/python3.8/site-packages/airflow/example_dags/example_sensor_decorator.py took 0.044 seconds
