[2025-04-28T17:32:06.657+0000] {processor.py:161} INFO - Started process (PID=65) to work on /home/airflow/.local/lib/python3.8/site-packages/airflow/example_dags/example_trigger_target_dag.py
[2025-04-28T17:32:06.658+0000] {processor.py:830} INFO - Processing file /home/airflow/.local/lib/python3.8/site-packages/airflow/example_dags/example_trigger_target_dag.py for tasks to queue
[2025-04-28T17:32:06.661+0000] {logging_mixin.py:188} INFO - [2025-04-28T17:32:06.661+0000] {dagbag.py:538} INFO - Filling up the DagBag from /home/airflow/.local/lib/python3.8/site-packages/airflow/example_dags/example_trigger_target_dag.py
[2025-04-28T17:32:06.677+0000] {processor.py:840} INFO - DAG(s) 'example_trigger_target_dag' retrieved from /home/airflow/.local/lib/python3.8/site-packages/airflow/example_dags/example_trigger_target_dag.py
[2025-04-28T17:32:06.701+0000] {logging_mixin.py:188} INFO - [2025-04-28T17:32:06.700+0000] {dag.py:3036} INFO - Sync 1 DAGs
[2025-04-28T17:32:06.727+0000] {logging_mixin.py:188} INFO - [2025-04-28T17:32:06.727+0000] {dag.py:3823} INFO - Setting next_dagrun for example_trigger_target_dag to None, run_after=None
[2025-04-28T17:32:06.768+0000] {processor.py:183} INFO - Processing /home/airflow/.local/lib/python3.8/site-packages/airflow/example_dags/example_trigger_target_dag.py took 0.122 seconds
[2025-04-28T17:32:37.965+0000] {processor.py:161} INFO - Started process (PID=120) to work on /home/airflow/.local/lib/python3.8/site-packages/airflow/example_dags/example_trigger_target_dag.py
[2025-04-28T17:32:37.966+0000] {processor.py:830} INFO - Processing file /home/airflow/.local/lib/python3.8/site-packages/airflow/example_dags/example_trigger_target_dag.py for tasks to queue
[2025-04-28T17:32:37.968+0000] {logging_mixin.py:188} INFO - [2025-04-28T17:32:37.967+0000] {dagbag.py:538} INFO - Filling up the DagBag from /home/airflow/.local/lib/python3.8/site-packages/airflow/example_dags/example_trigger_target_dag.py
[2025-04-28T17:32:37.975+0000] {processor.py:840} INFO - DAG(s) 'example_trigger_target_dag' retrieved from /home/airflow/.local/lib/python3.8/site-packages/airflow/example_dags/example_trigger_target_dag.py
[2025-04-28T17:32:38.043+0000] {logging_mixin.py:188} INFO - [2025-04-28T17:32:38.043+0000] {dag.py:3036} INFO - Sync 1 DAGs
[2025-04-28T17:32:38.049+0000] {logging_mixin.py:188} INFO - [2025-04-28T17:32:38.049+0000] {dag.py:3823} INFO - Setting next_dagrun for example_trigger_target_dag to None, run_after=None
[2025-04-28T17:32:38.066+0000] {processor.py:183} INFO - Processing /home/airflow/.local/lib/python3.8/site-packages/airflow/example_dags/example_trigger_target_dag.py took 0.105 seconds
[2025-04-28T17:33:08.370+0000] {processor.py:161} INFO - Started process (PID=175) to work on /home/airflow/.local/lib/python3.8/site-packages/airflow/example_dags/example_trigger_target_dag.py
[2025-04-28T17:33:08.371+0000] {processor.py:830} INFO - Processing file /home/airflow/.local/lib/python3.8/site-packages/airflow/example_dags/example_trigger_target_dag.py for tasks to queue
[2025-04-28T17:33:08.372+0000] {logging_mixin.py:188} INFO - [2025-04-28T17:33:08.372+0000] {dagbag.py:538} INFO - Filling up the DagBag from /home/airflow/.local/lib/python3.8/site-packages/airflow/example_dags/example_trigger_target_dag.py
[2025-04-28T17:33:08.376+0000] {processor.py:840} INFO - DAG(s) 'example_trigger_target_dag' retrieved from /home/airflow/.local/lib/python3.8/site-packages/airflow/example_dags/example_trigger_target_dag.py
[2025-04-28T17:33:08.394+0000] {logging_mixin.py:188} INFO - [2025-04-28T17:33:08.394+0000] {dag.py:3036} INFO - Sync 1 DAGs
[2025-04-28T17:33:08.404+0000] {logging_mixin.py:188} INFO - [2025-04-28T17:33:08.404+0000] {dag.py:3823} INFO - Setting next_dagrun for example_trigger_target_dag to None, run_after=None
[2025-04-28T17:33:08.429+0000] {processor.py:183} INFO - Processing /home/airflow/.local/lib/python3.8/site-packages/airflow/example_dags/example_trigger_target_dag.py took 0.069 seconds
[2025-04-28T17:33:39.256+0000] {processor.py:161} INFO - Started process (PID=230) to work on /home/airflow/.local/lib/python3.8/site-packages/airflow/example_dags/example_trigger_target_dag.py
[2025-04-28T17:33:39.257+0000] {processor.py:830} INFO - Processing file /home/airflow/.local/lib/python3.8/site-packages/airflow/example_dags/example_trigger_target_dag.py for tasks to queue
[2025-04-28T17:33:39.261+0000] {logging_mixin.py:188} INFO - [2025-04-28T17:33:39.261+0000] {dagbag.py:538} INFO - Filling up the DagBag from /home/airflow/.local/lib/python3.8/site-packages/airflow/example_dags/example_trigger_target_dag.py
[2025-04-28T17:33:39.265+0000] {processor.py:840} INFO - DAG(s) 'example_trigger_target_dag' retrieved from /home/airflow/.local/lib/python3.8/site-packages/airflow/example_dags/example_trigger_target_dag.py
[2025-04-28T17:33:39.281+0000] {logging_mixin.py:188} INFO - [2025-04-28T17:33:39.281+0000] {dag.py:3036} INFO - Sync 1 DAGs
[2025-04-28T17:33:39.288+0000] {logging_mixin.py:188} INFO - [2025-04-28T17:33:39.288+0000] {dag.py:3823} INFO - Setting next_dagrun for example_trigger_target_dag to None, run_after=None
[2025-04-28T17:33:39.310+0000] {processor.py:183} INFO - Processing /home/airflow/.local/lib/python3.8/site-packages/airflow/example_dags/example_trigger_target_dag.py took 0.056 seconds
[2025-04-28T17:34:10.209+0000] {processor.py:161} INFO - Started process (PID=285) to work on /home/airflow/.local/lib/python3.8/site-packages/airflow/example_dags/example_trigger_target_dag.py
[2025-04-28T17:34:10.210+0000] {processor.py:830} INFO - Processing file /home/airflow/.local/lib/python3.8/site-packages/airflow/example_dags/example_trigger_target_dag.py for tasks to queue
[2025-04-28T17:34:10.212+0000] {logging_mixin.py:188} INFO - [2025-04-28T17:34:10.211+0000] {dagbag.py:538} INFO - Filling up the DagBag from /home/airflow/.local/lib/python3.8/site-packages/airflow/example_dags/example_trigger_target_dag.py
[2025-04-28T17:34:10.215+0000] {processor.py:840} INFO - DAG(s) 'example_trigger_target_dag' retrieved from /home/airflow/.local/lib/python3.8/site-packages/airflow/example_dags/example_trigger_target_dag.py
[2025-04-28T17:34:10.227+0000] {logging_mixin.py:188} INFO - [2025-04-28T17:34:10.227+0000] {dag.py:3036} INFO - Sync 1 DAGs
[2025-04-28T17:34:10.234+0000] {logging_mixin.py:188} INFO - [2025-04-28T17:34:10.234+0000] {dag.py:3823} INFO - Setting next_dagrun for example_trigger_target_dag to None, run_after=None
[2025-04-28T17:34:10.247+0000] {processor.py:183} INFO - Processing /home/airflow/.local/lib/python3.8/site-packages/airflow/example_dags/example_trigger_target_dag.py took 0.042 seconds
[2025-04-28T17:34:41.091+0000] {processor.py:161} INFO - Started process (PID=340) to work on /home/airflow/.local/lib/python3.8/site-packages/airflow/example_dags/example_trigger_target_dag.py
[2025-04-28T17:34:41.091+0000] {processor.py:830} INFO - Processing file /home/airflow/.local/lib/python3.8/site-packages/airflow/example_dags/example_trigger_target_dag.py for tasks to queue
[2025-04-28T17:34:41.092+0000] {logging_mixin.py:188} INFO - [2025-04-28T17:34:41.092+0000] {dagbag.py:538} INFO - Filling up the DagBag from /home/airflow/.local/lib/python3.8/site-packages/airflow/example_dags/example_trigger_target_dag.py
[2025-04-28T17:34:41.095+0000] {processor.py:840} INFO - DAG(s) 'example_trigger_target_dag' retrieved from /home/airflow/.local/lib/python3.8/site-packages/airflow/example_dags/example_trigger_target_dag.py
[2025-04-28T17:34:41.105+0000] {logging_mixin.py:188} INFO - [2025-04-28T17:34:41.105+0000] {dag.py:3036} INFO - Sync 1 DAGs
[2025-04-28T17:34:41.110+0000] {logging_mixin.py:188} INFO - [2025-04-28T17:34:41.110+0000] {dag.py:3823} INFO - Setting next_dagrun for example_trigger_target_dag to None, run_after=None
[2025-04-28T17:34:41.118+0000] {processor.py:183} INFO - Processing /home/airflow/.local/lib/python3.8/site-packages/airflow/example_dags/example_trigger_target_dag.py took 0.030 seconds
[2025-04-28T17:35:11.714+0000] {processor.py:161} INFO - Started process (PID=395) to work on /home/airflow/.local/lib/python3.8/site-packages/airflow/example_dags/example_trigger_target_dag.py
[2025-04-28T17:35:11.716+0000] {processor.py:830} INFO - Processing file /home/airflow/.local/lib/python3.8/site-packages/airflow/example_dags/example_trigger_target_dag.py for tasks to queue
[2025-04-28T17:35:11.718+0000] {logging_mixin.py:188} INFO - [2025-04-28T17:35:11.718+0000] {dagbag.py:538} INFO - Filling up the DagBag from /home/airflow/.local/lib/python3.8/site-packages/airflow/example_dags/example_trigger_target_dag.py
[2025-04-28T17:35:11.723+0000] {processor.py:840} INFO - DAG(s) 'example_trigger_target_dag' retrieved from /home/airflow/.local/lib/python3.8/site-packages/airflow/example_dags/example_trigger_target_dag.py
[2025-04-28T17:35:11.738+0000] {logging_mixin.py:188} INFO - [2025-04-28T17:35:11.738+0000] {dag.py:3036} INFO - Sync 1 DAGs
[2025-04-28T17:35:11.745+0000] {logging_mixin.py:188} INFO - [2025-04-28T17:35:11.745+0000] {dag.py:3823} INFO - Setting next_dagrun for example_trigger_target_dag to None, run_after=None
[2025-04-28T17:35:11.755+0000] {processor.py:183} INFO - Processing /home/airflow/.local/lib/python3.8/site-packages/airflow/example_dags/example_trigger_target_dag.py took 0.045 seconds
[2025-04-28T17:35:42.383+0000] {processor.py:161} INFO - Started process (PID=450) to work on /home/airflow/.local/lib/python3.8/site-packages/airflow/example_dags/example_trigger_target_dag.py
[2025-04-28T17:35:42.385+0000] {processor.py:830} INFO - Processing file /home/airflow/.local/lib/python3.8/site-packages/airflow/example_dags/example_trigger_target_dag.py for tasks to queue
[2025-04-28T17:35:42.387+0000] {logging_mixin.py:188} INFO - [2025-04-28T17:35:42.387+0000] {dagbag.py:538} INFO - Filling up the DagBag from /home/airflow/.local/lib/python3.8/site-packages/airflow/example_dags/example_trigger_target_dag.py
[2025-04-28T17:35:42.392+0000] {processor.py:840} INFO - DAG(s) 'example_trigger_target_dag' retrieved from /home/airflow/.local/lib/python3.8/site-packages/airflow/example_dags/example_trigger_target_dag.py
[2025-04-28T17:35:42.407+0000] {logging_mixin.py:188} INFO - [2025-04-28T17:35:42.407+0000] {dag.py:3036} INFO - Sync 1 DAGs
[2025-04-28T17:35:42.420+0000] {logging_mixin.py:188} INFO - [2025-04-28T17:35:42.419+0000] {dag.py:3823} INFO - Setting next_dagrun for example_trigger_target_dag to None, run_after=None
[2025-04-28T17:35:42.430+0000] {processor.py:183} INFO - Processing /home/airflow/.local/lib/python3.8/site-packages/airflow/example_dags/example_trigger_target_dag.py took 0.057 seconds
[2025-04-28T17:36:13.169+0000] {processor.py:161} INFO - Started process (PID=505) to work on /home/airflow/.local/lib/python3.8/site-packages/airflow/example_dags/example_trigger_target_dag.py
[2025-04-28T17:36:13.170+0000] {processor.py:830} INFO - Processing file /home/airflow/.local/lib/python3.8/site-packages/airflow/example_dags/example_trigger_target_dag.py for tasks to queue
[2025-04-28T17:36:13.172+0000] {logging_mixin.py:188} INFO - [2025-04-28T17:36:13.172+0000] {dagbag.py:538} INFO - Filling up the DagBag from /home/airflow/.local/lib/python3.8/site-packages/airflow/example_dags/example_trigger_target_dag.py
[2025-04-28T17:36:13.179+0000] {processor.py:840} INFO - DAG(s) 'example_trigger_target_dag' retrieved from /home/airflow/.local/lib/python3.8/site-packages/airflow/example_dags/example_trigger_target_dag.py
[2025-04-28T17:36:13.195+0000] {logging_mixin.py:188} INFO - [2025-04-28T17:36:13.195+0000] {dag.py:3036} INFO - Sync 1 DAGs
[2025-04-28T17:36:13.204+0000] {logging_mixin.py:188} INFO - [2025-04-28T17:36:13.203+0000] {dag.py:3823} INFO - Setting next_dagrun for example_trigger_target_dag to None, run_after=None
[2025-04-28T17:36:13.214+0000] {processor.py:183} INFO - Processing /home/airflow/.local/lib/python3.8/site-packages/airflow/example_dags/example_trigger_target_dag.py took 0.048 seconds
[2025-04-28T17:36:43.519+0000] {processor.py:161} INFO - Started process (PID=560) to work on /home/airflow/.local/lib/python3.8/site-packages/airflow/example_dags/example_trigger_target_dag.py
[2025-04-28T17:36:43.520+0000] {processor.py:830} INFO - Processing file /home/airflow/.local/lib/python3.8/site-packages/airflow/example_dags/example_trigger_target_dag.py for tasks to queue
[2025-04-28T17:36:43.521+0000] {logging_mixin.py:188} INFO - [2025-04-28T17:36:43.521+0000] {dagbag.py:538} INFO - Filling up the DagBag from /home/airflow/.local/lib/python3.8/site-packages/airflow/example_dags/example_trigger_target_dag.py
[2025-04-28T17:36:43.525+0000] {processor.py:840} INFO - DAG(s) 'example_trigger_target_dag' retrieved from /home/airflow/.local/lib/python3.8/site-packages/airflow/example_dags/example_trigger_target_dag.py
[2025-04-28T17:36:43.536+0000] {logging_mixin.py:188} INFO - [2025-04-28T17:36:43.536+0000] {dag.py:3036} INFO - Sync 1 DAGs
[2025-04-28T17:36:43.542+0000] {logging_mixin.py:188} INFO - [2025-04-28T17:36:43.542+0000] {dag.py:3823} INFO - Setting next_dagrun for example_trigger_target_dag to None, run_after=None
[2025-04-28T17:36:43.551+0000] {processor.py:183} INFO - Processing /home/airflow/.local/lib/python3.8/site-packages/airflow/example_dags/example_trigger_target_dag.py took 0.039 seconds
[2025-04-28T17:37:13.936+0000] {processor.py:161} INFO - Started process (PID=620) to work on /home/airflow/.local/lib/python3.8/site-packages/airflow/example_dags/example_trigger_target_dag.py
[2025-04-28T17:37:13.937+0000] {processor.py:830} INFO - Processing file /home/airflow/.local/lib/python3.8/site-packages/airflow/example_dags/example_trigger_target_dag.py for tasks to queue
[2025-04-28T17:37:13.980+0000] {logging_mixin.py:188} INFO - [2025-04-28T17:37:13.954+0000] {dagbag.py:538} INFO - Filling up the DagBag from /home/airflow/.local/lib/python3.8/site-packages/airflow/example_dags/example_trigger_target_dag.py
[2025-04-28T17:37:13.997+0000] {processor.py:840} INFO - DAG(s) 'example_trigger_target_dag' retrieved from /home/airflow/.local/lib/python3.8/site-packages/airflow/example_dags/example_trigger_target_dag.py
[2025-04-28T17:37:14.021+0000] {logging_mixin.py:188} INFO - [2025-04-28T17:37:14.020+0000] {dag.py:3036} INFO - Sync 1 DAGs
[2025-04-28T17:37:14.042+0000] {logging_mixin.py:188} INFO - [2025-04-28T17:37:14.042+0000] {dag.py:3823} INFO - Setting next_dagrun for example_trigger_target_dag to None, run_after=None
[2025-04-28T17:37:14.066+0000] {processor.py:183} INFO - Processing /home/airflow/.local/lib/python3.8/site-packages/airflow/example_dags/example_trigger_target_dag.py took 0.140 seconds
[2025-04-28T17:37:44.366+0000] {processor.py:161} INFO - Started process (PID=682) to work on /home/airflow/.local/lib/python3.8/site-packages/airflow/example_dags/example_trigger_target_dag.py
[2025-04-28T17:37:44.370+0000] {processor.py:830} INFO - Processing file /home/airflow/.local/lib/python3.8/site-packages/airflow/example_dags/example_trigger_target_dag.py for tasks to queue
[2025-04-28T17:37:44.371+0000] {logging_mixin.py:188} INFO - [2025-04-28T17:37:44.371+0000] {dagbag.py:538} INFO - Filling up the DagBag from /home/airflow/.local/lib/python3.8/site-packages/airflow/example_dags/example_trigger_target_dag.py
[2025-04-28T17:37:44.375+0000] {processor.py:840} INFO - DAG(s) 'example_trigger_target_dag' retrieved from /home/airflow/.local/lib/python3.8/site-packages/airflow/example_dags/example_trigger_target_dag.py
[2025-04-28T17:37:44.388+0000] {logging_mixin.py:188} INFO - [2025-04-28T17:37:44.388+0000] {dag.py:3036} INFO - Sync 1 DAGs
[2025-04-28T17:37:44.394+0000] {logging_mixin.py:188} INFO - [2025-04-28T17:37:44.394+0000] {dag.py:3823} INFO - Setting next_dagrun for example_trigger_target_dag to None, run_after=None
[2025-04-28T17:37:44.405+0000] {processor.py:183} INFO - Processing /home/airflow/.local/lib/python3.8/site-packages/airflow/example_dags/example_trigger_target_dag.py took 0.042 seconds
[2025-04-28T17:38:14.520+0000] {processor.py:161} INFO - Started process (PID=743) to work on /home/airflow/.local/lib/python3.8/site-packages/airflow/example_dags/example_trigger_target_dag.py
[2025-04-28T17:38:14.521+0000] {processor.py:830} INFO - Processing file /home/airflow/.local/lib/python3.8/site-packages/airflow/example_dags/example_trigger_target_dag.py for tasks to queue
[2025-04-28T17:38:14.523+0000] {logging_mixin.py:188} INFO - [2025-04-28T17:38:14.522+0000] {dagbag.py:538} INFO - Filling up the DagBag from /home/airflow/.local/lib/python3.8/site-packages/airflow/example_dags/example_trigger_target_dag.py
[2025-04-28T17:38:14.527+0000] {processor.py:840} INFO - DAG(s) 'example_trigger_target_dag' retrieved from /home/airflow/.local/lib/python3.8/site-packages/airflow/example_dags/example_trigger_target_dag.py
[2025-04-28T17:38:14.542+0000] {logging_mixin.py:188} INFO - [2025-04-28T17:38:14.542+0000] {dag.py:3036} INFO - Sync 1 DAGs
[2025-04-28T17:38:14.548+0000] {logging_mixin.py:188} INFO - [2025-04-28T17:38:14.548+0000] {dag.py:3823} INFO - Setting next_dagrun for example_trigger_target_dag to None, run_after=None
[2025-04-28T17:38:14.559+0000] {processor.py:183} INFO - Processing /home/airflow/.local/lib/python3.8/site-packages/airflow/example_dags/example_trigger_target_dag.py took 0.044 seconds
[2025-04-28T17:38:44.869+0000] {processor.py:161} INFO - Started process (PID=804) to work on /home/airflow/.local/lib/python3.8/site-packages/airflow/example_dags/example_trigger_target_dag.py
[2025-04-28T17:38:44.871+0000] {processor.py:830} INFO - Processing file /home/airflow/.local/lib/python3.8/site-packages/airflow/example_dags/example_trigger_target_dag.py for tasks to queue
[2025-04-28T17:38:44.873+0000] {logging_mixin.py:188} INFO - [2025-04-28T17:38:44.873+0000] {dagbag.py:538} INFO - Filling up the DagBag from /home/airflow/.local/lib/python3.8/site-packages/airflow/example_dags/example_trigger_target_dag.py
[2025-04-28T17:38:44.878+0000] {processor.py:840} INFO - DAG(s) 'example_trigger_target_dag' retrieved from /home/airflow/.local/lib/python3.8/site-packages/airflow/example_dags/example_trigger_target_dag.py
[2025-04-28T17:38:44.892+0000] {logging_mixin.py:188} INFO - [2025-04-28T17:38:44.892+0000] {dag.py:3036} INFO - Sync 1 DAGs
[2025-04-28T17:38:44.898+0000] {logging_mixin.py:188} INFO - [2025-04-28T17:38:44.898+0000] {dag.py:3823} INFO - Setting next_dagrun for example_trigger_target_dag to None, run_after=None
[2025-04-28T17:38:44.907+0000] {processor.py:183} INFO - Processing /home/airflow/.local/lib/python3.8/site-packages/airflow/example_dags/example_trigger_target_dag.py took 0.040 seconds
[2025-04-28T17:39:15.973+0000] {processor.py:161} INFO - Started process (PID=861) to work on /home/airflow/.local/lib/python3.8/site-packages/airflow/example_dags/example_trigger_target_dag.py
[2025-04-28T17:39:15.975+0000] {processor.py:830} INFO - Processing file /home/airflow/.local/lib/python3.8/site-packages/airflow/example_dags/example_trigger_target_dag.py for tasks to queue
[2025-04-28T17:39:15.977+0000] {logging_mixin.py:188} INFO - [2025-04-28T17:39:15.976+0000] {dagbag.py:538} INFO - Filling up the DagBag from /home/airflow/.local/lib/python3.8/site-packages/airflow/example_dags/example_trigger_target_dag.py
[2025-04-28T17:39:15.981+0000] {processor.py:840} INFO - DAG(s) 'example_trigger_target_dag' retrieved from /home/airflow/.local/lib/python3.8/site-packages/airflow/example_dags/example_trigger_target_dag.py
[2025-04-28T17:39:15.996+0000] {logging_mixin.py:188} INFO - [2025-04-28T17:39:15.996+0000] {dag.py:3036} INFO - Sync 1 DAGs
[2025-04-28T17:39:16.006+0000] {logging_mixin.py:188} INFO - [2025-04-28T17:39:16.006+0000] {dag.py:3823} INFO - Setting next_dagrun for example_trigger_target_dag to None, run_after=None
[2025-04-28T17:39:16.023+0000] {processor.py:183} INFO - Processing /home/airflow/.local/lib/python3.8/site-packages/airflow/example_dags/example_trigger_target_dag.py took 0.056 seconds
[2025-04-28T17:39:46.967+0000] {processor.py:161} INFO - Started process (PID=920) to work on /home/airflow/.local/lib/python3.8/site-packages/airflow/example_dags/example_trigger_target_dag.py
[2025-04-28T17:39:46.969+0000] {processor.py:830} INFO - Processing file /home/airflow/.local/lib/python3.8/site-packages/airflow/example_dags/example_trigger_target_dag.py for tasks to queue
[2025-04-28T17:39:46.972+0000] {logging_mixin.py:188} INFO - [2025-04-28T17:39:46.971+0000] {dagbag.py:538} INFO - Filling up the DagBag from /home/airflow/.local/lib/python3.8/site-packages/airflow/example_dags/example_trigger_target_dag.py
[2025-04-28T17:39:46.977+0000] {processor.py:840} INFO - DAG(s) 'example_trigger_target_dag' retrieved from /home/airflow/.local/lib/python3.8/site-packages/airflow/example_dags/example_trigger_target_dag.py
[2025-04-28T17:39:46.997+0000] {logging_mixin.py:188} INFO - [2025-04-28T17:39:46.997+0000] {dag.py:3036} INFO - Sync 1 DAGs
[2025-04-28T17:39:47.004+0000] {logging_mixin.py:188} INFO - [2025-04-28T17:39:47.004+0000] {dag.py:3823} INFO - Setting next_dagrun for example_trigger_target_dag to None, run_after=None
[2025-04-28T17:39:47.014+0000] {processor.py:183} INFO - Processing /home/airflow/.local/lib/python3.8/site-packages/airflow/example_dags/example_trigger_target_dag.py took 0.050 seconds
[2025-04-28T17:40:17.383+0000] {processor.py:161} INFO - Started process (PID=980) to work on /home/airflow/.local/lib/python3.8/site-packages/airflow/example_dags/example_trigger_target_dag.py
[2025-04-28T17:40:17.384+0000] {processor.py:830} INFO - Processing file /home/airflow/.local/lib/python3.8/site-packages/airflow/example_dags/example_trigger_target_dag.py for tasks to queue
[2025-04-28T17:40:17.386+0000] {logging_mixin.py:188} INFO - [2025-04-28T17:40:17.386+0000] {dagbag.py:538} INFO - Filling up the DagBag from /home/airflow/.local/lib/python3.8/site-packages/airflow/example_dags/example_trigger_target_dag.py
[2025-04-28T17:40:17.391+0000] {processor.py:840} INFO - DAG(s) 'example_trigger_target_dag' retrieved from /home/airflow/.local/lib/python3.8/site-packages/airflow/example_dags/example_trigger_target_dag.py
[2025-04-28T17:40:17.402+0000] {logging_mixin.py:188} INFO - [2025-04-28T17:40:17.401+0000] {dag.py:3036} INFO - Sync 1 DAGs
[2025-04-28T17:40:17.407+0000] {logging_mixin.py:188} INFO - [2025-04-28T17:40:17.407+0000] {dag.py:3823} INFO - Setting next_dagrun for example_trigger_target_dag to None, run_after=None
[2025-04-28T17:40:17.418+0000] {processor.py:183} INFO - Processing /home/airflow/.local/lib/python3.8/site-packages/airflow/example_dags/example_trigger_target_dag.py took 0.039 seconds
[2025-04-28T17:40:48.530+0000] {processor.py:161} INFO - Started process (PID=1039) to work on /home/airflow/.local/lib/python3.8/site-packages/airflow/example_dags/example_trigger_target_dag.py
[2025-04-28T17:40:48.531+0000] {processor.py:830} INFO - Processing file /home/airflow/.local/lib/python3.8/site-packages/airflow/example_dags/example_trigger_target_dag.py for tasks to queue
[2025-04-28T17:40:48.533+0000] {logging_mixin.py:188} INFO - [2025-04-28T17:40:48.533+0000] {dagbag.py:538} INFO - Filling up the DagBag from /home/airflow/.local/lib/python3.8/site-packages/airflow/example_dags/example_trigger_target_dag.py
[2025-04-28T17:40:48.538+0000] {processor.py:840} INFO - DAG(s) 'example_trigger_target_dag' retrieved from /home/airflow/.local/lib/python3.8/site-packages/airflow/example_dags/example_trigger_target_dag.py
[2025-04-28T17:40:48.561+0000] {logging_mixin.py:188} INFO - [2025-04-28T17:40:48.561+0000] {dag.py:3036} INFO - Sync 1 DAGs
[2025-04-28T17:40:48.569+0000] {logging_mixin.py:188} INFO - [2025-04-28T17:40:48.569+0000] {dag.py:3823} INFO - Setting next_dagrun for example_trigger_target_dag to None, run_after=None
[2025-04-28T17:40:48.586+0000] {processor.py:183} INFO - Processing /home/airflow/.local/lib/python3.8/site-packages/airflow/example_dags/example_trigger_target_dag.py took 0.059 seconds
[2025-04-28T17:41:18.822+0000] {processor.py:161} INFO - Started process (PID=1095) to work on /home/airflow/.local/lib/python3.8/site-packages/airflow/example_dags/example_trigger_target_dag.py
[2025-04-28T17:41:18.824+0000] {processor.py:830} INFO - Processing file /home/airflow/.local/lib/python3.8/site-packages/airflow/example_dags/example_trigger_target_dag.py for tasks to queue
[2025-04-28T17:41:18.825+0000] {logging_mixin.py:188} INFO - [2025-04-28T17:41:18.824+0000] {dagbag.py:538} INFO - Filling up the DagBag from /home/airflow/.local/lib/python3.8/site-packages/airflow/example_dags/example_trigger_target_dag.py
[2025-04-28T17:41:18.828+0000] {processor.py:840} INFO - DAG(s) 'example_trigger_target_dag' retrieved from /home/airflow/.local/lib/python3.8/site-packages/airflow/example_dags/example_trigger_target_dag.py
[2025-04-28T17:41:18.842+0000] {logging_mixin.py:188} INFO - [2025-04-28T17:41:18.842+0000] {dag.py:3036} INFO - Sync 1 DAGs
[2025-04-28T17:41:18.849+0000] {logging_mixin.py:188} INFO - [2025-04-28T17:41:18.849+0000] {dag.py:3823} INFO - Setting next_dagrun for example_trigger_target_dag to None, run_after=None
[2025-04-28T17:41:18.870+0000] {processor.py:183} INFO - Processing /home/airflow/.local/lib/python3.8/site-packages/airflow/example_dags/example_trigger_target_dag.py took 0.056 seconds
[2025-04-28T17:42:52.948+0000] {processor.py:161} INFO - Started process (PID=74) to work on /home/airflow/.local/lib/python3.8/site-packages/airflow/example_dags/example_trigger_target_dag.py
[2025-04-28T17:42:52.951+0000] {processor.py:830} INFO - Processing file /home/airflow/.local/lib/python3.8/site-packages/airflow/example_dags/example_trigger_target_dag.py for tasks to queue
[2025-04-28T17:42:52.958+0000] {logging_mixin.py:188} INFO - [2025-04-28T17:42:52.957+0000] {dagbag.py:538} INFO - Filling up the DagBag from /home/airflow/.local/lib/python3.8/site-packages/airflow/example_dags/example_trigger_target_dag.py
[2025-04-28T17:42:52.989+0000] {processor.py:840} INFO - DAG(s) 'example_trigger_target_dag' retrieved from /home/airflow/.local/lib/python3.8/site-packages/airflow/example_dags/example_trigger_target_dag.py
[2025-04-28T17:42:53.039+0000] {logging_mixin.py:188} INFO - [2025-04-28T17:42:53.039+0000] {dag.py:3036} INFO - Sync 1 DAGs
[2025-04-28T17:42:53.062+0000] {logging_mixin.py:188} INFO - [2025-04-28T17:42:53.062+0000] {dag.py:3823} INFO - Setting next_dagrun for example_trigger_target_dag to None, run_after=None
[2025-04-28T17:42:53.108+0000] {processor.py:183} INFO - Processing /home/airflow/.local/lib/python3.8/site-packages/airflow/example_dags/example_trigger_target_dag.py took 0.166 seconds
[2025-04-28T17:43:24.471+0000] {processor.py:161} INFO - Started process (PID=130) to work on /home/airflow/.local/lib/python3.8/site-packages/airflow/example_dags/example_trigger_target_dag.py
[2025-04-28T17:43:24.474+0000] {processor.py:830} INFO - Processing file /home/airflow/.local/lib/python3.8/site-packages/airflow/example_dags/example_trigger_target_dag.py for tasks to queue
[2025-04-28T17:43:24.479+0000] {logging_mixin.py:188} INFO - [2025-04-28T17:43:24.479+0000] {dagbag.py:538} INFO - Filling up the DagBag from /home/airflow/.local/lib/python3.8/site-packages/airflow/example_dags/example_trigger_target_dag.py
[2025-04-28T17:43:24.485+0000] {processor.py:840} INFO - DAG(s) 'example_trigger_target_dag' retrieved from /home/airflow/.local/lib/python3.8/site-packages/airflow/example_dags/example_trigger_target_dag.py
[2025-04-28T17:43:24.585+0000] {logging_mixin.py:188} INFO - [2025-04-28T17:43:24.585+0000] {dag.py:3036} INFO - Sync 1 DAGs
[2025-04-28T17:43:24.593+0000] {logging_mixin.py:188} INFO - [2025-04-28T17:43:24.593+0000] {dag.py:3823} INFO - Setting next_dagrun for example_trigger_target_dag to None, run_after=None
[2025-04-28T17:43:24.644+0000] {processor.py:183} INFO - Processing /home/airflow/.local/lib/python3.8/site-packages/airflow/example_dags/example_trigger_target_dag.py took 0.177 seconds
[2025-04-28T17:43:54.939+0000] {processor.py:161} INFO - Started process (PID=186) to work on /home/airflow/.local/lib/python3.8/site-packages/airflow/example_dags/example_trigger_target_dag.py
[2025-04-28T17:43:54.940+0000] {processor.py:830} INFO - Processing file /home/airflow/.local/lib/python3.8/site-packages/airflow/example_dags/example_trigger_target_dag.py for tasks to queue
[2025-04-28T17:43:54.942+0000] {logging_mixin.py:188} INFO - [2025-04-28T17:43:54.942+0000] {dagbag.py:538} INFO - Filling up the DagBag from /home/airflow/.local/lib/python3.8/site-packages/airflow/example_dags/example_trigger_target_dag.py
[2025-04-28T17:43:54.949+0000] {processor.py:840} INFO - DAG(s) 'example_trigger_target_dag' retrieved from /home/airflow/.local/lib/python3.8/site-packages/airflow/example_dags/example_trigger_target_dag.py
[2025-04-28T17:43:54.977+0000] {logging_mixin.py:188} INFO - [2025-04-28T17:43:54.977+0000] {dag.py:3036} INFO - Sync 1 DAGs
[2025-04-28T17:43:54.990+0000] {logging_mixin.py:188} INFO - [2025-04-28T17:43:54.990+0000] {dag.py:3823} INFO - Setting next_dagrun for example_trigger_target_dag to None, run_after=None
[2025-04-28T17:43:55.005+0000] {processor.py:183} INFO - Processing /home/airflow/.local/lib/python3.8/site-packages/airflow/example_dags/example_trigger_target_dag.py took 0.070 seconds
[2025-04-28T17:44:25.729+0000] {processor.py:161} INFO - Started process (PID=242) to work on /home/airflow/.local/lib/python3.8/site-packages/airflow/example_dags/example_trigger_target_dag.py
[2025-04-28T17:44:25.731+0000] {processor.py:830} INFO - Processing file /home/airflow/.local/lib/python3.8/site-packages/airflow/example_dags/example_trigger_target_dag.py for tasks to queue
[2025-04-28T17:44:25.732+0000] {logging_mixin.py:188} INFO - [2025-04-28T17:44:25.732+0000] {dagbag.py:538} INFO - Filling up the DagBag from /home/airflow/.local/lib/python3.8/site-packages/airflow/example_dags/example_trigger_target_dag.py
[2025-04-28T17:44:25.736+0000] {processor.py:840} INFO - DAG(s) 'example_trigger_target_dag' retrieved from /home/airflow/.local/lib/python3.8/site-packages/airflow/example_dags/example_trigger_target_dag.py
[2025-04-28T17:44:25.749+0000] {logging_mixin.py:188} INFO - [2025-04-28T17:44:25.749+0000] {dag.py:3036} INFO - Sync 1 DAGs
[2025-04-28T17:44:25.756+0000] {logging_mixin.py:188} INFO - [2025-04-28T17:44:25.756+0000] {dag.py:3823} INFO - Setting next_dagrun for example_trigger_target_dag to None, run_after=None
[2025-04-28T17:44:25.767+0000] {processor.py:183} INFO - Processing /home/airflow/.local/lib/python3.8/site-packages/airflow/example_dags/example_trigger_target_dag.py took 0.040 seconds
[2025-04-28T17:44:59.569+0000] {processor.py:161} INFO - Started process (PID=304) to work on /home/airflow/.local/lib/python3.8/site-packages/airflow/example_dags/example_trigger_target_dag.py
[2025-04-28T17:44:59.572+0000] {processor.py:830} INFO - Processing file /home/airflow/.local/lib/python3.8/site-packages/airflow/example_dags/example_trigger_target_dag.py for tasks to queue
[2025-04-28T17:44:59.578+0000] {logging_mixin.py:188} INFO - [2025-04-28T17:44:59.577+0000] {dagbag.py:538} INFO - Filling up the DagBag from /home/airflow/.local/lib/python3.8/site-packages/airflow/example_dags/example_trigger_target_dag.py
[2025-04-28T17:44:59.593+0000] {processor.py:840} INFO - DAG(s) 'example_trigger_target_dag' retrieved from /home/airflow/.local/lib/python3.8/site-packages/airflow/example_dags/example_trigger_target_dag.py
[2025-04-28T17:44:59.642+0000] {logging_mixin.py:188} INFO - [2025-04-28T17:44:59.642+0000] {dag.py:3036} INFO - Sync 1 DAGs
[2025-04-28T17:44:59.673+0000] {logging_mixin.py:188} INFO - [2025-04-28T17:44:59.673+0000] {dag.py:3823} INFO - Setting next_dagrun for example_trigger_target_dag to None, run_after=None
[2025-04-28T17:44:59.717+0000] {processor.py:183} INFO - Processing /home/airflow/.local/lib/python3.8/site-packages/airflow/example_dags/example_trigger_target_dag.py took 0.158 seconds
[2025-04-28T17:45:29.981+0000] {processor.py:161} INFO - Started process (PID=360) to work on /home/airflow/.local/lib/python3.8/site-packages/airflow/example_dags/example_trigger_target_dag.py
[2025-04-28T17:45:29.983+0000] {processor.py:830} INFO - Processing file /home/airflow/.local/lib/python3.8/site-packages/airflow/example_dags/example_trigger_target_dag.py for tasks to queue
[2025-04-28T17:45:29.984+0000] {logging_mixin.py:188} INFO - [2025-04-28T17:45:29.984+0000] {dagbag.py:538} INFO - Filling up the DagBag from /home/airflow/.local/lib/python3.8/site-packages/airflow/example_dags/example_trigger_target_dag.py
[2025-04-28T17:45:29.992+0000] {processor.py:840} INFO - DAG(s) 'example_trigger_target_dag' retrieved from /home/airflow/.local/lib/python3.8/site-packages/airflow/example_dags/example_trigger_target_dag.py
[2025-04-28T17:45:30.017+0000] {logging_mixin.py:188} INFO - [2025-04-28T17:45:30.017+0000] {dag.py:3036} INFO - Sync 1 DAGs
[2025-04-28T17:45:30.029+0000] {logging_mixin.py:188} INFO - [2025-04-28T17:45:30.029+0000] {dag.py:3823} INFO - Setting next_dagrun for example_trigger_target_dag to None, run_after=None
[2025-04-28T17:45:30.048+0000] {processor.py:183} INFO - Processing /home/airflow/.local/lib/python3.8/site-packages/airflow/example_dags/example_trigger_target_dag.py took 0.079 seconds
[2025-04-28T17:46:00.356+0000] {processor.py:161} INFO - Started process (PID=416) to work on /home/airflow/.local/lib/python3.8/site-packages/airflow/example_dags/example_trigger_target_dag.py
[2025-04-28T17:46:00.357+0000] {processor.py:830} INFO - Processing file /home/airflow/.local/lib/python3.8/site-packages/airflow/example_dags/example_trigger_target_dag.py for tasks to queue
[2025-04-28T17:46:00.358+0000] {logging_mixin.py:188} INFO - [2025-04-28T17:46:00.358+0000] {dagbag.py:538} INFO - Filling up the DagBag from /home/airflow/.local/lib/python3.8/site-packages/airflow/example_dags/example_trigger_target_dag.py
[2025-04-28T17:46:00.362+0000] {processor.py:840} INFO - DAG(s) 'example_trigger_target_dag' retrieved from /home/airflow/.local/lib/python3.8/site-packages/airflow/example_dags/example_trigger_target_dag.py
[2025-04-28T17:46:00.380+0000] {logging_mixin.py:188} INFO - [2025-04-28T17:46:00.380+0000] {dag.py:3036} INFO - Sync 1 DAGs
[2025-04-28T17:46:00.391+0000] {logging_mixin.py:188} INFO - [2025-04-28T17:46:00.391+0000] {dag.py:3823} INFO - Setting next_dagrun for example_trigger_target_dag to None, run_after=None
[2025-04-28T17:46:00.415+0000] {processor.py:183} INFO - Processing /home/airflow/.local/lib/python3.8/site-packages/airflow/example_dags/example_trigger_target_dag.py took 0.061 seconds
[2025-04-28T17:46:30.543+0000] {processor.py:161} INFO - Started process (PID=472) to work on /home/airflow/.local/lib/python3.8/site-packages/airflow/example_dags/example_trigger_target_dag.py
[2025-04-28T17:46:30.544+0000] {processor.py:830} INFO - Processing file /home/airflow/.local/lib/python3.8/site-packages/airflow/example_dags/example_trigger_target_dag.py for tasks to queue
[2025-04-28T17:46:30.546+0000] {logging_mixin.py:188} INFO - [2025-04-28T17:46:30.545+0000] {dagbag.py:538} INFO - Filling up the DagBag from /home/airflow/.local/lib/python3.8/site-packages/airflow/example_dags/example_trigger_target_dag.py
[2025-04-28T17:46:30.551+0000] {processor.py:840} INFO - DAG(s) 'example_trigger_target_dag' retrieved from /home/airflow/.local/lib/python3.8/site-packages/airflow/example_dags/example_trigger_target_dag.py
[2025-04-28T17:46:30.568+0000] {logging_mixin.py:188} INFO - [2025-04-28T17:46:30.568+0000] {dag.py:3036} INFO - Sync 1 DAGs
[2025-04-28T17:46:30.576+0000] {logging_mixin.py:188} INFO - [2025-04-28T17:46:30.575+0000] {dag.py:3823} INFO - Setting next_dagrun for example_trigger_target_dag to None, run_after=None
[2025-04-28T17:46:30.585+0000] {processor.py:183} INFO - Processing /home/airflow/.local/lib/python3.8/site-packages/airflow/example_dags/example_trigger_target_dag.py took 0.046 seconds
