[2025-04-28T17:32:08.972+0000] {processor.py:161} INFO - Started process (PID=77) to work on /home/airflow/.local/lib/python3.8/site-packages/airflow/example_dags/example_branch_python_dop_operator_3.py
[2025-04-28T17:32:08.982+0000] {processor.py:830} INFO - Processing file /home/airflow/.local/lib/python3.8/site-packages/airflow/example_dags/example_branch_python_dop_operator_3.py for tasks to queue
[2025-04-28T17:32:09.005+0000] {logging_mixin.py:188} INFO - [2025-04-28T17:32:09.004+0000] {dagbag.py:538} INFO - Filling up the DagBag from /home/airflow/.local/lib/python3.8/site-packages/airflow/example_dags/example_branch_python_dop_operator_3.py
[2025-04-28T17:32:09.071+0000] {processor.py:840} INFO - DAG(s) 'example_branch_dop_operator_v3' retrieved from /home/airflow/.local/lib/python3.8/site-packages/airflow/example_dags/example_branch_python_dop_operator_3.py
[2025-04-28T17:32:09.121+0000] {logging_mixin.py:188} INFO - [2025-04-28T17:32:09.121+0000] {dag.py:3036} INFO - Sync 1 DAGs
[2025-04-28T17:32:09.189+0000] {logging_mixin.py:188} INFO - [2025-04-28T17:32:09.189+0000] {dag.py:3823} INFO - Setting next_dagrun for example_branch_dop_operator_v3 to 2025-04-28 17:31:00+00:00, run_after=2025-04-28 17:32:00+00:00
[2025-04-28T17:32:09.223+0000] {processor.py:183} INFO - Processing /home/airflow/.local/lib/python3.8/site-packages/airflow/example_dags/example_branch_python_dop_operator_3.py took 0.371 seconds
[2025-04-28T17:32:39.337+0000] {processor.py:161} INFO - Started process (PID=132) to work on /home/airflow/.local/lib/python3.8/site-packages/airflow/example_dags/example_branch_python_dop_operator_3.py
[2025-04-28T17:32:39.338+0000] {processor.py:830} INFO - Processing file /home/airflow/.local/lib/python3.8/site-packages/airflow/example_dags/example_branch_python_dop_operator_3.py for tasks to queue
[2025-04-28T17:32:39.340+0000] {logging_mixin.py:188} INFO - [2025-04-28T17:32:39.339+0000] {dagbag.py:538} INFO - Filling up the DagBag from /home/airflow/.local/lib/python3.8/site-packages/airflow/example_dags/example_branch_python_dop_operator_3.py
[2025-04-28T17:32:39.345+0000] {processor.py:840} INFO - DAG(s) 'example_branch_dop_operator_v3' retrieved from /home/airflow/.local/lib/python3.8/site-packages/airflow/example_dags/example_branch_python_dop_operator_3.py
[2025-04-28T17:32:39.398+0000] {logging_mixin.py:188} INFO - [2025-04-28T17:32:39.398+0000] {dag.py:3036} INFO - Sync 1 DAGs
[2025-04-28T17:32:39.410+0000] {logging_mixin.py:188} INFO - [2025-04-28T17:32:39.410+0000] {dag.py:3823} INFO - Setting next_dagrun for example_branch_dop_operator_v3 to 2025-04-28 17:31:00+00:00, run_after=2025-04-28 17:32:00+00:00
[2025-04-28T17:32:39.419+0000] {processor.py:183} INFO - Processing /home/airflow/.local/lib/python3.8/site-packages/airflow/example_dags/example_branch_python_dop_operator_3.py took 0.084 seconds
[2025-04-28T17:33:11.535+0000] {processor.py:161} INFO - Started process (PID=187) to work on /home/airflow/.local/lib/python3.8/site-packages/airflow/example_dags/example_branch_python_dop_operator_3.py
[2025-04-28T17:33:11.536+0000] {processor.py:830} INFO - Processing file /home/airflow/.local/lib/python3.8/site-packages/airflow/example_dags/example_branch_python_dop_operator_3.py for tasks to queue
[2025-04-28T17:33:11.537+0000] {logging_mixin.py:188} INFO - [2025-04-28T17:33:11.537+0000] {dagbag.py:538} INFO - Filling up the DagBag from /home/airflow/.local/lib/python3.8/site-packages/airflow/example_dags/example_branch_python_dop_operator_3.py
[2025-04-28T17:33:11.545+0000] {processor.py:840} INFO - DAG(s) 'example_branch_dop_operator_v3' retrieved from /home/airflow/.local/lib/python3.8/site-packages/airflow/example_dags/example_branch_python_dop_operator_3.py
[2025-04-28T17:33:11.580+0000] {logging_mixin.py:188} INFO - [2025-04-28T17:33:11.580+0000] {dag.py:3036} INFO - Sync 1 DAGs
[2025-04-28T17:33:11.620+0000] {logging_mixin.py:188} INFO - [2025-04-28T17:33:11.619+0000] {dag.py:3823} INFO - Setting next_dagrun for example_branch_dop_operator_v3 to 2025-04-28 17:32:00+00:00, run_after=2025-04-28 17:33:00+00:00
[2025-04-28T17:33:11.643+0000] {processor.py:183} INFO - Processing /home/airflow/.local/lib/python3.8/site-packages/airflow/example_dags/example_branch_python_dop_operator_3.py took 0.110 seconds
[2025-04-28T17:33:41.941+0000] {processor.py:161} INFO - Started process (PID=242) to work on /home/airflow/.local/lib/python3.8/site-packages/airflow/example_dags/example_branch_python_dop_operator_3.py
[2025-04-28T17:33:41.943+0000] {processor.py:830} INFO - Processing file /home/airflow/.local/lib/python3.8/site-packages/airflow/example_dags/example_branch_python_dop_operator_3.py for tasks to queue
[2025-04-28T17:33:41.945+0000] {logging_mixin.py:188} INFO - [2025-04-28T17:33:41.945+0000] {dagbag.py:538} INFO - Filling up the DagBag from /home/airflow/.local/lib/python3.8/site-packages/airflow/example_dags/example_branch_python_dop_operator_3.py
[2025-04-28T17:33:41.953+0000] {processor.py:840} INFO - DAG(s) 'example_branch_dop_operator_v3' retrieved from /home/airflow/.local/lib/python3.8/site-packages/airflow/example_dags/example_branch_python_dop_operator_3.py
[2025-04-28T17:33:41.973+0000] {logging_mixin.py:188} INFO - [2025-04-28T17:33:41.973+0000] {dag.py:3036} INFO - Sync 1 DAGs
[2025-04-28T17:33:41.995+0000] {logging_mixin.py:188} INFO - [2025-04-28T17:33:41.995+0000] {dag.py:3823} INFO - Setting next_dagrun for example_branch_dop_operator_v3 to 2025-04-28 17:32:00+00:00, run_after=2025-04-28 17:33:00+00:00
[2025-04-28T17:33:42.014+0000] {processor.py:183} INFO - Processing /home/airflow/.local/lib/python3.8/site-packages/airflow/example_dags/example_branch_python_dop_operator_3.py took 0.077 seconds
[2025-04-28T17:34:12.218+0000] {processor.py:161} INFO - Started process (PID=297) to work on /home/airflow/.local/lib/python3.8/site-packages/airflow/example_dags/example_branch_python_dop_operator_3.py
[2025-04-28T17:34:12.222+0000] {processor.py:830} INFO - Processing file /home/airflow/.local/lib/python3.8/site-packages/airflow/example_dags/example_branch_python_dop_operator_3.py for tasks to queue
[2025-04-28T17:34:12.229+0000] {logging_mixin.py:188} INFO - [2025-04-28T17:34:12.229+0000] {dagbag.py:538} INFO - Filling up the DagBag from /home/airflow/.local/lib/python3.8/site-packages/airflow/example_dags/example_branch_python_dop_operator_3.py
[2025-04-28T17:34:12.245+0000] {processor.py:840} INFO - DAG(s) 'example_branch_dop_operator_v3' retrieved from /home/airflow/.local/lib/python3.8/site-packages/airflow/example_dags/example_branch_python_dop_operator_3.py
[2025-04-28T17:34:12.282+0000] {logging_mixin.py:188} INFO - [2025-04-28T17:34:12.282+0000] {dag.py:3036} INFO - Sync 1 DAGs
[2025-04-28T17:34:12.323+0000] {logging_mixin.py:188} INFO - [2025-04-28T17:34:12.322+0000] {dag.py:3823} INFO - Setting next_dagrun for example_branch_dop_operator_v3 to 2025-04-28 17:33:00+00:00, run_after=2025-04-28 17:34:00+00:00
[2025-04-28T17:34:12.345+0000] {processor.py:183} INFO - Processing /home/airflow/.local/lib/python3.8/site-packages/airflow/example_dags/example_branch_python_dop_operator_3.py took 0.135 seconds
[2025-04-28T17:34:42.926+0000] {processor.py:161} INFO - Started process (PID=352) to work on /home/airflow/.local/lib/python3.8/site-packages/airflow/example_dags/example_branch_python_dop_operator_3.py
[2025-04-28T17:34:42.929+0000] {processor.py:830} INFO - Processing file /home/airflow/.local/lib/python3.8/site-packages/airflow/example_dags/example_branch_python_dop_operator_3.py for tasks to queue
[2025-04-28T17:34:42.932+0000] {logging_mixin.py:188} INFO - [2025-04-28T17:34:42.932+0000] {dagbag.py:538} INFO - Filling up the DagBag from /home/airflow/.local/lib/python3.8/site-packages/airflow/example_dags/example_branch_python_dop_operator_3.py
[2025-04-28T17:34:42.947+0000] {processor.py:840} INFO - DAG(s) 'example_branch_dop_operator_v3' retrieved from /home/airflow/.local/lib/python3.8/site-packages/airflow/example_dags/example_branch_python_dop_operator_3.py
[2025-04-28T17:34:42.963+0000] {logging_mixin.py:188} INFO - [2025-04-28T17:34:42.963+0000] {dag.py:3036} INFO - Sync 1 DAGs
[2025-04-28T17:34:42.982+0000] {logging_mixin.py:188} INFO - [2025-04-28T17:34:42.981+0000] {dag.py:3823} INFO - Setting next_dagrun for example_branch_dop_operator_v3 to 2025-04-28 17:33:00+00:00, run_after=2025-04-28 17:34:00+00:00
[2025-04-28T17:34:42.998+0000] {processor.py:183} INFO - Processing /home/airflow/.local/lib/python3.8/site-packages/airflow/example_dags/example_branch_python_dop_operator_3.py took 0.074 seconds
[2025-04-28T17:35:13.269+0000] {processor.py:161} INFO - Started process (PID=406) to work on /home/airflow/.local/lib/python3.8/site-packages/airflow/example_dags/example_branch_python_dop_operator_3.py
[2025-04-28T17:35:13.270+0000] {processor.py:830} INFO - Processing file /home/airflow/.local/lib/python3.8/site-packages/airflow/example_dags/example_branch_python_dop_operator_3.py for tasks to queue
[2025-04-28T17:35:13.271+0000] {logging_mixin.py:188} INFO - [2025-04-28T17:35:13.271+0000] {dagbag.py:538} INFO - Filling up the DagBag from /home/airflow/.local/lib/python3.8/site-packages/airflow/example_dags/example_branch_python_dop_operator_3.py
[2025-04-28T17:35:13.276+0000] {processor.py:840} INFO - DAG(s) 'example_branch_dop_operator_v3' retrieved from /home/airflow/.local/lib/python3.8/site-packages/airflow/example_dags/example_branch_python_dop_operator_3.py
[2025-04-28T17:35:13.291+0000] {logging_mixin.py:188} INFO - [2025-04-28T17:35:13.291+0000] {dag.py:3036} INFO - Sync 1 DAGs
[2025-04-28T17:35:13.309+0000] {logging_mixin.py:188} INFO - [2025-04-28T17:35:13.309+0000] {dag.py:3823} INFO - Setting next_dagrun for example_branch_dop_operator_v3 to 2025-04-28 17:34:00+00:00, run_after=2025-04-28 17:35:00+00:00
[2025-04-28T17:35:13.327+0000] {processor.py:183} INFO - Processing /home/airflow/.local/lib/python3.8/site-packages/airflow/example_dags/example_branch_python_dop_operator_3.py took 0.061 seconds
[2025-04-28T17:35:44.297+0000] {processor.py:161} INFO - Started process (PID=462) to work on /home/airflow/.local/lib/python3.8/site-packages/airflow/example_dags/example_branch_python_dop_operator_3.py
[2025-04-28T17:35:44.302+0000] {processor.py:830} INFO - Processing file /home/airflow/.local/lib/python3.8/site-packages/airflow/example_dags/example_branch_python_dop_operator_3.py for tasks to queue
[2025-04-28T17:35:44.306+0000] {logging_mixin.py:188} INFO - [2025-04-28T17:35:44.306+0000] {dagbag.py:538} INFO - Filling up the DagBag from /home/airflow/.local/lib/python3.8/site-packages/airflow/example_dags/example_branch_python_dop_operator_3.py
[2025-04-28T17:35:44.313+0000] {processor.py:840} INFO - DAG(s) 'example_branch_dop_operator_v3' retrieved from /home/airflow/.local/lib/python3.8/site-packages/airflow/example_dags/example_branch_python_dop_operator_3.py
[2025-04-28T17:35:44.341+0000] {logging_mixin.py:188} INFO - [2025-04-28T17:35:44.341+0000] {dag.py:3036} INFO - Sync 1 DAGs
[2025-04-28T17:35:44.364+0000] {logging_mixin.py:188} INFO - [2025-04-28T17:35:44.364+0000] {dag.py:3823} INFO - Setting next_dagrun for example_branch_dop_operator_v3 to 2025-04-28 17:34:00+00:00, run_after=2025-04-28 17:35:00+00:00
[2025-04-28T17:35:44.381+0000] {processor.py:183} INFO - Processing /home/airflow/.local/lib/python3.8/site-packages/airflow/example_dags/example_branch_python_dop_operator_3.py took 0.089 seconds
[2025-04-28T17:36:14.929+0000] {processor.py:161} INFO - Started process (PID=517) to work on /home/airflow/.local/lib/python3.8/site-packages/airflow/example_dags/example_branch_python_dop_operator_3.py
[2025-04-28T17:36:14.930+0000] {processor.py:830} INFO - Processing file /home/airflow/.local/lib/python3.8/site-packages/airflow/example_dags/example_branch_python_dop_operator_3.py for tasks to queue
[2025-04-28T17:36:14.931+0000] {logging_mixin.py:188} INFO - [2025-04-28T17:36:14.931+0000] {dagbag.py:538} INFO - Filling up the DagBag from /home/airflow/.local/lib/python3.8/site-packages/airflow/example_dags/example_branch_python_dop_operator_3.py
[2025-04-28T17:36:14.936+0000] {processor.py:840} INFO - DAG(s) 'example_branch_dop_operator_v3' retrieved from /home/airflow/.local/lib/python3.8/site-packages/airflow/example_dags/example_branch_python_dop_operator_3.py
[2025-04-28T17:36:14.947+0000] {logging_mixin.py:188} INFO - [2025-04-28T17:36:14.947+0000] {dag.py:3036} INFO - Sync 1 DAGs
[2025-04-28T17:36:14.962+0000] {logging_mixin.py:188} INFO - [2025-04-28T17:36:14.962+0000] {dag.py:3823} INFO - Setting next_dagrun for example_branch_dop_operator_v3 to 2025-04-28 17:35:00+00:00, run_after=2025-04-28 17:36:00+00:00
[2025-04-28T17:36:14.973+0000] {processor.py:183} INFO - Processing /home/airflow/.local/lib/python3.8/site-packages/airflow/example_dags/example_branch_python_dop_operator_3.py took 0.047 seconds
[2025-04-28T17:36:45.163+0000] {processor.py:161} INFO - Started process (PID=572) to work on /home/airflow/.local/lib/python3.8/site-packages/airflow/example_dags/example_branch_python_dop_operator_3.py
[2025-04-28T17:36:45.164+0000] {processor.py:830} INFO - Processing file /home/airflow/.local/lib/python3.8/site-packages/airflow/example_dags/example_branch_python_dop_operator_3.py for tasks to queue
[2025-04-28T17:36:45.165+0000] {logging_mixin.py:188} INFO - [2025-04-28T17:36:45.165+0000] {dagbag.py:538} INFO - Filling up the DagBag from /home/airflow/.local/lib/python3.8/site-packages/airflow/example_dags/example_branch_python_dop_operator_3.py
[2025-04-28T17:36:45.169+0000] {processor.py:840} INFO - DAG(s) 'example_branch_dop_operator_v3' retrieved from /home/airflow/.local/lib/python3.8/site-packages/airflow/example_dags/example_branch_python_dop_operator_3.py
[2025-04-28T17:36:45.180+0000] {logging_mixin.py:188} INFO - [2025-04-28T17:36:45.179+0000] {dag.py:3036} INFO - Sync 1 DAGs
[2025-04-28T17:36:45.191+0000] {logging_mixin.py:188} INFO - [2025-04-28T17:36:45.191+0000] {dag.py:3823} INFO - Setting next_dagrun for example_branch_dop_operator_v3 to 2025-04-28 17:35:00+00:00, run_after=2025-04-28 17:36:00+00:00
[2025-04-28T17:36:45.200+0000] {processor.py:183} INFO - Processing /home/airflow/.local/lib/python3.8/site-packages/airflow/example_dags/example_branch_python_dop_operator_3.py took 0.043 seconds
[2025-04-28T17:37:15.789+0000] {processor.py:161} INFO - Started process (PID=633) to work on /home/airflow/.local/lib/python3.8/site-packages/airflow/example_dags/example_branch_python_dop_operator_3.py
[2025-04-28T17:37:15.794+0000] {processor.py:830} INFO - Processing file /home/airflow/.local/lib/python3.8/site-packages/airflow/example_dags/example_branch_python_dop_operator_3.py for tasks to queue
[2025-04-28T17:37:15.795+0000] {logging_mixin.py:188} INFO - [2025-04-28T17:37:15.795+0000] {dagbag.py:538} INFO - Filling up the DagBag from /home/airflow/.local/lib/python3.8/site-packages/airflow/example_dags/example_branch_python_dop_operator_3.py
[2025-04-28T17:37:15.800+0000] {processor.py:840} INFO - DAG(s) 'example_branch_dop_operator_v3' retrieved from /home/airflow/.local/lib/python3.8/site-packages/airflow/example_dags/example_branch_python_dop_operator_3.py
[2025-04-28T17:37:15.811+0000] {logging_mixin.py:188} INFO - [2025-04-28T17:37:15.811+0000] {dag.py:3036} INFO - Sync 1 DAGs
[2025-04-28T17:37:15.826+0000] {logging_mixin.py:188} INFO - [2025-04-28T17:37:15.826+0000] {dag.py:3823} INFO - Setting next_dagrun for example_branch_dop_operator_v3 to 2025-04-28 17:36:00+00:00, run_after=2025-04-28 17:37:00+00:00
[2025-04-28T17:37:15.841+0000] {processor.py:183} INFO - Processing /home/airflow/.local/lib/python3.8/site-packages/airflow/example_dags/example_branch_python_dop_operator_3.py took 0.055 seconds
[2025-04-28T17:37:46.367+0000] {processor.py:161} INFO - Started process (PID=694) to work on /home/airflow/.local/lib/python3.8/site-packages/airflow/example_dags/example_branch_python_dop_operator_3.py
[2025-04-28T17:37:46.369+0000] {processor.py:830} INFO - Processing file /home/airflow/.local/lib/python3.8/site-packages/airflow/example_dags/example_branch_python_dop_operator_3.py for tasks to queue
[2025-04-28T17:37:46.370+0000] {logging_mixin.py:188} INFO - [2025-04-28T17:37:46.370+0000] {dagbag.py:538} INFO - Filling up the DagBag from /home/airflow/.local/lib/python3.8/site-packages/airflow/example_dags/example_branch_python_dop_operator_3.py
[2025-04-28T17:37:46.377+0000] {processor.py:840} INFO - DAG(s) 'example_branch_dop_operator_v3' retrieved from /home/airflow/.local/lib/python3.8/site-packages/airflow/example_dags/example_branch_python_dop_operator_3.py
[2025-04-28T17:37:46.391+0000] {logging_mixin.py:188} INFO - [2025-04-28T17:37:46.390+0000] {dag.py:3036} INFO - Sync 1 DAGs
[2025-04-28T17:37:46.412+0000] {logging_mixin.py:188} INFO - [2025-04-28T17:37:46.412+0000] {dag.py:3823} INFO - Setting next_dagrun for example_branch_dop_operator_v3 to 2025-04-28 17:36:00+00:00, run_after=2025-04-28 17:37:00+00:00
[2025-04-28T17:37:46.424+0000] {processor.py:183} INFO - Processing /home/airflow/.local/lib/python3.8/site-packages/airflow/example_dags/example_branch_python_dop_operator_3.py took 0.060 seconds
[2025-04-28T17:38:17.495+0000] {processor.py:161} INFO - Started process (PID=755) to work on /home/airflow/.local/lib/python3.8/site-packages/airflow/example_dags/example_branch_python_dop_operator_3.py
[2025-04-28T17:38:17.497+0000] {processor.py:830} INFO - Processing file /home/airflow/.local/lib/python3.8/site-packages/airflow/example_dags/example_branch_python_dop_operator_3.py for tasks to queue
[2025-04-28T17:38:17.498+0000] {logging_mixin.py:188} INFO - [2025-04-28T17:38:17.498+0000] {dagbag.py:538} INFO - Filling up the DagBag from /home/airflow/.local/lib/python3.8/site-packages/airflow/example_dags/example_branch_python_dop_operator_3.py
[2025-04-28T17:38:17.507+0000] {processor.py:840} INFO - DAG(s) 'example_branch_dop_operator_v3' retrieved from /home/airflow/.local/lib/python3.8/site-packages/airflow/example_dags/example_branch_python_dop_operator_3.py
[2025-04-28T17:38:17.528+0000] {logging_mixin.py:188} INFO - [2025-04-28T17:38:17.527+0000] {dag.py:3036} INFO - Sync 1 DAGs
[2025-04-28T17:38:17.571+0000] {logging_mixin.py:188} INFO - [2025-04-28T17:38:17.570+0000] {dag.py:3823} INFO - Setting next_dagrun for example_branch_dop_operator_v3 to 2025-04-28 17:37:00+00:00, run_after=2025-04-28 17:38:00+00:00
[2025-04-28T17:38:17.711+0000] {processor.py:183} INFO - Processing /home/airflow/.local/lib/python3.8/site-packages/airflow/example_dags/example_branch_python_dop_operator_3.py took 0.218 seconds
[2025-04-28T17:38:48.693+0000] {processor.py:161} INFO - Started process (PID=817) to work on /home/airflow/.local/lib/python3.8/site-packages/airflow/example_dags/example_branch_python_dop_operator_3.py
[2025-04-28T17:38:48.695+0000] {processor.py:830} INFO - Processing file /home/airflow/.local/lib/python3.8/site-packages/airflow/example_dags/example_branch_python_dop_operator_3.py for tasks to queue
[2025-04-28T17:38:48.696+0000] {logging_mixin.py:188} INFO - [2025-04-28T17:38:48.696+0000] {dagbag.py:538} INFO - Filling up the DagBag from /home/airflow/.local/lib/python3.8/site-packages/airflow/example_dags/example_branch_python_dop_operator_3.py
[2025-04-28T17:38:48.701+0000] {processor.py:840} INFO - DAG(s) 'example_branch_dop_operator_v3' retrieved from /home/airflow/.local/lib/python3.8/site-packages/airflow/example_dags/example_branch_python_dop_operator_3.py
[2025-04-28T17:38:48.715+0000] {logging_mixin.py:188} INFO - [2025-04-28T17:38:48.714+0000] {dag.py:3036} INFO - Sync 1 DAGs
[2025-04-28T17:38:48.735+0000] {logging_mixin.py:188} INFO - [2025-04-28T17:38:48.734+0000] {dag.py:3823} INFO - Setting next_dagrun for example_branch_dop_operator_v3 to 2025-04-28 17:37:00+00:00, run_after=2025-04-28 17:38:00+00:00
[2025-04-28T17:38:48.748+0000] {processor.py:183} INFO - Processing /home/airflow/.local/lib/python3.8/site-packages/airflow/example_dags/example_branch_python_dop_operator_3.py took 0.060 seconds
[2025-04-28T17:39:19.721+0000] {processor.py:161} INFO - Started process (PID=874) to work on /home/airflow/.local/lib/python3.8/site-packages/airflow/example_dags/example_branch_python_dop_operator_3.py
[2025-04-28T17:39:19.724+0000] {processor.py:830} INFO - Processing file /home/airflow/.local/lib/python3.8/site-packages/airflow/example_dags/example_branch_python_dop_operator_3.py for tasks to queue
[2025-04-28T17:39:19.728+0000] {logging_mixin.py:188} INFO - [2025-04-28T17:39:19.727+0000] {dagbag.py:538} INFO - Filling up the DagBag from /home/airflow/.local/lib/python3.8/site-packages/airflow/example_dags/example_branch_python_dop_operator_3.py
[2025-04-28T17:39:19.741+0000] {processor.py:840} INFO - DAG(s) 'example_branch_dop_operator_v3' retrieved from /home/airflow/.local/lib/python3.8/site-packages/airflow/example_dags/example_branch_python_dop_operator_3.py
[2025-04-28T17:39:19.764+0000] {logging_mixin.py:188} INFO - [2025-04-28T17:39:19.763+0000] {dag.py:3036} INFO - Sync 1 DAGs
[2025-04-28T17:39:19.783+0000] {logging_mixin.py:188} INFO - [2025-04-28T17:39:19.783+0000] {dag.py:3823} INFO - Setting next_dagrun for example_branch_dop_operator_v3 to 2025-04-28 17:38:00+00:00, run_after=2025-04-28 17:39:00+00:00
[2025-04-28T17:39:19.801+0000] {processor.py:183} INFO - Processing /home/airflow/.local/lib/python3.8/site-packages/airflow/example_dags/example_branch_python_dop_operator_3.py took 0.084 seconds
[2025-04-28T17:39:50.909+0000] {processor.py:161} INFO - Started process (PID=932) to work on /home/airflow/.local/lib/python3.8/site-packages/airflow/example_dags/example_branch_python_dop_operator_3.py
[2025-04-28T17:39:50.910+0000] {processor.py:830} INFO - Processing file /home/airflow/.local/lib/python3.8/site-packages/airflow/example_dags/example_branch_python_dop_operator_3.py for tasks to queue
[2025-04-28T17:39:50.911+0000] {logging_mixin.py:188} INFO - [2025-04-28T17:39:50.911+0000] {dagbag.py:538} INFO - Filling up the DagBag from /home/airflow/.local/lib/python3.8/site-packages/airflow/example_dags/example_branch_python_dop_operator_3.py
[2025-04-28T17:39:50.917+0000] {processor.py:840} INFO - DAG(s) 'example_branch_dop_operator_v3' retrieved from /home/airflow/.local/lib/python3.8/site-packages/airflow/example_dags/example_branch_python_dop_operator_3.py
[2025-04-28T17:39:50.941+0000] {logging_mixin.py:188} INFO - [2025-04-28T17:39:50.941+0000] {dag.py:3036} INFO - Sync 1 DAGs
[2025-04-28T17:39:50.960+0000] {logging_mixin.py:188} INFO - [2025-04-28T17:39:50.960+0000] {dag.py:3823} INFO - Setting next_dagrun for example_branch_dop_operator_v3 to 2025-04-28 17:38:00+00:00, run_after=2025-04-28 17:39:00+00:00
[2025-04-28T17:39:50.991+0000] {processor.py:183} INFO - Processing /home/airflow/.local/lib/python3.8/site-packages/airflow/example_dags/example_branch_python_dop_operator_3.py took 0.084 seconds
[2025-04-28T17:40:21.027+0000] {processor.py:161} INFO - Started process (PID=992) to work on /home/airflow/.local/lib/python3.8/site-packages/airflow/example_dags/example_branch_python_dop_operator_3.py
[2025-04-28T17:40:21.029+0000] {processor.py:830} INFO - Processing file /home/airflow/.local/lib/python3.8/site-packages/airflow/example_dags/example_branch_python_dop_operator_3.py for tasks to queue
[2025-04-28T17:40:21.032+0000] {logging_mixin.py:188} INFO - [2025-04-28T17:40:21.032+0000] {dagbag.py:538} INFO - Filling up the DagBag from /home/airflow/.local/lib/python3.8/site-packages/airflow/example_dags/example_branch_python_dop_operator_3.py
[2025-04-28T17:40:21.040+0000] {processor.py:840} INFO - DAG(s) 'example_branch_dop_operator_v3' retrieved from /home/airflow/.local/lib/python3.8/site-packages/airflow/example_dags/example_branch_python_dop_operator_3.py
[2025-04-28T17:40:21.073+0000] {logging_mixin.py:188} INFO - [2025-04-28T17:40:21.073+0000] {dag.py:3036} INFO - Sync 1 DAGs
[2025-04-28T17:40:21.098+0000] {logging_mixin.py:188} INFO - [2025-04-28T17:40:21.098+0000] {dag.py:3823} INFO - Setting next_dagrun for example_branch_dop_operator_v3 to 2025-04-28 17:39:00+00:00, run_after=2025-04-28 17:40:00+00:00
[2025-04-28T17:40:21.127+0000] {processor.py:183} INFO - Processing /home/airflow/.local/lib/python3.8/site-packages/airflow/example_dags/example_branch_python_dop_operator_3.py took 0.103 seconds
[2025-04-28T17:40:51.208+0000] {processor.py:161} INFO - Started process (PID=1051) to work on /home/airflow/.local/lib/python3.8/site-packages/airflow/example_dags/example_branch_python_dop_operator_3.py
[2025-04-28T17:40:51.216+0000] {processor.py:830} INFO - Processing file /home/airflow/.local/lib/python3.8/site-packages/airflow/example_dags/example_branch_python_dop_operator_3.py for tasks to queue
[2025-04-28T17:40:51.216+0000] {logging_mixin.py:188} INFO - [2025-04-28T17:40:51.216+0000] {dagbag.py:538} INFO - Filling up the DagBag from /home/airflow/.local/lib/python3.8/site-packages/airflow/example_dags/example_branch_python_dop_operator_3.py
[2025-04-28T17:40:51.221+0000] {processor.py:840} INFO - DAG(s) 'example_branch_dop_operator_v3' retrieved from /home/airflow/.local/lib/python3.8/site-packages/airflow/example_dags/example_branch_python_dop_operator_3.py
[2025-04-28T17:40:51.238+0000] {logging_mixin.py:188} INFO - [2025-04-28T17:40:51.237+0000] {dag.py:3036} INFO - Sync 1 DAGs
[2025-04-28T17:40:51.251+0000] {logging_mixin.py:188} INFO - [2025-04-28T17:40:51.251+0000] {dag.py:3823} INFO - Setting next_dagrun for example_branch_dop_operator_v3 to 2025-04-28 17:39:00+00:00, run_after=2025-04-28 17:40:00+00:00
[2025-04-28T17:40:51.261+0000] {processor.py:183} INFO - Processing /home/airflow/.local/lib/python3.8/site-packages/airflow/example_dags/example_branch_python_dop_operator_3.py took 0.057 seconds
[2025-04-28T17:41:21.388+0000] {processor.py:161} INFO - Started process (PID=1106) to work on /home/airflow/.local/lib/python3.8/site-packages/airflow/example_dags/example_branch_python_dop_operator_3.py
[2025-04-28T17:41:21.389+0000] {processor.py:830} INFO - Processing file /home/airflow/.local/lib/python3.8/site-packages/airflow/example_dags/example_branch_python_dop_operator_3.py for tasks to queue
[2025-04-28T17:41:21.390+0000] {logging_mixin.py:188} INFO - [2025-04-28T17:41:21.390+0000] {dagbag.py:538} INFO - Filling up the DagBag from /home/airflow/.local/lib/python3.8/site-packages/airflow/example_dags/example_branch_python_dop_operator_3.py
[2025-04-28T17:41:21.398+0000] {processor.py:840} INFO - DAG(s) 'example_branch_dop_operator_v3' retrieved from /home/airflow/.local/lib/python3.8/site-packages/airflow/example_dags/example_branch_python_dop_operator_3.py
[2025-04-28T17:41:21.413+0000] {logging_mixin.py:188} INFO - [2025-04-28T17:41:21.412+0000] {dag.py:3036} INFO - Sync 1 DAGs
[2025-04-28T17:41:21.432+0000] {logging_mixin.py:188} INFO - [2025-04-28T17:41:21.431+0000] {dag.py:3823} INFO - Setting next_dagrun for example_branch_dop_operator_v3 to 2025-04-28 17:40:00+00:00, run_after=2025-04-28 17:41:00+00:00
[2025-04-28T17:41:21.449+0000] {processor.py:183} INFO - Processing /home/airflow/.local/lib/python3.8/site-packages/airflow/example_dags/example_branch_python_dop_operator_3.py took 0.065 seconds
[2025-04-28T17:42:56.127+0000] {processor.py:161} INFO - Started process (PID=92) to work on /home/airflow/.local/lib/python3.8/site-packages/airflow/example_dags/example_branch_python_dop_operator_3.py
[2025-04-28T17:42:56.135+0000] {processor.py:830} INFO - Processing file /home/airflow/.local/lib/python3.8/site-packages/airflow/example_dags/example_branch_python_dop_operator_3.py for tasks to queue
[2025-04-28T17:42:56.145+0000] {logging_mixin.py:188} INFO - [2025-04-28T17:42:56.142+0000] {dagbag.py:538} INFO - Filling up the DagBag from /home/airflow/.local/lib/python3.8/site-packages/airflow/example_dags/example_branch_python_dop_operator_3.py
[2025-04-28T17:42:56.190+0000] {processor.py:840} INFO - DAG(s) 'example_branch_dop_operator_v3' retrieved from /home/airflow/.local/lib/python3.8/site-packages/airflow/example_dags/example_branch_python_dop_operator_3.py
[2025-04-28T17:42:56.553+0000] {logging_mixin.py:188} INFO - [2025-04-28T17:42:56.552+0000] {dag.py:3036} INFO - Sync 1 DAGs
[2025-04-28T17:42:56.620+0000] {logging_mixin.py:188} INFO - [2025-04-28T17:42:56.619+0000] {dag.py:3823} INFO - Setting next_dagrun for example_branch_dop_operator_v3 to 2025-04-28 17:41:00+00:00, run_after=2025-04-28 17:42:00+00:00
[2025-04-28T17:42:56.767+0000] {processor.py:183} INFO - Processing /home/airflow/.local/lib/python3.8/site-packages/airflow/example_dags/example_branch_python_dop_operator_3.py took 0.657 seconds
[2025-04-28T17:43:26.911+0000] {processor.py:161} INFO - Started process (PID=148) to work on /home/airflow/.local/lib/python3.8/site-packages/airflow/example_dags/example_branch_python_dop_operator_3.py
[2025-04-28T17:43:26.912+0000] {processor.py:830} INFO - Processing file /home/airflow/.local/lib/python3.8/site-packages/airflow/example_dags/example_branch_python_dop_operator_3.py for tasks to queue
[2025-04-28T17:43:26.914+0000] {logging_mixin.py:188} INFO - [2025-04-28T17:43:26.914+0000] {dagbag.py:538} INFO - Filling up the DagBag from /home/airflow/.local/lib/python3.8/site-packages/airflow/example_dags/example_branch_python_dop_operator_3.py
[2025-04-28T17:43:26.937+0000] {processor.py:840} INFO - DAG(s) 'example_branch_dop_operator_v3' retrieved from /home/airflow/.local/lib/python3.8/site-packages/airflow/example_dags/example_branch_python_dop_operator_3.py
[2025-04-28T17:43:26.996+0000] {logging_mixin.py:188} INFO - [2025-04-28T17:43:26.994+0000] {dag.py:3036} INFO - Sync 1 DAGs
[2025-04-28T17:43:27.062+0000] {logging_mixin.py:188} INFO - [2025-04-28T17:43:27.062+0000] {dag.py:3823} INFO - Setting next_dagrun for example_branch_dop_operator_v3 to 2025-04-28 17:42:00+00:00, run_after=2025-04-28 17:43:00+00:00
[2025-04-28T17:43:27.098+0000] {processor.py:183} INFO - Processing /home/airflow/.local/lib/python3.8/site-packages/airflow/example_dags/example_branch_python_dop_operator_3.py took 0.200 seconds
[2025-04-28T17:43:57.801+0000] {processor.py:161} INFO - Started process (PID=204) to work on /home/airflow/.local/lib/python3.8/site-packages/airflow/example_dags/example_branch_python_dop_operator_3.py
[2025-04-28T17:43:57.802+0000] {processor.py:830} INFO - Processing file /home/airflow/.local/lib/python3.8/site-packages/airflow/example_dags/example_branch_python_dop_operator_3.py for tasks to queue
[2025-04-28T17:43:57.803+0000] {logging_mixin.py:188} INFO - [2025-04-28T17:43:57.803+0000] {dagbag.py:538} INFO - Filling up the DagBag from /home/airflow/.local/lib/python3.8/site-packages/airflow/example_dags/example_branch_python_dop_operator_3.py
[2025-04-28T17:43:57.808+0000] {processor.py:840} INFO - DAG(s) 'example_branch_dop_operator_v3' retrieved from /home/airflow/.local/lib/python3.8/site-packages/airflow/example_dags/example_branch_python_dop_operator_3.py
[2025-04-28T17:43:57.825+0000] {logging_mixin.py:188} INFO - [2025-04-28T17:43:57.825+0000] {dag.py:3036} INFO - Sync 1 DAGs
[2025-04-28T17:43:57.840+0000] {logging_mixin.py:188} INFO - [2025-04-28T17:43:57.839+0000] {dag.py:3823} INFO - Setting next_dagrun for example_branch_dop_operator_v3 to 2025-04-28 17:42:00+00:00, run_after=2025-04-28 17:43:00+00:00
[2025-04-28T17:43:57.849+0000] {processor.py:183} INFO - Processing /home/airflow/.local/lib/python3.8/site-packages/airflow/example_dags/example_branch_python_dop_operator_3.py took 0.051 seconds
[2025-04-28T17:44:28.396+0000] {processor.py:161} INFO - Started process (PID=260) to work on /home/airflow/.local/lib/python3.8/site-packages/airflow/example_dags/example_branch_python_dop_operator_3.py
[2025-04-28T17:44:28.397+0000] {processor.py:830} INFO - Processing file /home/airflow/.local/lib/python3.8/site-packages/airflow/example_dags/example_branch_python_dop_operator_3.py for tasks to queue
[2025-04-28T17:44:28.399+0000] {logging_mixin.py:188} INFO - [2025-04-28T17:44:28.399+0000] {dagbag.py:538} INFO - Filling up the DagBag from /home/airflow/.local/lib/python3.8/site-packages/airflow/example_dags/example_branch_python_dop_operator_3.py
[2025-04-28T17:44:28.408+0000] {processor.py:840} INFO - DAG(s) 'example_branch_dop_operator_v3' retrieved from /home/airflow/.local/lib/python3.8/site-packages/airflow/example_dags/example_branch_python_dop_operator_3.py
[2025-04-28T17:44:28.423+0000] {logging_mixin.py:188} INFO - [2025-04-28T17:44:28.422+0000] {dag.py:3036} INFO - Sync 1 DAGs
[2025-04-28T17:44:28.440+0000] {logging_mixin.py:188} INFO - [2025-04-28T17:44:28.439+0000] {dag.py:3823} INFO - Setting next_dagrun for example_branch_dop_operator_v3 to 2025-04-28 17:43:00+00:00, run_after=2025-04-28 17:44:00+00:00
[2025-04-28T17:44:28.457+0000] {processor.py:183} INFO - Processing /home/airflow/.local/lib/python3.8/site-packages/airflow/example_dags/example_branch_python_dop_operator_3.py took 0.064 seconds
[2025-04-28T17:45:01.382+0000] {processor.py:161} INFO - Started process (PID=316) to work on /home/airflow/.local/lib/python3.8/site-packages/airflow/example_dags/example_branch_python_dop_operator_3.py
[2025-04-28T17:45:01.384+0000] {processor.py:830} INFO - Processing file /home/airflow/.local/lib/python3.8/site-packages/airflow/example_dags/example_branch_python_dop_operator_3.py for tasks to queue
[2025-04-28T17:45:01.388+0000] {logging_mixin.py:188} INFO - [2025-04-28T17:45:01.387+0000] {dagbag.py:538} INFO - Filling up the DagBag from /home/airflow/.local/lib/python3.8/site-packages/airflow/example_dags/example_branch_python_dop_operator_3.py
[2025-04-28T17:45:01.406+0000] {processor.py:840} INFO - DAG(s) 'example_branch_dop_operator_v3' retrieved from /home/airflow/.local/lib/python3.8/site-packages/airflow/example_dags/example_branch_python_dop_operator_3.py
[2025-04-28T17:45:01.444+0000] {logging_mixin.py:188} INFO - [2025-04-28T17:45:01.444+0000] {dag.py:3036} INFO - Sync 1 DAGs
[2025-04-28T17:45:01.498+0000] {logging_mixin.py:188} INFO - [2025-04-28T17:45:01.498+0000] {dag.py:3823} INFO - Setting next_dagrun for example_branch_dop_operator_v3 to 2025-04-28 17:44:00+00:00, run_after=2025-04-28 17:45:00+00:00
[2025-04-28T17:45:01.521+0000] {processor.py:183} INFO - Processing /home/airflow/.local/lib/python3.8/site-packages/airflow/example_dags/example_branch_python_dop_operator_3.py took 0.168 seconds
[2025-04-28T17:45:33.177+0000] {processor.py:161} INFO - Started process (PID=372) to work on /home/airflow/.local/lib/python3.8/site-packages/airflow/example_dags/example_branch_python_dop_operator_3.py
[2025-04-28T17:45:33.181+0000] {processor.py:830} INFO - Processing file /home/airflow/.local/lib/python3.8/site-packages/airflow/example_dags/example_branch_python_dop_operator_3.py for tasks to queue
[2025-04-28T17:45:33.190+0000] {logging_mixin.py:188} INFO - [2025-04-28T17:45:33.187+0000] {dagbag.py:538} INFO - Filling up the DagBag from /home/airflow/.local/lib/python3.8/site-packages/airflow/example_dags/example_branch_python_dop_operator_3.py
[2025-04-28T17:45:33.207+0000] {processor.py:840} INFO - DAG(s) 'example_branch_dop_operator_v3' retrieved from /home/airflow/.local/lib/python3.8/site-packages/airflow/example_dags/example_branch_python_dop_operator_3.py
[2025-04-28T17:45:33.239+0000] {logging_mixin.py:188} INFO - [2025-04-28T17:45:33.238+0000] {dag.py:3036} INFO - Sync 1 DAGs
[2025-04-28T17:45:33.269+0000] {logging_mixin.py:188} INFO - [2025-04-28T17:45:33.269+0000] {dag.py:3823} INFO - Setting next_dagrun for example_branch_dop_operator_v3 to 2025-04-28 17:44:00+00:00, run_after=2025-04-28 17:45:00+00:00
[2025-04-28T17:45:33.293+0000] {processor.py:183} INFO - Processing /home/airflow/.local/lib/python3.8/site-packages/airflow/example_dags/example_branch_python_dop_operator_3.py took 0.129 seconds
[2025-04-28T17:46:04.075+0000] {processor.py:161} INFO - Started process (PID=428) to work on /home/airflow/.local/lib/python3.8/site-packages/airflow/example_dags/example_branch_python_dop_operator_3.py
[2025-04-28T17:46:04.078+0000] {processor.py:830} INFO - Processing file /home/airflow/.local/lib/python3.8/site-packages/airflow/example_dags/example_branch_python_dop_operator_3.py for tasks to queue
[2025-04-28T17:46:04.083+0000] {logging_mixin.py:188} INFO - [2025-04-28T17:46:04.082+0000] {dagbag.py:538} INFO - Filling up the DagBag from /home/airflow/.local/lib/python3.8/site-packages/airflow/example_dags/example_branch_python_dop_operator_3.py
[2025-04-28T17:46:04.089+0000] {processor.py:840} INFO - DAG(s) 'example_branch_dop_operator_v3' retrieved from /home/airflow/.local/lib/python3.8/site-packages/airflow/example_dags/example_branch_python_dop_operator_3.py
[2025-04-28T17:46:04.105+0000] {logging_mixin.py:188} INFO - [2025-04-28T17:46:04.105+0000] {dag.py:3036} INFO - Sync 1 DAGs
[2025-04-28T17:46:04.121+0000] {logging_mixin.py:188} INFO - [2025-04-28T17:46:04.121+0000] {dag.py:3823} INFO - Setting next_dagrun for example_branch_dop_operator_v3 to 2025-04-28 17:45:00+00:00, run_after=2025-04-28 17:46:00+00:00
[2025-04-28T17:46:04.137+0000] {processor.py:183} INFO - Processing /home/airflow/.local/lib/python3.8/site-packages/airflow/example_dags/example_branch_python_dop_operator_3.py took 0.065 seconds
[2025-04-28T17:46:34.423+0000] {processor.py:161} INFO - Started process (PID=484) to work on /home/airflow/.local/lib/python3.8/site-packages/airflow/example_dags/example_branch_python_dop_operator_3.py
[2025-04-28T17:46:34.424+0000] {processor.py:830} INFO - Processing file /home/airflow/.local/lib/python3.8/site-packages/airflow/example_dags/example_branch_python_dop_operator_3.py for tasks to queue
[2025-04-28T17:46:34.425+0000] {logging_mixin.py:188} INFO - [2025-04-28T17:46:34.425+0000] {dagbag.py:538} INFO - Filling up the DagBag from /home/airflow/.local/lib/python3.8/site-packages/airflow/example_dags/example_branch_python_dop_operator_3.py
[2025-04-28T17:46:34.430+0000] {processor.py:840} INFO - DAG(s) 'example_branch_dop_operator_v3' retrieved from /home/airflow/.local/lib/python3.8/site-packages/airflow/example_dags/example_branch_python_dop_operator_3.py
[2025-04-28T17:46:34.445+0000] {logging_mixin.py:188} INFO - [2025-04-28T17:46:34.445+0000] {dag.py:3036} INFO - Sync 1 DAGs
[2025-04-28T17:46:34.461+0000] {logging_mixin.py:188} INFO - [2025-04-28T17:46:34.460+0000] {dag.py:3823} INFO - Setting next_dagrun for example_branch_dop_operator_v3 to 2025-04-28 17:45:00+00:00, run_after=2025-04-28 17:46:00+00:00
[2025-04-28T17:46:34.474+0000] {processor.py:183} INFO - Processing /home/airflow/.local/lib/python3.8/site-packages/airflow/example_dags/example_branch_python_dop_operator_3.py took 0.057 seconds
