[2025-04-28T17:32:10.065+0000] {processor.py:161} INFO - Started process (PID=81) to work on /home/airflow/.local/lib/python3.8/site-packages/airflow/example_dags/example_xcom.py
[2025-04-28T17:32:10.090+0000] {processor.py:830} INFO - Processing file /home/airflow/.local/lib/python3.8/site-packages/airflow/example_dags/example_xcom.py for tasks to queue
[2025-04-28T17:32:10.105+0000] {logging_mixin.py:188} INFO - [2025-04-28T17:32:10.104+0000] {dagbag.py:538} INFO - Filling up the DagBag from /home/airflow/.local/lib/python3.8/site-packages/airflow/example_dags/example_xcom.py
[2025-04-28T17:32:10.181+0000] {processor.py:840} INFO - DAG(s) 'example_xcom' retrieved from /home/airflow/.local/lib/python3.8/site-packages/airflow/example_dags/example_xcom.py
[2025-04-28T17:32:10.371+0000] {logging_mixin.py:188} INFO - [2025-04-28T17:32:10.362+0000] {dag.py:3036} INFO - Sync 1 DAGs
[2025-04-28T17:32:10.445+0000] {logging_mixin.py:188} INFO - [2025-04-28T17:32:10.440+0000] {dag.py:3823} INFO - Setting next_dagrun for example_xcom to 2021-01-01 00:00:00+00:00, run_after=2021-01-01 00:00:00+00:00
[2025-04-28T17:32:10.507+0000] {processor.py:183} INFO - Processing /home/airflow/.local/lib/python3.8/site-packages/airflow/example_dags/example_xcom.py took 0.498 seconds
[2025-04-28T17:32:40.755+0000] {processor.py:161} INFO - Started process (PID=137) to work on /home/airflow/.local/lib/python3.8/site-packages/airflow/example_dags/example_xcom.py
[2025-04-28T17:32:40.756+0000] {processor.py:830} INFO - Processing file /home/airflow/.local/lib/python3.8/site-packages/airflow/example_dags/example_xcom.py for tasks to queue
[2025-04-28T17:32:40.757+0000] {logging_mixin.py:188} INFO - [2025-04-28T17:32:40.757+0000] {dagbag.py:538} INFO - Filling up the DagBag from /home/airflow/.local/lib/python3.8/site-packages/airflow/example_dags/example_xcom.py
[2025-04-28T17:32:40.761+0000] {processor.py:840} INFO - DAG(s) 'example_xcom' retrieved from /home/airflow/.local/lib/python3.8/site-packages/airflow/example_dags/example_xcom.py
[2025-04-28T17:32:40.810+0000] {logging_mixin.py:188} INFO - [2025-04-28T17:32:40.809+0000] {dag.py:3036} INFO - Sync 1 DAGs
[2025-04-28T17:32:40.818+0000] {logging_mixin.py:188} INFO - [2025-04-28T17:32:40.818+0000] {dag.py:3823} INFO - Setting next_dagrun for example_xcom to 2021-01-01 00:00:00+00:00, run_after=2021-01-01 00:00:00+00:00
[2025-04-28T17:32:40.829+0000] {processor.py:183} INFO - Processing /home/airflow/.local/lib/python3.8/site-packages/airflow/example_dags/example_xcom.py took 0.076 seconds
[2025-04-28T17:33:12.031+0000] {processor.py:161} INFO - Started process (PID=191) to work on /home/airflow/.local/lib/python3.8/site-packages/airflow/example_dags/example_xcom.py
[2025-04-28T17:33:12.034+0000] {processor.py:830} INFO - Processing file /home/airflow/.local/lib/python3.8/site-packages/airflow/example_dags/example_xcom.py for tasks to queue
[2025-04-28T17:33:12.036+0000] {logging_mixin.py:188} INFO - [2025-04-28T17:33:12.036+0000] {dagbag.py:538} INFO - Filling up the DagBag from /home/airflow/.local/lib/python3.8/site-packages/airflow/example_dags/example_xcom.py
[2025-04-28T17:33:12.046+0000] {processor.py:840} INFO - DAG(s) 'example_xcom' retrieved from /home/airflow/.local/lib/python3.8/site-packages/airflow/example_dags/example_xcom.py
[2025-04-28T17:33:12.069+0000] {logging_mixin.py:188} INFO - [2025-04-28T17:33:12.069+0000] {dag.py:3036} INFO - Sync 1 DAGs
[2025-04-28T17:33:12.100+0000] {logging_mixin.py:188} INFO - [2025-04-28T17:33:12.100+0000] {dag.py:3823} INFO - Setting next_dagrun for example_xcom to 2021-01-01 00:00:00+00:00, run_after=2021-01-01 00:00:00+00:00
[2025-04-28T17:33:12.125+0000] {processor.py:183} INFO - Processing /home/airflow/.local/lib/python3.8/site-packages/airflow/example_dags/example_xcom.py took 0.100 seconds
[2025-04-28T17:33:42.291+0000] {processor.py:161} INFO - Started process (PID=246) to work on /home/airflow/.local/lib/python3.8/site-packages/airflow/example_dags/example_xcom.py
[2025-04-28T17:33:42.297+0000] {processor.py:830} INFO - Processing file /home/airflow/.local/lib/python3.8/site-packages/airflow/example_dags/example_xcom.py for tasks to queue
[2025-04-28T17:33:42.314+0000] {logging_mixin.py:188} INFO - [2025-04-28T17:33:42.312+0000] {dagbag.py:538} INFO - Filling up the DagBag from /home/airflow/.local/lib/python3.8/site-packages/airflow/example_dags/example_xcom.py
[2025-04-28T17:33:42.351+0000] {processor.py:840} INFO - DAG(s) 'example_xcom' retrieved from /home/airflow/.local/lib/python3.8/site-packages/airflow/example_dags/example_xcom.py
[2025-04-28T17:33:42.511+0000] {logging_mixin.py:188} INFO - [2025-04-28T17:33:42.510+0000] {dag.py:3036} INFO - Sync 1 DAGs
[2025-04-28T17:33:42.590+0000] {logging_mixin.py:188} INFO - [2025-04-28T17:33:42.590+0000] {dag.py:3823} INFO - Setting next_dagrun for example_xcom to 2021-01-01 00:00:00+00:00, run_after=2021-01-01 00:00:00+00:00
[2025-04-28T17:33:42.643+0000] {processor.py:183} INFO - Processing /home/airflow/.local/lib/python3.8/site-packages/airflow/example_dags/example_xcom.py took 0.386 seconds
[2025-04-28T17:34:13.571+0000] {processor.py:161} INFO - Started process (PID=301) to work on /home/airflow/.local/lib/python3.8/site-packages/airflow/example_dags/example_xcom.py
[2025-04-28T17:34:13.576+0000] {processor.py:830} INFO - Processing file /home/airflow/.local/lib/python3.8/site-packages/airflow/example_dags/example_xcom.py for tasks to queue
[2025-04-28T17:34:13.587+0000] {logging_mixin.py:188} INFO - [2025-04-28T17:34:13.586+0000] {dagbag.py:538} INFO - Filling up the DagBag from /home/airflow/.local/lib/python3.8/site-packages/airflow/example_dags/example_xcom.py
[2025-04-28T17:34:13.604+0000] {processor.py:840} INFO - DAG(s) 'example_xcom' retrieved from /home/airflow/.local/lib/python3.8/site-packages/airflow/example_dags/example_xcom.py
[2025-04-28T17:34:13.666+0000] {logging_mixin.py:188} INFO - [2025-04-28T17:34:13.666+0000] {dag.py:3036} INFO - Sync 1 DAGs
[2025-04-28T17:34:13.701+0000] {logging_mixin.py:188} INFO - [2025-04-28T17:34:13.700+0000] {dag.py:3823} INFO - Setting next_dagrun for example_xcom to 2021-01-01 00:00:00+00:00, run_after=2021-01-01 00:00:00+00:00
[2025-04-28T17:34:13.732+0000] {processor.py:183} INFO - Processing /home/airflow/.local/lib/python3.8/site-packages/airflow/example_dags/example_xcom.py took 0.171 seconds
[2025-04-28T17:34:44.281+0000] {processor.py:161} INFO - Started process (PID=356) to work on /home/airflow/.local/lib/python3.8/site-packages/airflow/example_dags/example_xcom.py
[2025-04-28T17:34:44.289+0000] {processor.py:830} INFO - Processing file /home/airflow/.local/lib/python3.8/site-packages/airflow/example_dags/example_xcom.py for tasks to queue
[2025-04-28T17:34:44.293+0000] {logging_mixin.py:188} INFO - [2025-04-28T17:34:44.293+0000] {dagbag.py:538} INFO - Filling up the DagBag from /home/airflow/.local/lib/python3.8/site-packages/airflow/example_dags/example_xcom.py
[2025-04-28T17:34:44.303+0000] {processor.py:840} INFO - DAG(s) 'example_xcom' retrieved from /home/airflow/.local/lib/python3.8/site-packages/airflow/example_dags/example_xcom.py
[2025-04-28T17:34:44.324+0000] {logging_mixin.py:188} INFO - [2025-04-28T17:34:44.324+0000] {dag.py:3036} INFO - Sync 1 DAGs
[2025-04-28T17:34:44.347+0000] {logging_mixin.py:188} INFO - [2025-04-28T17:34:44.346+0000] {dag.py:3823} INFO - Setting next_dagrun for example_xcom to 2021-01-01 00:00:00+00:00, run_after=2021-01-01 00:00:00+00:00
[2025-04-28T17:34:44.376+0000] {processor.py:183} INFO - Processing /home/airflow/.local/lib/python3.8/site-packages/airflow/example_dags/example_xcom.py took 0.105 seconds
[2025-04-28T17:35:14.542+0000] {processor.py:161} INFO - Started process (PID=411) to work on /home/airflow/.local/lib/python3.8/site-packages/airflow/example_dags/example_xcom.py
[2025-04-28T17:35:14.549+0000] {processor.py:830} INFO - Processing file /home/airflow/.local/lib/python3.8/site-packages/airflow/example_dags/example_xcom.py for tasks to queue
[2025-04-28T17:35:14.551+0000] {logging_mixin.py:188} INFO - [2025-04-28T17:35:14.551+0000] {dagbag.py:538} INFO - Filling up the DagBag from /home/airflow/.local/lib/python3.8/site-packages/airflow/example_dags/example_xcom.py
[2025-04-28T17:35:14.561+0000] {processor.py:840} INFO - DAG(s) 'example_xcom' retrieved from /home/airflow/.local/lib/python3.8/site-packages/airflow/example_dags/example_xcom.py
[2025-04-28T17:35:14.579+0000] {logging_mixin.py:188} INFO - [2025-04-28T17:35:14.579+0000] {dag.py:3036} INFO - Sync 1 DAGs
[2025-04-28T17:35:14.598+0000] {logging_mixin.py:188} INFO - [2025-04-28T17:35:14.597+0000] {dag.py:3823} INFO - Setting next_dagrun for example_xcom to 2021-01-01 00:00:00+00:00, run_after=2021-01-01 00:00:00+00:00
[2025-04-28T17:35:14.615+0000] {processor.py:183} INFO - Processing /home/airflow/.local/lib/python3.8/site-packages/airflow/example_dags/example_xcom.py took 0.078 seconds
[2025-04-28T17:35:45.712+0000] {processor.py:161} INFO - Started process (PID=466) to work on /home/airflow/.local/lib/python3.8/site-packages/airflow/example_dags/example_xcom.py
[2025-04-28T17:35:45.715+0000] {processor.py:830} INFO - Processing file /home/airflow/.local/lib/python3.8/site-packages/airflow/example_dags/example_xcom.py for tasks to queue
[2025-04-28T17:35:45.744+0000] {logging_mixin.py:188} INFO - [2025-04-28T17:35:45.738+0000] {dagbag.py:538} INFO - Filling up the DagBag from /home/airflow/.local/lib/python3.8/site-packages/airflow/example_dags/example_xcom.py
[2025-04-28T17:35:45.767+0000] {processor.py:840} INFO - DAG(s) 'example_xcom' retrieved from /home/airflow/.local/lib/python3.8/site-packages/airflow/example_dags/example_xcom.py
[2025-04-28T17:35:45.823+0000] {logging_mixin.py:188} INFO - [2025-04-28T17:35:45.823+0000] {dag.py:3036} INFO - Sync 1 DAGs
[2025-04-28T17:35:45.840+0000] {logging_mixin.py:188} INFO - [2025-04-28T17:35:45.840+0000] {dag.py:3823} INFO - Setting next_dagrun for example_xcom to 2021-01-01 00:00:00+00:00, run_after=2021-01-01 00:00:00+00:00
[2025-04-28T17:35:45.860+0000] {processor.py:183} INFO - Processing /home/airflow/.local/lib/python3.8/site-packages/airflow/example_dags/example_xcom.py took 0.156 seconds
[2025-04-28T17:36:16.110+0000] {processor.py:161} INFO - Started process (PID=521) to work on /home/airflow/.local/lib/python3.8/site-packages/airflow/example_dags/example_xcom.py
[2025-04-28T17:36:16.112+0000] {processor.py:830} INFO - Processing file /home/airflow/.local/lib/python3.8/site-packages/airflow/example_dags/example_xcom.py for tasks to queue
[2025-04-28T17:36:16.120+0000] {logging_mixin.py:188} INFO - [2025-04-28T17:36:16.120+0000] {dagbag.py:538} INFO - Filling up the DagBag from /home/airflow/.local/lib/python3.8/site-packages/airflow/example_dags/example_xcom.py
[2025-04-28T17:36:16.132+0000] {processor.py:840} INFO - DAG(s) 'example_xcom' retrieved from /home/airflow/.local/lib/python3.8/site-packages/airflow/example_dags/example_xcom.py
[2025-04-28T17:36:16.171+0000] {logging_mixin.py:188} INFO - [2025-04-28T17:36:16.170+0000] {dag.py:3036} INFO - Sync 1 DAGs
[2025-04-28T17:36:16.195+0000] {logging_mixin.py:188} INFO - [2025-04-28T17:36:16.195+0000] {dag.py:3823} INFO - Setting next_dagrun for example_xcom to 2021-01-01 00:00:00+00:00, run_after=2021-01-01 00:00:00+00:00
[2025-04-28T17:36:16.214+0000] {processor.py:183} INFO - Processing /home/airflow/.local/lib/python3.8/site-packages/airflow/example_dags/example_xcom.py took 0.107 seconds
[2025-04-28T17:36:46.294+0000] {processor.py:161} INFO - Started process (PID=576) to work on /home/airflow/.local/lib/python3.8/site-packages/airflow/example_dags/example_xcom.py
[2025-04-28T17:36:46.296+0000] {processor.py:830} INFO - Processing file /home/airflow/.local/lib/python3.8/site-packages/airflow/example_dags/example_xcom.py for tasks to queue
[2025-04-28T17:36:46.297+0000] {logging_mixin.py:188} INFO - [2025-04-28T17:36:46.297+0000] {dagbag.py:538} INFO - Filling up the DagBag from /home/airflow/.local/lib/python3.8/site-packages/airflow/example_dags/example_xcom.py
[2025-04-28T17:36:46.304+0000] {processor.py:840} INFO - DAG(s) 'example_xcom' retrieved from /home/airflow/.local/lib/python3.8/site-packages/airflow/example_dags/example_xcom.py
[2025-04-28T17:36:46.327+0000] {logging_mixin.py:188} INFO - [2025-04-28T17:36:46.326+0000] {dag.py:3036} INFO - Sync 1 DAGs
[2025-04-28T17:36:46.344+0000] {logging_mixin.py:188} INFO - [2025-04-28T17:36:46.344+0000] {dag.py:3823} INFO - Setting next_dagrun for example_xcom to 2021-01-01 00:00:00+00:00, run_after=2021-01-01 00:00:00+00:00
[2025-04-28T17:36:46.360+0000] {processor.py:183} INFO - Processing /home/airflow/.local/lib/python3.8/site-packages/airflow/example_dags/example_xcom.py took 0.069 seconds
[2025-04-28T17:37:16.933+0000] {processor.py:161} INFO - Started process (PID=637) to work on /home/airflow/.local/lib/python3.8/site-packages/airflow/example_dags/example_xcom.py
[2025-04-28T17:37:16.936+0000] {processor.py:830} INFO - Processing file /home/airflow/.local/lib/python3.8/site-packages/airflow/example_dags/example_xcom.py for tasks to queue
[2025-04-28T17:37:16.939+0000] {logging_mixin.py:188} INFO - [2025-04-28T17:37:16.939+0000] {dagbag.py:538} INFO - Filling up the DagBag from /home/airflow/.local/lib/python3.8/site-packages/airflow/example_dags/example_xcom.py
[2025-04-28T17:37:16.953+0000] {processor.py:840} INFO - DAG(s) 'example_xcom' retrieved from /home/airflow/.local/lib/python3.8/site-packages/airflow/example_dags/example_xcom.py
[2025-04-28T17:37:16.974+0000] {logging_mixin.py:188} INFO - [2025-04-28T17:37:16.973+0000] {dag.py:3036} INFO - Sync 1 DAGs
[2025-04-28T17:37:16.992+0000] {logging_mixin.py:188} INFO - [2025-04-28T17:37:16.992+0000] {dag.py:3823} INFO - Setting next_dagrun for example_xcom to 2021-01-01 00:00:00+00:00, run_after=2021-01-01 00:00:00+00:00
[2025-04-28T17:37:17.008+0000] {processor.py:183} INFO - Processing /home/airflow/.local/lib/python3.8/site-packages/airflow/example_dags/example_xcom.py took 0.079 seconds
[2025-04-28T17:37:47.554+0000] {processor.py:161} INFO - Started process (PID=698) to work on /home/airflow/.local/lib/python3.8/site-packages/airflow/example_dags/example_xcom.py
[2025-04-28T17:37:47.556+0000] {processor.py:830} INFO - Processing file /home/airflow/.local/lib/python3.8/site-packages/airflow/example_dags/example_xcom.py for tasks to queue
[2025-04-28T17:37:47.563+0000] {logging_mixin.py:188} INFO - [2025-04-28T17:37:47.562+0000] {dagbag.py:538} INFO - Filling up the DagBag from /home/airflow/.local/lib/python3.8/site-packages/airflow/example_dags/example_xcom.py
[2025-04-28T17:37:47.695+0000] {processor.py:840} INFO - DAG(s) 'example_xcom' retrieved from /home/airflow/.local/lib/python3.8/site-packages/airflow/example_dags/example_xcom.py
[2025-04-28T17:37:47.778+0000] {logging_mixin.py:188} INFO - [2025-04-28T17:37:47.777+0000] {dag.py:3036} INFO - Sync 1 DAGs
[2025-04-28T17:37:47.813+0000] {logging_mixin.py:188} INFO - [2025-04-28T17:37:47.813+0000] {dag.py:3823} INFO - Setting next_dagrun for example_xcom to 2021-01-01 00:00:00+00:00, run_after=2021-01-01 00:00:00+00:00
[2025-04-28T17:37:47.839+0000] {processor.py:183} INFO - Processing /home/airflow/.local/lib/python3.8/site-packages/airflow/example_dags/example_xcom.py took 0.291 seconds
[2025-04-28T17:38:18.033+0000] {processor.py:161} INFO - Started process (PID=759) to work on /home/airflow/.local/lib/python3.8/site-packages/airflow/example_dags/example_xcom.py
[2025-04-28T17:38:18.036+0000] {processor.py:830} INFO - Processing file /home/airflow/.local/lib/python3.8/site-packages/airflow/example_dags/example_xcom.py for tasks to queue
[2025-04-28T17:38:18.044+0000] {logging_mixin.py:188} INFO - [2025-04-28T17:38:18.044+0000] {dagbag.py:538} INFO - Filling up the DagBag from /home/airflow/.local/lib/python3.8/site-packages/airflow/example_dags/example_xcom.py
[2025-04-28T17:38:18.058+0000] {processor.py:840} INFO - DAG(s) 'example_xcom' retrieved from /home/airflow/.local/lib/python3.8/site-packages/airflow/example_dags/example_xcom.py
[2025-04-28T17:38:18.091+0000] {logging_mixin.py:188} INFO - [2025-04-28T17:38:18.091+0000] {dag.py:3036} INFO - Sync 1 DAGs
[2025-04-28T17:38:18.113+0000] {logging_mixin.py:188} INFO - [2025-04-28T17:38:18.113+0000] {dag.py:3823} INFO - Setting next_dagrun for example_xcom to 2021-01-01 00:00:00+00:00, run_after=2021-01-01 00:00:00+00:00
[2025-04-28T17:38:18.131+0000] {processor.py:183} INFO - Processing /home/airflow/.local/lib/python3.8/site-packages/airflow/example_dags/example_xcom.py took 0.101 seconds
[2025-04-28T17:38:48.869+0000] {processor.py:161} INFO - Started process (PID=821) to work on /home/airflow/.local/lib/python3.8/site-packages/airflow/example_dags/example_xcom.py
[2025-04-28T17:38:48.870+0000] {processor.py:830} INFO - Processing file /home/airflow/.local/lib/python3.8/site-packages/airflow/example_dags/example_xcom.py for tasks to queue
[2025-04-28T17:38:48.872+0000] {logging_mixin.py:188} INFO - [2025-04-28T17:38:48.872+0000] {dagbag.py:538} INFO - Filling up the DagBag from /home/airflow/.local/lib/python3.8/site-packages/airflow/example_dags/example_xcom.py
[2025-04-28T17:38:48.878+0000] {processor.py:840} INFO - DAG(s) 'example_xcom' retrieved from /home/airflow/.local/lib/python3.8/site-packages/airflow/example_dags/example_xcom.py
[2025-04-28T17:38:48.897+0000] {logging_mixin.py:188} INFO - [2025-04-28T17:38:48.896+0000] {dag.py:3036} INFO - Sync 1 DAGs
[2025-04-28T17:38:48.909+0000] {logging_mixin.py:188} INFO - [2025-04-28T17:38:48.909+0000] {dag.py:3823} INFO - Setting next_dagrun for example_xcom to 2021-01-01 00:00:00+00:00, run_after=2021-01-01 00:00:00+00:00
[2025-04-28T17:38:48.920+0000] {processor.py:183} INFO - Processing /home/airflow/.local/lib/python3.8/site-packages/airflow/example_dags/example_xcom.py took 0.054 seconds
[2025-04-28T17:39:19.886+0000] {processor.py:161} INFO - Started process (PID=878) to work on /home/airflow/.local/lib/python3.8/site-packages/airflow/example_dags/example_xcom.py
[2025-04-28T17:39:19.887+0000] {processor.py:830} INFO - Processing file /home/airflow/.local/lib/python3.8/site-packages/airflow/example_dags/example_xcom.py for tasks to queue
[2025-04-28T17:39:19.889+0000] {logging_mixin.py:188} INFO - [2025-04-28T17:39:19.888+0000] {dagbag.py:538} INFO - Filling up the DagBag from /home/airflow/.local/lib/python3.8/site-packages/airflow/example_dags/example_xcom.py
[2025-04-28T17:39:19.894+0000] {processor.py:840} INFO - DAG(s) 'example_xcom' retrieved from /home/airflow/.local/lib/python3.8/site-packages/airflow/example_dags/example_xcom.py
[2025-04-28T17:39:19.911+0000] {logging_mixin.py:188} INFO - [2025-04-28T17:39:19.910+0000] {dag.py:3036} INFO - Sync 1 DAGs
[2025-04-28T17:39:19.925+0000] {logging_mixin.py:188} INFO - [2025-04-28T17:39:19.925+0000] {dag.py:3823} INFO - Setting next_dagrun for example_xcom to 2021-01-01 00:00:00+00:00, run_after=2021-01-01 00:00:00+00:00
[2025-04-28T17:39:19.936+0000] {processor.py:183} INFO - Processing /home/airflow/.local/lib/python3.8/site-packages/airflow/example_dags/example_xcom.py took 0.052 seconds
[2025-04-28T17:39:51.156+0000] {processor.py:161} INFO - Started process (PID=936) to work on /home/airflow/.local/lib/python3.8/site-packages/airflow/example_dags/example_xcom.py
[2025-04-28T17:39:51.161+0000] {processor.py:830} INFO - Processing file /home/airflow/.local/lib/python3.8/site-packages/airflow/example_dags/example_xcom.py for tasks to queue
[2025-04-28T17:39:51.164+0000] {logging_mixin.py:188} INFO - [2025-04-28T17:39:51.163+0000] {dagbag.py:538} INFO - Filling up the DagBag from /home/airflow/.local/lib/python3.8/site-packages/airflow/example_dags/example_xcom.py
[2025-04-28T17:39:51.173+0000] {processor.py:840} INFO - DAG(s) 'example_xcom' retrieved from /home/airflow/.local/lib/python3.8/site-packages/airflow/example_dags/example_xcom.py
[2025-04-28T17:39:51.204+0000] {logging_mixin.py:188} INFO - [2025-04-28T17:39:51.204+0000] {dag.py:3036} INFO - Sync 1 DAGs
[2025-04-28T17:39:51.228+0000] {logging_mixin.py:188} INFO - [2025-04-28T17:39:51.228+0000] {dag.py:3823} INFO - Setting next_dagrun for example_xcom to 2021-01-01 00:00:00+00:00, run_after=2021-01-01 00:00:00+00:00
[2025-04-28T17:39:51.253+0000] {processor.py:183} INFO - Processing /home/airflow/.local/lib/python3.8/site-packages/airflow/example_dags/example_xcom.py took 0.103 seconds
[2025-04-28T17:40:21.282+0000] {processor.py:161} INFO - Started process (PID=996) to work on /home/airflow/.local/lib/python3.8/site-packages/airflow/example_dags/example_xcom.py
[2025-04-28T17:40:21.284+0000] {processor.py:830} INFO - Processing file /home/airflow/.local/lib/python3.8/site-packages/airflow/example_dags/example_xcom.py for tasks to queue
[2025-04-28T17:40:21.285+0000] {logging_mixin.py:188} INFO - [2025-04-28T17:40:21.285+0000] {dagbag.py:538} INFO - Filling up the DagBag from /home/airflow/.local/lib/python3.8/site-packages/airflow/example_dags/example_xcom.py
[2025-04-28T17:40:21.290+0000] {processor.py:840} INFO - DAG(s) 'example_xcom' retrieved from /home/airflow/.local/lib/python3.8/site-packages/airflow/example_dags/example_xcom.py
[2025-04-28T17:40:21.306+0000] {logging_mixin.py:188} INFO - [2025-04-28T17:40:21.306+0000] {dag.py:3036} INFO - Sync 1 DAGs
[2025-04-28T17:40:21.318+0000] {logging_mixin.py:188} INFO - [2025-04-28T17:40:21.318+0000] {dag.py:3823} INFO - Setting next_dagrun for example_xcom to 2021-01-01 00:00:00+00:00, run_after=2021-01-01 00:00:00+00:00
[2025-04-28T17:40:21.335+0000] {processor.py:183} INFO - Processing /home/airflow/.local/lib/python3.8/site-packages/airflow/example_dags/example_xcom.py took 0.056 seconds
[2025-04-28T17:40:51.416+0000] {processor.py:161} INFO - Started process (PID=1055) to work on /home/airflow/.local/lib/python3.8/site-packages/airflow/example_dags/example_xcom.py
[2025-04-28T17:40:51.417+0000] {processor.py:830} INFO - Processing file /home/airflow/.local/lib/python3.8/site-packages/airflow/example_dags/example_xcom.py for tasks to queue
[2025-04-28T17:40:51.418+0000] {logging_mixin.py:188} INFO - [2025-04-28T17:40:51.418+0000] {dagbag.py:538} INFO - Filling up the DagBag from /home/airflow/.local/lib/python3.8/site-packages/airflow/example_dags/example_xcom.py
[2025-04-28T17:40:51.423+0000] {processor.py:840} INFO - DAG(s) 'example_xcom' retrieved from /home/airflow/.local/lib/python3.8/site-packages/airflow/example_dags/example_xcom.py
[2025-04-28T17:40:51.436+0000] {logging_mixin.py:188} INFO - [2025-04-28T17:40:51.436+0000] {dag.py:3036} INFO - Sync 1 DAGs
[2025-04-28T17:40:51.446+0000] {logging_mixin.py:188} INFO - [2025-04-28T17:40:51.446+0000] {dag.py:3823} INFO - Setting next_dagrun for example_xcom to 2021-01-01 00:00:00+00:00, run_after=2021-01-01 00:00:00+00:00
[2025-04-28T17:40:51.466+0000] {processor.py:183} INFO - Processing /home/airflow/.local/lib/python3.8/site-packages/airflow/example_dags/example_xcom.py took 0.052 seconds
[2025-04-28T17:41:21.633+0000] {processor.py:161} INFO - Started process (PID=1111) to work on /home/airflow/.local/lib/python3.8/site-packages/airflow/example_dags/example_xcom.py
[2025-04-28T17:41:21.635+0000] {processor.py:830} INFO - Processing file /home/airflow/.local/lib/python3.8/site-packages/airflow/example_dags/example_xcom.py for tasks to queue
[2025-04-28T17:41:21.636+0000] {logging_mixin.py:188} INFO - [2025-04-28T17:41:21.636+0000] {dagbag.py:538} INFO - Filling up the DagBag from /home/airflow/.local/lib/python3.8/site-packages/airflow/example_dags/example_xcom.py
[2025-04-28T17:41:21.641+0000] {processor.py:840} INFO - DAG(s) 'example_xcom' retrieved from /home/airflow/.local/lib/python3.8/site-packages/airflow/example_dags/example_xcom.py
[2025-04-28T17:41:21.665+0000] {logging_mixin.py:188} INFO - [2025-04-28T17:41:21.665+0000] {dag.py:3036} INFO - Sync 1 DAGs
[2025-04-28T17:41:21.686+0000] {logging_mixin.py:188} INFO - [2025-04-28T17:41:21.686+0000] {dag.py:3823} INFO - Setting next_dagrun for example_xcom to 2021-01-01 00:00:00+00:00, run_after=2021-01-01 00:00:00+00:00
[2025-04-28T17:41:21.704+0000] {processor.py:183} INFO - Processing /home/airflow/.local/lib/python3.8/site-packages/airflow/example_dags/example_xcom.py took 0.075 seconds
[2025-04-28T17:42:57.866+0000] {processor.py:161} INFO - Started process (PID=96) to work on /home/airflow/.local/lib/python3.8/site-packages/airflow/example_dags/example_xcom.py
[2025-04-28T17:42:57.876+0000] {processor.py:830} INFO - Processing file /home/airflow/.local/lib/python3.8/site-packages/airflow/example_dags/example_xcom.py for tasks to queue
[2025-04-28T17:42:57.886+0000] {logging_mixin.py:188} INFO - [2025-04-28T17:42:57.883+0000] {dagbag.py:538} INFO - Filling up the DagBag from /home/airflow/.local/lib/python3.8/site-packages/airflow/example_dags/example_xcom.py
[2025-04-28T17:42:57.972+0000] {processor.py:840} INFO - DAG(s) 'example_xcom' retrieved from /home/airflow/.local/lib/python3.8/site-packages/airflow/example_dags/example_xcom.py
[2025-04-28T17:42:58.381+0000] {logging_mixin.py:188} INFO - [2025-04-28T17:42:58.381+0000] {dag.py:3036} INFO - Sync 1 DAGs
[2025-04-28T17:42:58.417+0000] {logging_mixin.py:188} INFO - [2025-04-28T17:42:58.416+0000] {dag.py:3823} INFO - Setting next_dagrun for example_xcom to 2021-01-01 00:00:00+00:00, run_after=2021-01-01 00:00:00+00:00
[2025-04-28T17:42:58.458+0000] {processor.py:183} INFO - Processing /home/airflow/.local/lib/python3.8/site-packages/airflow/example_dags/example_xcom.py took 0.616 seconds
[2025-04-28T17:43:28.577+0000] {processor.py:161} INFO - Started process (PID=152) to work on /home/airflow/.local/lib/python3.8/site-packages/airflow/example_dags/example_xcom.py
[2025-04-28T17:43:28.582+0000] {processor.py:830} INFO - Processing file /home/airflow/.local/lib/python3.8/site-packages/airflow/example_dags/example_xcom.py for tasks to queue
[2025-04-28T17:43:28.584+0000] {logging_mixin.py:188} INFO - [2025-04-28T17:43:28.584+0000] {dagbag.py:538} INFO - Filling up the DagBag from /home/airflow/.local/lib/python3.8/site-packages/airflow/example_dags/example_xcom.py
[2025-04-28T17:43:28.599+0000] {processor.py:840} INFO - DAG(s) 'example_xcom' retrieved from /home/airflow/.local/lib/python3.8/site-packages/airflow/example_dags/example_xcom.py
[2025-04-28T17:43:28.617+0000] {logging_mixin.py:188} INFO - [2025-04-28T17:43:28.617+0000] {dag.py:3036} INFO - Sync 1 DAGs
[2025-04-28T17:43:28.668+0000] {logging_mixin.py:188} INFO - [2025-04-28T17:43:28.668+0000] {dag.py:3823} INFO - Setting next_dagrun for example_xcom to 2021-01-01 00:00:00+00:00, run_after=2021-01-01 00:00:00+00:00
[2025-04-28T17:43:28.687+0000] {processor.py:183} INFO - Processing /home/airflow/.local/lib/python3.8/site-packages/airflow/example_dags/example_xcom.py took 0.117 seconds
[2025-04-28T17:43:59.014+0000] {processor.py:161} INFO - Started process (PID=208) to work on /home/airflow/.local/lib/python3.8/site-packages/airflow/example_dags/example_xcom.py
[2025-04-28T17:43:59.015+0000] {processor.py:830} INFO - Processing file /home/airflow/.local/lib/python3.8/site-packages/airflow/example_dags/example_xcom.py for tasks to queue
[2025-04-28T17:43:59.016+0000] {logging_mixin.py:188} INFO - [2025-04-28T17:43:59.016+0000] {dagbag.py:538} INFO - Filling up the DagBag from /home/airflow/.local/lib/python3.8/site-packages/airflow/example_dags/example_xcom.py
[2025-04-28T17:43:59.029+0000] {processor.py:840} INFO - DAG(s) 'example_xcom' retrieved from /home/airflow/.local/lib/python3.8/site-packages/airflow/example_dags/example_xcom.py
[2025-04-28T17:43:59.059+0000] {logging_mixin.py:188} INFO - [2025-04-28T17:43:59.058+0000] {dag.py:3036} INFO - Sync 1 DAGs
[2025-04-28T17:43:59.075+0000] {logging_mixin.py:188} INFO - [2025-04-28T17:43:59.074+0000] {dag.py:3823} INFO - Setting next_dagrun for example_xcom to 2021-01-01 00:00:00+00:00, run_after=2021-01-01 00:00:00+00:00
[2025-04-28T17:43:59.090+0000] {processor.py:183} INFO - Processing /home/airflow/.local/lib/python3.8/site-packages/airflow/example_dags/example_xcom.py took 0.079 seconds
[2025-04-28T17:44:29.627+0000] {processor.py:161} INFO - Started process (PID=264) to work on /home/airflow/.local/lib/python3.8/site-packages/airflow/example_dags/example_xcom.py
[2025-04-28T17:44:29.628+0000] {processor.py:830} INFO - Processing file /home/airflow/.local/lib/python3.8/site-packages/airflow/example_dags/example_xcom.py for tasks to queue
[2025-04-28T17:44:29.630+0000] {logging_mixin.py:188} INFO - [2025-04-28T17:44:29.629+0000] {dagbag.py:538} INFO - Filling up the DagBag from /home/airflow/.local/lib/python3.8/site-packages/airflow/example_dags/example_xcom.py
[2025-04-28T17:44:29.635+0000] {processor.py:840} INFO - DAG(s) 'example_xcom' retrieved from /home/airflow/.local/lib/python3.8/site-packages/airflow/example_dags/example_xcom.py
[2025-04-28T17:44:29.658+0000] {logging_mixin.py:188} INFO - [2025-04-28T17:44:29.658+0000] {dag.py:3036} INFO - Sync 1 DAGs
[2025-04-28T17:44:29.674+0000] {logging_mixin.py:188} INFO - [2025-04-28T17:44:29.673+0000] {dag.py:3823} INFO - Setting next_dagrun for example_xcom to 2021-01-01 00:00:00+00:00, run_after=2021-01-01 00:00:00+00:00
[2025-04-28T17:44:29.690+0000] {processor.py:183} INFO - Processing /home/airflow/.local/lib/python3.8/site-packages/airflow/example_dags/example_xcom.py took 0.067 seconds
[2025-04-28T17:45:01.677+0000] {processor.py:161} INFO - Started process (PID=320) to work on /home/airflow/.local/lib/python3.8/site-packages/airflow/example_dags/example_xcom.py
[2025-04-28T17:45:01.679+0000] {processor.py:830} INFO - Processing file /home/airflow/.local/lib/python3.8/site-packages/airflow/example_dags/example_xcom.py for tasks to queue
[2025-04-28T17:45:01.681+0000] {logging_mixin.py:188} INFO - [2025-04-28T17:45:01.680+0000] {dagbag.py:538} INFO - Filling up the DagBag from /home/airflow/.local/lib/python3.8/site-packages/airflow/example_dags/example_xcom.py
[2025-04-28T17:45:01.696+0000] {processor.py:840} INFO - DAG(s) 'example_xcom' retrieved from /home/airflow/.local/lib/python3.8/site-packages/airflow/example_dags/example_xcom.py
[2025-04-28T17:45:01.751+0000] {logging_mixin.py:188} INFO - [2025-04-28T17:45:01.750+0000] {dag.py:3036} INFO - Sync 1 DAGs
[2025-04-28T17:45:01.790+0000] {logging_mixin.py:188} INFO - [2025-04-28T17:45:01.790+0000] {dag.py:3823} INFO - Setting next_dagrun for example_xcom to 2021-01-01 00:00:00+00:00, run_after=2021-01-01 00:00:00+00:00
[2025-04-28T17:45:01.847+0000] {processor.py:183} INFO - Processing /home/airflow/.local/lib/python3.8/site-packages/airflow/example_dags/example_xcom.py took 0.175 seconds
[2025-04-28T17:45:33.612+0000] {processor.py:161} INFO - Started process (PID=376) to work on /home/airflow/.local/lib/python3.8/site-packages/airflow/example_dags/example_xcom.py
[2025-04-28T17:45:33.619+0000] {processor.py:830} INFO - Processing file /home/airflow/.local/lib/python3.8/site-packages/airflow/example_dags/example_xcom.py for tasks to queue
[2025-04-28T17:45:33.626+0000] {logging_mixin.py:188} INFO - [2025-04-28T17:45:33.625+0000] {dagbag.py:538} INFO - Filling up the DagBag from /home/airflow/.local/lib/python3.8/site-packages/airflow/example_dags/example_xcom.py
[2025-04-28T17:45:33.637+0000] {processor.py:840} INFO - DAG(s) 'example_xcom' retrieved from /home/airflow/.local/lib/python3.8/site-packages/airflow/example_dags/example_xcom.py
[2025-04-28T17:45:33.762+0000] {logging_mixin.py:188} INFO - [2025-04-28T17:45:33.761+0000] {dag.py:3036} INFO - Sync 1 DAGs
[2025-04-28T17:45:33.823+0000] {logging_mixin.py:188} INFO - [2025-04-28T17:45:33.823+0000] {dag.py:3823} INFO - Setting next_dagrun for example_xcom to 2021-01-01 00:00:00+00:00, run_after=2021-01-01 00:00:00+00:00
[2025-04-28T17:45:33.877+0000] {processor.py:183} INFO - Processing /home/airflow/.local/lib/python3.8/site-packages/airflow/example_dags/example_xcom.py took 0.278 seconds
[2025-04-28T17:46:04.263+0000] {processor.py:161} INFO - Started process (PID=432) to work on /home/airflow/.local/lib/python3.8/site-packages/airflow/example_dags/example_xcom.py
[2025-04-28T17:46:04.264+0000] {processor.py:830} INFO - Processing file /home/airflow/.local/lib/python3.8/site-packages/airflow/example_dags/example_xcom.py for tasks to queue
[2025-04-28T17:46:04.264+0000] {logging_mixin.py:188} INFO - [2025-04-28T17:46:04.264+0000] {dagbag.py:538} INFO - Filling up the DagBag from /home/airflow/.local/lib/python3.8/site-packages/airflow/example_dags/example_xcom.py
[2025-04-28T17:46:04.268+0000] {processor.py:840} INFO - DAG(s) 'example_xcom' retrieved from /home/airflow/.local/lib/python3.8/site-packages/airflow/example_dags/example_xcom.py
[2025-04-28T17:46:04.281+0000] {logging_mixin.py:188} INFO - [2025-04-28T17:46:04.280+0000] {dag.py:3036} INFO - Sync 1 DAGs
[2025-04-28T17:46:04.291+0000] {logging_mixin.py:188} INFO - [2025-04-28T17:46:04.291+0000] {dag.py:3823} INFO - Setting next_dagrun for example_xcom to 2021-01-01 00:00:00+00:00, run_after=2021-01-01 00:00:00+00:00
[2025-04-28T17:46:04.302+0000] {processor.py:183} INFO - Processing /home/airflow/.local/lib/python3.8/site-packages/airflow/example_dags/example_xcom.py took 0.041 seconds
[2025-04-28T17:46:34.560+0000] {processor.py:161} INFO - Started process (PID=488) to work on /home/airflow/.local/lib/python3.8/site-packages/airflow/example_dags/example_xcom.py
[2025-04-28T17:46:34.561+0000] {processor.py:830} INFO - Processing file /home/airflow/.local/lib/python3.8/site-packages/airflow/example_dags/example_xcom.py for tasks to queue
[2025-04-28T17:46:34.563+0000] {logging_mixin.py:188} INFO - [2025-04-28T17:46:34.562+0000] {dagbag.py:538} INFO - Filling up the DagBag from /home/airflow/.local/lib/python3.8/site-packages/airflow/example_dags/example_xcom.py
[2025-04-28T17:46:34.566+0000] {processor.py:840} INFO - DAG(s) 'example_xcom' retrieved from /home/airflow/.local/lib/python3.8/site-packages/airflow/example_dags/example_xcom.py
[2025-04-28T17:46:34.585+0000] {logging_mixin.py:188} INFO - [2025-04-28T17:46:34.585+0000] {dag.py:3036} INFO - Sync 1 DAGs
[2025-04-28T17:46:34.599+0000] {logging_mixin.py:188} INFO - [2025-04-28T17:46:34.599+0000] {dag.py:3823} INFO - Setting next_dagrun for example_xcom to 2021-01-01 00:00:00+00:00, run_after=2021-01-01 00:00:00+00:00
[2025-04-28T17:46:34.616+0000] {processor.py:183} INFO - Processing /home/airflow/.local/lib/python3.8/site-packages/airflow/example_dags/example_xcom.py took 0.058 seconds
