[2025-04-28T17:32:11.580+0000] {processor.py:161} INFO - Started process (PID=91) to work on /home/airflow/.local/lib/python3.8/site-packages/airflow/example_dags/example_local_kubernetes_executor.py
[2025-04-28T17:32:11.582+0000] {processor.py:830} INFO - Processing file /home/airflow/.local/lib/python3.8/site-packages/airflow/example_dags/example_local_kubernetes_executor.py for tasks to queue
[2025-04-28T17:32:11.587+0000] {logging_mixin.py:188} INFO - [2025-04-28T17:32:11.586+0000] {dagbag.py:538} INFO - Filling up the DagBag from /home/airflow/.local/lib/python3.8/site-packages/airflow/example_dags/example_local_kubernetes_executor.py
[2025-04-28T17:32:11.608+0000] {processor.py:840} INFO - DAG(s) 'example_local_kubernetes_executor' retrieved from /home/airflow/.local/lib/python3.8/site-packages/airflow/example_dags/example_local_kubernetes_executor.py
[2025-04-28T17:32:11.621+0000] {logging_mixin.py:188} INFO - [2025-04-28T17:32:11.621+0000] {dag.py:3036} INFO - Sync 1 DAGs
[2025-04-28T17:32:11.639+0000] {logging_mixin.py:188} INFO - [2025-04-28T17:32:11.638+0000] {dag.py:3823} INFO - Setting next_dagrun for example_local_kubernetes_executor to None, run_after=None
[2025-04-28T17:32:11.671+0000] {processor.py:183} INFO - Processing /home/airflow/.local/lib/python3.8/site-packages/airflow/example_dags/example_local_kubernetes_executor.py took 0.099 seconds
[2025-04-28T17:32:42.837+0000] {processor.py:161} INFO - Started process (PID=146) to work on /home/airflow/.local/lib/python3.8/site-packages/airflow/example_dags/example_local_kubernetes_executor.py
[2025-04-28T17:32:42.838+0000] {processor.py:830} INFO - Processing file /home/airflow/.local/lib/python3.8/site-packages/airflow/example_dags/example_local_kubernetes_executor.py for tasks to queue
[2025-04-28T17:32:42.841+0000] {logging_mixin.py:188} INFO - [2025-04-28T17:32:42.841+0000] {dagbag.py:538} INFO - Filling up the DagBag from /home/airflow/.local/lib/python3.8/site-packages/airflow/example_dags/example_local_kubernetes_executor.py
[2025-04-28T17:32:42.860+0000] {processor.py:840} INFO - DAG(s) 'example_local_kubernetes_executor' retrieved from /home/airflow/.local/lib/python3.8/site-packages/airflow/example_dags/example_local_kubernetes_executor.py
[2025-04-28T17:32:42.964+0000] {logging_mixin.py:188} INFO - [2025-04-28T17:32:42.964+0000] {dag.py:3036} INFO - Sync 1 DAGs
[2025-04-28T17:32:42.975+0000] {logging_mixin.py:188} INFO - [2025-04-28T17:32:42.975+0000] {dag.py:3823} INFO - Setting next_dagrun for example_local_kubernetes_executor to None, run_after=None
[2025-04-28T17:32:42.994+0000] {processor.py:183} INFO - Processing /home/airflow/.local/lib/python3.8/site-packages/airflow/example_dags/example_local_kubernetes_executor.py took 0.163 seconds
[2025-04-28T17:33:13.868+0000] {processor.py:161} INFO - Started process (PID=201) to work on /home/airflow/.local/lib/python3.8/site-packages/airflow/example_dags/example_local_kubernetes_executor.py
[2025-04-28T17:33:13.873+0000] {processor.py:830} INFO - Processing file /home/airflow/.local/lib/python3.8/site-packages/airflow/example_dags/example_local_kubernetes_executor.py for tasks to queue
[2025-04-28T17:33:13.876+0000] {logging_mixin.py:188} INFO - [2025-04-28T17:33:13.876+0000] {dagbag.py:538} INFO - Filling up the DagBag from /home/airflow/.local/lib/python3.8/site-packages/airflow/example_dags/example_local_kubernetes_executor.py
[2025-04-28T17:33:13.890+0000] {processor.py:840} INFO - DAG(s) 'example_local_kubernetes_executor' retrieved from /home/airflow/.local/lib/python3.8/site-packages/airflow/example_dags/example_local_kubernetes_executor.py
[2025-04-28T17:33:13.950+0000] {logging_mixin.py:188} INFO - [2025-04-28T17:33:13.950+0000] {dag.py:3036} INFO - Sync 1 DAGs
[2025-04-28T17:33:13.974+0000] {logging_mixin.py:188} INFO - [2025-04-28T17:33:13.974+0000] {dag.py:3823} INFO - Setting next_dagrun for example_local_kubernetes_executor to None, run_after=None
[2025-04-28T17:33:14.031+0000] {processor.py:183} INFO - Processing /home/airflow/.local/lib/python3.8/site-packages/airflow/example_dags/example_local_kubernetes_executor.py took 0.167 seconds
[2025-04-28T17:33:44.312+0000] {processor.py:161} INFO - Started process (PID=256) to work on /home/airflow/.local/lib/python3.8/site-packages/airflow/example_dags/example_local_kubernetes_executor.py
[2025-04-28T17:33:44.314+0000] {processor.py:830} INFO - Processing file /home/airflow/.local/lib/python3.8/site-packages/airflow/example_dags/example_local_kubernetes_executor.py for tasks to queue
[2025-04-28T17:33:44.316+0000] {logging_mixin.py:188} INFO - [2025-04-28T17:33:44.315+0000] {dagbag.py:538} INFO - Filling up the DagBag from /home/airflow/.local/lib/python3.8/site-packages/airflow/example_dags/example_local_kubernetes_executor.py
[2025-04-28T17:33:44.323+0000] {processor.py:840} INFO - DAG(s) 'example_local_kubernetes_executor' retrieved from /home/airflow/.local/lib/python3.8/site-packages/airflow/example_dags/example_local_kubernetes_executor.py
[2025-04-28T17:33:44.359+0000] {logging_mixin.py:188} INFO - [2025-04-28T17:33:44.359+0000] {dag.py:3036} INFO - Sync 1 DAGs
[2025-04-28T17:33:44.370+0000] {logging_mixin.py:188} INFO - [2025-04-28T17:33:44.370+0000] {dag.py:3823} INFO - Setting next_dagrun for example_local_kubernetes_executor to None, run_after=None
[2025-04-28T17:33:44.391+0000] {processor.py:183} INFO - Processing /home/airflow/.local/lib/python3.8/site-packages/airflow/example_dags/example_local_kubernetes_executor.py took 0.082 seconds
[2025-04-28T17:34:15.524+0000] {processor.py:161} INFO - Started process (PID=311) to work on /home/airflow/.local/lib/python3.8/site-packages/airflow/example_dags/example_local_kubernetes_executor.py
[2025-04-28T17:34:15.526+0000] {processor.py:830} INFO - Processing file /home/airflow/.local/lib/python3.8/site-packages/airflow/example_dags/example_local_kubernetes_executor.py for tasks to queue
[2025-04-28T17:34:15.531+0000] {logging_mixin.py:188} INFO - [2025-04-28T17:34:15.530+0000] {dagbag.py:538} INFO - Filling up the DagBag from /home/airflow/.local/lib/python3.8/site-packages/airflow/example_dags/example_local_kubernetes_executor.py
[2025-04-28T17:34:15.545+0000] {processor.py:840} INFO - DAG(s) 'example_local_kubernetes_executor' retrieved from /home/airflow/.local/lib/python3.8/site-packages/airflow/example_dags/example_local_kubernetes_executor.py
[2025-04-28T17:34:15.614+0000] {logging_mixin.py:188} INFO - [2025-04-28T17:34:15.614+0000] {dag.py:3036} INFO - Sync 1 DAGs
[2025-04-28T17:34:15.631+0000] {logging_mixin.py:188} INFO - [2025-04-28T17:34:15.631+0000] {dag.py:3823} INFO - Setting next_dagrun for example_local_kubernetes_executor to None, run_after=None
[2025-04-28T17:34:15.666+0000] {processor.py:183} INFO - Processing /home/airflow/.local/lib/python3.8/site-packages/airflow/example_dags/example_local_kubernetes_executor.py took 0.155 seconds
[2025-04-28T17:34:45.818+0000] {processor.py:161} INFO - Started process (PID=366) to work on /home/airflow/.local/lib/python3.8/site-packages/airflow/example_dags/example_local_kubernetes_executor.py
[2025-04-28T17:34:45.821+0000] {processor.py:830} INFO - Processing file /home/airflow/.local/lib/python3.8/site-packages/airflow/example_dags/example_local_kubernetes_executor.py for tasks to queue
[2025-04-28T17:34:45.822+0000] {logging_mixin.py:188} INFO - [2025-04-28T17:34:45.822+0000] {dagbag.py:538} INFO - Filling up the DagBag from /home/airflow/.local/lib/python3.8/site-packages/airflow/example_dags/example_local_kubernetes_executor.py
[2025-04-28T17:34:45.828+0000] {processor.py:840} INFO - DAG(s) 'example_local_kubernetes_executor' retrieved from /home/airflow/.local/lib/python3.8/site-packages/airflow/example_dags/example_local_kubernetes_executor.py
[2025-04-28T17:34:45.855+0000] {logging_mixin.py:188} INFO - [2025-04-28T17:34:45.855+0000] {dag.py:3036} INFO - Sync 1 DAGs
[2025-04-28T17:34:45.864+0000] {logging_mixin.py:188} INFO - [2025-04-28T17:34:45.864+0000] {dag.py:3823} INFO - Setting next_dagrun for example_local_kubernetes_executor to None, run_after=None
[2025-04-28T17:34:45.876+0000] {processor.py:183} INFO - Processing /home/airflow/.local/lib/python3.8/site-packages/airflow/example_dags/example_local_kubernetes_executor.py took 0.061 seconds
[2025-04-28T17:35:15.962+0000] {processor.py:161} INFO - Started process (PID=421) to work on /home/airflow/.local/lib/python3.8/site-packages/airflow/example_dags/example_local_kubernetes_executor.py
[2025-04-28T17:35:15.964+0000] {processor.py:830} INFO - Processing file /home/airflow/.local/lib/python3.8/site-packages/airflow/example_dags/example_local_kubernetes_executor.py for tasks to queue
[2025-04-28T17:35:15.965+0000] {logging_mixin.py:188} INFO - [2025-04-28T17:35:15.965+0000] {dagbag.py:538} INFO - Filling up the DagBag from /home/airflow/.local/lib/python3.8/site-packages/airflow/example_dags/example_local_kubernetes_executor.py
[2025-04-28T17:35:15.972+0000] {processor.py:840} INFO - DAG(s) 'example_local_kubernetes_executor' retrieved from /home/airflow/.local/lib/python3.8/site-packages/airflow/example_dags/example_local_kubernetes_executor.py
[2025-04-28T17:35:15.995+0000] {logging_mixin.py:188} INFO - [2025-04-28T17:35:15.995+0000] {dag.py:3036} INFO - Sync 1 DAGs
[2025-04-28T17:35:16.003+0000] {logging_mixin.py:188} INFO - [2025-04-28T17:35:16.003+0000] {dag.py:3823} INFO - Setting next_dagrun for example_local_kubernetes_executor to None, run_after=None
[2025-04-28T17:35:16.019+0000] {processor.py:183} INFO - Processing /home/airflow/.local/lib/python3.8/site-packages/airflow/example_dags/example_local_kubernetes_executor.py took 0.059 seconds
[2025-04-28T17:35:46.337+0000] {processor.py:161} INFO - Started process (PID=476) to work on /home/airflow/.local/lib/python3.8/site-packages/airflow/example_dags/example_local_kubernetes_executor.py
[2025-04-28T17:35:46.338+0000] {processor.py:830} INFO - Processing file /home/airflow/.local/lib/python3.8/site-packages/airflow/example_dags/example_local_kubernetes_executor.py for tasks to queue
[2025-04-28T17:35:46.340+0000] {logging_mixin.py:188} INFO - [2025-04-28T17:35:46.340+0000] {dagbag.py:538} INFO - Filling up the DagBag from /home/airflow/.local/lib/python3.8/site-packages/airflow/example_dags/example_local_kubernetes_executor.py
[2025-04-28T17:35:46.347+0000] {processor.py:840} INFO - DAG(s) 'example_local_kubernetes_executor' retrieved from /home/airflow/.local/lib/python3.8/site-packages/airflow/example_dags/example_local_kubernetes_executor.py
[2025-04-28T17:35:46.379+0000] {logging_mixin.py:188} INFO - [2025-04-28T17:35:46.379+0000] {dag.py:3036} INFO - Sync 1 DAGs
[2025-04-28T17:35:46.389+0000] {logging_mixin.py:188} INFO - [2025-04-28T17:35:46.389+0000] {dag.py:3823} INFO - Setting next_dagrun for example_local_kubernetes_executor to None, run_after=None
[2025-04-28T17:35:46.407+0000] {processor.py:183} INFO - Processing /home/airflow/.local/lib/python3.8/site-packages/airflow/example_dags/example_local_kubernetes_executor.py took 0.075 seconds
[2025-04-28T17:36:17.972+0000] {processor.py:161} INFO - Started process (PID=531) to work on /home/airflow/.local/lib/python3.8/site-packages/airflow/example_dags/example_local_kubernetes_executor.py
[2025-04-28T17:36:17.974+0000] {processor.py:830} INFO - Processing file /home/airflow/.local/lib/python3.8/site-packages/airflow/example_dags/example_local_kubernetes_executor.py for tasks to queue
[2025-04-28T17:36:17.976+0000] {logging_mixin.py:188} INFO - [2025-04-28T17:36:17.975+0000] {dagbag.py:538} INFO - Filling up the DagBag from /home/airflow/.local/lib/python3.8/site-packages/airflow/example_dags/example_local_kubernetes_executor.py
[2025-04-28T17:36:17.993+0000] {processor.py:840} INFO - DAG(s) 'example_local_kubernetes_executor' retrieved from /home/airflow/.local/lib/python3.8/site-packages/airflow/example_dags/example_local_kubernetes_executor.py
[2025-04-28T17:36:18.131+0000] {logging_mixin.py:188} INFO - [2025-04-28T17:36:18.131+0000] {dag.py:3036} INFO - Sync 1 DAGs
[2025-04-28T17:36:18.158+0000] {logging_mixin.py:188} INFO - [2025-04-28T17:36:18.157+0000] {dag.py:3823} INFO - Setting next_dagrun for example_local_kubernetes_executor to None, run_after=None
[2025-04-28T17:36:18.189+0000] {processor.py:183} INFO - Processing /home/airflow/.local/lib/python3.8/site-packages/airflow/example_dags/example_local_kubernetes_executor.py took 0.220 seconds
[2025-04-28T17:36:48.812+0000] {processor.py:161} INFO - Started process (PID=586) to work on /home/airflow/.local/lib/python3.8/site-packages/airflow/example_dags/example_local_kubernetes_executor.py
[2025-04-28T17:36:48.813+0000] {processor.py:830} INFO - Processing file /home/airflow/.local/lib/python3.8/site-packages/airflow/example_dags/example_local_kubernetes_executor.py for tasks to queue
[2025-04-28T17:36:48.814+0000] {logging_mixin.py:188} INFO - [2025-04-28T17:36:48.814+0000] {dagbag.py:538} INFO - Filling up the DagBag from /home/airflow/.local/lib/python3.8/site-packages/airflow/example_dags/example_local_kubernetes_executor.py
[2025-04-28T17:36:48.820+0000] {processor.py:840} INFO - DAG(s) 'example_local_kubernetes_executor' retrieved from /home/airflow/.local/lib/python3.8/site-packages/airflow/example_dags/example_local_kubernetes_executor.py
[2025-04-28T17:36:48.846+0000] {logging_mixin.py:188} INFO - [2025-04-28T17:36:48.846+0000] {dag.py:3036} INFO - Sync 1 DAGs
[2025-04-28T17:36:48.853+0000] {logging_mixin.py:188} INFO - [2025-04-28T17:36:48.852+0000] {dag.py:3823} INFO - Setting next_dagrun for example_local_kubernetes_executor to None, run_after=None
[2025-04-28T17:36:48.861+0000] {processor.py:183} INFO - Processing /home/airflow/.local/lib/python3.8/site-packages/airflow/example_dags/example_local_kubernetes_executor.py took 0.051 seconds
[2025-04-28T17:37:19.551+0000] {processor.py:161} INFO - Started process (PID=647) to work on /home/airflow/.local/lib/python3.8/site-packages/airflow/example_dags/example_local_kubernetes_executor.py
[2025-04-28T17:37:19.553+0000] {processor.py:830} INFO - Processing file /home/airflow/.local/lib/python3.8/site-packages/airflow/example_dags/example_local_kubernetes_executor.py for tasks to queue
[2025-04-28T17:37:19.555+0000] {logging_mixin.py:188} INFO - [2025-04-28T17:37:19.555+0000] {dagbag.py:538} INFO - Filling up the DagBag from /home/airflow/.local/lib/python3.8/site-packages/airflow/example_dags/example_local_kubernetes_executor.py
[2025-04-28T17:37:19.566+0000] {processor.py:840} INFO - DAG(s) 'example_local_kubernetes_executor' retrieved from /home/airflow/.local/lib/python3.8/site-packages/airflow/example_dags/example_local_kubernetes_executor.py
[2025-04-28T17:37:19.615+0000] {logging_mixin.py:188} INFO - [2025-04-28T17:37:19.615+0000] {dag.py:3036} INFO - Sync 1 DAGs
[2025-04-28T17:37:19.623+0000] {logging_mixin.py:188} INFO - [2025-04-28T17:37:19.623+0000] {dag.py:3823} INFO - Setting next_dagrun for example_local_kubernetes_executor to None, run_after=None
[2025-04-28T17:37:19.638+0000] {processor.py:183} INFO - Processing /home/airflow/.local/lib/python3.8/site-packages/airflow/example_dags/example_local_kubernetes_executor.py took 0.089 seconds
[2025-04-28T17:37:50.020+0000] {processor.py:161} INFO - Started process (PID=708) to work on /home/airflow/.local/lib/python3.8/site-packages/airflow/example_dags/example_local_kubernetes_executor.py
[2025-04-28T17:37:50.023+0000] {processor.py:830} INFO - Processing file /home/airflow/.local/lib/python3.8/site-packages/airflow/example_dags/example_local_kubernetes_executor.py for tasks to queue
[2025-04-28T17:37:50.024+0000] {logging_mixin.py:188} INFO - [2025-04-28T17:37:50.024+0000] {dagbag.py:538} INFO - Filling up the DagBag from /home/airflow/.local/lib/python3.8/site-packages/airflow/example_dags/example_local_kubernetes_executor.py
[2025-04-28T17:37:50.041+0000] {processor.py:840} INFO - DAG(s) 'example_local_kubernetes_executor' retrieved from /home/airflow/.local/lib/python3.8/site-packages/airflow/example_dags/example_local_kubernetes_executor.py
[2025-04-28T17:37:50.097+0000] {logging_mixin.py:188} INFO - [2025-04-28T17:37:50.097+0000] {dag.py:3036} INFO - Sync 1 DAGs
[2025-04-28T17:37:50.114+0000] {logging_mixin.py:188} INFO - [2025-04-28T17:37:50.113+0000] {dag.py:3823} INFO - Setting next_dagrun for example_local_kubernetes_executor to None, run_after=None
[2025-04-28T17:37:50.137+0000] {processor.py:183} INFO - Processing /home/airflow/.local/lib/python3.8/site-packages/airflow/example_dags/example_local_kubernetes_executor.py took 0.121 seconds
[2025-04-28T17:38:21.185+0000] {processor.py:161} INFO - Started process (PID=771) to work on /home/airflow/.local/lib/python3.8/site-packages/airflow/example_dags/example_local_kubernetes_executor.py
[2025-04-28T17:38:21.186+0000] {processor.py:830} INFO - Processing file /home/airflow/.local/lib/python3.8/site-packages/airflow/example_dags/example_local_kubernetes_executor.py for tasks to queue
[2025-04-28T17:38:21.188+0000] {logging_mixin.py:188} INFO - [2025-04-28T17:38:21.187+0000] {dagbag.py:538} INFO - Filling up the DagBag from /home/airflow/.local/lib/python3.8/site-packages/airflow/example_dags/example_local_kubernetes_executor.py
[2025-04-28T17:38:21.193+0000] {processor.py:840} INFO - DAG(s) 'example_local_kubernetes_executor' retrieved from /home/airflow/.local/lib/python3.8/site-packages/airflow/example_dags/example_local_kubernetes_executor.py
[2025-04-28T17:38:21.226+0000] {logging_mixin.py:188} INFO - [2025-04-28T17:38:21.226+0000] {dag.py:3036} INFO - Sync 1 DAGs
[2025-04-28T17:38:21.233+0000] {logging_mixin.py:188} INFO - [2025-04-28T17:38:21.233+0000] {dag.py:3823} INFO - Setting next_dagrun for example_local_kubernetes_executor to None, run_after=None
[2025-04-28T17:38:21.244+0000] {processor.py:183} INFO - Processing /home/airflow/.local/lib/python3.8/site-packages/airflow/example_dags/example_local_kubernetes_executor.py took 0.065 seconds
[2025-04-28T17:38:51.512+0000] {processor.py:161} INFO - Started process (PID=832) to work on /home/airflow/.local/lib/python3.8/site-packages/airflow/example_dags/example_local_kubernetes_executor.py
[2025-04-28T17:38:51.513+0000] {processor.py:830} INFO - Processing file /home/airflow/.local/lib/python3.8/site-packages/airflow/example_dags/example_local_kubernetes_executor.py for tasks to queue
[2025-04-28T17:38:51.514+0000] {logging_mixin.py:188} INFO - [2025-04-28T17:38:51.514+0000] {dagbag.py:538} INFO - Filling up the DagBag from /home/airflow/.local/lib/python3.8/site-packages/airflow/example_dags/example_local_kubernetes_executor.py
[2025-04-28T17:38:51.528+0000] {processor.py:840} INFO - DAG(s) 'example_local_kubernetes_executor' retrieved from /home/airflow/.local/lib/python3.8/site-packages/airflow/example_dags/example_local_kubernetes_executor.py
[2025-04-28T17:38:51.554+0000] {logging_mixin.py:188} INFO - [2025-04-28T17:38:51.553+0000] {dag.py:3036} INFO - Sync 1 DAGs
[2025-04-28T17:38:51.560+0000] {logging_mixin.py:188} INFO - [2025-04-28T17:38:51.560+0000] {dag.py:3823} INFO - Setting next_dagrun for example_local_kubernetes_executor to None, run_after=None
[2025-04-28T17:38:51.570+0000] {processor.py:183} INFO - Processing /home/airflow/.local/lib/python3.8/site-packages/airflow/example_dags/example_local_kubernetes_executor.py took 0.060 seconds
[2025-04-28T17:39:22.458+0000] {processor.py:161} INFO - Started process (PID=888) to work on /home/airflow/.local/lib/python3.8/site-packages/airflow/example_dags/example_local_kubernetes_executor.py
[2025-04-28T17:39:22.459+0000] {processor.py:830} INFO - Processing file /home/airflow/.local/lib/python3.8/site-packages/airflow/example_dags/example_local_kubernetes_executor.py for tasks to queue
[2025-04-28T17:39:22.459+0000] {logging_mixin.py:188} INFO - [2025-04-28T17:39:22.459+0000] {dagbag.py:538} INFO - Filling up the DagBag from /home/airflow/.local/lib/python3.8/site-packages/airflow/example_dags/example_local_kubernetes_executor.py
[2025-04-28T17:39:22.466+0000] {processor.py:840} INFO - DAG(s) 'example_local_kubernetes_executor' retrieved from /home/airflow/.local/lib/python3.8/site-packages/airflow/example_dags/example_local_kubernetes_executor.py
[2025-04-28T17:39:22.495+0000] {logging_mixin.py:188} INFO - [2025-04-28T17:39:22.495+0000] {dag.py:3036} INFO - Sync 1 DAGs
[2025-04-28T17:39:22.508+0000] {logging_mixin.py:188} INFO - [2025-04-28T17:39:22.508+0000] {dag.py:3823} INFO - Setting next_dagrun for example_local_kubernetes_executor to None, run_after=None
[2025-04-28T17:39:22.524+0000] {processor.py:183} INFO - Processing /home/airflow/.local/lib/python3.8/site-packages/airflow/example_dags/example_local_kubernetes_executor.py took 0.068 seconds
[2025-04-28T17:39:53.105+0000] {processor.py:161} INFO - Started process (PID=947) to work on /home/airflow/.local/lib/python3.8/site-packages/airflow/example_dags/example_local_kubernetes_executor.py
[2025-04-28T17:39:53.107+0000] {processor.py:830} INFO - Processing file /home/airflow/.local/lib/python3.8/site-packages/airflow/example_dags/example_local_kubernetes_executor.py for tasks to queue
[2025-04-28T17:39:53.108+0000] {logging_mixin.py:188} INFO - [2025-04-28T17:39:53.108+0000] {dagbag.py:538} INFO - Filling up the DagBag from /home/airflow/.local/lib/python3.8/site-packages/airflow/example_dags/example_local_kubernetes_executor.py
[2025-04-28T17:39:53.115+0000] {processor.py:840} INFO - DAG(s) 'example_local_kubernetes_executor' retrieved from /home/airflow/.local/lib/python3.8/site-packages/airflow/example_dags/example_local_kubernetes_executor.py
[2025-04-28T17:39:53.175+0000] {logging_mixin.py:188} INFO - [2025-04-28T17:39:53.175+0000] {dag.py:3036} INFO - Sync 1 DAGs
[2025-04-28T17:39:53.186+0000] {logging_mixin.py:188} INFO - [2025-04-28T17:39:53.186+0000] {dag.py:3823} INFO - Setting next_dagrun for example_local_kubernetes_executor to None, run_after=None
[2025-04-28T17:39:53.202+0000] {processor.py:183} INFO - Processing /home/airflow/.local/lib/python3.8/site-packages/airflow/example_dags/example_local_kubernetes_executor.py took 0.100 seconds
[2025-04-28T17:40:24.139+0000] {processor.py:161} INFO - Started process (PID=1007) to work on /home/airflow/.local/lib/python3.8/site-packages/airflow/example_dags/example_local_kubernetes_executor.py
[2025-04-28T17:40:24.140+0000] {processor.py:830} INFO - Processing file /home/airflow/.local/lib/python3.8/site-packages/airflow/example_dags/example_local_kubernetes_executor.py for tasks to queue
[2025-04-28T17:40:24.142+0000] {logging_mixin.py:188} INFO - [2025-04-28T17:40:24.141+0000] {dagbag.py:538} INFO - Filling up the DagBag from /home/airflow/.local/lib/python3.8/site-packages/airflow/example_dags/example_local_kubernetes_executor.py
[2025-04-28T17:40:24.149+0000] {processor.py:840} INFO - DAG(s) 'example_local_kubernetes_executor' retrieved from /home/airflow/.local/lib/python3.8/site-packages/airflow/example_dags/example_local_kubernetes_executor.py
[2025-04-28T17:40:24.189+0000] {logging_mixin.py:188} INFO - [2025-04-28T17:40:24.189+0000] {dag.py:3036} INFO - Sync 1 DAGs
[2025-04-28T17:40:24.197+0000] {logging_mixin.py:188} INFO - [2025-04-28T17:40:24.197+0000] {dag.py:3823} INFO - Setting next_dagrun for example_local_kubernetes_executor to None, run_after=None
[2025-04-28T17:40:24.219+0000] {processor.py:183} INFO - Processing /home/airflow/.local/lib/python3.8/site-packages/airflow/example_dags/example_local_kubernetes_executor.py took 0.083 seconds
[2025-04-28T17:40:55.108+0000] {processor.py:161} INFO - Started process (PID=1065) to work on /home/airflow/.local/lib/python3.8/site-packages/airflow/example_dags/example_local_kubernetes_executor.py
[2025-04-28T17:40:55.109+0000] {processor.py:830} INFO - Processing file /home/airflow/.local/lib/python3.8/site-packages/airflow/example_dags/example_local_kubernetes_executor.py for tasks to queue
[2025-04-28T17:40:55.128+0000] {logging_mixin.py:188} INFO - [2025-04-28T17:40:55.128+0000] {dagbag.py:538} INFO - Filling up the DagBag from /home/airflow/.local/lib/python3.8/site-packages/airflow/example_dags/example_local_kubernetes_executor.py
[2025-04-28T17:40:55.136+0000] {processor.py:840} INFO - DAG(s) 'example_local_kubernetes_executor' retrieved from /home/airflow/.local/lib/python3.8/site-packages/airflow/example_dags/example_local_kubernetes_executor.py
[2025-04-28T17:40:55.175+0000] {logging_mixin.py:188} INFO - [2025-04-28T17:40:55.174+0000] {dag.py:3036} INFO - Sync 1 DAGs
[2025-04-28T17:40:55.197+0000] {logging_mixin.py:188} INFO - [2025-04-28T17:40:55.197+0000] {dag.py:3823} INFO - Setting next_dagrun for example_local_kubernetes_executor to None, run_after=None
[2025-04-28T17:40:55.209+0000] {processor.py:183} INFO - Processing /home/airflow/.local/lib/python3.8/site-packages/airflow/example_dags/example_local_kubernetes_executor.py took 0.107 seconds
[2025-04-28T17:41:25.655+0000] {processor.py:161} INFO - Started process (PID=1121) to work on /home/airflow/.local/lib/python3.8/site-packages/airflow/example_dags/example_local_kubernetes_executor.py
[2025-04-28T17:41:25.657+0000] {processor.py:830} INFO - Processing file /home/airflow/.local/lib/python3.8/site-packages/airflow/example_dags/example_local_kubernetes_executor.py for tasks to queue
[2025-04-28T17:41:25.659+0000] {logging_mixin.py:188} INFO - [2025-04-28T17:41:25.659+0000] {dagbag.py:538} INFO - Filling up the DagBag from /home/airflow/.local/lib/python3.8/site-packages/airflow/example_dags/example_local_kubernetes_executor.py
[2025-04-28T17:41:25.669+0000] {processor.py:840} INFO - DAG(s) 'example_local_kubernetes_executor' retrieved from /home/airflow/.local/lib/python3.8/site-packages/airflow/example_dags/example_local_kubernetes_executor.py
[2025-04-28T17:41:25.719+0000] {logging_mixin.py:188} INFO - [2025-04-28T17:41:25.718+0000] {dag.py:3036} INFO - Sync 1 DAGs
[2025-04-28T17:41:25.739+0000] {logging_mixin.py:188} INFO - [2025-04-28T17:41:25.738+0000] {dag.py:3823} INFO - Setting next_dagrun for example_local_kubernetes_executor to None, run_after=None
[2025-04-28T17:41:25.773+0000] {processor.py:183} INFO - Processing /home/airflow/.local/lib/python3.8/site-packages/airflow/example_dags/example_local_kubernetes_executor.py took 0.127 seconds
[2025-04-28T17:43:02.516+0000] {processor.py:161} INFO - Started process (PID=106) to work on /home/airflow/.local/lib/python3.8/site-packages/airflow/example_dags/example_local_kubernetes_executor.py
[2025-04-28T17:43:02.517+0000] {processor.py:830} INFO - Processing file /home/airflow/.local/lib/python3.8/site-packages/airflow/example_dags/example_local_kubernetes_executor.py for tasks to queue
[2025-04-28T17:43:02.535+0000] {logging_mixin.py:188} INFO - [2025-04-28T17:43:02.534+0000] {dagbag.py:538} INFO - Filling up the DagBag from /home/airflow/.local/lib/python3.8/site-packages/airflow/example_dags/example_local_kubernetes_executor.py
[2025-04-28T17:43:02.562+0000] {processor.py:840} INFO - DAG(s) 'example_local_kubernetes_executor' retrieved from /home/airflow/.local/lib/python3.8/site-packages/airflow/example_dags/example_local_kubernetes_executor.py
[2025-04-28T17:43:03.025+0000] {logging_mixin.py:188} INFO - [2025-04-28T17:43:03.025+0000] {dag.py:3036} INFO - Sync 1 DAGs
[2025-04-28T17:43:03.063+0000] {logging_mixin.py:188} INFO - [2025-04-28T17:43:03.063+0000] {dag.py:3823} INFO - Setting next_dagrun for example_local_kubernetes_executor to None, run_after=None
[2025-04-28T17:43:03.135+0000] {processor.py:183} INFO - Processing /home/airflow/.local/lib/python3.8/site-packages/airflow/example_dags/example_local_kubernetes_executor.py took 0.620 seconds
[2025-04-28T17:43:33.522+0000] {processor.py:161} INFO - Started process (PID=162) to work on /home/airflow/.local/lib/python3.8/site-packages/airflow/example_dags/example_local_kubernetes_executor.py
[2025-04-28T17:43:33.523+0000] {processor.py:830} INFO - Processing file /home/airflow/.local/lib/python3.8/site-packages/airflow/example_dags/example_local_kubernetes_executor.py for tasks to queue
[2025-04-28T17:43:33.524+0000] {logging_mixin.py:188} INFO - [2025-04-28T17:43:33.524+0000] {dagbag.py:538} INFO - Filling up the DagBag from /home/airflow/.local/lib/python3.8/site-packages/airflow/example_dags/example_local_kubernetes_executor.py
[2025-04-28T17:43:33.536+0000] {processor.py:840} INFO - DAG(s) 'example_local_kubernetes_executor' retrieved from /home/airflow/.local/lib/python3.8/site-packages/airflow/example_dags/example_local_kubernetes_executor.py
[2025-04-28T17:43:33.559+0000] {logging_mixin.py:188} INFO - [2025-04-28T17:43:33.558+0000] {dag.py:3036} INFO - Sync 1 DAGs
[2025-04-28T17:43:33.564+0000] {logging_mixin.py:188} INFO - [2025-04-28T17:43:33.564+0000] {dag.py:3823} INFO - Setting next_dagrun for example_local_kubernetes_executor to None, run_after=None
[2025-04-28T17:43:33.573+0000] {processor.py:183} INFO - Processing /home/airflow/.local/lib/python3.8/site-packages/airflow/example_dags/example_local_kubernetes_executor.py took 0.053 seconds
[2025-04-28T17:44:03.771+0000] {processor.py:161} INFO - Started process (PID=218) to work on /home/airflow/.local/lib/python3.8/site-packages/airflow/example_dags/example_local_kubernetes_executor.py
[2025-04-28T17:44:03.773+0000] {processor.py:830} INFO - Processing file /home/airflow/.local/lib/python3.8/site-packages/airflow/example_dags/example_local_kubernetes_executor.py for tasks to queue
[2025-04-28T17:44:03.775+0000] {logging_mixin.py:188} INFO - [2025-04-28T17:44:03.775+0000] {dagbag.py:538} INFO - Filling up the DagBag from /home/airflow/.local/lib/python3.8/site-packages/airflow/example_dags/example_local_kubernetes_executor.py
[2025-04-28T17:44:03.783+0000] {processor.py:840} INFO - DAG(s) 'example_local_kubernetes_executor' retrieved from /home/airflow/.local/lib/python3.8/site-packages/airflow/example_dags/example_local_kubernetes_executor.py
[2025-04-28T17:44:03.860+0000] {logging_mixin.py:188} INFO - [2025-04-28T17:44:03.859+0000] {dag.py:3036} INFO - Sync 1 DAGs
[2025-04-28T17:44:03.881+0000] {logging_mixin.py:188} INFO - [2025-04-28T17:44:03.881+0000] {dag.py:3823} INFO - Setting next_dagrun for example_local_kubernetes_executor to None, run_after=None
[2025-04-28T17:44:03.909+0000] {processor.py:183} INFO - Processing /home/airflow/.local/lib/python3.8/site-packages/airflow/example_dags/example_local_kubernetes_executor.py took 0.149 seconds
[2025-04-28T17:44:34.324+0000] {processor.py:161} INFO - Started process (PID=274) to work on /home/airflow/.local/lib/python3.8/site-packages/airflow/example_dags/example_local_kubernetes_executor.py
[2025-04-28T17:44:34.327+0000] {processor.py:830} INFO - Processing file /home/airflow/.local/lib/python3.8/site-packages/airflow/example_dags/example_local_kubernetes_executor.py for tasks to queue
[2025-04-28T17:44:34.328+0000] {logging_mixin.py:188} INFO - [2025-04-28T17:44:34.328+0000] {dagbag.py:538} INFO - Filling up the DagBag from /home/airflow/.local/lib/python3.8/site-packages/airflow/example_dags/example_local_kubernetes_executor.py
[2025-04-28T17:44:34.343+0000] {processor.py:840} INFO - DAG(s) 'example_local_kubernetes_executor' retrieved from /home/airflow/.local/lib/python3.8/site-packages/airflow/example_dags/example_local_kubernetes_executor.py
[2025-04-28T17:44:34.372+0000] {logging_mixin.py:188} INFO - [2025-04-28T17:44:34.372+0000] {dag.py:3036} INFO - Sync 1 DAGs
[2025-04-28T17:44:34.379+0000] {logging_mixin.py:188} INFO - [2025-04-28T17:44:34.379+0000] {dag.py:3823} INFO - Setting next_dagrun for example_local_kubernetes_executor to None, run_after=None
[2025-04-28T17:44:34.393+0000] {processor.py:183} INFO - Processing /home/airflow/.local/lib/python3.8/site-packages/airflow/example_dags/example_local_kubernetes_executor.py took 0.072 seconds
[2025-04-28T17:45:05.467+0000] {processor.py:161} INFO - Started process (PID=330) to work on /home/airflow/.local/lib/python3.8/site-packages/airflow/example_dags/example_local_kubernetes_executor.py
[2025-04-28T17:45:05.469+0000] {processor.py:830} INFO - Processing file /home/airflow/.local/lib/python3.8/site-packages/airflow/example_dags/example_local_kubernetes_executor.py for tasks to queue
[2025-04-28T17:45:05.471+0000] {logging_mixin.py:188} INFO - [2025-04-28T17:45:05.471+0000] {dagbag.py:538} INFO - Filling up the DagBag from /home/airflow/.local/lib/python3.8/site-packages/airflow/example_dags/example_local_kubernetes_executor.py
[2025-04-28T17:45:05.482+0000] {processor.py:840} INFO - DAG(s) 'example_local_kubernetes_executor' retrieved from /home/airflow/.local/lib/python3.8/site-packages/airflow/example_dags/example_local_kubernetes_executor.py
[2025-04-28T17:45:05.534+0000] {logging_mixin.py:188} INFO - [2025-04-28T17:45:05.534+0000] {dag.py:3036} INFO - Sync 1 DAGs
[2025-04-28T17:45:05.557+0000] {logging_mixin.py:188} INFO - [2025-04-28T17:45:05.557+0000] {dag.py:3823} INFO - Setting next_dagrun for example_local_kubernetes_executor to None, run_after=None
[2025-04-28T17:45:05.580+0000] {processor.py:183} INFO - Processing /home/airflow/.local/lib/python3.8/site-packages/airflow/example_dags/example_local_kubernetes_executor.py took 0.118 seconds
[2025-04-28T17:45:36.431+0000] {processor.py:161} INFO - Started process (PID=386) to work on /home/airflow/.local/lib/python3.8/site-packages/airflow/example_dags/example_local_kubernetes_executor.py
[2025-04-28T17:45:36.432+0000] {processor.py:830} INFO - Processing file /home/airflow/.local/lib/python3.8/site-packages/airflow/example_dags/example_local_kubernetes_executor.py for tasks to queue
[2025-04-28T17:45:36.433+0000] {logging_mixin.py:188} INFO - [2025-04-28T17:45:36.433+0000] {dagbag.py:538} INFO - Filling up the DagBag from /home/airflow/.local/lib/python3.8/site-packages/airflow/example_dags/example_local_kubernetes_executor.py
[2025-04-28T17:45:36.443+0000] {processor.py:840} INFO - DAG(s) 'example_local_kubernetes_executor' retrieved from /home/airflow/.local/lib/python3.8/site-packages/airflow/example_dags/example_local_kubernetes_executor.py
[2025-04-28T17:45:36.489+0000] {logging_mixin.py:188} INFO - [2025-04-28T17:45:36.489+0000] {dag.py:3036} INFO - Sync 1 DAGs
[2025-04-28T17:45:36.501+0000] {logging_mixin.py:188} INFO - [2025-04-28T17:45:36.501+0000] {dag.py:3823} INFO - Setting next_dagrun for example_local_kubernetes_executor to None, run_after=None
[2025-04-28T17:45:36.523+0000] {processor.py:183} INFO - Processing /home/airflow/.local/lib/python3.8/site-packages/airflow/example_dags/example_local_kubernetes_executor.py took 0.096 seconds
[2025-04-28T17:46:06.945+0000] {processor.py:161} INFO - Started process (PID=442) to work on /home/airflow/.local/lib/python3.8/site-packages/airflow/example_dags/example_local_kubernetes_executor.py
[2025-04-28T17:46:06.947+0000] {processor.py:830} INFO - Processing file /home/airflow/.local/lib/python3.8/site-packages/airflow/example_dags/example_local_kubernetes_executor.py for tasks to queue
[2025-04-28T17:46:06.950+0000] {logging_mixin.py:188} INFO - [2025-04-28T17:46:06.949+0000] {dagbag.py:538} INFO - Filling up the DagBag from /home/airflow/.local/lib/python3.8/site-packages/airflow/example_dags/example_local_kubernetes_executor.py
[2025-04-28T17:46:06.967+0000] {processor.py:840} INFO - DAG(s) 'example_local_kubernetes_executor' retrieved from /home/airflow/.local/lib/python3.8/site-packages/airflow/example_dags/example_local_kubernetes_executor.py
[2025-04-28T17:46:07.100+0000] {logging_mixin.py:188} INFO - [2025-04-28T17:46:07.100+0000] {dag.py:3036} INFO - Sync 1 DAGs
[2025-04-28T17:46:07.124+0000] {logging_mixin.py:188} INFO - [2025-04-28T17:46:07.124+0000] {dag.py:3823} INFO - Setting next_dagrun for example_local_kubernetes_executor to None, run_after=None
[2025-04-28T17:46:07.177+0000] {processor.py:183} INFO - Processing /home/airflow/.local/lib/python3.8/site-packages/airflow/example_dags/example_local_kubernetes_executor.py took 0.237 seconds
