[2025-04-28T17:32:11.805+0000] {processor.py:161} INFO - Started process (PID=94) to work on /home/airflow/.local/lib/python3.8/site-packages/airflow/example_dags/example_sensors.py
[2025-04-28T17:32:11.806+0000] {processor.py:830} INFO - Processing file /home/airflow/.local/lib/python3.8/site-packages/airflow/example_dags/example_sensors.py for tasks to queue
[2025-04-28T17:32:11.808+0000] {logging_mixin.py:188} INFO - [2025-04-28T17:32:11.808+0000] {dagbag.py:538} INFO - Filling up the DagBag from /home/airflow/.local/lib/python3.8/site-packages/airflow/example_dags/example_sensors.py
[2025-04-28T17:32:11.821+0000] {processor.py:840} INFO - DAG(s) 'example_sensors' retrieved from /home/airflow/.local/lib/python3.8/site-packages/airflow/example_dags/example_sensors.py
[2025-04-28T17:32:11.845+0000] {logging_mixin.py:188} INFO - [2025-04-28T17:32:11.844+0000] {dag.py:3036} INFO - Sync 1 DAGs
[2025-04-28T17:32:11.869+0000] {logging_mixin.py:188} INFO - [2025-04-28T17:32:11.869+0000] {dag.py:3823} INFO - Setting next_dagrun for example_sensors to None, run_after=None
[2025-04-28T17:32:11.922+0000] {processor.py:183} INFO - Processing /home/airflow/.local/lib/python3.8/site-packages/airflow/example_dags/example_sensors.py took 0.126 seconds
[2025-04-28T17:32:43.229+0000] {processor.py:161} INFO - Started process (PID=149) to work on /home/airflow/.local/lib/python3.8/site-packages/airflow/example_dags/example_sensors.py
[2025-04-28T17:32:43.231+0000] {processor.py:830} INFO - Processing file /home/airflow/.local/lib/python3.8/site-packages/airflow/example_dags/example_sensors.py for tasks to queue
[2025-04-28T17:32:43.233+0000] {logging_mixin.py:188} INFO - [2025-04-28T17:32:43.232+0000] {dagbag.py:538} INFO - Filling up the DagBag from /home/airflow/.local/lib/python3.8/site-packages/airflow/example_dags/example_sensors.py
[2025-04-28T17:32:43.238+0000] {processor.py:840} INFO - DAG(s) 'example_sensors' retrieved from /home/airflow/.local/lib/python3.8/site-packages/airflow/example_dags/example_sensors.py
[2025-04-28T17:32:43.390+0000] {logging_mixin.py:188} INFO - [2025-04-28T17:32:43.390+0000] {dag.py:3036} INFO - Sync 1 DAGs
[2025-04-28T17:32:43.403+0000] {logging_mixin.py:188} INFO - [2025-04-28T17:32:43.403+0000] {dag.py:3823} INFO - Setting next_dagrun for example_sensors to None, run_after=None
[2025-04-28T17:32:43.424+0000] {processor.py:183} INFO - Processing /home/airflow/.local/lib/python3.8/site-packages/airflow/example_dags/example_sensors.py took 0.201 seconds
[2025-04-28T17:33:14.156+0000] {processor.py:161} INFO - Started process (PID=204) to work on /home/airflow/.local/lib/python3.8/site-packages/airflow/example_dags/example_sensors.py
[2025-04-28T17:33:14.158+0000] {processor.py:830} INFO - Processing file /home/airflow/.local/lib/python3.8/site-packages/airflow/example_dags/example_sensors.py for tasks to queue
[2025-04-28T17:33:14.160+0000] {logging_mixin.py:188} INFO - [2025-04-28T17:33:14.159+0000] {dagbag.py:538} INFO - Filling up the DagBag from /home/airflow/.local/lib/python3.8/site-packages/airflow/example_dags/example_sensors.py
[2025-04-28T17:33:14.173+0000] {processor.py:840} INFO - DAG(s) 'example_sensors' retrieved from /home/airflow/.local/lib/python3.8/site-packages/airflow/example_dags/example_sensors.py
[2025-04-28T17:33:14.225+0000] {logging_mixin.py:188} INFO - [2025-04-28T17:33:14.224+0000] {dag.py:3036} INFO - Sync 1 DAGs
[2025-04-28T17:33:14.239+0000] {logging_mixin.py:188} INFO - [2025-04-28T17:33:14.238+0000] {dag.py:3823} INFO - Setting next_dagrun for example_sensors to None, run_after=None
[2025-04-28T17:33:14.264+0000] {processor.py:183} INFO - Processing /home/airflow/.local/lib/python3.8/site-packages/airflow/example_dags/example_sensors.py took 0.113 seconds
[2025-04-28T17:33:44.461+0000] {processor.py:161} INFO - Started process (PID=259) to work on /home/airflow/.local/lib/python3.8/site-packages/airflow/example_dags/example_sensors.py
[2025-04-28T17:33:44.463+0000] {processor.py:830} INFO - Processing file /home/airflow/.local/lib/python3.8/site-packages/airflow/example_dags/example_sensors.py for tasks to queue
[2025-04-28T17:33:44.469+0000] {logging_mixin.py:188} INFO - [2025-04-28T17:33:44.468+0000] {dagbag.py:538} INFO - Filling up the DagBag from /home/airflow/.local/lib/python3.8/site-packages/airflow/example_dags/example_sensors.py
[2025-04-28T17:33:44.475+0000] {processor.py:840} INFO - DAG(s) 'example_sensors' retrieved from /home/airflow/.local/lib/python3.8/site-packages/airflow/example_dags/example_sensors.py
[2025-04-28T17:33:44.493+0000] {logging_mixin.py:188} INFO - [2025-04-28T17:33:44.493+0000] {dag.py:3036} INFO - Sync 1 DAGs
[2025-04-28T17:33:44.499+0000] {logging_mixin.py:188} INFO - [2025-04-28T17:33:44.499+0000] {dag.py:3823} INFO - Setting next_dagrun for example_sensors to None, run_after=None
[2025-04-28T17:33:44.520+0000] {processor.py:183} INFO - Processing /home/airflow/.local/lib/python3.8/site-packages/airflow/example_dags/example_sensors.py took 0.063 seconds
[2025-04-28T17:34:15.794+0000] {processor.py:161} INFO - Started process (PID=314) to work on /home/airflow/.local/lib/python3.8/site-packages/airflow/example_dags/example_sensors.py
[2025-04-28T17:34:15.795+0000] {processor.py:830} INFO - Processing file /home/airflow/.local/lib/python3.8/site-packages/airflow/example_dags/example_sensors.py for tasks to queue
[2025-04-28T17:34:15.796+0000] {logging_mixin.py:188} INFO - [2025-04-28T17:34:15.796+0000] {dagbag.py:538} INFO - Filling up the DagBag from /home/airflow/.local/lib/python3.8/site-packages/airflow/example_dags/example_sensors.py
[2025-04-28T17:34:15.801+0000] {processor.py:840} INFO - DAG(s) 'example_sensors' retrieved from /home/airflow/.local/lib/python3.8/site-packages/airflow/example_dags/example_sensors.py
[2025-04-28T17:34:15.822+0000] {logging_mixin.py:188} INFO - [2025-04-28T17:34:15.822+0000] {dag.py:3036} INFO - Sync 1 DAGs
[2025-04-28T17:34:15.831+0000] {logging_mixin.py:188} INFO - [2025-04-28T17:34:15.831+0000] {dag.py:3823} INFO - Setting next_dagrun for example_sensors to None, run_after=None
[2025-04-28T17:34:15.856+0000] {processor.py:183} INFO - Processing /home/airflow/.local/lib/python3.8/site-packages/airflow/example_dags/example_sensors.py took 0.064 seconds
[2025-04-28T17:34:45.914+0000] {processor.py:161} INFO - Started process (PID=369) to work on /home/airflow/.local/lib/python3.8/site-packages/airflow/example_dags/example_sensors.py
[2025-04-28T17:34:45.916+0000] {processor.py:830} INFO - Processing file /home/airflow/.local/lib/python3.8/site-packages/airflow/example_dags/example_sensors.py for tasks to queue
[2025-04-28T17:34:45.917+0000] {logging_mixin.py:188} INFO - [2025-04-28T17:34:45.917+0000] {dagbag.py:538} INFO - Filling up the DagBag from /home/airflow/.local/lib/python3.8/site-packages/airflow/example_dags/example_sensors.py
[2025-04-28T17:34:45.922+0000] {processor.py:840} INFO - DAG(s) 'example_sensors' retrieved from /home/airflow/.local/lib/python3.8/site-packages/airflow/example_dags/example_sensors.py
[2025-04-28T17:34:45.938+0000] {logging_mixin.py:188} INFO - [2025-04-28T17:34:45.938+0000] {dag.py:3036} INFO - Sync 1 DAGs
[2025-04-28T17:34:45.945+0000] {logging_mixin.py:188} INFO - [2025-04-28T17:34:45.945+0000] {dag.py:3823} INFO - Setting next_dagrun for example_sensors to None, run_after=None
[2025-04-28T17:34:45.957+0000] {processor.py:183} INFO - Processing /home/airflow/.local/lib/python3.8/site-packages/airflow/example_dags/example_sensors.py took 0.046 seconds
[2025-04-28T17:35:16.084+0000] {processor.py:161} INFO - Started process (PID=424) to work on /home/airflow/.local/lib/python3.8/site-packages/airflow/example_dags/example_sensors.py
[2025-04-28T17:35:16.087+0000] {processor.py:830} INFO - Processing file /home/airflow/.local/lib/python3.8/site-packages/airflow/example_dags/example_sensors.py for tasks to queue
[2025-04-28T17:35:16.089+0000] {logging_mixin.py:188} INFO - [2025-04-28T17:35:16.089+0000] {dagbag.py:538} INFO - Filling up the DagBag from /home/airflow/.local/lib/python3.8/site-packages/airflow/example_dags/example_sensors.py
[2025-04-28T17:35:16.100+0000] {processor.py:840} INFO - DAG(s) 'example_sensors' retrieved from /home/airflow/.local/lib/python3.8/site-packages/airflow/example_dags/example_sensors.py
[2025-04-28T17:35:16.180+0000] {logging_mixin.py:188} INFO - [2025-04-28T17:35:16.179+0000] {dag.py:3036} INFO - Sync 1 DAGs
[2025-04-28T17:35:16.256+0000] {logging_mixin.py:188} INFO - [2025-04-28T17:35:16.256+0000] {dag.py:3823} INFO - Setting next_dagrun for example_sensors to None, run_after=None
[2025-04-28T17:35:16.289+0000] {processor.py:183} INFO - Processing /home/airflow/.local/lib/python3.8/site-packages/airflow/example_dags/example_sensors.py took 0.210 seconds
[2025-04-28T17:35:46.435+0000] {processor.py:161} INFO - Started process (PID=479) to work on /home/airflow/.local/lib/python3.8/site-packages/airflow/example_dags/example_sensors.py
[2025-04-28T17:35:46.440+0000] {processor.py:830} INFO - Processing file /home/airflow/.local/lib/python3.8/site-packages/airflow/example_dags/example_sensors.py for tasks to queue
[2025-04-28T17:35:46.441+0000] {logging_mixin.py:188} INFO - [2025-04-28T17:35:46.441+0000] {dagbag.py:538} INFO - Filling up the DagBag from /home/airflow/.local/lib/python3.8/site-packages/airflow/example_dags/example_sensors.py
[2025-04-28T17:35:46.449+0000] {processor.py:840} INFO - DAG(s) 'example_sensors' retrieved from /home/airflow/.local/lib/python3.8/site-packages/airflow/example_dags/example_sensors.py
[2025-04-28T17:35:46.469+0000] {logging_mixin.py:188} INFO - [2025-04-28T17:35:46.468+0000] {dag.py:3036} INFO - Sync 1 DAGs
[2025-04-28T17:35:46.481+0000] {logging_mixin.py:188} INFO - [2025-04-28T17:35:46.481+0000] {dag.py:3823} INFO - Setting next_dagrun for example_sensors to None, run_after=None
[2025-04-28T17:35:46.498+0000] {processor.py:183} INFO - Processing /home/airflow/.local/lib/python3.8/site-packages/airflow/example_dags/example_sensors.py took 0.064 seconds
[2025-04-28T17:36:18.300+0000] {processor.py:161} INFO - Started process (PID=534) to work on /home/airflow/.local/lib/python3.8/site-packages/airflow/example_dags/example_sensors.py
[2025-04-28T17:36:18.304+0000] {processor.py:830} INFO - Processing file /home/airflow/.local/lib/python3.8/site-packages/airflow/example_dags/example_sensors.py for tasks to queue
[2025-04-28T17:36:18.307+0000] {logging_mixin.py:188} INFO - [2025-04-28T17:36:18.306+0000] {dagbag.py:538} INFO - Filling up the DagBag from /home/airflow/.local/lib/python3.8/site-packages/airflow/example_dags/example_sensors.py
[2025-04-28T17:36:18.315+0000] {processor.py:840} INFO - DAG(s) 'example_sensors' retrieved from /home/airflow/.local/lib/python3.8/site-packages/airflow/example_dags/example_sensors.py
[2025-04-28T17:36:18.336+0000] {logging_mixin.py:188} INFO - [2025-04-28T17:36:18.336+0000] {dag.py:3036} INFO - Sync 1 DAGs
[2025-04-28T17:36:18.345+0000] {logging_mixin.py:188} INFO - [2025-04-28T17:36:18.345+0000] {dag.py:3823} INFO - Setting next_dagrun for example_sensors to None, run_after=None
[2025-04-28T17:36:18.372+0000] {processor.py:183} INFO - Processing /home/airflow/.local/lib/python3.8/site-packages/airflow/example_dags/example_sensors.py took 0.074 seconds
[2025-04-28T17:36:48.956+0000] {processor.py:161} INFO - Started process (PID=589) to work on /home/airflow/.local/lib/python3.8/site-packages/airflow/example_dags/example_sensors.py
[2025-04-28T17:36:48.960+0000] {processor.py:830} INFO - Processing file /home/airflow/.local/lib/python3.8/site-packages/airflow/example_dags/example_sensors.py for tasks to queue
[2025-04-28T17:36:48.963+0000] {logging_mixin.py:188} INFO - [2025-04-28T17:36:48.963+0000] {dagbag.py:538} INFO - Filling up the DagBag from /home/airflow/.local/lib/python3.8/site-packages/airflow/example_dags/example_sensors.py
[2025-04-28T17:36:48.969+0000] {processor.py:840} INFO - DAG(s) 'example_sensors' retrieved from /home/airflow/.local/lib/python3.8/site-packages/airflow/example_dags/example_sensors.py
[2025-04-28T17:36:48.984+0000] {logging_mixin.py:188} INFO - [2025-04-28T17:36:48.984+0000] {dag.py:3036} INFO - Sync 1 DAGs
[2025-04-28T17:36:48.991+0000] {logging_mixin.py:188} INFO - [2025-04-28T17:36:48.991+0000] {dag.py:3823} INFO - Setting next_dagrun for example_sensors to None, run_after=None
[2025-04-28T17:36:49.005+0000] {processor.py:183} INFO - Processing /home/airflow/.local/lib/python3.8/site-packages/airflow/example_dags/example_sensors.py took 0.052 seconds
[2025-04-28T17:37:19.669+0000] {processor.py:161} INFO - Started process (PID=650) to work on /home/airflow/.local/lib/python3.8/site-packages/airflow/example_dags/example_sensors.py
[2025-04-28T17:37:19.672+0000] {processor.py:830} INFO - Processing file /home/airflow/.local/lib/python3.8/site-packages/airflow/example_dags/example_sensors.py for tasks to queue
[2025-04-28T17:37:19.675+0000] {logging_mixin.py:188} INFO - [2025-04-28T17:37:19.675+0000] {dagbag.py:538} INFO - Filling up the DagBag from /home/airflow/.local/lib/python3.8/site-packages/airflow/example_dags/example_sensors.py
[2025-04-28T17:37:19.682+0000] {processor.py:840} INFO - DAG(s) 'example_sensors' retrieved from /home/airflow/.local/lib/python3.8/site-packages/airflow/example_dags/example_sensors.py
[2025-04-28T17:37:19.705+0000] {logging_mixin.py:188} INFO - [2025-04-28T17:37:19.704+0000] {dag.py:3036} INFO - Sync 1 DAGs
[2025-04-28T17:37:19.711+0000] {logging_mixin.py:188} INFO - [2025-04-28T17:37:19.710+0000] {dag.py:3823} INFO - Setting next_dagrun for example_sensors to None, run_after=None
[2025-04-28T17:37:19.722+0000] {processor.py:183} INFO - Processing /home/airflow/.local/lib/python3.8/site-packages/airflow/example_dags/example_sensors.py took 0.056 seconds
[2025-04-28T17:37:50.168+0000] {processor.py:161} INFO - Started process (PID=711) to work on /home/airflow/.local/lib/python3.8/site-packages/airflow/example_dags/example_sensors.py
[2025-04-28T17:37:50.172+0000] {processor.py:830} INFO - Processing file /home/airflow/.local/lib/python3.8/site-packages/airflow/example_dags/example_sensors.py for tasks to queue
[2025-04-28T17:37:50.173+0000] {logging_mixin.py:188} INFO - [2025-04-28T17:37:50.173+0000] {dagbag.py:538} INFO - Filling up the DagBag from /home/airflow/.local/lib/python3.8/site-packages/airflow/example_dags/example_sensors.py
[2025-04-28T17:37:50.181+0000] {processor.py:840} INFO - DAG(s) 'example_sensors' retrieved from /home/airflow/.local/lib/python3.8/site-packages/airflow/example_dags/example_sensors.py
[2025-04-28T17:37:50.197+0000] {logging_mixin.py:188} INFO - [2025-04-28T17:37:50.197+0000] {dag.py:3036} INFO - Sync 1 DAGs
[2025-04-28T17:37:50.204+0000] {logging_mixin.py:188} INFO - [2025-04-28T17:37:50.204+0000] {dag.py:3823} INFO - Setting next_dagrun for example_sensors to None, run_after=None
[2025-04-28T17:37:50.217+0000] {processor.py:183} INFO - Processing /home/airflow/.local/lib/python3.8/site-packages/airflow/example_dags/example_sensors.py took 0.052 seconds
[2025-04-28T17:38:21.320+0000] {processor.py:161} INFO - Started process (PID=774) to work on /home/airflow/.local/lib/python3.8/site-packages/airflow/example_dags/example_sensors.py
[2025-04-28T17:38:21.322+0000] {processor.py:830} INFO - Processing file /home/airflow/.local/lib/python3.8/site-packages/airflow/example_dags/example_sensors.py for tasks to queue
[2025-04-28T17:38:21.323+0000] {logging_mixin.py:188} INFO - [2025-04-28T17:38:21.323+0000] {dagbag.py:538} INFO - Filling up the DagBag from /home/airflow/.local/lib/python3.8/site-packages/airflow/example_dags/example_sensors.py
[2025-04-28T17:38:21.335+0000] {processor.py:840} INFO - DAG(s) 'example_sensors' retrieved from /home/airflow/.local/lib/python3.8/site-packages/airflow/example_dags/example_sensors.py
[2025-04-28T17:38:21.355+0000] {logging_mixin.py:188} INFO - [2025-04-28T17:38:21.355+0000] {dag.py:3036} INFO - Sync 1 DAGs
[2025-04-28T17:38:21.365+0000] {logging_mixin.py:188} INFO - [2025-04-28T17:38:21.365+0000] {dag.py:3823} INFO - Setting next_dagrun for example_sensors to None, run_after=None
[2025-04-28T17:38:21.380+0000] {processor.py:183} INFO - Processing /home/airflow/.local/lib/python3.8/site-packages/airflow/example_dags/example_sensors.py took 0.066 seconds
[2025-04-28T17:38:51.655+0000] {processor.py:161} INFO - Started process (PID=835) to work on /home/airflow/.local/lib/python3.8/site-packages/airflow/example_dags/example_sensors.py
[2025-04-28T17:38:51.657+0000] {processor.py:830} INFO - Processing file /home/airflow/.local/lib/python3.8/site-packages/airflow/example_dags/example_sensors.py for tasks to queue
[2025-04-28T17:38:51.658+0000] {logging_mixin.py:188} INFO - [2025-04-28T17:38:51.658+0000] {dagbag.py:538} INFO - Filling up the DagBag from /home/airflow/.local/lib/python3.8/site-packages/airflow/example_dags/example_sensors.py
[2025-04-28T17:38:51.663+0000] {processor.py:840} INFO - DAG(s) 'example_sensors' retrieved from /home/airflow/.local/lib/python3.8/site-packages/airflow/example_dags/example_sensors.py
[2025-04-28T17:38:51.685+0000] {logging_mixin.py:188} INFO - [2025-04-28T17:38:51.685+0000] {dag.py:3036} INFO - Sync 1 DAGs
[2025-04-28T17:38:51.694+0000] {logging_mixin.py:188} INFO - [2025-04-28T17:38:51.694+0000] {dag.py:3823} INFO - Setting next_dagrun for example_sensors to None, run_after=None
[2025-04-28T17:38:51.711+0000] {processor.py:183} INFO - Processing /home/airflow/.local/lib/python3.8/site-packages/airflow/example_dags/example_sensors.py took 0.058 seconds
[2025-04-28T17:39:22.551+0000] {processor.py:161} INFO - Started process (PID=891) to work on /home/airflow/.local/lib/python3.8/site-packages/airflow/example_dags/example_sensors.py
[2025-04-28T17:39:22.552+0000] {processor.py:830} INFO - Processing file /home/airflow/.local/lib/python3.8/site-packages/airflow/example_dags/example_sensors.py for tasks to queue
[2025-04-28T17:39:22.553+0000] {logging_mixin.py:188} INFO - [2025-04-28T17:39:22.553+0000] {dagbag.py:538} INFO - Filling up the DagBag from /home/airflow/.local/lib/python3.8/site-packages/airflow/example_dags/example_sensors.py
[2025-04-28T17:39:22.558+0000] {processor.py:840} INFO - DAG(s) 'example_sensors' retrieved from /home/airflow/.local/lib/python3.8/site-packages/airflow/example_dags/example_sensors.py
[2025-04-28T17:39:22.576+0000] {logging_mixin.py:188} INFO - [2025-04-28T17:39:22.576+0000] {dag.py:3036} INFO - Sync 1 DAGs
[2025-04-28T17:39:22.582+0000] {logging_mixin.py:188} INFO - [2025-04-28T17:39:22.582+0000] {dag.py:3823} INFO - Setting next_dagrun for example_sensors to None, run_after=None
[2025-04-28T17:39:22.592+0000] {processor.py:183} INFO - Processing /home/airflow/.local/lib/python3.8/site-packages/airflow/example_dags/example_sensors.py took 0.043 seconds
[2025-04-28T17:39:53.240+0000] {processor.py:161} INFO - Started process (PID=950) to work on /home/airflow/.local/lib/python3.8/site-packages/airflow/example_dags/example_sensors.py
[2025-04-28T17:39:53.243+0000] {processor.py:830} INFO - Processing file /home/airflow/.local/lib/python3.8/site-packages/airflow/example_dags/example_sensors.py for tasks to queue
[2025-04-28T17:39:53.245+0000] {logging_mixin.py:188} INFO - [2025-04-28T17:39:53.245+0000] {dagbag.py:538} INFO - Filling up the DagBag from /home/airflow/.local/lib/python3.8/site-packages/airflow/example_dags/example_sensors.py
[2025-04-28T17:39:53.255+0000] {processor.py:840} INFO - DAG(s) 'example_sensors' retrieved from /home/airflow/.local/lib/python3.8/site-packages/airflow/example_dags/example_sensors.py
[2025-04-28T17:39:53.279+0000] {logging_mixin.py:188} INFO - [2025-04-28T17:39:53.279+0000] {dag.py:3036} INFO - Sync 1 DAGs
[2025-04-28T17:39:53.289+0000] {logging_mixin.py:188} INFO - [2025-04-28T17:39:53.289+0000] {dag.py:3823} INFO - Setting next_dagrun for example_sensors to None, run_after=None
[2025-04-28T17:39:53.303+0000] {processor.py:183} INFO - Processing /home/airflow/.local/lib/python3.8/site-packages/airflow/example_dags/example_sensors.py took 0.068 seconds
[2025-04-28T17:40:24.309+0000] {processor.py:161} INFO - Started process (PID=1010) to work on /home/airflow/.local/lib/python3.8/site-packages/airflow/example_dags/example_sensors.py
[2025-04-28T17:40:24.311+0000] {processor.py:830} INFO - Processing file /home/airflow/.local/lib/python3.8/site-packages/airflow/example_dags/example_sensors.py for tasks to queue
[2025-04-28T17:40:24.313+0000] {logging_mixin.py:188} INFO - [2025-04-28T17:40:24.313+0000] {dagbag.py:538} INFO - Filling up the DagBag from /home/airflow/.local/lib/python3.8/site-packages/airflow/example_dags/example_sensors.py
[2025-04-28T17:40:24.326+0000] {processor.py:840} INFO - DAG(s) 'example_sensors' retrieved from /home/airflow/.local/lib/python3.8/site-packages/airflow/example_dags/example_sensors.py
[2025-04-28T17:40:24.361+0000] {logging_mixin.py:188} INFO - [2025-04-28T17:40:24.361+0000] {dag.py:3036} INFO - Sync 1 DAGs
[2025-04-28T17:40:24.370+0000] {logging_mixin.py:188} INFO - [2025-04-28T17:40:24.370+0000] {dag.py:3823} INFO - Setting next_dagrun for example_sensors to None, run_after=None
[2025-04-28T17:40:24.382+0000] {processor.py:183} INFO - Processing /home/airflow/.local/lib/python3.8/site-packages/airflow/example_dags/example_sensors.py took 0.082 seconds
[2025-04-28T17:40:55.352+0000] {processor.py:161} INFO - Started process (PID=1068) to work on /home/airflow/.local/lib/python3.8/site-packages/airflow/example_dags/example_sensors.py
[2025-04-28T17:40:55.353+0000] {processor.py:830} INFO - Processing file /home/airflow/.local/lib/python3.8/site-packages/airflow/example_dags/example_sensors.py for tasks to queue
[2025-04-28T17:40:55.355+0000] {logging_mixin.py:188} INFO - [2025-04-28T17:40:55.354+0000] {dagbag.py:538} INFO - Filling up the DagBag from /home/airflow/.local/lib/python3.8/site-packages/airflow/example_dags/example_sensors.py
[2025-04-28T17:40:55.359+0000] {processor.py:840} INFO - DAG(s) 'example_sensors' retrieved from /home/airflow/.local/lib/python3.8/site-packages/airflow/example_dags/example_sensors.py
[2025-04-28T17:40:55.372+0000] {logging_mixin.py:188} INFO - [2025-04-28T17:40:55.372+0000] {dag.py:3036} INFO - Sync 1 DAGs
[2025-04-28T17:40:55.378+0000] {logging_mixin.py:188} INFO - [2025-04-28T17:40:55.378+0000] {dag.py:3823} INFO - Setting next_dagrun for example_sensors to None, run_after=None
[2025-04-28T17:40:55.386+0000] {processor.py:183} INFO - Processing /home/airflow/.local/lib/python3.8/site-packages/airflow/example_dags/example_sensors.py took 0.036 seconds
[2025-04-28T17:41:25.947+0000] {processor.py:161} INFO - Started process (PID=1124) to work on /home/airflow/.local/lib/python3.8/site-packages/airflow/example_dags/example_sensors.py
[2025-04-28T17:41:25.949+0000] {processor.py:830} INFO - Processing file /home/airflow/.local/lib/python3.8/site-packages/airflow/example_dags/example_sensors.py for tasks to queue
[2025-04-28T17:41:25.956+0000] {logging_mixin.py:188} INFO - [2025-04-28T17:41:25.955+0000] {dagbag.py:538} INFO - Filling up the DagBag from /home/airflow/.local/lib/python3.8/site-packages/airflow/example_dags/example_sensors.py
[2025-04-28T17:41:25.965+0000] {processor.py:840} INFO - DAG(s) 'example_sensors' retrieved from /home/airflow/.local/lib/python3.8/site-packages/airflow/example_dags/example_sensors.py
[2025-04-28T17:41:26.002+0000] {logging_mixin.py:188} INFO - [2025-04-28T17:41:26.002+0000] {dag.py:3036} INFO - Sync 1 DAGs
[2025-04-28T17:41:26.013+0000] {logging_mixin.py:188} INFO - [2025-04-28T17:41:26.013+0000] {dag.py:3823} INFO - Setting next_dagrun for example_sensors to None, run_after=None
[2025-04-28T17:41:26.041+0000] {processor.py:183} INFO - Processing /home/airflow/.local/lib/python3.8/site-packages/airflow/example_dags/example_sensors.py took 0.098 seconds
[2025-04-28T17:43:03.602+0000] {processor.py:161} INFO - Started process (PID=109) to work on /home/airflow/.local/lib/python3.8/site-packages/airflow/example_dags/example_sensors.py
[2025-04-28T17:43:03.606+0000] {processor.py:830} INFO - Processing file /home/airflow/.local/lib/python3.8/site-packages/airflow/example_dags/example_sensors.py for tasks to queue
[2025-04-28T17:43:03.610+0000] {logging_mixin.py:188} INFO - [2025-04-28T17:43:03.609+0000] {dagbag.py:538} INFO - Filling up the DagBag from /home/airflow/.local/lib/python3.8/site-packages/airflow/example_dags/example_sensors.py
[2025-04-28T17:43:03.638+0000] {processor.py:840} INFO - DAG(s) 'example_sensors' retrieved from /home/airflow/.local/lib/python3.8/site-packages/airflow/example_dags/example_sensors.py
[2025-04-28T17:43:03.803+0000] {logging_mixin.py:188} INFO - [2025-04-28T17:43:03.803+0000] {dag.py:3036} INFO - Sync 1 DAGs
[2025-04-28T17:43:03.819+0000] {logging_mixin.py:188} INFO - [2025-04-28T17:43:03.819+0000] {dag.py:3823} INFO - Setting next_dagrun for example_sensors to None, run_after=None
[2025-04-28T17:43:03.858+0000] {processor.py:183} INFO - Processing /home/airflow/.local/lib/python3.8/site-packages/airflow/example_dags/example_sensors.py took 0.265 seconds
[2025-04-28T17:43:34.641+0000] {processor.py:161} INFO - Started process (PID=165) to work on /home/airflow/.local/lib/python3.8/site-packages/airflow/example_dags/example_sensors.py
[2025-04-28T17:43:34.643+0000] {processor.py:830} INFO - Processing file /home/airflow/.local/lib/python3.8/site-packages/airflow/example_dags/example_sensors.py for tasks to queue
[2025-04-28T17:43:34.644+0000] {logging_mixin.py:188} INFO - [2025-04-28T17:43:34.644+0000] {dagbag.py:538} INFO - Filling up the DagBag from /home/airflow/.local/lib/python3.8/site-packages/airflow/example_dags/example_sensors.py
[2025-04-28T17:43:34.654+0000] {processor.py:840} INFO - DAG(s) 'example_sensors' retrieved from /home/airflow/.local/lib/python3.8/site-packages/airflow/example_dags/example_sensors.py
[2025-04-28T17:43:34.680+0000] {logging_mixin.py:188} INFO - [2025-04-28T17:43:34.680+0000] {dag.py:3036} INFO - Sync 1 DAGs
[2025-04-28T17:43:34.687+0000] {logging_mixin.py:188} INFO - [2025-04-28T17:43:34.687+0000] {dag.py:3823} INFO - Setting next_dagrun for example_sensors to None, run_after=None
[2025-04-28T17:43:34.701+0000] {processor.py:183} INFO - Processing /home/airflow/.local/lib/python3.8/site-packages/airflow/example_dags/example_sensors.py took 0.065 seconds
[2025-04-28T17:44:04.973+0000] {processor.py:161} INFO - Started process (PID=221) to work on /home/airflow/.local/lib/python3.8/site-packages/airflow/example_dags/example_sensors.py
[2025-04-28T17:44:04.977+0000] {processor.py:830} INFO - Processing file /home/airflow/.local/lib/python3.8/site-packages/airflow/example_dags/example_sensors.py for tasks to queue
[2025-04-28T17:44:04.979+0000] {logging_mixin.py:188} INFO - [2025-04-28T17:44:04.979+0000] {dagbag.py:538} INFO - Filling up the DagBag from /home/airflow/.local/lib/python3.8/site-packages/airflow/example_dags/example_sensors.py
[2025-04-28T17:44:04.988+0000] {processor.py:840} INFO - DAG(s) 'example_sensors' retrieved from /home/airflow/.local/lib/python3.8/site-packages/airflow/example_dags/example_sensors.py
[2025-04-28T17:44:05.010+0000] {logging_mixin.py:188} INFO - [2025-04-28T17:44:05.010+0000] {dag.py:3036} INFO - Sync 1 DAGs
[2025-04-28T17:44:05.020+0000] {logging_mixin.py:188} INFO - [2025-04-28T17:44:05.020+0000] {dag.py:3823} INFO - Setting next_dagrun for example_sensors to None, run_after=None
[2025-04-28T17:44:05.034+0000] {processor.py:183} INFO - Processing /home/airflow/.local/lib/python3.8/site-packages/airflow/example_dags/example_sensors.py took 0.070 seconds
[2025-04-28T17:44:35.463+0000] {processor.py:161} INFO - Started process (PID=277) to work on /home/airflow/.local/lib/python3.8/site-packages/airflow/example_dags/example_sensors.py
[2025-04-28T17:44:35.466+0000] {processor.py:830} INFO - Processing file /home/airflow/.local/lib/python3.8/site-packages/airflow/example_dags/example_sensors.py for tasks to queue
[2025-04-28T17:44:35.470+0000] {logging_mixin.py:188} INFO - [2025-04-28T17:44:35.469+0000] {dagbag.py:538} INFO - Filling up the DagBag from /home/airflow/.local/lib/python3.8/site-packages/airflow/example_dags/example_sensors.py
[2025-04-28T17:44:35.485+0000] {processor.py:840} INFO - DAG(s) 'example_sensors' retrieved from /home/airflow/.local/lib/python3.8/site-packages/airflow/example_dags/example_sensors.py
[2025-04-28T17:44:35.517+0000] {logging_mixin.py:188} INFO - [2025-04-28T17:44:35.517+0000] {dag.py:3036} INFO - Sync 1 DAGs
[2025-04-28T17:44:35.529+0000] {logging_mixin.py:188} INFO - [2025-04-28T17:44:35.528+0000] {dag.py:3823} INFO - Setting next_dagrun for example_sensors to None, run_after=None
[2025-04-28T17:44:35.554+0000] {processor.py:183} INFO - Processing /home/airflow/.local/lib/python3.8/site-packages/airflow/example_dags/example_sensors.py took 0.096 seconds
[2025-04-28T17:45:05.694+0000] {processor.py:161} INFO - Started process (PID=333) to work on /home/airflow/.local/lib/python3.8/site-packages/airflow/example_dags/example_sensors.py
[2025-04-28T17:45:05.695+0000] {processor.py:830} INFO - Processing file /home/airflow/.local/lib/python3.8/site-packages/airflow/example_dags/example_sensors.py for tasks to queue
[2025-04-28T17:45:05.696+0000] {logging_mixin.py:188} INFO - [2025-04-28T17:45:05.696+0000] {dagbag.py:538} INFO - Filling up the DagBag from /home/airflow/.local/lib/python3.8/site-packages/airflow/example_dags/example_sensors.py
[2025-04-28T17:45:05.703+0000] {processor.py:840} INFO - DAG(s) 'example_sensors' retrieved from /home/airflow/.local/lib/python3.8/site-packages/airflow/example_dags/example_sensors.py
[2025-04-28T17:45:05.728+0000] {logging_mixin.py:188} INFO - [2025-04-28T17:45:05.728+0000] {dag.py:3036} INFO - Sync 1 DAGs
[2025-04-28T17:45:05.738+0000] {logging_mixin.py:188} INFO - [2025-04-28T17:45:05.738+0000] {dag.py:3823} INFO - Setting next_dagrun for example_sensors to None, run_after=None
[2025-04-28T17:45:05.771+0000] {processor.py:183} INFO - Processing /home/airflow/.local/lib/python3.8/site-packages/airflow/example_dags/example_sensors.py took 0.084 seconds
[2025-04-28T17:45:36.566+0000] {processor.py:161} INFO - Started process (PID=389) to work on /home/airflow/.local/lib/python3.8/site-packages/airflow/example_dags/example_sensors.py
[2025-04-28T17:45:36.570+0000] {processor.py:830} INFO - Processing file /home/airflow/.local/lib/python3.8/site-packages/airflow/example_dags/example_sensors.py for tasks to queue
[2025-04-28T17:45:36.571+0000] {logging_mixin.py:188} INFO - [2025-04-28T17:45:36.571+0000] {dagbag.py:538} INFO - Filling up the DagBag from /home/airflow/.local/lib/python3.8/site-packages/airflow/example_dags/example_sensors.py
[2025-04-28T17:45:36.580+0000] {processor.py:840} INFO - DAG(s) 'example_sensors' retrieved from /home/airflow/.local/lib/python3.8/site-packages/airflow/example_dags/example_sensors.py
[2025-04-28T17:45:36.606+0000] {logging_mixin.py:188} INFO - [2025-04-28T17:45:36.606+0000] {dag.py:3036} INFO - Sync 1 DAGs
[2025-04-28T17:45:36.615+0000] {logging_mixin.py:188} INFO - [2025-04-28T17:45:36.615+0000] {dag.py:3823} INFO - Setting next_dagrun for example_sensors to None, run_after=None
[2025-04-28T17:45:36.625+0000] {processor.py:183} INFO - Processing /home/airflow/.local/lib/python3.8/site-packages/airflow/example_dags/example_sensors.py took 0.066 seconds
[2025-04-28T17:46:07.315+0000] {processor.py:161} INFO - Started process (PID=445) to work on /home/airflow/.local/lib/python3.8/site-packages/airflow/example_dags/example_sensors.py
[2025-04-28T17:46:07.318+0000] {processor.py:830} INFO - Processing file /home/airflow/.local/lib/python3.8/site-packages/airflow/example_dags/example_sensors.py for tasks to queue
[2025-04-28T17:46:07.322+0000] {logging_mixin.py:188} INFO - [2025-04-28T17:46:07.321+0000] {dagbag.py:538} INFO - Filling up the DagBag from /home/airflow/.local/lib/python3.8/site-packages/airflow/example_dags/example_sensors.py
[2025-04-28T17:46:07.334+0000] {processor.py:840} INFO - DAG(s) 'example_sensors' retrieved from /home/airflow/.local/lib/python3.8/site-packages/airflow/example_dags/example_sensors.py
[2025-04-28T17:46:07.371+0000] {logging_mixin.py:188} INFO - [2025-04-28T17:46:07.371+0000] {dag.py:3036} INFO - Sync 1 DAGs
[2025-04-28T17:46:07.387+0000] {logging_mixin.py:188} INFO - [2025-04-28T17:46:07.387+0000] {dag.py:3823} INFO - Setting next_dagrun for example_sensors to None, run_after=None
[2025-04-28T17:46:07.405+0000] {processor.py:183} INFO - Processing /home/airflow/.local/lib/python3.8/site-packages/airflow/example_dags/example_sensors.py took 0.096 seconds
