[2025-04-28T17:32:05.238+0000] {processor.py:161} INFO - Started process (PID=58) to work on /home/airflow/.local/lib/python3.8/site-packages/airflow/example_dags/example_branch_labels.py
[2025-04-28T17:32:05.240+0000] {processor.py:830} INFO - Processing file /home/airflow/.local/lib/python3.8/site-packages/airflow/example_dags/example_branch_labels.py for tasks to queue
[2025-04-28T17:32:05.244+0000] {logging_mixin.py:188} INFO - [2025-04-28T17:32:05.243+0000] {dagbag.py:538} INFO - Filling up the DagBag from /home/airflow/.local/lib/python3.8/site-packages/airflow/example_dags/example_branch_labels.py
[2025-04-28T17:32:05.259+0000] {processor.py:840} INFO - DAG(s) 'example_branch_labels' retrieved from /home/airflow/.local/lib/python3.8/site-packages/airflow/example_dags/example_branch_labels.py
[2025-04-28T17:32:05.277+0000] {logging_mixin.py:188} INFO - [2025-04-28T17:32:05.277+0000] {dag.py:3036} INFO - Sync 1 DAGs
[2025-04-28T17:32:05.307+0000] {logging_mixin.py:188} INFO - [2025-04-28T17:32:05.307+0000] {dag.py:3823} INFO - Setting next_dagrun for example_branch_labels to 2025-04-27 00:00:00+00:00, run_after=2025-04-28 00:00:00+00:00
[2025-04-28T17:32:05.349+0000] {processor.py:183} INFO - Processing /home/airflow/.local/lib/python3.8/site-packages/airflow/example_dags/example_branch_labels.py took 0.116 seconds
[2025-04-28T17:32:36.141+0000] {processor.py:161} INFO - Started process (PID=113) to work on /home/airflow/.local/lib/python3.8/site-packages/airflow/example_dags/example_branch_labels.py
[2025-04-28T17:32:36.144+0000] {processor.py:830} INFO - Processing file /home/airflow/.local/lib/python3.8/site-packages/airflow/example_dags/example_branch_labels.py for tasks to queue
[2025-04-28T17:32:36.145+0000] {logging_mixin.py:188} INFO - [2025-04-28T17:32:36.145+0000] {dagbag.py:538} INFO - Filling up the DagBag from /home/airflow/.local/lib/python3.8/site-packages/airflow/example_dags/example_branch_labels.py
[2025-04-28T17:32:36.150+0000] {processor.py:840} INFO - DAG(s) 'example_branch_labels' retrieved from /home/airflow/.local/lib/python3.8/site-packages/airflow/example_dags/example_branch_labels.py
[2025-04-28T17:32:36.235+0000] {logging_mixin.py:188} INFO - [2025-04-28T17:32:36.235+0000] {dag.py:3036} INFO - Sync 1 DAGs
[2025-04-28T17:32:36.248+0000] {logging_mixin.py:188} INFO - [2025-04-28T17:32:36.247+0000] {dag.py:3823} INFO - Setting next_dagrun for example_branch_labels to 2025-04-27 00:00:00+00:00, run_after=2025-04-28 00:00:00+00:00
[2025-04-28T17:32:36.261+0000] {processor.py:183} INFO - Processing /home/airflow/.local/lib/python3.8/site-packages/airflow/example_dags/example_branch_labels.py took 0.122 seconds
[2025-04-28T17:33:07.071+0000] {processor.py:161} INFO - Started process (PID=168) to work on /home/airflow/.local/lib/python3.8/site-packages/airflow/example_dags/example_branch_labels.py
[2025-04-28T17:33:07.072+0000] {processor.py:830} INFO - Processing file /home/airflow/.local/lib/python3.8/site-packages/airflow/example_dags/example_branch_labels.py for tasks to queue
[2025-04-28T17:33:07.073+0000] {logging_mixin.py:188} INFO - [2025-04-28T17:33:07.073+0000] {dagbag.py:538} INFO - Filling up the DagBag from /home/airflow/.local/lib/python3.8/site-packages/airflow/example_dags/example_branch_labels.py
[2025-04-28T17:33:07.078+0000] {processor.py:840} INFO - DAG(s) 'example_branch_labels' retrieved from /home/airflow/.local/lib/python3.8/site-packages/airflow/example_dags/example_branch_labels.py
[2025-04-28T17:33:07.098+0000] {logging_mixin.py:188} INFO - [2025-04-28T17:33:07.097+0000] {dag.py:3036} INFO - Sync 1 DAGs
[2025-04-28T17:33:07.114+0000] {logging_mixin.py:188} INFO - [2025-04-28T17:33:07.113+0000] {dag.py:3823} INFO - Setting next_dagrun for example_branch_labels to 2025-04-27 00:00:00+00:00, run_after=2025-04-28 00:00:00+00:00
[2025-04-28T17:33:07.129+0000] {processor.py:183} INFO - Processing /home/airflow/.local/lib/python3.8/site-packages/airflow/example_dags/example_branch_labels.py took 0.060 seconds
[2025-04-28T17:33:37.863+0000] {processor.py:161} INFO - Started process (PID=223) to work on /home/airflow/.local/lib/python3.8/site-packages/airflow/example_dags/example_branch_labels.py
[2025-04-28T17:33:37.865+0000] {processor.py:830} INFO - Processing file /home/airflow/.local/lib/python3.8/site-packages/airflow/example_dags/example_branch_labels.py for tasks to queue
[2025-04-28T17:33:37.872+0000] {logging_mixin.py:188} INFO - [2025-04-28T17:33:37.872+0000] {dagbag.py:538} INFO - Filling up the DagBag from /home/airflow/.local/lib/python3.8/site-packages/airflow/example_dags/example_branch_labels.py
[2025-04-28T17:33:37.879+0000] {processor.py:840} INFO - DAG(s) 'example_branch_labels' retrieved from /home/airflow/.local/lib/python3.8/site-packages/airflow/example_dags/example_branch_labels.py
[2025-04-28T17:33:37.902+0000] {logging_mixin.py:188} INFO - [2025-04-28T17:33:37.902+0000] {dag.py:3036} INFO - Sync 1 DAGs
[2025-04-28T17:33:37.918+0000] {logging_mixin.py:188} INFO - [2025-04-28T17:33:37.918+0000] {dag.py:3823} INFO - Setting next_dagrun for example_branch_labels to 2025-04-27 00:00:00+00:00, run_after=2025-04-28 00:00:00+00:00
[2025-04-28T17:33:37.933+0000] {processor.py:183} INFO - Processing /home/airflow/.local/lib/python3.8/site-packages/airflow/example_dags/example_branch_labels.py took 0.076 seconds
[2025-04-28T17:34:08.494+0000] {processor.py:161} INFO - Started process (PID=278) to work on /home/airflow/.local/lib/python3.8/site-packages/airflow/example_dags/example_branch_labels.py
[2025-04-28T17:34:08.499+0000] {processor.py:830} INFO - Processing file /home/airflow/.local/lib/python3.8/site-packages/airflow/example_dags/example_branch_labels.py for tasks to queue
[2025-04-28T17:34:08.502+0000] {logging_mixin.py:188} INFO - [2025-04-28T17:34:08.502+0000] {dagbag.py:538} INFO - Filling up the DagBag from /home/airflow/.local/lib/python3.8/site-packages/airflow/example_dags/example_branch_labels.py
[2025-04-28T17:34:08.525+0000] {processor.py:840} INFO - DAG(s) 'example_branch_labels' retrieved from /home/airflow/.local/lib/python3.8/site-packages/airflow/example_dags/example_branch_labels.py
[2025-04-28T17:34:08.550+0000] {logging_mixin.py:188} INFO - [2025-04-28T17:34:08.549+0000] {dag.py:3036} INFO - Sync 1 DAGs
[2025-04-28T17:34:08.573+0000] {logging_mixin.py:188} INFO - [2025-04-28T17:34:08.573+0000] {dag.py:3823} INFO - Setting next_dagrun for example_branch_labels to 2025-04-27 00:00:00+00:00, run_after=2025-04-28 00:00:00+00:00
[2025-04-28T17:34:08.596+0000] {processor.py:183} INFO - Processing /home/airflow/.local/lib/python3.8/site-packages/airflow/example_dags/example_branch_labels.py took 0.121 seconds
[2025-04-28T17:34:38.674+0000] {processor.py:161} INFO - Started process (PID=333) to work on /home/airflow/.local/lib/python3.8/site-packages/airflow/example_dags/example_branch_labels.py
[2025-04-28T17:34:38.675+0000] {processor.py:830} INFO - Processing file /home/airflow/.local/lib/python3.8/site-packages/airflow/example_dags/example_branch_labels.py for tasks to queue
[2025-04-28T17:34:38.677+0000] {logging_mixin.py:188} INFO - [2025-04-28T17:34:38.676+0000] {dagbag.py:538} INFO - Filling up the DagBag from /home/airflow/.local/lib/python3.8/site-packages/airflow/example_dags/example_branch_labels.py
[2025-04-28T17:34:38.681+0000] {processor.py:840} INFO - DAG(s) 'example_branch_labels' retrieved from /home/airflow/.local/lib/python3.8/site-packages/airflow/example_dags/example_branch_labels.py
[2025-04-28T17:34:38.692+0000] {logging_mixin.py:188} INFO - [2025-04-28T17:34:38.692+0000] {dag.py:3036} INFO - Sync 1 DAGs
[2025-04-28T17:34:38.702+0000] {logging_mixin.py:188} INFO - [2025-04-28T17:34:38.702+0000] {dag.py:3823} INFO - Setting next_dagrun for example_branch_labels to 2025-04-27 00:00:00+00:00, run_after=2025-04-28 00:00:00+00:00
[2025-04-28T17:34:38.711+0000] {processor.py:183} INFO - Processing /home/airflow/.local/lib/python3.8/site-packages/airflow/example_dags/example_branch_labels.py took 0.042 seconds
[2025-04-28T17:35:09.242+0000] {processor.py:161} INFO - Started process (PID=388) to work on /home/airflow/.local/lib/python3.8/site-packages/airflow/example_dags/example_branch_labels.py
[2025-04-28T17:35:09.243+0000] {processor.py:830} INFO - Processing file /home/airflow/.local/lib/python3.8/site-packages/airflow/example_dags/example_branch_labels.py for tasks to queue
[2025-04-28T17:35:09.244+0000] {logging_mixin.py:188} INFO - [2025-04-28T17:35:09.244+0000] {dagbag.py:538} INFO - Filling up the DagBag from /home/airflow/.local/lib/python3.8/site-packages/airflow/example_dags/example_branch_labels.py
[2025-04-28T17:35:09.249+0000] {processor.py:840} INFO - DAG(s) 'example_branch_labels' retrieved from /home/airflow/.local/lib/python3.8/site-packages/airflow/example_dags/example_branch_labels.py
[2025-04-28T17:35:09.264+0000] {logging_mixin.py:188} INFO - [2025-04-28T17:35:09.264+0000] {dag.py:3036} INFO - Sync 1 DAGs
[2025-04-28T17:35:09.282+0000] {logging_mixin.py:188} INFO - [2025-04-28T17:35:09.281+0000] {dag.py:3823} INFO - Setting next_dagrun for example_branch_labels to 2025-04-27 00:00:00+00:00, run_after=2025-04-28 00:00:00+00:00
[2025-04-28T17:35:09.303+0000] {processor.py:183} INFO - Processing /home/airflow/.local/lib/python3.8/site-packages/airflow/example_dags/example_branch_labels.py took 0.065 seconds
[2025-04-28T17:35:39.710+0000] {processor.py:161} INFO - Started process (PID=443) to work on /home/airflow/.local/lib/python3.8/site-packages/airflow/example_dags/example_branch_labels.py
[2025-04-28T17:35:39.713+0000] {processor.py:830} INFO - Processing file /home/airflow/.local/lib/python3.8/site-packages/airflow/example_dags/example_branch_labels.py for tasks to queue
[2025-04-28T17:35:39.721+0000] {logging_mixin.py:188} INFO - [2025-04-28T17:35:39.720+0000] {dagbag.py:538} INFO - Filling up the DagBag from /home/airflow/.local/lib/python3.8/site-packages/airflow/example_dags/example_branch_labels.py
[2025-04-28T17:35:39.740+0000] {processor.py:840} INFO - DAG(s) 'example_branch_labels' retrieved from /home/airflow/.local/lib/python3.8/site-packages/airflow/example_dags/example_branch_labels.py
[2025-04-28T17:35:39.766+0000] {logging_mixin.py:188} INFO - [2025-04-28T17:35:39.766+0000] {dag.py:3036} INFO - Sync 1 DAGs
[2025-04-28T17:35:39.782+0000] {logging_mixin.py:188} INFO - [2025-04-28T17:35:39.782+0000] {dag.py:3823} INFO - Setting next_dagrun for example_branch_labels to 2025-04-27 00:00:00+00:00, run_after=2025-04-28 00:00:00+00:00
[2025-04-28T17:35:39.797+0000] {processor.py:183} INFO - Processing /home/airflow/.local/lib/python3.8/site-packages/airflow/example_dags/example_branch_labels.py took 0.092 seconds
[2025-04-28T17:36:10.661+0000] {processor.py:161} INFO - Started process (PID=498) to work on /home/airflow/.local/lib/python3.8/site-packages/airflow/example_dags/example_branch_labels.py
[2025-04-28T17:36:10.663+0000] {processor.py:830} INFO - Processing file /home/airflow/.local/lib/python3.8/site-packages/airflow/example_dags/example_branch_labels.py for tasks to queue
[2025-04-28T17:36:10.664+0000] {logging_mixin.py:188} INFO - [2025-04-28T17:36:10.664+0000] {dagbag.py:538} INFO - Filling up the DagBag from /home/airflow/.local/lib/python3.8/site-packages/airflow/example_dags/example_branch_labels.py
[2025-04-28T17:36:10.670+0000] {processor.py:840} INFO - DAG(s) 'example_branch_labels' retrieved from /home/airflow/.local/lib/python3.8/site-packages/airflow/example_dags/example_branch_labels.py
[2025-04-28T17:36:10.692+0000] {logging_mixin.py:188} INFO - [2025-04-28T17:36:10.692+0000] {dag.py:3036} INFO - Sync 1 DAGs
[2025-04-28T17:36:10.709+0000] {logging_mixin.py:188} INFO - [2025-04-28T17:36:10.709+0000] {dag.py:3823} INFO - Setting next_dagrun for example_branch_labels to 2025-04-27 00:00:00+00:00, run_after=2025-04-28 00:00:00+00:00
[2025-04-28T17:36:10.727+0000] {processor.py:183} INFO - Processing /home/airflow/.local/lib/python3.8/site-packages/airflow/example_dags/example_branch_labels.py took 0.074 seconds
[2025-04-28T17:36:41.018+0000] {processor.py:161} INFO - Started process (PID=553) to work on /home/airflow/.local/lib/python3.8/site-packages/airflow/example_dags/example_branch_labels.py
[2025-04-28T17:36:41.019+0000] {processor.py:830} INFO - Processing file /home/airflow/.local/lib/python3.8/site-packages/airflow/example_dags/example_branch_labels.py for tasks to queue
[2025-04-28T17:36:41.022+0000] {logging_mixin.py:188} INFO - [2025-04-28T17:36:41.021+0000] {dagbag.py:538} INFO - Filling up the DagBag from /home/airflow/.local/lib/python3.8/site-packages/airflow/example_dags/example_branch_labels.py
[2025-04-28T17:36:41.029+0000] {processor.py:840} INFO - DAG(s) 'example_branch_labels' retrieved from /home/airflow/.local/lib/python3.8/site-packages/airflow/example_dags/example_branch_labels.py
[2025-04-28T17:36:41.051+0000] {logging_mixin.py:188} INFO - [2025-04-28T17:36:41.051+0000] {dag.py:3036} INFO - Sync 1 DAGs
[2025-04-28T17:36:41.069+0000] {logging_mixin.py:188} INFO - [2025-04-28T17:36:41.069+0000] {dag.py:3823} INFO - Setting next_dagrun for example_branch_labels to 2025-04-27 00:00:00+00:00, run_after=2025-04-28 00:00:00+00:00
[2025-04-28T17:36:41.086+0000] {processor.py:183} INFO - Processing /home/airflow/.local/lib/python3.8/site-packages/airflow/example_dags/example_branch_labels.py took 0.072 seconds
[2025-04-28T17:37:11.357+0000] {processor.py:161} INFO - Started process (PID=613) to work on /home/airflow/.local/lib/python3.8/site-packages/airflow/example_dags/example_branch_labels.py
[2025-04-28T17:37:11.359+0000] {processor.py:830} INFO - Processing file /home/airflow/.local/lib/python3.8/site-packages/airflow/example_dags/example_branch_labels.py for tasks to queue
[2025-04-28T17:37:11.360+0000] {logging_mixin.py:188} INFO - [2025-04-28T17:37:11.360+0000] {dagbag.py:538} INFO - Filling up the DagBag from /home/airflow/.local/lib/python3.8/site-packages/airflow/example_dags/example_branch_labels.py
[2025-04-28T17:37:11.365+0000] {processor.py:840} INFO - DAG(s) 'example_branch_labels' retrieved from /home/airflow/.local/lib/python3.8/site-packages/airflow/example_dags/example_branch_labels.py
[2025-04-28T17:37:11.383+0000] {logging_mixin.py:188} INFO - [2025-04-28T17:37:11.383+0000] {dag.py:3036} INFO - Sync 1 DAGs
[2025-04-28T17:37:11.401+0000] {logging_mixin.py:188} INFO - [2025-04-28T17:37:11.401+0000] {dag.py:3823} INFO - Setting next_dagrun for example_branch_labels to 2025-04-27 00:00:00+00:00, run_after=2025-04-28 00:00:00+00:00
[2025-04-28T17:37:11.424+0000] {processor.py:183} INFO - Processing /home/airflow/.local/lib/python3.8/site-packages/airflow/example_dags/example_branch_labels.py took 0.073 seconds
[2025-04-28T17:37:42.912+0000] {processor.py:161} INFO - Started process (PID=675) to work on /home/airflow/.local/lib/python3.8/site-packages/airflow/example_dags/example_branch_labels.py
[2025-04-28T17:37:42.914+0000] {processor.py:830} INFO - Processing file /home/airflow/.local/lib/python3.8/site-packages/airflow/example_dags/example_branch_labels.py for tasks to queue
[2025-04-28T17:37:42.915+0000] {logging_mixin.py:188} INFO - [2025-04-28T17:37:42.915+0000] {dagbag.py:538} INFO - Filling up the DagBag from /home/airflow/.local/lib/python3.8/site-packages/airflow/example_dags/example_branch_labels.py
[2025-04-28T17:37:42.920+0000] {processor.py:840} INFO - DAG(s) 'example_branch_labels' retrieved from /home/airflow/.local/lib/python3.8/site-packages/airflow/example_dags/example_branch_labels.py
[2025-04-28T17:37:42.937+0000] {logging_mixin.py:188} INFO - [2025-04-28T17:37:42.937+0000] {dag.py:3036} INFO - Sync 1 DAGs
[2025-04-28T17:37:42.951+0000] {logging_mixin.py:188} INFO - [2025-04-28T17:37:42.951+0000] {dag.py:3823} INFO - Setting next_dagrun for example_branch_labels to 2025-04-27 00:00:00+00:00, run_after=2025-04-28 00:00:00+00:00
[2025-04-28T17:37:42.961+0000] {processor.py:183} INFO - Processing /home/airflow/.local/lib/python3.8/site-packages/airflow/example_dags/example_branch_labels.py took 0.057 seconds
[2025-04-28T17:38:13.005+0000] {processor.py:161} INFO - Started process (PID=736) to work on /home/airflow/.local/lib/python3.8/site-packages/airflow/example_dags/example_branch_labels.py
[2025-04-28T17:38:13.006+0000] {processor.py:830} INFO - Processing file /home/airflow/.local/lib/python3.8/site-packages/airflow/example_dags/example_branch_labels.py for tasks to queue
[2025-04-28T17:38:13.007+0000] {logging_mixin.py:188} INFO - [2025-04-28T17:38:13.007+0000] {dagbag.py:538} INFO - Filling up the DagBag from /home/airflow/.local/lib/python3.8/site-packages/airflow/example_dags/example_branch_labels.py
[2025-04-28T17:38:13.011+0000] {processor.py:840} INFO - DAG(s) 'example_branch_labels' retrieved from /home/airflow/.local/lib/python3.8/site-packages/airflow/example_dags/example_branch_labels.py
[2025-04-28T17:38:13.033+0000] {logging_mixin.py:188} INFO - [2025-04-28T17:38:13.032+0000] {dag.py:3036} INFO - Sync 1 DAGs
[2025-04-28T17:38:13.051+0000] {logging_mixin.py:188} INFO - [2025-04-28T17:38:13.051+0000] {dag.py:3823} INFO - Setting next_dagrun for example_branch_labels to 2025-04-27 00:00:00+00:00, run_after=2025-04-28 00:00:00+00:00
[2025-04-28T17:38:13.064+0000] {processor.py:183} INFO - Processing /home/airflow/.local/lib/python3.8/site-packages/airflow/example_dags/example_branch_labels.py took 0.063 seconds
[2025-04-28T17:38:43.364+0000] {processor.py:161} INFO - Started process (PID=797) to work on /home/airflow/.local/lib/python3.8/site-packages/airflow/example_dags/example_branch_labels.py
[2025-04-28T17:38:43.369+0000] {processor.py:830} INFO - Processing file /home/airflow/.local/lib/python3.8/site-packages/airflow/example_dags/example_branch_labels.py for tasks to queue
[2025-04-28T17:38:43.373+0000] {logging_mixin.py:188} INFO - [2025-04-28T17:38:43.373+0000] {dagbag.py:538} INFO - Filling up the DagBag from /home/airflow/.local/lib/python3.8/site-packages/airflow/example_dags/example_branch_labels.py
[2025-04-28T17:38:43.378+0000] {processor.py:840} INFO - DAG(s) 'example_branch_labels' retrieved from /home/airflow/.local/lib/python3.8/site-packages/airflow/example_dags/example_branch_labels.py
[2025-04-28T17:38:43.397+0000] {logging_mixin.py:188} INFO - [2025-04-28T17:38:43.397+0000] {dag.py:3036} INFO - Sync 1 DAGs
[2025-04-28T17:38:43.414+0000] {logging_mixin.py:188} INFO - [2025-04-28T17:38:43.413+0000] {dag.py:3823} INFO - Setting next_dagrun for example_branch_labels to 2025-04-27 00:00:00+00:00, run_after=2025-04-28 00:00:00+00:00
[2025-04-28T17:38:43.427+0000] {processor.py:183} INFO - Processing /home/airflow/.local/lib/python3.8/site-packages/airflow/example_dags/example_branch_labels.py took 0.067 seconds
[2025-04-28T17:39:13.477+0000] {processor.py:161} INFO - Started process (PID=854) to work on /home/airflow/.local/lib/python3.8/site-packages/airflow/example_dags/example_branch_labels.py
[2025-04-28T17:39:13.479+0000] {processor.py:830} INFO - Processing file /home/airflow/.local/lib/python3.8/site-packages/airflow/example_dags/example_branch_labels.py for tasks to queue
[2025-04-28T17:39:13.482+0000] {logging_mixin.py:188} INFO - [2025-04-28T17:39:13.482+0000] {dagbag.py:538} INFO - Filling up the DagBag from /home/airflow/.local/lib/python3.8/site-packages/airflow/example_dags/example_branch_labels.py
[2025-04-28T17:39:13.490+0000] {processor.py:840} INFO - DAG(s) 'example_branch_labels' retrieved from /home/airflow/.local/lib/python3.8/site-packages/airflow/example_dags/example_branch_labels.py
[2025-04-28T17:39:13.530+0000] {logging_mixin.py:188} INFO - [2025-04-28T17:39:13.529+0000] {dag.py:3036} INFO - Sync 1 DAGs
[2025-04-28T17:39:13.558+0000] {logging_mixin.py:188} INFO - [2025-04-28T17:39:13.558+0000] {dag.py:3823} INFO - Setting next_dagrun for example_branch_labels to 2025-04-27 00:00:00+00:00, run_after=2025-04-28 00:00:00+00:00
[2025-04-28T17:39:13.579+0000] {processor.py:183} INFO - Processing /home/airflow/.local/lib/python3.8/site-packages/airflow/example_dags/example_branch_labels.py took 0.115 seconds
[2025-04-28T17:39:44.358+0000] {processor.py:161} INFO - Started process (PID=912) to work on /home/airflow/.local/lib/python3.8/site-packages/airflow/example_dags/example_branch_labels.py
[2025-04-28T17:39:44.359+0000] {processor.py:830} INFO - Processing file /home/airflow/.local/lib/python3.8/site-packages/airflow/example_dags/example_branch_labels.py for tasks to queue
[2025-04-28T17:39:44.360+0000] {logging_mixin.py:188} INFO - [2025-04-28T17:39:44.360+0000] {dagbag.py:538} INFO - Filling up the DagBag from /home/airflow/.local/lib/python3.8/site-packages/airflow/example_dags/example_branch_labels.py
[2025-04-28T17:39:44.365+0000] {processor.py:840} INFO - DAG(s) 'example_branch_labels' retrieved from /home/airflow/.local/lib/python3.8/site-packages/airflow/example_dags/example_branch_labels.py
[2025-04-28T17:39:44.381+0000] {logging_mixin.py:188} INFO - [2025-04-28T17:39:44.381+0000] {dag.py:3036} INFO - Sync 1 DAGs
[2025-04-28T17:39:44.396+0000] {logging_mixin.py:188} INFO - [2025-04-28T17:39:44.396+0000] {dag.py:3823} INFO - Setting next_dagrun for example_branch_labels to 2025-04-27 00:00:00+00:00, run_after=2025-04-28 00:00:00+00:00
[2025-04-28T17:39:44.409+0000] {processor.py:183} INFO - Processing /home/airflow/.local/lib/python3.8/site-packages/airflow/example_dags/example_branch_labels.py took 0.055 seconds
[2025-04-28T17:40:14.890+0000] {processor.py:161} INFO - Started process (PID=972) to work on /home/airflow/.local/lib/python3.8/site-packages/airflow/example_dags/example_branch_labels.py
[2025-04-28T17:40:14.893+0000] {processor.py:830} INFO - Processing file /home/airflow/.local/lib/python3.8/site-packages/airflow/example_dags/example_branch_labels.py for tasks to queue
[2025-04-28T17:40:14.896+0000] {logging_mixin.py:188} INFO - [2025-04-28T17:40:14.896+0000] {dagbag.py:538} INFO - Filling up the DagBag from /home/airflow/.local/lib/python3.8/site-packages/airflow/example_dags/example_branch_labels.py
[2025-04-28T17:40:14.901+0000] {processor.py:840} INFO - DAG(s) 'example_branch_labels' retrieved from /home/airflow/.local/lib/python3.8/site-packages/airflow/example_dags/example_branch_labels.py
[2025-04-28T17:40:14.915+0000] {logging_mixin.py:188} INFO - [2025-04-28T17:40:14.915+0000] {dag.py:3036} INFO - Sync 1 DAGs
[2025-04-28T17:40:14.928+0000] {logging_mixin.py:188} INFO - [2025-04-28T17:40:14.928+0000] {dag.py:3823} INFO - Setting next_dagrun for example_branch_labels to 2025-04-27 00:00:00+00:00, run_after=2025-04-28 00:00:00+00:00
[2025-04-28T17:40:14.942+0000] {processor.py:183} INFO - Processing /home/airflow/.local/lib/python3.8/site-packages/airflow/example_dags/example_branch_labels.py took 0.060 seconds
[2025-04-28T17:40:45.054+0000] {processor.py:161} INFO - Started process (PID=1032) to work on /home/airflow/.local/lib/python3.8/site-packages/airflow/example_dags/example_branch_labels.py
[2025-04-28T17:40:45.056+0000] {processor.py:830} INFO - Processing file /home/airflow/.local/lib/python3.8/site-packages/airflow/example_dags/example_branch_labels.py for tasks to queue
[2025-04-28T17:40:45.057+0000] {logging_mixin.py:188} INFO - [2025-04-28T17:40:45.057+0000] {dagbag.py:538} INFO - Filling up the DagBag from /home/airflow/.local/lib/python3.8/site-packages/airflow/example_dags/example_branch_labels.py
[2025-04-28T17:40:45.061+0000] {processor.py:840} INFO - DAG(s) 'example_branch_labels' retrieved from /home/airflow/.local/lib/python3.8/site-packages/airflow/example_dags/example_branch_labels.py
[2025-04-28T17:40:45.081+0000] {logging_mixin.py:188} INFO - [2025-04-28T17:40:45.081+0000] {dag.py:3036} INFO - Sync 1 DAGs
[2025-04-28T17:40:45.107+0000] {logging_mixin.py:188} INFO - [2025-04-28T17:40:45.106+0000] {dag.py:3823} INFO - Setting next_dagrun for example_branch_labels to 2025-04-27 00:00:00+00:00, run_after=2025-04-28 00:00:00+00:00
[2025-04-28T17:40:45.120+0000] {processor.py:183} INFO - Processing /home/airflow/.local/lib/python3.8/site-packages/airflow/example_dags/example_branch_labels.py took 0.069 seconds
[2025-04-28T17:41:15.402+0000] {processor.py:161} INFO - Started process (PID=1088) to work on /home/airflow/.local/lib/python3.8/site-packages/airflow/example_dags/example_branch_labels.py
[2025-04-28T17:41:15.404+0000] {processor.py:830} INFO - Processing file /home/airflow/.local/lib/python3.8/site-packages/airflow/example_dags/example_branch_labels.py for tasks to queue
[2025-04-28T17:41:15.405+0000] {logging_mixin.py:188} INFO - [2025-04-28T17:41:15.405+0000] {dagbag.py:538} INFO - Filling up the DagBag from /home/airflow/.local/lib/python3.8/site-packages/airflow/example_dags/example_branch_labels.py
[2025-04-28T17:41:15.411+0000] {processor.py:840} INFO - DAG(s) 'example_branch_labels' retrieved from /home/airflow/.local/lib/python3.8/site-packages/airflow/example_dags/example_branch_labels.py
[2025-04-28T17:41:15.429+0000] {logging_mixin.py:188} INFO - [2025-04-28T17:41:15.429+0000] {dag.py:3036} INFO - Sync 1 DAGs
[2025-04-28T17:41:15.441+0000] {logging_mixin.py:188} INFO - [2025-04-28T17:41:15.441+0000] {dag.py:3823} INFO - Setting next_dagrun for example_branch_labels to 2025-04-27 00:00:00+00:00, run_after=2025-04-28 00:00:00+00:00
[2025-04-28T17:41:15.457+0000] {processor.py:183} INFO - Processing /home/airflow/.local/lib/python3.8/site-packages/airflow/example_dags/example_branch_labels.py took 0.061 seconds
[2025-04-28T17:42:51.885+0000] {processor.py:161} INFO - Started process (PID=67) to work on /home/airflow/.local/lib/python3.8/site-packages/airflow/example_dags/example_branch_labels.py
[2025-04-28T17:42:51.888+0000] {processor.py:830} INFO - Processing file /home/airflow/.local/lib/python3.8/site-packages/airflow/example_dags/example_branch_labels.py for tasks to queue
[2025-04-28T17:42:51.892+0000] {logging_mixin.py:188} INFO - [2025-04-28T17:42:51.891+0000] {dagbag.py:538} INFO - Filling up the DagBag from /home/airflow/.local/lib/python3.8/site-packages/airflow/example_dags/example_branch_labels.py
[2025-04-28T17:42:51.912+0000] {processor.py:840} INFO - DAG(s) 'example_branch_labels' retrieved from /home/airflow/.local/lib/python3.8/site-packages/airflow/example_dags/example_branch_labels.py
[2025-04-28T17:42:51.939+0000] {logging_mixin.py:188} INFO - [2025-04-28T17:42:51.937+0000] {dag.py:3036} INFO - Sync 1 DAGs
[2025-04-28T17:42:51.973+0000] {logging_mixin.py:188} INFO - [2025-04-28T17:42:51.973+0000] {dag.py:3823} INFO - Setting next_dagrun for example_branch_labels to 2025-04-27 00:00:00+00:00, run_after=2025-04-28 00:00:00+00:00
[2025-04-28T17:42:52.001+0000] {processor.py:183} INFO - Processing /home/airflow/.local/lib/python3.8/site-packages/airflow/example_dags/example_branch_labels.py took 0.122 seconds
[2025-04-28T17:43:23.550+0000] {processor.py:161} INFO - Started process (PID=123) to work on /home/airflow/.local/lib/python3.8/site-packages/airflow/example_dags/example_branch_labels.py
[2025-04-28T17:43:23.557+0000] {processor.py:830} INFO - Processing file /home/airflow/.local/lib/python3.8/site-packages/airflow/example_dags/example_branch_labels.py for tasks to queue
[2025-04-28T17:43:23.571+0000] {logging_mixin.py:188} INFO - [2025-04-28T17:43:23.571+0000] {dagbag.py:538} INFO - Filling up the DagBag from /home/airflow/.local/lib/python3.8/site-packages/airflow/example_dags/example_branch_labels.py
[2025-04-28T17:43:23.599+0000] {processor.py:840} INFO - DAG(s) 'example_branch_labels' retrieved from /home/airflow/.local/lib/python3.8/site-packages/airflow/example_dags/example_branch_labels.py
[2025-04-28T17:43:23.764+0000] {logging_mixin.py:188} INFO - [2025-04-28T17:43:23.764+0000] {dag.py:3036} INFO - Sync 1 DAGs
[2025-04-28T17:43:23.824+0000] {logging_mixin.py:188} INFO - [2025-04-28T17:43:23.823+0000] {dag.py:3823} INFO - Setting next_dagrun for example_branch_labels to 2025-04-27 00:00:00+00:00, run_after=2025-04-28 00:00:00+00:00
[2025-04-28T17:43:23.842+0000] {processor.py:183} INFO - Processing /home/airflow/.local/lib/python3.8/site-packages/airflow/example_dags/example_branch_labels.py took 0.308 seconds
[2025-04-28T17:43:54.418+0000] {processor.py:161} INFO - Started process (PID=179) to work on /home/airflow/.local/lib/python3.8/site-packages/airflow/example_dags/example_branch_labels.py
[2025-04-28T17:43:54.420+0000] {processor.py:830} INFO - Processing file /home/airflow/.local/lib/python3.8/site-packages/airflow/example_dags/example_branch_labels.py for tasks to queue
[2025-04-28T17:43:54.424+0000] {logging_mixin.py:188} INFO - [2025-04-28T17:43:54.423+0000] {dagbag.py:538} INFO - Filling up the DagBag from /home/airflow/.local/lib/python3.8/site-packages/airflow/example_dags/example_branch_labels.py
[2025-04-28T17:43:54.445+0000] {processor.py:840} INFO - DAG(s) 'example_branch_labels' retrieved from /home/airflow/.local/lib/python3.8/site-packages/airflow/example_dags/example_branch_labels.py
[2025-04-28T17:43:54.543+0000] {logging_mixin.py:188} INFO - [2025-04-28T17:43:54.542+0000] {dag.py:3036} INFO - Sync 1 DAGs
[2025-04-28T17:43:54.578+0000] {logging_mixin.py:188} INFO - [2025-04-28T17:43:54.578+0000] {dag.py:3823} INFO - Setting next_dagrun for example_branch_labels to 2025-04-27 00:00:00+00:00, run_after=2025-04-28 00:00:00+00:00
[2025-04-28T17:43:54.600+0000] {processor.py:183} INFO - Processing /home/airflow/.local/lib/python3.8/site-packages/airflow/example_dags/example_branch_labels.py took 0.194 seconds
[2025-04-28T17:44:25.471+0000] {processor.py:161} INFO - Started process (PID=235) to work on /home/airflow/.local/lib/python3.8/site-packages/airflow/example_dags/example_branch_labels.py
[2025-04-28T17:44:25.472+0000] {processor.py:830} INFO - Processing file /home/airflow/.local/lib/python3.8/site-packages/airflow/example_dags/example_branch_labels.py for tasks to queue
[2025-04-28T17:44:25.474+0000] {logging_mixin.py:188} INFO - [2025-04-28T17:44:25.473+0000] {dagbag.py:538} INFO - Filling up the DagBag from /home/airflow/.local/lib/python3.8/site-packages/airflow/example_dags/example_branch_labels.py
[2025-04-28T17:44:25.478+0000] {processor.py:840} INFO - DAG(s) 'example_branch_labels' retrieved from /home/airflow/.local/lib/python3.8/site-packages/airflow/example_dags/example_branch_labels.py
[2025-04-28T17:44:25.495+0000] {logging_mixin.py:188} INFO - [2025-04-28T17:44:25.495+0000] {dag.py:3036} INFO - Sync 1 DAGs
[2025-04-28T17:44:25.509+0000] {logging_mixin.py:188} INFO - [2025-04-28T17:44:25.509+0000] {dag.py:3823} INFO - Setting next_dagrun for example_branch_labels to 2025-04-27 00:00:00+00:00, run_after=2025-04-28 00:00:00+00:00
[2025-04-28T17:44:25.523+0000] {processor.py:183} INFO - Processing /home/airflow/.local/lib/python3.8/site-packages/airflow/example_dags/example_branch_labels.py took 0.054 seconds
[2025-04-28T17:44:58.403+0000] {processor.py:161} INFO - Started process (PID=297) to work on /home/airflow/.local/lib/python3.8/site-packages/airflow/example_dags/example_branch_labels.py
[2025-04-28T17:44:58.407+0000] {processor.py:830} INFO - Processing file /home/airflow/.local/lib/python3.8/site-packages/airflow/example_dags/example_branch_labels.py for tasks to queue
[2025-04-28T17:44:58.425+0000] {logging_mixin.py:188} INFO - [2025-04-28T17:44:58.425+0000] {dagbag.py:538} INFO - Filling up the DagBag from /home/airflow/.local/lib/python3.8/site-packages/airflow/example_dags/example_branch_labels.py
[2025-04-28T17:44:58.467+0000] {processor.py:840} INFO - DAG(s) 'example_branch_labels' retrieved from /home/airflow/.local/lib/python3.8/site-packages/airflow/example_dags/example_branch_labels.py
[2025-04-28T17:44:58.581+0000] {logging_mixin.py:188} INFO - [2025-04-28T17:44:58.580+0000] {dag.py:3036} INFO - Sync 1 DAGs
[2025-04-28T17:44:58.683+0000] {logging_mixin.py:188} INFO - [2025-04-28T17:44:58.683+0000] {dag.py:3823} INFO - Setting next_dagrun for example_branch_labels to 2025-04-27 00:00:00+00:00, run_after=2025-04-28 00:00:00+00:00
[2025-04-28T17:44:58.746+0000] {processor.py:183} INFO - Processing /home/airflow/.local/lib/python3.8/site-packages/airflow/example_dags/example_branch_labels.py took 0.397 seconds
[2025-04-28T17:45:29.217+0000] {processor.py:161} INFO - Started process (PID=353) to work on /home/airflow/.local/lib/python3.8/site-packages/airflow/example_dags/example_branch_labels.py
[2025-04-28T17:45:29.221+0000] {processor.py:830} INFO - Processing file /home/airflow/.local/lib/python3.8/site-packages/airflow/example_dags/example_branch_labels.py for tasks to queue
[2025-04-28T17:45:29.224+0000] {logging_mixin.py:188} INFO - [2025-04-28T17:45:29.223+0000] {dagbag.py:538} INFO - Filling up the DagBag from /home/airflow/.local/lib/python3.8/site-packages/airflow/example_dags/example_branch_labels.py
[2025-04-28T17:45:29.244+0000] {processor.py:840} INFO - DAG(s) 'example_branch_labels' retrieved from /home/airflow/.local/lib/python3.8/site-packages/airflow/example_dags/example_branch_labels.py
[2025-04-28T17:45:29.271+0000] {logging_mixin.py:188} INFO - [2025-04-28T17:45:29.271+0000] {dag.py:3036} INFO - Sync 1 DAGs
[2025-04-28T17:45:29.300+0000] {logging_mixin.py:188} INFO - [2025-04-28T17:45:29.299+0000] {dag.py:3823} INFO - Setting next_dagrun for example_branch_labels to 2025-04-27 00:00:00+00:00, run_after=2025-04-28 00:00:00+00:00
[2025-04-28T17:45:29.334+0000] {processor.py:183} INFO - Processing /home/airflow/.local/lib/python3.8/site-packages/airflow/example_dags/example_branch_labels.py took 0.120 seconds
[2025-04-28T17:45:59.915+0000] {processor.py:161} INFO - Started process (PID=409) to work on /home/airflow/.local/lib/python3.8/site-packages/airflow/example_dags/example_branch_labels.py
[2025-04-28T17:45:59.917+0000] {processor.py:830} INFO - Processing file /home/airflow/.local/lib/python3.8/site-packages/airflow/example_dags/example_branch_labels.py for tasks to queue
[2025-04-28T17:45:59.919+0000] {logging_mixin.py:188} INFO - [2025-04-28T17:45:59.919+0000] {dagbag.py:538} INFO - Filling up the DagBag from /home/airflow/.local/lib/python3.8/site-packages/airflow/example_dags/example_branch_labels.py
[2025-04-28T17:45:59.923+0000] {processor.py:840} INFO - DAG(s) 'example_branch_labels' retrieved from /home/airflow/.local/lib/python3.8/site-packages/airflow/example_dags/example_branch_labels.py
[2025-04-28T17:45:59.939+0000] {logging_mixin.py:188} INFO - [2025-04-28T17:45:59.939+0000] {dag.py:3036} INFO - Sync 1 DAGs
[2025-04-28T17:45:59.952+0000] {logging_mixin.py:188} INFO - [2025-04-28T17:45:59.951+0000] {dag.py:3823} INFO - Setting next_dagrun for example_branch_labels to 2025-04-27 00:00:00+00:00, run_after=2025-04-28 00:00:00+00:00
[2025-04-28T17:45:59.963+0000] {processor.py:183} INFO - Processing /home/airflow/.local/lib/python3.8/site-packages/airflow/example_dags/example_branch_labels.py took 0.049 seconds
[2025-04-28T17:46:30.190+0000] {processor.py:161} INFO - Started process (PID=465) to work on /home/airflow/.local/lib/python3.8/site-packages/airflow/example_dags/example_branch_labels.py
[2025-04-28T17:46:30.191+0000] {processor.py:830} INFO - Processing file /home/airflow/.local/lib/python3.8/site-packages/airflow/example_dags/example_branch_labels.py for tasks to queue
[2025-04-28T17:46:30.192+0000] {logging_mixin.py:188} INFO - [2025-04-28T17:46:30.192+0000] {dagbag.py:538} INFO - Filling up the DagBag from /home/airflow/.local/lib/python3.8/site-packages/airflow/example_dags/example_branch_labels.py
[2025-04-28T17:46:30.197+0000] {processor.py:840} INFO - DAG(s) 'example_branch_labels' retrieved from /home/airflow/.local/lib/python3.8/site-packages/airflow/example_dags/example_branch_labels.py
[2025-04-28T17:46:30.219+0000] {logging_mixin.py:188} INFO - [2025-04-28T17:46:30.219+0000] {dag.py:3036} INFO - Sync 1 DAGs
[2025-04-28T17:46:30.237+0000] {logging_mixin.py:188} INFO - [2025-04-28T17:46:30.236+0000] {dag.py:3823} INFO - Setting next_dagrun for example_branch_labels to 2025-04-27 00:00:00+00:00, run_after=2025-04-28 00:00:00+00:00
[2025-04-28T17:46:30.254+0000] {processor.py:183} INFO - Processing /home/airflow/.local/lib/python3.8/site-packages/airflow/example_dags/example_branch_labels.py took 0.077 seconds
