[2025-04-28T17:32:11.454+0000] {processor.py:161} INFO - Started process (PID=89) to work on /home/airflow/.local/lib/python3.8/site-packages/airflow/example_dags/example_latest_only_with_trigger.py
[2025-04-28T17:32:11.456+0000] {processor.py:830} INFO - Processing file /home/airflow/.local/lib/python3.8/site-packages/airflow/example_dags/example_latest_only_with_trigger.py for tasks to queue
[2025-04-28T17:32:11.459+0000] {logging_mixin.py:188} INFO - [2025-04-28T17:32:11.459+0000] {dagbag.py:538} INFO - Filling up the DagBag from /home/airflow/.local/lib/python3.8/site-packages/airflow/example_dags/example_latest_only_with_trigger.py
[2025-04-28T17:32:11.473+0000] {processor.py:840} INFO - DAG(s) 'latest_only_with_trigger' retrieved from /home/airflow/.local/lib/python3.8/site-packages/airflow/example_dags/example_latest_only_with_trigger.py
[2025-04-28T17:32:11.501+0000] {logging_mixin.py:188} INFO - [2025-04-28T17:32:11.500+0000] {dag.py:3036} INFO - Sync 1 DAGs
[2025-04-28T17:32:11.525+0000] {logging_mixin.py:188} INFO - [2025-04-28T17:32:11.525+0000] {dag.py:3823} INFO - Setting next_dagrun for latest_only_with_trigger to 2025-04-28 12:00:00+00:00, run_after=2025-04-28 16:00:00+00:00
[2025-04-28T17:32:11.543+0000] {processor.py:183} INFO - Processing /home/airflow/.local/lib/python3.8/site-packages/airflow/example_dags/example_latest_only_with_trigger.py took 0.093 seconds
[2025-04-28T17:32:42.671+0000] {processor.py:161} INFO - Started process (PID=144) to work on /home/airflow/.local/lib/python3.8/site-packages/airflow/example_dags/example_latest_only_with_trigger.py
[2025-04-28T17:32:42.672+0000] {processor.py:830} INFO - Processing file /home/airflow/.local/lib/python3.8/site-packages/airflow/example_dags/example_latest_only_with_trigger.py for tasks to queue
[2025-04-28T17:32:42.673+0000] {logging_mixin.py:188} INFO - [2025-04-28T17:32:42.673+0000] {dagbag.py:538} INFO - Filling up the DagBag from /home/airflow/.local/lib/python3.8/site-packages/airflow/example_dags/example_latest_only_with_trigger.py
[2025-04-28T17:32:42.678+0000] {processor.py:840} INFO - DAG(s) 'latest_only_with_trigger' retrieved from /home/airflow/.local/lib/python3.8/site-packages/airflow/example_dags/example_latest_only_with_trigger.py
[2025-04-28T17:32:42.758+0000] {logging_mixin.py:188} INFO - [2025-04-28T17:32:42.758+0000] {dag.py:3036} INFO - Sync 1 DAGs
[2025-04-28T17:32:42.781+0000] {logging_mixin.py:188} INFO - [2025-04-28T17:32:42.780+0000] {dag.py:3823} INFO - Setting next_dagrun for latest_only_with_trigger to 2025-04-28 12:00:00+00:00, run_after=2025-04-28 16:00:00+00:00
[2025-04-28T17:32:42.806+0000] {processor.py:183} INFO - Processing /home/airflow/.local/lib/python3.8/site-packages/airflow/example_dags/example_latest_only_with_trigger.py took 0.138 seconds
[2025-04-28T17:33:13.187+0000] {processor.py:161} INFO - Started process (PID=199) to work on /home/airflow/.local/lib/python3.8/site-packages/airflow/example_dags/example_latest_only_with_trigger.py
[2025-04-28T17:33:13.188+0000] {processor.py:830} INFO - Processing file /home/airflow/.local/lib/python3.8/site-packages/airflow/example_dags/example_latest_only_with_trigger.py for tasks to queue
[2025-04-28T17:33:13.190+0000] {logging_mixin.py:188} INFO - [2025-04-28T17:33:13.189+0000] {dagbag.py:538} INFO - Filling up the DagBag from /home/airflow/.local/lib/python3.8/site-packages/airflow/example_dags/example_latest_only_with_trigger.py
[2025-04-28T17:33:13.194+0000] {processor.py:840} INFO - DAG(s) 'latest_only_with_trigger' retrieved from /home/airflow/.local/lib/python3.8/site-packages/airflow/example_dags/example_latest_only_with_trigger.py
[2025-04-28T17:33:13.369+0000] {logging_mixin.py:188} INFO - [2025-04-28T17:33:13.369+0000] {dag.py:3036} INFO - Sync 1 DAGs
[2025-04-28T17:33:13.642+0000] {logging_mixin.py:188} INFO - [2025-04-28T17:33:13.641+0000] {dag.py:3823} INFO - Setting next_dagrun for latest_only_with_trigger to 2025-04-28 12:00:00+00:00, run_after=2025-04-28 16:00:00+00:00
[2025-04-28T17:33:13.798+0000] {processor.py:183} INFO - Processing /home/airflow/.local/lib/python3.8/site-packages/airflow/example_dags/example_latest_only_with_trigger.py took 0.614 seconds
[2025-04-28T17:33:44.239+0000] {processor.py:161} INFO - Started process (PID=254) to work on /home/airflow/.local/lib/python3.8/site-packages/airflow/example_dags/example_latest_only_with_trigger.py
[2025-04-28T17:33:44.240+0000] {processor.py:830} INFO - Processing file /home/airflow/.local/lib/python3.8/site-packages/airflow/example_dags/example_latest_only_with_trigger.py for tasks to queue
[2025-04-28T17:33:44.244+0000] {logging_mixin.py:188} INFO - [2025-04-28T17:33:44.244+0000] {dagbag.py:538} INFO - Filling up the DagBag from /home/airflow/.local/lib/python3.8/site-packages/airflow/example_dags/example_latest_only_with_trigger.py
[2025-04-28T17:33:44.247+0000] {processor.py:840} INFO - DAG(s) 'latest_only_with_trigger' retrieved from /home/airflow/.local/lib/python3.8/site-packages/airflow/example_dags/example_latest_only_with_trigger.py
[2025-04-28T17:33:44.264+0000] {logging_mixin.py:188} INFO - [2025-04-28T17:33:44.264+0000] {dag.py:3036} INFO - Sync 1 DAGs
[2025-04-28T17:33:44.280+0000] {logging_mixin.py:188} INFO - [2025-04-28T17:33:44.280+0000] {dag.py:3823} INFO - Setting next_dagrun for latest_only_with_trigger to 2025-04-28 12:00:00+00:00, run_after=2025-04-28 16:00:00+00:00
[2025-04-28T17:33:44.290+0000] {processor.py:183} INFO - Processing /home/airflow/.local/lib/python3.8/site-packages/airflow/example_dags/example_latest_only_with_trigger.py took 0.055 seconds
[2025-04-28T17:34:15.362+0000] {processor.py:161} INFO - Started process (PID=309) to work on /home/airflow/.local/lib/python3.8/site-packages/airflow/example_dags/example_latest_only_with_trigger.py
[2025-04-28T17:34:15.363+0000] {processor.py:830} INFO - Processing file /home/airflow/.local/lib/python3.8/site-packages/airflow/example_dags/example_latest_only_with_trigger.py for tasks to queue
[2025-04-28T17:34:15.364+0000] {logging_mixin.py:188} INFO - [2025-04-28T17:34:15.364+0000] {dagbag.py:538} INFO - Filling up the DagBag from /home/airflow/.local/lib/python3.8/site-packages/airflow/example_dags/example_latest_only_with_trigger.py
[2025-04-28T17:34:15.370+0000] {processor.py:840} INFO - DAG(s) 'latest_only_with_trigger' retrieved from /home/airflow/.local/lib/python3.8/site-packages/airflow/example_dags/example_latest_only_with_trigger.py
[2025-04-28T17:34:15.388+0000] {logging_mixin.py:188} INFO - [2025-04-28T17:34:15.387+0000] {dag.py:3036} INFO - Sync 1 DAGs
[2025-04-28T17:34:15.405+0000] {logging_mixin.py:188} INFO - [2025-04-28T17:34:15.405+0000] {dag.py:3823} INFO - Setting next_dagrun for latest_only_with_trigger to 2025-04-28 12:00:00+00:00, run_after=2025-04-28 16:00:00+00:00
[2025-04-28T17:34:15.425+0000] {processor.py:183} INFO - Processing /home/airflow/.local/lib/python3.8/site-packages/airflow/example_dags/example_latest_only_with_trigger.py took 0.065 seconds
[2025-04-28T17:34:45.753+0000] {processor.py:161} INFO - Started process (PID=364) to work on /home/airflow/.local/lib/python3.8/site-packages/airflow/example_dags/example_latest_only_with_trigger.py
[2025-04-28T17:34:45.754+0000] {processor.py:830} INFO - Processing file /home/airflow/.local/lib/python3.8/site-packages/airflow/example_dags/example_latest_only_with_trigger.py for tasks to queue
[2025-04-28T17:34:45.755+0000] {logging_mixin.py:188} INFO - [2025-04-28T17:34:45.755+0000] {dagbag.py:538} INFO - Filling up the DagBag from /home/airflow/.local/lib/python3.8/site-packages/airflow/example_dags/example_latest_only_with_trigger.py
[2025-04-28T17:34:45.759+0000] {processor.py:840} INFO - DAG(s) 'latest_only_with_trigger' retrieved from /home/airflow/.local/lib/python3.8/site-packages/airflow/example_dags/example_latest_only_with_trigger.py
[2025-04-28T17:34:45.778+0000] {logging_mixin.py:188} INFO - [2025-04-28T17:34:45.778+0000] {dag.py:3036} INFO - Sync 1 DAGs
[2025-04-28T17:34:45.792+0000] {logging_mixin.py:188} INFO - [2025-04-28T17:34:45.791+0000] {dag.py:3823} INFO - Setting next_dagrun for latest_only_with_trigger to 2025-04-28 12:00:00+00:00, run_after=2025-04-28 16:00:00+00:00
[2025-04-28T17:34:45.802+0000] {processor.py:183} INFO - Processing /home/airflow/.local/lib/python3.8/site-packages/airflow/example_dags/example_latest_only_with_trigger.py took 0.053 seconds
[2025-04-28T17:35:15.892+0000] {processor.py:161} INFO - Started process (PID=419) to work on /home/airflow/.local/lib/python3.8/site-packages/airflow/example_dags/example_latest_only_with_trigger.py
[2025-04-28T17:35:15.893+0000] {processor.py:830} INFO - Processing file /home/airflow/.local/lib/python3.8/site-packages/airflow/example_dags/example_latest_only_with_trigger.py for tasks to queue
[2025-04-28T17:35:15.894+0000] {logging_mixin.py:188} INFO - [2025-04-28T17:35:15.894+0000] {dagbag.py:538} INFO - Filling up the DagBag from /home/airflow/.local/lib/python3.8/site-packages/airflow/example_dags/example_latest_only_with_trigger.py
[2025-04-28T17:35:15.908+0000] {processor.py:840} INFO - DAG(s) 'latest_only_with_trigger' retrieved from /home/airflow/.local/lib/python3.8/site-packages/airflow/example_dags/example_latest_only_with_trigger.py
[2025-04-28T17:35:15.922+0000] {logging_mixin.py:188} INFO - [2025-04-28T17:35:15.922+0000] {dag.py:3036} INFO - Sync 1 DAGs
[2025-04-28T17:35:15.934+0000] {logging_mixin.py:188} INFO - [2025-04-28T17:35:15.934+0000] {dag.py:3823} INFO - Setting next_dagrun for latest_only_with_trigger to 2025-04-28 12:00:00+00:00, run_after=2025-04-28 16:00:00+00:00
[2025-04-28T17:35:15.946+0000] {processor.py:183} INFO - Processing /home/airflow/.local/lib/python3.8/site-packages/airflow/example_dags/example_latest_only_with_trigger.py took 0.057 seconds
[2025-04-28T17:35:46.254+0000] {processor.py:161} INFO - Started process (PID=474) to work on /home/airflow/.local/lib/python3.8/site-packages/airflow/example_dags/example_latest_only_with_trigger.py
[2025-04-28T17:35:46.258+0000] {processor.py:830} INFO - Processing file /home/airflow/.local/lib/python3.8/site-packages/airflow/example_dags/example_latest_only_with_trigger.py for tasks to queue
[2025-04-28T17:35:46.259+0000] {logging_mixin.py:188} INFO - [2025-04-28T17:35:46.259+0000] {dagbag.py:538} INFO - Filling up the DagBag from /home/airflow/.local/lib/python3.8/site-packages/airflow/example_dags/example_latest_only_with_trigger.py
[2025-04-28T17:35:46.264+0000] {processor.py:840} INFO - DAG(s) 'latest_only_with_trigger' retrieved from /home/airflow/.local/lib/python3.8/site-packages/airflow/example_dags/example_latest_only_with_trigger.py
[2025-04-28T17:35:46.278+0000] {logging_mixin.py:188} INFO - [2025-04-28T17:35:46.278+0000] {dag.py:3036} INFO - Sync 1 DAGs
[2025-04-28T17:35:46.295+0000] {logging_mixin.py:188} INFO - [2025-04-28T17:35:46.295+0000] {dag.py:3823} INFO - Setting next_dagrun for latest_only_with_trigger to 2025-04-28 12:00:00+00:00, run_after=2025-04-28 16:00:00+00:00
[2025-04-28T17:35:46.316+0000] {processor.py:183} INFO - Processing /home/airflow/.local/lib/python3.8/site-packages/airflow/example_dags/example_latest_only_with_trigger.py took 0.066 seconds
[2025-04-28T17:36:17.671+0000] {processor.py:161} INFO - Started process (PID=529) to work on /home/airflow/.local/lib/python3.8/site-packages/airflow/example_dags/example_latest_only_with_trigger.py
[2025-04-28T17:36:17.684+0000] {processor.py:830} INFO - Processing file /home/airflow/.local/lib/python3.8/site-packages/airflow/example_dags/example_latest_only_with_trigger.py for tasks to queue
[2025-04-28T17:36:17.688+0000] {logging_mixin.py:188} INFO - [2025-04-28T17:36:17.688+0000] {dagbag.py:538} INFO - Filling up the DagBag from /home/airflow/.local/lib/python3.8/site-packages/airflow/example_dags/example_latest_only_with_trigger.py
[2025-04-28T17:36:17.705+0000] {processor.py:840} INFO - DAG(s) 'latest_only_with_trigger' retrieved from /home/airflow/.local/lib/python3.8/site-packages/airflow/example_dags/example_latest_only_with_trigger.py
[2025-04-28T17:36:17.739+0000] {logging_mixin.py:188} INFO - [2025-04-28T17:36:17.738+0000] {dag.py:3036} INFO - Sync 1 DAGs
[2025-04-28T17:36:17.761+0000] {logging_mixin.py:188} INFO - [2025-04-28T17:36:17.761+0000] {dag.py:3823} INFO - Setting next_dagrun for latest_only_with_trigger to 2025-04-28 12:00:00+00:00, run_after=2025-04-28 16:00:00+00:00
[2025-04-28T17:36:17.788+0000] {processor.py:183} INFO - Processing /home/airflow/.local/lib/python3.8/site-packages/airflow/example_dags/example_latest_only_with_trigger.py took 0.137 seconds
[2025-04-28T17:36:48.723+0000] {processor.py:161} INFO - Started process (PID=584) to work on /home/airflow/.local/lib/python3.8/site-packages/airflow/example_dags/example_latest_only_with_trigger.py
[2025-04-28T17:36:48.726+0000] {processor.py:830} INFO - Processing file /home/airflow/.local/lib/python3.8/site-packages/airflow/example_dags/example_latest_only_with_trigger.py for tasks to queue
[2025-04-28T17:36:48.728+0000] {logging_mixin.py:188} INFO - [2025-04-28T17:36:48.728+0000] {dagbag.py:538} INFO - Filling up the DagBag from /home/airflow/.local/lib/python3.8/site-packages/airflow/example_dags/example_latest_only_with_trigger.py
[2025-04-28T17:36:48.739+0000] {processor.py:840} INFO - DAG(s) 'latest_only_with_trigger' retrieved from /home/airflow/.local/lib/python3.8/site-packages/airflow/example_dags/example_latest_only_with_trigger.py
[2025-04-28T17:36:48.770+0000] {logging_mixin.py:188} INFO - [2025-04-28T17:36:48.770+0000] {dag.py:3036} INFO - Sync 1 DAGs
[2025-04-28T17:36:48.784+0000] {logging_mixin.py:188} INFO - [2025-04-28T17:36:48.784+0000] {dag.py:3823} INFO - Setting next_dagrun for latest_only_with_trigger to 2025-04-28 12:00:00+00:00, run_after=2025-04-28 16:00:00+00:00
[2025-04-28T17:36:48.798+0000] {processor.py:183} INFO - Processing /home/airflow/.local/lib/python3.8/site-packages/airflow/example_dags/example_latest_only_with_trigger.py took 0.082 seconds
[2025-04-28T17:37:19.455+0000] {processor.py:161} INFO - Started process (PID=645) to work on /home/airflow/.local/lib/python3.8/site-packages/airflow/example_dags/example_latest_only_with_trigger.py
[2025-04-28T17:37:19.461+0000] {processor.py:830} INFO - Processing file /home/airflow/.local/lib/python3.8/site-packages/airflow/example_dags/example_latest_only_with_trigger.py for tasks to queue
[2025-04-28T17:37:19.466+0000] {logging_mixin.py:188} INFO - [2025-04-28T17:37:19.465+0000] {dagbag.py:538} INFO - Filling up the DagBag from /home/airflow/.local/lib/python3.8/site-packages/airflow/example_dags/example_latest_only_with_trigger.py
[2025-04-28T17:37:19.473+0000] {processor.py:840} INFO - DAG(s) 'latest_only_with_trigger' retrieved from /home/airflow/.local/lib/python3.8/site-packages/airflow/example_dags/example_latest_only_with_trigger.py
[2025-04-28T17:37:19.504+0000] {logging_mixin.py:188} INFO - [2025-04-28T17:37:19.504+0000] {dag.py:3036} INFO - Sync 1 DAGs
[2025-04-28T17:37:19.525+0000] {logging_mixin.py:188} INFO - [2025-04-28T17:37:19.525+0000] {dag.py:3823} INFO - Setting next_dagrun for latest_only_with_trigger to 2025-04-28 12:00:00+00:00, run_after=2025-04-28 16:00:00+00:00
[2025-04-28T17:37:19.543+0000] {processor.py:183} INFO - Processing /home/airflow/.local/lib/python3.8/site-packages/airflow/example_dags/example_latest_only_with_trigger.py took 0.100 seconds
[2025-04-28T17:37:49.872+0000] {processor.py:161} INFO - Started process (PID=706) to work on /home/airflow/.local/lib/python3.8/site-packages/airflow/example_dags/example_latest_only_with_trigger.py
[2025-04-28T17:37:49.878+0000] {processor.py:830} INFO - Processing file /home/airflow/.local/lib/python3.8/site-packages/airflow/example_dags/example_latest_only_with_trigger.py for tasks to queue
[2025-04-28T17:37:49.887+0000] {logging_mixin.py:188} INFO - [2025-04-28T17:37:49.887+0000] {dagbag.py:538} INFO - Filling up the DagBag from /home/airflow/.local/lib/python3.8/site-packages/airflow/example_dags/example_latest_only_with_trigger.py
[2025-04-28T17:37:49.899+0000] {processor.py:840} INFO - DAG(s) 'latest_only_with_trigger' retrieved from /home/airflow/.local/lib/python3.8/site-packages/airflow/example_dags/example_latest_only_with_trigger.py
[2025-04-28T17:37:49.950+0000] {logging_mixin.py:188} INFO - [2025-04-28T17:37:49.949+0000] {dag.py:3036} INFO - Sync 1 DAGs
[2025-04-28T17:37:49.987+0000] {logging_mixin.py:188} INFO - [2025-04-28T17:37:49.987+0000] {dag.py:3823} INFO - Setting next_dagrun for latest_only_with_trigger to 2025-04-28 12:00:00+00:00, run_after=2025-04-28 16:00:00+00:00
[2025-04-28T17:37:50.010+0000] {processor.py:183} INFO - Processing /home/airflow/.local/lib/python3.8/site-packages/airflow/example_dags/example_latest_only_with_trigger.py took 0.152 seconds
[2025-04-28T17:38:21.038+0000] {processor.py:161} INFO - Started process (PID=769) to work on /home/airflow/.local/lib/python3.8/site-packages/airflow/example_dags/example_latest_only_with_trigger.py
[2025-04-28T17:38:21.047+0000] {processor.py:830} INFO - Processing file /home/airflow/.local/lib/python3.8/site-packages/airflow/example_dags/example_latest_only_with_trigger.py for tasks to queue
[2025-04-28T17:38:21.050+0000] {logging_mixin.py:188} INFO - [2025-04-28T17:38:21.049+0000] {dagbag.py:538} INFO - Filling up the DagBag from /home/airflow/.local/lib/python3.8/site-packages/airflow/example_dags/example_latest_only_with_trigger.py
[2025-04-28T17:38:21.072+0000] {processor.py:840} INFO - DAG(s) 'latest_only_with_trigger' retrieved from /home/airflow/.local/lib/python3.8/site-packages/airflow/example_dags/example_latest_only_with_trigger.py
[2025-04-28T17:38:21.115+0000] {logging_mixin.py:188} INFO - [2025-04-28T17:38:21.114+0000] {dag.py:3036} INFO - Sync 1 DAGs
[2025-04-28T17:38:21.150+0000] {logging_mixin.py:188} INFO - [2025-04-28T17:38:21.150+0000] {dag.py:3823} INFO - Setting next_dagrun for latest_only_with_trigger to 2025-04-28 12:00:00+00:00, run_after=2025-04-28 16:00:00+00:00
[2025-04-28T17:38:21.166+0000] {processor.py:183} INFO - Processing /home/airflow/.local/lib/python3.8/site-packages/airflow/example_dags/example_latest_only_with_trigger.py took 0.149 seconds
[2025-04-28T17:38:51.430+0000] {processor.py:161} INFO - Started process (PID=830) to work on /home/airflow/.local/lib/python3.8/site-packages/airflow/example_dags/example_latest_only_with_trigger.py
[2025-04-28T17:38:51.433+0000] {processor.py:830} INFO - Processing file /home/airflow/.local/lib/python3.8/site-packages/airflow/example_dags/example_latest_only_with_trigger.py for tasks to queue
[2025-04-28T17:38:51.437+0000] {logging_mixin.py:188} INFO - [2025-04-28T17:38:51.436+0000] {dagbag.py:538} INFO - Filling up the DagBag from /home/airflow/.local/lib/python3.8/site-packages/airflow/example_dags/example_latest_only_with_trigger.py
[2025-04-28T17:38:51.448+0000] {processor.py:840} INFO - DAG(s) 'latest_only_with_trigger' retrieved from /home/airflow/.local/lib/python3.8/site-packages/airflow/example_dags/example_latest_only_with_trigger.py
[2025-04-28T17:38:51.474+0000] {logging_mixin.py:188} INFO - [2025-04-28T17:38:51.473+0000] {dag.py:3036} INFO - Sync 1 DAGs
[2025-04-28T17:38:51.487+0000] {logging_mixin.py:188} INFO - [2025-04-28T17:38:51.487+0000] {dag.py:3823} INFO - Setting next_dagrun for latest_only_with_trigger to 2025-04-28 12:00:00+00:00, run_after=2025-04-28 16:00:00+00:00
[2025-04-28T17:38:51.504+0000] {processor.py:183} INFO - Processing /home/airflow/.local/lib/python3.8/site-packages/airflow/example_dags/example_latest_only_with_trigger.py took 0.079 seconds
[2025-04-28T17:39:22.388+0000] {processor.py:161} INFO - Started process (PID=886) to work on /home/airflow/.local/lib/python3.8/site-packages/airflow/example_dags/example_latest_only_with_trigger.py
[2025-04-28T17:39:22.392+0000] {processor.py:830} INFO - Processing file /home/airflow/.local/lib/python3.8/site-packages/airflow/example_dags/example_latest_only_with_trigger.py for tasks to queue
[2025-04-28T17:39:22.394+0000] {logging_mixin.py:188} INFO - [2025-04-28T17:39:22.393+0000] {dagbag.py:538} INFO - Filling up the DagBag from /home/airflow/.local/lib/python3.8/site-packages/airflow/example_dags/example_latest_only_with_trigger.py
[2025-04-28T17:39:22.398+0000] {processor.py:840} INFO - DAG(s) 'latest_only_with_trigger' retrieved from /home/airflow/.local/lib/python3.8/site-packages/airflow/example_dags/example_latest_only_with_trigger.py
[2025-04-28T17:39:22.417+0000] {logging_mixin.py:188} INFO - [2025-04-28T17:39:22.417+0000] {dag.py:3036} INFO - Sync 1 DAGs
[2025-04-28T17:39:22.434+0000] {logging_mixin.py:188} INFO - [2025-04-28T17:39:22.434+0000] {dag.py:3823} INFO - Setting next_dagrun for latest_only_with_trigger to 2025-04-28 12:00:00+00:00, run_after=2025-04-28 16:00:00+00:00
[2025-04-28T17:39:22.445+0000] {processor.py:183} INFO - Processing /home/airflow/.local/lib/python3.8/site-packages/airflow/example_dags/example_latest_only_with_trigger.py took 0.061 seconds
[2025-04-28T17:39:52.824+0000] {processor.py:161} INFO - Started process (PID=945) to work on /home/airflow/.local/lib/python3.8/site-packages/airflow/example_dags/example_latest_only_with_trigger.py
[2025-04-28T17:39:52.828+0000] {processor.py:830} INFO - Processing file /home/airflow/.local/lib/python3.8/site-packages/airflow/example_dags/example_latest_only_with_trigger.py for tasks to queue
[2025-04-28T17:39:52.834+0000] {logging_mixin.py:188} INFO - [2025-04-28T17:39:52.833+0000] {dagbag.py:538} INFO - Filling up the DagBag from /home/airflow/.local/lib/python3.8/site-packages/airflow/example_dags/example_latest_only_with_trigger.py
[2025-04-28T17:39:52.842+0000] {processor.py:840} INFO - DAG(s) 'latest_only_with_trigger' retrieved from /home/airflow/.local/lib/python3.8/site-packages/airflow/example_dags/example_latest_only_with_trigger.py
[2025-04-28T17:39:52.875+0000] {logging_mixin.py:188} INFO - [2025-04-28T17:39:52.875+0000] {dag.py:3036} INFO - Sync 1 DAGs
[2025-04-28T17:39:52.900+0000] {logging_mixin.py:188} INFO - [2025-04-28T17:39:52.900+0000] {dag.py:3823} INFO - Setting next_dagrun for latest_only_with_trigger to 2025-04-28 12:00:00+00:00, run_after=2025-04-28 16:00:00+00:00
[2025-04-28T17:39:52.915+0000] {processor.py:183} INFO - Processing /home/airflow/.local/lib/python3.8/site-packages/airflow/example_dags/example_latest_only_with_trigger.py took 0.098 seconds
[2025-04-28T17:40:23.816+0000] {processor.py:161} INFO - Started process (PID=1005) to work on /home/airflow/.local/lib/python3.8/site-packages/airflow/example_dags/example_latest_only_with_trigger.py
[2025-04-28T17:40:23.818+0000] {processor.py:830} INFO - Processing file /home/airflow/.local/lib/python3.8/site-packages/airflow/example_dags/example_latest_only_with_trigger.py for tasks to queue
[2025-04-28T17:40:23.822+0000] {logging_mixin.py:188} INFO - [2025-04-28T17:40:23.821+0000] {dagbag.py:538} INFO - Filling up the DagBag from /home/airflow/.local/lib/python3.8/site-packages/airflow/example_dags/example_latest_only_with_trigger.py
[2025-04-28T17:40:23.862+0000] {processor.py:840} INFO - DAG(s) 'latest_only_with_trigger' retrieved from /home/airflow/.local/lib/python3.8/site-packages/airflow/example_dags/example_latest_only_with_trigger.py
[2025-04-28T17:40:23.957+0000] {logging_mixin.py:188} INFO - [2025-04-28T17:40:23.957+0000] {dag.py:3036} INFO - Sync 1 DAGs
[2025-04-28T17:40:24.002+0000] {logging_mixin.py:188} INFO - [2025-04-28T17:40:24.001+0000] {dag.py:3823} INFO - Setting next_dagrun for latest_only_with_trigger to 2025-04-28 12:00:00+00:00, run_after=2025-04-28 16:00:00+00:00
[2025-04-28T17:40:24.042+0000] {processor.py:183} INFO - Processing /home/airflow/.local/lib/python3.8/site-packages/airflow/example_dags/example_latest_only_with_trigger.py took 0.238 seconds
[2025-04-28T17:40:54.920+0000] {processor.py:161} INFO - Started process (PID=1063) to work on /home/airflow/.local/lib/python3.8/site-packages/airflow/example_dags/example_latest_only_with_trigger.py
[2025-04-28T17:40:54.924+0000] {processor.py:830} INFO - Processing file /home/airflow/.local/lib/python3.8/site-packages/airflow/example_dags/example_latest_only_with_trigger.py for tasks to queue
[2025-04-28T17:40:54.932+0000] {logging_mixin.py:188} INFO - [2025-04-28T17:40:54.932+0000] {dagbag.py:538} INFO - Filling up the DagBag from /home/airflow/.local/lib/python3.8/site-packages/airflow/example_dags/example_latest_only_with_trigger.py
[2025-04-28T17:40:54.955+0000] {processor.py:840} INFO - DAG(s) 'latest_only_with_trigger' retrieved from /home/airflow/.local/lib/python3.8/site-packages/airflow/example_dags/example_latest_only_with_trigger.py
[2025-04-28T17:40:54.998+0000] {logging_mixin.py:188} INFO - [2025-04-28T17:40:54.998+0000] {dag.py:3036} INFO - Sync 1 DAGs
[2025-04-28T17:40:55.041+0000] {logging_mixin.py:188} INFO - [2025-04-28T17:40:55.040+0000] {dag.py:3823} INFO - Setting next_dagrun for latest_only_with_trigger to 2025-04-28 12:00:00+00:00, run_after=2025-04-28 16:00:00+00:00
[2025-04-28T17:40:55.087+0000] {processor.py:183} INFO - Processing /home/airflow/.local/lib/python3.8/site-packages/airflow/example_dags/example_latest_only_with_trigger.py took 0.181 seconds
[2025-04-28T17:41:25.395+0000] {processor.py:161} INFO - Started process (PID=1119) to work on /home/airflow/.local/lib/python3.8/site-packages/airflow/example_dags/example_latest_only_with_trigger.py
[2025-04-28T17:41:25.405+0000] {processor.py:830} INFO - Processing file /home/airflow/.local/lib/python3.8/site-packages/airflow/example_dags/example_latest_only_with_trigger.py for tasks to queue
[2025-04-28T17:41:25.416+0000] {logging_mixin.py:188} INFO - [2025-04-28T17:41:25.414+0000] {dagbag.py:538} INFO - Filling up the DagBag from /home/airflow/.local/lib/python3.8/site-packages/airflow/example_dags/example_latest_only_with_trigger.py
[2025-04-28T17:41:25.450+0000] {processor.py:840} INFO - DAG(s) 'latest_only_with_trigger' retrieved from /home/airflow/.local/lib/python3.8/site-packages/airflow/example_dags/example_latest_only_with_trigger.py
[2025-04-28T17:41:25.550+0000] {logging_mixin.py:188} INFO - [2025-04-28T17:41:25.550+0000] {dag.py:3036} INFO - Sync 1 DAGs
[2025-04-28T17:41:25.599+0000] {logging_mixin.py:188} INFO - [2025-04-28T17:41:25.598+0000] {dag.py:3823} INFO - Setting next_dagrun for latest_only_with_trigger to 2025-04-28 12:00:00+00:00, run_after=2025-04-28 16:00:00+00:00
[2025-04-28T17:41:25.634+0000] {processor.py:183} INFO - Processing /home/airflow/.local/lib/python3.8/site-packages/airflow/example_dags/example_latest_only_with_trigger.py took 0.263 seconds
[2025-04-28T17:43:01.810+0000] {processor.py:161} INFO - Started process (PID=104) to work on /home/airflow/.local/lib/python3.8/site-packages/airflow/example_dags/example_latest_only_with_trigger.py
[2025-04-28T17:43:01.818+0000] {processor.py:830} INFO - Processing file /home/airflow/.local/lib/python3.8/site-packages/airflow/example_dags/example_latest_only_with_trigger.py for tasks to queue
[2025-04-28T17:43:01.819+0000] {logging_mixin.py:188} INFO - [2025-04-28T17:43:01.819+0000] {dagbag.py:538} INFO - Filling up the DagBag from /home/airflow/.local/lib/python3.8/site-packages/airflow/example_dags/example_latest_only_with_trigger.py
[2025-04-28T17:43:01.825+0000] {processor.py:840} INFO - DAG(s) 'latest_only_with_trigger' retrieved from /home/airflow/.local/lib/python3.8/site-packages/airflow/example_dags/example_latest_only_with_trigger.py
[2025-04-28T17:43:02.353+0000] {logging_mixin.py:188} INFO - [2025-04-28T17:43:02.352+0000] {dag.py:3036} INFO - Sync 1 DAGs
[2025-04-28T17:43:02.430+0000] {logging_mixin.py:188} INFO - [2025-04-28T17:43:02.429+0000] {dag.py:3823} INFO - Setting next_dagrun for latest_only_with_trigger to 2025-04-28 12:00:00+00:00, run_after=2025-04-28 16:00:00+00:00
[2025-04-28T17:43:02.473+0000] {processor.py:183} INFO - Processing /home/airflow/.local/lib/python3.8/site-packages/airflow/example_dags/example_latest_only_with_trigger.py took 0.667 seconds
[2025-04-28T17:43:33.423+0000] {processor.py:161} INFO - Started process (PID=160) to work on /home/airflow/.local/lib/python3.8/site-packages/airflow/example_dags/example_latest_only_with_trigger.py
[2025-04-28T17:43:33.427+0000] {processor.py:830} INFO - Processing file /home/airflow/.local/lib/python3.8/site-packages/airflow/example_dags/example_latest_only_with_trigger.py for tasks to queue
[2025-04-28T17:43:33.433+0000] {logging_mixin.py:188} INFO - [2025-04-28T17:43:33.431+0000] {dagbag.py:538} INFO - Filling up the DagBag from /home/airflow/.local/lib/python3.8/site-packages/airflow/example_dags/example_latest_only_with_trigger.py
[2025-04-28T17:43:33.442+0000] {processor.py:840} INFO - DAG(s) 'latest_only_with_trigger' retrieved from /home/airflow/.local/lib/python3.8/site-packages/airflow/example_dags/example_latest_only_with_trigger.py
[2025-04-28T17:43:33.475+0000] {logging_mixin.py:188} INFO - [2025-04-28T17:43:33.475+0000] {dag.py:3036} INFO - Sync 1 DAGs
[2025-04-28T17:43:33.500+0000] {logging_mixin.py:188} INFO - [2025-04-28T17:43:33.500+0000] {dag.py:3823} INFO - Setting next_dagrun for latest_only_with_trigger to 2025-04-28 12:00:00+00:00, run_after=2025-04-28 16:00:00+00:00
[2025-04-28T17:43:33.515+0000] {processor.py:183} INFO - Processing /home/airflow/.local/lib/python3.8/site-packages/airflow/example_dags/example_latest_only_with_trigger.py took 0.101 seconds
[2025-04-28T17:44:03.635+0000] {processor.py:161} INFO - Started process (PID=216) to work on /home/airflow/.local/lib/python3.8/site-packages/airflow/example_dags/example_latest_only_with_trigger.py
[2025-04-28T17:44:03.639+0000] {processor.py:830} INFO - Processing file /home/airflow/.local/lib/python3.8/site-packages/airflow/example_dags/example_latest_only_with_trigger.py for tasks to queue
[2025-04-28T17:44:03.640+0000] {logging_mixin.py:188} INFO - [2025-04-28T17:44:03.640+0000] {dagbag.py:538} INFO - Filling up the DagBag from /home/airflow/.local/lib/python3.8/site-packages/airflow/example_dags/example_latest_only_with_trigger.py
[2025-04-28T17:44:03.647+0000] {processor.py:840} INFO - DAG(s) 'latest_only_with_trigger' retrieved from /home/airflow/.local/lib/python3.8/site-packages/airflow/example_dags/example_latest_only_with_trigger.py
[2025-04-28T17:44:03.683+0000] {logging_mixin.py:188} INFO - [2025-04-28T17:44:03.683+0000] {dag.py:3036} INFO - Sync 1 DAGs
[2025-04-28T17:44:03.722+0000] {logging_mixin.py:188} INFO - [2025-04-28T17:44:03.721+0000] {dag.py:3823} INFO - Setting next_dagrun for latest_only_with_trigger to 2025-04-28 12:00:00+00:00, run_after=2025-04-28 16:00:00+00:00
[2025-04-28T17:44:03.747+0000] {processor.py:183} INFO - Processing /home/airflow/.local/lib/python3.8/site-packages/airflow/example_dags/example_latest_only_with_trigger.py took 0.118 seconds
[2025-04-28T17:44:34.200+0000] {processor.py:161} INFO - Started process (PID=272) to work on /home/airflow/.local/lib/python3.8/site-packages/airflow/example_dags/example_latest_only_with_trigger.py
[2025-04-28T17:44:34.203+0000] {processor.py:830} INFO - Processing file /home/airflow/.local/lib/python3.8/site-packages/airflow/example_dags/example_latest_only_with_trigger.py for tasks to queue
[2025-04-28T17:44:34.205+0000] {logging_mixin.py:188} INFO - [2025-04-28T17:44:34.205+0000] {dagbag.py:538} INFO - Filling up the DagBag from /home/airflow/.local/lib/python3.8/site-packages/airflow/example_dags/example_latest_only_with_trigger.py
[2025-04-28T17:44:34.212+0000] {processor.py:840} INFO - DAG(s) 'latest_only_with_trigger' retrieved from /home/airflow/.local/lib/python3.8/site-packages/airflow/example_dags/example_latest_only_with_trigger.py
[2025-04-28T17:44:34.249+0000] {logging_mixin.py:188} INFO - [2025-04-28T17:44:34.249+0000] {dag.py:3036} INFO - Sync 1 DAGs
[2025-04-28T17:44:34.276+0000] {logging_mixin.py:188} INFO - [2025-04-28T17:44:34.276+0000] {dag.py:3823} INFO - Setting next_dagrun for latest_only_with_trigger to 2025-04-28 12:00:00+00:00, run_after=2025-04-28 16:00:00+00:00
[2025-04-28T17:44:34.305+0000] {processor.py:183} INFO - Processing /home/airflow/.local/lib/python3.8/site-packages/airflow/example_dags/example_latest_only_with_trigger.py took 0.120 seconds
[2025-04-28T17:45:05.265+0000] {processor.py:161} INFO - Started process (PID=328) to work on /home/airflow/.local/lib/python3.8/site-packages/airflow/example_dags/example_latest_only_with_trigger.py
[2025-04-28T17:45:05.275+0000] {processor.py:830} INFO - Processing file /home/airflow/.local/lib/python3.8/site-packages/airflow/example_dags/example_latest_only_with_trigger.py for tasks to queue
[2025-04-28T17:45:05.289+0000] {logging_mixin.py:188} INFO - [2025-04-28T17:45:05.287+0000] {dagbag.py:538} INFO - Filling up the DagBag from /home/airflow/.local/lib/python3.8/site-packages/airflow/example_dags/example_latest_only_with_trigger.py
[2025-04-28T17:45:05.313+0000] {processor.py:840} INFO - DAG(s) 'latest_only_with_trigger' retrieved from /home/airflow/.local/lib/python3.8/site-packages/airflow/example_dags/example_latest_only_with_trigger.py
[2025-04-28T17:45:05.372+0000] {logging_mixin.py:188} INFO - [2025-04-28T17:45:05.371+0000] {dag.py:3036} INFO - Sync 1 DAGs
[2025-04-28T17:45:05.421+0000] {logging_mixin.py:188} INFO - [2025-04-28T17:45:05.421+0000] {dag.py:3823} INFO - Setting next_dagrun for latest_only_with_trigger to 2025-04-28 12:00:00+00:00, run_after=2025-04-28 16:00:00+00:00
[2025-04-28T17:45:05.450+0000] {processor.py:183} INFO - Processing /home/airflow/.local/lib/python3.8/site-packages/airflow/example_dags/example_latest_only_with_trigger.py took 0.204 seconds
[2025-04-28T17:45:36.278+0000] {processor.py:161} INFO - Started process (PID=384) to work on /home/airflow/.local/lib/python3.8/site-packages/airflow/example_dags/example_latest_only_with_trigger.py
[2025-04-28T17:45:36.284+0000] {processor.py:830} INFO - Processing file /home/airflow/.local/lib/python3.8/site-packages/airflow/example_dags/example_latest_only_with_trigger.py for tasks to queue
[2025-04-28T17:45:36.292+0000] {logging_mixin.py:188} INFO - [2025-04-28T17:45:36.290+0000] {dagbag.py:538} INFO - Filling up the DagBag from /home/airflow/.local/lib/python3.8/site-packages/airflow/example_dags/example_latest_only_with_trigger.py
[2025-04-28T17:45:36.310+0000] {processor.py:840} INFO - DAG(s) 'latest_only_with_trigger' retrieved from /home/airflow/.local/lib/python3.8/site-packages/airflow/example_dags/example_latest_only_with_trigger.py
[2025-04-28T17:45:36.357+0000] {logging_mixin.py:188} INFO - [2025-04-28T17:45:36.357+0000] {dag.py:3036} INFO - Sync 1 DAGs
[2025-04-28T17:45:36.388+0000] {logging_mixin.py:188} INFO - [2025-04-28T17:45:36.388+0000] {dag.py:3823} INFO - Setting next_dagrun for latest_only_with_trigger to 2025-04-28 12:00:00+00:00, run_after=2025-04-28 16:00:00+00:00
[2025-04-28T17:45:36.413+0000] {processor.py:183} INFO - Processing /home/airflow/.local/lib/python3.8/site-packages/airflow/example_dags/example_latest_only_with_trigger.py took 0.145 seconds
[2025-04-28T17:46:06.723+0000] {processor.py:161} INFO - Started process (PID=440) to work on /home/airflow/.local/lib/python3.8/site-packages/airflow/example_dags/example_latest_only_with_trigger.py
[2025-04-28T17:46:06.728+0000] {processor.py:830} INFO - Processing file /home/airflow/.local/lib/python3.8/site-packages/airflow/example_dags/example_latest_only_with_trigger.py for tasks to queue
[2025-04-28T17:46:06.738+0000] {logging_mixin.py:188} INFO - [2025-04-28T17:46:06.737+0000] {dagbag.py:538} INFO - Filling up the DagBag from /home/airflow/.local/lib/python3.8/site-packages/airflow/example_dags/example_latest_only_with_trigger.py
[2025-04-28T17:46:06.771+0000] {processor.py:840} INFO - DAG(s) 'latest_only_with_trigger' retrieved from /home/airflow/.local/lib/python3.8/site-packages/airflow/example_dags/example_latest_only_with_trigger.py
[2025-04-28T17:46:06.847+0000] {logging_mixin.py:188} INFO - [2025-04-28T17:46:06.847+0000] {dag.py:3036} INFO - Sync 1 DAGs
[2025-04-28T17:46:06.886+0000] {logging_mixin.py:188} INFO - [2025-04-28T17:46:06.886+0000] {dag.py:3823} INFO - Setting next_dagrun for latest_only_with_trigger to 2025-04-28 12:00:00+00:00, run_after=2025-04-28 16:00:00+00:00
[2025-04-28T17:46:06.921+0000] {processor.py:183} INFO - Processing /home/airflow/.local/lib/python3.8/site-packages/airflow/example_dags/example_latest_only_with_trigger.py took 0.205 seconds
