[2025-04-28T17:32:04.129+0000] {processor.py:161} INFO - Started process (PID=47) to work on /home/airflow/.local/lib/python3.8/site-packages/airflow/example_dags/example_latest_only.py
[2025-04-28T17:32:04.132+0000] {processor.py:830} INFO - Processing file /home/airflow/.local/lib/python3.8/site-packages/airflow/example_dags/example_latest_only.py for tasks to queue
[2025-04-28T17:32:04.138+0000] {logging_mixin.py:188} INFO - [2025-04-28T17:32:04.137+0000] {dagbag.py:538} INFO - Filling up the DagBag from /home/airflow/.local/lib/python3.8/site-packages/airflow/example_dags/example_latest_only.py
[2025-04-28T17:32:04.152+0000] {processor.py:840} INFO - DAG(s) 'latest_only' retrieved from /home/airflow/.local/lib/python3.8/site-packages/airflow/example_dags/example_latest_only.py
[2025-04-28T17:32:04.216+0000] {logging_mixin.py:188} INFO - [2025-04-28T17:32:04.216+0000] {dag.py:3036} INFO - Sync 1 DAGs
[2025-04-28T17:32:04.260+0000] {logging_mixin.py:188} INFO - [2025-04-28T17:32:04.260+0000] {dag.py:3823} INFO - Setting next_dagrun for latest_only to 2025-04-28 12:00:00+00:00, run_after=2025-04-28 16:00:00+00:00
[2025-04-28T17:32:04.306+0000] {processor.py:183} INFO - Processing /home/airflow/.local/lib/python3.8/site-packages/airflow/example_dags/example_latest_only.py took 0.188 seconds
[2025-04-28T17:32:34.571+0000] {processor.py:161} INFO - Started process (PID=101) to work on /home/airflow/.local/lib/python3.8/site-packages/airflow/example_dags/example_latest_only.py
[2025-04-28T17:32:34.574+0000] {processor.py:830} INFO - Processing file /home/airflow/.local/lib/python3.8/site-packages/airflow/example_dags/example_latest_only.py for tasks to queue
[2025-04-28T17:32:34.580+0000] {logging_mixin.py:188} INFO - [2025-04-28T17:32:34.579+0000] {dagbag.py:538} INFO - Filling up the DagBag from /home/airflow/.local/lib/python3.8/site-packages/airflow/example_dags/example_latest_only.py
[2025-04-28T17:32:34.595+0000] {processor.py:840} INFO - DAG(s) 'latest_only' retrieved from /home/airflow/.local/lib/python3.8/site-packages/airflow/example_dags/example_latest_only.py
[2025-04-28T17:32:34.827+0000] {logging_mixin.py:188} INFO - [2025-04-28T17:32:34.827+0000] {dag.py:3036} INFO - Sync 1 DAGs
[2025-04-28T17:32:34.843+0000] {logging_mixin.py:188} INFO - [2025-04-28T17:32:34.843+0000] {dag.py:3823} INFO - Setting next_dagrun for latest_only to 2025-04-28 12:00:00+00:00, run_after=2025-04-28 16:00:00+00:00
[2025-04-28T17:32:34.857+0000] {processor.py:183} INFO - Processing /home/airflow/.local/lib/python3.8/site-packages/airflow/example_dags/example_latest_only.py took 0.294 seconds
[2025-04-28T17:33:05.541+0000] {processor.py:161} INFO - Started process (PID=162) to work on /home/airflow/.local/lib/python3.8/site-packages/airflow/example_dags/example_latest_only.py
[2025-04-28T17:33:05.545+0000] {processor.py:830} INFO - Processing file /home/airflow/.local/lib/python3.8/site-packages/airflow/example_dags/example_latest_only.py for tasks to queue
[2025-04-28T17:33:05.557+0000] {logging_mixin.py:188} INFO - [2025-04-28T17:33:05.556+0000] {dagbag.py:538} INFO - Filling up the DagBag from /home/airflow/.local/lib/python3.8/site-packages/airflow/example_dags/example_latest_only.py
[2025-04-28T17:33:05.588+0000] {processor.py:840} INFO - DAG(s) 'latest_only' retrieved from /home/airflow/.local/lib/python3.8/site-packages/airflow/example_dags/example_latest_only.py
[2025-04-28T17:33:05.730+0000] {logging_mixin.py:188} INFO - [2025-04-28T17:33:05.723+0000] {dag.py:3036} INFO - Sync 1 DAGs
[2025-04-28T17:33:05.796+0000] {logging_mixin.py:188} INFO - [2025-04-28T17:33:05.795+0000] {dag.py:3823} INFO - Setting next_dagrun for latest_only to 2025-04-28 12:00:00+00:00, run_after=2025-04-28 16:00:00+00:00
[2025-04-28T17:33:05.818+0000] {processor.py:183} INFO - Processing /home/airflow/.local/lib/python3.8/site-packages/airflow/example_dags/example_latest_only.py took 0.293 seconds
[2025-04-28T17:33:36.397+0000] {processor.py:161} INFO - Started process (PID=217) to work on /home/airflow/.local/lib/python3.8/site-packages/airflow/example_dags/example_latest_only.py
[2025-04-28T17:33:36.399+0000] {processor.py:830} INFO - Processing file /home/airflow/.local/lib/python3.8/site-packages/airflow/example_dags/example_latest_only.py for tasks to queue
[2025-04-28T17:33:36.402+0000] {logging_mixin.py:188} INFO - [2025-04-28T17:33:36.401+0000] {dagbag.py:538} INFO - Filling up the DagBag from /home/airflow/.local/lib/python3.8/site-packages/airflow/example_dags/example_latest_only.py
[2025-04-28T17:33:36.421+0000] {processor.py:840} INFO - DAG(s) 'latest_only' retrieved from /home/airflow/.local/lib/python3.8/site-packages/airflow/example_dags/example_latest_only.py
[2025-04-28T17:33:36.466+0000] {logging_mixin.py:188} INFO - [2025-04-28T17:33:36.465+0000] {dag.py:3036} INFO - Sync 1 DAGs
[2025-04-28T17:33:36.491+0000] {logging_mixin.py:188} INFO - [2025-04-28T17:33:36.490+0000] {dag.py:3823} INFO - Setting next_dagrun for latest_only to 2025-04-28 12:00:00+00:00, run_after=2025-04-28 16:00:00+00:00
[2025-04-28T17:33:36.515+0000] {processor.py:183} INFO - Processing /home/airflow/.local/lib/python3.8/site-packages/airflow/example_dags/example_latest_only.py took 0.129 seconds
[2025-04-28T17:34:06.951+0000] {processor.py:161} INFO - Started process (PID=272) to work on /home/airflow/.local/lib/python3.8/site-packages/airflow/example_dags/example_latest_only.py
[2025-04-28T17:34:06.954+0000] {processor.py:830} INFO - Processing file /home/airflow/.local/lib/python3.8/site-packages/airflow/example_dags/example_latest_only.py for tasks to queue
[2025-04-28T17:34:06.958+0000] {logging_mixin.py:188} INFO - [2025-04-28T17:34:06.958+0000] {dagbag.py:538} INFO - Filling up the DagBag from /home/airflow/.local/lib/python3.8/site-packages/airflow/example_dags/example_latest_only.py
[2025-04-28T17:34:06.974+0000] {processor.py:840} INFO - DAG(s) 'latest_only' retrieved from /home/airflow/.local/lib/python3.8/site-packages/airflow/example_dags/example_latest_only.py
[2025-04-28T17:34:07.032+0000] {logging_mixin.py:188} INFO - [2025-04-28T17:34:07.032+0000] {dag.py:3036} INFO - Sync 1 DAGs
[2025-04-28T17:34:07.067+0000] {logging_mixin.py:188} INFO - [2025-04-28T17:34:07.067+0000] {dag.py:3823} INFO - Setting next_dagrun for latest_only to 2025-04-28 12:00:00+00:00, run_after=2025-04-28 16:00:00+00:00
[2025-04-28T17:34:07.097+0000] {processor.py:183} INFO - Processing /home/airflow/.local/lib/python3.8/site-packages/airflow/example_dags/example_latest_only.py took 0.154 seconds
[2025-04-28T17:34:37.327+0000] {processor.py:161} INFO - Started process (PID=327) to work on /home/airflow/.local/lib/python3.8/site-packages/airflow/example_dags/example_latest_only.py
[2025-04-28T17:34:37.333+0000] {processor.py:830} INFO - Processing file /home/airflow/.local/lib/python3.8/site-packages/airflow/example_dags/example_latest_only.py for tasks to queue
[2025-04-28T17:34:37.335+0000] {logging_mixin.py:188} INFO - [2025-04-28T17:34:37.335+0000] {dagbag.py:538} INFO - Filling up the DagBag from /home/airflow/.local/lib/python3.8/site-packages/airflow/example_dags/example_latest_only.py
[2025-04-28T17:34:37.345+0000] {processor.py:840} INFO - DAG(s) 'latest_only' retrieved from /home/airflow/.local/lib/python3.8/site-packages/airflow/example_dags/example_latest_only.py
[2025-04-28T17:34:37.398+0000] {logging_mixin.py:188} INFO - [2025-04-28T17:34:37.398+0000] {dag.py:3036} INFO - Sync 1 DAGs
[2025-04-28T17:34:37.424+0000] {logging_mixin.py:188} INFO - [2025-04-28T17:34:37.424+0000] {dag.py:3823} INFO - Setting next_dagrun for latest_only to 2025-04-28 12:00:00+00:00, run_after=2025-04-28 16:00:00+00:00
[2025-04-28T17:34:37.441+0000] {processor.py:183} INFO - Processing /home/airflow/.local/lib/python3.8/site-packages/airflow/example_dags/example_latest_only.py took 0.119 seconds
[2025-04-28T17:35:07.845+0000] {processor.py:161} INFO - Started process (PID=382) to work on /home/airflow/.local/lib/python3.8/site-packages/airflow/example_dags/example_latest_only.py
[2025-04-28T17:35:07.850+0000] {processor.py:830} INFO - Processing file /home/airflow/.local/lib/python3.8/site-packages/airflow/example_dags/example_latest_only.py for tasks to queue
[2025-04-28T17:35:07.854+0000] {logging_mixin.py:188} INFO - [2025-04-28T17:35:07.854+0000] {dagbag.py:538} INFO - Filling up the DagBag from /home/airflow/.local/lib/python3.8/site-packages/airflow/example_dags/example_latest_only.py
[2025-04-28T17:35:07.870+0000] {processor.py:840} INFO - DAG(s) 'latest_only' retrieved from /home/airflow/.local/lib/python3.8/site-packages/airflow/example_dags/example_latest_only.py
[2025-04-28T17:35:07.907+0000] {logging_mixin.py:188} INFO - [2025-04-28T17:35:07.907+0000] {dag.py:3036} INFO - Sync 1 DAGs
[2025-04-28T17:35:07.936+0000] {logging_mixin.py:188} INFO - [2025-04-28T17:35:07.936+0000] {dag.py:3823} INFO - Setting next_dagrun for latest_only to 2025-04-28 12:00:00+00:00, run_after=2025-04-28 16:00:00+00:00
[2025-04-28T17:35:07.956+0000] {processor.py:183} INFO - Processing /home/airflow/.local/lib/python3.8/site-packages/airflow/example_dags/example_latest_only.py took 0.123 seconds
[2025-04-28T17:35:38.359+0000] {processor.py:161} INFO - Started process (PID=437) to work on /home/airflow/.local/lib/python3.8/site-packages/airflow/example_dags/example_latest_only.py
[2025-04-28T17:35:38.364+0000] {processor.py:830} INFO - Processing file /home/airflow/.local/lib/python3.8/site-packages/airflow/example_dags/example_latest_only.py for tasks to queue
[2025-04-28T17:35:38.375+0000] {logging_mixin.py:188} INFO - [2025-04-28T17:35:38.375+0000] {dagbag.py:538} INFO - Filling up the DagBag from /home/airflow/.local/lib/python3.8/site-packages/airflow/example_dags/example_latest_only.py
[2025-04-28T17:35:38.390+0000] {processor.py:840} INFO - DAG(s) 'latest_only' retrieved from /home/airflow/.local/lib/python3.8/site-packages/airflow/example_dags/example_latest_only.py
[2025-04-28T17:35:38.440+0000] {logging_mixin.py:188} INFO - [2025-04-28T17:35:38.439+0000] {dag.py:3036} INFO - Sync 1 DAGs
[2025-04-28T17:35:38.464+0000] {logging_mixin.py:188} INFO - [2025-04-28T17:35:38.464+0000] {dag.py:3823} INFO - Setting next_dagrun for latest_only to 2025-04-28 12:00:00+00:00, run_after=2025-04-28 16:00:00+00:00
[2025-04-28T17:35:38.485+0000] {processor.py:183} INFO - Processing /home/airflow/.local/lib/python3.8/site-packages/airflow/example_dags/example_latest_only.py took 0.132 seconds
[2025-04-28T17:36:09.183+0000] {processor.py:161} INFO - Started process (PID=492) to work on /home/airflow/.local/lib/python3.8/site-packages/airflow/example_dags/example_latest_only.py
[2025-04-28T17:36:09.193+0000] {processor.py:830} INFO - Processing file /home/airflow/.local/lib/python3.8/site-packages/airflow/example_dags/example_latest_only.py for tasks to queue
[2025-04-28T17:36:09.203+0000] {logging_mixin.py:188} INFO - [2025-04-28T17:36:09.203+0000] {dagbag.py:538} INFO - Filling up the DagBag from /home/airflow/.local/lib/python3.8/site-packages/airflow/example_dags/example_latest_only.py
[2025-04-28T17:36:09.226+0000] {processor.py:840} INFO - DAG(s) 'latest_only' retrieved from /home/airflow/.local/lib/python3.8/site-packages/airflow/example_dags/example_latest_only.py
[2025-04-28T17:36:09.268+0000] {logging_mixin.py:188} INFO - [2025-04-28T17:36:09.268+0000] {dag.py:3036} INFO - Sync 1 DAGs
[2025-04-28T17:36:09.315+0000] {logging_mixin.py:188} INFO - [2025-04-28T17:36:09.315+0000] {dag.py:3823} INFO - Setting next_dagrun for latest_only to 2025-04-28 12:00:00+00:00, run_after=2025-04-28 16:00:00+00:00
[2025-04-28T17:36:09.342+0000] {processor.py:183} INFO - Processing /home/airflow/.local/lib/python3.8/site-packages/airflow/example_dags/example_latest_only.py took 0.168 seconds
[2025-04-28T17:36:39.483+0000] {processor.py:161} INFO - Started process (PID=547) to work on /home/airflow/.local/lib/python3.8/site-packages/airflow/example_dags/example_latest_only.py
[2025-04-28T17:36:39.488+0000] {processor.py:830} INFO - Processing file /home/airflow/.local/lib/python3.8/site-packages/airflow/example_dags/example_latest_only.py for tasks to queue
[2025-04-28T17:36:39.496+0000] {logging_mixin.py:188} INFO - [2025-04-28T17:36:39.495+0000] {dagbag.py:538} INFO - Filling up the DagBag from /home/airflow/.local/lib/python3.8/site-packages/airflow/example_dags/example_latest_only.py
[2025-04-28T17:36:39.507+0000] {processor.py:840} INFO - DAG(s) 'latest_only' retrieved from /home/airflow/.local/lib/python3.8/site-packages/airflow/example_dags/example_latest_only.py
[2025-04-28T17:36:39.543+0000] {logging_mixin.py:188} INFO - [2025-04-28T17:36:39.543+0000] {dag.py:3036} INFO - Sync 1 DAGs
[2025-04-28T17:36:39.573+0000] {logging_mixin.py:188} INFO - [2025-04-28T17:36:39.572+0000] {dag.py:3823} INFO - Setting next_dagrun for latest_only to 2025-04-28 12:00:00+00:00, run_after=2025-04-28 16:00:00+00:00
[2025-04-28T17:36:39.595+0000] {processor.py:183} INFO - Processing /home/airflow/.local/lib/python3.8/site-packages/airflow/example_dags/example_latest_only.py took 0.124 seconds
[2025-04-28T17:37:09.723+0000] {processor.py:161} INFO - Started process (PID=606) to work on /home/airflow/.local/lib/python3.8/site-packages/airflow/example_dags/example_latest_only.py
[2025-04-28T17:37:09.728+0000] {processor.py:830} INFO - Processing file /home/airflow/.local/lib/python3.8/site-packages/airflow/example_dags/example_latest_only.py for tasks to queue
[2025-04-28T17:37:09.730+0000] {logging_mixin.py:188} INFO - [2025-04-28T17:37:09.729+0000] {dagbag.py:538} INFO - Filling up the DagBag from /home/airflow/.local/lib/python3.8/site-packages/airflow/example_dags/example_latest_only.py
[2025-04-28T17:37:09.733+0000] {processor.py:840} INFO - DAG(s) 'latest_only' retrieved from /home/airflow/.local/lib/python3.8/site-packages/airflow/example_dags/example_latest_only.py
[2025-04-28T17:37:09.815+0000] {logging_mixin.py:188} INFO - [2025-04-28T17:37:09.815+0000] {dag.py:3036} INFO - Sync 1 DAGs
[2025-04-28T17:37:09.848+0000] {logging_mixin.py:188} INFO - [2025-04-28T17:37:09.847+0000] {dag.py:3823} INFO - Setting next_dagrun for latest_only to 2025-04-28 12:00:00+00:00, run_after=2025-04-28 16:00:00+00:00
[2025-04-28T17:37:09.868+0000] {processor.py:183} INFO - Processing /home/airflow/.local/lib/python3.8/site-packages/airflow/example_dags/example_latest_only.py took 0.151 seconds
[2025-04-28T17:37:39.960+0000] {processor.py:161} INFO - Started process (PID=668) to work on /home/airflow/.local/lib/python3.8/site-packages/airflow/example_dags/example_latest_only.py
[2025-04-28T17:37:39.969+0000] {processor.py:830} INFO - Processing file /home/airflow/.local/lib/python3.8/site-packages/airflow/example_dags/example_latest_only.py for tasks to queue
[2025-04-28T17:37:39.972+0000] {logging_mixin.py:188} INFO - [2025-04-28T17:37:39.972+0000] {dagbag.py:538} INFO - Filling up the DagBag from /home/airflow/.local/lib/python3.8/site-packages/airflow/example_dags/example_latest_only.py
[2025-04-28T17:37:39.989+0000] {processor.py:840} INFO - DAG(s) 'latest_only' retrieved from /home/airflow/.local/lib/python3.8/site-packages/airflow/example_dags/example_latest_only.py
[2025-04-28T17:37:40.050+0000] {logging_mixin.py:188} INFO - [2025-04-28T17:37:40.049+0000] {dag.py:3036} INFO - Sync 1 DAGs
[2025-04-28T17:37:40.081+0000] {logging_mixin.py:188} INFO - [2025-04-28T17:37:40.081+0000] {dag.py:3823} INFO - Setting next_dagrun for latest_only to 2025-04-28 12:00:00+00:00, run_after=2025-04-28 16:00:00+00:00
[2025-04-28T17:37:40.100+0000] {processor.py:183} INFO - Processing /home/airflow/.local/lib/python3.8/site-packages/airflow/example_dags/example_latest_only.py took 0.149 seconds
[2025-04-28T17:38:10.691+0000] {processor.py:161} INFO - Started process (PID=730) to work on /home/airflow/.local/lib/python3.8/site-packages/airflow/example_dags/example_latest_only.py
[2025-04-28T17:38:10.692+0000] {processor.py:830} INFO - Processing file /home/airflow/.local/lib/python3.8/site-packages/airflow/example_dags/example_latest_only.py for tasks to queue
[2025-04-28T17:38:10.700+0000] {logging_mixin.py:188} INFO - [2025-04-28T17:38:10.700+0000] {dagbag.py:538} INFO - Filling up the DagBag from /home/airflow/.local/lib/python3.8/site-packages/airflow/example_dags/example_latest_only.py
[2025-04-28T17:38:10.719+0000] {processor.py:840} INFO - DAG(s) 'latest_only' retrieved from /home/airflow/.local/lib/python3.8/site-packages/airflow/example_dags/example_latest_only.py
[2025-04-28T17:38:10.737+0000] {logging_mixin.py:188} INFO - [2025-04-28T17:38:10.736+0000] {dag.py:3036} INFO - Sync 1 DAGs
[2025-04-28T17:38:10.761+0000] {logging_mixin.py:188} INFO - [2025-04-28T17:38:10.760+0000] {dag.py:3823} INFO - Setting next_dagrun for latest_only to 2025-04-28 12:00:00+00:00, run_after=2025-04-28 16:00:00+00:00
[2025-04-28T17:38:10.774+0000] {processor.py:183} INFO - Processing /home/airflow/.local/lib/python3.8/site-packages/airflow/example_dags/example_latest_only.py took 0.087 seconds
[2025-04-28T17:38:41.694+0000] {processor.py:161} INFO - Started process (PID=791) to work on /home/airflow/.local/lib/python3.8/site-packages/airflow/example_dags/example_latest_only.py
[2025-04-28T17:38:41.696+0000] {processor.py:830} INFO - Processing file /home/airflow/.local/lib/python3.8/site-packages/airflow/example_dags/example_latest_only.py for tasks to queue
[2025-04-28T17:38:41.699+0000] {logging_mixin.py:188} INFO - [2025-04-28T17:38:41.699+0000] {dagbag.py:538} INFO - Filling up the DagBag from /home/airflow/.local/lib/python3.8/site-packages/airflow/example_dags/example_latest_only.py
[2025-04-28T17:38:41.711+0000] {processor.py:840} INFO - DAG(s) 'latest_only' retrieved from /home/airflow/.local/lib/python3.8/site-packages/airflow/example_dags/example_latest_only.py
[2025-04-28T17:38:41.745+0000] {logging_mixin.py:188} INFO - [2025-04-28T17:38:41.745+0000] {dag.py:3036} INFO - Sync 1 DAGs
[2025-04-28T17:38:41.771+0000] {logging_mixin.py:188} INFO - [2025-04-28T17:38:41.771+0000] {dag.py:3823} INFO - Setting next_dagrun for latest_only to 2025-04-28 12:00:00+00:00, run_after=2025-04-28 16:00:00+00:00
[2025-04-28T17:38:41.805+0000] {processor.py:183} INFO - Processing /home/airflow/.local/lib/python3.8/site-packages/airflow/example_dags/example_latest_only.py took 0.119 seconds
[2025-04-28T17:39:12.079+0000] {processor.py:161} INFO - Started process (PID=848) to work on /home/airflow/.local/lib/python3.8/site-packages/airflow/example_dags/example_latest_only.py
[2025-04-28T17:39:12.086+0000] {processor.py:830} INFO - Processing file /home/airflow/.local/lib/python3.8/site-packages/airflow/example_dags/example_latest_only.py for tasks to queue
[2025-04-28T17:39:12.092+0000] {logging_mixin.py:188} INFO - [2025-04-28T17:39:12.091+0000] {dagbag.py:538} INFO - Filling up the DagBag from /home/airflow/.local/lib/python3.8/site-packages/airflow/example_dags/example_latest_only.py
[2025-04-28T17:39:12.099+0000] {processor.py:840} INFO - DAG(s) 'latest_only' retrieved from /home/airflow/.local/lib/python3.8/site-packages/airflow/example_dags/example_latest_only.py
[2025-04-28T17:39:12.147+0000] {logging_mixin.py:188} INFO - [2025-04-28T17:39:12.147+0000] {dag.py:3036} INFO - Sync 1 DAGs
[2025-04-28T17:39:12.170+0000] {logging_mixin.py:188} INFO - [2025-04-28T17:39:12.169+0000] {dag.py:3823} INFO - Setting next_dagrun for latest_only to 2025-04-28 12:00:00+00:00, run_after=2025-04-28 16:00:00+00:00
[2025-04-28T17:39:12.188+0000] {processor.py:183} INFO - Processing /home/airflow/.local/lib/python3.8/site-packages/airflow/example_dags/example_latest_only.py took 0.117 seconds
[2025-04-28T17:39:42.700+0000] {processor.py:161} INFO - Started process (PID=906) to work on /home/airflow/.local/lib/python3.8/site-packages/airflow/example_dags/example_latest_only.py
[2025-04-28T17:39:42.709+0000] {processor.py:830} INFO - Processing file /home/airflow/.local/lib/python3.8/site-packages/airflow/example_dags/example_latest_only.py for tasks to queue
[2025-04-28T17:39:42.712+0000] {logging_mixin.py:188} INFO - [2025-04-28T17:39:42.712+0000] {dagbag.py:538} INFO - Filling up the DagBag from /home/airflow/.local/lib/python3.8/site-packages/airflow/example_dags/example_latest_only.py
[2025-04-28T17:39:42.721+0000] {processor.py:840} INFO - DAG(s) 'latest_only' retrieved from /home/airflow/.local/lib/python3.8/site-packages/airflow/example_dags/example_latest_only.py
[2025-04-28T17:39:42.778+0000] {logging_mixin.py:188} INFO - [2025-04-28T17:39:42.778+0000] {dag.py:3036} INFO - Sync 1 DAGs
[2025-04-28T17:39:42.808+0000] {logging_mixin.py:188} INFO - [2025-04-28T17:39:42.807+0000] {dag.py:3823} INFO - Setting next_dagrun for latest_only to 2025-04-28 12:00:00+00:00, run_after=2025-04-28 16:00:00+00:00
[2025-04-28T17:39:42.910+0000] {processor.py:183} INFO - Processing /home/airflow/.local/lib/python3.8/site-packages/airflow/example_dags/example_latest_only.py took 0.224 seconds
[2025-04-28T17:40:13.361+0000] {processor.py:161} INFO - Started process (PID=965) to work on /home/airflow/.local/lib/python3.8/site-packages/airflow/example_dags/example_latest_only.py
[2025-04-28T17:40:13.364+0000] {processor.py:830} INFO - Processing file /home/airflow/.local/lib/python3.8/site-packages/airflow/example_dags/example_latest_only.py for tasks to queue
[2025-04-28T17:40:13.366+0000] {logging_mixin.py:188} INFO - [2025-04-28T17:40:13.366+0000] {dagbag.py:538} INFO - Filling up the DagBag from /home/airflow/.local/lib/python3.8/site-packages/airflow/example_dags/example_latest_only.py
[2025-04-28T17:40:13.377+0000] {processor.py:840} INFO - DAG(s) 'latest_only' retrieved from /home/airflow/.local/lib/python3.8/site-packages/airflow/example_dags/example_latest_only.py
[2025-04-28T17:40:13.412+0000] {logging_mixin.py:188} INFO - [2025-04-28T17:40:13.412+0000] {dag.py:3036} INFO - Sync 1 DAGs
[2025-04-28T17:40:13.433+0000] {logging_mixin.py:188} INFO - [2025-04-28T17:40:13.432+0000] {dag.py:3823} INFO - Setting next_dagrun for latest_only to 2025-04-28 12:00:00+00:00, run_after=2025-04-28 16:00:00+00:00
[2025-04-28T17:40:13.453+0000] {processor.py:183} INFO - Processing /home/airflow/.local/lib/python3.8/site-packages/airflow/example_dags/example_latest_only.py took 0.100 seconds
[2025-04-28T17:40:43.592+0000] {processor.py:161} INFO - Started process (PID=1026) to work on /home/airflow/.local/lib/python3.8/site-packages/airflow/example_dags/example_latest_only.py
[2025-04-28T17:40:43.594+0000] {processor.py:830} INFO - Processing file /home/airflow/.local/lib/python3.8/site-packages/airflow/example_dags/example_latest_only.py for tasks to queue
[2025-04-28T17:40:43.601+0000] {logging_mixin.py:188} INFO - [2025-04-28T17:40:43.600+0000] {dagbag.py:538} INFO - Filling up the DagBag from /home/airflow/.local/lib/python3.8/site-packages/airflow/example_dags/example_latest_only.py
[2025-04-28T17:40:43.616+0000] {processor.py:840} INFO - DAG(s) 'latest_only' retrieved from /home/airflow/.local/lib/python3.8/site-packages/airflow/example_dags/example_latest_only.py
[2025-04-28T17:40:43.653+0000] {logging_mixin.py:188} INFO - [2025-04-28T17:40:43.653+0000] {dag.py:3036} INFO - Sync 1 DAGs
[2025-04-28T17:40:43.674+0000] {logging_mixin.py:188} INFO - [2025-04-28T17:40:43.674+0000] {dag.py:3823} INFO - Setting next_dagrun for latest_only to 2025-04-28 12:00:00+00:00, run_after=2025-04-28 16:00:00+00:00
[2025-04-28T17:40:43.694+0000] {processor.py:183} INFO - Processing /home/airflow/.local/lib/python3.8/site-packages/airflow/example_dags/example_latest_only.py took 0.106 seconds
[2025-04-28T17:41:13.925+0000] {processor.py:161} INFO - Started process (PID=1082) to work on /home/airflow/.local/lib/python3.8/site-packages/airflow/example_dags/example_latest_only.py
[2025-04-28T17:41:13.928+0000] {processor.py:830} INFO - Processing file /home/airflow/.local/lib/python3.8/site-packages/airflow/example_dags/example_latest_only.py for tasks to queue
[2025-04-28T17:41:13.930+0000] {logging_mixin.py:188} INFO - [2025-04-28T17:41:13.930+0000] {dagbag.py:538} INFO - Filling up the DagBag from /home/airflow/.local/lib/python3.8/site-packages/airflow/example_dags/example_latest_only.py
[2025-04-28T17:41:13.941+0000] {processor.py:840} INFO - DAG(s) 'latest_only' retrieved from /home/airflow/.local/lib/python3.8/site-packages/airflow/example_dags/example_latest_only.py
[2025-04-28T17:41:13.983+0000] {logging_mixin.py:188} INFO - [2025-04-28T17:41:13.983+0000] {dag.py:3036} INFO - Sync 1 DAGs
[2025-04-28T17:41:14.017+0000] {logging_mixin.py:188} INFO - [2025-04-28T17:41:14.016+0000] {dag.py:3823} INFO - Setting next_dagrun for latest_only to 2025-04-28 12:00:00+00:00, run_after=2025-04-28 16:00:00+00:00
[2025-04-28T17:41:14.048+0000] {processor.py:183} INFO - Processing /home/airflow/.local/lib/python3.8/site-packages/airflow/example_dags/example_latest_only.py took 0.128 seconds
[2025-04-28T17:42:51.073+0000] {processor.py:161} INFO - Started process (PID=61) to work on /home/airflow/.local/lib/python3.8/site-packages/airflow/example_dags/example_latest_only.py
[2025-04-28T17:42:51.076+0000] {processor.py:830} INFO - Processing file /home/airflow/.local/lib/python3.8/site-packages/airflow/example_dags/example_latest_only.py for tasks to queue
[2025-04-28T17:42:51.084+0000] {logging_mixin.py:188} INFO - [2025-04-28T17:42:51.083+0000] {dagbag.py:538} INFO - Filling up the DagBag from /home/airflow/.local/lib/python3.8/site-packages/airflow/example_dags/example_latest_only.py
[2025-04-28T17:42:51.107+0000] {processor.py:840} INFO - DAG(s) 'latest_only' retrieved from /home/airflow/.local/lib/python3.8/site-packages/airflow/example_dags/example_latest_only.py
[2025-04-28T17:42:51.163+0000] {logging_mixin.py:188} INFO - [2025-04-28T17:42:51.162+0000] {dag.py:3036} INFO - Sync 1 DAGs
[2025-04-28T17:42:51.235+0000] {logging_mixin.py:188} INFO - [2025-04-28T17:42:51.235+0000] {dag.py:3823} INFO - Setting next_dagrun for latest_only to 2025-04-28 12:00:00+00:00, run_after=2025-04-28 16:00:00+00:00
[2025-04-28T17:42:51.283+0000] {processor.py:183} INFO - Processing /home/airflow/.local/lib/python3.8/site-packages/airflow/example_dags/example_latest_only.py took 0.218 seconds
[2025-04-28T17:43:21.349+0000] {processor.py:161} INFO - Started process (PID=116) to work on /home/airflow/.local/lib/python3.8/site-packages/airflow/example_dags/example_latest_only.py
[2025-04-28T17:43:21.351+0000] {processor.py:830} INFO - Processing file /home/airflow/.local/lib/python3.8/site-packages/airflow/example_dags/example_latest_only.py for tasks to queue
[2025-04-28T17:43:21.352+0000] {logging_mixin.py:188} INFO - [2025-04-28T17:43:21.352+0000] {dagbag.py:538} INFO - Filling up the DagBag from /home/airflow/.local/lib/python3.8/site-packages/airflow/example_dags/example_latest_only.py
[2025-04-28T17:43:21.355+0000] {processor.py:840} INFO - DAG(s) 'latest_only' retrieved from /home/airflow/.local/lib/python3.8/site-packages/airflow/example_dags/example_latest_only.py
[2025-04-28T17:43:21.411+0000] {logging_mixin.py:188} INFO - [2025-04-28T17:43:21.410+0000] {dag.py:3036} INFO - Sync 1 DAGs
[2025-04-28T17:43:21.422+0000] {logging_mixin.py:188} INFO - [2025-04-28T17:43:21.422+0000] {dag.py:3823} INFO - Setting next_dagrun for latest_only to 2025-04-28 12:00:00+00:00, run_after=2025-04-28 16:00:00+00:00
[2025-04-28T17:43:21.434+0000] {processor.py:183} INFO - Processing /home/airflow/.local/lib/python3.8/site-packages/airflow/example_dags/example_latest_only.py took 0.095 seconds
[2025-04-28T17:43:51.761+0000] {processor.py:161} INFO - Started process (PID=173) to work on /home/airflow/.local/lib/python3.8/site-packages/airflow/example_dags/example_latest_only.py
[2025-04-28T17:43:51.763+0000] {processor.py:830} INFO - Processing file /home/airflow/.local/lib/python3.8/site-packages/airflow/example_dags/example_latest_only.py for tasks to queue
[2025-04-28T17:43:51.764+0000] {logging_mixin.py:188} INFO - [2025-04-28T17:43:51.764+0000] {dagbag.py:538} INFO - Filling up the DagBag from /home/airflow/.local/lib/python3.8/site-packages/airflow/example_dags/example_latest_only.py
[2025-04-28T17:43:51.768+0000] {processor.py:840} INFO - DAG(s) 'latest_only' retrieved from /home/airflow/.local/lib/python3.8/site-packages/airflow/example_dags/example_latest_only.py
[2025-04-28T17:43:51.789+0000] {logging_mixin.py:188} INFO - [2025-04-28T17:43:51.789+0000] {dag.py:3036} INFO - Sync 1 DAGs
[2025-04-28T17:43:51.808+0000] {logging_mixin.py:188} INFO - [2025-04-28T17:43:51.808+0000] {dag.py:3823} INFO - Setting next_dagrun for latest_only to 2025-04-28 12:00:00+00:00, run_after=2025-04-28 16:00:00+00:00
[2025-04-28T17:43:51.823+0000] {processor.py:183} INFO - Processing /home/airflow/.local/lib/python3.8/site-packages/airflow/example_dags/example_latest_only.py took 0.065 seconds
[2025-04-28T17:44:22.073+0000] {processor.py:161} INFO - Started process (PID=229) to work on /home/airflow/.local/lib/python3.8/site-packages/airflow/example_dags/example_latest_only.py
[2025-04-28T17:44:22.078+0000] {processor.py:830} INFO - Processing file /home/airflow/.local/lib/python3.8/site-packages/airflow/example_dags/example_latest_only.py for tasks to queue
[2025-04-28T17:44:22.080+0000] {logging_mixin.py:188} INFO - [2025-04-28T17:44:22.079+0000] {dagbag.py:538} INFO - Filling up the DagBag from /home/airflow/.local/lib/python3.8/site-packages/airflow/example_dags/example_latest_only.py
[2025-04-28T17:44:22.084+0000] {processor.py:840} INFO - DAG(s) 'latest_only' retrieved from /home/airflow/.local/lib/python3.8/site-packages/airflow/example_dags/example_latest_only.py
[2025-04-28T17:44:22.097+0000] {logging_mixin.py:188} INFO - [2025-04-28T17:44:22.097+0000] {dag.py:3036} INFO - Sync 1 DAGs
[2025-04-28T17:44:22.108+0000] {logging_mixin.py:188} INFO - [2025-04-28T17:44:22.108+0000] {dag.py:3823} INFO - Setting next_dagrun for latest_only to 2025-04-28 12:00:00+00:00, run_after=2025-04-28 16:00:00+00:00
[2025-04-28T17:44:22.123+0000] {processor.py:183} INFO - Processing /home/airflow/.local/lib/python3.8/site-packages/airflow/example_dags/example_latest_only.py took 0.055 seconds
[2025-04-28T17:44:52.535+0000] {processor.py:161} INFO - Started process (PID=285) to work on /home/airflow/.local/lib/python3.8/site-packages/airflow/example_dags/example_latest_only.py
[2025-04-28T17:44:52.538+0000] {processor.py:830} INFO - Processing file /home/airflow/.local/lib/python3.8/site-packages/airflow/example_dags/example_latest_only.py for tasks to queue
[2025-04-28T17:44:52.539+0000] {logging_mixin.py:188} INFO - [2025-04-28T17:44:52.539+0000] {dagbag.py:538} INFO - Filling up the DagBag from /home/airflow/.local/lib/python3.8/site-packages/airflow/example_dags/example_latest_only.py
[2025-04-28T17:44:52.542+0000] {processor.py:840} INFO - DAG(s) 'latest_only' retrieved from /home/airflow/.local/lib/python3.8/site-packages/airflow/example_dags/example_latest_only.py
[2025-04-28T17:44:52.554+0000] {logging_mixin.py:188} INFO - [2025-04-28T17:44:52.553+0000] {dag.py:3036} INFO - Sync 1 DAGs
[2025-04-28T17:44:52.563+0000] {logging_mixin.py:188} INFO - [2025-04-28T17:44:52.563+0000] {dag.py:3823} INFO - Setting next_dagrun for latest_only to 2025-04-28 12:00:00+00:00, run_after=2025-04-28 16:00:00+00:00
[2025-04-28T17:44:52.572+0000] {processor.py:183} INFO - Processing /home/airflow/.local/lib/python3.8/site-packages/airflow/example_dags/example_latest_only.py took 0.046 seconds
[2025-04-28T17:45:23.489+0000] {processor.py:161} INFO - Started process (PID=341) to work on /home/airflow/.local/lib/python3.8/site-packages/airflow/example_dags/example_latest_only.py
[2025-04-28T17:45:23.491+0000] {processor.py:830} INFO - Processing file /home/airflow/.local/lib/python3.8/site-packages/airflow/example_dags/example_latest_only.py for tasks to queue
[2025-04-28T17:45:23.493+0000] {logging_mixin.py:188} INFO - [2025-04-28T17:45:23.493+0000] {dagbag.py:538} INFO - Filling up the DagBag from /home/airflow/.local/lib/python3.8/site-packages/airflow/example_dags/example_latest_only.py
[2025-04-28T17:45:23.496+0000] {processor.py:840} INFO - DAG(s) 'latest_only' retrieved from /home/airflow/.local/lib/python3.8/site-packages/airflow/example_dags/example_latest_only.py
[2025-04-28T17:45:23.519+0000] {logging_mixin.py:188} INFO - [2025-04-28T17:45:23.518+0000] {dag.py:3036} INFO - Sync 1 DAGs
[2025-04-28T17:45:23.531+0000] {logging_mixin.py:188} INFO - [2025-04-28T17:45:23.530+0000] {dag.py:3823} INFO - Setting next_dagrun for latest_only to 2025-04-28 12:00:00+00:00, run_after=2025-04-28 16:00:00+00:00
[2025-04-28T17:45:23.542+0000] {processor.py:183} INFO - Processing /home/airflow/.local/lib/python3.8/site-packages/airflow/example_dags/example_latest_only.py took 0.060 seconds
[2025-04-28T17:45:53.932+0000] {processor.py:161} INFO - Started process (PID=397) to work on /home/airflow/.local/lib/python3.8/site-packages/airflow/example_dags/example_latest_only.py
[2025-04-28T17:45:53.934+0000] {processor.py:830} INFO - Processing file /home/airflow/.local/lib/python3.8/site-packages/airflow/example_dags/example_latest_only.py for tasks to queue
[2025-04-28T17:45:53.936+0000] {logging_mixin.py:188} INFO - [2025-04-28T17:45:53.935+0000] {dagbag.py:538} INFO - Filling up the DagBag from /home/airflow/.local/lib/python3.8/site-packages/airflow/example_dags/example_latest_only.py
[2025-04-28T17:45:53.939+0000] {processor.py:840} INFO - DAG(s) 'latest_only' retrieved from /home/airflow/.local/lib/python3.8/site-packages/airflow/example_dags/example_latest_only.py
[2025-04-28T17:45:53.953+0000] {logging_mixin.py:188} INFO - [2025-04-28T17:45:53.953+0000] {dag.py:3036} INFO - Sync 1 DAGs
[2025-04-28T17:45:53.964+0000] {logging_mixin.py:188} INFO - [2025-04-28T17:45:53.964+0000] {dag.py:3823} INFO - Setting next_dagrun for latest_only to 2025-04-28 12:00:00+00:00, run_after=2025-04-28 16:00:00+00:00
[2025-04-28T17:45:53.973+0000] {processor.py:183} INFO - Processing /home/airflow/.local/lib/python3.8/site-packages/airflow/example_dags/example_latest_only.py took 0.045 seconds
[2025-04-28T17:46:24.655+0000] {processor.py:161} INFO - Started process (PID=453) to work on /home/airflow/.local/lib/python3.8/site-packages/airflow/example_dags/example_latest_only.py
[2025-04-28T17:46:24.657+0000] {processor.py:830} INFO - Processing file /home/airflow/.local/lib/python3.8/site-packages/airflow/example_dags/example_latest_only.py for tasks to queue
[2025-04-28T17:46:24.659+0000] {logging_mixin.py:188} INFO - [2025-04-28T17:46:24.658+0000] {dagbag.py:538} INFO - Filling up the DagBag from /home/airflow/.local/lib/python3.8/site-packages/airflow/example_dags/example_latest_only.py
[2025-04-28T17:46:24.662+0000] {processor.py:840} INFO - DAG(s) 'latest_only' retrieved from /home/airflow/.local/lib/python3.8/site-packages/airflow/example_dags/example_latest_only.py
[2025-04-28T17:46:24.679+0000] {logging_mixin.py:188} INFO - [2025-04-28T17:46:24.679+0000] {dag.py:3036} INFO - Sync 1 DAGs
[2025-04-28T17:46:24.689+0000] {logging_mixin.py:188} INFO - [2025-04-28T17:46:24.689+0000] {dag.py:3823} INFO - Setting next_dagrun for latest_only to 2025-04-28 12:00:00+00:00, run_after=2025-04-28 16:00:00+00:00
[2025-04-28T17:46:24.697+0000] {processor.py:183} INFO - Processing /home/airflow/.local/lib/python3.8/site-packages/airflow/example_dags/example_latest_only.py took 0.047 seconds
