[2025-04-28T17:32:05.234+0000] {processor.py:161} INFO - Started process (PID=57) to work on /home/airflow/.local/lib/python3.8/site-packages/airflow/example_dags/example_sla_dag.py
[2025-04-28T17:32:05.236+0000] {processor.py:830} INFO - Processing file /home/airflow/.local/lib/python3.8/site-packages/airflow/example_dags/example_sla_dag.py for tasks to queue
[2025-04-28T17:32:05.239+0000] {logging_mixin.py:188} INFO - [2025-04-28T17:32:05.239+0000] {dagbag.py:538} INFO - Filling up the DagBag from /home/airflow/.local/lib/python3.8/site-packages/airflow/example_dags/example_sla_dag.py
[2025-04-28T17:32:05.256+0000] {processor.py:840} INFO - DAG(s) 'example_sla_dag' retrieved from /home/airflow/.local/lib/python3.8/site-packages/airflow/example_dags/example_sla_dag.py
[2025-04-28T17:32:05.278+0000] {logging_mixin.py:188} INFO - [2025-04-28T17:32:05.278+0000] {dag.py:3036} INFO - Sync 1 DAGs
[2025-04-28T17:32:05.311+0000] {logging_mixin.py:188} INFO - [2025-04-28T17:32:05.310+0000] {dag.py:3823} INFO - Setting next_dagrun for example_sla_dag to 2025-04-28 17:30:00+00:00, run_after=2025-04-28 17:32:00+00:00
[2025-04-28T17:32:05.350+0000] {processor.py:183} INFO - Processing /home/airflow/.local/lib/python3.8/site-packages/airflow/example_dags/example_sla_dag.py took 0.125 seconds
[2025-04-28T17:32:36.052+0000] {processor.py:161} INFO - Started process (PID=112) to work on /home/airflow/.local/lib/python3.8/site-packages/airflow/example_dags/example_sla_dag.py
[2025-04-28T17:32:36.053+0000] {processor.py:830} INFO - Processing file /home/airflow/.local/lib/python3.8/site-packages/airflow/example_dags/example_sla_dag.py for tasks to queue
[2025-04-28T17:32:36.054+0000] {logging_mixin.py:188} INFO - [2025-04-28T17:32:36.054+0000] {dagbag.py:538} INFO - Filling up the DagBag from /home/airflow/.local/lib/python3.8/site-packages/airflow/example_dags/example_sla_dag.py
[2025-04-28T17:32:36.064+0000] {processor.py:840} INFO - DAG(s) 'example_sla_dag' retrieved from /home/airflow/.local/lib/python3.8/site-packages/airflow/example_dags/example_sla_dag.py
[2025-04-28T17:32:36.120+0000] {logging_mixin.py:188} INFO - [2025-04-28T17:32:36.120+0000] {dag.py:3036} INFO - Sync 1 DAGs
[2025-04-28T17:32:36.132+0000] {logging_mixin.py:188} INFO - [2025-04-28T17:32:36.132+0000] {dag.py:3823} INFO - Setting next_dagrun for example_sla_dag to 2025-04-28 17:30:00+00:00, run_after=2025-04-28 17:32:00+00:00
[2025-04-28T17:32:36.141+0000] {processor.py:183} INFO - Processing /home/airflow/.local/lib/python3.8/site-packages/airflow/example_dags/example_sla_dag.py took 0.093 seconds
[2025-04-28T17:33:06.979+0000] {processor.py:161} INFO - Started process (PID=167) to work on /home/airflow/.local/lib/python3.8/site-packages/airflow/example_dags/example_sla_dag.py
[2025-04-28T17:33:06.981+0000] {processor.py:830} INFO - Processing file /home/airflow/.local/lib/python3.8/site-packages/airflow/example_dags/example_sla_dag.py for tasks to queue
[2025-04-28T17:33:06.983+0000] {logging_mixin.py:188} INFO - [2025-04-28T17:33:06.983+0000] {dagbag.py:538} INFO - Filling up the DagBag from /home/airflow/.local/lib/python3.8/site-packages/airflow/example_dags/example_sla_dag.py
[2025-04-28T17:33:06.991+0000] {processor.py:840} INFO - DAG(s) 'example_sla_dag' retrieved from /home/airflow/.local/lib/python3.8/site-packages/airflow/example_dags/example_sla_dag.py
[2025-04-28T17:33:07.015+0000] {logging_mixin.py:188} INFO - [2025-04-28T17:33:07.015+0000] {dag.py:3036} INFO - Sync 1 DAGs
[2025-04-28T17:33:07.035+0000] {logging_mixin.py:188} INFO - [2025-04-28T17:33:07.034+0000] {dag.py:3823} INFO - Setting next_dagrun for example_sla_dag to 2025-04-28 17:30:00+00:00, run_after=2025-04-28 17:32:00+00:00
[2025-04-28T17:33:07.061+0000] {processor.py:183} INFO - Processing /home/airflow/.local/lib/python3.8/site-packages/airflow/example_dags/example_sla_dag.py took 0.084 seconds
[2025-04-28T17:33:37.853+0000] {processor.py:161} INFO - Started process (PID=222) to work on /home/airflow/.local/lib/python3.8/site-packages/airflow/example_dags/example_sla_dag.py
[2025-04-28T17:33:37.855+0000] {processor.py:830} INFO - Processing file /home/airflow/.local/lib/python3.8/site-packages/airflow/example_dags/example_sla_dag.py for tasks to queue
[2025-04-28T17:33:37.856+0000] {logging_mixin.py:188} INFO - [2025-04-28T17:33:37.856+0000] {dagbag.py:538} INFO - Filling up the DagBag from /home/airflow/.local/lib/python3.8/site-packages/airflow/example_dags/example_sla_dag.py
[2025-04-28T17:33:37.864+0000] {processor.py:840} INFO - DAG(s) 'example_sla_dag' retrieved from /home/airflow/.local/lib/python3.8/site-packages/airflow/example_dags/example_sla_dag.py
[2025-04-28T17:33:37.891+0000] {logging_mixin.py:188} INFO - [2025-04-28T17:33:37.891+0000] {dag.py:3036} INFO - Sync 1 DAGs
[2025-04-28T17:33:37.911+0000] {logging_mixin.py:188} INFO - [2025-04-28T17:33:37.911+0000] {dag.py:3823} INFO - Setting next_dagrun for example_sla_dag to 2025-04-28 17:30:00+00:00, run_after=2025-04-28 17:32:00+00:00
[2025-04-28T17:33:37.927+0000] {processor.py:183} INFO - Processing /home/airflow/.local/lib/python3.8/site-packages/airflow/example_dags/example_sla_dag.py took 0.081 seconds
[2025-04-28T17:34:08.461+0000] {processor.py:161} INFO - Started process (PID=277) to work on /home/airflow/.local/lib/python3.8/site-packages/airflow/example_dags/example_sla_dag.py
[2025-04-28T17:34:08.465+0000] {processor.py:830} INFO - Processing file /home/airflow/.local/lib/python3.8/site-packages/airflow/example_dags/example_sla_dag.py for tasks to queue
[2025-04-28T17:34:08.469+0000] {logging_mixin.py:188} INFO - [2025-04-28T17:34:08.467+0000] {dagbag.py:538} INFO - Filling up the DagBag from /home/airflow/.local/lib/python3.8/site-packages/airflow/example_dags/example_sla_dag.py
[2025-04-28T17:34:08.500+0000] {processor.py:840} INFO - DAG(s) 'example_sla_dag' retrieved from /home/airflow/.local/lib/python3.8/site-packages/airflow/example_dags/example_sla_dag.py
[2025-04-28T17:34:08.528+0000] {logging_mixin.py:188} INFO - [2025-04-28T17:34:08.528+0000] {dag.py:3036} INFO - Sync 1 DAGs
[2025-04-28T17:34:08.549+0000] {logging_mixin.py:188} INFO - [2025-04-28T17:34:08.549+0000] {dag.py:3823} INFO - Setting next_dagrun for example_sla_dag to 2025-04-28 17:32:00+00:00, run_after=2025-04-28 17:34:00+00:00
[2025-04-28T17:34:08.568+0000] {processor.py:183} INFO - Processing /home/airflow/.local/lib/python3.8/site-packages/airflow/example_dags/example_sla_dag.py took 0.112 seconds
[2025-04-28T17:34:38.612+0000] {processor.py:161} INFO - Started process (PID=332) to work on /home/airflow/.local/lib/python3.8/site-packages/airflow/example_dags/example_sla_dag.py
[2025-04-28T17:34:38.615+0000] {processor.py:830} INFO - Processing file /home/airflow/.local/lib/python3.8/site-packages/airflow/example_dags/example_sla_dag.py for tasks to queue
[2025-04-28T17:34:38.616+0000] {logging_mixin.py:188} INFO - [2025-04-28T17:34:38.616+0000] {dagbag.py:538} INFO - Filling up the DagBag from /home/airflow/.local/lib/python3.8/site-packages/airflow/example_dags/example_sla_dag.py
[2025-04-28T17:34:38.620+0000] {processor.py:840} INFO - DAG(s) 'example_sla_dag' retrieved from /home/airflow/.local/lib/python3.8/site-packages/airflow/example_dags/example_sla_dag.py
[2025-04-28T17:34:38.631+0000] {logging_mixin.py:188} INFO - [2025-04-28T17:34:38.631+0000] {dag.py:3036} INFO - Sync 1 DAGs
[2025-04-28T17:34:38.649+0000] {logging_mixin.py:188} INFO - [2025-04-28T17:34:38.649+0000] {dag.py:3823} INFO - Setting next_dagrun for example_sla_dag to 2025-04-28 17:32:00+00:00, run_after=2025-04-28 17:34:00+00:00
[2025-04-28T17:34:38.659+0000] {processor.py:183} INFO - Processing /home/airflow/.local/lib/python3.8/site-packages/airflow/example_dags/example_sla_dag.py took 0.055 seconds
[2025-04-28T17:35:09.231+0000] {processor.py:161} INFO - Started process (PID=387) to work on /home/airflow/.local/lib/python3.8/site-packages/airflow/example_dags/example_sla_dag.py
[2025-04-28T17:35:09.233+0000] {processor.py:830} INFO - Processing file /home/airflow/.local/lib/python3.8/site-packages/airflow/example_dags/example_sla_dag.py for tasks to queue
[2025-04-28T17:35:09.234+0000] {logging_mixin.py:188} INFO - [2025-04-28T17:35:09.234+0000] {dagbag.py:538} INFO - Filling up the DagBag from /home/airflow/.local/lib/python3.8/site-packages/airflow/example_dags/example_sla_dag.py
[2025-04-28T17:35:09.240+0000] {processor.py:840} INFO - DAG(s) 'example_sla_dag' retrieved from /home/airflow/.local/lib/python3.8/site-packages/airflow/example_dags/example_sla_dag.py
[2025-04-28T17:35:09.261+0000] {logging_mixin.py:188} INFO - [2025-04-28T17:35:09.261+0000] {dag.py:3036} INFO - Sync 1 DAGs
[2025-04-28T17:35:09.280+0000] {logging_mixin.py:188} INFO - [2025-04-28T17:35:09.280+0000] {dag.py:3823} INFO - Setting next_dagrun for example_sla_dag to 2025-04-28 17:32:00+00:00, run_after=2025-04-28 17:34:00+00:00
[2025-04-28T17:35:09.299+0000] {processor.py:183} INFO - Processing /home/airflow/.local/lib/python3.8/site-packages/airflow/example_dags/example_sla_dag.py took 0.077 seconds
[2025-04-28T17:35:39.702+0000] {processor.py:161} INFO - Started process (PID=442) to work on /home/airflow/.local/lib/python3.8/site-packages/airflow/example_dags/example_sla_dag.py
[2025-04-28T17:35:39.703+0000] {processor.py:830} INFO - Processing file /home/airflow/.local/lib/python3.8/site-packages/airflow/example_dags/example_sla_dag.py for tasks to queue
[2025-04-28T17:35:39.706+0000] {logging_mixin.py:188} INFO - [2025-04-28T17:35:39.705+0000] {dagbag.py:538} INFO - Filling up the DagBag from /home/airflow/.local/lib/python3.8/site-packages/airflow/example_dags/example_sla_dag.py
[2025-04-28T17:35:39.712+0000] {processor.py:840} INFO - DAG(s) 'example_sla_dag' retrieved from /home/airflow/.local/lib/python3.8/site-packages/airflow/example_dags/example_sla_dag.py
[2025-04-28T17:35:39.753+0000] {logging_mixin.py:188} INFO - [2025-04-28T17:35:39.752+0000] {dag.py:3036} INFO - Sync 1 DAGs
[2025-04-28T17:35:39.775+0000] {logging_mixin.py:188} INFO - [2025-04-28T17:35:39.775+0000] {dag.py:3823} INFO - Setting next_dagrun for example_sla_dag to 2025-04-28 17:32:00+00:00, run_after=2025-04-28 17:34:00+00:00
[2025-04-28T17:35:39.790+0000] {processor.py:183} INFO - Processing /home/airflow/.local/lib/python3.8/site-packages/airflow/example_dags/example_sla_dag.py took 0.092 seconds
[2025-04-28T17:36:10.569+0000] {processor.py:161} INFO - Started process (PID=497) to work on /home/airflow/.local/lib/python3.8/site-packages/airflow/example_dags/example_sla_dag.py
[2025-04-28T17:36:10.572+0000] {processor.py:830} INFO - Processing file /home/airflow/.local/lib/python3.8/site-packages/airflow/example_dags/example_sla_dag.py for tasks to queue
[2025-04-28T17:36:10.573+0000] {logging_mixin.py:188} INFO - [2025-04-28T17:36:10.573+0000] {dagbag.py:538} INFO - Filling up the DagBag from /home/airflow/.local/lib/python3.8/site-packages/airflow/example_dags/example_sla_dag.py
[2025-04-28T17:36:10.587+0000] {processor.py:840} INFO - DAG(s) 'example_sla_dag' retrieved from /home/airflow/.local/lib/python3.8/site-packages/airflow/example_dags/example_sla_dag.py
[2025-04-28T17:36:10.614+0000] {logging_mixin.py:188} INFO - [2025-04-28T17:36:10.614+0000] {dag.py:3036} INFO - Sync 1 DAGs
[2025-04-28T17:36:10.641+0000] {logging_mixin.py:188} INFO - [2025-04-28T17:36:10.641+0000] {dag.py:3823} INFO - Setting next_dagrun for example_sla_dag to 2025-04-28 17:34:00+00:00, run_after=2025-04-28 17:36:00+00:00
[2025-04-28T17:36:10.658+0000] {processor.py:183} INFO - Processing /home/airflow/.local/lib/python3.8/site-packages/airflow/example_dags/example_sla_dag.py took 0.099 seconds
[2025-04-28T17:36:40.905+0000] {processor.py:161} INFO - Started process (PID=552) to work on /home/airflow/.local/lib/python3.8/site-packages/airflow/example_dags/example_sla_dag.py
[2025-04-28T17:36:40.911+0000] {processor.py:830} INFO - Processing file /home/airflow/.local/lib/python3.8/site-packages/airflow/example_dags/example_sla_dag.py for tasks to queue
[2025-04-28T17:36:40.913+0000] {logging_mixin.py:188} INFO - [2025-04-28T17:36:40.913+0000] {dagbag.py:538} INFO - Filling up the DagBag from /home/airflow/.local/lib/python3.8/site-packages/airflow/example_dags/example_sla_dag.py
[2025-04-28T17:36:40.921+0000] {processor.py:840} INFO - DAG(s) 'example_sla_dag' retrieved from /home/airflow/.local/lib/python3.8/site-packages/airflow/example_dags/example_sla_dag.py
[2025-04-28T17:36:40.959+0000] {logging_mixin.py:188} INFO - [2025-04-28T17:36:40.959+0000] {dag.py:3036} INFO - Sync 1 DAGs
[2025-04-28T17:36:40.982+0000] {logging_mixin.py:188} INFO - [2025-04-28T17:36:40.982+0000] {dag.py:3823} INFO - Setting next_dagrun for example_sla_dag to 2025-04-28 17:34:00+00:00, run_after=2025-04-28 17:36:00+00:00
[2025-04-28T17:36:41.013+0000] {processor.py:183} INFO - Processing /home/airflow/.local/lib/python3.8/site-packages/airflow/example_dags/example_sla_dag.py took 0.123 seconds
[2025-04-28T17:37:11.308+0000] {processor.py:161} INFO - Started process (PID=612) to work on /home/airflow/.local/lib/python3.8/site-packages/airflow/example_dags/example_sla_dag.py
[2025-04-28T17:37:11.312+0000] {processor.py:830} INFO - Processing file /home/airflow/.local/lib/python3.8/site-packages/airflow/example_dags/example_sla_dag.py for tasks to queue
[2025-04-28T17:37:11.313+0000] {logging_mixin.py:188} INFO - [2025-04-28T17:37:11.313+0000] {dagbag.py:538} INFO - Filling up the DagBag from /home/airflow/.local/lib/python3.8/site-packages/airflow/example_dags/example_sla_dag.py
[2025-04-28T17:37:11.320+0000] {processor.py:840} INFO - DAG(s) 'example_sla_dag' retrieved from /home/airflow/.local/lib/python3.8/site-packages/airflow/example_dags/example_sla_dag.py
[2025-04-28T17:37:11.339+0000] {logging_mixin.py:188} INFO - [2025-04-28T17:37:11.339+0000] {dag.py:3036} INFO - Sync 1 DAGs
[2025-04-28T17:37:11.362+0000] {logging_mixin.py:188} INFO - [2025-04-28T17:37:11.362+0000] {dag.py:3823} INFO - Setting next_dagrun for example_sla_dag to 2025-04-28 17:34:00+00:00, run_after=2025-04-28 17:36:00+00:00
[2025-04-28T17:37:11.382+0000] {processor.py:183} INFO - Processing /home/airflow/.local/lib/python3.8/site-packages/airflow/example_dags/example_sla_dag.py took 0.085 seconds
[2025-04-28T17:37:42.860+0000] {processor.py:161} INFO - Started process (PID=674) to work on /home/airflow/.local/lib/python3.8/site-packages/airflow/example_dags/example_sla_dag.py
[2025-04-28T17:37:42.862+0000] {processor.py:830} INFO - Processing file /home/airflow/.local/lib/python3.8/site-packages/airflow/example_dags/example_sla_dag.py for tasks to queue
[2025-04-28T17:37:42.865+0000] {logging_mixin.py:188} INFO - [2025-04-28T17:37:42.865+0000] {dagbag.py:538} INFO - Filling up the DagBag from /home/airflow/.local/lib/python3.8/site-packages/airflow/example_dags/example_sla_dag.py
[2025-04-28T17:37:42.875+0000] {processor.py:840} INFO - DAG(s) 'example_sla_dag' retrieved from /home/airflow/.local/lib/python3.8/site-packages/airflow/example_dags/example_sla_dag.py
[2025-04-28T17:37:42.893+0000] {logging_mixin.py:188} INFO - [2025-04-28T17:37:42.893+0000] {dag.py:3036} INFO - Sync 1 DAGs
[2025-04-28T17:37:42.911+0000] {logging_mixin.py:188} INFO - [2025-04-28T17:37:42.911+0000] {dag.py:3823} INFO - Setting next_dagrun for example_sla_dag to 2025-04-28 17:34:00+00:00, run_after=2025-04-28 17:36:00+00:00
[2025-04-28T17:37:42.925+0000] {processor.py:183} INFO - Processing /home/airflow/.local/lib/python3.8/site-packages/airflow/example_dags/example_sla_dag.py took 0.068 seconds
[2025-04-28T17:38:12.958+0000] {processor.py:161} INFO - Started process (PID=735) to work on /home/airflow/.local/lib/python3.8/site-packages/airflow/example_dags/example_sla_dag.py
[2025-04-28T17:38:12.960+0000] {processor.py:830} INFO - Processing file /home/airflow/.local/lib/python3.8/site-packages/airflow/example_dags/example_sla_dag.py for tasks to queue
[2025-04-28T17:38:12.962+0000] {logging_mixin.py:188} INFO - [2025-04-28T17:38:12.961+0000] {dagbag.py:538} INFO - Filling up the DagBag from /home/airflow/.local/lib/python3.8/site-packages/airflow/example_dags/example_sla_dag.py
[2025-04-28T17:38:12.967+0000] {processor.py:840} INFO - DAG(s) 'example_sla_dag' retrieved from /home/airflow/.local/lib/python3.8/site-packages/airflow/example_dags/example_sla_dag.py
[2025-04-28T17:38:12.982+0000] {logging_mixin.py:188} INFO - [2025-04-28T17:38:12.982+0000] {dag.py:3036} INFO - Sync 1 DAGs
[2025-04-28T17:38:12.997+0000] {logging_mixin.py:188} INFO - [2025-04-28T17:38:12.997+0000] {dag.py:3823} INFO - Setting next_dagrun for example_sla_dag to 2025-04-28 17:36:00+00:00, run_after=2025-04-28 17:38:00+00:00
[2025-04-28T17:38:13.008+0000] {processor.py:183} INFO - Processing /home/airflow/.local/lib/python3.8/site-packages/airflow/example_dags/example_sla_dag.py took 0.052 seconds
[2025-04-28T17:38:43.340+0000] {processor.py:161} INFO - Started process (PID=796) to work on /home/airflow/.local/lib/python3.8/site-packages/airflow/example_dags/example_sla_dag.py
[2025-04-28T17:38:43.342+0000] {processor.py:830} INFO - Processing file /home/airflow/.local/lib/python3.8/site-packages/airflow/example_dags/example_sla_dag.py for tasks to queue
[2025-04-28T17:38:43.345+0000] {logging_mixin.py:188} INFO - [2025-04-28T17:38:43.345+0000] {dagbag.py:538} INFO - Filling up the DagBag from /home/airflow/.local/lib/python3.8/site-packages/airflow/example_dags/example_sla_dag.py
[2025-04-28T17:38:43.357+0000] {processor.py:840} INFO - DAG(s) 'example_sla_dag' retrieved from /home/airflow/.local/lib/python3.8/site-packages/airflow/example_dags/example_sla_dag.py
[2025-04-28T17:38:43.380+0000] {logging_mixin.py:188} INFO - [2025-04-28T17:38:43.380+0000] {dag.py:3036} INFO - Sync 1 DAGs
[2025-04-28T17:38:43.395+0000] {logging_mixin.py:188} INFO - [2025-04-28T17:38:43.395+0000] {dag.py:3823} INFO - Setting next_dagrun for example_sla_dag to 2025-04-28 17:36:00+00:00, run_after=2025-04-28 17:38:00+00:00
[2025-04-28T17:38:43.413+0000] {processor.py:183} INFO - Processing /home/airflow/.local/lib/python3.8/site-packages/airflow/example_dags/example_sla_dag.py took 0.076 seconds
[2025-04-28T17:39:13.461+0000] {processor.py:161} INFO - Started process (PID=853) to work on /home/airflow/.local/lib/python3.8/site-packages/airflow/example_dags/example_sla_dag.py
[2025-04-28T17:39:13.462+0000] {processor.py:830} INFO - Processing file /home/airflow/.local/lib/python3.8/site-packages/airflow/example_dags/example_sla_dag.py for tasks to queue
[2025-04-28T17:39:13.463+0000] {logging_mixin.py:188} INFO - [2025-04-28T17:39:13.463+0000] {dagbag.py:538} INFO - Filling up the DagBag from /home/airflow/.local/lib/python3.8/site-packages/airflow/example_dags/example_sla_dag.py
[2025-04-28T17:39:13.477+0000] {processor.py:840} INFO - DAG(s) 'example_sla_dag' retrieved from /home/airflow/.local/lib/python3.8/site-packages/airflow/example_dags/example_sla_dag.py
[2025-04-28T17:39:13.504+0000] {logging_mixin.py:188} INFO - [2025-04-28T17:39:13.503+0000] {dag.py:3036} INFO - Sync 1 DAGs
[2025-04-28T17:39:13.535+0000] {logging_mixin.py:188} INFO - [2025-04-28T17:39:13.534+0000] {dag.py:3823} INFO - Setting next_dagrun for example_sla_dag to 2025-04-28 17:36:00+00:00, run_after=2025-04-28 17:38:00+00:00
[2025-04-28T17:39:13.554+0000] {processor.py:183} INFO - Processing /home/airflow/.local/lib/python3.8/site-packages/airflow/example_dags/example_sla_dag.py took 0.096 seconds
[2025-04-28T17:39:44.289+0000] {processor.py:161} INFO - Started process (PID=911) to work on /home/airflow/.local/lib/python3.8/site-packages/airflow/example_dags/example_sla_dag.py
[2025-04-28T17:39:44.292+0000] {processor.py:830} INFO - Processing file /home/airflow/.local/lib/python3.8/site-packages/airflow/example_dags/example_sla_dag.py for tasks to queue
[2025-04-28T17:39:44.294+0000] {logging_mixin.py:188} INFO - [2025-04-28T17:39:44.294+0000] {dagbag.py:538} INFO - Filling up the DagBag from /home/airflow/.local/lib/python3.8/site-packages/airflow/example_dags/example_sla_dag.py
[2025-04-28T17:39:44.301+0000] {processor.py:840} INFO - DAG(s) 'example_sla_dag' retrieved from /home/airflow/.local/lib/python3.8/site-packages/airflow/example_dags/example_sla_dag.py
[2025-04-28T17:39:44.319+0000] {logging_mixin.py:188} INFO - [2025-04-28T17:39:44.319+0000] {dag.py:3036} INFO - Sync 1 DAGs
[2025-04-28T17:39:44.334+0000] {logging_mixin.py:188} INFO - [2025-04-28T17:39:44.334+0000] {dag.py:3823} INFO - Setting next_dagrun for example_sla_dag to 2025-04-28 17:36:00+00:00, run_after=2025-04-28 17:38:00+00:00
[2025-04-28T17:39:44.349+0000] {processor.py:183} INFO - Processing /home/airflow/.local/lib/python3.8/site-packages/airflow/example_dags/example_sla_dag.py took 0.074 seconds
[2025-04-28T17:40:14.871+0000] {processor.py:161} INFO - Started process (PID=971) to work on /home/airflow/.local/lib/python3.8/site-packages/airflow/example_dags/example_sla_dag.py
[2025-04-28T17:40:14.872+0000] {processor.py:830} INFO - Processing file /home/airflow/.local/lib/python3.8/site-packages/airflow/example_dags/example_sla_dag.py for tasks to queue
[2025-04-28T17:40:14.873+0000] {logging_mixin.py:188} INFO - [2025-04-28T17:40:14.873+0000] {dagbag.py:538} INFO - Filling up the DagBag from /home/airflow/.local/lib/python3.8/site-packages/airflow/example_dags/example_sla_dag.py
[2025-04-28T17:40:14.880+0000] {processor.py:840} INFO - DAG(s) 'example_sla_dag' retrieved from /home/airflow/.local/lib/python3.8/site-packages/airflow/example_dags/example_sla_dag.py
[2025-04-28T17:40:14.901+0000] {logging_mixin.py:188} INFO - [2025-04-28T17:40:14.901+0000] {dag.py:3036} INFO - Sync 1 DAGs
[2025-04-28T17:40:14.923+0000] {logging_mixin.py:188} INFO - [2025-04-28T17:40:14.922+0000] {dag.py:3823} INFO - Setting next_dagrun for example_sla_dag to 2025-04-28 17:38:00+00:00, run_after=2025-04-28 17:40:00+00:00
[2025-04-28T17:40:14.935+0000] {processor.py:183} INFO - Processing /home/airflow/.local/lib/python3.8/site-packages/airflow/example_dags/example_sla_dag.py took 0.067 seconds
[2025-04-28T17:40:45.035+0000] {processor.py:161} INFO - Started process (PID=1031) to work on /home/airflow/.local/lib/python3.8/site-packages/airflow/example_dags/example_sla_dag.py
[2025-04-28T17:40:45.039+0000] {processor.py:830} INFO - Processing file /home/airflow/.local/lib/python3.8/site-packages/airflow/example_dags/example_sla_dag.py for tasks to queue
[2025-04-28T17:40:45.041+0000] {logging_mixin.py:188} INFO - [2025-04-28T17:40:45.040+0000] {dagbag.py:538} INFO - Filling up the DagBag from /home/airflow/.local/lib/python3.8/site-packages/airflow/example_dags/example_sla_dag.py
[2025-04-28T17:40:45.047+0000] {processor.py:840} INFO - DAG(s) 'example_sla_dag' retrieved from /home/airflow/.local/lib/python3.8/site-packages/airflow/example_dags/example_sla_dag.py
[2025-04-28T17:40:45.061+0000] {logging_mixin.py:188} INFO - [2025-04-28T17:40:45.061+0000] {dag.py:3036} INFO - Sync 1 DAGs
[2025-04-28T17:40:45.076+0000] {logging_mixin.py:188} INFO - [2025-04-28T17:40:45.076+0000] {dag.py:3823} INFO - Setting next_dagrun for example_sla_dag to 2025-04-28 17:38:00+00:00, run_after=2025-04-28 17:40:00+00:00
[2025-04-28T17:40:45.095+0000] {processor.py:183} INFO - Processing /home/airflow/.local/lib/python3.8/site-packages/airflow/example_dags/example_sla_dag.py took 0.068 seconds
[2025-04-28T17:41:15.347+0000] {processor.py:161} INFO - Started process (PID=1087) to work on /home/airflow/.local/lib/python3.8/site-packages/airflow/example_dags/example_sla_dag.py
[2025-04-28T17:41:15.348+0000] {processor.py:830} INFO - Processing file /home/airflow/.local/lib/python3.8/site-packages/airflow/example_dags/example_sla_dag.py for tasks to queue
[2025-04-28T17:41:15.349+0000] {logging_mixin.py:188} INFO - [2025-04-28T17:41:15.349+0000] {dagbag.py:538} INFO - Filling up the DagBag from /home/airflow/.local/lib/python3.8/site-packages/airflow/example_dags/example_sla_dag.py
[2025-04-28T17:41:15.354+0000] {processor.py:840} INFO - DAG(s) 'example_sla_dag' retrieved from /home/airflow/.local/lib/python3.8/site-packages/airflow/example_dags/example_sla_dag.py
[2025-04-28T17:41:15.365+0000] {logging_mixin.py:188} INFO - [2025-04-28T17:41:15.365+0000] {dag.py:3036} INFO - Sync 1 DAGs
[2025-04-28T17:41:15.376+0000] {logging_mixin.py:188} INFO - [2025-04-28T17:41:15.376+0000] {dag.py:3823} INFO - Setting next_dagrun for example_sla_dag to 2025-04-28 17:38:00+00:00, run_after=2025-04-28 17:40:00+00:00
[2025-04-28T17:41:15.385+0000] {processor.py:183} INFO - Processing /home/airflow/.local/lib/python3.8/site-packages/airflow/example_dags/example_sla_dag.py took 0.041 seconds
[2025-04-28T17:42:51.810+0000] {processor.py:161} INFO - Started process (PID=66) to work on /home/airflow/.local/lib/python3.8/site-packages/airflow/example_dags/example_sla_dag.py
[2025-04-28T17:42:51.821+0000] {processor.py:830} INFO - Processing file /home/airflow/.local/lib/python3.8/site-packages/airflow/example_dags/example_sla_dag.py for tasks to queue
[2025-04-28T17:42:51.827+0000] {logging_mixin.py:188} INFO - [2025-04-28T17:42:51.826+0000] {dagbag.py:538} INFO - Filling up the DagBag from /home/airflow/.local/lib/python3.8/site-packages/airflow/example_dags/example_sla_dag.py
[2025-04-28T17:42:51.839+0000] {processor.py:840} INFO - DAG(s) 'example_sla_dag' retrieved from /home/airflow/.local/lib/python3.8/site-packages/airflow/example_dags/example_sla_dag.py
[2025-04-28T17:42:51.862+0000] {logging_mixin.py:188} INFO - [2025-04-28T17:42:51.862+0000] {dag.py:3036} INFO - Sync 1 DAGs
[2025-04-28T17:42:51.910+0000] {logging_mixin.py:188} INFO - [2025-04-28T17:42:51.910+0000] {dag.py:3823} INFO - Setting next_dagrun for example_sla_dag to 2025-04-28 17:40:00+00:00, run_after=2025-04-28 17:42:00+00:00
[2025-04-28T17:42:51.944+0000] {processor.py:183} INFO - Processing /home/airflow/.local/lib/python3.8/site-packages/airflow/example_dags/example_sla_dag.py took 0.148 seconds
[2025-04-28T17:43:23.526+0000] {processor.py:161} INFO - Started process (PID=122) to work on /home/airflow/.local/lib/python3.8/site-packages/airflow/example_dags/example_sla_dag.py
[2025-04-28T17:43:23.530+0000] {processor.py:830} INFO - Processing file /home/airflow/.local/lib/python3.8/site-packages/airflow/example_dags/example_sla_dag.py for tasks to queue
[2025-04-28T17:43:23.533+0000] {logging_mixin.py:188} INFO - [2025-04-28T17:43:23.533+0000] {dagbag.py:538} INFO - Filling up the DagBag from /home/airflow/.local/lib/python3.8/site-packages/airflow/example_dags/example_sla_dag.py
[2025-04-28T17:43:23.563+0000] {processor.py:840} INFO - DAG(s) 'example_sla_dag' retrieved from /home/airflow/.local/lib/python3.8/site-packages/airflow/example_dags/example_sla_dag.py
[2025-04-28T17:43:23.754+0000] {logging_mixin.py:188} INFO - [2025-04-28T17:43:23.754+0000] {dag.py:3036} INFO - Sync 1 DAGs
[2025-04-28T17:43:23.824+0000] {logging_mixin.py:188} INFO - [2025-04-28T17:43:23.824+0000] {dag.py:3823} INFO - Setting next_dagrun for example_sla_dag to 2025-04-28 17:40:00+00:00, run_after=2025-04-28 17:42:00+00:00
[2025-04-28T17:43:23.846+0000] {processor.py:183} INFO - Processing /home/airflow/.local/lib/python3.8/site-packages/airflow/example_dags/example_sla_dag.py took 0.326 seconds
[2025-04-28T17:43:54.397+0000] {processor.py:161} INFO - Started process (PID=178) to work on /home/airflow/.local/lib/python3.8/site-packages/airflow/example_dags/example_sla_dag.py
[2025-04-28T17:43:54.399+0000] {processor.py:830} INFO - Processing file /home/airflow/.local/lib/python3.8/site-packages/airflow/example_dags/example_sla_dag.py for tasks to queue
[2025-04-28T17:43:54.401+0000] {logging_mixin.py:188} INFO - [2025-04-28T17:43:54.401+0000] {dagbag.py:538} INFO - Filling up the DagBag from /home/airflow/.local/lib/python3.8/site-packages/airflow/example_dags/example_sla_dag.py
[2025-04-28T17:43:54.410+0000] {processor.py:840} INFO - DAG(s) 'example_sla_dag' retrieved from /home/airflow/.local/lib/python3.8/site-packages/airflow/example_dags/example_sla_dag.py
[2025-04-28T17:43:54.444+0000] {logging_mixin.py:188} INFO - [2025-04-28T17:43:54.443+0000] {dag.py:3036} INFO - Sync 1 DAGs
[2025-04-28T17:43:54.546+0000] {logging_mixin.py:188} INFO - [2025-04-28T17:43:54.546+0000] {dag.py:3823} INFO - Setting next_dagrun for example_sla_dag to 2025-04-28 17:40:00+00:00, run_after=2025-04-28 17:42:00+00:00
[2025-04-28T17:43:54.574+0000] {processor.py:183} INFO - Processing /home/airflow/.local/lib/python3.8/site-packages/airflow/example_dags/example_sla_dag.py took 0.183 seconds
[2025-04-28T17:44:25.401+0000] {processor.py:161} INFO - Started process (PID=234) to work on /home/airflow/.local/lib/python3.8/site-packages/airflow/example_dags/example_sla_dag.py
[2025-04-28T17:44:25.404+0000] {processor.py:830} INFO - Processing file /home/airflow/.local/lib/python3.8/site-packages/airflow/example_dags/example_sla_dag.py for tasks to queue
[2025-04-28T17:44:25.405+0000] {logging_mixin.py:188} INFO - [2025-04-28T17:44:25.405+0000] {dagbag.py:538} INFO - Filling up the DagBag from /home/airflow/.local/lib/python3.8/site-packages/airflow/example_dags/example_sla_dag.py
[2025-04-28T17:44:25.412+0000] {processor.py:840} INFO - DAG(s) 'example_sla_dag' retrieved from /home/airflow/.local/lib/python3.8/site-packages/airflow/example_dags/example_sla_dag.py
[2025-04-28T17:44:25.429+0000] {logging_mixin.py:188} INFO - [2025-04-28T17:44:25.428+0000] {dag.py:3036} INFO - Sync 1 DAGs
[2025-04-28T17:44:25.448+0000] {logging_mixin.py:188} INFO - [2025-04-28T17:44:25.448+0000] {dag.py:3823} INFO - Setting next_dagrun for example_sla_dag to 2025-04-28 17:42:00+00:00, run_after=2025-04-28 17:44:00+00:00
[2025-04-28T17:44:25.463+0000] {processor.py:183} INFO - Processing /home/airflow/.local/lib/python3.8/site-packages/airflow/example_dags/example_sla_dag.py took 0.066 seconds
[2025-04-28T17:44:57.430+0000] {processor.py:161} INFO - Started process (PID=296) to work on /home/airflow/.local/lib/python3.8/site-packages/airflow/example_dags/example_sla_dag.py
[2025-04-28T17:44:57.439+0000] {processor.py:830} INFO - Processing file /home/airflow/.local/lib/python3.8/site-packages/airflow/example_dags/example_sla_dag.py for tasks to queue
[2025-04-28T17:44:57.447+0000] {logging_mixin.py:188} INFO - [2025-04-28T17:44:57.446+0000] {dagbag.py:538} INFO - Filling up the DagBag from /home/airflow/.local/lib/python3.8/site-packages/airflow/example_dags/example_sla_dag.py
[2025-04-28T17:44:57.506+0000] {processor.py:840} INFO - DAG(s) 'example_sla_dag' retrieved from /home/airflow/.local/lib/python3.8/site-packages/airflow/example_dags/example_sla_dag.py
[2025-04-28T17:44:57.622+0000] {logging_mixin.py:188} INFO - [2025-04-28T17:44:57.621+0000] {dag.py:3036} INFO - Sync 1 DAGs
[2025-04-28T17:44:57.734+0000] {logging_mixin.py:188} INFO - [2025-04-28T17:44:57.734+0000] {dag.py:3823} INFO - Setting next_dagrun for example_sla_dag to 2025-04-28 17:42:00+00:00, run_after=2025-04-28 17:44:00+00:00
[2025-04-28T17:44:58.085+0000] {processor.py:183} INFO - Processing /home/airflow/.local/lib/python3.8/site-packages/airflow/example_dags/example_sla_dag.py took 0.675 seconds
[2025-04-28T17:45:29.006+0000] {processor.py:161} INFO - Started process (PID=352) to work on /home/airflow/.local/lib/python3.8/site-packages/airflow/example_dags/example_sla_dag.py
[2025-04-28T17:45:29.016+0000] {processor.py:830} INFO - Processing file /home/airflow/.local/lib/python3.8/site-packages/airflow/example_dags/example_sla_dag.py for tasks to queue
[2025-04-28T17:45:29.026+0000] {logging_mixin.py:188} INFO - [2025-04-28T17:45:29.026+0000] {dagbag.py:538} INFO - Filling up the DagBag from /home/airflow/.local/lib/python3.8/site-packages/airflow/example_dags/example_sla_dag.py
[2025-04-28T17:45:29.077+0000] {processor.py:840} INFO - DAG(s) 'example_sla_dag' retrieved from /home/airflow/.local/lib/python3.8/site-packages/airflow/example_dags/example_sla_dag.py
[2025-04-28T17:45:29.125+0000] {logging_mixin.py:188} INFO - [2025-04-28T17:45:29.125+0000] {dag.py:3036} INFO - Sync 1 DAGs
[2025-04-28T17:45:29.178+0000] {logging_mixin.py:188} INFO - [2025-04-28T17:45:29.167+0000] {dag.py:3823} INFO - Setting next_dagrun for example_sla_dag to 2025-04-28 17:42:00+00:00, run_after=2025-04-28 17:44:00+00:00
[2025-04-28T17:45:29.207+0000] {processor.py:183} INFO - Processing /home/airflow/.local/lib/python3.8/site-packages/airflow/example_dags/example_sla_dag.py took 0.230 seconds
[2025-04-28T17:45:59.602+0000] {processor.py:161} INFO - Started process (PID=408) to work on /home/airflow/.local/lib/python3.8/site-packages/airflow/example_dags/example_sla_dag.py
[2025-04-28T17:45:59.605+0000] {processor.py:830} INFO - Processing file /home/airflow/.local/lib/python3.8/site-packages/airflow/example_dags/example_sla_dag.py for tasks to queue
[2025-04-28T17:45:59.616+0000] {logging_mixin.py:188} INFO - [2025-04-28T17:45:59.616+0000] {dagbag.py:538} INFO - Filling up the DagBag from /home/airflow/.local/lib/python3.8/site-packages/airflow/example_dags/example_sla_dag.py
[2025-04-28T17:45:59.648+0000] {processor.py:840} INFO - DAG(s) 'example_sla_dag' retrieved from /home/airflow/.local/lib/python3.8/site-packages/airflow/example_dags/example_sla_dag.py
[2025-04-28T17:45:59.741+0000] {logging_mixin.py:188} INFO - [2025-04-28T17:45:59.741+0000] {dag.py:3036} INFO - Sync 1 DAGs
[2025-04-28T17:45:59.843+0000] {logging_mixin.py:188} INFO - [2025-04-28T17:45:59.842+0000] {dag.py:3823} INFO - Setting next_dagrun for example_sla_dag to 2025-04-28 17:42:00+00:00, run_after=2025-04-28 17:44:00+00:00
[2025-04-28T17:45:59.895+0000] {processor.py:183} INFO - Processing /home/airflow/.local/lib/python3.8/site-packages/airflow/example_dags/example_sla_dag.py took 0.299 seconds
[2025-04-28T17:46:30.080+0000] {processor.py:161} INFO - Started process (PID=464) to work on /home/airflow/.local/lib/python3.8/site-packages/airflow/example_dags/example_sla_dag.py
[2025-04-28T17:46:30.082+0000] {processor.py:830} INFO - Processing file /home/airflow/.local/lib/python3.8/site-packages/airflow/example_dags/example_sla_dag.py for tasks to queue
[2025-04-28T17:46:30.088+0000] {logging_mixin.py:188} INFO - [2025-04-28T17:46:30.087+0000] {dagbag.py:538} INFO - Filling up the DagBag from /home/airflow/.local/lib/python3.8/site-packages/airflow/example_dags/example_sla_dag.py
[2025-04-28T17:46:30.110+0000] {processor.py:840} INFO - DAG(s) 'example_sla_dag' retrieved from /home/airflow/.local/lib/python3.8/site-packages/airflow/example_dags/example_sla_dag.py
[2025-04-28T17:46:30.131+0000] {logging_mixin.py:188} INFO - [2025-04-28T17:46:30.131+0000] {dag.py:3036} INFO - Sync 1 DAGs
[2025-04-28T17:46:30.162+0000] {logging_mixin.py:188} INFO - [2025-04-28T17:46:30.162+0000] {dag.py:3823} INFO - Setting next_dagrun for example_sla_dag to 2025-04-28 17:44:00+00:00, run_after=2025-04-28 17:46:00+00:00
[2025-04-28T17:46:30.178+0000] {processor.py:183} INFO - Processing /home/airflow/.local/lib/python3.8/site-packages/airflow/example_dags/example_sla_dag.py took 0.102 seconds
