[2025-04-28T17:32:08.004+0000] {processor.py:161} INFO - Started process (PID=75) to work on /home/airflow/.local/lib/python3.8/site-packages/airflow/example_dags/example_subdag_operator.py
[2025-04-28T17:32:08.013+0000] {processor.py:830} INFO - Processing file /home/airflow/.local/lib/python3.8/site-packages/airflow/example_dags/example_subdag_operator.py for tasks to queue
[2025-04-28T17:32:08.050+0000] {logging_mixin.py:188} INFO - [2025-04-28T17:32:08.028+0000] {dagbag.py:538} INFO - Filling up the DagBag from /home/airflow/.local/lib/python3.8/site-packages/airflow/example_dags/example_subdag_operator.py
[2025-04-28T17:32:08.262+0000] {processor.py:840} INFO - DAG(s) 'example_subdag_operator.section-1', 'example_subdag_operator.section-2', 'example_subdag_operator' retrieved from /home/airflow/.local/lib/python3.8/site-packages/airflow/example_dags/example_subdag_operator.py
[2025-04-28T17:32:08.361+0000] {logging_mixin.py:188} INFO - [2025-04-28T17:32:08.358+0000] {dag.py:3036} INFO - Sync 3 DAGs
[2025-04-28T17:32:08.451+0000] {logging_mixin.py:188} INFO - [2025-04-28T17:32:08.451+0000] {dag.py:3823} INFO - Setting next_dagrun for example_subdag_operator to 2022-01-01 00:00:00+00:00, run_after=2022-01-01 00:00:00+00:00
[2025-04-28T17:32:08.458+0000] {logging_mixin.py:188} INFO - [2025-04-28T17:32:08.458+0000] {dag.py:3823} INFO - Setting next_dagrun for example_subdag_operator.section-1 to None, run_after=None
[2025-04-28T17:32:08.464+0000] {logging_mixin.py:188} INFO - [2025-04-28T17:32:08.463+0000] {dag.py:3823} INFO - Setting next_dagrun for example_subdag_operator.section-2 to None, run_after=None
[2025-04-28T17:32:08.491+0000] {logging_mixin.py:188} INFO - [2025-04-28T17:32:08.491+0000] {dag.py:3036} INFO - Sync 2 DAGs
[2025-04-28T17:32:08.513+0000] {logging_mixin.py:188} INFO - [2025-04-28T17:32:08.512+0000] {dag.py:3823} INFO - Setting next_dagrun for example_subdag_operator.section-1 to None, run_after=None
[2025-04-28T17:32:08.514+0000] {logging_mixin.py:188} INFO - [2025-04-28T17:32:08.513+0000] {dag.py:3823} INFO - Setting next_dagrun for example_subdag_operator.section-2 to None, run_after=None
[2025-04-28T17:32:08.556+0000] {processor.py:183} INFO - Processing /home/airflow/.local/lib/python3.8/site-packages/airflow/example_dags/example_subdag_operator.py took 0.572 seconds
[2025-04-28T17:32:38.899+0000] {processor.py:161} INFO - Started process (PID=129) to work on /home/airflow/.local/lib/python3.8/site-packages/airflow/example_dags/example_subdag_operator.py
[2025-04-28T17:32:38.901+0000] {processor.py:830} INFO - Processing file /home/airflow/.local/lib/python3.8/site-packages/airflow/example_dags/example_subdag_operator.py for tasks to queue
[2025-04-28T17:32:38.902+0000] {logging_mixin.py:188} INFO - [2025-04-28T17:32:38.902+0000] {dagbag.py:538} INFO - Filling up the DagBag from /home/airflow/.local/lib/python3.8/site-packages/airflow/example_dags/example_subdag_operator.py
[2025-04-28T17:32:38.938+0000] {processor.py:840} INFO - DAG(s) 'example_subdag_operator.section-1', 'example_subdag_operator.section-2', 'example_subdag_operator' retrieved from /home/airflow/.local/lib/python3.8/site-packages/airflow/example_dags/example_subdag_operator.py
[2025-04-28T17:32:38.996+0000] {logging_mixin.py:188} INFO - [2025-04-28T17:32:38.995+0000] {dag.py:3036} INFO - Sync 3 DAGs
[2025-04-28T17:32:39.007+0000] {logging_mixin.py:188} INFO - [2025-04-28T17:32:39.006+0000] {dag.py:3823} INFO - Setting next_dagrun for example_subdag_operator to 2022-01-01 00:00:00+00:00, run_after=2022-01-01 00:00:00+00:00
[2025-04-28T17:32:39.008+0000] {logging_mixin.py:188} INFO - [2025-04-28T17:32:39.008+0000] {dag.py:3823} INFO - Setting next_dagrun for example_subdag_operator.section-1 to None, run_after=None
[2025-04-28T17:32:39.009+0000] {logging_mixin.py:188} INFO - [2025-04-28T17:32:39.009+0000] {dag.py:3823} INFO - Setting next_dagrun for example_subdag_operator.section-2 to None, run_after=None
[2025-04-28T17:32:39.014+0000] {logging_mixin.py:188} INFO - [2025-04-28T17:32:39.013+0000] {dag.py:3036} INFO - Sync 2 DAGs
[2025-04-28T17:32:39.017+0000] {logging_mixin.py:188} INFO - [2025-04-28T17:32:39.017+0000] {dag.py:3823} INFO - Setting next_dagrun for example_subdag_operator.section-1 to None, run_after=None
[2025-04-28T17:32:39.017+0000] {logging_mixin.py:188} INFO - [2025-04-28T17:32:39.017+0000] {dag.py:3823} INFO - Setting next_dagrun for example_subdag_operator.section-2 to None, run_after=None
[2025-04-28T17:32:39.030+0000] {processor.py:183} INFO - Processing /home/airflow/.local/lib/python3.8/site-packages/airflow/example_dags/example_subdag_operator.py took 0.133 seconds
[2025-04-28T17:33:11.059+0000] {processor.py:161} INFO - Started process (PID=185) to work on /home/airflow/.local/lib/python3.8/site-packages/airflow/example_dags/example_subdag_operator.py
[2025-04-28T17:33:11.069+0000] {processor.py:830} INFO - Processing file /home/airflow/.local/lib/python3.8/site-packages/airflow/example_dags/example_subdag_operator.py for tasks to queue
[2025-04-28T17:33:11.080+0000] {logging_mixin.py:188} INFO - [2025-04-28T17:33:11.079+0000] {dagbag.py:538} INFO - Filling up the DagBag from /home/airflow/.local/lib/python3.8/site-packages/airflow/example_dags/example_subdag_operator.py
[2025-04-28T17:33:11.166+0000] {processor.py:840} INFO - DAG(s) 'example_subdag_operator.section-1', 'example_subdag_operator.section-2', 'example_subdag_operator' retrieved from /home/airflow/.local/lib/python3.8/site-packages/airflow/example_dags/example_subdag_operator.py
[2025-04-28T17:33:11.194+0000] {logging_mixin.py:188} INFO - [2025-04-28T17:33:11.194+0000] {dag.py:3036} INFO - Sync 3 DAGs
[2025-04-28T17:33:11.240+0000] {logging_mixin.py:188} INFO - [2025-04-28T17:33:11.240+0000] {dag.py:3823} INFO - Setting next_dagrun for example_subdag_operator to 2022-01-01 00:00:00+00:00, run_after=2022-01-01 00:00:00+00:00
[2025-04-28T17:33:11.243+0000] {logging_mixin.py:188} INFO - [2025-04-28T17:33:11.243+0000] {dag.py:3823} INFO - Setting next_dagrun for example_subdag_operator.section-1 to None, run_after=None
[2025-04-28T17:33:11.247+0000] {logging_mixin.py:188} INFO - [2025-04-28T17:33:11.247+0000] {dag.py:3823} INFO - Setting next_dagrun for example_subdag_operator.section-2 to None, run_after=None
[2025-04-28T17:33:11.263+0000] {logging_mixin.py:188} INFO - [2025-04-28T17:33:11.262+0000] {dag.py:3036} INFO - Sync 2 DAGs
[2025-04-28T17:33:11.274+0000] {logging_mixin.py:188} INFO - [2025-04-28T17:33:11.274+0000] {dag.py:3823} INFO - Setting next_dagrun for example_subdag_operator.section-1 to None, run_after=None
[2025-04-28T17:33:11.275+0000] {logging_mixin.py:188} INFO - [2025-04-28T17:33:11.275+0000] {dag.py:3823} INFO - Setting next_dagrun for example_subdag_operator.section-2 to None, run_after=None
[2025-04-28T17:33:11.303+0000] {processor.py:183} INFO - Processing /home/airflow/.local/lib/python3.8/site-packages/airflow/example_dags/example_subdag_operator.py took 0.285 seconds
[2025-04-28T17:33:41.680+0000] {processor.py:161} INFO - Started process (PID=240) to work on /home/airflow/.local/lib/python3.8/site-packages/airflow/example_dags/example_subdag_operator.py
[2025-04-28T17:33:41.682+0000] {processor.py:830} INFO - Processing file /home/airflow/.local/lib/python3.8/site-packages/airflow/example_dags/example_subdag_operator.py for tasks to queue
[2025-04-28T17:33:41.685+0000] {logging_mixin.py:188} INFO - [2025-04-28T17:33:41.685+0000] {dagbag.py:538} INFO - Filling up the DagBag from /home/airflow/.local/lib/python3.8/site-packages/airflow/example_dags/example_subdag_operator.py
[2025-04-28T17:33:41.705+0000] {processor.py:840} INFO - DAG(s) 'example_subdag_operator.section-1', 'example_subdag_operator.section-2', 'example_subdag_operator' retrieved from /home/airflow/.local/lib/python3.8/site-packages/airflow/example_dags/example_subdag_operator.py
[2025-04-28T17:33:41.716+0000] {logging_mixin.py:188} INFO - [2025-04-28T17:33:41.716+0000] {dag.py:3036} INFO - Sync 3 DAGs
[2025-04-28T17:33:41.738+0000] {logging_mixin.py:188} INFO - [2025-04-28T17:33:41.737+0000] {dag.py:3823} INFO - Setting next_dagrun for example_subdag_operator to 2022-01-01 00:00:00+00:00, run_after=2022-01-01 00:00:00+00:00
[2025-04-28T17:33:41.743+0000] {logging_mixin.py:188} INFO - [2025-04-28T17:33:41.743+0000] {dag.py:3823} INFO - Setting next_dagrun for example_subdag_operator.section-1 to None, run_after=None
[2025-04-28T17:33:41.746+0000] {logging_mixin.py:188} INFO - [2025-04-28T17:33:41.746+0000] {dag.py:3823} INFO - Setting next_dagrun for example_subdag_operator.section-2 to None, run_after=None
[2025-04-28T17:33:41.756+0000] {logging_mixin.py:188} INFO - [2025-04-28T17:33:41.756+0000] {dag.py:3036} INFO - Sync 2 DAGs
[2025-04-28T17:33:41.760+0000] {logging_mixin.py:188} INFO - [2025-04-28T17:33:41.760+0000] {dag.py:3823} INFO - Setting next_dagrun for example_subdag_operator.section-1 to None, run_after=None
[2025-04-28T17:33:41.761+0000] {logging_mixin.py:188} INFO - [2025-04-28T17:33:41.761+0000] {dag.py:3823} INFO - Setting next_dagrun for example_subdag_operator.section-2 to None, run_after=None
[2025-04-28T17:33:41.793+0000] {processor.py:183} INFO - Processing /home/airflow/.local/lib/python3.8/site-packages/airflow/example_dags/example_subdag_operator.py took 0.118 seconds
[2025-04-28T17:34:11.828+0000] {processor.py:161} INFO - Started process (PID=294) to work on /home/airflow/.local/lib/python3.8/site-packages/airflow/example_dags/example_subdag_operator.py
[2025-04-28T17:34:11.832+0000] {processor.py:830} INFO - Processing file /home/airflow/.local/lib/python3.8/site-packages/airflow/example_dags/example_subdag_operator.py for tasks to queue
[2025-04-28T17:34:11.834+0000] {logging_mixin.py:188} INFO - [2025-04-28T17:34:11.834+0000] {dagbag.py:538} INFO - Filling up the DagBag from /home/airflow/.local/lib/python3.8/site-packages/airflow/example_dags/example_subdag_operator.py
[2025-04-28T17:34:11.874+0000] {processor.py:840} INFO - DAG(s) 'example_subdag_operator.section-1', 'example_subdag_operator.section-2', 'example_subdag_operator' retrieved from /home/airflow/.local/lib/python3.8/site-packages/airflow/example_dags/example_subdag_operator.py
[2025-04-28T17:34:11.900+0000] {logging_mixin.py:188} INFO - [2025-04-28T17:34:11.900+0000] {dag.py:3036} INFO - Sync 3 DAGs
[2025-04-28T17:34:11.921+0000] {logging_mixin.py:188} INFO - [2025-04-28T17:34:11.921+0000] {dag.py:3823} INFO - Setting next_dagrun for example_subdag_operator to 2022-01-01 00:00:00+00:00, run_after=2022-01-01 00:00:00+00:00
[2025-04-28T17:34:11.924+0000] {logging_mixin.py:188} INFO - [2025-04-28T17:34:11.924+0000] {dag.py:3823} INFO - Setting next_dagrun for example_subdag_operator.section-1 to None, run_after=None
[2025-04-28T17:34:11.926+0000] {logging_mixin.py:188} INFO - [2025-04-28T17:34:11.926+0000] {dag.py:3823} INFO - Setting next_dagrun for example_subdag_operator.section-2 to None, run_after=None
[2025-04-28T17:34:11.931+0000] {logging_mixin.py:188} INFO - [2025-04-28T17:34:11.931+0000] {dag.py:3036} INFO - Sync 2 DAGs
[2025-04-28T17:34:11.934+0000] {logging_mixin.py:188} INFO - [2025-04-28T17:34:11.934+0000] {dag.py:3823} INFO - Setting next_dagrun for example_subdag_operator.section-1 to None, run_after=None
[2025-04-28T17:34:11.934+0000] {logging_mixin.py:188} INFO - [2025-04-28T17:34:11.934+0000] {dag.py:3823} INFO - Setting next_dagrun for example_subdag_operator.section-2 to None, run_after=None
[2025-04-28T17:34:11.941+0000] {processor.py:183} INFO - Processing /home/airflow/.local/lib/python3.8/site-packages/airflow/example_dags/example_subdag_operator.py took 0.118 seconds
[2025-04-28T17:34:42.815+0000] {processor.py:161} INFO - Started process (PID=349) to work on /home/airflow/.local/lib/python3.8/site-packages/airflow/example_dags/example_subdag_operator.py
[2025-04-28T17:34:42.816+0000] {processor.py:830} INFO - Processing file /home/airflow/.local/lib/python3.8/site-packages/airflow/example_dags/example_subdag_operator.py for tasks to queue
[2025-04-28T17:34:42.818+0000] {logging_mixin.py:188} INFO - [2025-04-28T17:34:42.818+0000] {dagbag.py:538} INFO - Filling up the DagBag from /home/airflow/.local/lib/python3.8/site-packages/airflow/example_dags/example_subdag_operator.py
[2025-04-28T17:34:42.847+0000] {processor.py:840} INFO - DAG(s) 'example_subdag_operator.section-1', 'example_subdag_operator.section-2', 'example_subdag_operator' retrieved from /home/airflow/.local/lib/python3.8/site-packages/airflow/example_dags/example_subdag_operator.py
[2025-04-28T17:34:42.861+0000] {logging_mixin.py:188} INFO - [2025-04-28T17:34:42.861+0000] {dag.py:3036} INFO - Sync 3 DAGs
[2025-04-28T17:34:42.881+0000] {logging_mixin.py:188} INFO - [2025-04-28T17:34:42.881+0000] {dag.py:3823} INFO - Setting next_dagrun for example_subdag_operator to 2022-01-01 00:00:00+00:00, run_after=2022-01-01 00:00:00+00:00
[2025-04-28T17:34:42.884+0000] {logging_mixin.py:188} INFO - [2025-04-28T17:34:42.884+0000] {dag.py:3823} INFO - Setting next_dagrun for example_subdag_operator.section-1 to None, run_after=None
[2025-04-28T17:34:42.887+0000] {logging_mixin.py:188} INFO - [2025-04-28T17:34:42.887+0000] {dag.py:3823} INFO - Setting next_dagrun for example_subdag_operator.section-2 to None, run_after=None
[2025-04-28T17:34:42.892+0000] {logging_mixin.py:188} INFO - [2025-04-28T17:34:42.892+0000] {dag.py:3036} INFO - Sync 2 DAGs
[2025-04-28T17:34:42.896+0000] {logging_mixin.py:188} INFO - [2025-04-28T17:34:42.896+0000] {dag.py:3823} INFO - Setting next_dagrun for example_subdag_operator.section-1 to None, run_after=None
[2025-04-28T17:34:42.897+0000] {logging_mixin.py:188} INFO - [2025-04-28T17:34:42.897+0000] {dag.py:3823} INFO - Setting next_dagrun for example_subdag_operator.section-2 to None, run_after=None
[2025-04-28T17:34:42.907+0000] {processor.py:183} INFO - Processing /home/airflow/.local/lib/python3.8/site-packages/airflow/example_dags/example_subdag_operator.py took 0.096 seconds
[2025-04-28T17:35:13.187+0000] {processor.py:161} INFO - Started process (PID=404) to work on /home/airflow/.local/lib/python3.8/site-packages/airflow/example_dags/example_subdag_operator.py
[2025-04-28T17:35:13.189+0000] {processor.py:830} INFO - Processing file /home/airflow/.local/lib/python3.8/site-packages/airflow/example_dags/example_subdag_operator.py for tasks to queue
[2025-04-28T17:35:13.191+0000] {logging_mixin.py:188} INFO - [2025-04-28T17:35:13.190+0000] {dagbag.py:538} INFO - Filling up the DagBag from /home/airflow/.local/lib/python3.8/site-packages/airflow/example_dags/example_subdag_operator.py
[2025-04-28T17:35:13.214+0000] {processor.py:840} INFO - DAG(s) 'example_subdag_operator.section-1', 'example_subdag_operator.section-2', 'example_subdag_operator' retrieved from /home/airflow/.local/lib/python3.8/site-packages/airflow/example_dags/example_subdag_operator.py
[2025-04-28T17:35:13.223+0000] {logging_mixin.py:188} INFO - [2025-04-28T17:35:13.223+0000] {dag.py:3036} INFO - Sync 3 DAGs
[2025-04-28T17:35:13.236+0000] {logging_mixin.py:188} INFO - [2025-04-28T17:35:13.236+0000] {dag.py:3823} INFO - Setting next_dagrun for example_subdag_operator to 2022-01-01 00:00:00+00:00, run_after=2022-01-01 00:00:00+00:00
[2025-04-28T17:35:13.238+0000] {logging_mixin.py:188} INFO - [2025-04-28T17:35:13.238+0000] {dag.py:3823} INFO - Setting next_dagrun for example_subdag_operator.section-1 to None, run_after=None
[2025-04-28T17:35:13.239+0000] {logging_mixin.py:188} INFO - [2025-04-28T17:35:13.239+0000] {dag.py:3823} INFO - Setting next_dagrun for example_subdag_operator.section-2 to None, run_after=None
[2025-04-28T17:35:13.243+0000] {logging_mixin.py:188} INFO - [2025-04-28T17:35:13.242+0000] {dag.py:3036} INFO - Sync 2 DAGs
[2025-04-28T17:35:13.246+0000] {logging_mixin.py:188} INFO - [2025-04-28T17:35:13.246+0000] {dag.py:3823} INFO - Setting next_dagrun for example_subdag_operator.section-1 to None, run_after=None
[2025-04-28T17:35:13.246+0000] {logging_mixin.py:188} INFO - [2025-04-28T17:35:13.246+0000] {dag.py:3823} INFO - Setting next_dagrun for example_subdag_operator.section-2 to None, run_after=None
[2025-04-28T17:35:13.253+0000] {processor.py:183} INFO - Processing /home/airflow/.local/lib/python3.8/site-packages/airflow/example_dags/example_subdag_operator.py took 0.069 seconds
[2025-04-28T17:35:44.071+0000] {processor.py:161} INFO - Started process (PID=460) to work on /home/airflow/.local/lib/python3.8/site-packages/airflow/example_dags/example_subdag_operator.py
[2025-04-28T17:35:44.075+0000] {processor.py:830} INFO - Processing file /home/airflow/.local/lib/python3.8/site-packages/airflow/example_dags/example_subdag_operator.py for tasks to queue
[2025-04-28T17:35:44.081+0000] {logging_mixin.py:188} INFO - [2025-04-28T17:35:44.080+0000] {dagbag.py:538} INFO - Filling up the DagBag from /home/airflow/.local/lib/python3.8/site-packages/airflow/example_dags/example_subdag_operator.py
[2025-04-28T17:35:44.112+0000] {processor.py:840} INFO - DAG(s) 'example_subdag_operator.section-1', 'example_subdag_operator.section-2', 'example_subdag_operator' retrieved from /home/airflow/.local/lib/python3.8/site-packages/airflow/example_dags/example_subdag_operator.py
[2025-04-28T17:35:44.130+0000] {logging_mixin.py:188} INFO - [2025-04-28T17:35:44.129+0000] {dag.py:3036} INFO - Sync 3 DAGs
[2025-04-28T17:35:44.149+0000] {logging_mixin.py:188} INFO - [2025-04-28T17:35:44.149+0000] {dag.py:3823} INFO - Setting next_dagrun for example_subdag_operator to 2022-01-01 00:00:00+00:00, run_after=2022-01-01 00:00:00+00:00
[2025-04-28T17:35:44.152+0000] {logging_mixin.py:188} INFO - [2025-04-28T17:35:44.152+0000] {dag.py:3823} INFO - Setting next_dagrun for example_subdag_operator.section-1 to None, run_after=None
[2025-04-28T17:35:44.153+0000] {logging_mixin.py:188} INFO - [2025-04-28T17:35:44.153+0000] {dag.py:3823} INFO - Setting next_dagrun for example_subdag_operator.section-2 to None, run_after=None
[2025-04-28T17:35:44.160+0000] {logging_mixin.py:188} INFO - [2025-04-28T17:35:44.160+0000] {dag.py:3036} INFO - Sync 2 DAGs
[2025-04-28T17:35:44.171+0000] {logging_mixin.py:188} INFO - [2025-04-28T17:35:44.171+0000] {dag.py:3823} INFO - Setting next_dagrun for example_subdag_operator.section-1 to None, run_after=None
[2025-04-28T17:35:44.172+0000] {logging_mixin.py:188} INFO - [2025-04-28T17:35:44.172+0000] {dag.py:3823} INFO - Setting next_dagrun for example_subdag_operator.section-2 to None, run_after=None
[2025-04-28T17:35:44.196+0000] {processor.py:183} INFO - Processing /home/airflow/.local/lib/python3.8/site-packages/airflow/example_dags/example_subdag_operator.py took 0.129 seconds
[2025-04-28T17:36:14.728+0000] {processor.py:161} INFO - Started process (PID=515) to work on /home/airflow/.local/lib/python3.8/site-packages/airflow/example_dags/example_subdag_operator.py
[2025-04-28T17:36:14.734+0000] {processor.py:830} INFO - Processing file /home/airflow/.local/lib/python3.8/site-packages/airflow/example_dags/example_subdag_operator.py for tasks to queue
[2025-04-28T17:36:14.737+0000] {logging_mixin.py:188} INFO - [2025-04-28T17:36:14.737+0000] {dagbag.py:538} INFO - Filling up the DagBag from /home/airflow/.local/lib/python3.8/site-packages/airflow/example_dags/example_subdag_operator.py
[2025-04-28T17:36:14.775+0000] {processor.py:840} INFO - DAG(s) 'example_subdag_operator.section-1', 'example_subdag_operator.section-2', 'example_subdag_operator' retrieved from /home/airflow/.local/lib/python3.8/site-packages/airflow/example_dags/example_subdag_operator.py
[2025-04-28T17:36:14.786+0000] {logging_mixin.py:188} INFO - [2025-04-28T17:36:14.786+0000] {dag.py:3036} INFO - Sync 3 DAGs
[2025-04-28T17:36:14.800+0000] {logging_mixin.py:188} INFO - [2025-04-28T17:36:14.800+0000] {dag.py:3823} INFO - Setting next_dagrun for example_subdag_operator to 2022-01-01 00:00:00+00:00, run_after=2022-01-01 00:00:00+00:00
[2025-04-28T17:36:14.803+0000] {logging_mixin.py:188} INFO - [2025-04-28T17:36:14.802+0000] {dag.py:3823} INFO - Setting next_dagrun for example_subdag_operator.section-1 to None, run_after=None
[2025-04-28T17:36:14.803+0000] {logging_mixin.py:188} INFO - [2025-04-28T17:36:14.803+0000] {dag.py:3823} INFO - Setting next_dagrun for example_subdag_operator.section-2 to None, run_after=None
[2025-04-28T17:36:14.812+0000] {logging_mixin.py:188} INFO - [2025-04-28T17:36:14.811+0000] {dag.py:3036} INFO - Sync 2 DAGs
[2025-04-28T17:36:14.817+0000] {logging_mixin.py:188} INFO - [2025-04-28T17:36:14.817+0000] {dag.py:3823} INFO - Setting next_dagrun for example_subdag_operator.section-1 to None, run_after=None
[2025-04-28T17:36:14.823+0000] {logging_mixin.py:188} INFO - [2025-04-28T17:36:14.823+0000] {dag.py:3823} INFO - Setting next_dagrun for example_subdag_operator.section-2 to None, run_after=None
[2025-04-28T17:36:14.838+0000] {processor.py:183} INFO - Processing /home/airflow/.local/lib/python3.8/site-packages/airflow/example_dags/example_subdag_operator.py took 0.115 seconds
[2025-04-28T17:36:45.021+0000] {processor.py:161} INFO - Started process (PID=570) to work on /home/airflow/.local/lib/python3.8/site-packages/airflow/example_dags/example_subdag_operator.py
[2025-04-28T17:36:45.022+0000] {processor.py:830} INFO - Processing file /home/airflow/.local/lib/python3.8/site-packages/airflow/example_dags/example_subdag_operator.py for tasks to queue
[2025-04-28T17:36:45.023+0000] {logging_mixin.py:188} INFO - [2025-04-28T17:36:45.023+0000] {dagbag.py:538} INFO - Filling up the DagBag from /home/airflow/.local/lib/python3.8/site-packages/airflow/example_dags/example_subdag_operator.py
[2025-04-28T17:36:45.041+0000] {processor.py:840} INFO - DAG(s) 'example_subdag_operator.section-1', 'example_subdag_operator.section-2', 'example_subdag_operator' retrieved from /home/airflow/.local/lib/python3.8/site-packages/airflow/example_dags/example_subdag_operator.py
[2025-04-28T17:36:45.052+0000] {logging_mixin.py:188} INFO - [2025-04-28T17:36:45.052+0000] {dag.py:3036} INFO - Sync 3 DAGs
[2025-04-28T17:36:45.067+0000] {logging_mixin.py:188} INFO - [2025-04-28T17:36:45.067+0000] {dag.py:3823} INFO - Setting next_dagrun for example_subdag_operator to 2022-01-01 00:00:00+00:00, run_after=2022-01-01 00:00:00+00:00
[2025-04-28T17:36:45.069+0000] {logging_mixin.py:188} INFO - [2025-04-28T17:36:45.069+0000] {dag.py:3823} INFO - Setting next_dagrun for example_subdag_operator.section-1 to None, run_after=None
[2025-04-28T17:36:45.069+0000] {logging_mixin.py:188} INFO - [2025-04-28T17:36:45.069+0000] {dag.py:3823} INFO - Setting next_dagrun for example_subdag_operator.section-2 to None, run_after=None
[2025-04-28T17:36:45.073+0000] {logging_mixin.py:188} INFO - [2025-04-28T17:36:45.073+0000] {dag.py:3036} INFO - Sync 2 DAGs
[2025-04-28T17:36:45.077+0000] {logging_mixin.py:188} INFO - [2025-04-28T17:36:45.077+0000] {dag.py:3823} INFO - Setting next_dagrun for example_subdag_operator.section-1 to None, run_after=None
[2025-04-28T17:36:45.078+0000] {logging_mixin.py:188} INFO - [2025-04-28T17:36:45.078+0000] {dag.py:3823} INFO - Setting next_dagrun for example_subdag_operator.section-2 to None, run_after=None
[2025-04-28T17:36:45.084+0000] {processor.py:183} INFO - Processing /home/airflow/.local/lib/python3.8/site-packages/airflow/example_dags/example_subdag_operator.py took 0.066 seconds
[2025-04-28T17:37:15.637+0000] {processor.py:161} INFO - Started process (PID=631) to work on /home/airflow/.local/lib/python3.8/site-packages/airflow/example_dags/example_subdag_operator.py
[2025-04-28T17:37:15.639+0000] {processor.py:830} INFO - Processing file /home/airflow/.local/lib/python3.8/site-packages/airflow/example_dags/example_subdag_operator.py for tasks to queue
[2025-04-28T17:37:15.641+0000] {logging_mixin.py:188} INFO - [2025-04-28T17:37:15.640+0000] {dagbag.py:538} INFO - Filling up the DagBag from /home/airflow/.local/lib/python3.8/site-packages/airflow/example_dags/example_subdag_operator.py
[2025-04-28T17:37:15.663+0000] {processor.py:840} INFO - DAG(s) 'example_subdag_operator.section-1', 'example_subdag_operator.section-2', 'example_subdag_operator' retrieved from /home/airflow/.local/lib/python3.8/site-packages/airflow/example_dags/example_subdag_operator.py
[2025-04-28T17:37:15.675+0000] {logging_mixin.py:188} INFO - [2025-04-28T17:37:15.674+0000] {dag.py:3036} INFO - Sync 3 DAGs
[2025-04-28T17:37:15.690+0000] {logging_mixin.py:188} INFO - [2025-04-28T17:37:15.690+0000] {dag.py:3823} INFO - Setting next_dagrun for example_subdag_operator to 2022-01-01 00:00:00+00:00, run_after=2022-01-01 00:00:00+00:00
[2025-04-28T17:37:15.692+0000] {logging_mixin.py:188} INFO - [2025-04-28T17:37:15.692+0000] {dag.py:3823} INFO - Setting next_dagrun for example_subdag_operator.section-1 to None, run_after=None
[2025-04-28T17:37:15.692+0000] {logging_mixin.py:188} INFO - [2025-04-28T17:37:15.692+0000] {dag.py:3823} INFO - Setting next_dagrun for example_subdag_operator.section-2 to None, run_after=None
[2025-04-28T17:37:15.696+0000] {logging_mixin.py:188} INFO - [2025-04-28T17:37:15.696+0000] {dag.py:3036} INFO - Sync 2 DAGs
[2025-04-28T17:37:15.703+0000] {logging_mixin.py:188} INFO - [2025-04-28T17:37:15.703+0000] {dag.py:3823} INFO - Setting next_dagrun for example_subdag_operator.section-1 to None, run_after=None
[2025-04-28T17:37:15.706+0000] {logging_mixin.py:188} INFO - [2025-04-28T17:37:15.706+0000] {dag.py:3823} INFO - Setting next_dagrun for example_subdag_operator.section-2 to None, run_after=None
[2025-04-28T17:37:15.716+0000] {processor.py:183} INFO - Processing /home/airflow/.local/lib/python3.8/site-packages/airflow/example_dags/example_subdag_operator.py took 0.080 seconds
[2025-04-28T17:37:46.218+0000] {processor.py:161} INFO - Started process (PID=692) to work on /home/airflow/.local/lib/python3.8/site-packages/airflow/example_dags/example_subdag_operator.py
[2025-04-28T17:37:46.221+0000] {processor.py:830} INFO - Processing file /home/airflow/.local/lib/python3.8/site-packages/airflow/example_dags/example_subdag_operator.py for tasks to queue
[2025-04-28T17:37:46.222+0000] {logging_mixin.py:188} INFO - [2025-04-28T17:37:46.222+0000] {dagbag.py:538} INFO - Filling up the DagBag from /home/airflow/.local/lib/python3.8/site-packages/airflow/example_dags/example_subdag_operator.py
[2025-04-28T17:37:46.247+0000] {processor.py:840} INFO - DAG(s) 'example_subdag_operator.section-1', 'example_subdag_operator.section-2', 'example_subdag_operator' retrieved from /home/airflow/.local/lib/python3.8/site-packages/airflow/example_dags/example_subdag_operator.py
[2025-04-28T17:37:46.258+0000] {logging_mixin.py:188} INFO - [2025-04-28T17:37:46.258+0000] {dag.py:3036} INFO - Sync 3 DAGs
[2025-04-28T17:37:46.274+0000] {logging_mixin.py:188} INFO - [2025-04-28T17:37:46.274+0000] {dag.py:3823} INFO - Setting next_dagrun for example_subdag_operator to 2022-01-01 00:00:00+00:00, run_after=2022-01-01 00:00:00+00:00
[2025-04-28T17:37:46.276+0000] {logging_mixin.py:188} INFO - [2025-04-28T17:37:46.276+0000] {dag.py:3823} INFO - Setting next_dagrun for example_subdag_operator.section-1 to None, run_after=None
[2025-04-28T17:37:46.277+0000] {logging_mixin.py:188} INFO - [2025-04-28T17:37:46.277+0000] {dag.py:3823} INFO - Setting next_dagrun for example_subdag_operator.section-2 to None, run_after=None
[2025-04-28T17:37:46.284+0000] {logging_mixin.py:188} INFO - [2025-04-28T17:37:46.284+0000] {dag.py:3036} INFO - Sync 2 DAGs
[2025-04-28T17:37:46.287+0000] {logging_mixin.py:188} INFO - [2025-04-28T17:37:46.287+0000] {dag.py:3823} INFO - Setting next_dagrun for example_subdag_operator.section-1 to None, run_after=None
[2025-04-28T17:37:46.287+0000] {logging_mixin.py:188} INFO - [2025-04-28T17:37:46.287+0000] {dag.py:3823} INFO - Setting next_dagrun for example_subdag_operator.section-2 to None, run_after=None
[2025-04-28T17:37:46.298+0000] {processor.py:183} INFO - Processing /home/airflow/.local/lib/python3.8/site-packages/airflow/example_dags/example_subdag_operator.py took 0.090 seconds
[2025-04-28T17:38:17.016+0000] {processor.py:161} INFO - Started process (PID=753) to work on /home/airflow/.local/lib/python3.8/site-packages/airflow/example_dags/example_subdag_operator.py
[2025-04-28T17:38:17.029+0000] {processor.py:830} INFO - Processing file /home/airflow/.local/lib/python3.8/site-packages/airflow/example_dags/example_subdag_operator.py for tasks to queue
[2025-04-28T17:38:17.088+0000] {logging_mixin.py:188} INFO - [2025-04-28T17:38:17.076+0000] {dagbag.py:538} INFO - Filling up the DagBag from /home/airflow/.local/lib/python3.8/site-packages/airflow/example_dags/example_subdag_operator.py
[2025-04-28T17:38:17.239+0000] {processor.py:840} INFO - DAG(s) 'example_subdag_operator.section-1', 'example_subdag_operator.section-2', 'example_subdag_operator' retrieved from /home/airflow/.local/lib/python3.8/site-packages/airflow/example_dags/example_subdag_operator.py
[2025-04-28T17:38:17.308+0000] {logging_mixin.py:188} INFO - [2025-04-28T17:38:17.308+0000] {dag.py:3036} INFO - Sync 3 DAGs
[2025-04-28T17:38:17.352+0000] {logging_mixin.py:188} INFO - [2025-04-28T17:38:17.352+0000] {dag.py:3823} INFO - Setting next_dagrun for example_subdag_operator to 2022-01-01 00:00:00+00:00, run_after=2022-01-01 00:00:00+00:00
[2025-04-28T17:38:17.358+0000] {logging_mixin.py:188} INFO - [2025-04-28T17:38:17.358+0000] {dag.py:3823} INFO - Setting next_dagrun for example_subdag_operator.section-1 to None, run_after=None
[2025-04-28T17:38:17.360+0000] {logging_mixin.py:188} INFO - [2025-04-28T17:38:17.360+0000] {dag.py:3823} INFO - Setting next_dagrun for example_subdag_operator.section-2 to None, run_after=None
[2025-04-28T17:38:17.375+0000] {logging_mixin.py:188} INFO - [2025-04-28T17:38:17.375+0000] {dag.py:3036} INFO - Sync 2 DAGs
[2025-04-28T17:38:17.382+0000] {logging_mixin.py:188} INFO - [2025-04-28T17:38:17.381+0000] {dag.py:3823} INFO - Setting next_dagrun for example_subdag_operator.section-1 to None, run_after=None
[2025-04-28T17:38:17.382+0000] {logging_mixin.py:188} INFO - [2025-04-28T17:38:17.382+0000] {dag.py:3823} INFO - Setting next_dagrun for example_subdag_operator.section-2 to None, run_after=None
[2025-04-28T17:38:17.398+0000] {processor.py:183} INFO - Processing /home/airflow/.local/lib/python3.8/site-packages/airflow/example_dags/example_subdag_operator.py took 0.388 seconds
[2025-04-28T17:38:48.421+0000] {processor.py:161} INFO - Started process (PID=815) to work on /home/airflow/.local/lib/python3.8/site-packages/airflow/example_dags/example_subdag_operator.py
[2025-04-28T17:38:48.424+0000] {processor.py:830} INFO - Processing file /home/airflow/.local/lib/python3.8/site-packages/airflow/example_dags/example_subdag_operator.py for tasks to queue
[2025-04-28T17:38:48.430+0000] {logging_mixin.py:188} INFO - [2025-04-28T17:38:48.428+0000] {dagbag.py:538} INFO - Filling up the DagBag from /home/airflow/.local/lib/python3.8/site-packages/airflow/example_dags/example_subdag_operator.py
[2025-04-28T17:38:48.493+0000] {processor.py:840} INFO - DAG(s) 'example_subdag_operator.section-1', 'example_subdag_operator.section-2', 'example_subdag_operator' retrieved from /home/airflow/.local/lib/python3.8/site-packages/airflow/example_dags/example_subdag_operator.py
[2025-04-28T17:38:48.513+0000] {logging_mixin.py:188} INFO - [2025-04-28T17:38:48.513+0000] {dag.py:3036} INFO - Sync 3 DAGs
[2025-04-28T17:38:48.543+0000] {logging_mixin.py:188} INFO - [2025-04-28T17:38:48.543+0000] {dag.py:3823} INFO - Setting next_dagrun for example_subdag_operator to 2022-01-01 00:00:00+00:00, run_after=2022-01-01 00:00:00+00:00
[2025-04-28T17:38:48.548+0000] {logging_mixin.py:188} INFO - [2025-04-28T17:38:48.548+0000] {dag.py:3823} INFO - Setting next_dagrun for example_subdag_operator.section-1 to None, run_after=None
[2025-04-28T17:38:48.550+0000] {logging_mixin.py:188} INFO - [2025-04-28T17:38:48.549+0000] {dag.py:3823} INFO - Setting next_dagrun for example_subdag_operator.section-2 to None, run_after=None
[2025-04-28T17:38:48.558+0000] {logging_mixin.py:188} INFO - [2025-04-28T17:38:48.557+0000] {dag.py:3036} INFO - Sync 2 DAGs
[2025-04-28T17:38:48.566+0000] {logging_mixin.py:188} INFO - [2025-04-28T17:38:48.566+0000] {dag.py:3823} INFO - Setting next_dagrun for example_subdag_operator.section-1 to None, run_after=None
[2025-04-28T17:38:48.567+0000] {logging_mixin.py:188} INFO - [2025-04-28T17:38:48.566+0000] {dag.py:3823} INFO - Setting next_dagrun for example_subdag_operator.section-2 to None, run_after=None
[2025-04-28T17:38:48.586+0000] {processor.py:183} INFO - Processing /home/airflow/.local/lib/python3.8/site-packages/airflow/example_dags/example_subdag_operator.py took 0.171 seconds
[2025-04-28T17:39:19.576+0000] {processor.py:161} INFO - Started process (PID=872) to work on /home/airflow/.local/lib/python3.8/site-packages/airflow/example_dags/example_subdag_operator.py
[2025-04-28T17:39:19.578+0000] {processor.py:830} INFO - Processing file /home/airflow/.local/lib/python3.8/site-packages/airflow/example_dags/example_subdag_operator.py for tasks to queue
[2025-04-28T17:39:19.580+0000] {logging_mixin.py:188} INFO - [2025-04-28T17:39:19.580+0000] {dagbag.py:538} INFO - Filling up the DagBag from /home/airflow/.local/lib/python3.8/site-packages/airflow/example_dags/example_subdag_operator.py
[2025-04-28T17:39:19.601+0000] {processor.py:840} INFO - DAG(s) 'example_subdag_operator.section-1', 'example_subdag_operator.section-2', 'example_subdag_operator' retrieved from /home/airflow/.local/lib/python3.8/site-packages/airflow/example_dags/example_subdag_operator.py
[2025-04-28T17:39:19.614+0000] {logging_mixin.py:188} INFO - [2025-04-28T17:39:19.614+0000] {dag.py:3036} INFO - Sync 3 DAGs
[2025-04-28T17:39:19.629+0000] {logging_mixin.py:188} INFO - [2025-04-28T17:39:19.629+0000] {dag.py:3823} INFO - Setting next_dagrun for example_subdag_operator to 2022-01-01 00:00:00+00:00, run_after=2022-01-01 00:00:00+00:00
[2025-04-28T17:39:19.632+0000] {logging_mixin.py:188} INFO - [2025-04-28T17:39:19.632+0000] {dag.py:3823} INFO - Setting next_dagrun for example_subdag_operator.section-1 to None, run_after=None
[2025-04-28T17:39:19.633+0000] {logging_mixin.py:188} INFO - [2025-04-28T17:39:19.633+0000] {dag.py:3823} INFO - Setting next_dagrun for example_subdag_operator.section-2 to None, run_after=None
[2025-04-28T17:39:19.637+0000] {logging_mixin.py:188} INFO - [2025-04-28T17:39:19.637+0000] {dag.py:3036} INFO - Sync 2 DAGs
[2025-04-28T17:39:19.640+0000] {logging_mixin.py:188} INFO - [2025-04-28T17:39:19.640+0000] {dag.py:3823} INFO - Setting next_dagrun for example_subdag_operator.section-1 to None, run_after=None
[2025-04-28T17:39:19.640+0000] {logging_mixin.py:188} INFO - [2025-04-28T17:39:19.640+0000] {dag.py:3823} INFO - Setting next_dagrun for example_subdag_operator.section-2 to None, run_after=None
[2025-04-28T17:39:19.646+0000] {processor.py:183} INFO - Processing /home/airflow/.local/lib/python3.8/site-packages/airflow/example_dags/example_subdag_operator.py took 0.074 seconds
[2025-04-28T17:39:50.558+0000] {processor.py:161} INFO - Started process (PID=930) to work on /home/airflow/.local/lib/python3.8/site-packages/airflow/example_dags/example_subdag_operator.py
[2025-04-28T17:39:50.564+0000] {processor.py:830} INFO - Processing file /home/airflow/.local/lib/python3.8/site-packages/airflow/example_dags/example_subdag_operator.py for tasks to queue
[2025-04-28T17:39:50.568+0000] {logging_mixin.py:188} INFO - [2025-04-28T17:39:50.568+0000] {dagbag.py:538} INFO - Filling up the DagBag from /home/airflow/.local/lib/python3.8/site-packages/airflow/example_dags/example_subdag_operator.py
[2025-04-28T17:39:50.617+0000] {processor.py:840} INFO - DAG(s) 'example_subdag_operator.section-1', 'example_subdag_operator.section-2', 'example_subdag_operator' retrieved from /home/airflow/.local/lib/python3.8/site-packages/airflow/example_dags/example_subdag_operator.py
[2025-04-28T17:39:50.636+0000] {logging_mixin.py:188} INFO - [2025-04-28T17:39:50.635+0000] {dag.py:3036} INFO - Sync 3 DAGs
[2025-04-28T17:39:50.655+0000] {logging_mixin.py:188} INFO - [2025-04-28T17:39:50.655+0000] {dag.py:3823} INFO - Setting next_dagrun for example_subdag_operator to 2022-01-01 00:00:00+00:00, run_after=2022-01-01 00:00:00+00:00
[2025-04-28T17:39:50.658+0000] {logging_mixin.py:188} INFO - [2025-04-28T17:39:50.658+0000] {dag.py:3823} INFO - Setting next_dagrun for example_subdag_operator.section-1 to None, run_after=None
[2025-04-28T17:39:50.660+0000] {logging_mixin.py:188} INFO - [2025-04-28T17:39:50.660+0000] {dag.py:3823} INFO - Setting next_dagrun for example_subdag_operator.section-2 to None, run_after=None
[2025-04-28T17:39:50.667+0000] {logging_mixin.py:188} INFO - [2025-04-28T17:39:50.666+0000] {dag.py:3036} INFO - Sync 2 DAGs
[2025-04-28T17:39:50.671+0000] {logging_mixin.py:188} INFO - [2025-04-28T17:39:50.671+0000] {dag.py:3823} INFO - Setting next_dagrun for example_subdag_operator.section-1 to None, run_after=None
[2025-04-28T17:39:50.675+0000] {logging_mixin.py:188} INFO - [2025-04-28T17:39:50.675+0000] {dag.py:3823} INFO - Setting next_dagrun for example_subdag_operator.section-2 to None, run_after=None
[2025-04-28T17:39:50.692+0000] {processor.py:183} INFO - Processing /home/airflow/.local/lib/python3.8/site-packages/airflow/example_dags/example_subdag_operator.py took 0.141 seconds
[2025-04-28T17:40:20.865+0000] {processor.py:161} INFO - Started process (PID=989) to work on /home/airflow/.local/lib/python3.8/site-packages/airflow/example_dags/example_subdag_operator.py
[2025-04-28T17:40:20.867+0000] {processor.py:830} INFO - Processing file /home/airflow/.local/lib/python3.8/site-packages/airflow/example_dags/example_subdag_operator.py for tasks to queue
[2025-04-28T17:40:20.869+0000] {logging_mixin.py:188} INFO - [2025-04-28T17:40:20.869+0000] {dagbag.py:538} INFO - Filling up the DagBag from /home/airflow/.local/lib/python3.8/site-packages/airflow/example_dags/example_subdag_operator.py
[2025-04-28T17:40:20.890+0000] {processor.py:840} INFO - DAG(s) 'example_subdag_operator.section-1', 'example_subdag_operator.section-2', 'example_subdag_operator' retrieved from /home/airflow/.local/lib/python3.8/site-packages/airflow/example_dags/example_subdag_operator.py
[2025-04-28T17:40:20.900+0000] {logging_mixin.py:188} INFO - [2025-04-28T17:40:20.900+0000] {dag.py:3036} INFO - Sync 3 DAGs
[2025-04-28T17:40:20.913+0000] {logging_mixin.py:188} INFO - [2025-04-28T17:40:20.913+0000] {dag.py:3823} INFO - Setting next_dagrun for example_subdag_operator to 2022-01-01 00:00:00+00:00, run_after=2022-01-01 00:00:00+00:00
[2025-04-28T17:40:20.915+0000] {logging_mixin.py:188} INFO - [2025-04-28T17:40:20.915+0000] {dag.py:3823} INFO - Setting next_dagrun for example_subdag_operator.section-1 to None, run_after=None
[2025-04-28T17:40:20.915+0000] {logging_mixin.py:188} INFO - [2025-04-28T17:40:20.915+0000] {dag.py:3823} INFO - Setting next_dagrun for example_subdag_operator.section-2 to None, run_after=None
[2025-04-28T17:40:20.919+0000] {logging_mixin.py:188} INFO - [2025-04-28T17:40:20.919+0000] {dag.py:3036} INFO - Sync 2 DAGs
[2025-04-28T17:40:20.921+0000] {logging_mixin.py:188} INFO - [2025-04-28T17:40:20.921+0000] {dag.py:3823} INFO - Setting next_dagrun for example_subdag_operator.section-1 to None, run_after=None
[2025-04-28T17:40:20.922+0000] {logging_mixin.py:188} INFO - [2025-04-28T17:40:20.921+0000] {dag.py:3823} INFO - Setting next_dagrun for example_subdag_operator.section-2 to None, run_after=None
[2025-04-28T17:40:20.927+0000] {processor.py:183} INFO - Processing /home/airflow/.local/lib/python3.8/site-packages/airflow/example_dags/example_subdag_operator.py took 0.069 seconds
[2025-04-28T17:40:51.097+0000] {processor.py:161} INFO - Started process (PID=1048) to work on /home/airflow/.local/lib/python3.8/site-packages/airflow/example_dags/example_subdag_operator.py
[2025-04-28T17:40:51.099+0000] {processor.py:830} INFO - Processing file /home/airflow/.local/lib/python3.8/site-packages/airflow/example_dags/example_subdag_operator.py for tasks to queue
[2025-04-28T17:40:51.105+0000] {logging_mixin.py:188} INFO - [2025-04-28T17:40:51.105+0000] {dagbag.py:538} INFO - Filling up the DagBag from /home/airflow/.local/lib/python3.8/site-packages/airflow/example_dags/example_subdag_operator.py
[2025-04-28T17:40:51.138+0000] {processor.py:840} INFO - DAG(s) 'example_subdag_operator.section-1', 'example_subdag_operator.section-2', 'example_subdag_operator' retrieved from /home/airflow/.local/lib/python3.8/site-packages/airflow/example_dags/example_subdag_operator.py
[2025-04-28T17:40:51.153+0000] {logging_mixin.py:188} INFO - [2025-04-28T17:40:51.153+0000] {dag.py:3036} INFO - Sync 3 DAGs
[2025-04-28T17:40:51.168+0000] {logging_mixin.py:188} INFO - [2025-04-28T17:40:51.168+0000] {dag.py:3823} INFO - Setting next_dagrun for example_subdag_operator to 2022-01-01 00:00:00+00:00, run_after=2022-01-01 00:00:00+00:00
[2025-04-28T17:40:51.170+0000] {logging_mixin.py:188} INFO - [2025-04-28T17:40:51.170+0000] {dag.py:3823} INFO - Setting next_dagrun for example_subdag_operator.section-1 to None, run_after=None
[2025-04-28T17:40:51.172+0000] {logging_mixin.py:188} INFO - [2025-04-28T17:40:51.172+0000] {dag.py:3823} INFO - Setting next_dagrun for example_subdag_operator.section-2 to None, run_after=None
[2025-04-28T17:40:51.178+0000] {logging_mixin.py:188} INFO - [2025-04-28T17:40:51.177+0000] {dag.py:3036} INFO - Sync 2 DAGs
[2025-04-28T17:40:51.182+0000] {logging_mixin.py:188} INFO - [2025-04-28T17:40:51.182+0000] {dag.py:3823} INFO - Setting next_dagrun for example_subdag_operator.section-1 to None, run_after=None
[2025-04-28T17:40:51.182+0000] {logging_mixin.py:188} INFO - [2025-04-28T17:40:51.182+0000] {dag.py:3823} INFO - Setting next_dagrun for example_subdag_operator.section-2 to None, run_after=None
[2025-04-28T17:40:51.189+0000] {processor.py:183} INFO - Processing /home/airflow/.local/lib/python3.8/site-packages/airflow/example_dags/example_subdag_operator.py took 0.096 seconds
[2025-04-28T17:41:21.281+0000] {processor.py:161} INFO - Started process (PID=1104) to work on /home/airflow/.local/lib/python3.8/site-packages/airflow/example_dags/example_subdag_operator.py
[2025-04-28T17:41:21.285+0000] {processor.py:830} INFO - Processing file /home/airflow/.local/lib/python3.8/site-packages/airflow/example_dags/example_subdag_operator.py for tasks to queue
[2025-04-28T17:41:21.289+0000] {logging_mixin.py:188} INFO - [2025-04-28T17:41:21.288+0000] {dagbag.py:538} INFO - Filling up the DagBag from /home/airflow/.local/lib/python3.8/site-packages/airflow/example_dags/example_subdag_operator.py
[2025-04-28T17:41:21.325+0000] {processor.py:840} INFO - DAG(s) 'example_subdag_operator.section-1', 'example_subdag_operator.section-2', 'example_subdag_operator' retrieved from /home/airflow/.local/lib/python3.8/site-packages/airflow/example_dags/example_subdag_operator.py
[2025-04-28T17:41:21.342+0000] {logging_mixin.py:188} INFO - [2025-04-28T17:41:21.341+0000] {dag.py:3036} INFO - Sync 3 DAGs
[2025-04-28T17:41:21.359+0000] {logging_mixin.py:188} INFO - [2025-04-28T17:41:21.358+0000] {dag.py:3823} INFO - Setting next_dagrun for example_subdag_operator to 2022-01-01 00:00:00+00:00, run_after=2022-01-01 00:00:00+00:00
[2025-04-28T17:41:21.362+0000] {logging_mixin.py:188} INFO - [2025-04-28T17:41:21.361+0000] {dag.py:3823} INFO - Setting next_dagrun for example_subdag_operator.section-1 to None, run_after=None
[2025-04-28T17:41:21.363+0000] {logging_mixin.py:188} INFO - [2025-04-28T17:41:21.363+0000] {dag.py:3823} INFO - Setting next_dagrun for example_subdag_operator.section-2 to None, run_after=None
[2025-04-28T17:41:21.368+0000] {logging_mixin.py:188} INFO - [2025-04-28T17:41:21.368+0000] {dag.py:3036} INFO - Sync 2 DAGs
[2025-04-28T17:41:21.372+0000] {logging_mixin.py:188} INFO - [2025-04-28T17:41:21.372+0000] {dag.py:3823} INFO - Setting next_dagrun for example_subdag_operator.section-1 to None, run_after=None
[2025-04-28T17:41:21.373+0000] {logging_mixin.py:188} INFO - [2025-04-28T17:41:21.373+0000] {dag.py:3823} INFO - Setting next_dagrun for example_subdag_operator.section-2 to None, run_after=None
[2025-04-28T17:41:21.383+0000] {processor.py:183} INFO - Processing /home/airflow/.local/lib/python3.8/site-packages/airflow/example_dags/example_subdag_operator.py took 0.110 seconds
[2025-04-28T17:42:54.652+0000] {processor.py:161} INFO - Started process (PID=84) to work on /home/airflow/.local/lib/python3.8/site-packages/airflow/example_dags/example_subdag_operator.py
[2025-04-28T17:42:54.660+0000] {processor.py:830} INFO - Processing file /home/airflow/.local/lib/python3.8/site-packages/airflow/example_dags/example_subdag_operator.py for tasks to queue
[2025-04-28T17:42:54.663+0000] {logging_mixin.py:188} INFO - [2025-04-28T17:42:54.663+0000] {dagbag.py:538} INFO - Filling up the DagBag from /home/airflow/.local/lib/python3.8/site-packages/airflow/example_dags/example_subdag_operator.py
[2025-04-28T17:42:54.710+0000] {processor.py:840} INFO - DAG(s) 'example_subdag_operator.section-1', 'example_subdag_operator.section-2', 'example_subdag_operator' retrieved from /home/airflow/.local/lib/python3.8/site-packages/airflow/example_dags/example_subdag_operator.py
[2025-04-28T17:42:54.928+0000] {logging_mixin.py:188} INFO - [2025-04-28T17:42:54.927+0000] {dag.py:3036} INFO - Sync 3 DAGs
[2025-04-28T17:42:54.968+0000] {logging_mixin.py:188} INFO - [2025-04-28T17:42:54.968+0000] {dag.py:3823} INFO - Setting next_dagrun for example_subdag_operator to 2022-01-01 00:00:00+00:00, run_after=2022-01-01 00:00:00+00:00
[2025-04-28T17:42:54.972+0000] {logging_mixin.py:188} INFO - [2025-04-28T17:42:54.972+0000] {dag.py:3823} INFO - Setting next_dagrun for example_subdag_operator.section-1 to None, run_after=None
[2025-04-28T17:42:54.973+0000] {logging_mixin.py:188} INFO - [2025-04-28T17:42:54.973+0000] {dag.py:3823} INFO - Setting next_dagrun for example_subdag_operator.section-2 to None, run_after=None
[2025-04-28T17:42:54.988+0000] {logging_mixin.py:188} INFO - [2025-04-28T17:42:54.988+0000] {dag.py:3036} INFO - Sync 2 DAGs
[2025-04-28T17:42:55.000+0000] {logging_mixin.py:188} INFO - [2025-04-28T17:42:55.000+0000] {dag.py:3823} INFO - Setting next_dagrun for example_subdag_operator.section-1 to None, run_after=None
[2025-04-28T17:42:55.000+0000] {logging_mixin.py:188} INFO - [2025-04-28T17:42:55.000+0000] {dag.py:3823} INFO - Setting next_dagrun for example_subdag_operator.section-2 to None, run_after=None
[2025-04-28T17:42:55.018+0000] {processor.py:183} INFO - Processing /home/airflow/.local/lib/python3.8/site-packages/airflow/example_dags/example_subdag_operator.py took 0.377 seconds
[2025-04-28T17:43:26.515+0000] {processor.py:161} INFO - Started process (PID=145) to work on /home/airflow/.local/lib/python3.8/site-packages/airflow/example_dags/example_subdag_operator.py
[2025-04-28T17:43:26.519+0000] {processor.py:830} INFO - Processing file /home/airflow/.local/lib/python3.8/site-packages/airflow/example_dags/example_subdag_operator.py for tasks to queue
[2025-04-28T17:43:26.523+0000] {logging_mixin.py:188} INFO - [2025-04-28T17:43:26.522+0000] {dagbag.py:538} INFO - Filling up the DagBag from /home/airflow/.local/lib/python3.8/site-packages/airflow/example_dags/example_subdag_operator.py
[2025-04-28T17:43:26.631+0000] {processor.py:840} INFO - DAG(s) 'example_subdag_operator.section-1', 'example_subdag_operator.section-2', 'example_subdag_operator' retrieved from /home/airflow/.local/lib/python3.8/site-packages/airflow/example_dags/example_subdag_operator.py
[2025-04-28T17:43:26.653+0000] {logging_mixin.py:188} INFO - [2025-04-28T17:43:26.653+0000] {dag.py:3036} INFO - Sync 3 DAGs
[2025-04-28T17:43:26.678+0000] {logging_mixin.py:188} INFO - [2025-04-28T17:43:26.678+0000] {dag.py:3823} INFO - Setting next_dagrun for example_subdag_operator to 2022-01-01 00:00:00+00:00, run_after=2022-01-01 00:00:00+00:00
[2025-04-28T17:43:26.681+0000] {logging_mixin.py:188} INFO - [2025-04-28T17:43:26.681+0000] {dag.py:3823} INFO - Setting next_dagrun for example_subdag_operator.section-1 to None, run_after=None
[2025-04-28T17:43:26.682+0000] {logging_mixin.py:188} INFO - [2025-04-28T17:43:26.682+0000] {dag.py:3823} INFO - Setting next_dagrun for example_subdag_operator.section-2 to None, run_after=None
[2025-04-28T17:43:26.687+0000] {logging_mixin.py:188} INFO - [2025-04-28T17:43:26.687+0000] {dag.py:3036} INFO - Sync 2 DAGs
[2025-04-28T17:43:26.694+0000] {logging_mixin.py:188} INFO - [2025-04-28T17:43:26.693+0000] {dag.py:3823} INFO - Setting next_dagrun for example_subdag_operator.section-1 to None, run_after=None
[2025-04-28T17:43:26.694+0000] {logging_mixin.py:188} INFO - [2025-04-28T17:43:26.694+0000] {dag.py:3823} INFO - Setting next_dagrun for example_subdag_operator.section-2 to None, run_after=None
[2025-04-28T17:43:26.701+0000] {processor.py:183} INFO - Processing /home/airflow/.local/lib/python3.8/site-packages/airflow/example_dags/example_subdag_operator.py took 0.200 seconds
[2025-04-28T17:43:57.593+0000] {processor.py:161} INFO - Started process (PID=202) to work on /home/airflow/.local/lib/python3.8/site-packages/airflow/example_dags/example_subdag_operator.py
[2025-04-28T17:43:57.598+0000] {processor.py:830} INFO - Processing file /home/airflow/.local/lib/python3.8/site-packages/airflow/example_dags/example_subdag_operator.py for tasks to queue
[2025-04-28T17:43:57.599+0000] {logging_mixin.py:188} INFO - [2025-04-28T17:43:57.599+0000] {dagbag.py:538} INFO - Filling up the DagBag from /home/airflow/.local/lib/python3.8/site-packages/airflow/example_dags/example_subdag_operator.py
[2025-04-28T17:43:57.626+0000] {processor.py:840} INFO - DAG(s) 'example_subdag_operator.section-1', 'example_subdag_operator.section-2', 'example_subdag_operator' retrieved from /home/airflow/.local/lib/python3.8/site-packages/airflow/example_dags/example_subdag_operator.py
[2025-04-28T17:43:57.641+0000] {logging_mixin.py:188} INFO - [2025-04-28T17:43:57.641+0000] {dag.py:3036} INFO - Sync 3 DAGs
[2025-04-28T17:43:57.664+0000] {logging_mixin.py:188} INFO - [2025-04-28T17:43:57.664+0000] {dag.py:3823} INFO - Setting next_dagrun for example_subdag_operator to 2022-01-01 00:00:00+00:00, run_after=2022-01-01 00:00:00+00:00
[2025-04-28T17:43:57.668+0000] {logging_mixin.py:188} INFO - [2025-04-28T17:43:57.667+0000] {dag.py:3823} INFO - Setting next_dagrun for example_subdag_operator.section-1 to None, run_after=None
[2025-04-28T17:43:57.669+0000] {logging_mixin.py:188} INFO - [2025-04-28T17:43:57.668+0000] {dag.py:3823} INFO - Setting next_dagrun for example_subdag_operator.section-2 to None, run_after=None
[2025-04-28T17:43:57.676+0000] {logging_mixin.py:188} INFO - [2025-04-28T17:43:57.675+0000] {dag.py:3036} INFO - Sync 2 DAGs
[2025-04-28T17:43:57.681+0000] {logging_mixin.py:188} INFO - [2025-04-28T17:43:57.681+0000] {dag.py:3823} INFO - Setting next_dagrun for example_subdag_operator.section-1 to None, run_after=None
[2025-04-28T17:43:57.681+0000] {logging_mixin.py:188} INFO - [2025-04-28T17:43:57.681+0000] {dag.py:3823} INFO - Setting next_dagrun for example_subdag_operator.section-2 to None, run_after=None
[2025-04-28T17:43:57.698+0000] {processor.py:183} INFO - Processing /home/airflow/.local/lib/python3.8/site-packages/airflow/example_dags/example_subdag_operator.py took 0.110 seconds
[2025-04-28T17:44:28.231+0000] {processor.py:161} INFO - Started process (PID=258) to work on /home/airflow/.local/lib/python3.8/site-packages/airflow/example_dags/example_subdag_operator.py
[2025-04-28T17:44:28.234+0000] {processor.py:830} INFO - Processing file /home/airflow/.local/lib/python3.8/site-packages/airflow/example_dags/example_subdag_operator.py for tasks to queue
[2025-04-28T17:44:28.237+0000] {logging_mixin.py:188} INFO - [2025-04-28T17:44:28.237+0000] {dagbag.py:538} INFO - Filling up the DagBag from /home/airflow/.local/lib/python3.8/site-packages/airflow/example_dags/example_subdag_operator.py
[2025-04-28T17:44:28.261+0000] {processor.py:840} INFO - DAG(s) 'example_subdag_operator.section-1', 'example_subdag_operator.section-2', 'example_subdag_operator' retrieved from /home/airflow/.local/lib/python3.8/site-packages/airflow/example_dags/example_subdag_operator.py
[2025-04-28T17:44:28.273+0000] {logging_mixin.py:188} INFO - [2025-04-28T17:44:28.273+0000] {dag.py:3036} INFO - Sync 3 DAGs
[2025-04-28T17:44:28.288+0000] {logging_mixin.py:188} INFO - [2025-04-28T17:44:28.287+0000] {dag.py:3823} INFO - Setting next_dagrun for example_subdag_operator to 2022-01-01 00:00:00+00:00, run_after=2022-01-01 00:00:00+00:00
[2025-04-28T17:44:28.291+0000] {logging_mixin.py:188} INFO - [2025-04-28T17:44:28.291+0000] {dag.py:3823} INFO - Setting next_dagrun for example_subdag_operator.section-1 to None, run_after=None
[2025-04-28T17:44:28.292+0000] {logging_mixin.py:188} INFO - [2025-04-28T17:44:28.292+0000] {dag.py:3823} INFO - Setting next_dagrun for example_subdag_operator.section-2 to None, run_after=None
[2025-04-28T17:44:28.298+0000] {logging_mixin.py:188} INFO - [2025-04-28T17:44:28.298+0000] {dag.py:3036} INFO - Sync 2 DAGs
[2025-04-28T17:44:28.302+0000] {logging_mixin.py:188} INFO - [2025-04-28T17:44:28.301+0000] {dag.py:3823} INFO - Setting next_dagrun for example_subdag_operator.section-1 to None, run_after=None
[2025-04-28T17:44:28.302+0000] {logging_mixin.py:188} INFO - [2025-04-28T17:44:28.302+0000] {dag.py:3823} INFO - Setting next_dagrun for example_subdag_operator.section-2 to None, run_after=None
[2025-04-28T17:44:28.309+0000] {processor.py:183} INFO - Processing /home/airflow/.local/lib/python3.8/site-packages/airflow/example_dags/example_subdag_operator.py took 0.084 seconds
[2025-04-28T17:45:00.855+0000] {processor.py:161} INFO - Started process (PID=314) to work on /home/airflow/.local/lib/python3.8/site-packages/airflow/example_dags/example_subdag_operator.py
[2025-04-28T17:45:00.857+0000] {processor.py:830} INFO - Processing file /home/airflow/.local/lib/python3.8/site-packages/airflow/example_dags/example_subdag_operator.py for tasks to queue
[2025-04-28T17:45:00.860+0000] {logging_mixin.py:188} INFO - [2025-04-28T17:45:00.860+0000] {dagbag.py:538} INFO - Filling up the DagBag from /home/airflow/.local/lib/python3.8/site-packages/airflow/example_dags/example_subdag_operator.py
[2025-04-28T17:45:00.911+0000] {processor.py:840} INFO - DAG(s) 'example_subdag_operator.section-1', 'example_subdag_operator.section-2', 'example_subdag_operator' retrieved from /home/airflow/.local/lib/python3.8/site-packages/airflow/example_dags/example_subdag_operator.py
[2025-04-28T17:45:00.937+0000] {logging_mixin.py:188} INFO - [2025-04-28T17:45:00.937+0000] {dag.py:3036} INFO - Sync 3 DAGs
[2025-04-28T17:45:01.030+0000] {logging_mixin.py:188} INFO - [2025-04-28T17:45:01.030+0000] {dag.py:3823} INFO - Setting next_dagrun for example_subdag_operator to 2022-01-01 00:00:00+00:00, run_after=2022-01-01 00:00:00+00:00
[2025-04-28T17:45:01.037+0000] {logging_mixin.py:188} INFO - [2025-04-28T17:45:01.037+0000] {dag.py:3823} INFO - Setting next_dagrun for example_subdag_operator.section-1 to None, run_after=None
[2025-04-28T17:45:01.040+0000] {logging_mixin.py:188} INFO - [2025-04-28T17:45:01.040+0000] {dag.py:3823} INFO - Setting next_dagrun for example_subdag_operator.section-2 to None, run_after=None
[2025-04-28T17:45:01.048+0000] {logging_mixin.py:188} INFO - [2025-04-28T17:45:01.048+0000] {dag.py:3036} INFO - Sync 2 DAGs
[2025-04-28T17:45:01.058+0000] {logging_mixin.py:188} INFO - [2025-04-28T17:45:01.058+0000] {dag.py:3823} INFO - Setting next_dagrun for example_subdag_operator.section-1 to None, run_after=None
[2025-04-28T17:45:01.058+0000] {logging_mixin.py:188} INFO - [2025-04-28T17:45:01.058+0000] {dag.py:3823} INFO - Setting next_dagrun for example_subdag_operator.section-2 to None, run_after=None
[2025-04-28T17:45:01.085+0000] {processor.py:183} INFO - Processing /home/airflow/.local/lib/python3.8/site-packages/airflow/example_dags/example_subdag_operator.py took 0.237 seconds
[2025-04-28T17:45:32.876+0000] {processor.py:161} INFO - Started process (PID=369) to work on /home/airflow/.local/lib/python3.8/site-packages/airflow/example_dags/example_subdag_operator.py
[2025-04-28T17:45:32.880+0000] {processor.py:830} INFO - Processing file /home/airflow/.local/lib/python3.8/site-packages/airflow/example_dags/example_subdag_operator.py for tasks to queue
[2025-04-28T17:45:32.883+0000] {logging_mixin.py:188} INFO - [2025-04-28T17:45:32.883+0000] {dagbag.py:538} INFO - Filling up the DagBag from /home/airflow/.local/lib/python3.8/site-packages/airflow/example_dags/example_subdag_operator.py
[2025-04-28T17:45:32.922+0000] {processor.py:840} INFO - DAG(s) 'example_subdag_operator.section-1', 'example_subdag_operator.section-2', 'example_subdag_operator' retrieved from /home/airflow/.local/lib/python3.8/site-packages/airflow/example_dags/example_subdag_operator.py
[2025-04-28T17:45:32.938+0000] {logging_mixin.py:188} INFO - [2025-04-28T17:45:32.937+0000] {dag.py:3036} INFO - Sync 3 DAGs
[2025-04-28T17:45:32.962+0000] {logging_mixin.py:188} INFO - [2025-04-28T17:45:32.961+0000] {dag.py:3823} INFO - Setting next_dagrun for example_subdag_operator to 2022-01-01 00:00:00+00:00, run_after=2022-01-01 00:00:00+00:00
[2025-04-28T17:45:32.968+0000] {logging_mixin.py:188} INFO - [2025-04-28T17:45:32.967+0000] {dag.py:3823} INFO - Setting next_dagrun for example_subdag_operator.section-1 to None, run_after=None
[2025-04-28T17:45:32.972+0000] {logging_mixin.py:188} INFO - [2025-04-28T17:45:32.972+0000] {dag.py:3823} INFO - Setting next_dagrun for example_subdag_operator.section-2 to None, run_after=None
[2025-04-28T17:45:32.979+0000] {logging_mixin.py:188} INFO - [2025-04-28T17:45:32.979+0000] {dag.py:3036} INFO - Sync 2 DAGs
[2025-04-28T17:45:32.984+0000] {logging_mixin.py:188} INFO - [2025-04-28T17:45:32.984+0000] {dag.py:3823} INFO - Setting next_dagrun for example_subdag_operator.section-1 to None, run_after=None
[2025-04-28T17:45:32.984+0000] {logging_mixin.py:188} INFO - [2025-04-28T17:45:32.984+0000] {dag.py:3823} INFO - Setting next_dagrun for example_subdag_operator.section-2 to None, run_after=None
[2025-04-28T17:45:32.991+0000] {processor.py:183} INFO - Processing /home/airflow/.local/lib/python3.8/site-packages/airflow/example_dags/example_subdag_operator.py took 0.124 seconds
[2025-04-28T17:46:03.934+0000] {processor.py:161} INFO - Started process (PID=426) to work on /home/airflow/.local/lib/python3.8/site-packages/airflow/example_dags/example_subdag_operator.py
[2025-04-28T17:46:03.935+0000] {processor.py:830} INFO - Processing file /home/airflow/.local/lib/python3.8/site-packages/airflow/example_dags/example_subdag_operator.py for tasks to queue
[2025-04-28T17:46:03.936+0000] {logging_mixin.py:188} INFO - [2025-04-28T17:46:03.936+0000] {dagbag.py:538} INFO - Filling up the DagBag from /home/airflow/.local/lib/python3.8/site-packages/airflow/example_dags/example_subdag_operator.py
[2025-04-28T17:46:03.959+0000] {processor.py:840} INFO - DAG(s) 'example_subdag_operator.section-1', 'example_subdag_operator.section-2', 'example_subdag_operator' retrieved from /home/airflow/.local/lib/python3.8/site-packages/airflow/example_dags/example_subdag_operator.py
[2025-04-28T17:46:03.967+0000] {logging_mixin.py:188} INFO - [2025-04-28T17:46:03.967+0000] {dag.py:3036} INFO - Sync 3 DAGs
[2025-04-28T17:46:03.988+0000] {logging_mixin.py:188} INFO - [2025-04-28T17:46:03.988+0000] {dag.py:3823} INFO - Setting next_dagrun for example_subdag_operator to 2022-01-01 00:00:00+00:00, run_after=2022-01-01 00:00:00+00:00
[2025-04-28T17:46:03.992+0000] {logging_mixin.py:188} INFO - [2025-04-28T17:46:03.992+0000] {dag.py:3823} INFO - Setting next_dagrun for example_subdag_operator.section-1 to None, run_after=None
[2025-04-28T17:46:03.993+0000] {logging_mixin.py:188} INFO - [2025-04-28T17:46:03.993+0000] {dag.py:3823} INFO - Setting next_dagrun for example_subdag_operator.section-2 to None, run_after=None
[2025-04-28T17:46:04.000+0000] {logging_mixin.py:188} INFO - [2025-04-28T17:46:04.000+0000] {dag.py:3036} INFO - Sync 2 DAGs
[2025-04-28T17:46:04.004+0000] {logging_mixin.py:188} INFO - [2025-04-28T17:46:04.004+0000] {dag.py:3823} INFO - Setting next_dagrun for example_subdag_operator.section-1 to None, run_after=None
[2025-04-28T17:46:04.004+0000] {logging_mixin.py:188} INFO - [2025-04-28T17:46:04.004+0000] {dag.py:3823} INFO - Setting next_dagrun for example_subdag_operator.section-2 to None, run_after=None
[2025-04-28T17:46:04.011+0000] {processor.py:183} INFO - Processing /home/airflow/.local/lib/python3.8/site-packages/airflow/example_dags/example_subdag_operator.py took 0.080 seconds
[2025-04-28T17:46:34.256+0000] {processor.py:161} INFO - Started process (PID=482) to work on /home/airflow/.local/lib/python3.8/site-packages/airflow/example_dags/example_subdag_operator.py
[2025-04-28T17:46:34.259+0000] {processor.py:830} INFO - Processing file /home/airflow/.local/lib/python3.8/site-packages/airflow/example_dags/example_subdag_operator.py for tasks to queue
[2025-04-28T17:46:34.263+0000] {logging_mixin.py:188} INFO - [2025-04-28T17:46:34.263+0000] {dagbag.py:538} INFO - Filling up the DagBag from /home/airflow/.local/lib/python3.8/site-packages/airflow/example_dags/example_subdag_operator.py
[2025-04-28T17:46:34.284+0000] {processor.py:840} INFO - DAG(s) 'example_subdag_operator.section-1', 'example_subdag_operator.section-2', 'example_subdag_operator' retrieved from /home/airflow/.local/lib/python3.8/site-packages/airflow/example_dags/example_subdag_operator.py
[2025-04-28T17:46:34.292+0000] {logging_mixin.py:188} INFO - [2025-04-28T17:46:34.292+0000] {dag.py:3036} INFO - Sync 3 DAGs
[2025-04-28T17:46:34.307+0000] {logging_mixin.py:188} INFO - [2025-04-28T17:46:34.306+0000] {dag.py:3823} INFO - Setting next_dagrun for example_subdag_operator to 2022-01-01 00:00:00+00:00, run_after=2022-01-01 00:00:00+00:00
[2025-04-28T17:46:34.309+0000] {logging_mixin.py:188} INFO - [2025-04-28T17:46:34.309+0000] {dag.py:3823} INFO - Setting next_dagrun for example_subdag_operator.section-1 to None, run_after=None
[2025-04-28T17:46:34.310+0000] {logging_mixin.py:188} INFO - [2025-04-28T17:46:34.309+0000] {dag.py:3823} INFO - Setting next_dagrun for example_subdag_operator.section-2 to None, run_after=None
[2025-04-28T17:46:34.314+0000] {logging_mixin.py:188} INFO - [2025-04-28T17:46:34.313+0000] {dag.py:3036} INFO - Sync 2 DAGs
[2025-04-28T17:46:34.318+0000] {logging_mixin.py:188} INFO - [2025-04-28T17:46:34.318+0000] {dag.py:3823} INFO - Setting next_dagrun for example_subdag_operator.section-1 to None, run_after=None
[2025-04-28T17:46:34.318+0000] {logging_mixin.py:188} INFO - [2025-04-28T17:46:34.318+0000] {dag.py:3823} INFO - Setting next_dagrun for example_subdag_operator.section-2 to None, run_after=None
[2025-04-28T17:46:34.325+0000] {processor.py:183} INFO - Processing /home/airflow/.local/lib/python3.8/site-packages/airflow/example_dags/example_subdag_operator.py took 0.074 seconds
