[2025-04-28T17:32:09.490+0000] {processor.py:161} INFO - Started process (PID=80) to work on /home/airflow/.local/lib/python3.8/site-packages/airflow/example_dags/example_nested_branch_dag.py
[2025-04-28T17:32:09.493+0000] {processor.py:830} INFO - Processing file /home/airflow/.local/lib/python3.8/site-packages/airflow/example_dags/example_nested_branch_dag.py for tasks to queue
[2025-04-28T17:32:09.500+0000] {logging_mixin.py:188} INFO - [2025-04-28T17:32:09.499+0000] {dagbag.py:538} INFO - Filling up the DagBag from /home/airflow/.local/lib/python3.8/site-packages/airflow/example_dags/example_nested_branch_dag.py
[2025-04-28T17:32:09.537+0000] {processor.py:840} INFO - DAG(s) 'example_nested_branch_dag' retrieved from /home/airflow/.local/lib/python3.8/site-packages/airflow/example_dags/example_nested_branch_dag.py
[2025-04-28T17:32:09.621+0000] {logging_mixin.py:188} INFO - [2025-04-28T17:32:09.617+0000] {dag.py:3036} INFO - Sync 1 DAGs
[2025-04-28T17:32:09.809+0000] {logging_mixin.py:188} INFO - [2025-04-28T17:32:09.809+0000] {dag.py:3823} INFO - Setting next_dagrun for example_nested_branch_dag to 2025-04-27 00:00:00+00:00, run_after=2025-04-28 00:00:00+00:00
[2025-04-28T17:32:09.891+0000] {processor.py:183} INFO - Processing /home/airflow/.local/lib/python3.8/site-packages/airflow/example_dags/example_nested_branch_dag.py took 0.410 seconds
[2025-04-28T17:32:40.497+0000] {processor.py:161} INFO - Started process (PID=135) to work on /home/airflow/.local/lib/python3.8/site-packages/airflow/example_dags/example_nested_branch_dag.py
[2025-04-28T17:32:40.500+0000] {processor.py:830} INFO - Processing file /home/airflow/.local/lib/python3.8/site-packages/airflow/example_dags/example_nested_branch_dag.py for tasks to queue
[2025-04-28T17:32:40.502+0000] {logging_mixin.py:188} INFO - [2025-04-28T17:32:40.502+0000] {dagbag.py:538} INFO - Filling up the DagBag from /home/airflow/.local/lib/python3.8/site-packages/airflow/example_dags/example_nested_branch_dag.py
[2025-04-28T17:32:40.523+0000] {processor.py:840} INFO - DAG(s) 'example_nested_branch_dag' retrieved from /home/airflow/.local/lib/python3.8/site-packages/airflow/example_dags/example_nested_branch_dag.py
[2025-04-28T17:32:40.616+0000] {logging_mixin.py:188} INFO - [2025-04-28T17:32:40.616+0000] {dag.py:3036} INFO - Sync 1 DAGs
[2025-04-28T17:32:40.631+0000] {logging_mixin.py:188} INFO - [2025-04-28T17:32:40.631+0000] {dag.py:3823} INFO - Setting next_dagrun for example_nested_branch_dag to 2025-04-27 00:00:00+00:00, run_after=2025-04-28 00:00:00+00:00
[2025-04-28T17:32:40.648+0000] {processor.py:183} INFO - Processing /home/airflow/.local/lib/python3.8/site-packages/airflow/example_dags/example_nested_branch_dag.py took 0.159 seconds
[2025-04-28T17:33:11.922+0000] {processor.py:161} INFO - Started process (PID=190) to work on /home/airflow/.local/lib/python3.8/site-packages/airflow/example_dags/example_nested_branch_dag.py
[2025-04-28T17:33:11.923+0000] {processor.py:830} INFO - Processing file /home/airflow/.local/lib/python3.8/site-packages/airflow/example_dags/example_nested_branch_dag.py for tasks to queue
[2025-04-28T17:33:11.924+0000] {logging_mixin.py:188} INFO - [2025-04-28T17:33:11.924+0000] {dagbag.py:538} INFO - Filling up the DagBag from /home/airflow/.local/lib/python3.8/site-packages/airflow/example_dags/example_nested_branch_dag.py
[2025-04-28T17:33:11.936+0000] {processor.py:840} INFO - DAG(s) 'example_nested_branch_dag' retrieved from /home/airflow/.local/lib/python3.8/site-packages/airflow/example_dags/example_nested_branch_dag.py
[2025-04-28T17:33:11.953+0000] {logging_mixin.py:188} INFO - [2025-04-28T17:33:11.952+0000] {dag.py:3036} INFO - Sync 1 DAGs
[2025-04-28T17:33:11.975+0000] {logging_mixin.py:188} INFO - [2025-04-28T17:33:11.974+0000] {dag.py:3823} INFO - Setting next_dagrun for example_nested_branch_dag to 2025-04-27 00:00:00+00:00, run_after=2025-04-28 00:00:00+00:00
[2025-04-28T17:33:12.000+0000] {processor.py:183} INFO - Processing /home/airflow/.local/lib/python3.8/site-packages/airflow/example_dags/example_nested_branch_dag.py took 0.081 seconds
[2025-04-28T17:33:42.199+0000] {processor.py:161} INFO - Started process (PID=245) to work on /home/airflow/.local/lib/python3.8/site-packages/airflow/example_dags/example_nested_branch_dag.py
[2025-04-28T17:33:42.200+0000] {processor.py:830} INFO - Processing file /home/airflow/.local/lib/python3.8/site-packages/airflow/example_dags/example_nested_branch_dag.py for tasks to queue
[2025-04-28T17:33:42.202+0000] {logging_mixin.py:188} INFO - [2025-04-28T17:33:42.201+0000] {dagbag.py:538} INFO - Filling up the DagBag from /home/airflow/.local/lib/python3.8/site-packages/airflow/example_dags/example_nested_branch_dag.py
[2025-04-28T17:33:42.215+0000] {processor.py:840} INFO - DAG(s) 'example_nested_branch_dag' retrieved from /home/airflow/.local/lib/python3.8/site-packages/airflow/example_dags/example_nested_branch_dag.py
[2025-04-28T17:33:42.317+0000] {logging_mixin.py:188} INFO - [2025-04-28T17:33:42.315+0000] {dag.py:3036} INFO - Sync 1 DAGs
[2025-04-28T17:33:42.421+0000] {logging_mixin.py:188} INFO - [2025-04-28T17:33:42.419+0000] {dag.py:3823} INFO - Setting next_dagrun for example_nested_branch_dag to 2025-04-27 00:00:00+00:00, run_after=2025-04-28 00:00:00+00:00
[2025-04-28T17:33:42.535+0000] {processor.py:183} INFO - Processing /home/airflow/.local/lib/python3.8/site-packages/airflow/example_dags/example_nested_branch_dag.py took 0.343 seconds
[2025-04-28T17:34:13.562+0000] {processor.py:161} INFO - Started process (PID=300) to work on /home/airflow/.local/lib/python3.8/site-packages/airflow/example_dags/example_nested_branch_dag.py
[2025-04-28T17:34:13.564+0000] {processor.py:830} INFO - Processing file /home/airflow/.local/lib/python3.8/site-packages/airflow/example_dags/example_nested_branch_dag.py for tasks to queue
[2025-04-28T17:34:13.571+0000] {logging_mixin.py:188} INFO - [2025-04-28T17:34:13.570+0000] {dagbag.py:538} INFO - Filling up the DagBag from /home/airflow/.local/lib/python3.8/site-packages/airflow/example_dags/example_nested_branch_dag.py
[2025-04-28T17:34:13.602+0000] {processor.py:840} INFO - DAG(s) 'example_nested_branch_dag' retrieved from /home/airflow/.local/lib/python3.8/site-packages/airflow/example_dags/example_nested_branch_dag.py
[2025-04-28T17:34:13.666+0000] {logging_mixin.py:188} INFO - [2025-04-28T17:34:13.665+0000] {dag.py:3036} INFO - Sync 1 DAGs
[2025-04-28T17:34:13.703+0000] {logging_mixin.py:188} INFO - [2025-04-28T17:34:13.702+0000] {dag.py:3823} INFO - Setting next_dagrun for example_nested_branch_dag to 2025-04-27 00:00:00+00:00, run_after=2025-04-28 00:00:00+00:00
[2025-04-28T17:34:13.733+0000] {processor.py:183} INFO - Processing /home/airflow/.local/lib/python3.8/site-packages/airflow/example_dags/example_nested_branch_dag.py took 0.186 seconds
[2025-04-28T17:34:44.266+0000] {processor.py:161} INFO - Started process (PID=355) to work on /home/airflow/.local/lib/python3.8/site-packages/airflow/example_dags/example_nested_branch_dag.py
[2025-04-28T17:34:44.268+0000] {processor.py:830} INFO - Processing file /home/airflow/.local/lib/python3.8/site-packages/airflow/example_dags/example_nested_branch_dag.py for tasks to queue
[2025-04-28T17:34:44.271+0000] {logging_mixin.py:188} INFO - [2025-04-28T17:34:44.270+0000] {dagbag.py:538} INFO - Filling up the DagBag from /home/airflow/.local/lib/python3.8/site-packages/airflow/example_dags/example_nested_branch_dag.py
[2025-04-28T17:34:44.294+0000] {processor.py:840} INFO - DAG(s) 'example_nested_branch_dag' retrieved from /home/airflow/.local/lib/python3.8/site-packages/airflow/example_dags/example_nested_branch_dag.py
[2025-04-28T17:34:44.320+0000] {logging_mixin.py:188} INFO - [2025-04-28T17:34:44.319+0000] {dag.py:3036} INFO - Sync 1 DAGs
[2025-04-28T17:34:44.350+0000] {logging_mixin.py:188} INFO - [2025-04-28T17:34:44.350+0000] {dag.py:3823} INFO - Setting next_dagrun for example_nested_branch_dag to 2025-04-27 00:00:00+00:00, run_after=2025-04-28 00:00:00+00:00
[2025-04-28T17:34:44.375+0000] {processor.py:183} INFO - Processing /home/airflow/.local/lib/python3.8/site-packages/airflow/example_dags/example_nested_branch_dag.py took 0.117 seconds
[2025-04-28T17:35:14.537+0000] {processor.py:161} INFO - Started process (PID=410) to work on /home/airflow/.local/lib/python3.8/site-packages/airflow/example_dags/example_nested_branch_dag.py
[2025-04-28T17:35:14.540+0000] {processor.py:830} INFO - Processing file /home/airflow/.local/lib/python3.8/site-packages/airflow/example_dags/example_nested_branch_dag.py for tasks to queue
[2025-04-28T17:35:14.543+0000] {logging_mixin.py:188} INFO - [2025-04-28T17:35:14.542+0000] {dagbag.py:538} INFO - Filling up the DagBag from /home/airflow/.local/lib/python3.8/site-packages/airflow/example_dags/example_nested_branch_dag.py
[2025-04-28T17:35:14.553+0000] {processor.py:840} INFO - DAG(s) 'example_nested_branch_dag' retrieved from /home/airflow/.local/lib/python3.8/site-packages/airflow/example_dags/example_nested_branch_dag.py
[2025-04-28T17:35:14.580+0000] {logging_mixin.py:188} INFO - [2025-04-28T17:35:14.580+0000] {dag.py:3036} INFO - Sync 1 DAGs
[2025-04-28T17:35:14.601+0000] {logging_mixin.py:188} INFO - [2025-04-28T17:35:14.600+0000] {dag.py:3823} INFO - Setting next_dagrun for example_nested_branch_dag to 2025-04-27 00:00:00+00:00, run_after=2025-04-28 00:00:00+00:00
[2025-04-28T17:35:14.615+0000] {processor.py:183} INFO - Processing /home/airflow/.local/lib/python3.8/site-packages/airflow/example_dags/example_nested_branch_dag.py took 0.085 seconds
[2025-04-28T17:35:45.705+0000] {processor.py:161} INFO - Started process (PID=465) to work on /home/airflow/.local/lib/python3.8/site-packages/airflow/example_dags/example_nested_branch_dag.py
[2025-04-28T17:35:45.715+0000] {processor.py:830} INFO - Processing file /home/airflow/.local/lib/python3.8/site-packages/airflow/example_dags/example_nested_branch_dag.py for tasks to queue
[2025-04-28T17:35:45.736+0000] {logging_mixin.py:188} INFO - [2025-04-28T17:35:45.735+0000] {dagbag.py:538} INFO - Filling up the DagBag from /home/airflow/.local/lib/python3.8/site-packages/airflow/example_dags/example_nested_branch_dag.py
[2025-04-28T17:35:45.767+0000] {processor.py:840} INFO - DAG(s) 'example_nested_branch_dag' retrieved from /home/airflow/.local/lib/python3.8/site-packages/airflow/example_dags/example_nested_branch_dag.py
[2025-04-28T17:35:45.822+0000] {logging_mixin.py:188} INFO - [2025-04-28T17:35:45.822+0000] {dag.py:3036} INFO - Sync 1 DAGs
[2025-04-28T17:35:45.841+0000] {logging_mixin.py:188} INFO - [2025-04-28T17:35:45.840+0000] {dag.py:3823} INFO - Setting next_dagrun for example_nested_branch_dag to 2025-04-27 00:00:00+00:00, run_after=2025-04-28 00:00:00+00:00
[2025-04-28T17:35:45.860+0000] {processor.py:183} INFO - Processing /home/airflow/.local/lib/python3.8/site-packages/airflow/example_dags/example_nested_branch_dag.py took 0.184 seconds
[2025-04-28T17:36:16.106+0000] {processor.py:161} INFO - Started process (PID=520) to work on /home/airflow/.local/lib/python3.8/site-packages/airflow/example_dags/example_nested_branch_dag.py
[2025-04-28T17:36:16.109+0000] {processor.py:830} INFO - Processing file /home/airflow/.local/lib/python3.8/site-packages/airflow/example_dags/example_nested_branch_dag.py for tasks to queue
[2025-04-28T17:36:16.113+0000] {logging_mixin.py:188} INFO - [2025-04-28T17:36:16.112+0000] {dagbag.py:538} INFO - Filling up the DagBag from /home/airflow/.local/lib/python3.8/site-packages/airflow/example_dags/example_nested_branch_dag.py
[2025-04-28T17:36:16.132+0000] {processor.py:840} INFO - DAG(s) 'example_nested_branch_dag' retrieved from /home/airflow/.local/lib/python3.8/site-packages/airflow/example_dags/example_nested_branch_dag.py
[2025-04-28T17:36:16.173+0000] {logging_mixin.py:188} INFO - [2025-04-28T17:36:16.173+0000] {dag.py:3036} INFO - Sync 1 DAGs
[2025-04-28T17:36:16.197+0000] {logging_mixin.py:188} INFO - [2025-04-28T17:36:16.196+0000] {dag.py:3823} INFO - Setting next_dagrun for example_nested_branch_dag to 2025-04-27 00:00:00+00:00, run_after=2025-04-28 00:00:00+00:00
[2025-04-28T17:36:16.214+0000] {processor.py:183} INFO - Processing /home/airflow/.local/lib/python3.8/site-packages/airflow/example_dags/example_nested_branch_dag.py took 0.116 seconds
[2025-04-28T17:36:46.291+0000] {processor.py:161} INFO - Started process (PID=575) to work on /home/airflow/.local/lib/python3.8/site-packages/airflow/example_dags/example_nested_branch_dag.py
[2025-04-28T17:36:46.295+0000] {processor.py:830} INFO - Processing file /home/airflow/.local/lib/python3.8/site-packages/airflow/example_dags/example_nested_branch_dag.py for tasks to queue
[2025-04-28T17:36:46.298+0000] {logging_mixin.py:188} INFO - [2025-04-28T17:36:46.297+0000] {dagbag.py:538} INFO - Filling up the DagBag from /home/airflow/.local/lib/python3.8/site-packages/airflow/example_dags/example_nested_branch_dag.py
[2025-04-28T17:36:46.305+0000] {processor.py:840} INFO - DAG(s) 'example_nested_branch_dag' retrieved from /home/airflow/.local/lib/python3.8/site-packages/airflow/example_dags/example_nested_branch_dag.py
[2025-04-28T17:36:46.322+0000] {logging_mixin.py:188} INFO - [2025-04-28T17:36:46.322+0000] {dag.py:3036} INFO - Sync 1 DAGs
[2025-04-28T17:36:46.342+0000] {logging_mixin.py:188} INFO - [2025-04-28T17:36:46.342+0000] {dag.py:3823} INFO - Setting next_dagrun for example_nested_branch_dag to 2025-04-27 00:00:00+00:00, run_after=2025-04-28 00:00:00+00:00
[2025-04-28T17:36:46.357+0000] {processor.py:183} INFO - Processing /home/airflow/.local/lib/python3.8/site-packages/airflow/example_dags/example_nested_branch_dag.py took 0.072 seconds
[2025-04-28T17:37:16.931+0000] {processor.py:161} INFO - Started process (PID=636) to work on /home/airflow/.local/lib/python3.8/site-packages/airflow/example_dags/example_nested_branch_dag.py
[2025-04-28T17:37:16.936+0000] {processor.py:830} INFO - Processing file /home/airflow/.local/lib/python3.8/site-packages/airflow/example_dags/example_nested_branch_dag.py for tasks to queue
[2025-04-28T17:37:16.939+0000] {logging_mixin.py:188} INFO - [2025-04-28T17:37:16.938+0000] {dagbag.py:538} INFO - Filling up the DagBag from /home/airflow/.local/lib/python3.8/site-packages/airflow/example_dags/example_nested_branch_dag.py
[2025-04-28T17:37:16.951+0000] {processor.py:840} INFO - DAG(s) 'example_nested_branch_dag' retrieved from /home/airflow/.local/lib/python3.8/site-packages/airflow/example_dags/example_nested_branch_dag.py
[2025-04-28T17:37:16.977+0000] {logging_mixin.py:188} INFO - [2025-04-28T17:37:16.977+0000] {dag.py:3036} INFO - Sync 1 DAGs
[2025-04-28T17:37:16.999+0000] {logging_mixin.py:188} INFO - [2025-04-28T17:37:16.998+0000] {dag.py:3823} INFO - Setting next_dagrun for example_nested_branch_dag to 2025-04-27 00:00:00+00:00, run_after=2025-04-28 00:00:00+00:00
[2025-04-28T17:37:17.012+0000] {processor.py:183} INFO - Processing /home/airflow/.local/lib/python3.8/site-packages/airflow/example_dags/example_nested_branch_dag.py took 0.087 seconds
[2025-04-28T17:37:47.551+0000] {processor.py:161} INFO - Started process (PID=697) to work on /home/airflow/.local/lib/python3.8/site-packages/airflow/example_dags/example_nested_branch_dag.py
[2025-04-28T17:37:47.554+0000] {processor.py:830} INFO - Processing file /home/airflow/.local/lib/python3.8/site-packages/airflow/example_dags/example_nested_branch_dag.py for tasks to queue
[2025-04-28T17:37:47.558+0000] {logging_mixin.py:188} INFO - [2025-04-28T17:37:47.558+0000] {dagbag.py:538} INFO - Filling up the DagBag from /home/airflow/.local/lib/python3.8/site-packages/airflow/example_dags/example_nested_branch_dag.py
[2025-04-28T17:37:47.699+0000] {processor.py:840} INFO - DAG(s) 'example_nested_branch_dag' retrieved from /home/airflow/.local/lib/python3.8/site-packages/airflow/example_dags/example_nested_branch_dag.py
[2025-04-28T17:37:47.778+0000] {logging_mixin.py:188} INFO - [2025-04-28T17:37:47.778+0000] {dag.py:3036} INFO - Sync 1 DAGs
[2025-04-28T17:37:47.814+0000] {logging_mixin.py:188} INFO - [2025-04-28T17:37:47.814+0000] {dag.py:3823} INFO - Setting next_dagrun for example_nested_branch_dag to 2025-04-27 00:00:00+00:00, run_after=2025-04-28 00:00:00+00:00
[2025-04-28T17:37:47.839+0000] {processor.py:183} INFO - Processing /home/airflow/.local/lib/python3.8/site-packages/airflow/example_dags/example_nested_branch_dag.py took 0.301 seconds
[2025-04-28T17:38:17.887+0000] {processor.py:161} INFO - Started process (PID=758) to work on /home/airflow/.local/lib/python3.8/site-packages/airflow/example_dags/example_nested_branch_dag.py
[2025-04-28T17:38:17.894+0000] {processor.py:830} INFO - Processing file /home/airflow/.local/lib/python3.8/site-packages/airflow/example_dags/example_nested_branch_dag.py for tasks to queue
[2025-04-28T17:38:17.896+0000] {logging_mixin.py:188} INFO - [2025-04-28T17:38:17.896+0000] {dagbag.py:538} INFO - Filling up the DagBag from /home/airflow/.local/lib/python3.8/site-packages/airflow/example_dags/example_nested_branch_dag.py
[2025-04-28T17:38:17.915+0000] {processor.py:840} INFO - DAG(s) 'example_nested_branch_dag' retrieved from /home/airflow/.local/lib/python3.8/site-packages/airflow/example_dags/example_nested_branch_dag.py
[2025-04-28T17:38:17.963+0000] {logging_mixin.py:188} INFO - [2025-04-28T17:38:17.963+0000] {dag.py:3036} INFO - Sync 1 DAGs
[2025-04-28T17:38:18.058+0000] {logging_mixin.py:188} INFO - [2025-04-28T17:38:18.057+0000] {dag.py:3823} INFO - Setting next_dagrun for example_nested_branch_dag to 2025-04-27 00:00:00+00:00, run_after=2025-04-28 00:00:00+00:00
[2025-04-28T17:38:18.082+0000] {processor.py:183} INFO - Processing /home/airflow/.local/lib/python3.8/site-packages/airflow/example_dags/example_nested_branch_dag.py took 0.206 seconds
[2025-04-28T17:38:48.857+0000] {processor.py:161} INFO - Started process (PID=820) to work on /home/airflow/.local/lib/python3.8/site-packages/airflow/example_dags/example_nested_branch_dag.py
[2025-04-28T17:38:48.858+0000] {processor.py:830} INFO - Processing file /home/airflow/.local/lib/python3.8/site-packages/airflow/example_dags/example_nested_branch_dag.py for tasks to queue
[2025-04-28T17:38:48.859+0000] {logging_mixin.py:188} INFO - [2025-04-28T17:38:48.859+0000] {dagbag.py:538} INFO - Filling up the DagBag from /home/airflow/.local/lib/python3.8/site-packages/airflow/example_dags/example_nested_branch_dag.py
[2025-04-28T17:38:48.865+0000] {processor.py:840} INFO - DAG(s) 'example_nested_branch_dag' retrieved from /home/airflow/.local/lib/python3.8/site-packages/airflow/example_dags/example_nested_branch_dag.py
[2025-04-28T17:38:48.884+0000] {logging_mixin.py:188} INFO - [2025-04-28T17:38:48.884+0000] {dag.py:3036} INFO - Sync 1 DAGs
[2025-04-28T17:38:48.897+0000] {logging_mixin.py:188} INFO - [2025-04-28T17:38:48.897+0000] {dag.py:3823} INFO - Setting next_dagrun for example_nested_branch_dag to 2025-04-27 00:00:00+00:00, run_after=2025-04-28 00:00:00+00:00
[2025-04-28T17:38:48.910+0000] {processor.py:183} INFO - Processing /home/airflow/.local/lib/python3.8/site-packages/airflow/example_dags/example_nested_branch_dag.py took 0.057 seconds
[2025-04-28T17:39:19.864+0000] {processor.py:161} INFO - Started process (PID=877) to work on /home/airflow/.local/lib/python3.8/site-packages/airflow/example_dags/example_nested_branch_dag.py
[2025-04-28T17:39:19.867+0000] {processor.py:830} INFO - Processing file /home/airflow/.local/lib/python3.8/site-packages/airflow/example_dags/example_nested_branch_dag.py for tasks to queue
[2025-04-28T17:39:19.868+0000] {logging_mixin.py:188} INFO - [2025-04-28T17:39:19.867+0000] {dagbag.py:538} INFO - Filling up the DagBag from /home/airflow/.local/lib/python3.8/site-packages/airflow/example_dags/example_nested_branch_dag.py
[2025-04-28T17:39:19.873+0000] {processor.py:840} INFO - DAG(s) 'example_nested_branch_dag' retrieved from /home/airflow/.local/lib/python3.8/site-packages/airflow/example_dags/example_nested_branch_dag.py
[2025-04-28T17:39:19.887+0000] {logging_mixin.py:188} INFO - [2025-04-28T17:39:19.887+0000] {dag.py:3036} INFO - Sync 1 DAGs
[2025-04-28T17:39:19.900+0000] {logging_mixin.py:188} INFO - [2025-04-28T17:39:19.899+0000] {dag.py:3823} INFO - Setting next_dagrun for example_nested_branch_dag to 2025-04-27 00:00:00+00:00, run_after=2025-04-28 00:00:00+00:00
[2025-04-28T17:39:19.911+0000] {processor.py:183} INFO - Processing /home/airflow/.local/lib/python3.8/site-packages/airflow/example_dags/example_nested_branch_dag.py took 0.049 seconds
[2025-04-28T17:39:51.018+0000] {processor.py:161} INFO - Started process (PID=935) to work on /home/airflow/.local/lib/python3.8/site-packages/airflow/example_dags/example_nested_branch_dag.py
[2025-04-28T17:39:51.020+0000] {processor.py:830} INFO - Processing file /home/airflow/.local/lib/python3.8/site-packages/airflow/example_dags/example_nested_branch_dag.py for tasks to queue
[2025-04-28T17:39:51.021+0000] {logging_mixin.py:188} INFO - [2025-04-28T17:39:51.021+0000] {dagbag.py:538} INFO - Filling up the DagBag from /home/airflow/.local/lib/python3.8/site-packages/airflow/example_dags/example_nested_branch_dag.py
[2025-04-28T17:39:51.046+0000] {processor.py:840} INFO - DAG(s) 'example_nested_branch_dag' retrieved from /home/airflow/.local/lib/python3.8/site-packages/airflow/example_dags/example_nested_branch_dag.py
[2025-04-28T17:39:51.094+0000] {logging_mixin.py:188} INFO - [2025-04-28T17:39:51.094+0000] {dag.py:3036} INFO - Sync 1 DAGs
[2025-04-28T17:39:51.115+0000] {logging_mixin.py:188} INFO - [2025-04-28T17:39:51.114+0000] {dag.py:3823} INFO - Setting next_dagrun for example_nested_branch_dag to 2025-04-27 00:00:00+00:00, run_after=2025-04-28 00:00:00+00:00
[2025-04-28T17:39:51.136+0000] {processor.py:183} INFO - Processing /home/airflow/.local/lib/python3.8/site-packages/airflow/example_dags/example_nested_branch_dag.py took 0.121 seconds
[2025-04-28T17:40:21.221+0000] {processor.py:161} INFO - Started process (PID=995) to work on /home/airflow/.local/lib/python3.8/site-packages/airflow/example_dags/example_nested_branch_dag.py
[2025-04-28T17:40:21.222+0000] {processor.py:830} INFO - Processing file /home/airflow/.local/lib/python3.8/site-packages/airflow/example_dags/example_nested_branch_dag.py for tasks to queue
[2025-04-28T17:40:21.224+0000] {logging_mixin.py:188} INFO - [2025-04-28T17:40:21.224+0000] {dagbag.py:538} INFO - Filling up the DagBag from /home/airflow/.local/lib/python3.8/site-packages/airflow/example_dags/example_nested_branch_dag.py
[2025-04-28T17:40:21.232+0000] {processor.py:840} INFO - DAG(s) 'example_nested_branch_dag' retrieved from /home/airflow/.local/lib/python3.8/site-packages/airflow/example_dags/example_nested_branch_dag.py
[2025-04-28T17:40:21.254+0000] {logging_mixin.py:188} INFO - [2025-04-28T17:40:21.254+0000] {dag.py:3036} INFO - Sync 1 DAGs
[2025-04-28T17:40:21.268+0000] {logging_mixin.py:188} INFO - [2025-04-28T17:40:21.268+0000] {dag.py:3823} INFO - Setting next_dagrun for example_nested_branch_dag to 2025-04-27 00:00:00+00:00, run_after=2025-04-28 00:00:00+00:00
[2025-04-28T17:40:21.280+0000] {processor.py:183} INFO - Processing /home/airflow/.local/lib/python3.8/site-packages/airflow/example_dags/example_nested_branch_dag.py took 0.061 seconds
[2025-04-28T17:40:51.365+0000] {processor.py:161} INFO - Started process (PID=1054) to work on /home/airflow/.local/lib/python3.8/site-packages/airflow/example_dags/example_nested_branch_dag.py
[2025-04-28T17:40:51.369+0000] {processor.py:830} INFO - Processing file /home/airflow/.local/lib/python3.8/site-packages/airflow/example_dags/example_nested_branch_dag.py for tasks to queue
[2025-04-28T17:40:51.370+0000] {logging_mixin.py:188} INFO - [2025-04-28T17:40:51.370+0000] {dagbag.py:538} INFO - Filling up the DagBag from /home/airflow/.local/lib/python3.8/site-packages/airflow/example_dags/example_nested_branch_dag.py
[2025-04-28T17:40:51.375+0000] {processor.py:840} INFO - DAG(s) 'example_nested_branch_dag' retrieved from /home/airflow/.local/lib/python3.8/site-packages/airflow/example_dags/example_nested_branch_dag.py
[2025-04-28T17:40:51.392+0000] {logging_mixin.py:188} INFO - [2025-04-28T17:40:51.392+0000] {dag.py:3036} INFO - Sync 1 DAGs
[2025-04-28T17:40:51.407+0000] {logging_mixin.py:188} INFO - [2025-04-28T17:40:51.407+0000] {dag.py:3823} INFO - Setting next_dagrun for example_nested_branch_dag to 2025-04-27 00:00:00+00:00, run_after=2025-04-28 00:00:00+00:00
[2025-04-28T17:40:51.418+0000] {processor.py:183} INFO - Processing /home/airflow/.local/lib/python3.8/site-packages/airflow/example_dags/example_nested_branch_dag.py took 0.056 seconds
[2025-04-28T17:41:21.620+0000] {processor.py:161} INFO - Started process (PID=1110) to work on /home/airflow/.local/lib/python3.8/site-packages/airflow/example_dags/example_nested_branch_dag.py
[2025-04-28T17:41:21.621+0000] {processor.py:830} INFO - Processing file /home/airflow/.local/lib/python3.8/site-packages/airflow/example_dags/example_nested_branch_dag.py for tasks to queue
[2025-04-28T17:41:21.623+0000] {logging_mixin.py:188} INFO - [2025-04-28T17:41:21.623+0000] {dagbag.py:538} INFO - Filling up the DagBag from /home/airflow/.local/lib/python3.8/site-packages/airflow/example_dags/example_nested_branch_dag.py
[2025-04-28T17:41:21.628+0000] {processor.py:840} INFO - DAG(s) 'example_nested_branch_dag' retrieved from /home/airflow/.local/lib/python3.8/site-packages/airflow/example_dags/example_nested_branch_dag.py
[2025-04-28T17:41:21.644+0000] {logging_mixin.py:188} INFO - [2025-04-28T17:41:21.643+0000] {dag.py:3036} INFO - Sync 1 DAGs
[2025-04-28T17:41:21.665+0000] {logging_mixin.py:188} INFO - [2025-04-28T17:41:21.665+0000] {dag.py:3823} INFO - Setting next_dagrun for example_nested_branch_dag to 2025-04-27 00:00:00+00:00, run_after=2025-04-28 00:00:00+00:00
[2025-04-28T17:41:21.684+0000] {processor.py:183} INFO - Processing /home/airflow/.local/lib/python3.8/site-packages/airflow/example_dags/example_nested_branch_dag.py took 0.067 seconds
[2025-04-28T17:42:56.982+0000] {processor.py:161} INFO - Started process (PID=95) to work on /home/airflow/.local/lib/python3.8/site-packages/airflow/example_dags/example_nested_branch_dag.py
[2025-04-28T17:42:56.991+0000] {processor.py:830} INFO - Processing file /home/airflow/.local/lib/python3.8/site-packages/airflow/example_dags/example_nested_branch_dag.py for tasks to queue
[2025-04-28T17:42:57.009+0000] {logging_mixin.py:188} INFO - [2025-04-28T17:42:57.006+0000] {dagbag.py:538} INFO - Filling up the DagBag from /home/airflow/.local/lib/python3.8/site-packages/airflow/example_dags/example_nested_branch_dag.py
[2025-04-28T17:42:57.064+0000] {processor.py:840} INFO - DAG(s) 'example_nested_branch_dag' retrieved from /home/airflow/.local/lib/python3.8/site-packages/airflow/example_dags/example_nested_branch_dag.py
[2025-04-28T17:42:57.403+0000] {logging_mixin.py:188} INFO - [2025-04-28T17:42:57.401+0000] {dag.py:3036} INFO - Sync 1 DAGs
[2025-04-28T17:42:57.508+0000] {logging_mixin.py:188} INFO - [2025-04-28T17:42:57.507+0000] {dag.py:3823} INFO - Setting next_dagrun for example_nested_branch_dag to 2025-04-27 00:00:00+00:00, run_after=2025-04-28 00:00:00+00:00
[2025-04-28T17:42:57.617+0000] {processor.py:183} INFO - Processing /home/airflow/.local/lib/python3.8/site-packages/airflow/example_dags/example_nested_branch_dag.py took 0.645 seconds
[2025-04-28T17:43:28.393+0000] {processor.py:161} INFO - Started process (PID=151) to work on /home/airflow/.local/lib/python3.8/site-packages/airflow/example_dags/example_nested_branch_dag.py
[2025-04-28T17:43:28.404+0000] {processor.py:830} INFO - Processing file /home/airflow/.local/lib/python3.8/site-packages/airflow/example_dags/example_nested_branch_dag.py for tasks to queue
[2025-04-28T17:43:28.410+0000] {logging_mixin.py:188} INFO - [2025-04-28T17:43:28.410+0000] {dagbag.py:538} INFO - Filling up the DagBag from /home/airflow/.local/lib/python3.8/site-packages/airflow/example_dags/example_nested_branch_dag.py
[2025-04-28T17:43:28.432+0000] {processor.py:840} INFO - DAG(s) 'example_nested_branch_dag' retrieved from /home/airflow/.local/lib/python3.8/site-packages/airflow/example_dags/example_nested_branch_dag.py
[2025-04-28T17:43:28.482+0000] {logging_mixin.py:188} INFO - [2025-04-28T17:43:28.482+0000] {dag.py:3036} INFO - Sync 1 DAGs
[2025-04-28T17:43:28.522+0000] {logging_mixin.py:188} INFO - [2025-04-28T17:43:28.522+0000] {dag.py:3823} INFO - Setting next_dagrun for example_nested_branch_dag to 2025-04-27 00:00:00+00:00, run_after=2025-04-28 00:00:00+00:00
[2025-04-28T17:43:28.554+0000] {processor.py:183} INFO - Processing /home/airflow/.local/lib/python3.8/site-packages/airflow/example_dags/example_nested_branch_dag.py took 0.173 seconds
[2025-04-28T17:43:58.926+0000] {processor.py:161} INFO - Started process (PID=207) to work on /home/airflow/.local/lib/python3.8/site-packages/airflow/example_dags/example_nested_branch_dag.py
[2025-04-28T17:43:58.933+0000] {processor.py:830} INFO - Processing file /home/airflow/.local/lib/python3.8/site-packages/airflow/example_dags/example_nested_branch_dag.py for tasks to queue
[2025-04-28T17:43:58.940+0000] {logging_mixin.py:188} INFO - [2025-04-28T17:43:58.940+0000] {dagbag.py:538} INFO - Filling up the DagBag from /home/airflow/.local/lib/python3.8/site-packages/airflow/example_dags/example_nested_branch_dag.py
[2025-04-28T17:43:58.952+0000] {processor.py:840} INFO - DAG(s) 'example_nested_branch_dag' retrieved from /home/airflow/.local/lib/python3.8/site-packages/airflow/example_dags/example_nested_branch_dag.py
[2025-04-28T17:43:58.974+0000] {logging_mixin.py:188} INFO - [2025-04-28T17:43:58.974+0000] {dag.py:3036} INFO - Sync 1 DAGs
[2025-04-28T17:43:58.989+0000] {logging_mixin.py:188} INFO - [2025-04-28T17:43:58.989+0000] {dag.py:3823} INFO - Setting next_dagrun for example_nested_branch_dag to 2025-04-27 00:00:00+00:00, run_after=2025-04-28 00:00:00+00:00
[2025-04-28T17:43:59.006+0000] {processor.py:183} INFO - Processing /home/airflow/.local/lib/python3.8/site-packages/airflow/example_dags/example_nested_branch_dag.py took 0.092 seconds
[2025-04-28T17:44:29.531+0000] {processor.py:161} INFO - Started process (PID=263) to work on /home/airflow/.local/lib/python3.8/site-packages/airflow/example_dags/example_nested_branch_dag.py
[2025-04-28T17:44:29.533+0000] {processor.py:830} INFO - Processing file /home/airflow/.local/lib/python3.8/site-packages/airflow/example_dags/example_nested_branch_dag.py for tasks to queue
[2025-04-28T17:44:29.538+0000] {logging_mixin.py:188} INFO - [2025-04-28T17:44:29.538+0000] {dagbag.py:538} INFO - Filling up the DagBag from /home/airflow/.local/lib/python3.8/site-packages/airflow/example_dags/example_nested_branch_dag.py
[2025-04-28T17:44:29.559+0000] {processor.py:840} INFO - DAG(s) 'example_nested_branch_dag' retrieved from /home/airflow/.local/lib/python3.8/site-packages/airflow/example_dags/example_nested_branch_dag.py
[2025-04-28T17:44:29.583+0000] {logging_mixin.py:188} INFO - [2025-04-28T17:44:29.583+0000] {dag.py:3036} INFO - Sync 1 DAGs
[2025-04-28T17:44:29.599+0000] {logging_mixin.py:188} INFO - [2025-04-28T17:44:29.599+0000] {dag.py:3823} INFO - Setting next_dagrun for example_nested_branch_dag to 2025-04-27 00:00:00+00:00, run_after=2025-04-28 00:00:00+00:00
[2025-04-28T17:44:29.617+0000] {processor.py:183} INFO - Processing /home/airflow/.local/lib/python3.8/site-packages/airflow/example_dags/example_nested_branch_dag.py took 0.093 seconds
[2025-04-28T17:45:01.611+0000] {processor.py:161} INFO - Started process (PID=319) to work on /home/airflow/.local/lib/python3.8/site-packages/airflow/example_dags/example_nested_branch_dag.py
[2025-04-28T17:45:01.614+0000] {processor.py:830} INFO - Processing file /home/airflow/.local/lib/python3.8/site-packages/airflow/example_dags/example_nested_branch_dag.py for tasks to queue
[2025-04-28T17:45:01.616+0000] {logging_mixin.py:188} INFO - [2025-04-28T17:45:01.616+0000] {dagbag.py:538} INFO - Filling up the DagBag from /home/airflow/.local/lib/python3.8/site-packages/airflow/example_dags/example_nested_branch_dag.py
[2025-04-28T17:45:01.625+0000] {processor.py:840} INFO - DAG(s) 'example_nested_branch_dag' retrieved from /home/airflow/.local/lib/python3.8/site-packages/airflow/example_dags/example_nested_branch_dag.py
[2025-04-28T17:45:01.649+0000] {logging_mixin.py:188} INFO - [2025-04-28T17:45:01.648+0000] {dag.py:3036} INFO - Sync 1 DAGs
[2025-04-28T17:45:01.667+0000] {logging_mixin.py:188} INFO - [2025-04-28T17:45:01.667+0000] {dag.py:3823} INFO - Setting next_dagrun for example_nested_branch_dag to 2025-04-27 00:00:00+00:00, run_after=2025-04-28 00:00:00+00:00
[2025-04-28T17:45:01.703+0000] {processor.py:183} INFO - Processing /home/airflow/.local/lib/python3.8/site-packages/airflow/example_dags/example_nested_branch_dag.py took 0.098 seconds
[2025-04-28T17:45:33.461+0000] {processor.py:161} INFO - Started process (PID=375) to work on /home/airflow/.local/lib/python3.8/site-packages/airflow/example_dags/example_nested_branch_dag.py
[2025-04-28T17:45:33.470+0000] {processor.py:830} INFO - Processing file /home/airflow/.local/lib/python3.8/site-packages/airflow/example_dags/example_nested_branch_dag.py for tasks to queue
[2025-04-28T17:45:33.473+0000] {logging_mixin.py:188} INFO - [2025-04-28T17:45:33.473+0000] {dagbag.py:538} INFO - Filling up the DagBag from /home/airflow/.local/lib/python3.8/site-packages/airflow/example_dags/example_nested_branch_dag.py
[2025-04-28T17:45:33.490+0000] {processor.py:840} INFO - DAG(s) 'example_nested_branch_dag' retrieved from /home/airflow/.local/lib/python3.8/site-packages/airflow/example_dags/example_nested_branch_dag.py
[2025-04-28T17:45:33.523+0000] {logging_mixin.py:188} INFO - [2025-04-28T17:45:33.523+0000] {dag.py:3036} INFO - Sync 1 DAGs
[2025-04-28T17:45:33.555+0000] {logging_mixin.py:188} INFO - [2025-04-28T17:45:33.554+0000] {dag.py:3823} INFO - Setting next_dagrun for example_nested_branch_dag to 2025-04-27 00:00:00+00:00, run_after=2025-04-28 00:00:00+00:00
[2025-04-28T17:45:33.582+0000] {processor.py:183} INFO - Processing /home/airflow/.local/lib/python3.8/site-packages/airflow/example_dags/example_nested_branch_dag.py took 0.131 seconds
[2025-04-28T17:46:04.208+0000] {processor.py:161} INFO - Started process (PID=431) to work on /home/airflow/.local/lib/python3.8/site-packages/airflow/example_dags/example_nested_branch_dag.py
[2025-04-28T17:46:04.209+0000] {processor.py:830} INFO - Processing file /home/airflow/.local/lib/python3.8/site-packages/airflow/example_dags/example_nested_branch_dag.py for tasks to queue
[2025-04-28T17:46:04.210+0000] {logging_mixin.py:188} INFO - [2025-04-28T17:46:04.210+0000] {dagbag.py:538} INFO - Filling up the DagBag from /home/airflow/.local/lib/python3.8/site-packages/airflow/example_dags/example_nested_branch_dag.py
[2025-04-28T17:46:04.215+0000] {processor.py:840} INFO - DAG(s) 'example_nested_branch_dag' retrieved from /home/airflow/.local/lib/python3.8/site-packages/airflow/example_dags/example_nested_branch_dag.py
[2025-04-28T17:46:04.230+0000] {logging_mixin.py:188} INFO - [2025-04-28T17:46:04.230+0000] {dag.py:3036} INFO - Sync 1 DAGs
[2025-04-28T17:46:04.241+0000] {logging_mixin.py:188} INFO - [2025-04-28T17:46:04.241+0000] {dag.py:3823} INFO - Setting next_dagrun for example_nested_branch_dag to 2025-04-27 00:00:00+00:00, run_after=2025-04-28 00:00:00+00:00
[2025-04-28T17:46:04.250+0000] {processor.py:183} INFO - Processing /home/airflow/.local/lib/python3.8/site-packages/airflow/example_dags/example_nested_branch_dag.py took 0.045 seconds
[2025-04-28T17:46:34.550+0000] {processor.py:161} INFO - Started process (PID=487) to work on /home/airflow/.local/lib/python3.8/site-packages/airflow/example_dags/example_nested_branch_dag.py
[2025-04-28T17:46:34.551+0000] {processor.py:830} INFO - Processing file /home/airflow/.local/lib/python3.8/site-packages/airflow/example_dags/example_nested_branch_dag.py for tasks to queue
[2025-04-28T17:46:34.552+0000] {logging_mixin.py:188} INFO - [2025-04-28T17:46:34.552+0000] {dagbag.py:538} INFO - Filling up the DagBag from /home/airflow/.local/lib/python3.8/site-packages/airflow/example_dags/example_nested_branch_dag.py
[2025-04-28T17:46:34.557+0000] {processor.py:840} INFO - DAG(s) 'example_nested_branch_dag' retrieved from /home/airflow/.local/lib/python3.8/site-packages/airflow/example_dags/example_nested_branch_dag.py
[2025-04-28T17:46:34.580+0000] {logging_mixin.py:188} INFO - [2025-04-28T17:46:34.580+0000] {dag.py:3036} INFO - Sync 1 DAGs
[2025-04-28T17:46:34.596+0000] {logging_mixin.py:188} INFO - [2025-04-28T17:46:34.596+0000] {dag.py:3823} INFO - Setting next_dagrun for example_nested_branch_dag to 2025-04-27 00:00:00+00:00, run_after=2025-04-28 00:00:00+00:00
[2025-04-28T17:46:34.611+0000] {processor.py:183} INFO - Processing /home/airflow/.local/lib/python3.8/site-packages/airflow/example_dags/example_nested_branch_dag.py took 0.064 seconds
