[2025-04-28T17:32:07.078+0000] {processor.py:161} INFO - Started process (PID=69) to work on /home/airflow/.local/lib/python3.8/site-packages/airflow/example_dags/example_short_circuit_operator.py
[2025-04-28T17:32:07.081+0000] {processor.py:830} INFO - Processing file /home/airflow/.local/lib/python3.8/site-packages/airflow/example_dags/example_short_circuit_operator.py for tasks to queue
[2025-04-28T17:32:07.086+0000] {logging_mixin.py:188} INFO - [2025-04-28T17:32:07.085+0000] {dagbag.py:538} INFO - Filling up the DagBag from /home/airflow/.local/lib/python3.8/site-packages/airflow/example_dags/example_short_circuit_operator.py
[2025-04-28T17:32:07.107+0000] {processor.py:840} INFO - DAG(s) 'example_short_circuit_operator' retrieved from /home/airflow/.local/lib/python3.8/site-packages/airflow/example_dags/example_short_circuit_operator.py
[2025-04-28T17:32:07.143+0000] {logging_mixin.py:188} INFO - [2025-04-28T17:32:07.141+0000] {dag.py:3036} INFO - Sync 1 DAGs
[2025-04-28T17:32:07.187+0000] {logging_mixin.py:188} INFO - [2025-04-28T17:32:07.186+0000] {dag.py:3823} INFO - Setting next_dagrun for example_short_circuit_operator to 2025-04-27 00:00:00+00:00, run_after=2025-04-28 00:00:00+00:00
[2025-04-28T17:32:07.217+0000] {processor.py:183} INFO - Processing /home/airflow/.local/lib/python3.8/site-packages/airflow/example_dags/example_short_circuit_operator.py took 0.148 seconds
[2025-04-28T17:32:38.374+0000] {processor.py:161} INFO - Started process (PID=124) to work on /home/airflow/.local/lib/python3.8/site-packages/airflow/example_dags/example_short_circuit_operator.py
[2025-04-28T17:32:38.376+0000] {processor.py:830} INFO - Processing file /home/airflow/.local/lib/python3.8/site-packages/airflow/example_dags/example_short_circuit_operator.py for tasks to queue
[2025-04-28T17:32:38.377+0000] {logging_mixin.py:188} INFO - [2025-04-28T17:32:38.377+0000] {dagbag.py:538} INFO - Filling up the DagBag from /home/airflow/.local/lib/python3.8/site-packages/airflow/example_dags/example_short_circuit_operator.py
[2025-04-28T17:32:38.383+0000] {processor.py:840} INFO - DAG(s) 'example_short_circuit_operator' retrieved from /home/airflow/.local/lib/python3.8/site-packages/airflow/example_dags/example_short_circuit_operator.py
[2025-04-28T17:32:38.484+0000] {logging_mixin.py:188} INFO - [2025-04-28T17:32:38.484+0000] {dag.py:3036} INFO - Sync 1 DAGs
[2025-04-28T17:32:38.505+0000] {logging_mixin.py:188} INFO - [2025-04-28T17:32:38.504+0000] {dag.py:3823} INFO - Setting next_dagrun for example_short_circuit_operator to 2025-04-27 00:00:00+00:00, run_after=2025-04-28 00:00:00+00:00
[2025-04-28T17:32:38.551+0000] {processor.py:183} INFO - Processing /home/airflow/.local/lib/python3.8/site-packages/airflow/example_dags/example_short_circuit_operator.py took 0.182 seconds
[2025-04-28T17:33:09.563+0000] {processor.py:161} INFO - Started process (PID=179) to work on /home/airflow/.local/lib/python3.8/site-packages/airflow/example_dags/example_short_circuit_operator.py
[2025-04-28T17:33:09.570+0000] {processor.py:830} INFO - Processing file /home/airflow/.local/lib/python3.8/site-packages/airflow/example_dags/example_short_circuit_operator.py for tasks to queue
[2025-04-28T17:33:09.578+0000] {logging_mixin.py:188} INFO - [2025-04-28T17:33:09.577+0000] {dagbag.py:538} INFO - Filling up the DagBag from /home/airflow/.local/lib/python3.8/site-packages/airflow/example_dags/example_short_circuit_operator.py
[2025-04-28T17:33:09.637+0000] {processor.py:840} INFO - DAG(s) 'example_short_circuit_operator' retrieved from /home/airflow/.local/lib/python3.8/site-packages/airflow/example_dags/example_short_circuit_operator.py
[2025-04-28T17:33:09.839+0000] {logging_mixin.py:188} INFO - [2025-04-28T17:33:09.838+0000] {dag.py:3036} INFO - Sync 1 DAGs
[2025-04-28T17:33:09.938+0000] {logging_mixin.py:188} INFO - [2025-04-28T17:33:09.938+0000] {dag.py:3823} INFO - Setting next_dagrun for example_short_circuit_operator to 2025-04-27 00:00:00+00:00, run_after=2025-04-28 00:00:00+00:00
[2025-04-28T17:33:09.987+0000] {processor.py:183} INFO - Processing /home/airflow/.local/lib/python3.8/site-packages/airflow/example_dags/example_short_circuit_operator.py took 0.435 seconds
[2025-04-28T17:33:40.430+0000] {processor.py:161} INFO - Started process (PID=234) to work on /home/airflow/.local/lib/python3.8/site-packages/airflow/example_dags/example_short_circuit_operator.py
[2025-04-28T17:33:40.433+0000] {processor.py:830} INFO - Processing file /home/airflow/.local/lib/python3.8/site-packages/airflow/example_dags/example_short_circuit_operator.py for tasks to queue
[2025-04-28T17:33:40.437+0000] {logging_mixin.py:188} INFO - [2025-04-28T17:33:40.437+0000] {dagbag.py:538} INFO - Filling up the DagBag from /home/airflow/.local/lib/python3.8/site-packages/airflow/example_dags/example_short_circuit_operator.py
[2025-04-28T17:33:40.451+0000] {processor.py:840} INFO - DAG(s) 'example_short_circuit_operator' retrieved from /home/airflow/.local/lib/python3.8/site-packages/airflow/example_dags/example_short_circuit_operator.py
[2025-04-28T17:33:40.479+0000] {logging_mixin.py:188} INFO - [2025-04-28T17:33:40.478+0000] {dag.py:3036} INFO - Sync 1 DAGs
[2025-04-28T17:33:40.501+0000] {logging_mixin.py:188} INFO - [2025-04-28T17:33:40.500+0000] {dag.py:3823} INFO - Setting next_dagrun for example_short_circuit_operator to 2025-04-27 00:00:00+00:00, run_after=2025-04-28 00:00:00+00:00
[2025-04-28T17:33:40.517+0000] {processor.py:183} INFO - Processing /home/airflow/.local/lib/python3.8/site-packages/airflow/example_dags/example_short_circuit_operator.py took 0.100 seconds
[2025-04-28T17:34:11.462+0000] {processor.py:161} INFO - Started process (PID=289) to work on /home/airflow/.local/lib/python3.8/site-packages/airflow/example_dags/example_short_circuit_operator.py
[2025-04-28T17:34:11.467+0000] {processor.py:830} INFO - Processing file /home/airflow/.local/lib/python3.8/site-packages/airflow/example_dags/example_short_circuit_operator.py for tasks to queue
[2025-04-28T17:34:11.474+0000] {logging_mixin.py:188} INFO - [2025-04-28T17:34:11.472+0000] {dagbag.py:538} INFO - Filling up the DagBag from /home/airflow/.local/lib/python3.8/site-packages/airflow/example_dags/example_short_circuit_operator.py
[2025-04-28T17:34:11.496+0000] {processor.py:840} INFO - DAG(s) 'example_short_circuit_operator' retrieved from /home/airflow/.local/lib/python3.8/site-packages/airflow/example_dags/example_short_circuit_operator.py
[2025-04-28T17:34:11.567+0000] {logging_mixin.py:188} INFO - [2025-04-28T17:34:11.567+0000] {dag.py:3036} INFO - Sync 1 DAGs
[2025-04-28T17:34:11.628+0000] {logging_mixin.py:188} INFO - [2025-04-28T17:34:11.628+0000] {dag.py:3823} INFO - Setting next_dagrun for example_short_circuit_operator to 2025-04-27 00:00:00+00:00, run_after=2025-04-28 00:00:00+00:00
[2025-04-28T17:34:11.656+0000] {processor.py:183} INFO - Processing /home/airflow/.local/lib/python3.8/site-packages/airflow/example_dags/example_short_circuit_operator.py took 0.214 seconds
[2025-04-28T17:34:42.347+0000] {processor.py:161} INFO - Started process (PID=344) to work on /home/airflow/.local/lib/python3.8/site-packages/airflow/example_dags/example_short_circuit_operator.py
[2025-04-28T17:34:42.360+0000] {processor.py:830} INFO - Processing file /home/airflow/.local/lib/python3.8/site-packages/airflow/example_dags/example_short_circuit_operator.py for tasks to queue
[2025-04-28T17:34:42.368+0000] {logging_mixin.py:188} INFO - [2025-04-28T17:34:42.368+0000] {dagbag.py:538} INFO - Filling up the DagBag from /home/airflow/.local/lib/python3.8/site-packages/airflow/example_dags/example_short_circuit_operator.py
[2025-04-28T17:34:42.396+0000] {processor.py:840} INFO - DAG(s) 'example_short_circuit_operator' retrieved from /home/airflow/.local/lib/python3.8/site-packages/airflow/example_dags/example_short_circuit_operator.py
[2025-04-28T17:34:42.472+0000] {logging_mixin.py:188} INFO - [2025-04-28T17:34:42.471+0000] {dag.py:3036} INFO - Sync 1 DAGs
[2025-04-28T17:34:42.543+0000] {logging_mixin.py:188} INFO - [2025-04-28T17:34:42.542+0000] {dag.py:3823} INFO - Setting next_dagrun for example_short_circuit_operator to 2025-04-27 00:00:00+00:00, run_after=2025-04-28 00:00:00+00:00
[2025-04-28T17:34:42.612+0000] {processor.py:183} INFO - Processing /home/airflow/.local/lib/python3.8/site-packages/airflow/example_dags/example_short_circuit_operator.py took 0.292 seconds
[2025-04-28T17:35:12.911+0000] {processor.py:161} INFO - Started process (PID=399) to work on /home/airflow/.local/lib/python3.8/site-packages/airflow/example_dags/example_short_circuit_operator.py
[2025-04-28T17:35:12.914+0000] {processor.py:830} INFO - Processing file /home/airflow/.local/lib/python3.8/site-packages/airflow/example_dags/example_short_circuit_operator.py for tasks to queue
[2025-04-28T17:35:12.918+0000] {logging_mixin.py:188} INFO - [2025-04-28T17:35:12.917+0000] {dagbag.py:538} INFO - Filling up the DagBag from /home/airflow/.local/lib/python3.8/site-packages/airflow/example_dags/example_short_circuit_operator.py
[2025-04-28T17:35:12.932+0000] {processor.py:840} INFO - DAG(s) 'example_short_circuit_operator' retrieved from /home/airflow/.local/lib/python3.8/site-packages/airflow/example_dags/example_short_circuit_operator.py
[2025-04-28T17:35:12.979+0000] {logging_mixin.py:188} INFO - [2025-04-28T17:35:12.978+0000] {dag.py:3036} INFO - Sync 1 DAGs
[2025-04-28T17:35:13.006+0000] {logging_mixin.py:188} INFO - [2025-04-28T17:35:13.005+0000] {dag.py:3823} INFO - Setting next_dagrun for example_short_circuit_operator to 2025-04-27 00:00:00+00:00, run_after=2025-04-28 00:00:00+00:00
[2025-04-28T17:35:13.029+0000] {processor.py:183} INFO - Processing /home/airflow/.local/lib/python3.8/site-packages/airflow/example_dags/example_short_circuit_operator.py took 0.128 seconds
[2025-04-28T17:35:43.612+0000] {processor.py:161} INFO - Started process (PID=454) to work on /home/airflow/.local/lib/python3.8/site-packages/airflow/example_dags/example_short_circuit_operator.py
[2025-04-28T17:35:43.618+0000] {processor.py:830} INFO - Processing file /home/airflow/.local/lib/python3.8/site-packages/airflow/example_dags/example_short_circuit_operator.py for tasks to queue
[2025-04-28T17:35:43.624+0000] {logging_mixin.py:188} INFO - [2025-04-28T17:35:43.624+0000] {dagbag.py:538} INFO - Filling up the DagBag from /home/airflow/.local/lib/python3.8/site-packages/airflow/example_dags/example_short_circuit_operator.py
[2025-04-28T17:35:43.643+0000] {processor.py:840} INFO - DAG(s) 'example_short_circuit_operator' retrieved from /home/airflow/.local/lib/python3.8/site-packages/airflow/example_dags/example_short_circuit_operator.py
[2025-04-28T17:35:43.692+0000] {logging_mixin.py:188} INFO - [2025-04-28T17:35:43.692+0000] {dag.py:3036} INFO - Sync 1 DAGs
[2025-04-28T17:35:43.752+0000] {logging_mixin.py:188} INFO - [2025-04-28T17:35:43.751+0000] {dag.py:3823} INFO - Setting next_dagrun for example_short_circuit_operator to 2025-04-27 00:00:00+00:00, run_after=2025-04-28 00:00:00+00:00
[2025-04-28T17:35:43.782+0000] {processor.py:183} INFO - Processing /home/airflow/.local/lib/python3.8/site-packages/airflow/example_dags/example_short_circuit_operator.py took 0.183 seconds
[2025-04-28T17:36:14.425+0000] {processor.py:161} INFO - Started process (PID=509) to work on /home/airflow/.local/lib/python3.8/site-packages/airflow/example_dags/example_short_circuit_operator.py
[2025-04-28T17:36:14.429+0000] {processor.py:830} INFO - Processing file /home/airflow/.local/lib/python3.8/site-packages/airflow/example_dags/example_short_circuit_operator.py for tasks to queue
[2025-04-28T17:36:14.433+0000] {logging_mixin.py:188} INFO - [2025-04-28T17:36:14.432+0000] {dagbag.py:538} INFO - Filling up the DagBag from /home/airflow/.local/lib/python3.8/site-packages/airflow/example_dags/example_short_circuit_operator.py
[2025-04-28T17:36:14.455+0000] {processor.py:840} INFO - DAG(s) 'example_short_circuit_operator' retrieved from /home/airflow/.local/lib/python3.8/site-packages/airflow/example_dags/example_short_circuit_operator.py
[2025-04-28T17:36:14.504+0000] {logging_mixin.py:188} INFO - [2025-04-28T17:36:14.504+0000] {dag.py:3036} INFO - Sync 1 DAGs
[2025-04-28T17:36:14.535+0000] {logging_mixin.py:188} INFO - [2025-04-28T17:36:14.535+0000] {dag.py:3823} INFO - Setting next_dagrun for example_short_circuit_operator to 2025-04-27 00:00:00+00:00, run_after=2025-04-28 00:00:00+00:00
[2025-04-28T17:36:14.560+0000] {processor.py:183} INFO - Processing /home/airflow/.local/lib/python3.8/site-packages/airflow/example_dags/example_short_circuit_operator.py took 0.142 seconds
[2025-04-28T17:36:44.698+0000] {processor.py:161} INFO - Started process (PID=564) to work on /home/airflow/.local/lib/python3.8/site-packages/airflow/example_dags/example_short_circuit_operator.py
[2025-04-28T17:36:44.701+0000] {processor.py:830} INFO - Processing file /home/airflow/.local/lib/python3.8/site-packages/airflow/example_dags/example_short_circuit_operator.py for tasks to queue
[2025-04-28T17:36:44.704+0000] {logging_mixin.py:188} INFO - [2025-04-28T17:36:44.704+0000] {dagbag.py:538} INFO - Filling up the DagBag from /home/airflow/.local/lib/python3.8/site-packages/airflow/example_dags/example_short_circuit_operator.py
[2025-04-28T17:36:44.712+0000] {processor.py:840} INFO - DAG(s) 'example_short_circuit_operator' retrieved from /home/airflow/.local/lib/python3.8/site-packages/airflow/example_dags/example_short_circuit_operator.py
[2025-04-28T17:36:44.764+0000] {logging_mixin.py:188} INFO - [2025-04-28T17:36:44.763+0000] {dag.py:3036} INFO - Sync 1 DAGs
[2025-04-28T17:36:44.795+0000] {logging_mixin.py:188} INFO - [2025-04-28T17:36:44.795+0000] {dag.py:3823} INFO - Setting next_dagrun for example_short_circuit_operator to 2025-04-27 00:00:00+00:00, run_after=2025-04-28 00:00:00+00:00
[2025-04-28T17:36:44.816+0000] {processor.py:183} INFO - Processing /home/airflow/.local/lib/python3.8/site-packages/airflow/example_dags/example_short_circuit_operator.py took 0.126 seconds
[2025-04-28T17:37:15.329+0000] {processor.py:161} INFO - Started process (PID=625) to work on /home/airflow/.local/lib/python3.8/site-packages/airflow/example_dags/example_short_circuit_operator.py
[2025-04-28T17:37:15.335+0000] {processor.py:830} INFO - Processing file /home/airflow/.local/lib/python3.8/site-packages/airflow/example_dags/example_short_circuit_operator.py for tasks to queue
[2025-04-28T17:37:15.344+0000] {logging_mixin.py:188} INFO - [2025-04-28T17:37:15.343+0000] {dagbag.py:538} INFO - Filling up the DagBag from /home/airflow/.local/lib/python3.8/site-packages/airflow/example_dags/example_short_circuit_operator.py
[2025-04-28T17:37:15.358+0000] {processor.py:840} INFO - DAG(s) 'example_short_circuit_operator' retrieved from /home/airflow/.local/lib/python3.8/site-packages/airflow/example_dags/example_short_circuit_operator.py
[2025-04-28T17:37:15.405+0000] {logging_mixin.py:188} INFO - [2025-04-28T17:37:15.405+0000] {dag.py:3036} INFO - Sync 1 DAGs
[2025-04-28T17:37:15.432+0000] {logging_mixin.py:188} INFO - [2025-04-28T17:37:15.432+0000] {dag.py:3823} INFO - Setting next_dagrun for example_short_circuit_operator to 2025-04-27 00:00:00+00:00, run_after=2025-04-28 00:00:00+00:00
[2025-04-28T17:37:15.452+0000] {processor.py:183} INFO - Processing /home/airflow/.local/lib/python3.8/site-packages/airflow/example_dags/example_short_circuit_operator.py took 0.134 seconds
[2025-04-28T17:37:45.611+0000] {processor.py:161} INFO - Started process (PID=686) to work on /home/airflow/.local/lib/python3.8/site-packages/airflow/example_dags/example_short_circuit_operator.py
[2025-04-28T17:37:45.623+0000] {processor.py:830} INFO - Processing file /home/airflow/.local/lib/python3.8/site-packages/airflow/example_dags/example_short_circuit_operator.py for tasks to queue
[2025-04-28T17:37:45.629+0000] {logging_mixin.py:188} INFO - [2025-04-28T17:37:45.629+0000] {dagbag.py:538} INFO - Filling up the DagBag from /home/airflow/.local/lib/python3.8/site-packages/airflow/example_dags/example_short_circuit_operator.py
[2025-04-28T17:37:45.642+0000] {processor.py:840} INFO - DAG(s) 'example_short_circuit_operator' retrieved from /home/airflow/.local/lib/python3.8/site-packages/airflow/example_dags/example_short_circuit_operator.py
[2025-04-28T17:37:45.694+0000] {logging_mixin.py:188} INFO - [2025-04-28T17:37:45.693+0000] {dag.py:3036} INFO - Sync 1 DAGs
[2025-04-28T17:37:45.736+0000] {logging_mixin.py:188} INFO - [2025-04-28T17:37:45.736+0000] {dag.py:3823} INFO - Setting next_dagrun for example_short_circuit_operator to 2025-04-27 00:00:00+00:00, run_after=2025-04-28 00:00:00+00:00
[2025-04-28T17:37:45.757+0000] {processor.py:183} INFO - Processing /home/airflow/.local/lib/python3.8/site-packages/airflow/example_dags/example_short_circuit_operator.py took 0.165 seconds
[2025-04-28T17:38:16.730+0000] {processor.py:161} INFO - Started process (PID=747) to work on /home/airflow/.local/lib/python3.8/site-packages/airflow/example_dags/example_short_circuit_operator.py
[2025-04-28T17:38:16.733+0000] {processor.py:830} INFO - Processing file /home/airflow/.local/lib/python3.8/site-packages/airflow/example_dags/example_short_circuit_operator.py for tasks to queue
[2025-04-28T17:38:16.736+0000] {logging_mixin.py:188} INFO - [2025-04-28T17:38:16.735+0000] {dagbag.py:538} INFO - Filling up the DagBag from /home/airflow/.local/lib/python3.8/site-packages/airflow/example_dags/example_short_circuit_operator.py
[2025-04-28T17:38:16.753+0000] {processor.py:840} INFO - DAG(s) 'example_short_circuit_operator' retrieved from /home/airflow/.local/lib/python3.8/site-packages/airflow/example_dags/example_short_circuit_operator.py
[2025-04-28T17:38:16.788+0000] {logging_mixin.py:188} INFO - [2025-04-28T17:38:16.788+0000] {dag.py:3036} INFO - Sync 1 DAGs
[2025-04-28T17:38:16.810+0000] {logging_mixin.py:188} INFO - [2025-04-28T17:38:16.809+0000] {dag.py:3823} INFO - Setting next_dagrun for example_short_circuit_operator to 2025-04-27 00:00:00+00:00, run_after=2025-04-28 00:00:00+00:00
[2025-04-28T17:38:16.824+0000] {processor.py:183} INFO - Processing /home/airflow/.local/lib/python3.8/site-packages/airflow/example_dags/example_short_circuit_operator.py took 0.107 seconds
[2025-04-28T17:38:47.169+0000] {processor.py:161} INFO - Started process (PID=809) to work on /home/airflow/.local/lib/python3.8/site-packages/airflow/example_dags/example_short_circuit_operator.py
[2025-04-28T17:38:47.171+0000] {processor.py:830} INFO - Processing file /home/airflow/.local/lib/python3.8/site-packages/airflow/example_dags/example_short_circuit_operator.py for tasks to queue
[2025-04-28T17:38:47.176+0000] {logging_mixin.py:188} INFO - [2025-04-28T17:38:47.175+0000] {dagbag.py:538} INFO - Filling up the DagBag from /home/airflow/.local/lib/python3.8/site-packages/airflow/example_dags/example_short_circuit_operator.py
[2025-04-28T17:38:47.184+0000] {processor.py:840} INFO - DAG(s) 'example_short_circuit_operator' retrieved from /home/airflow/.local/lib/python3.8/site-packages/airflow/example_dags/example_short_circuit_operator.py
[2025-04-28T17:38:47.226+0000] {logging_mixin.py:188} INFO - [2025-04-28T17:38:47.225+0000] {dag.py:3036} INFO - Sync 1 DAGs
[2025-04-28T17:38:47.249+0000] {logging_mixin.py:188} INFO - [2025-04-28T17:38:47.249+0000] {dag.py:3823} INFO - Setting next_dagrun for example_short_circuit_operator to 2025-04-27 00:00:00+00:00, run_after=2025-04-28 00:00:00+00:00
[2025-04-28T17:38:47.266+0000] {processor.py:183} INFO - Processing /home/airflow/.local/lib/python3.8/site-packages/airflow/example_dags/example_short_circuit_operator.py took 0.113 seconds
[2025-04-28T17:39:18.181+0000] {processor.py:161} INFO - Started process (PID=865) to work on /home/airflow/.local/lib/python3.8/site-packages/airflow/example_dags/example_short_circuit_operator.py
[2025-04-28T17:39:18.185+0000] {processor.py:830} INFO - Processing file /home/airflow/.local/lib/python3.8/site-packages/airflow/example_dags/example_short_circuit_operator.py for tasks to queue
[2025-04-28T17:39:18.188+0000] {logging_mixin.py:188} INFO - [2025-04-28T17:39:18.188+0000] {dagbag.py:538} INFO - Filling up the DagBag from /home/airflow/.local/lib/python3.8/site-packages/airflow/example_dags/example_short_circuit_operator.py
[2025-04-28T17:39:18.194+0000] {processor.py:840} INFO - DAG(s) 'example_short_circuit_operator' retrieved from /home/airflow/.local/lib/python3.8/site-packages/airflow/example_dags/example_short_circuit_operator.py
[2025-04-28T17:39:18.218+0000] {logging_mixin.py:188} INFO - [2025-04-28T17:39:18.218+0000] {dag.py:3036} INFO - Sync 1 DAGs
[2025-04-28T17:39:18.231+0000] {logging_mixin.py:188} INFO - [2025-04-28T17:39:18.231+0000] {dag.py:3823} INFO - Setting next_dagrun for example_short_circuit_operator to 2025-04-27 00:00:00+00:00, run_after=2025-04-28 00:00:00+00:00
[2025-04-28T17:39:18.246+0000] {processor.py:183} INFO - Processing /home/airflow/.local/lib/python3.8/site-packages/airflow/example_dags/example_short_circuit_operator.py took 0.075 seconds
[2025-04-28T17:39:49.215+0000] {processor.py:161} INFO - Started process (PID=924) to work on /home/airflow/.local/lib/python3.8/site-packages/airflow/example_dags/example_short_circuit_operator.py
[2025-04-28T17:39:49.222+0000] {processor.py:830} INFO - Processing file /home/airflow/.local/lib/python3.8/site-packages/airflow/example_dags/example_short_circuit_operator.py for tasks to queue
[2025-04-28T17:39:49.231+0000] {logging_mixin.py:188} INFO - [2025-04-28T17:39:49.229+0000] {dagbag.py:538} INFO - Filling up the DagBag from /home/airflow/.local/lib/python3.8/site-packages/airflow/example_dags/example_short_circuit_operator.py
[2025-04-28T17:39:49.251+0000] {processor.py:840} INFO - DAG(s) 'example_short_circuit_operator' retrieved from /home/airflow/.local/lib/python3.8/site-packages/airflow/example_dags/example_short_circuit_operator.py
[2025-04-28T17:39:49.290+0000] {logging_mixin.py:188} INFO - [2025-04-28T17:39:49.289+0000] {dag.py:3036} INFO - Sync 1 DAGs
[2025-04-28T17:39:49.320+0000] {logging_mixin.py:188} INFO - [2025-04-28T17:39:49.320+0000] {dag.py:3823} INFO - Setting next_dagrun for example_short_circuit_operator to 2025-04-27 00:00:00+00:00, run_after=2025-04-28 00:00:00+00:00
[2025-04-28T17:39:49.343+0000] {processor.py:183} INFO - Processing /home/airflow/.local/lib/python3.8/site-packages/airflow/example_dags/example_short_circuit_operator.py took 0.146 seconds
[2025-04-28T17:40:19.611+0000] {processor.py:161} INFO - Started process (PID=984) to work on /home/airflow/.local/lib/python3.8/site-packages/airflow/example_dags/example_short_circuit_operator.py
[2025-04-28T17:40:19.615+0000] {processor.py:830} INFO - Processing file /home/airflow/.local/lib/python3.8/site-packages/airflow/example_dags/example_short_circuit_operator.py for tasks to queue
[2025-04-28T17:40:19.620+0000] {logging_mixin.py:188} INFO - [2025-04-28T17:40:19.619+0000] {dagbag.py:538} INFO - Filling up the DagBag from /home/airflow/.local/lib/python3.8/site-packages/airflow/example_dags/example_short_circuit_operator.py
[2025-04-28T17:40:19.641+0000] {processor.py:840} INFO - DAG(s) 'example_short_circuit_operator' retrieved from /home/airflow/.local/lib/python3.8/site-packages/airflow/example_dags/example_short_circuit_operator.py
[2025-04-28T17:40:19.677+0000] {logging_mixin.py:188} INFO - [2025-04-28T17:40:19.677+0000] {dag.py:3036} INFO - Sync 1 DAGs
[2025-04-28T17:40:19.701+0000] {logging_mixin.py:188} INFO - [2025-04-28T17:40:19.701+0000] {dag.py:3823} INFO - Setting next_dagrun for example_short_circuit_operator to 2025-04-27 00:00:00+00:00, run_after=2025-04-28 00:00:00+00:00
[2025-04-28T17:40:19.717+0000] {processor.py:183} INFO - Processing /home/airflow/.local/lib/python3.8/site-packages/airflow/example_dags/example_short_circuit_operator.py took 0.121 seconds
[2025-04-28T17:40:49.776+0000] {processor.py:161} INFO - Started process (PID=1043) to work on /home/airflow/.local/lib/python3.8/site-packages/airflow/example_dags/example_short_circuit_operator.py
[2025-04-28T17:40:49.782+0000] {processor.py:830} INFO - Processing file /home/airflow/.local/lib/python3.8/site-packages/airflow/example_dags/example_short_circuit_operator.py for tasks to queue
[2025-04-28T17:40:49.793+0000] {logging_mixin.py:188} INFO - [2025-04-28T17:40:49.791+0000] {dagbag.py:538} INFO - Filling up the DagBag from /home/airflow/.local/lib/python3.8/site-packages/airflow/example_dags/example_short_circuit_operator.py
[2025-04-28T17:40:49.833+0000] {processor.py:840} INFO - DAG(s) 'example_short_circuit_operator' retrieved from /home/airflow/.local/lib/python3.8/site-packages/airflow/example_dags/example_short_circuit_operator.py
[2025-04-28T17:40:49.880+0000] {logging_mixin.py:188} INFO - [2025-04-28T17:40:49.879+0000] {dag.py:3036} INFO - Sync 1 DAGs
[2025-04-28T17:40:49.907+0000] {logging_mixin.py:188} INFO - [2025-04-28T17:40:49.907+0000] {dag.py:3823} INFO - Setting next_dagrun for example_short_circuit_operator to 2025-04-27 00:00:00+00:00, run_after=2025-04-28 00:00:00+00:00
[2025-04-28T17:40:49.925+0000] {processor.py:183} INFO - Processing /home/airflow/.local/lib/python3.8/site-packages/airflow/example_dags/example_short_circuit_operator.py took 0.161 seconds
[2025-04-28T17:41:20.038+0000] {processor.py:161} INFO - Started process (PID=1099) to work on /home/airflow/.local/lib/python3.8/site-packages/airflow/example_dags/example_short_circuit_operator.py
[2025-04-28T17:41:20.041+0000] {processor.py:830} INFO - Processing file /home/airflow/.local/lib/python3.8/site-packages/airflow/example_dags/example_short_circuit_operator.py for tasks to queue
[2025-04-28T17:41:20.044+0000] {logging_mixin.py:188} INFO - [2025-04-28T17:41:20.044+0000] {dagbag.py:538} INFO - Filling up the DagBag from /home/airflow/.local/lib/python3.8/site-packages/airflow/example_dags/example_short_circuit_operator.py
[2025-04-28T17:41:20.055+0000] {processor.py:840} INFO - DAG(s) 'example_short_circuit_operator' retrieved from /home/airflow/.local/lib/python3.8/site-packages/airflow/example_dags/example_short_circuit_operator.py
[2025-04-28T17:41:20.093+0000] {logging_mixin.py:188} INFO - [2025-04-28T17:41:20.092+0000] {dag.py:3036} INFO - Sync 1 DAGs
[2025-04-28T17:41:20.116+0000] {logging_mixin.py:188} INFO - [2025-04-28T17:41:20.116+0000] {dag.py:3823} INFO - Setting next_dagrun for example_short_circuit_operator to 2025-04-27 00:00:00+00:00, run_after=2025-04-28 00:00:00+00:00
[2025-04-28T17:41:20.138+0000] {processor.py:183} INFO - Processing /home/airflow/.local/lib/python3.8/site-packages/airflow/example_dags/example_short_circuit_operator.py took 0.105 seconds
[2025-04-28T17:42:53.659+0000] {processor.py:161} INFO - Started process (PID=78) to work on /home/airflow/.local/lib/python3.8/site-packages/airflow/example_dags/example_short_circuit_operator.py
[2025-04-28T17:42:53.665+0000] {processor.py:830} INFO - Processing file /home/airflow/.local/lib/python3.8/site-packages/airflow/example_dags/example_short_circuit_operator.py for tasks to queue
[2025-04-28T17:42:53.673+0000] {logging_mixin.py:188} INFO - [2025-04-28T17:42:53.673+0000] {dagbag.py:538} INFO - Filling up the DagBag from /home/airflow/.local/lib/python3.8/site-packages/airflow/example_dags/example_short_circuit_operator.py
[2025-04-28T17:42:53.693+0000] {processor.py:840} INFO - DAG(s) 'example_short_circuit_operator' retrieved from /home/airflow/.local/lib/python3.8/site-packages/airflow/example_dags/example_short_circuit_operator.py
[2025-04-28T17:42:53.734+0000] {logging_mixin.py:188} INFO - [2025-04-28T17:42:53.733+0000] {dag.py:3036} INFO - Sync 1 DAGs
[2025-04-28T17:42:53.809+0000] {logging_mixin.py:188} INFO - [2025-04-28T17:42:53.808+0000] {dag.py:3823} INFO - Setting next_dagrun for example_short_circuit_operator to 2025-04-27 00:00:00+00:00, run_after=2025-04-28 00:00:00+00:00
[2025-04-28T17:42:53.871+0000] {processor.py:183} INFO - Processing /home/airflow/.local/lib/python3.8/site-packages/airflow/example_dags/example_short_circuit_operator.py took 0.222 seconds
[2025-04-28T17:43:25.228+0000] {processor.py:161} INFO - Started process (PID=134) to work on /home/airflow/.local/lib/python3.8/site-packages/airflow/example_dags/example_short_circuit_operator.py
[2025-04-28T17:43:25.231+0000] {processor.py:830} INFO - Processing file /home/airflow/.local/lib/python3.8/site-packages/airflow/example_dags/example_short_circuit_operator.py for tasks to queue
[2025-04-28T17:43:25.233+0000] {logging_mixin.py:188} INFO - [2025-04-28T17:43:25.232+0000] {dagbag.py:538} INFO - Filling up the DagBag from /home/airflow/.local/lib/python3.8/site-packages/airflow/example_dags/example_short_circuit_operator.py
[2025-04-28T17:43:25.239+0000] {processor.py:840} INFO - DAG(s) 'example_short_circuit_operator' retrieved from /home/airflow/.local/lib/python3.8/site-packages/airflow/example_dags/example_short_circuit_operator.py
[2025-04-28T17:43:25.325+0000] {logging_mixin.py:188} INFO - [2025-04-28T17:43:25.325+0000] {dag.py:3036} INFO - Sync 1 DAGs
[2025-04-28T17:43:25.344+0000] {logging_mixin.py:188} INFO - [2025-04-28T17:43:25.344+0000] {dag.py:3823} INFO - Setting next_dagrun for example_short_circuit_operator to 2025-04-27 00:00:00+00:00, run_after=2025-04-28 00:00:00+00:00
[2025-04-28T17:43:25.359+0000] {processor.py:183} INFO - Processing /home/airflow/.local/lib/python3.8/site-packages/airflow/example_dags/example_short_circuit_operator.py took 0.134 seconds
[2025-04-28T17:43:56.199+0000] {processor.py:161} INFO - Started process (PID=190) to work on /home/airflow/.local/lib/python3.8/site-packages/airflow/example_dags/example_short_circuit_operator.py
[2025-04-28T17:43:56.204+0000] {processor.py:830} INFO - Processing file /home/airflow/.local/lib/python3.8/site-packages/airflow/example_dags/example_short_circuit_operator.py for tasks to queue
[2025-04-28T17:43:56.206+0000] {logging_mixin.py:188} INFO - [2025-04-28T17:43:56.206+0000] {dagbag.py:538} INFO - Filling up the DagBag from /home/airflow/.local/lib/python3.8/site-packages/airflow/example_dags/example_short_circuit_operator.py
[2025-04-28T17:43:56.212+0000] {processor.py:840} INFO - DAG(s) 'example_short_circuit_operator' retrieved from /home/airflow/.local/lib/python3.8/site-packages/airflow/example_dags/example_short_circuit_operator.py
[2025-04-28T17:43:56.263+0000] {logging_mixin.py:188} INFO - [2025-04-28T17:43:56.263+0000] {dag.py:3036} INFO - Sync 1 DAGs
[2025-04-28T17:43:56.288+0000] {logging_mixin.py:188} INFO - [2025-04-28T17:43:56.288+0000] {dag.py:3823} INFO - Setting next_dagrun for example_short_circuit_operator to 2025-04-27 00:00:00+00:00, run_after=2025-04-28 00:00:00+00:00
[2025-04-28T17:43:56.305+0000] {processor.py:183} INFO - Processing /home/airflow/.local/lib/python3.8/site-packages/airflow/example_dags/example_short_circuit_operator.py took 0.114 seconds
[2025-04-28T17:44:26.908+0000] {processor.py:161} INFO - Started process (PID=252) to work on /home/airflow/.local/lib/python3.8/site-packages/airflow/example_dags/example_short_circuit_operator.py
[2025-04-28T17:44:26.910+0000] {processor.py:830} INFO - Processing file /home/airflow/.local/lib/python3.8/site-packages/airflow/example_dags/example_short_circuit_operator.py for tasks to queue
[2025-04-28T17:44:26.915+0000] {logging_mixin.py:188} INFO - [2025-04-28T17:44:26.915+0000] {dagbag.py:538} INFO - Filling up the DagBag from /home/airflow/.local/lib/python3.8/site-packages/airflow/example_dags/example_short_circuit_operator.py
[2025-04-28T17:44:26.929+0000] {processor.py:840} INFO - DAG(s) 'example_short_circuit_operator' retrieved from /home/airflow/.local/lib/python3.8/site-packages/airflow/example_dags/example_short_circuit_operator.py
[2025-04-28T17:44:26.968+0000] {logging_mixin.py:188} INFO - [2025-04-28T17:44:26.968+0000] {dag.py:3036} INFO - Sync 1 DAGs
[2025-04-28T17:44:26.993+0000] {logging_mixin.py:188} INFO - [2025-04-28T17:44:26.993+0000] {dag.py:3823} INFO - Setting next_dagrun for example_short_circuit_operator to 2025-04-27 00:00:00+00:00, run_after=2025-04-28 00:00:00+00:00
[2025-04-28T17:44:27.012+0000] {processor.py:183} INFO - Processing /home/airflow/.local/lib/python3.8/site-packages/airflow/example_dags/example_short_circuit_operator.py took 0.113 seconds
[2025-04-28T17:45:00.337+0000] {processor.py:161} INFO - Started process (PID=308) to work on /home/airflow/.local/lib/python3.8/site-packages/airflow/example_dags/example_short_circuit_operator.py
[2025-04-28T17:45:00.341+0000] {processor.py:830} INFO - Processing file /home/airflow/.local/lib/python3.8/site-packages/airflow/example_dags/example_short_circuit_operator.py for tasks to queue
[2025-04-28T17:45:00.345+0000] {logging_mixin.py:188} INFO - [2025-04-28T17:45:00.345+0000] {dagbag.py:538} INFO - Filling up the DagBag from /home/airflow/.local/lib/python3.8/site-packages/airflow/example_dags/example_short_circuit_operator.py
[2025-04-28T17:45:00.368+0000] {processor.py:840} INFO - DAG(s) 'example_short_circuit_operator' retrieved from /home/airflow/.local/lib/python3.8/site-packages/airflow/example_dags/example_short_circuit_operator.py
[2025-04-28T17:45:00.400+0000] {logging_mixin.py:188} INFO - [2025-04-28T17:45:00.400+0000] {dag.py:3036} INFO - Sync 1 DAGs
[2025-04-28T17:45:00.420+0000] {logging_mixin.py:188} INFO - [2025-04-28T17:45:00.420+0000] {dag.py:3823} INFO - Setting next_dagrun for example_short_circuit_operator to 2025-04-27 00:00:00+00:00, run_after=2025-04-28 00:00:00+00:00
[2025-04-28T17:45:00.448+0000] {processor.py:183} INFO - Processing /home/airflow/.local/lib/python3.8/site-packages/airflow/example_dags/example_short_circuit_operator.py took 0.119 seconds
[2025-04-28T17:45:31.645+0000] {processor.py:161} INFO - Started process (PID=364) to work on /home/airflow/.local/lib/python3.8/site-packages/airflow/example_dags/example_short_circuit_operator.py
[2025-04-28T17:45:31.664+0000] {processor.py:830} INFO - Processing file /home/airflow/.local/lib/python3.8/site-packages/airflow/example_dags/example_short_circuit_operator.py for tasks to queue
[2025-04-28T17:45:31.669+0000] {logging_mixin.py:188} INFO - [2025-04-28T17:45:31.669+0000] {dagbag.py:538} INFO - Filling up the DagBag from /home/airflow/.local/lib/python3.8/site-packages/airflow/example_dags/example_short_circuit_operator.py
[2025-04-28T17:45:31.704+0000] {processor.py:840} INFO - DAG(s) 'example_short_circuit_operator' retrieved from /home/airflow/.local/lib/python3.8/site-packages/airflow/example_dags/example_short_circuit_operator.py
[2025-04-28T17:45:31.760+0000] {logging_mixin.py:188} INFO - [2025-04-28T17:45:31.760+0000] {dag.py:3036} INFO - Sync 1 DAGs
[2025-04-28T17:45:31.832+0000] {logging_mixin.py:188} INFO - [2025-04-28T17:45:31.830+0000] {dag.py:3823} INFO - Setting next_dagrun for example_short_circuit_operator to 2025-04-27 00:00:00+00:00, run_after=2025-04-28 00:00:00+00:00
[2025-04-28T17:45:32.077+0000] {processor.py:183} INFO - Processing /home/airflow/.local/lib/python3.8/site-packages/airflow/example_dags/example_short_circuit_operator.py took 0.442 seconds
[2025-04-28T17:46:02.630+0000] {processor.py:161} INFO - Started process (PID=420) to work on /home/airflow/.local/lib/python3.8/site-packages/airflow/example_dags/example_short_circuit_operator.py
[2025-04-28T17:46:02.632+0000] {processor.py:830} INFO - Processing file /home/airflow/.local/lib/python3.8/site-packages/airflow/example_dags/example_short_circuit_operator.py for tasks to queue
[2025-04-28T17:46:02.633+0000] {logging_mixin.py:188} INFO - [2025-04-28T17:46:02.633+0000] {dagbag.py:538} INFO - Filling up the DagBag from /home/airflow/.local/lib/python3.8/site-packages/airflow/example_dags/example_short_circuit_operator.py
[2025-04-28T17:46:02.639+0000] {processor.py:840} INFO - DAG(s) 'example_short_circuit_operator' retrieved from /home/airflow/.local/lib/python3.8/site-packages/airflow/example_dags/example_short_circuit_operator.py
[2025-04-28T17:46:02.653+0000] {logging_mixin.py:188} INFO - [2025-04-28T17:46:02.653+0000] {dag.py:3036} INFO - Sync 1 DAGs
[2025-04-28T17:46:02.664+0000] {logging_mixin.py:188} INFO - [2025-04-28T17:46:02.664+0000] {dag.py:3823} INFO - Setting next_dagrun for example_short_circuit_operator to 2025-04-27 00:00:00+00:00, run_after=2025-04-28 00:00:00+00:00
[2025-04-28T17:46:02.675+0000] {processor.py:183} INFO - Processing /home/airflow/.local/lib/python3.8/site-packages/airflow/example_dags/example_short_circuit_operator.py took 0.048 seconds
[2025-04-28T17:46:32.922+0000] {processor.py:161} INFO - Started process (PID=476) to work on /home/airflow/.local/lib/python3.8/site-packages/airflow/example_dags/example_short_circuit_operator.py
[2025-04-28T17:46:32.926+0000] {processor.py:830} INFO - Processing file /home/airflow/.local/lib/python3.8/site-packages/airflow/example_dags/example_short_circuit_operator.py for tasks to queue
[2025-04-28T17:46:32.927+0000] {logging_mixin.py:188} INFO - [2025-04-28T17:46:32.927+0000] {dagbag.py:538} INFO - Filling up the DagBag from /home/airflow/.local/lib/python3.8/site-packages/airflow/example_dags/example_short_circuit_operator.py
[2025-04-28T17:46:32.931+0000] {processor.py:840} INFO - DAG(s) 'example_short_circuit_operator' retrieved from /home/airflow/.local/lib/python3.8/site-packages/airflow/example_dags/example_short_circuit_operator.py
[2025-04-28T17:46:32.945+0000] {logging_mixin.py:188} INFO - [2025-04-28T17:46:32.945+0000] {dag.py:3036} INFO - Sync 1 DAGs
[2025-04-28T17:46:32.955+0000] {logging_mixin.py:188} INFO - [2025-04-28T17:46:32.955+0000] {dag.py:3823} INFO - Setting next_dagrun for example_short_circuit_operator to 2025-04-27 00:00:00+00:00, run_after=2025-04-28 00:00:00+00:00
[2025-04-28T17:46:32.963+0000] {processor.py:183} INFO - Processing /home/airflow/.local/lib/python3.8/site-packages/airflow/example_dags/example_short_circuit_operator.py took 0.049 seconds
