[2025-04-28T17:32:06.297+0000] {processor.py:161} INFO - Started process (PID=64) to work on /home/airflow/.local/lib/python3.8/site-packages/airflow/example_dags/example_bash_operator.py
[2025-04-28T17:32:06.306+0000] {processor.py:830} INFO - Processing file /home/airflow/.local/lib/python3.8/site-packages/airflow/example_dags/example_bash_operator.py for tasks to queue
[2025-04-28T17:32:06.328+0000] {logging_mixin.py:188} INFO - [2025-04-28T17:32:06.324+0000] {dagbag.py:538} INFO - Filling up the DagBag from /home/airflow/.local/lib/python3.8/site-packages/airflow/example_dags/example_bash_operator.py
[2025-04-28T17:32:06.407+0000] {processor.py:840} INFO - DAG(s) 'example_bash_operator' retrieved from /home/airflow/.local/lib/python3.8/site-packages/airflow/example_dags/example_bash_operator.py
[2025-04-28T17:32:06.450+0000] {logging_mixin.py:188} INFO - [2025-04-28T17:32:06.449+0000] {dag.py:3036} INFO - Sync 1 DAGs
[2025-04-28T17:32:06.525+0000] {logging_mixin.py:188} INFO - [2025-04-28T17:32:06.525+0000] {dag.py:3823} INFO - Setting next_dagrun for example_bash_operator to 2025-04-27 00:00:00+00:00, run_after=2025-04-28 00:00:00+00:00
[2025-04-28T17:32:06.617+0000] {processor.py:183} INFO - Processing /home/airflow/.local/lib/python3.8/site-packages/airflow/example_dags/example_bash_operator.py took 0.354 seconds
[2025-04-28T17:32:37.708+0000] {processor.py:161} INFO - Started process (PID=119) to work on /home/airflow/.local/lib/python3.8/site-packages/airflow/example_dags/example_bash_operator.py
[2025-04-28T17:32:37.710+0000] {processor.py:830} INFO - Processing file /home/airflow/.local/lib/python3.8/site-packages/airflow/example_dags/example_bash_operator.py for tasks to queue
[2025-04-28T17:32:37.712+0000] {logging_mixin.py:188} INFO - [2025-04-28T17:32:37.712+0000] {dagbag.py:538} INFO - Filling up the DagBag from /home/airflow/.local/lib/python3.8/site-packages/airflow/example_dags/example_bash_operator.py
[2025-04-28T17:32:37.741+0000] {processor.py:840} INFO - DAG(s) 'example_bash_operator' retrieved from /home/airflow/.local/lib/python3.8/site-packages/airflow/example_dags/example_bash_operator.py
[2025-04-28T17:32:37.902+0000] {logging_mixin.py:188} INFO - [2025-04-28T17:32:37.902+0000] {dag.py:3036} INFO - Sync 1 DAGs
[2025-04-28T17:32:37.922+0000] {logging_mixin.py:188} INFO - [2025-04-28T17:32:37.922+0000] {dag.py:3823} INFO - Setting next_dagrun for example_bash_operator to 2025-04-27 00:00:00+00:00, run_after=2025-04-28 00:00:00+00:00
[2025-04-28T17:32:37.950+0000] {processor.py:183} INFO - Processing /home/airflow/.local/lib/python3.8/site-packages/airflow/example_dags/example_bash_operator.py took 0.246 seconds
[2025-04-28T17:33:08.292+0000] {processor.py:161} INFO - Started process (PID=174) to work on /home/airflow/.local/lib/python3.8/site-packages/airflow/example_dags/example_bash_operator.py
[2025-04-28T17:33:08.293+0000] {processor.py:830} INFO - Processing file /home/airflow/.local/lib/python3.8/site-packages/airflow/example_dags/example_bash_operator.py for tasks to queue
[2025-04-28T17:33:08.295+0000] {logging_mixin.py:188} INFO - [2025-04-28T17:33:08.294+0000] {dagbag.py:538} INFO - Filling up the DagBag from /home/airflow/.local/lib/python3.8/site-packages/airflow/example_dags/example_bash_operator.py
[2025-04-28T17:33:08.306+0000] {processor.py:840} INFO - DAG(s) 'example_bash_operator' retrieved from /home/airflow/.local/lib/python3.8/site-packages/airflow/example_dags/example_bash_operator.py
[2025-04-28T17:33:08.332+0000] {logging_mixin.py:188} INFO - [2025-04-28T17:33:08.332+0000] {dag.py:3036} INFO - Sync 1 DAGs
[2025-04-28T17:33:08.346+0000] {logging_mixin.py:188} INFO - [2025-04-28T17:33:08.346+0000] {dag.py:3823} INFO - Setting next_dagrun for example_bash_operator to 2025-04-27 00:00:00+00:00, run_after=2025-04-28 00:00:00+00:00
[2025-04-28T17:33:08.358+0000] {processor.py:183} INFO - Processing /home/airflow/.local/lib/python3.8/site-packages/airflow/example_dags/example_bash_operator.py took 0.070 seconds
[2025-04-28T17:33:39.181+0000] {processor.py:161} INFO - Started process (PID=229) to work on /home/airflow/.local/lib/python3.8/site-packages/airflow/example_dags/example_bash_operator.py
[2025-04-28T17:33:39.187+0000] {processor.py:830} INFO - Processing file /home/airflow/.local/lib/python3.8/site-packages/airflow/example_dags/example_bash_operator.py for tasks to queue
[2025-04-28T17:33:39.191+0000] {logging_mixin.py:188} INFO - [2025-04-28T17:33:39.190+0000] {dagbag.py:538} INFO - Filling up the DagBag from /home/airflow/.local/lib/python3.8/site-packages/airflow/example_dags/example_bash_operator.py
[2025-04-28T17:33:39.203+0000] {processor.py:840} INFO - DAG(s) 'example_bash_operator' retrieved from /home/airflow/.local/lib/python3.8/site-packages/airflow/example_dags/example_bash_operator.py
[2025-04-28T17:33:39.230+0000] {logging_mixin.py:188} INFO - [2025-04-28T17:33:39.230+0000] {dag.py:3036} INFO - Sync 1 DAGs
[2025-04-28T17:33:39.248+0000] {logging_mixin.py:188} INFO - [2025-04-28T17:33:39.247+0000] {dag.py:3823} INFO - Setting next_dagrun for example_bash_operator to 2025-04-27 00:00:00+00:00, run_after=2025-04-28 00:00:00+00:00
[2025-04-28T17:33:39.258+0000] {processor.py:183} INFO - Processing /home/airflow/.local/lib/python3.8/site-packages/airflow/example_dags/example_bash_operator.py took 0.081 seconds
[2025-04-28T17:34:09.960+0000] {processor.py:161} INFO - Started process (PID=284) to work on /home/airflow/.local/lib/python3.8/site-packages/airflow/example_dags/example_bash_operator.py
[2025-04-28T17:34:09.963+0000] {processor.py:830} INFO - Processing file /home/airflow/.local/lib/python3.8/site-packages/airflow/example_dags/example_bash_operator.py for tasks to queue
[2025-04-28T17:34:09.967+0000] {logging_mixin.py:188} INFO - [2025-04-28T17:34:09.966+0000] {dagbag.py:538} INFO - Filling up the DagBag from /home/airflow/.local/lib/python3.8/site-packages/airflow/example_dags/example_bash_operator.py
[2025-04-28T17:34:09.982+0000] {processor.py:840} INFO - DAG(s) 'example_bash_operator' retrieved from /home/airflow/.local/lib/python3.8/site-packages/airflow/example_dags/example_bash_operator.py
[2025-04-28T17:34:10.074+0000] {logging_mixin.py:188} INFO - [2025-04-28T17:34:10.074+0000] {dag.py:3036} INFO - Sync 1 DAGs
[2025-04-28T17:34:10.126+0000] {logging_mixin.py:188} INFO - [2025-04-28T17:34:10.126+0000] {dag.py:3823} INFO - Setting next_dagrun for example_bash_operator to 2025-04-27 00:00:00+00:00, run_after=2025-04-28 00:00:00+00:00
[2025-04-28T17:34:10.179+0000] {processor.py:183} INFO - Processing /home/airflow/.local/lib/python3.8/site-packages/airflow/example_dags/example_bash_operator.py took 0.232 seconds
[2025-04-28T17:34:40.977+0000] {processor.py:161} INFO - Started process (PID=339) to work on /home/airflow/.local/lib/python3.8/site-packages/airflow/example_dags/example_bash_operator.py
[2025-04-28T17:34:40.980+0000] {processor.py:830} INFO - Processing file /home/airflow/.local/lib/python3.8/site-packages/airflow/example_dags/example_bash_operator.py for tasks to queue
[2025-04-28T17:34:40.985+0000] {logging_mixin.py:188} INFO - [2025-04-28T17:34:40.985+0000] {dagbag.py:538} INFO - Filling up the DagBag from /home/airflow/.local/lib/python3.8/site-packages/airflow/example_dags/example_bash_operator.py
[2025-04-28T17:34:41.002+0000] {processor.py:840} INFO - DAG(s) 'example_bash_operator' retrieved from /home/airflow/.local/lib/python3.8/site-packages/airflow/example_dags/example_bash_operator.py
[2025-04-28T17:34:41.036+0000] {logging_mixin.py:188} INFO - [2025-04-28T17:34:41.036+0000] {dag.py:3036} INFO - Sync 1 DAGs
[2025-04-28T17:34:41.060+0000] {logging_mixin.py:188} INFO - [2025-04-28T17:34:41.059+0000] {dag.py:3823} INFO - Setting next_dagrun for example_bash_operator to 2025-04-27 00:00:00+00:00, run_after=2025-04-28 00:00:00+00:00
[2025-04-28T17:34:41.076+0000] {processor.py:183} INFO - Processing /home/airflow/.local/lib/python3.8/site-packages/airflow/example_dags/example_bash_operator.py took 0.104 seconds
[2025-04-28T17:35:11.576+0000] {processor.py:161} INFO - Started process (PID=394) to work on /home/airflow/.local/lib/python3.8/site-packages/airflow/example_dags/example_bash_operator.py
[2025-04-28T17:35:11.580+0000] {processor.py:830} INFO - Processing file /home/airflow/.local/lib/python3.8/site-packages/airflow/example_dags/example_bash_operator.py for tasks to queue
[2025-04-28T17:35:11.583+0000] {logging_mixin.py:188} INFO - [2025-04-28T17:35:11.583+0000] {dagbag.py:538} INFO - Filling up the DagBag from /home/airflow/.local/lib/python3.8/site-packages/airflow/example_dags/example_bash_operator.py
[2025-04-28T17:35:11.605+0000] {processor.py:840} INFO - DAG(s) 'example_bash_operator' retrieved from /home/airflow/.local/lib/python3.8/site-packages/airflow/example_dags/example_bash_operator.py
[2025-04-28T17:35:11.649+0000] {logging_mixin.py:188} INFO - [2025-04-28T17:35:11.648+0000] {dag.py:3036} INFO - Sync 1 DAGs
[2025-04-28T17:35:11.678+0000] {logging_mixin.py:188} INFO - [2025-04-28T17:35:11.678+0000] {dag.py:3823} INFO - Setting next_dagrun for example_bash_operator to 2025-04-27 00:00:00+00:00, run_after=2025-04-28 00:00:00+00:00
[2025-04-28T17:35:11.703+0000] {processor.py:183} INFO - Processing /home/airflow/.local/lib/python3.8/site-packages/airflow/example_dags/example_bash_operator.py took 0.138 seconds
[2025-04-28T17:35:42.157+0000] {processor.py:161} INFO - Started process (PID=449) to work on /home/airflow/.local/lib/python3.8/site-packages/airflow/example_dags/example_bash_operator.py
[2025-04-28T17:35:42.162+0000] {processor.py:830} INFO - Processing file /home/airflow/.local/lib/python3.8/site-packages/airflow/example_dags/example_bash_operator.py for tasks to queue
[2025-04-28T17:35:42.171+0000] {logging_mixin.py:188} INFO - [2025-04-28T17:35:42.170+0000] {dagbag.py:538} INFO - Filling up the DagBag from /home/airflow/.local/lib/python3.8/site-packages/airflow/example_dags/example_bash_operator.py
[2025-04-28T17:35:42.223+0000] {processor.py:840} INFO - DAG(s) 'example_bash_operator' retrieved from /home/airflow/.local/lib/python3.8/site-packages/airflow/example_dags/example_bash_operator.py
[2025-04-28T17:35:42.296+0000] {logging_mixin.py:188} INFO - [2025-04-28T17:35:42.295+0000] {dag.py:3036} INFO - Sync 1 DAGs
[2025-04-28T17:35:42.328+0000] {logging_mixin.py:188} INFO - [2025-04-28T17:35:42.328+0000] {dag.py:3823} INFO - Setting next_dagrun for example_bash_operator to 2025-04-27 00:00:00+00:00, run_after=2025-04-28 00:00:00+00:00
[2025-04-28T17:35:42.354+0000] {processor.py:183} INFO - Processing /home/airflow/.local/lib/python3.8/site-packages/airflow/example_dags/example_bash_operator.py took 0.207 seconds
[2025-04-28T17:36:12.991+0000] {processor.py:161} INFO - Started process (PID=504) to work on /home/airflow/.local/lib/python3.8/site-packages/airflow/example_dags/example_bash_operator.py
[2025-04-28T17:36:12.994+0000] {processor.py:830} INFO - Processing file /home/airflow/.local/lib/python3.8/site-packages/airflow/example_dags/example_bash_operator.py for tasks to queue
[2025-04-28T17:36:12.998+0000] {logging_mixin.py:188} INFO - [2025-04-28T17:36:12.997+0000] {dagbag.py:538} INFO - Filling up the DagBag from /home/airflow/.local/lib/python3.8/site-packages/airflow/example_dags/example_bash_operator.py
[2025-04-28T17:36:13.037+0000] {processor.py:840} INFO - DAG(s) 'example_bash_operator' retrieved from /home/airflow/.local/lib/python3.8/site-packages/airflow/example_dags/example_bash_operator.py
[2025-04-28T17:36:13.095+0000] {logging_mixin.py:188} INFO - [2025-04-28T17:36:13.094+0000] {dag.py:3036} INFO - Sync 1 DAGs
[2025-04-28T17:36:13.126+0000] {logging_mixin.py:188} INFO - [2025-04-28T17:36:13.125+0000] {dag.py:3823} INFO - Setting next_dagrun for example_bash_operator to 2025-04-27 00:00:00+00:00, run_after=2025-04-28 00:00:00+00:00
[2025-04-28T17:36:13.151+0000] {processor.py:183} INFO - Processing /home/airflow/.local/lib/python3.8/site-packages/airflow/example_dags/example_bash_operator.py took 0.168 seconds
[2025-04-28T17:36:43.353+0000] {processor.py:161} INFO - Started process (PID=559) to work on /home/airflow/.local/lib/python3.8/site-packages/airflow/example_dags/example_bash_operator.py
[2025-04-28T17:36:43.356+0000] {processor.py:830} INFO - Processing file /home/airflow/.local/lib/python3.8/site-packages/airflow/example_dags/example_bash_operator.py for tasks to queue
[2025-04-28T17:36:43.363+0000] {logging_mixin.py:188} INFO - [2025-04-28T17:36:43.362+0000] {dagbag.py:538} INFO - Filling up the DagBag from /home/airflow/.local/lib/python3.8/site-packages/airflow/example_dags/example_bash_operator.py
[2025-04-28T17:36:43.399+0000] {processor.py:840} INFO - DAG(s) 'example_bash_operator' retrieved from /home/airflow/.local/lib/python3.8/site-packages/airflow/example_dags/example_bash_operator.py
[2025-04-28T17:36:43.446+0000] {logging_mixin.py:188} INFO - [2025-04-28T17:36:43.445+0000] {dag.py:3036} INFO - Sync 1 DAGs
[2025-04-28T17:36:43.474+0000] {logging_mixin.py:188} INFO - [2025-04-28T17:36:43.474+0000] {dag.py:3823} INFO - Setting next_dagrun for example_bash_operator to 2025-04-27 00:00:00+00:00, run_after=2025-04-28 00:00:00+00:00
[2025-04-28T17:36:43.492+0000] {processor.py:183} INFO - Processing /home/airflow/.local/lib/python3.8/site-packages/airflow/example_dags/example_bash_operator.py took 0.152 seconds
[2025-04-28T17:37:13.772+0000] {processor.py:161} INFO - Started process (PID=619) to work on /home/airflow/.local/lib/python3.8/site-packages/airflow/example_dags/example_bash_operator.py
[2025-04-28T17:37:13.779+0000] {processor.py:830} INFO - Processing file /home/airflow/.local/lib/python3.8/site-packages/airflow/example_dags/example_bash_operator.py for tasks to queue
[2025-04-28T17:37:13.782+0000] {logging_mixin.py:188} INFO - [2025-04-28T17:37:13.782+0000] {dagbag.py:538} INFO - Filling up the DagBag from /home/airflow/.local/lib/python3.8/site-packages/airflow/example_dags/example_bash_operator.py
[2025-04-28T17:37:13.806+0000] {processor.py:840} INFO - DAG(s) 'example_bash_operator' retrieved from /home/airflow/.local/lib/python3.8/site-packages/airflow/example_dags/example_bash_operator.py
[2025-04-28T17:37:13.853+0000] {logging_mixin.py:188} INFO - [2025-04-28T17:37:13.853+0000] {dag.py:3036} INFO - Sync 1 DAGs
[2025-04-28T17:37:13.880+0000] {logging_mixin.py:188} INFO - [2025-04-28T17:37:13.880+0000] {dag.py:3823} INFO - Setting next_dagrun for example_bash_operator to 2025-04-27 00:00:00+00:00, run_after=2025-04-28 00:00:00+00:00
[2025-04-28T17:37:13.904+0000] {processor.py:183} INFO - Processing /home/airflow/.local/lib/python3.8/site-packages/airflow/example_dags/example_bash_operator.py took 0.138 seconds
[2025-04-28T17:37:44.229+0000] {processor.py:161} INFO - Started process (PID=681) to work on /home/airflow/.local/lib/python3.8/site-packages/airflow/example_dags/example_bash_operator.py
[2025-04-28T17:37:44.231+0000] {processor.py:830} INFO - Processing file /home/airflow/.local/lib/python3.8/site-packages/airflow/example_dags/example_bash_operator.py for tasks to queue
[2025-04-28T17:37:44.234+0000] {logging_mixin.py:188} INFO - [2025-04-28T17:37:44.234+0000] {dagbag.py:538} INFO - Filling up the DagBag from /home/airflow/.local/lib/python3.8/site-packages/airflow/example_dags/example_bash_operator.py
[2025-04-28T17:37:44.263+0000] {processor.py:840} INFO - DAG(s) 'example_bash_operator' retrieved from /home/airflow/.local/lib/python3.8/site-packages/airflow/example_dags/example_bash_operator.py
[2025-04-28T17:37:44.310+0000] {logging_mixin.py:188} INFO - [2025-04-28T17:37:44.310+0000] {dag.py:3036} INFO - Sync 1 DAGs
[2025-04-28T17:37:44.333+0000] {logging_mixin.py:188} INFO - [2025-04-28T17:37:44.333+0000] {dag.py:3823} INFO - Setting next_dagrun for example_bash_operator to 2025-04-27 00:00:00+00:00, run_after=2025-04-28 00:00:00+00:00
[2025-04-28T17:37:44.351+0000] {processor.py:183} INFO - Processing /home/airflow/.local/lib/python3.8/site-packages/airflow/example_dags/example_bash_operator.py took 0.133 seconds
[2025-04-28T17:38:14.422+0000] {processor.py:161} INFO - Started process (PID=742) to work on /home/airflow/.local/lib/python3.8/site-packages/airflow/example_dags/example_bash_operator.py
[2025-04-28T17:38:14.427+0000] {processor.py:830} INFO - Processing file /home/airflow/.local/lib/python3.8/site-packages/airflow/example_dags/example_bash_operator.py for tasks to queue
[2025-04-28T17:38:14.432+0000] {logging_mixin.py:188} INFO - [2025-04-28T17:38:14.432+0000] {dagbag.py:538} INFO - Filling up the DagBag from /home/airflow/.local/lib/python3.8/site-packages/airflow/example_dags/example_bash_operator.py
[2025-04-28T17:38:14.443+0000] {processor.py:840} INFO - DAG(s) 'example_bash_operator' retrieved from /home/airflow/.local/lib/python3.8/site-packages/airflow/example_dags/example_bash_operator.py
[2025-04-28T17:38:14.470+0000] {logging_mixin.py:188} INFO - [2025-04-28T17:38:14.469+0000] {dag.py:3036} INFO - Sync 1 DAGs
[2025-04-28T17:38:14.488+0000] {logging_mixin.py:188} INFO - [2025-04-28T17:38:14.488+0000] {dag.py:3823} INFO - Setting next_dagrun for example_bash_operator to 2025-04-27 00:00:00+00:00, run_after=2025-04-28 00:00:00+00:00
[2025-04-28T17:38:14.504+0000] {processor.py:183} INFO - Processing /home/airflow/.local/lib/python3.8/site-packages/airflow/example_dags/example_bash_operator.py took 0.090 seconds
[2025-04-28T17:38:44.684+0000] {processor.py:161} INFO - Started process (PID=803) to work on /home/airflow/.local/lib/python3.8/site-packages/airflow/example_dags/example_bash_operator.py
[2025-04-28T17:38:44.687+0000] {processor.py:830} INFO - Processing file /home/airflow/.local/lib/python3.8/site-packages/airflow/example_dags/example_bash_operator.py for tasks to queue
[2025-04-28T17:38:44.691+0000] {logging_mixin.py:188} INFO - [2025-04-28T17:38:44.690+0000] {dagbag.py:538} INFO - Filling up the DagBag from /home/airflow/.local/lib/python3.8/site-packages/airflow/example_dags/example_bash_operator.py
[2025-04-28T17:38:44.721+0000] {processor.py:840} INFO - DAG(s) 'example_bash_operator' retrieved from /home/airflow/.local/lib/python3.8/site-packages/airflow/example_dags/example_bash_operator.py
[2025-04-28T17:38:44.793+0000] {logging_mixin.py:188} INFO - [2025-04-28T17:38:44.792+0000] {dag.py:3036} INFO - Sync 1 DAGs
[2025-04-28T17:38:44.828+0000] {logging_mixin.py:188} INFO - [2025-04-28T17:38:44.828+0000] {dag.py:3823} INFO - Setting next_dagrun for example_bash_operator to 2025-04-27 00:00:00+00:00, run_after=2025-04-28 00:00:00+00:00
[2025-04-28T17:38:44.849+0000] {processor.py:183} INFO - Processing /home/airflow/.local/lib/python3.8/site-packages/airflow/example_dags/example_bash_operator.py took 0.177 seconds
[2025-04-28T17:39:15.868+0000] {processor.py:161} INFO - Started process (PID=860) to work on /home/airflow/.local/lib/python3.8/site-packages/airflow/example_dags/example_bash_operator.py
[2025-04-28T17:39:15.870+0000] {processor.py:830} INFO - Processing file /home/airflow/.local/lib/python3.8/site-packages/airflow/example_dags/example_bash_operator.py for tasks to queue
[2025-04-28T17:39:15.874+0000] {logging_mixin.py:188} INFO - [2025-04-28T17:39:15.874+0000] {dagbag.py:538} INFO - Filling up the DagBag from /home/airflow/.local/lib/python3.8/site-packages/airflow/example_dags/example_bash_operator.py
[2025-04-28T17:39:15.897+0000] {processor.py:840} INFO - DAG(s) 'example_bash_operator' retrieved from /home/airflow/.local/lib/python3.8/site-packages/airflow/example_dags/example_bash_operator.py
[2025-04-28T17:39:15.921+0000] {logging_mixin.py:188} INFO - [2025-04-28T17:39:15.921+0000] {dag.py:3036} INFO - Sync 1 DAGs
[2025-04-28T17:39:15.943+0000] {logging_mixin.py:188} INFO - [2025-04-28T17:39:15.943+0000] {dag.py:3823} INFO - Setting next_dagrun for example_bash_operator to 2025-04-27 00:00:00+00:00, run_after=2025-04-28 00:00:00+00:00
[2025-04-28T17:39:15.956+0000] {processor.py:183} INFO - Processing /home/airflow/.local/lib/python3.8/site-packages/airflow/example_dags/example_bash_operator.py took 0.094 seconds
[2025-04-28T17:39:46.810+0000] {processor.py:161} INFO - Started process (PID=919) to work on /home/airflow/.local/lib/python3.8/site-packages/airflow/example_dags/example_bash_operator.py
[2025-04-28T17:39:46.815+0000] {processor.py:830} INFO - Processing file /home/airflow/.local/lib/python3.8/site-packages/airflow/example_dags/example_bash_operator.py for tasks to queue
[2025-04-28T17:39:46.821+0000] {logging_mixin.py:188} INFO - [2025-04-28T17:39:46.820+0000] {dagbag.py:538} INFO - Filling up the DagBag from /home/airflow/.local/lib/python3.8/site-packages/airflow/example_dags/example_bash_operator.py
[2025-04-28T17:39:46.840+0000] {processor.py:840} INFO - DAG(s) 'example_bash_operator' retrieved from /home/airflow/.local/lib/python3.8/site-packages/airflow/example_dags/example_bash_operator.py
[2025-04-28T17:39:46.889+0000] {logging_mixin.py:188} INFO - [2025-04-28T17:39:46.889+0000] {dag.py:3036} INFO - Sync 1 DAGs
[2025-04-28T17:39:46.920+0000] {logging_mixin.py:188} INFO - [2025-04-28T17:39:46.920+0000] {dag.py:3823} INFO - Setting next_dagrun for example_bash_operator to 2025-04-27 00:00:00+00:00, run_after=2025-04-28 00:00:00+00:00
[2025-04-28T17:39:46.950+0000] {processor.py:183} INFO - Processing /home/airflow/.local/lib/python3.8/site-packages/airflow/example_dags/example_bash_operator.py took 0.149 seconds
[2025-04-28T17:40:17.256+0000] {processor.py:161} INFO - Started process (PID=979) to work on /home/airflow/.local/lib/python3.8/site-packages/airflow/example_dags/example_bash_operator.py
[2025-04-28T17:40:17.261+0000] {processor.py:830} INFO - Processing file /home/airflow/.local/lib/python3.8/site-packages/airflow/example_dags/example_bash_operator.py for tasks to queue
[2025-04-28T17:40:17.265+0000] {logging_mixin.py:188} INFO - [2025-04-28T17:40:17.264+0000] {dagbag.py:538} INFO - Filling up the DagBag from /home/airflow/.local/lib/python3.8/site-packages/airflow/example_dags/example_bash_operator.py
[2025-04-28T17:40:17.287+0000] {processor.py:840} INFO - DAG(s) 'example_bash_operator' retrieved from /home/airflow/.local/lib/python3.8/site-packages/airflow/example_dags/example_bash_operator.py
[2025-04-28T17:40:17.326+0000] {logging_mixin.py:188} INFO - [2025-04-28T17:40:17.326+0000] {dag.py:3036} INFO - Sync 1 DAGs
[2025-04-28T17:40:17.351+0000] {logging_mixin.py:188} INFO - [2025-04-28T17:40:17.350+0000] {dag.py:3823} INFO - Setting next_dagrun for example_bash_operator to 2025-04-27 00:00:00+00:00, run_after=2025-04-28 00:00:00+00:00
[2025-04-28T17:40:17.366+0000] {processor.py:183} INFO - Processing /home/airflow/.local/lib/python3.8/site-packages/airflow/example_dags/example_bash_operator.py took 0.117 seconds
[2025-04-28T17:40:48.407+0000] {processor.py:161} INFO - Started process (PID=1038) to work on /home/airflow/.local/lib/python3.8/site-packages/airflow/example_dags/example_bash_operator.py
[2025-04-28T17:40:48.416+0000] {processor.py:830} INFO - Processing file /home/airflow/.local/lib/python3.8/site-packages/airflow/example_dags/example_bash_operator.py for tasks to queue
[2025-04-28T17:40:48.423+0000] {logging_mixin.py:188} INFO - [2025-04-28T17:40:48.422+0000] {dagbag.py:538} INFO - Filling up the DagBag from /home/airflow/.local/lib/python3.8/site-packages/airflow/example_dags/example_bash_operator.py
[2025-04-28T17:40:48.437+0000] {processor.py:840} INFO - DAG(s) 'example_bash_operator' retrieved from /home/airflow/.local/lib/python3.8/site-packages/airflow/example_dags/example_bash_operator.py
[2025-04-28T17:40:48.469+0000] {logging_mixin.py:188} INFO - [2025-04-28T17:40:48.469+0000] {dag.py:3036} INFO - Sync 1 DAGs
[2025-04-28T17:40:48.495+0000] {logging_mixin.py:188} INFO - [2025-04-28T17:40:48.495+0000] {dag.py:3823} INFO - Setting next_dagrun for example_bash_operator to 2025-04-27 00:00:00+00:00, run_after=2025-04-28 00:00:00+00:00
[2025-04-28T17:40:48.512+0000] {processor.py:183} INFO - Processing /home/airflow/.local/lib/python3.8/site-packages/airflow/example_dags/example_bash_operator.py took 0.111 seconds
[2025-04-28T17:41:18.686+0000] {processor.py:161} INFO - Started process (PID=1094) to work on /home/airflow/.local/lib/python3.8/site-packages/airflow/example_dags/example_bash_operator.py
[2025-04-28T17:41:18.690+0000] {processor.py:830} INFO - Processing file /home/airflow/.local/lib/python3.8/site-packages/airflow/example_dags/example_bash_operator.py for tasks to queue
[2025-04-28T17:41:18.697+0000] {logging_mixin.py:188} INFO - [2025-04-28T17:41:18.697+0000] {dagbag.py:538} INFO - Filling up the DagBag from /home/airflow/.local/lib/python3.8/site-packages/airflow/example_dags/example_bash_operator.py
[2025-04-28T17:41:18.720+0000] {processor.py:840} INFO - DAG(s) 'example_bash_operator' retrieved from /home/airflow/.local/lib/python3.8/site-packages/airflow/example_dags/example_bash_operator.py
[2025-04-28T17:41:18.756+0000] {logging_mixin.py:188} INFO - [2025-04-28T17:41:18.756+0000] {dag.py:3036} INFO - Sync 1 DAGs
[2025-04-28T17:41:18.778+0000] {logging_mixin.py:188} INFO - [2025-04-28T17:41:18.778+0000] {dag.py:3823} INFO - Setting next_dagrun for example_bash_operator to 2025-04-27 00:00:00+00:00, run_after=2025-04-28 00:00:00+00:00
[2025-04-28T17:41:18.798+0000] {processor.py:183} INFO - Processing /home/airflow/.local/lib/python3.8/site-packages/airflow/example_dags/example_bash_operator.py took 0.119 seconds
[2025-04-28T17:42:52.858+0000] {processor.py:161} INFO - Started process (PID=73) to work on /home/airflow/.local/lib/python3.8/site-packages/airflow/example_dags/example_bash_operator.py
[2025-04-28T17:42:52.863+0000] {processor.py:830} INFO - Processing file /home/airflow/.local/lib/python3.8/site-packages/airflow/example_dags/example_bash_operator.py for tasks to queue
[2025-04-28T17:42:52.871+0000] {logging_mixin.py:188} INFO - [2025-04-28T17:42:52.870+0000] {dagbag.py:538} INFO - Filling up the DagBag from /home/airflow/.local/lib/python3.8/site-packages/airflow/example_dags/example_bash_operator.py
[2025-04-28T17:42:52.936+0000] {processor.py:840} INFO - DAG(s) 'example_bash_operator' retrieved from /home/airflow/.local/lib/python3.8/site-packages/airflow/example_dags/example_bash_operator.py
[2025-04-28T17:42:52.966+0000] {logging_mixin.py:188} INFO - [2025-04-28T17:42:52.966+0000] {dag.py:3036} INFO - Sync 1 DAGs
[2025-04-28T17:42:53.039+0000] {logging_mixin.py:188} INFO - [2025-04-28T17:42:53.038+0000] {dag.py:3823} INFO - Setting next_dagrun for example_bash_operator to 2025-04-27 00:00:00+00:00, run_after=2025-04-28 00:00:00+00:00
[2025-04-28T17:42:53.078+0000] {processor.py:183} INFO - Processing /home/airflow/.local/lib/python3.8/site-packages/airflow/example_dags/example_bash_operator.py took 0.227 seconds
[2025-04-28T17:43:24.468+0000] {processor.py:161} INFO - Started process (PID=129) to work on /home/airflow/.local/lib/python3.8/site-packages/airflow/example_dags/example_bash_operator.py
[2025-04-28T17:43:24.472+0000] {processor.py:830} INFO - Processing file /home/airflow/.local/lib/python3.8/site-packages/airflow/example_dags/example_bash_operator.py for tasks to queue
[2025-04-28T17:43:24.474+0000] {logging_mixin.py:188} INFO - [2025-04-28T17:43:24.474+0000] {dagbag.py:538} INFO - Filling up the DagBag from /home/airflow/.local/lib/python3.8/site-packages/airflow/example_dags/example_bash_operator.py
[2025-04-28T17:43:24.481+0000] {processor.py:840} INFO - DAG(s) 'example_bash_operator' retrieved from /home/airflow/.local/lib/python3.8/site-packages/airflow/example_dags/example_bash_operator.py
[2025-04-28T17:43:24.588+0000] {logging_mixin.py:188} INFO - [2025-04-28T17:43:24.587+0000] {dag.py:3036} INFO - Sync 1 DAGs
[2025-04-28T17:43:24.637+0000] {logging_mixin.py:188} INFO - [2025-04-28T17:43:24.636+0000] {dag.py:3823} INFO - Setting next_dagrun for example_bash_operator to 2025-04-27 00:00:00+00:00, run_after=2025-04-28 00:00:00+00:00
[2025-04-28T17:43:24.655+0000] {processor.py:183} INFO - Processing /home/airflow/.local/lib/python3.8/site-packages/airflow/example_dags/example_bash_operator.py took 0.197 seconds
[2025-04-28T17:43:54.935+0000] {processor.py:161} INFO - Started process (PID=185) to work on /home/airflow/.local/lib/python3.8/site-packages/airflow/example_dags/example_bash_operator.py
[2025-04-28T17:43:54.940+0000] {processor.py:830} INFO - Processing file /home/airflow/.local/lib/python3.8/site-packages/airflow/example_dags/example_bash_operator.py for tasks to queue
[2025-04-28T17:43:54.942+0000] {logging_mixin.py:188} INFO - [2025-04-28T17:43:54.941+0000] {dagbag.py:538} INFO - Filling up the DagBag from /home/airflow/.local/lib/python3.8/site-packages/airflow/example_dags/example_bash_operator.py
[2025-04-28T17:43:54.951+0000] {processor.py:840} INFO - DAG(s) 'example_bash_operator' retrieved from /home/airflow/.local/lib/python3.8/site-packages/airflow/example_dags/example_bash_operator.py
[2025-04-28T17:43:54.983+0000] {logging_mixin.py:188} INFO - [2025-04-28T17:43:54.983+0000] {dag.py:3036} INFO - Sync 1 DAGs
[2025-04-28T17:43:54.998+0000] {logging_mixin.py:188} INFO - [2025-04-28T17:43:54.998+0000] {dag.py:3823} INFO - Setting next_dagrun for example_bash_operator to 2025-04-27 00:00:00+00:00, run_after=2025-04-28 00:00:00+00:00
[2025-04-28T17:43:55.016+0000] {processor.py:183} INFO - Processing /home/airflow/.local/lib/python3.8/site-packages/airflow/example_dags/example_bash_operator.py took 0.116 seconds
[2025-04-28T17:44:25.693+0000] {processor.py:161} INFO - Started process (PID=241) to work on /home/airflow/.local/lib/python3.8/site-packages/airflow/example_dags/example_bash_operator.py
[2025-04-28T17:44:25.696+0000] {processor.py:830} INFO - Processing file /home/airflow/.local/lib/python3.8/site-packages/airflow/example_dags/example_bash_operator.py for tasks to queue
[2025-04-28T17:44:25.697+0000] {logging_mixin.py:188} INFO - [2025-04-28T17:44:25.697+0000] {dagbag.py:538} INFO - Filling up the DagBag from /home/airflow/.local/lib/python3.8/site-packages/airflow/example_dags/example_bash_operator.py
[2025-04-28T17:44:25.703+0000] {processor.py:840} INFO - DAG(s) 'example_bash_operator' retrieved from /home/airflow/.local/lib/python3.8/site-packages/airflow/example_dags/example_bash_operator.py
[2025-04-28T17:44:25.721+0000] {logging_mixin.py:188} INFO - [2025-04-28T17:44:25.721+0000] {dag.py:3036} INFO - Sync 1 DAGs
[2025-04-28T17:44:25.735+0000] {logging_mixin.py:188} INFO - [2025-04-28T17:44:25.735+0000] {dag.py:3823} INFO - Setting next_dagrun for example_bash_operator to 2025-04-27 00:00:00+00:00, run_after=2025-04-28 00:00:00+00:00
[2025-04-28T17:44:25.753+0000] {processor.py:183} INFO - Processing /home/airflow/.local/lib/python3.8/site-packages/airflow/example_dags/example_bash_operator.py took 0.062 seconds
[2025-04-28T17:44:59.553+0000] {processor.py:161} INFO - Started process (PID=303) to work on /home/airflow/.local/lib/python3.8/site-packages/airflow/example_dags/example_bash_operator.py
[2025-04-28T17:44:59.555+0000] {processor.py:830} INFO - Processing file /home/airflow/.local/lib/python3.8/site-packages/airflow/example_dags/example_bash_operator.py for tasks to queue
[2025-04-28T17:44:59.558+0000] {logging_mixin.py:188} INFO - [2025-04-28T17:44:59.557+0000] {dagbag.py:538} INFO - Filling up the DagBag from /home/airflow/.local/lib/python3.8/site-packages/airflow/example_dags/example_bash_operator.py
[2025-04-28T17:44:59.588+0000] {processor.py:840} INFO - DAG(s) 'example_bash_operator' retrieved from /home/airflow/.local/lib/python3.8/site-packages/airflow/example_dags/example_bash_operator.py
[2025-04-28T17:44:59.642+0000] {logging_mixin.py:188} INFO - [2025-04-28T17:44:59.641+0000] {dag.py:3036} INFO - Sync 1 DAGs
[2025-04-28T17:44:59.698+0000] {logging_mixin.py:188} INFO - [2025-04-28T17:44:59.697+0000] {dag.py:3823} INFO - Setting next_dagrun for example_bash_operator to 2025-04-27 00:00:00+00:00, run_after=2025-04-28 00:00:00+00:00
[2025-04-28T17:44:59.727+0000] {processor.py:183} INFO - Processing /home/airflow/.local/lib/python3.8/site-packages/airflow/example_dags/example_bash_operator.py took 0.185 seconds
[2025-04-28T17:45:29.951+0000] {processor.py:161} INFO - Started process (PID=359) to work on /home/airflow/.local/lib/python3.8/site-packages/airflow/example_dags/example_bash_operator.py
[2025-04-28T17:45:29.955+0000] {processor.py:830} INFO - Processing file /home/airflow/.local/lib/python3.8/site-packages/airflow/example_dags/example_bash_operator.py for tasks to queue
[2025-04-28T17:45:29.957+0000] {logging_mixin.py:188} INFO - [2025-04-28T17:45:29.957+0000] {dagbag.py:538} INFO - Filling up the DagBag from /home/airflow/.local/lib/python3.8/site-packages/airflow/example_dags/example_bash_operator.py
[2025-04-28T17:45:29.967+0000] {processor.py:840} INFO - DAG(s) 'example_bash_operator' retrieved from /home/airflow/.local/lib/python3.8/site-packages/airflow/example_dags/example_bash_operator.py
[2025-04-28T17:45:30.011+0000] {logging_mixin.py:188} INFO - [2025-04-28T17:45:30.011+0000] {dag.py:3036} INFO - Sync 1 DAGs
[2025-04-28T17:45:30.039+0000] {logging_mixin.py:188} INFO - [2025-04-28T17:45:30.039+0000] {dag.py:3823} INFO - Setting next_dagrun for example_bash_operator to 2025-04-27 00:00:00+00:00, run_after=2025-04-28 00:00:00+00:00
[2025-04-28T17:45:30.057+0000] {processor.py:183} INFO - Processing /home/airflow/.local/lib/python3.8/site-packages/airflow/example_dags/example_bash_operator.py took 0.115 seconds
[2025-04-28T17:46:00.327+0000] {processor.py:161} INFO - Started process (PID=415) to work on /home/airflow/.local/lib/python3.8/site-packages/airflow/example_dags/example_bash_operator.py
[2025-04-28T17:46:00.329+0000] {processor.py:830} INFO - Processing file /home/airflow/.local/lib/python3.8/site-packages/airflow/example_dags/example_bash_operator.py for tasks to queue
[2025-04-28T17:46:00.330+0000] {logging_mixin.py:188} INFO - [2025-04-28T17:46:00.330+0000] {dagbag.py:538} INFO - Filling up the DagBag from /home/airflow/.local/lib/python3.8/site-packages/airflow/example_dags/example_bash_operator.py
[2025-04-28T17:46:00.338+0000] {processor.py:840} INFO - DAG(s) 'example_bash_operator' retrieved from /home/airflow/.local/lib/python3.8/site-packages/airflow/example_dags/example_bash_operator.py
[2025-04-28T17:46:00.360+0000] {logging_mixin.py:188} INFO - [2025-04-28T17:46:00.360+0000] {dag.py:3036} INFO - Sync 1 DAGs
[2025-04-28T17:46:00.377+0000] {logging_mixin.py:188} INFO - [2025-04-28T17:46:00.376+0000] {dag.py:3823} INFO - Setting next_dagrun for example_bash_operator to 2025-04-27 00:00:00+00:00, run_after=2025-04-28 00:00:00+00:00
[2025-04-28T17:46:00.403+0000] {processor.py:183} INFO - Processing /home/airflow/.local/lib/python3.8/site-packages/airflow/example_dags/example_bash_operator.py took 0.080 seconds
[2025-04-28T17:46:30.464+0000] {processor.py:161} INFO - Started process (PID=471) to work on /home/airflow/.local/lib/python3.8/site-packages/airflow/example_dags/example_bash_operator.py
[2025-04-28T17:46:30.467+0000] {processor.py:830} INFO - Processing file /home/airflow/.local/lib/python3.8/site-packages/airflow/example_dags/example_bash_operator.py for tasks to queue
[2025-04-28T17:46:30.468+0000] {logging_mixin.py:188} INFO - [2025-04-28T17:46:30.468+0000] {dagbag.py:538} INFO - Filling up the DagBag from /home/airflow/.local/lib/python3.8/site-packages/airflow/example_dags/example_bash_operator.py
[2025-04-28T17:46:30.479+0000] {processor.py:840} INFO - DAG(s) 'example_bash_operator' retrieved from /home/airflow/.local/lib/python3.8/site-packages/airflow/example_dags/example_bash_operator.py
[2025-04-28T17:46:30.501+0000] {logging_mixin.py:188} INFO - [2025-04-28T17:46:30.501+0000] {dag.py:3036} INFO - Sync 1 DAGs
[2025-04-28T17:46:30.517+0000] {logging_mixin.py:188} INFO - [2025-04-28T17:46:30.517+0000] {dag.py:3823} INFO - Setting next_dagrun for example_bash_operator to 2025-04-27 00:00:00+00:00, run_after=2025-04-28 00:00:00+00:00
[2025-04-28T17:46:30.539+0000] {processor.py:183} INFO - Processing /home/airflow/.local/lib/python3.8/site-packages/airflow/example_dags/example_bash_operator.py took 0.079 seconds
