[2025-04-28T17:32:04.607+0000] {processor.py:161} INFO - Started process (PID=49) to work on /home/airflow/.local/lib/python3.8/site-packages/airflow/example_dags/example_python_operator.py
[2025-04-28T17:32:04.609+0000] {processor.py:830} INFO - Processing file /home/airflow/.local/lib/python3.8/site-packages/airflow/example_dags/example_python_operator.py for tasks to queue
[2025-04-28T17:32:04.614+0000] {logging_mixin.py:188} INFO - [2025-04-28T17:32:04.613+0000] {dagbag.py:538} INFO - Filling up the DagBag from /home/airflow/.local/lib/python3.8/site-packages/airflow/example_dags/example_python_operator.py
[2025-04-28T17:32:04.656+0000] {processor.py:840} INFO - DAG(s) 'example_python_operator' retrieved from /home/airflow/.local/lib/python3.8/site-packages/airflow/example_dags/example_python_operator.py
[2025-04-28T17:32:04.828+0000] {logging_mixin.py:188} INFO - [2025-04-28T17:32:04.828+0000] {dag.py:3036} INFO - Sync 1 DAGs
[2025-04-28T17:32:04.877+0000] {logging_mixin.py:188} INFO - [2025-04-28T17:32:04.876+0000] {dag.py:3823} INFO - Setting next_dagrun for example_python_operator to None, run_after=None
[2025-04-28T17:32:04.956+0000] {processor.py:183} INFO - Processing /home/airflow/.local/lib/python3.8/site-packages/airflow/example_dags/example_python_operator.py took 0.358 seconds
[2025-04-28T17:32:35.914+0000] {processor.py:161} INFO - Started process (PID=109) to work on /home/airflow/.local/lib/python3.8/site-packages/airflow/example_dags/example_python_operator.py
[2025-04-28T17:32:35.917+0000] {processor.py:830} INFO - Processing file /home/airflow/.local/lib/python3.8/site-packages/airflow/example_dags/example_python_operator.py for tasks to queue
[2025-04-28T17:32:35.919+0000] {logging_mixin.py:188} INFO - [2025-04-28T17:32:35.918+0000] {dagbag.py:538} INFO - Filling up the DagBag from /home/airflow/.local/lib/python3.8/site-packages/airflow/example_dags/example_python_operator.py
[2025-04-28T17:32:35.929+0000] {processor.py:840} INFO - DAG(s) 'example_python_operator' retrieved from /home/airflow/.local/lib/python3.8/site-packages/airflow/example_dags/example_python_operator.py
[2025-04-28T17:32:35.999+0000] {logging_mixin.py:188} INFO - [2025-04-28T17:32:35.998+0000] {dag.py:3036} INFO - Sync 1 DAGs
[2025-04-28T17:32:36.005+0000] {logging_mixin.py:188} INFO - [2025-04-28T17:32:36.005+0000] {dag.py:3823} INFO - Setting next_dagrun for example_python_operator to None, run_after=None
[2025-04-28T17:32:36.018+0000] {processor.py:183} INFO - Processing /home/airflow/.local/lib/python3.8/site-packages/airflow/example_dags/example_python_operator.py took 0.110 seconds
[2025-04-28T17:33:06.880+0000] {processor.py:161} INFO - Started process (PID=164) to work on /home/airflow/.local/lib/python3.8/site-packages/airflow/example_dags/example_python_operator.py
[2025-04-28T17:33:06.883+0000] {processor.py:830} INFO - Processing file /home/airflow/.local/lib/python3.8/site-packages/airflow/example_dags/example_python_operator.py for tasks to queue
[2025-04-28T17:33:06.886+0000] {logging_mixin.py:188} INFO - [2025-04-28T17:33:06.885+0000] {dagbag.py:538} INFO - Filling up the DagBag from /home/airflow/.local/lib/python3.8/site-packages/airflow/example_dags/example_python_operator.py
[2025-04-28T17:33:06.899+0000] {processor.py:840} INFO - DAG(s) 'example_python_operator' retrieved from /home/airflow/.local/lib/python3.8/site-packages/airflow/example_dags/example_python_operator.py
[2025-04-28T17:33:06.930+0000] {logging_mixin.py:188} INFO - [2025-04-28T17:33:06.930+0000] {dag.py:3036} INFO - Sync 1 DAGs
[2025-04-28T17:33:06.939+0000] {logging_mixin.py:188} INFO - [2025-04-28T17:33:06.939+0000] {dag.py:3823} INFO - Setting next_dagrun for example_python_operator to None, run_after=None
[2025-04-28T17:33:06.955+0000] {processor.py:183} INFO - Processing /home/airflow/.local/lib/python3.8/site-packages/airflow/example_dags/example_python_operator.py took 0.084 seconds
[2025-04-28T17:33:37.626+0000] {processor.py:161} INFO - Started process (PID=219) to work on /home/airflow/.local/lib/python3.8/site-packages/airflow/example_dags/example_python_operator.py
[2025-04-28T17:33:37.628+0000] {processor.py:830} INFO - Processing file /home/airflow/.local/lib/python3.8/site-packages/airflow/example_dags/example_python_operator.py for tasks to queue
[2025-04-28T17:33:37.637+0000] {logging_mixin.py:188} INFO - [2025-04-28T17:33:37.637+0000] {dagbag.py:538} INFO - Filling up the DagBag from /home/airflow/.local/lib/python3.8/site-packages/airflow/example_dags/example_python_operator.py
[2025-04-28T17:33:37.680+0000] {processor.py:840} INFO - DAG(s) 'example_python_operator' retrieved from /home/airflow/.local/lib/python3.8/site-packages/airflow/example_dags/example_python_operator.py
[2025-04-28T17:33:37.728+0000] {logging_mixin.py:188} INFO - [2025-04-28T17:33:37.728+0000] {dag.py:3036} INFO - Sync 1 DAGs
[2025-04-28T17:33:37.747+0000] {logging_mixin.py:188} INFO - [2025-04-28T17:33:37.746+0000] {dag.py:3823} INFO - Setting next_dagrun for example_python_operator to None, run_after=None
[2025-04-28T17:33:37.767+0000] {processor.py:183} INFO - Processing /home/airflow/.local/lib/python3.8/site-packages/airflow/example_dags/example_python_operator.py took 0.151 seconds
[2025-04-28T17:34:08.205+0000] {processor.py:161} INFO - Started process (PID=274) to work on /home/airflow/.local/lib/python3.8/site-packages/airflow/example_dags/example_python_operator.py
[2025-04-28T17:34:08.211+0000] {processor.py:830} INFO - Processing file /home/airflow/.local/lib/python3.8/site-packages/airflow/example_dags/example_python_operator.py for tasks to queue
[2025-04-28T17:34:08.219+0000] {logging_mixin.py:188} INFO - [2025-04-28T17:34:08.218+0000] {dagbag.py:538} INFO - Filling up the DagBag from /home/airflow/.local/lib/python3.8/site-packages/airflow/example_dags/example_python_operator.py
[2025-04-28T17:34:08.259+0000] {processor.py:840} INFO - DAG(s) 'example_python_operator' retrieved from /home/airflow/.local/lib/python3.8/site-packages/airflow/example_dags/example_python_operator.py
[2025-04-28T17:34:08.307+0000] {logging_mixin.py:188} INFO - [2025-04-28T17:34:08.307+0000] {dag.py:3036} INFO - Sync 1 DAGs
[2025-04-28T17:34:08.324+0000] {logging_mixin.py:188} INFO - [2025-04-28T17:34:08.324+0000] {dag.py:3823} INFO - Setting next_dagrun for example_python_operator to None, run_after=None
[2025-04-28T17:34:08.356+0000] {processor.py:183} INFO - Processing /home/airflow/.local/lib/python3.8/site-packages/airflow/example_dags/example_python_operator.py took 0.168 seconds
[2025-04-28T17:34:38.477+0000] {processor.py:161} INFO - Started process (PID=329) to work on /home/airflow/.local/lib/python3.8/site-packages/airflow/example_dags/example_python_operator.py
[2025-04-28T17:34:38.480+0000] {processor.py:830} INFO - Processing file /home/airflow/.local/lib/python3.8/site-packages/airflow/example_dags/example_python_operator.py for tasks to queue
[2025-04-28T17:34:38.483+0000] {logging_mixin.py:188} INFO - [2025-04-28T17:34:38.482+0000] {dagbag.py:538} INFO - Filling up the DagBag from /home/airflow/.local/lib/python3.8/site-packages/airflow/example_dags/example_python_operator.py
[2025-04-28T17:34:38.494+0000] {processor.py:840} INFO - DAG(s) 'example_python_operator' retrieved from /home/airflow/.local/lib/python3.8/site-packages/airflow/example_dags/example_python_operator.py
[2025-04-28T17:34:38.534+0000] {logging_mixin.py:188} INFO - [2025-04-28T17:34:38.534+0000] {dag.py:3036} INFO - Sync 1 DAGs
[2025-04-28T17:34:38.542+0000] {logging_mixin.py:188} INFO - [2025-04-28T17:34:38.542+0000] {dag.py:3823} INFO - Setting next_dagrun for example_python_operator to None, run_after=None
[2025-04-28T17:34:38.557+0000] {processor.py:183} INFO - Processing /home/airflow/.local/lib/python3.8/site-packages/airflow/example_dags/example_python_operator.py took 0.088 seconds
[2025-04-28T17:35:09.013+0000] {processor.py:161} INFO - Started process (PID=384) to work on /home/airflow/.local/lib/python3.8/site-packages/airflow/example_dags/example_python_operator.py
[2025-04-28T17:35:09.015+0000] {processor.py:830} INFO - Processing file /home/airflow/.local/lib/python3.8/site-packages/airflow/example_dags/example_python_operator.py for tasks to queue
[2025-04-28T17:35:09.018+0000] {logging_mixin.py:188} INFO - [2025-04-28T17:35:09.018+0000] {dagbag.py:538} INFO - Filling up the DagBag from /home/airflow/.local/lib/python3.8/site-packages/airflow/example_dags/example_python_operator.py
[2025-04-28T17:35:09.036+0000] {processor.py:840} INFO - DAG(s) 'example_python_operator' retrieved from /home/airflow/.local/lib/python3.8/site-packages/airflow/example_dags/example_python_operator.py
[2025-04-28T17:35:09.066+0000] {logging_mixin.py:188} INFO - [2025-04-28T17:35:09.066+0000] {dag.py:3036} INFO - Sync 1 DAGs
[2025-04-28T17:35:09.074+0000] {logging_mixin.py:188} INFO - [2025-04-28T17:35:09.074+0000] {dag.py:3823} INFO - Setting next_dagrun for example_python_operator to None, run_after=None
[2025-04-28T17:35:09.092+0000] {processor.py:183} INFO - Processing /home/airflow/.local/lib/python3.8/site-packages/airflow/example_dags/example_python_operator.py took 0.083 seconds
[2025-04-28T17:35:39.531+0000] {processor.py:161} INFO - Started process (PID=439) to work on /home/airflow/.local/lib/python3.8/site-packages/airflow/example_dags/example_python_operator.py
[2025-04-28T17:35:39.533+0000] {processor.py:830} INFO - Processing file /home/airflow/.local/lib/python3.8/site-packages/airflow/example_dags/example_python_operator.py for tasks to queue
[2025-04-28T17:35:39.535+0000] {logging_mixin.py:188} INFO - [2025-04-28T17:35:39.534+0000] {dagbag.py:538} INFO - Filling up the DagBag from /home/airflow/.local/lib/python3.8/site-packages/airflow/example_dags/example_python_operator.py
[2025-04-28T17:35:39.546+0000] {processor.py:840} INFO - DAG(s) 'example_python_operator' retrieved from /home/airflow/.local/lib/python3.8/site-packages/airflow/example_dags/example_python_operator.py
[2025-04-28T17:35:39.579+0000] {logging_mixin.py:188} INFO - [2025-04-28T17:35:39.579+0000] {dag.py:3036} INFO - Sync 1 DAGs
[2025-04-28T17:35:39.592+0000] {logging_mixin.py:188} INFO - [2025-04-28T17:35:39.592+0000] {dag.py:3823} INFO - Setting next_dagrun for example_python_operator to None, run_after=None
[2025-04-28T17:35:39.614+0000] {processor.py:183} INFO - Processing /home/airflow/.local/lib/python3.8/site-packages/airflow/example_dags/example_python_operator.py took 0.088 seconds
[2025-04-28T17:36:10.421+0000] {processor.py:161} INFO - Started process (PID=494) to work on /home/airflow/.local/lib/python3.8/site-packages/airflow/example_dags/example_python_operator.py
[2025-04-28T17:36:10.425+0000] {processor.py:830} INFO - Processing file /home/airflow/.local/lib/python3.8/site-packages/airflow/example_dags/example_python_operator.py for tasks to queue
[2025-04-28T17:36:10.438+0000] {logging_mixin.py:188} INFO - [2025-04-28T17:36:10.437+0000] {dagbag.py:538} INFO - Filling up the DagBag from /home/airflow/.local/lib/python3.8/site-packages/airflow/example_dags/example_python_operator.py
[2025-04-28T17:36:10.462+0000] {processor.py:840} INFO - DAG(s) 'example_python_operator' retrieved from /home/airflow/.local/lib/python3.8/site-packages/airflow/example_dags/example_python_operator.py
[2025-04-28T17:36:10.507+0000] {logging_mixin.py:188} INFO - [2025-04-28T17:36:10.507+0000] {dag.py:3036} INFO - Sync 1 DAGs
[2025-04-28T17:36:10.519+0000] {logging_mixin.py:188} INFO - [2025-04-28T17:36:10.519+0000] {dag.py:3823} INFO - Setting next_dagrun for example_python_operator to None, run_after=None
[2025-04-28T17:36:10.539+0000] {processor.py:183} INFO - Processing /home/airflow/.local/lib/python3.8/site-packages/airflow/example_dags/example_python_operator.py took 0.131 seconds
[2025-04-28T17:36:40.641+0000] {processor.py:161} INFO - Started process (PID=549) to work on /home/airflow/.local/lib/python3.8/site-packages/airflow/example_dags/example_python_operator.py
[2025-04-28T17:36:40.646+0000] {processor.py:830} INFO - Processing file /home/airflow/.local/lib/python3.8/site-packages/airflow/example_dags/example_python_operator.py for tasks to queue
[2025-04-28T17:36:40.648+0000] {logging_mixin.py:188} INFO - [2025-04-28T17:36:40.648+0000] {dagbag.py:538} INFO - Filling up the DagBag from /home/airflow/.local/lib/python3.8/site-packages/airflow/example_dags/example_python_operator.py
[2025-04-28T17:36:40.670+0000] {processor.py:840} INFO - DAG(s) 'example_python_operator' retrieved from /home/airflow/.local/lib/python3.8/site-packages/airflow/example_dags/example_python_operator.py
[2025-04-28T17:36:40.715+0000] {logging_mixin.py:188} INFO - [2025-04-28T17:36:40.714+0000] {dag.py:3036} INFO - Sync 1 DAGs
[2025-04-28T17:36:40.732+0000] {logging_mixin.py:188} INFO - [2025-04-28T17:36:40.732+0000] {dag.py:3823} INFO - Setting next_dagrun for example_python_operator to None, run_after=None
[2025-04-28T17:36:40.827+0000] {processor.py:183} INFO - Processing /home/airflow/.local/lib/python3.8/site-packages/airflow/example_dags/example_python_operator.py took 0.191 seconds
[2025-04-28T17:37:10.944+0000] {processor.py:161} INFO - Started process (PID=609) to work on /home/airflow/.local/lib/python3.8/site-packages/airflow/example_dags/example_python_operator.py
[2025-04-28T17:37:10.947+0000] {processor.py:830} INFO - Processing file /home/airflow/.local/lib/python3.8/site-packages/airflow/example_dags/example_python_operator.py for tasks to queue
[2025-04-28T17:37:10.958+0000] {logging_mixin.py:188} INFO - [2025-04-28T17:37:10.956+0000] {dagbag.py:538} INFO - Filling up the DagBag from /home/airflow/.local/lib/python3.8/site-packages/airflow/example_dags/example_python_operator.py
[2025-04-28T17:37:10.993+0000] {processor.py:840} INFO - DAG(s) 'example_python_operator' retrieved from /home/airflow/.local/lib/python3.8/site-packages/airflow/example_dags/example_python_operator.py
[2025-04-28T17:37:11.183+0000] {logging_mixin.py:188} INFO - [2025-04-28T17:37:11.182+0000] {dag.py:3036} INFO - Sync 1 DAGs
[2025-04-28T17:37:11.199+0000] {logging_mixin.py:188} INFO - [2025-04-28T17:37:11.199+0000] {dag.py:3823} INFO - Setting next_dagrun for example_python_operator to None, run_after=None
[2025-04-28T17:37:11.235+0000] {processor.py:183} INFO - Processing /home/airflow/.local/lib/python3.8/site-packages/airflow/example_dags/example_python_operator.py took 0.298 seconds
[2025-04-28T17:37:42.244+0000] {processor.py:161} INFO - Started process (PID=671) to work on /home/airflow/.local/lib/python3.8/site-packages/airflow/example_dags/example_python_operator.py
[2025-04-28T17:37:42.252+0000] {processor.py:830} INFO - Processing file /home/airflow/.local/lib/python3.8/site-packages/airflow/example_dags/example_python_operator.py for tasks to queue
[2025-04-28T17:37:42.258+0000] {logging_mixin.py:188} INFO - [2025-04-28T17:37:42.257+0000] {dagbag.py:538} INFO - Filling up the DagBag from /home/airflow/.local/lib/python3.8/site-packages/airflow/example_dags/example_python_operator.py
[2025-04-28T17:37:42.311+0000] {processor.py:840} INFO - DAG(s) 'example_python_operator' retrieved from /home/airflow/.local/lib/python3.8/site-packages/airflow/example_dags/example_python_operator.py
[2025-04-28T17:37:42.679+0000] {logging_mixin.py:188} INFO - [2025-04-28T17:37:42.669+0000] {dag.py:3036} INFO - Sync 1 DAGs
[2025-04-28T17:37:42.725+0000] {logging_mixin.py:188} INFO - [2025-04-28T17:37:42.725+0000] {dag.py:3823} INFO - Setting next_dagrun for example_python_operator to None, run_after=None
[2025-04-28T17:37:42.752+0000] {processor.py:183} INFO - Processing /home/airflow/.local/lib/python3.8/site-packages/airflow/example_dags/example_python_operator.py took 0.522 seconds
[2025-04-28T17:38:12.841+0000] {processor.py:161} INFO - Started process (PID=732) to work on /home/airflow/.local/lib/python3.8/site-packages/airflow/example_dags/example_python_operator.py
[2025-04-28T17:38:12.844+0000] {processor.py:830} INFO - Processing file /home/airflow/.local/lib/python3.8/site-packages/airflow/example_dags/example_python_operator.py for tasks to queue
[2025-04-28T17:38:12.847+0000] {logging_mixin.py:188} INFO - [2025-04-28T17:38:12.846+0000] {dagbag.py:538} INFO - Filling up the DagBag from /home/airflow/.local/lib/python3.8/site-packages/airflow/example_dags/example_python_operator.py
[2025-04-28T17:38:12.859+0000] {processor.py:840} INFO - DAG(s) 'example_python_operator' retrieved from /home/airflow/.local/lib/python3.8/site-packages/airflow/example_dags/example_python_operator.py
[2025-04-28T17:38:12.879+0000] {logging_mixin.py:188} INFO - [2025-04-28T17:38:12.879+0000] {dag.py:3036} INFO - Sync 1 DAGs
[2025-04-28T17:38:12.889+0000] {logging_mixin.py:188} INFO - [2025-04-28T17:38:12.889+0000] {dag.py:3823} INFO - Setting next_dagrun for example_python_operator to None, run_after=None
[2025-04-28T17:38:12.907+0000] {processor.py:183} INFO - Processing /home/airflow/.local/lib/python3.8/site-packages/airflow/example_dags/example_python_operator.py took 0.074 seconds
[2025-04-28T17:38:43.104+0000] {processor.py:161} INFO - Started process (PID=793) to work on /home/airflow/.local/lib/python3.8/site-packages/airflow/example_dags/example_python_operator.py
[2025-04-28T17:38:43.119+0000] {processor.py:830} INFO - Processing file /home/airflow/.local/lib/python3.8/site-packages/airflow/example_dags/example_python_operator.py for tasks to queue
[2025-04-28T17:38:43.125+0000] {logging_mixin.py:188} INFO - [2025-04-28T17:38:43.124+0000] {dagbag.py:538} INFO - Filling up the DagBag from /home/airflow/.local/lib/python3.8/site-packages/airflow/example_dags/example_python_operator.py
[2025-04-28T17:38:43.160+0000] {processor.py:840} INFO - DAG(s) 'example_python_operator' retrieved from /home/airflow/.local/lib/python3.8/site-packages/airflow/example_dags/example_python_operator.py
[2025-04-28T17:38:43.205+0000] {logging_mixin.py:188} INFO - [2025-04-28T17:38:43.205+0000] {dag.py:3036} INFO - Sync 1 DAGs
[2025-04-28T17:38:43.219+0000] {logging_mixin.py:188} INFO - [2025-04-28T17:38:43.219+0000] {dag.py:3823} INFO - Setting next_dagrun for example_python_operator to None, run_after=None
[2025-04-28T17:38:43.241+0000] {processor.py:183} INFO - Processing /home/airflow/.local/lib/python3.8/site-packages/airflow/example_dags/example_python_operator.py took 0.155 seconds
[2025-04-28T17:39:13.313+0000] {processor.py:161} INFO - Started process (PID=850) to work on /home/airflow/.local/lib/python3.8/site-packages/airflow/example_dags/example_python_operator.py
[2025-04-28T17:39:13.315+0000] {processor.py:830} INFO - Processing file /home/airflow/.local/lib/python3.8/site-packages/airflow/example_dags/example_python_operator.py for tasks to queue
[2025-04-28T17:39:13.316+0000] {logging_mixin.py:188} INFO - [2025-04-28T17:39:13.316+0000] {dagbag.py:538} INFO - Filling up the DagBag from /home/airflow/.local/lib/python3.8/site-packages/airflow/example_dags/example_python_operator.py
[2025-04-28T17:39:13.322+0000] {processor.py:840} INFO - DAG(s) 'example_python_operator' retrieved from /home/airflow/.local/lib/python3.8/site-packages/airflow/example_dags/example_python_operator.py
[2025-04-28T17:39:13.343+0000] {logging_mixin.py:188} INFO - [2025-04-28T17:39:13.343+0000] {dag.py:3036} INFO - Sync 1 DAGs
[2025-04-28T17:39:13.352+0000] {logging_mixin.py:188} INFO - [2025-04-28T17:39:13.352+0000] {dag.py:3823} INFO - Setting next_dagrun for example_python_operator to None, run_after=None
[2025-04-28T17:39:13.373+0000] {processor.py:183} INFO - Processing /home/airflow/.local/lib/python3.8/site-packages/airflow/example_dags/example_python_operator.py took 0.062 seconds
[2025-04-28T17:39:44.060+0000] {processor.py:161} INFO - Started process (PID=908) to work on /home/airflow/.local/lib/python3.8/site-packages/airflow/example_dags/example_python_operator.py
[2025-04-28T17:39:44.063+0000] {processor.py:830} INFO - Processing file /home/airflow/.local/lib/python3.8/site-packages/airflow/example_dags/example_python_operator.py for tasks to queue
[2025-04-28T17:39:44.069+0000] {logging_mixin.py:188} INFO - [2025-04-28T17:39:44.068+0000] {dagbag.py:538} INFO - Filling up the DagBag from /home/airflow/.local/lib/python3.8/site-packages/airflow/example_dags/example_python_operator.py
[2025-04-28T17:39:44.095+0000] {processor.py:840} INFO - DAG(s) 'example_python_operator' retrieved from /home/airflow/.local/lib/python3.8/site-packages/airflow/example_dags/example_python_operator.py
[2025-04-28T17:39:44.143+0000] {logging_mixin.py:188} INFO - [2025-04-28T17:39:44.143+0000] {dag.py:3036} INFO - Sync 1 DAGs
[2025-04-28T17:39:44.157+0000] {logging_mixin.py:188} INFO - [2025-04-28T17:39:44.157+0000] {dag.py:3823} INFO - Setting next_dagrun for example_python_operator to None, run_after=None
[2025-04-28T17:39:44.182+0000] {processor.py:183} INFO - Processing /home/airflow/.local/lib/python3.8/site-packages/airflow/example_dags/example_python_operator.py took 0.127 seconds
[2025-04-28T17:40:14.560+0000] {processor.py:161} INFO - Started process (PID=968) to work on /home/airflow/.local/lib/python3.8/site-packages/airflow/example_dags/example_python_operator.py
[2025-04-28T17:40:14.564+0000] {processor.py:830} INFO - Processing file /home/airflow/.local/lib/python3.8/site-packages/airflow/example_dags/example_python_operator.py for tasks to queue
[2025-04-28T17:40:14.569+0000] {logging_mixin.py:188} INFO - [2025-04-28T17:40:14.568+0000] {dagbag.py:538} INFO - Filling up the DagBag from /home/airflow/.local/lib/python3.8/site-packages/airflow/example_dags/example_python_operator.py
[2025-04-28T17:40:14.596+0000] {processor.py:840} INFO - DAG(s) 'example_python_operator' retrieved from /home/airflow/.local/lib/python3.8/site-packages/airflow/example_dags/example_python_operator.py
[2025-04-28T17:40:14.636+0000] {logging_mixin.py:188} INFO - [2025-04-28T17:40:14.635+0000] {dag.py:3036} INFO - Sync 1 DAGs
[2025-04-28T17:40:14.658+0000] {logging_mixin.py:188} INFO - [2025-04-28T17:40:14.657+0000] {dag.py:3823} INFO - Setting next_dagrun for example_python_operator to None, run_after=None
[2025-04-28T17:40:14.689+0000] {processor.py:183} INFO - Processing /home/airflow/.local/lib/python3.8/site-packages/airflow/example_dags/example_python_operator.py took 0.135 seconds
[2025-04-28T17:40:44.742+0000] {processor.py:161} INFO - Started process (PID=1027) to work on /home/airflow/.local/lib/python3.8/site-packages/airflow/example_dags/example_python_operator.py
[2025-04-28T17:40:44.745+0000] {processor.py:830} INFO - Processing file /home/airflow/.local/lib/python3.8/site-packages/airflow/example_dags/example_python_operator.py for tasks to queue
[2025-04-28T17:40:44.748+0000] {logging_mixin.py:188} INFO - [2025-04-28T17:40:44.747+0000] {dagbag.py:538} INFO - Filling up the DagBag from /home/airflow/.local/lib/python3.8/site-packages/airflow/example_dags/example_python_operator.py
[2025-04-28T17:40:44.772+0000] {processor.py:840} INFO - DAG(s) 'example_python_operator' retrieved from /home/airflow/.local/lib/python3.8/site-packages/airflow/example_dags/example_python_operator.py
[2025-04-28T17:40:44.825+0000] {logging_mixin.py:188} INFO - [2025-04-28T17:40:44.824+0000] {dag.py:3036} INFO - Sync 1 DAGs
[2025-04-28T17:40:44.834+0000] {logging_mixin.py:188} INFO - [2025-04-28T17:40:44.834+0000] {dag.py:3823} INFO - Setting next_dagrun for example_python_operator to None, run_after=None
[2025-04-28T17:40:44.845+0000] {processor.py:183} INFO - Processing /home/airflow/.local/lib/python3.8/site-packages/airflow/example_dags/example_python_operator.py took 0.112 seconds
[2025-04-28T17:41:15.122+0000] {processor.py:161} INFO - Started process (PID=1084) to work on /home/airflow/.local/lib/python3.8/site-packages/airflow/example_dags/example_python_operator.py
[2025-04-28T17:41:15.126+0000] {processor.py:830} INFO - Processing file /home/airflow/.local/lib/python3.8/site-packages/airflow/example_dags/example_python_operator.py for tasks to queue
[2025-04-28T17:41:15.129+0000] {logging_mixin.py:188} INFO - [2025-04-28T17:41:15.129+0000] {dagbag.py:538} INFO - Filling up the DagBag from /home/airflow/.local/lib/python3.8/site-packages/airflow/example_dags/example_python_operator.py
[2025-04-28T17:41:15.153+0000] {processor.py:840} INFO - DAG(s) 'example_python_operator' retrieved from /home/airflow/.local/lib/python3.8/site-packages/airflow/example_dags/example_python_operator.py
[2025-04-28T17:41:15.195+0000] {logging_mixin.py:188} INFO - [2025-04-28T17:41:15.195+0000] {dag.py:3036} INFO - Sync 1 DAGs
[2025-04-28T17:41:15.208+0000] {logging_mixin.py:188} INFO - [2025-04-28T17:41:15.208+0000] {dag.py:3823} INFO - Setting next_dagrun for example_python_operator to None, run_after=None
[2025-04-28T17:41:15.232+0000] {processor.py:183} INFO - Processing /home/airflow/.local/lib/python3.8/site-packages/airflow/example_dags/example_python_operator.py took 0.114 seconds
[2025-04-28T17:42:51.437+0000] {processor.py:161} INFO - Started process (PID=63) to work on /home/airflow/.local/lib/python3.8/site-packages/airflow/example_dags/example_python_operator.py
[2025-04-28T17:42:51.440+0000] {processor.py:830} INFO - Processing file /home/airflow/.local/lib/python3.8/site-packages/airflow/example_dags/example_python_operator.py for tasks to queue
[2025-04-28T17:42:51.446+0000] {logging_mixin.py:188} INFO - [2025-04-28T17:42:51.445+0000] {dagbag.py:538} INFO - Filling up the DagBag from /home/airflow/.local/lib/python3.8/site-packages/airflow/example_dags/example_python_operator.py
[2025-04-28T17:42:51.492+0000] {processor.py:840} INFO - DAG(s) 'example_python_operator' retrieved from /home/airflow/.local/lib/python3.8/site-packages/airflow/example_dags/example_python_operator.py
[2025-04-28T17:42:51.547+0000] {logging_mixin.py:188} INFO - [2025-04-28T17:42:51.546+0000] {dag.py:3036} INFO - Sync 1 DAGs
[2025-04-28T17:42:51.594+0000] {logging_mixin.py:188} INFO - [2025-04-28T17:42:51.593+0000] {dag.py:3823} INFO - Setting next_dagrun for example_python_operator to None, run_after=None
[2025-04-28T17:42:51.624+0000] {processor.py:183} INFO - Processing /home/airflow/.local/lib/python3.8/site-packages/airflow/example_dags/example_python_operator.py took 0.191 seconds
[2025-04-28T17:43:22.597+0000] {processor.py:161} INFO - Started process (PID=119) to work on /home/airflow/.local/lib/python3.8/site-packages/airflow/example_dags/example_python_operator.py
[2025-04-28T17:43:22.600+0000] {processor.py:830} INFO - Processing file /home/airflow/.local/lib/python3.8/site-packages/airflow/example_dags/example_python_operator.py for tasks to queue
[2025-04-28T17:43:22.604+0000] {logging_mixin.py:188} INFO - [2025-04-28T17:43:22.603+0000] {dagbag.py:538} INFO - Filling up the DagBag from /home/airflow/.local/lib/python3.8/site-packages/airflow/example_dags/example_python_operator.py
[2025-04-28T17:43:22.640+0000] {processor.py:840} INFO - DAG(s) 'example_python_operator' retrieved from /home/airflow/.local/lib/python3.8/site-packages/airflow/example_dags/example_python_operator.py
[2025-04-28T17:43:22.806+0000] {logging_mixin.py:188} INFO - [2025-04-28T17:43:22.805+0000] {dag.py:3036} INFO - Sync 1 DAGs
[2025-04-28T17:43:22.825+0000] {logging_mixin.py:188} INFO - [2025-04-28T17:43:22.825+0000] {dag.py:3823} INFO - Setting next_dagrun for example_python_operator to None, run_after=None
[2025-04-28T17:43:22.847+0000] {processor.py:183} INFO - Processing /home/airflow/.local/lib/python3.8/site-packages/airflow/example_dags/example_python_operator.py took 0.268 seconds
[2025-04-28T17:43:53.860+0000] {processor.py:161} INFO - Started process (PID=175) to work on /home/airflow/.local/lib/python3.8/site-packages/airflow/example_dags/example_python_operator.py
[2025-04-28T17:43:53.865+0000] {processor.py:830} INFO - Processing file /home/airflow/.local/lib/python3.8/site-packages/airflow/example_dags/example_python_operator.py for tasks to queue
[2025-04-28T17:43:53.869+0000] {logging_mixin.py:188} INFO - [2025-04-28T17:43:53.869+0000] {dagbag.py:538} INFO - Filling up the DagBag from /home/airflow/.local/lib/python3.8/site-packages/airflow/example_dags/example_python_operator.py
[2025-04-28T17:43:53.905+0000] {processor.py:840} INFO - DAG(s) 'example_python_operator' retrieved from /home/airflow/.local/lib/python3.8/site-packages/airflow/example_dags/example_python_operator.py
[2025-04-28T17:43:54.042+0000] {logging_mixin.py:188} INFO - [2025-04-28T17:43:54.041+0000] {dag.py:3036} INFO - Sync 1 DAGs
[2025-04-28T17:43:54.115+0000] {logging_mixin.py:188} INFO - [2025-04-28T17:43:54.114+0000] {dag.py:3823} INFO - Setting next_dagrun for example_python_operator to None, run_after=None
[2025-04-28T17:43:54.170+0000] {processor.py:183} INFO - Processing /home/airflow/.local/lib/python3.8/site-packages/airflow/example_dags/example_python_operator.py took 0.317 seconds
[2025-04-28T17:44:25.204+0000] {processor.py:161} INFO - Started process (PID=231) to work on /home/airflow/.local/lib/python3.8/site-packages/airflow/example_dags/example_python_operator.py
[2025-04-28T17:44:25.207+0000] {processor.py:830} INFO - Processing file /home/airflow/.local/lib/python3.8/site-packages/airflow/example_dags/example_python_operator.py for tasks to queue
[2025-04-28T17:44:25.211+0000] {logging_mixin.py:188} INFO - [2025-04-28T17:44:25.211+0000] {dagbag.py:538} INFO - Filling up the DagBag from /home/airflow/.local/lib/python3.8/site-packages/airflow/example_dags/example_python_operator.py
[2025-04-28T17:44:25.235+0000] {processor.py:840} INFO - DAG(s) 'example_python_operator' retrieved from /home/airflow/.local/lib/python3.8/site-packages/airflow/example_dags/example_python_operator.py
[2025-04-28T17:44:25.283+0000] {logging_mixin.py:188} INFO - [2025-04-28T17:44:25.283+0000] {dag.py:3036} INFO - Sync 1 DAGs
[2025-04-28T17:44:25.300+0000] {logging_mixin.py:188} INFO - [2025-04-28T17:44:25.300+0000] {dag.py:3823} INFO - Setting next_dagrun for example_python_operator to None, run_after=None
[2025-04-28T17:44:25.318+0000] {processor.py:183} INFO - Processing /home/airflow/.local/lib/python3.8/site-packages/airflow/example_dags/example_python_operator.py took 0.124 seconds
[2025-04-28T17:44:55.773+0000] {processor.py:161} INFO - Started process (PID=287) to work on /home/airflow/.local/lib/python3.8/site-packages/airflow/example_dags/example_python_operator.py
[2025-04-28T17:44:55.783+0000] {processor.py:830} INFO - Processing file /home/airflow/.local/lib/python3.8/site-packages/airflow/example_dags/example_python_operator.py for tasks to queue
[2025-04-28T17:44:55.810+0000] {logging_mixin.py:188} INFO - [2025-04-28T17:44:55.808+0000] {dagbag.py:538} INFO - Filling up the DagBag from /home/airflow/.local/lib/python3.8/site-packages/airflow/example_dags/example_python_operator.py
[2025-04-28T17:44:55.869+0000] {processor.py:840} INFO - DAG(s) 'example_python_operator' retrieved from /home/airflow/.local/lib/python3.8/site-packages/airflow/example_dags/example_python_operator.py
[2025-04-28T17:44:55.951+0000] {logging_mixin.py:188} INFO - [2025-04-28T17:44:55.951+0000] {dag.py:3036} INFO - Sync 1 DAGs
[2025-04-28T17:44:55.968+0000] {logging_mixin.py:188} INFO - [2025-04-28T17:44:55.968+0000] {dag.py:3823} INFO - Setting next_dagrun for example_python_operator to None, run_after=None
[2025-04-28T17:44:56.015+0000] {processor.py:183} INFO - Processing /home/airflow/.local/lib/python3.8/site-packages/airflow/example_dags/example_python_operator.py took 0.267 seconds
[2025-04-28T17:45:26.639+0000] {processor.py:161} INFO - Started process (PID=343) to work on /home/airflow/.local/lib/python3.8/site-packages/airflow/example_dags/example_python_operator.py
[2025-04-28T17:45:26.642+0000] {processor.py:830} INFO - Processing file /home/airflow/.local/lib/python3.8/site-packages/airflow/example_dags/example_python_operator.py for tasks to queue
[2025-04-28T17:45:26.645+0000] {logging_mixin.py:188} INFO - [2025-04-28T17:45:26.645+0000] {dagbag.py:538} INFO - Filling up the DagBag from /home/airflow/.local/lib/python3.8/site-packages/airflow/example_dags/example_python_operator.py
[2025-04-28T17:45:26.682+0000] {processor.py:840} INFO - DAG(s) 'example_python_operator' retrieved from /home/airflow/.local/lib/python3.8/site-packages/airflow/example_dags/example_python_operator.py
[2025-04-28T17:45:26.737+0000] {logging_mixin.py:188} INFO - [2025-04-28T17:45:26.737+0000] {dag.py:3036} INFO - Sync 1 DAGs
[2025-04-28T17:45:26.752+0000] {logging_mixin.py:188} INFO - [2025-04-28T17:45:26.751+0000] {dag.py:3823} INFO - Setting next_dagrun for example_python_operator to None, run_after=None
[2025-04-28T17:45:26.780+0000] {processor.py:183} INFO - Processing /home/airflow/.local/lib/python3.8/site-packages/airflow/example_dags/example_python_operator.py took 0.153 seconds
[2025-04-28T17:45:57.071+0000] {processor.py:161} INFO - Started process (PID=399) to work on /home/airflow/.local/lib/python3.8/site-packages/airflow/example_dags/example_python_operator.py
[2025-04-28T17:45:57.073+0000] {processor.py:830} INFO - Processing file /home/airflow/.local/lib/python3.8/site-packages/airflow/example_dags/example_python_operator.py for tasks to queue
[2025-04-28T17:45:57.086+0000] {logging_mixin.py:188} INFO - [2025-04-28T17:45:57.085+0000] {dagbag.py:538} INFO - Filling up the DagBag from /home/airflow/.local/lib/python3.8/site-packages/airflow/example_dags/example_python_operator.py
[2025-04-28T17:45:57.125+0000] {processor.py:840} INFO - DAG(s) 'example_python_operator' retrieved from /home/airflow/.local/lib/python3.8/site-packages/airflow/example_dags/example_python_operator.py
[2025-04-28T17:45:57.199+0000] {logging_mixin.py:188} INFO - [2025-04-28T17:45:57.199+0000] {dag.py:3036} INFO - Sync 1 DAGs
[2025-04-28T17:45:57.305+0000] {logging_mixin.py:188} INFO - [2025-04-28T17:45:57.304+0000] {dag.py:3823} INFO - Setting next_dagrun for example_python_operator to None, run_after=None
[2025-04-28T17:45:57.375+0000] {processor.py:183} INFO - Processing /home/airflow/.local/lib/python3.8/site-packages/airflow/example_dags/example_python_operator.py took 0.315 seconds
[2025-04-28T17:46:27.805+0000] {processor.py:161} INFO - Started process (PID=455) to work on /home/airflow/.local/lib/python3.8/site-packages/airflow/example_dags/example_python_operator.py
[2025-04-28T17:46:27.809+0000] {processor.py:830} INFO - Processing file /home/airflow/.local/lib/python3.8/site-packages/airflow/example_dags/example_python_operator.py for tasks to queue
[2025-04-28T17:46:27.811+0000] {logging_mixin.py:188} INFO - [2025-04-28T17:46:27.811+0000] {dagbag.py:538} INFO - Filling up the DagBag from /home/airflow/.local/lib/python3.8/site-packages/airflow/example_dags/example_python_operator.py
[2025-04-28T17:46:27.834+0000] {processor.py:840} INFO - DAG(s) 'example_python_operator' retrieved from /home/airflow/.local/lib/python3.8/site-packages/airflow/example_dags/example_python_operator.py
[2025-04-28T17:46:27.901+0000] {logging_mixin.py:188} INFO - [2025-04-28T17:46:27.901+0000] {dag.py:3036} INFO - Sync 1 DAGs
[2025-04-28T17:46:27.919+0000] {logging_mixin.py:188} INFO - [2025-04-28T17:46:27.915+0000] {dag.py:3823} INFO - Setting next_dagrun for example_python_operator to None, run_after=None
[2025-04-28T17:46:27.952+0000] {processor.py:183} INFO - Processing /home/airflow/.local/lib/python3.8/site-packages/airflow/example_dags/example_python_operator.py took 0.155 seconds
