[2025-04-28T17:32:07.364+0000] {processor.py:161} INFO - Started process (PID=71) to work on /home/airflow/.local/lib/python3.8/site-packages/airflow/example_dags/example_task_group_decorator.py
[2025-04-28T17:32:07.366+0000] {processor.py:830} INFO - Processing file /home/airflow/.local/lib/python3.8/site-packages/airflow/example_dags/example_task_group_decorator.py for tasks to queue
[2025-04-28T17:32:07.370+0000] {logging_mixin.py:188} INFO - [2025-04-28T17:32:07.370+0000] {dagbag.py:538} INFO - Filling up the DagBag from /home/airflow/.local/lib/python3.8/site-packages/airflow/example_dags/example_task_group_decorator.py
[2025-04-28T17:32:07.397+0000] {processor.py:840} INFO - DAG(s) 'example_task_group_decorator' retrieved from /home/airflow/.local/lib/python3.8/site-packages/airflow/example_dags/example_task_group_decorator.py
[2025-04-28T17:32:07.439+0000] {logging_mixin.py:188} INFO - [2025-04-28T17:32:07.438+0000] {dag.py:3036} INFO - Sync 1 DAGs
[2025-04-28T17:32:07.488+0000] {logging_mixin.py:188} INFO - [2025-04-28T17:32:07.487+0000] {dag.py:3823} INFO - Setting next_dagrun for example_task_group_decorator to 2025-04-27 00:00:00+00:00, run_after=2025-04-28 00:00:00+00:00
[2025-04-28T17:32:07.525+0000] {processor.py:183} INFO - Processing /home/airflow/.local/lib/python3.8/site-packages/airflow/example_dags/example_task_group_decorator.py took 0.167 seconds
[2025-04-28T17:32:38.584+0000] {processor.py:161} INFO - Started process (PID=126) to work on /home/airflow/.local/lib/python3.8/site-packages/airflow/example_dags/example_task_group_decorator.py
[2025-04-28T17:32:38.587+0000] {processor.py:830} INFO - Processing file /home/airflow/.local/lib/python3.8/site-packages/airflow/example_dags/example_task_group_decorator.py for tasks to queue
[2025-04-28T17:32:38.589+0000] {logging_mixin.py:188} INFO - [2025-04-28T17:32:38.589+0000] {dagbag.py:538} INFO - Filling up the DagBag from /home/airflow/.local/lib/python3.8/site-packages/airflow/example_dags/example_task_group_decorator.py
[2025-04-28T17:32:38.606+0000] {processor.py:840} INFO - DAG(s) 'example_task_group_decorator' retrieved from /home/airflow/.local/lib/python3.8/site-packages/airflow/example_dags/example_task_group_decorator.py
[2025-04-28T17:32:38.677+0000] {logging_mixin.py:188} INFO - [2025-04-28T17:32:38.677+0000] {dag.py:3036} INFO - Sync 1 DAGs
[2025-04-28T17:32:38.712+0000] {logging_mixin.py:188} INFO - [2025-04-28T17:32:38.712+0000] {dag.py:3823} INFO - Setting next_dagrun for example_task_group_decorator to 2025-04-27 00:00:00+00:00, run_after=2025-04-28 00:00:00+00:00
[2025-04-28T17:32:38.742+0000] {processor.py:183} INFO - Processing /home/airflow/.local/lib/python3.8/site-packages/airflow/example_dags/example_task_group_decorator.py took 0.167 seconds
[2025-04-28T17:33:10.103+0000] {processor.py:161} INFO - Started process (PID=181) to work on /home/airflow/.local/lib/python3.8/site-packages/airflow/example_dags/example_task_group_decorator.py
[2025-04-28T17:33:10.110+0000] {processor.py:830} INFO - Processing file /home/airflow/.local/lib/python3.8/site-packages/airflow/example_dags/example_task_group_decorator.py for tasks to queue
[2025-04-28T17:33:10.117+0000] {logging_mixin.py:188} INFO - [2025-04-28T17:33:10.117+0000] {dagbag.py:538} INFO - Filling up the DagBag from /home/airflow/.local/lib/python3.8/site-packages/airflow/example_dags/example_task_group_decorator.py
[2025-04-28T17:33:10.160+0000] {processor.py:840} INFO - DAG(s) 'example_task_group_decorator' retrieved from /home/airflow/.local/lib/python3.8/site-packages/airflow/example_dags/example_task_group_decorator.py
[2025-04-28T17:33:10.232+0000] {logging_mixin.py:188} INFO - [2025-04-28T17:33:10.232+0000] {dag.py:3036} INFO - Sync 1 DAGs
[2025-04-28T17:33:10.346+0000] {logging_mixin.py:188} INFO - [2025-04-28T17:33:10.346+0000] {dag.py:3823} INFO - Setting next_dagrun for example_task_group_decorator to 2025-04-27 00:00:00+00:00, run_after=2025-04-28 00:00:00+00:00
[2025-04-28T17:33:10.462+0000] {processor.py:183} INFO - Processing /home/airflow/.local/lib/python3.8/site-packages/airflow/example_dags/example_task_group_decorator.py took 0.414 seconds
[2025-04-28T17:33:40.525+0000] {processor.py:161} INFO - Started process (PID=236) to work on /home/airflow/.local/lib/python3.8/site-packages/airflow/example_dags/example_task_group_decorator.py
[2025-04-28T17:33:40.526+0000] {processor.py:830} INFO - Processing file /home/airflow/.local/lib/python3.8/site-packages/airflow/example_dags/example_task_group_decorator.py for tasks to queue
[2025-04-28T17:33:40.527+0000] {logging_mixin.py:188} INFO - [2025-04-28T17:33:40.527+0000] {dagbag.py:538} INFO - Filling up the DagBag from /home/airflow/.local/lib/python3.8/site-packages/airflow/example_dags/example_task_group_decorator.py
[2025-04-28T17:33:40.535+0000] {processor.py:840} INFO - DAG(s) 'example_task_group_decorator' retrieved from /home/airflow/.local/lib/python3.8/site-packages/airflow/example_dags/example_task_group_decorator.py
[2025-04-28T17:33:40.548+0000] {logging_mixin.py:188} INFO - [2025-04-28T17:33:40.548+0000] {dag.py:3036} INFO - Sync 1 DAGs
[2025-04-28T17:33:40.559+0000] {logging_mixin.py:188} INFO - [2025-04-28T17:33:40.558+0000] {dag.py:3823} INFO - Setting next_dagrun for example_task_group_decorator to 2025-04-27 00:00:00+00:00, run_after=2025-04-28 00:00:00+00:00
[2025-04-28T17:33:40.566+0000] {processor.py:183} INFO - Processing /home/airflow/.local/lib/python3.8/site-packages/airflow/example_dags/example_task_group_decorator.py took 0.043 seconds
[2025-04-28T17:34:11.683+0000] {processor.py:161} INFO - Started process (PID=291) to work on /home/airflow/.local/lib/python3.8/site-packages/airflow/example_dags/example_task_group_decorator.py
[2025-04-28T17:34:11.684+0000] {processor.py:830} INFO - Processing file /home/airflow/.local/lib/python3.8/site-packages/airflow/example_dags/example_task_group_decorator.py for tasks to queue
[2025-04-28T17:34:11.686+0000] {logging_mixin.py:188} INFO - [2025-04-28T17:34:11.686+0000] {dagbag.py:538} INFO - Filling up the DagBag from /home/airflow/.local/lib/python3.8/site-packages/airflow/example_dags/example_task_group_decorator.py
[2025-04-28T17:34:11.706+0000] {processor.py:840} INFO - DAG(s) 'example_task_group_decorator' retrieved from /home/airflow/.local/lib/python3.8/site-packages/airflow/example_dags/example_task_group_decorator.py
[2025-04-28T17:34:11.731+0000] {logging_mixin.py:188} INFO - [2025-04-28T17:34:11.731+0000] {dag.py:3036} INFO - Sync 1 DAGs
[2025-04-28T17:34:11.762+0000] {logging_mixin.py:188} INFO - [2025-04-28T17:34:11.762+0000] {dag.py:3823} INFO - Setting next_dagrun for example_task_group_decorator to 2025-04-27 00:00:00+00:00, run_after=2025-04-28 00:00:00+00:00
[2025-04-28T17:34:11.787+0000] {processor.py:183} INFO - Processing /home/airflow/.local/lib/python3.8/site-packages/airflow/example_dags/example_task_group_decorator.py took 0.112 seconds
[2025-04-28T17:34:42.631+0000] {processor.py:161} INFO - Started process (PID=346) to work on /home/airflow/.local/lib/python3.8/site-packages/airflow/example_dags/example_task_group_decorator.py
[2025-04-28T17:34:42.633+0000] {processor.py:830} INFO - Processing file /home/airflow/.local/lib/python3.8/site-packages/airflow/example_dags/example_task_group_decorator.py for tasks to queue
[2025-04-28T17:34:42.634+0000] {logging_mixin.py:188} INFO - [2025-04-28T17:34:42.634+0000] {dagbag.py:538} INFO - Filling up the DagBag from /home/airflow/.local/lib/python3.8/site-packages/airflow/example_dags/example_task_group_decorator.py
[2025-04-28T17:34:42.645+0000] {processor.py:840} INFO - DAG(s) 'example_task_group_decorator' retrieved from /home/airflow/.local/lib/python3.8/site-packages/airflow/example_dags/example_task_group_decorator.py
[2025-04-28T17:34:42.679+0000] {logging_mixin.py:188} INFO - [2025-04-28T17:34:42.679+0000] {dag.py:3036} INFO - Sync 1 DAGs
[2025-04-28T17:34:42.696+0000] {logging_mixin.py:188} INFO - [2025-04-28T17:34:42.696+0000] {dag.py:3823} INFO - Setting next_dagrun for example_task_group_decorator to 2025-04-27 00:00:00+00:00, run_after=2025-04-28 00:00:00+00:00
[2025-04-28T17:34:42.713+0000] {processor.py:183} INFO - Processing /home/airflow/.local/lib/python3.8/site-packages/airflow/example_dags/example_task_group_decorator.py took 0.087 seconds
[2025-04-28T17:35:13.050+0000] {processor.py:161} INFO - Started process (PID=401) to work on /home/airflow/.local/lib/python3.8/site-packages/airflow/example_dags/example_task_group_decorator.py
[2025-04-28T17:35:13.053+0000] {processor.py:830} INFO - Processing file /home/airflow/.local/lib/python3.8/site-packages/airflow/example_dags/example_task_group_decorator.py for tasks to queue
[2025-04-28T17:35:13.055+0000] {logging_mixin.py:188} INFO - [2025-04-28T17:35:13.054+0000] {dagbag.py:538} INFO - Filling up the DagBag from /home/airflow/.local/lib/python3.8/site-packages/airflow/example_dags/example_task_group_decorator.py
[2025-04-28T17:35:13.065+0000] {processor.py:840} INFO - DAG(s) 'example_task_group_decorator' retrieved from /home/airflow/.local/lib/python3.8/site-packages/airflow/example_dags/example_task_group_decorator.py
[2025-04-28T17:35:13.080+0000] {logging_mixin.py:188} INFO - [2025-04-28T17:35:13.080+0000] {dag.py:3036} INFO - Sync 1 DAGs
[2025-04-28T17:35:13.091+0000] {logging_mixin.py:188} INFO - [2025-04-28T17:35:13.091+0000] {dag.py:3823} INFO - Setting next_dagrun for example_task_group_decorator to 2025-04-27 00:00:00+00:00, run_after=2025-04-28 00:00:00+00:00
[2025-04-28T17:35:13.100+0000] {processor.py:183} INFO - Processing /home/airflow/.local/lib/python3.8/site-packages/airflow/example_dags/example_task_group_decorator.py took 0.056 seconds
[2025-04-28T17:35:43.802+0000] {processor.py:161} INFO - Started process (PID=456) to work on /home/airflow/.local/lib/python3.8/site-packages/airflow/example_dags/example_task_group_decorator.py
[2025-04-28T17:35:43.803+0000] {processor.py:830} INFO - Processing file /home/airflow/.local/lib/python3.8/site-packages/airflow/example_dags/example_task_group_decorator.py for tasks to queue
[2025-04-28T17:35:43.805+0000] {logging_mixin.py:188} INFO - [2025-04-28T17:35:43.804+0000] {dagbag.py:538} INFO - Filling up the DagBag from /home/airflow/.local/lib/python3.8/site-packages/airflow/example_dags/example_task_group_decorator.py
[2025-04-28T17:35:43.814+0000] {processor.py:840} INFO - DAG(s) 'example_task_group_decorator' retrieved from /home/airflow/.local/lib/python3.8/site-packages/airflow/example_dags/example_task_group_decorator.py
[2025-04-28T17:35:43.831+0000] {logging_mixin.py:188} INFO - [2025-04-28T17:35:43.831+0000] {dag.py:3036} INFO - Sync 1 DAGs
[2025-04-28T17:35:43.841+0000] {logging_mixin.py:188} INFO - [2025-04-28T17:35:43.841+0000] {dag.py:3823} INFO - Setting next_dagrun for example_task_group_decorator to 2025-04-27 00:00:00+00:00, run_after=2025-04-28 00:00:00+00:00
[2025-04-28T17:35:43.849+0000] {processor.py:183} INFO - Processing /home/airflow/.local/lib/python3.8/site-packages/airflow/example_dags/example_task_group_decorator.py took 0.056 seconds
[2025-04-28T17:36:14.573+0000] {processor.py:161} INFO - Started process (PID=511) to work on /home/airflow/.local/lib/python3.8/site-packages/airflow/example_dags/example_task_group_decorator.py
[2025-04-28T17:36:14.574+0000] {processor.py:830} INFO - Processing file /home/airflow/.local/lib/python3.8/site-packages/airflow/example_dags/example_task_group_decorator.py for tasks to queue
[2025-04-28T17:36:14.575+0000] {logging_mixin.py:188} INFO - [2025-04-28T17:36:14.575+0000] {dagbag.py:538} INFO - Filling up the DagBag from /home/airflow/.local/lib/python3.8/site-packages/airflow/example_dags/example_task_group_decorator.py
[2025-04-28T17:36:14.588+0000] {processor.py:840} INFO - DAG(s) 'example_task_group_decorator' retrieved from /home/airflow/.local/lib/python3.8/site-packages/airflow/example_dags/example_task_group_decorator.py
[2025-04-28T17:36:14.609+0000] {logging_mixin.py:188} INFO - [2025-04-28T17:36:14.609+0000] {dag.py:3036} INFO - Sync 1 DAGs
[2025-04-28T17:36:14.628+0000] {logging_mixin.py:188} INFO - [2025-04-28T17:36:14.628+0000] {dag.py:3823} INFO - Setting next_dagrun for example_task_group_decorator to 2025-04-27 00:00:00+00:00, run_after=2025-04-28 00:00:00+00:00
[2025-04-28T17:36:14.646+0000] {processor.py:183} INFO - Processing /home/airflow/.local/lib/python3.8/site-packages/airflow/example_dags/example_task_group_decorator.py took 0.077 seconds
[2025-04-28T17:36:44.827+0000] {processor.py:161} INFO - Started process (PID=566) to work on /home/airflow/.local/lib/python3.8/site-packages/airflow/example_dags/example_task_group_decorator.py
[2025-04-28T17:36:44.830+0000] {processor.py:830} INFO - Processing file /home/airflow/.local/lib/python3.8/site-packages/airflow/example_dags/example_task_group_decorator.py for tasks to queue
[2025-04-28T17:36:44.832+0000] {logging_mixin.py:188} INFO - [2025-04-28T17:36:44.832+0000] {dagbag.py:538} INFO - Filling up the DagBag from /home/airflow/.local/lib/python3.8/site-packages/airflow/example_dags/example_task_group_decorator.py
[2025-04-28T17:36:44.849+0000] {processor.py:840} INFO - DAG(s) 'example_task_group_decorator' retrieved from /home/airflow/.local/lib/python3.8/site-packages/airflow/example_dags/example_task_group_decorator.py
[2025-04-28T17:36:44.870+0000] {logging_mixin.py:188} INFO - [2025-04-28T17:36:44.870+0000] {dag.py:3036} INFO - Sync 1 DAGs
[2025-04-28T17:36:44.883+0000] {logging_mixin.py:188} INFO - [2025-04-28T17:36:44.883+0000] {dag.py:3823} INFO - Setting next_dagrun for example_task_group_decorator to 2025-04-27 00:00:00+00:00, run_after=2025-04-28 00:00:00+00:00
[2025-04-28T17:36:44.892+0000] {processor.py:183} INFO - Processing /home/airflow/.local/lib/python3.8/site-packages/airflow/example_dags/example_task_group_decorator.py took 0.067 seconds
[2025-04-28T17:37:15.470+0000] {processor.py:161} INFO - Started process (PID=627) to work on /home/airflow/.local/lib/python3.8/site-packages/airflow/example_dags/example_task_group_decorator.py
[2025-04-28T17:37:15.475+0000] {processor.py:830} INFO - Processing file /home/airflow/.local/lib/python3.8/site-packages/airflow/example_dags/example_task_group_decorator.py for tasks to queue
[2025-04-28T17:37:15.476+0000] {logging_mixin.py:188} INFO - [2025-04-28T17:37:15.476+0000] {dagbag.py:538} INFO - Filling up the DagBag from /home/airflow/.local/lib/python3.8/site-packages/airflow/example_dags/example_task_group_decorator.py
[2025-04-28T17:37:15.486+0000] {processor.py:840} INFO - DAG(s) 'example_task_group_decorator' retrieved from /home/airflow/.local/lib/python3.8/site-packages/airflow/example_dags/example_task_group_decorator.py
[2025-04-28T17:37:15.501+0000] {logging_mixin.py:188} INFO - [2025-04-28T17:37:15.501+0000] {dag.py:3036} INFO - Sync 1 DAGs
[2025-04-28T17:37:15.520+0000] {logging_mixin.py:188} INFO - [2025-04-28T17:37:15.520+0000] {dag.py:3823} INFO - Setting next_dagrun for example_task_group_decorator to 2025-04-27 00:00:00+00:00, run_after=2025-04-28 00:00:00+00:00
[2025-04-28T17:37:15.531+0000] {processor.py:183} INFO - Processing /home/airflow/.local/lib/python3.8/site-packages/airflow/example_dags/example_task_group_decorator.py took 0.065 seconds
[2025-04-28T17:37:45.784+0000] {processor.py:161} INFO - Started process (PID=688) to work on /home/airflow/.local/lib/python3.8/site-packages/airflow/example_dags/example_task_group_decorator.py
[2025-04-28T17:37:45.785+0000] {processor.py:830} INFO - Processing file /home/airflow/.local/lib/python3.8/site-packages/airflow/example_dags/example_task_group_decorator.py for tasks to queue
[2025-04-28T17:37:45.787+0000] {logging_mixin.py:188} INFO - [2025-04-28T17:37:45.787+0000] {dagbag.py:538} INFO - Filling up the DagBag from /home/airflow/.local/lib/python3.8/site-packages/airflow/example_dags/example_task_group_decorator.py
[2025-04-28T17:37:45.810+0000] {processor.py:840} INFO - DAG(s) 'example_task_group_decorator' retrieved from /home/airflow/.local/lib/python3.8/site-packages/airflow/example_dags/example_task_group_decorator.py
[2025-04-28T17:37:45.913+0000] {logging_mixin.py:188} INFO - [2025-04-28T17:37:45.913+0000] {dag.py:3036} INFO - Sync 1 DAGs
[2025-04-28T17:37:45.928+0000] {logging_mixin.py:188} INFO - [2025-04-28T17:37:45.927+0000] {dag.py:3823} INFO - Setting next_dagrun for example_task_group_decorator to 2025-04-27 00:00:00+00:00, run_after=2025-04-28 00:00:00+00:00
[2025-04-28T17:37:45.937+0000] {processor.py:183} INFO - Processing /home/airflow/.local/lib/python3.8/site-packages/airflow/example_dags/example_task_group_decorator.py took 0.160 seconds
[2025-04-28T17:38:16.839+0000] {processor.py:161} INFO - Started process (PID=749) to work on /home/airflow/.local/lib/python3.8/site-packages/airflow/example_dags/example_task_group_decorator.py
[2025-04-28T17:38:16.839+0000] {processor.py:830} INFO - Processing file /home/airflow/.local/lib/python3.8/site-packages/airflow/example_dags/example_task_group_decorator.py for tasks to queue
[2025-04-28T17:38:16.840+0000] {logging_mixin.py:188} INFO - [2025-04-28T17:38:16.840+0000] {dagbag.py:538} INFO - Filling up the DagBag from /home/airflow/.local/lib/python3.8/site-packages/airflow/example_dags/example_task_group_decorator.py
[2025-04-28T17:38:16.848+0000] {processor.py:840} INFO - DAG(s) 'example_task_group_decorator' retrieved from /home/airflow/.local/lib/python3.8/site-packages/airflow/example_dags/example_task_group_decorator.py
[2025-04-28T17:38:16.861+0000] {logging_mixin.py:188} INFO - [2025-04-28T17:38:16.861+0000] {dag.py:3036} INFO - Sync 1 DAGs
[2025-04-28T17:38:16.871+0000] {logging_mixin.py:188} INFO - [2025-04-28T17:38:16.870+0000] {dag.py:3823} INFO - Setting next_dagrun for example_task_group_decorator to 2025-04-27 00:00:00+00:00, run_after=2025-04-28 00:00:00+00:00
[2025-04-28T17:38:16.880+0000] {processor.py:183} INFO - Processing /home/airflow/.local/lib/python3.8/site-packages/airflow/example_dags/example_task_group_decorator.py took 0.044 seconds
[2025-04-28T17:38:47.273+0000] {processor.py:161} INFO - Started process (PID=811) to work on /home/airflow/.local/lib/python3.8/site-packages/airflow/example_dags/example_task_group_decorator.py
[2025-04-28T17:38:47.274+0000] {processor.py:830} INFO - Processing file /home/airflow/.local/lib/python3.8/site-packages/airflow/example_dags/example_task_group_decorator.py for tasks to queue
[2025-04-28T17:38:47.277+0000] {logging_mixin.py:188} INFO - [2025-04-28T17:38:47.276+0000] {dagbag.py:538} INFO - Filling up the DagBag from /home/airflow/.local/lib/python3.8/site-packages/airflow/example_dags/example_task_group_decorator.py
[2025-04-28T17:38:47.289+0000] {processor.py:840} INFO - DAG(s) 'example_task_group_decorator' retrieved from /home/airflow/.local/lib/python3.8/site-packages/airflow/example_dags/example_task_group_decorator.py
[2025-04-28T17:38:47.309+0000] {logging_mixin.py:188} INFO - [2025-04-28T17:38:47.308+0000] {dag.py:3036} INFO - Sync 1 DAGs
[2025-04-28T17:38:47.324+0000] {logging_mixin.py:188} INFO - [2025-04-28T17:38:47.324+0000] {dag.py:3823} INFO - Setting next_dagrun for example_task_group_decorator to 2025-04-27 00:00:00+00:00, run_after=2025-04-28 00:00:00+00:00
[2025-04-28T17:38:47.342+0000] {processor.py:183} INFO - Processing /home/airflow/.local/lib/python3.8/site-packages/airflow/example_dags/example_task_group_decorator.py took 0.072 seconds
[2025-04-28T17:39:18.261+0000] {processor.py:161} INFO - Started process (PID=867) to work on /home/airflow/.local/lib/python3.8/site-packages/airflow/example_dags/example_task_group_decorator.py
[2025-04-28T17:39:18.264+0000] {processor.py:830} INFO - Processing file /home/airflow/.local/lib/python3.8/site-packages/airflow/example_dags/example_task_group_decorator.py for tasks to queue
[2025-04-28T17:39:18.267+0000] {logging_mixin.py:188} INFO - [2025-04-28T17:39:18.267+0000] {dagbag.py:538} INFO - Filling up the DagBag from /home/airflow/.local/lib/python3.8/site-packages/airflow/example_dags/example_task_group_decorator.py
[2025-04-28T17:39:18.280+0000] {processor.py:840} INFO - DAG(s) 'example_task_group_decorator' retrieved from /home/airflow/.local/lib/python3.8/site-packages/airflow/example_dags/example_task_group_decorator.py
[2025-04-28T17:39:18.319+0000] {logging_mixin.py:188} INFO - [2025-04-28T17:39:18.318+0000] {dag.py:3036} INFO - Sync 1 DAGs
[2025-04-28T17:39:18.342+0000] {logging_mixin.py:188} INFO - [2025-04-28T17:39:18.342+0000] {dag.py:3823} INFO - Setting next_dagrun for example_task_group_decorator to 2025-04-27 00:00:00+00:00, run_after=2025-04-28 00:00:00+00:00
[2025-04-28T17:39:18.360+0000] {processor.py:183} INFO - Processing /home/airflow/.local/lib/python3.8/site-packages/airflow/example_dags/example_task_group_decorator.py took 0.102 seconds
[2025-04-28T17:39:49.359+0000] {processor.py:161} INFO - Started process (PID=926) to work on /home/airflow/.local/lib/python3.8/site-packages/airflow/example_dags/example_task_group_decorator.py
[2025-04-28T17:39:49.362+0000] {processor.py:830} INFO - Processing file /home/airflow/.local/lib/python3.8/site-packages/airflow/example_dags/example_task_group_decorator.py for tasks to queue
[2025-04-28T17:39:49.364+0000] {logging_mixin.py:188} INFO - [2025-04-28T17:39:49.364+0000] {dagbag.py:538} INFO - Filling up the DagBag from /home/airflow/.local/lib/python3.8/site-packages/airflow/example_dags/example_task_group_decorator.py
[2025-04-28T17:39:49.391+0000] {processor.py:840} INFO - DAG(s) 'example_task_group_decorator' retrieved from /home/airflow/.local/lib/python3.8/site-packages/airflow/example_dags/example_task_group_decorator.py
[2025-04-28T17:39:49.415+0000] {logging_mixin.py:188} INFO - [2025-04-28T17:39:49.415+0000] {dag.py:3036} INFO - Sync 1 DAGs
[2025-04-28T17:39:49.451+0000] {logging_mixin.py:188} INFO - [2025-04-28T17:39:49.451+0000] {dag.py:3823} INFO - Setting next_dagrun for example_task_group_decorator to 2025-04-27 00:00:00+00:00, run_after=2025-04-28 00:00:00+00:00
[2025-04-28T17:39:49.466+0000] {processor.py:183} INFO - Processing /home/airflow/.local/lib/python3.8/site-packages/airflow/example_dags/example_task_group_decorator.py took 0.117 seconds
[2025-04-28T17:40:19.734+0000] {processor.py:161} INFO - Started process (PID=986) to work on /home/airflow/.local/lib/python3.8/site-packages/airflow/example_dags/example_task_group_decorator.py
[2025-04-28T17:40:19.736+0000] {processor.py:830} INFO - Processing file /home/airflow/.local/lib/python3.8/site-packages/airflow/example_dags/example_task_group_decorator.py for tasks to queue
[2025-04-28T17:40:19.739+0000] {logging_mixin.py:188} INFO - [2025-04-28T17:40:19.738+0000] {dagbag.py:538} INFO - Filling up the DagBag from /home/airflow/.local/lib/python3.8/site-packages/airflow/example_dags/example_task_group_decorator.py
[2025-04-28T17:40:19.751+0000] {processor.py:840} INFO - DAG(s) 'example_task_group_decorator' retrieved from /home/airflow/.local/lib/python3.8/site-packages/airflow/example_dags/example_task_group_decorator.py
[2025-04-28T17:40:19.778+0000] {logging_mixin.py:188} INFO - [2025-04-28T17:40:19.778+0000] {dag.py:3036} INFO - Sync 1 DAGs
[2025-04-28T17:40:19.803+0000] {logging_mixin.py:188} INFO - [2025-04-28T17:40:19.802+0000] {dag.py:3823} INFO - Setting next_dagrun for example_task_group_decorator to 2025-04-27 00:00:00+00:00, run_after=2025-04-28 00:00:00+00:00
[2025-04-28T17:40:19.820+0000] {processor.py:183} INFO - Processing /home/airflow/.local/lib/python3.8/site-packages/airflow/example_dags/example_task_group_decorator.py took 0.089 seconds
[2025-04-28T17:40:49.990+0000] {processor.py:161} INFO - Started process (PID=1046) to work on /home/airflow/.local/lib/python3.8/site-packages/airflow/example_dags/example_task_group_decorator.py
[2025-04-28T17:40:49.992+0000] {processor.py:830} INFO - Processing file /home/airflow/.local/lib/python3.8/site-packages/airflow/example_dags/example_task_group_decorator.py for tasks to queue
[2025-04-28T17:40:49.995+0000] {logging_mixin.py:188} INFO - [2025-04-28T17:40:49.995+0000] {dagbag.py:538} INFO - Filling up the DagBag from /home/airflow/.local/lib/python3.8/site-packages/airflow/example_dags/example_task_group_decorator.py
[2025-04-28T17:40:50.004+0000] {processor.py:840} INFO - DAG(s) 'example_task_group_decorator' retrieved from /home/airflow/.local/lib/python3.8/site-packages/airflow/example_dags/example_task_group_decorator.py
[2025-04-28T17:40:50.023+0000] {logging_mixin.py:188} INFO - [2025-04-28T17:40:50.023+0000] {dag.py:3036} INFO - Sync 1 DAGs
[2025-04-28T17:40:50.041+0000] {logging_mixin.py:188} INFO - [2025-04-28T17:40:50.041+0000] {dag.py:3823} INFO - Setting next_dagrun for example_task_group_decorator to 2025-04-27 00:00:00+00:00, run_after=2025-04-28 00:00:00+00:00
[2025-04-28T17:40:50.058+0000] {processor.py:183} INFO - Processing /home/airflow/.local/lib/python3.8/site-packages/airflow/example_dags/example_task_group_decorator.py took 0.072 seconds
[2025-04-28T17:41:20.164+0000] {processor.py:161} INFO - Started process (PID=1102) to work on /home/airflow/.local/lib/python3.8/site-packages/airflow/example_dags/example_task_group_decorator.py
[2025-04-28T17:41:20.166+0000] {processor.py:830} INFO - Processing file /home/airflow/.local/lib/python3.8/site-packages/airflow/example_dags/example_task_group_decorator.py for tasks to queue
[2025-04-28T17:41:20.170+0000] {logging_mixin.py:188} INFO - [2025-04-28T17:41:20.170+0000] {dagbag.py:538} INFO - Filling up the DagBag from /home/airflow/.local/lib/python3.8/site-packages/airflow/example_dags/example_task_group_decorator.py
[2025-04-28T17:41:20.182+0000] {processor.py:840} INFO - DAG(s) 'example_task_group_decorator' retrieved from /home/airflow/.local/lib/python3.8/site-packages/airflow/example_dags/example_task_group_decorator.py
[2025-04-28T17:41:20.205+0000] {logging_mixin.py:188} INFO - [2025-04-28T17:41:20.205+0000] {dag.py:3036} INFO - Sync 1 DAGs
[2025-04-28T17:41:20.219+0000] {logging_mixin.py:188} INFO - [2025-04-28T17:41:20.219+0000] {dag.py:3823} INFO - Setting next_dagrun for example_task_group_decorator to 2025-04-27 00:00:00+00:00, run_after=2025-04-28 00:00:00+00:00
[2025-04-28T17:41:20.236+0000] {processor.py:183} INFO - Processing /home/airflow/.local/lib/python3.8/site-packages/airflow/example_dags/example_task_group_decorator.py took 0.074 seconds
[2025-04-28T17:42:54.145+0000] {processor.py:161} INFO - Started process (PID=80) to work on /home/airflow/.local/lib/python3.8/site-packages/airflow/example_dags/example_task_group_decorator.py
[2025-04-28T17:42:54.148+0000] {processor.py:830} INFO - Processing file /home/airflow/.local/lib/python3.8/site-packages/airflow/example_dags/example_task_group_decorator.py for tasks to queue
[2025-04-28T17:42:54.152+0000] {logging_mixin.py:188} INFO - [2025-04-28T17:42:54.152+0000] {dagbag.py:538} INFO - Filling up the DagBag from /home/airflow/.local/lib/python3.8/site-packages/airflow/example_dags/example_task_group_decorator.py
[2025-04-28T17:42:54.190+0000] {processor.py:840} INFO - DAG(s) 'example_task_group_decorator' retrieved from /home/airflow/.local/lib/python3.8/site-packages/airflow/example_dags/example_task_group_decorator.py
[2025-04-28T17:42:54.226+0000] {logging_mixin.py:188} INFO - [2025-04-28T17:42:54.224+0000] {dag.py:3036} INFO - Sync 1 DAGs
[2025-04-28T17:42:54.309+0000] {logging_mixin.py:188} INFO - [2025-04-28T17:42:54.309+0000] {dag.py:3823} INFO - Setting next_dagrun for example_task_group_decorator to 2025-04-27 00:00:00+00:00, run_after=2025-04-28 00:00:00+00:00
[2025-04-28T17:42:54.386+0000] {processor.py:183} INFO - Processing /home/airflow/.local/lib/python3.8/site-packages/airflow/example_dags/example_task_group_decorator.py took 0.259 seconds
[2025-04-28T17:43:25.404+0000] {processor.py:161} INFO - Started process (PID=136) to work on /home/airflow/.local/lib/python3.8/site-packages/airflow/example_dags/example_task_group_decorator.py
[2025-04-28T17:43:25.409+0000] {processor.py:830} INFO - Processing file /home/airflow/.local/lib/python3.8/site-packages/airflow/example_dags/example_task_group_decorator.py for tasks to queue
[2025-04-28T17:43:25.412+0000] {logging_mixin.py:188} INFO - [2025-04-28T17:43:25.411+0000] {dagbag.py:538} INFO - Filling up the DagBag from /home/airflow/.local/lib/python3.8/site-packages/airflow/example_dags/example_task_group_decorator.py
[2025-04-28T17:43:25.467+0000] {processor.py:840} INFO - DAG(s) 'example_task_group_decorator' retrieved from /home/airflow/.local/lib/python3.8/site-packages/airflow/example_dags/example_task_group_decorator.py
[2025-04-28T17:43:25.682+0000] {logging_mixin.py:188} INFO - [2025-04-28T17:43:25.681+0000] {dag.py:3036} INFO - Sync 1 DAGs
[2025-04-28T17:43:25.793+0000] {logging_mixin.py:188} INFO - [2025-04-28T17:43:25.792+0000] {dag.py:3823} INFO - Setting next_dagrun for example_task_group_decorator to 2025-04-27 00:00:00+00:00, run_after=2025-04-28 00:00:00+00:00
[2025-04-28T17:43:25.868+0000] {processor.py:183} INFO - Processing /home/airflow/.local/lib/python3.8/site-packages/airflow/example_dags/example_task_group_decorator.py took 0.471 seconds
[2025-04-28T17:43:56.381+0000] {processor.py:161} INFO - Started process (PID=198) to work on /home/airflow/.local/lib/python3.8/site-packages/airflow/example_dags/example_task_group_decorator.py
[2025-04-28T17:43:56.382+0000] {processor.py:830} INFO - Processing file /home/airflow/.local/lib/python3.8/site-packages/airflow/example_dags/example_task_group_decorator.py for tasks to queue
[2025-04-28T17:43:56.383+0000] {logging_mixin.py:188} INFO - [2025-04-28T17:43:56.383+0000] {dagbag.py:538} INFO - Filling up the DagBag from /home/airflow/.local/lib/python3.8/site-packages/airflow/example_dags/example_task_group_decorator.py
[2025-04-28T17:43:56.390+0000] {processor.py:840} INFO - DAG(s) 'example_task_group_decorator' retrieved from /home/airflow/.local/lib/python3.8/site-packages/airflow/example_dags/example_task_group_decorator.py
[2025-04-28T17:43:56.404+0000] {logging_mixin.py:188} INFO - [2025-04-28T17:43:56.404+0000] {dag.py:3036} INFO - Sync 1 DAGs
[2025-04-28T17:43:56.415+0000] {logging_mixin.py:188} INFO - [2025-04-28T17:43:56.415+0000] {dag.py:3823} INFO - Setting next_dagrun for example_task_group_decorator to 2025-04-27 00:00:00+00:00, run_after=2025-04-28 00:00:00+00:00
[2025-04-28T17:43:56.425+0000] {processor.py:183} INFO - Processing /home/airflow/.local/lib/python3.8/site-packages/airflow/example_dags/example_task_group_decorator.py took 0.046 seconds
[2025-04-28T17:44:27.087+0000] {processor.py:161} INFO - Started process (PID=254) to work on /home/airflow/.local/lib/python3.8/site-packages/airflow/example_dags/example_task_group_decorator.py
[2025-04-28T17:44:27.088+0000] {processor.py:830} INFO - Processing file /home/airflow/.local/lib/python3.8/site-packages/airflow/example_dags/example_task_group_decorator.py for tasks to queue
[2025-04-28T17:44:27.089+0000] {logging_mixin.py:188} INFO - [2025-04-28T17:44:27.088+0000] {dagbag.py:538} INFO - Filling up the DagBag from /home/airflow/.local/lib/python3.8/site-packages/airflow/example_dags/example_task_group_decorator.py
[2025-04-28T17:44:27.096+0000] {processor.py:840} INFO - DAG(s) 'example_task_group_decorator' retrieved from /home/airflow/.local/lib/python3.8/site-packages/airflow/example_dags/example_task_group_decorator.py
[2025-04-28T17:44:27.118+0000] {logging_mixin.py:188} INFO - [2025-04-28T17:44:27.117+0000] {dag.py:3036} INFO - Sync 1 DAGs
[2025-04-28T17:44:27.131+0000] {logging_mixin.py:188} INFO - [2025-04-28T17:44:27.131+0000] {dag.py:3823} INFO - Setting next_dagrun for example_task_group_decorator to 2025-04-27 00:00:00+00:00, run_after=2025-04-28 00:00:00+00:00
[2025-04-28T17:44:27.140+0000] {processor.py:183} INFO - Processing /home/airflow/.local/lib/python3.8/site-packages/airflow/example_dags/example_task_group_decorator.py took 0.056 seconds
[2025-04-28T17:45:00.501+0000] {processor.py:161} INFO - Started process (PID=310) to work on /home/airflow/.local/lib/python3.8/site-packages/airflow/example_dags/example_task_group_decorator.py
[2025-04-28T17:45:00.503+0000] {processor.py:830} INFO - Processing file /home/airflow/.local/lib/python3.8/site-packages/airflow/example_dags/example_task_group_decorator.py for tasks to queue
[2025-04-28T17:45:00.507+0000] {logging_mixin.py:188} INFO - [2025-04-28T17:45:00.506+0000] {dagbag.py:538} INFO - Filling up the DagBag from /home/airflow/.local/lib/python3.8/site-packages/airflow/example_dags/example_task_group_decorator.py
[2025-04-28T17:45:00.534+0000] {processor.py:840} INFO - DAG(s) 'example_task_group_decorator' retrieved from /home/airflow/.local/lib/python3.8/site-packages/airflow/example_dags/example_task_group_decorator.py
[2025-04-28T17:45:00.563+0000] {logging_mixin.py:188} INFO - [2025-04-28T17:45:00.563+0000] {dag.py:3036} INFO - Sync 1 DAGs
[2025-04-28T17:45:00.590+0000] {logging_mixin.py:188} INFO - [2025-04-28T17:45:00.590+0000] {dag.py:3823} INFO - Setting next_dagrun for example_task_group_decorator to 2025-04-27 00:00:00+00:00, run_after=2025-04-28 00:00:00+00:00
[2025-04-28T17:45:00.605+0000] {processor.py:183} INFO - Processing /home/airflow/.local/lib/python3.8/site-packages/airflow/example_dags/example_task_group_decorator.py took 0.115 seconds
[2025-04-28T17:45:32.519+0000] {processor.py:161} INFO - Started process (PID=366) to work on /home/airflow/.local/lib/python3.8/site-packages/airflow/example_dags/example_task_group_decorator.py
[2025-04-28T17:45:32.528+0000] {processor.py:830} INFO - Processing file /home/airflow/.local/lib/python3.8/site-packages/airflow/example_dags/example_task_group_decorator.py for tasks to queue
[2025-04-28T17:45:32.535+0000] {logging_mixin.py:188} INFO - [2025-04-28T17:45:32.534+0000] {dagbag.py:538} INFO - Filling up the DagBag from /home/airflow/.local/lib/python3.8/site-packages/airflow/example_dags/example_task_group_decorator.py
[2025-04-28T17:45:32.569+0000] {processor.py:840} INFO - DAG(s) 'example_task_group_decorator' retrieved from /home/airflow/.local/lib/python3.8/site-packages/airflow/example_dags/example_task_group_decorator.py
[2025-04-28T17:45:32.640+0000] {logging_mixin.py:188} INFO - [2025-04-28T17:45:32.640+0000] {dag.py:3036} INFO - Sync 1 DAGs
[2025-04-28T17:45:32.697+0000] {logging_mixin.py:188} INFO - [2025-04-28T17:45:32.697+0000] {dag.py:3823} INFO - Setting next_dagrun for example_task_group_decorator to 2025-04-27 00:00:00+00:00, run_after=2025-04-28 00:00:00+00:00
[2025-04-28T17:45:32.736+0000] {processor.py:183} INFO - Processing /home/airflow/.local/lib/python3.8/site-packages/airflow/example_dags/example_task_group_decorator.py took 0.233 seconds
[2025-04-28T17:46:03.708+0000] {processor.py:161} INFO - Started process (PID=422) to work on /home/airflow/.local/lib/python3.8/site-packages/airflow/example_dags/example_task_group_decorator.py
[2025-04-28T17:46:03.711+0000] {processor.py:830} INFO - Processing file /home/airflow/.local/lib/python3.8/site-packages/airflow/example_dags/example_task_group_decorator.py for tasks to queue
[2025-04-28T17:46:03.715+0000] {logging_mixin.py:188} INFO - [2025-04-28T17:46:03.714+0000] {dagbag.py:538} INFO - Filling up the DagBag from /home/airflow/.local/lib/python3.8/site-packages/airflow/example_dags/example_task_group_decorator.py
[2025-04-28T17:46:03.729+0000] {processor.py:840} INFO - DAG(s) 'example_task_group_decorator' retrieved from /home/airflow/.local/lib/python3.8/site-packages/airflow/example_dags/example_task_group_decorator.py
[2025-04-28T17:46:03.757+0000] {logging_mixin.py:188} INFO - [2025-04-28T17:46:03.757+0000] {dag.py:3036} INFO - Sync 1 DAGs
[2025-04-28T17:46:03.777+0000] {logging_mixin.py:188} INFO - [2025-04-28T17:46:03.777+0000] {dag.py:3823} INFO - Setting next_dagrun for example_task_group_decorator to 2025-04-27 00:00:00+00:00, run_after=2025-04-28 00:00:00+00:00
[2025-04-28T17:46:03.794+0000] {processor.py:183} INFO - Processing /home/airflow/.local/lib/python3.8/site-packages/airflow/example_dags/example_task_group_decorator.py took 0.092 seconds
[2025-04-28T17:46:34.023+0000] {processor.py:161} INFO - Started process (PID=478) to work on /home/airflow/.local/lib/python3.8/site-packages/airflow/example_dags/example_task_group_decorator.py
[2025-04-28T17:46:34.029+0000] {processor.py:830} INFO - Processing file /home/airflow/.local/lib/python3.8/site-packages/airflow/example_dags/example_task_group_decorator.py for tasks to queue
[2025-04-28T17:46:34.034+0000] {logging_mixin.py:188} INFO - [2025-04-28T17:46:34.034+0000] {dagbag.py:538} INFO - Filling up the DagBag from /home/airflow/.local/lib/python3.8/site-packages/airflow/example_dags/example_task_group_decorator.py
[2025-04-28T17:46:34.048+0000] {processor.py:840} INFO - DAG(s) 'example_task_group_decorator' retrieved from /home/airflow/.local/lib/python3.8/site-packages/airflow/example_dags/example_task_group_decorator.py
[2025-04-28T17:46:34.080+0000] {logging_mixin.py:188} INFO - [2025-04-28T17:46:34.080+0000] {dag.py:3036} INFO - Sync 1 DAGs
[2025-04-28T17:46:34.099+0000] {logging_mixin.py:188} INFO - [2025-04-28T17:46:34.098+0000] {dag.py:3823} INFO - Setting next_dagrun for example_task_group_decorator to 2025-04-27 00:00:00+00:00, run_after=2025-04-28 00:00:00+00:00
[2025-04-28T17:46:34.118+0000] {processor.py:183} INFO - Processing /home/airflow/.local/lib/python3.8/site-packages/airflow/example_dags/example_task_group_decorator.py took 0.107 seconds
