[2025-04-28T17:32:11.303+0000] {processor.py:161} INFO - Started process (PID=87) to work on /home/airflow/.local/lib/python3.8/site-packages/airflow/example_dags/example_datasets.py
[2025-04-28T17:32:11.304+0000] {processor.py:830} INFO - Processing file /home/airflow/.local/lib/python3.8/site-packages/airflow/example_dags/example_datasets.py for tasks to queue
[2025-04-28T17:32:11.306+0000] {logging_mixin.py:188} INFO - [2025-04-28T17:32:11.306+0000] {dagbag.py:538} INFO - Filling up the DagBag from /home/airflow/.local/lib/python3.8/site-packages/airflow/example_dags/example_datasets.py
[2025-04-28T17:32:11.316+0000] {processor.py:840} INFO - DAG(s) 'dataset_produces_1', 'dataset_consumes_1', 'dataset_consumes_unknown_never_scheduled', 'dataset_consumes_1_and_2', 'dataset_consumes_1_never_scheduled', 'dataset_produces_2' retrieved from /home/airflow/.local/lib/python3.8/site-packages/airflow/example_dags/example_datasets.py
[2025-04-28T17:32:11.339+0000] {logging_mixin.py:188} INFO - [2025-04-28T17:32:11.339+0000] {dag.py:3036} INFO - Sync 6 DAGs
[2025-04-28T17:32:11.380+0000] {logging_mixin.py:188} INFO - [2025-04-28T17:32:11.379+0000] {dag.py:3823} INFO - Setting next_dagrun for dataset_consumes_1 to None, run_after=None
[2025-04-28T17:32:11.388+0000] {logging_mixin.py:188} INFO - [2025-04-28T17:32:11.387+0000] {dag.py:3823} INFO - Setting next_dagrun for dataset_consumes_1_and_2 to None, run_after=None
[2025-04-28T17:32:11.391+0000] {logging_mixin.py:188} INFO - [2025-04-28T17:32:11.391+0000] {dag.py:3823} INFO - Setting next_dagrun for dataset_consumes_1_never_scheduled to None, run_after=None
[2025-04-28T17:32:11.393+0000] {logging_mixin.py:188} INFO - [2025-04-28T17:32:11.392+0000] {dag.py:3823} INFO - Setting next_dagrun for dataset_consumes_unknown_never_scheduled to None, run_after=None
[2025-04-28T17:32:11.398+0000] {logging_mixin.py:188} INFO - [2025-04-28T17:32:11.398+0000] {dag.py:3823} INFO - Setting next_dagrun for dataset_produces_1 to 2025-04-27 00:00:00+00:00, run_after=2025-04-28 00:00:00+00:00
[2025-04-28T17:32:11.404+0000] {logging_mixin.py:188} INFO - [2025-04-28T17:32:11.404+0000] {dag.py:3823} INFO - Setting next_dagrun for dataset_produces_2 to None, run_after=None
[2025-04-28T17:32:11.479+0000] {processor.py:183} INFO - Processing /home/airflow/.local/lib/python3.8/site-packages/airflow/example_dags/example_datasets.py took 0.179 seconds
[2025-04-28T17:32:42.374+0000] {processor.py:161} INFO - Started process (PID=142) to work on /home/airflow/.local/lib/python3.8/site-packages/airflow/example_dags/example_datasets.py
[2025-04-28T17:32:42.375+0000] {processor.py:830} INFO - Processing file /home/airflow/.local/lib/python3.8/site-packages/airflow/example_dags/example_datasets.py for tasks to queue
[2025-04-28T17:32:42.377+0000] {logging_mixin.py:188} INFO - [2025-04-28T17:32:42.376+0000] {dagbag.py:538} INFO - Filling up the DagBag from /home/airflow/.local/lib/python3.8/site-packages/airflow/example_dags/example_datasets.py
[2025-04-28T17:32:42.391+0000] {processor.py:840} INFO - DAG(s) 'dataset_consumes_1_and_2', 'dataset_produces_1', 'dataset_produces_2', 'dataset_consumes_1_never_scheduled', 'dataset_consumes_unknown_never_scheduled', 'dataset_consumes_1' retrieved from /home/airflow/.local/lib/python3.8/site-packages/airflow/example_dags/example_datasets.py
[2025-04-28T17:32:42.589+0000] {logging_mixin.py:188} INFO - [2025-04-28T17:32:42.589+0000] {dag.py:3036} INFO - Sync 6 DAGs
[2025-04-28T17:32:42.616+0000] {logging_mixin.py:188} INFO - [2025-04-28T17:32:42.616+0000] {dag.py:3823} INFO - Setting next_dagrun for dataset_consumes_1 to None, run_after=None
[2025-04-28T17:32:42.618+0000] {logging_mixin.py:188} INFO - [2025-04-28T17:32:42.618+0000] {dag.py:3823} INFO - Setting next_dagrun for dataset_consumes_1_and_2 to None, run_after=None
[2025-04-28T17:32:42.619+0000] {logging_mixin.py:188} INFO - [2025-04-28T17:32:42.619+0000] {dag.py:3823} INFO - Setting next_dagrun for dataset_consumes_1_never_scheduled to None, run_after=None
[2025-04-28T17:32:42.620+0000] {logging_mixin.py:188} INFO - [2025-04-28T17:32:42.620+0000] {dag.py:3823} INFO - Setting next_dagrun for dataset_consumes_unknown_never_scheduled to None, run_after=None
[2025-04-28T17:32:42.623+0000] {logging_mixin.py:188} INFO - [2025-04-28T17:32:42.622+0000] {dag.py:3823} INFO - Setting next_dagrun for dataset_produces_1 to 2025-04-27 00:00:00+00:00, run_after=2025-04-28 00:00:00+00:00
[2025-04-28T17:32:42.624+0000] {logging_mixin.py:188} INFO - [2025-04-28T17:32:42.624+0000] {dag.py:3823} INFO - Setting next_dagrun for dataset_produces_2 to None, run_after=None
[2025-04-28T17:32:42.652+0000] {processor.py:183} INFO - Processing /home/airflow/.local/lib/python3.8/site-packages/airflow/example_dags/example_datasets.py took 0.283 seconds
[2025-04-28T17:33:13.028+0000] {processor.py:161} INFO - Started process (PID=197) to work on /home/airflow/.local/lib/python3.8/site-packages/airflow/example_dags/example_datasets.py
[2025-04-28T17:33:13.040+0000] {processor.py:830} INFO - Processing file /home/airflow/.local/lib/python3.8/site-packages/airflow/example_dags/example_datasets.py for tasks to queue
[2025-04-28T17:33:13.043+0000] {logging_mixin.py:188} INFO - [2025-04-28T17:33:13.042+0000] {dagbag.py:538} INFO - Filling up the DagBag from /home/airflow/.local/lib/python3.8/site-packages/airflow/example_dags/example_datasets.py
[2025-04-28T17:33:13.062+0000] {processor.py:840} INFO - DAG(s) 'dataset_produces_1', 'dataset_consumes_1', 'dataset_consumes_1_never_scheduled', 'dataset_consumes_1_and_2', 'dataset_consumes_unknown_never_scheduled', 'dataset_produces_2' retrieved from /home/airflow/.local/lib/python3.8/site-packages/airflow/example_dags/example_datasets.py
[2025-04-28T17:33:13.110+0000] {logging_mixin.py:188} INFO - [2025-04-28T17:33:13.110+0000] {dag.py:3036} INFO - Sync 6 DAGs
[2025-04-28T17:33:13.142+0000] {logging_mixin.py:188} INFO - [2025-04-28T17:33:13.141+0000] {dag.py:3823} INFO - Setting next_dagrun for dataset_consumes_1 to None, run_after=None
[2025-04-28T17:33:13.151+0000] {logging_mixin.py:188} INFO - [2025-04-28T17:33:13.151+0000] {dag.py:3823} INFO - Setting next_dagrun for dataset_consumes_1_and_2 to None, run_after=None
[2025-04-28T17:33:13.155+0000] {logging_mixin.py:188} INFO - [2025-04-28T17:33:13.155+0000] {dag.py:3823} INFO - Setting next_dagrun for dataset_consumes_1_never_scheduled to None, run_after=None
[2025-04-28T17:33:13.158+0000] {logging_mixin.py:188} INFO - [2025-04-28T17:33:13.158+0000] {dag.py:3823} INFO - Setting next_dagrun for dataset_consumes_unknown_never_scheduled to None, run_after=None
[2025-04-28T17:33:13.163+0000] {logging_mixin.py:188} INFO - [2025-04-28T17:33:13.163+0000] {dag.py:3823} INFO - Setting next_dagrun for dataset_produces_1 to 2025-04-27 00:00:00+00:00, run_after=2025-04-28 00:00:00+00:00
[2025-04-28T17:33:13.166+0000] {logging_mixin.py:188} INFO - [2025-04-28T17:33:13.166+0000] {dag.py:3823} INFO - Setting next_dagrun for dataset_produces_2 to None, run_after=None
[2025-04-28T17:33:13.199+0000] {processor.py:183} INFO - Processing /home/airflow/.local/lib/python3.8/site-packages/airflow/example_dags/example_datasets.py took 0.183 seconds
[2025-04-28T17:33:44.113+0000] {processor.py:161} INFO - Started process (PID=252) to work on /home/airflow/.local/lib/python3.8/site-packages/airflow/example_dags/example_datasets.py
[2025-04-28T17:33:44.116+0000] {processor.py:830} INFO - Processing file /home/airflow/.local/lib/python3.8/site-packages/airflow/example_dags/example_datasets.py for tasks to queue
[2025-04-28T17:33:44.120+0000] {logging_mixin.py:188} INFO - [2025-04-28T17:33:44.120+0000] {dagbag.py:538} INFO - Filling up the DagBag from /home/airflow/.local/lib/python3.8/site-packages/airflow/example_dags/example_datasets.py
[2025-04-28T17:33:44.131+0000] {processor.py:840} INFO - DAG(s) 'dataset_produces_1', 'dataset_consumes_1', 'dataset_consumes_1_and_2', 'dataset_consumes_unknown_never_scheduled', 'dataset_consumes_1_never_scheduled', 'dataset_produces_2' retrieved from /home/airflow/.local/lib/python3.8/site-packages/airflow/example_dags/example_datasets.py
[2025-04-28T17:33:44.180+0000] {logging_mixin.py:188} INFO - [2025-04-28T17:33:44.180+0000] {dag.py:3036} INFO - Sync 6 DAGs
[2025-04-28T17:33:44.196+0000] {logging_mixin.py:188} INFO - [2025-04-28T17:33:44.195+0000] {dag.py:3823} INFO - Setting next_dagrun for dataset_consumes_1 to None, run_after=None
[2025-04-28T17:33:44.197+0000] {logging_mixin.py:188} INFO - [2025-04-28T17:33:44.197+0000] {dag.py:3823} INFO - Setting next_dagrun for dataset_consumes_1_and_2 to None, run_after=None
[2025-04-28T17:33:44.198+0000] {logging_mixin.py:188} INFO - [2025-04-28T17:33:44.198+0000] {dag.py:3823} INFO - Setting next_dagrun for dataset_consumes_1_never_scheduled to None, run_after=None
[2025-04-28T17:33:44.198+0000] {logging_mixin.py:188} INFO - [2025-04-28T17:33:44.198+0000] {dag.py:3823} INFO - Setting next_dagrun for dataset_consumes_unknown_never_scheduled to None, run_after=None
[2025-04-28T17:33:44.200+0000] {logging_mixin.py:188} INFO - [2025-04-28T17:33:44.199+0000] {dag.py:3823} INFO - Setting next_dagrun for dataset_produces_1 to 2025-04-27 00:00:00+00:00, run_after=2025-04-28 00:00:00+00:00
[2025-04-28T17:33:44.200+0000] {logging_mixin.py:188} INFO - [2025-04-28T17:33:44.200+0000] {dag.py:3823} INFO - Setting next_dagrun for dataset_produces_2 to None, run_after=None
[2025-04-28T17:33:44.215+0000] {processor.py:183} INFO - Processing /home/airflow/.local/lib/python3.8/site-packages/airflow/example_dags/example_datasets.py took 0.111 seconds
[2025-04-28T17:34:15.243+0000] {processor.py:161} INFO - Started process (PID=307) to work on /home/airflow/.local/lib/python3.8/site-packages/airflow/example_dags/example_datasets.py
[2025-04-28T17:34:15.249+0000] {processor.py:830} INFO - Processing file /home/airflow/.local/lib/python3.8/site-packages/airflow/example_dags/example_datasets.py for tasks to queue
[2025-04-28T17:34:15.251+0000] {logging_mixin.py:188} INFO - [2025-04-28T17:34:15.251+0000] {dagbag.py:538} INFO - Filling up the DagBag from /home/airflow/.local/lib/python3.8/site-packages/airflow/example_dags/example_datasets.py
[2025-04-28T17:34:15.258+0000] {processor.py:840} INFO - DAG(s) 'dataset_consumes_1_never_scheduled', 'dataset_produces_2', 'dataset_consumes_unknown_never_scheduled', 'dataset_consumes_1_and_2', 'dataset_produces_1', 'dataset_consumes_1' retrieved from /home/airflow/.local/lib/python3.8/site-packages/airflow/example_dags/example_datasets.py
[2025-04-28T17:34:15.290+0000] {logging_mixin.py:188} INFO - [2025-04-28T17:34:15.290+0000] {dag.py:3036} INFO - Sync 6 DAGs
[2025-04-28T17:34:15.311+0000] {logging_mixin.py:188} INFO - [2025-04-28T17:34:15.310+0000] {dag.py:3823} INFO - Setting next_dagrun for dataset_consumes_1 to None, run_after=None
[2025-04-28T17:34:15.313+0000] {logging_mixin.py:188} INFO - [2025-04-28T17:34:15.313+0000] {dag.py:3823} INFO - Setting next_dagrun for dataset_consumes_1_and_2 to None, run_after=None
[2025-04-28T17:34:15.314+0000] {logging_mixin.py:188} INFO - [2025-04-28T17:34:15.314+0000] {dag.py:3823} INFO - Setting next_dagrun for dataset_consumes_1_never_scheduled to None, run_after=None
[2025-04-28T17:34:15.314+0000] {logging_mixin.py:188} INFO - [2025-04-28T17:34:15.314+0000] {dag.py:3823} INFO - Setting next_dagrun for dataset_consumes_unknown_never_scheduled to None, run_after=None
[2025-04-28T17:34:15.316+0000] {logging_mixin.py:188} INFO - [2025-04-28T17:34:15.316+0000] {dag.py:3823} INFO - Setting next_dagrun for dataset_produces_1 to 2025-04-27 00:00:00+00:00, run_after=2025-04-28 00:00:00+00:00
[2025-04-28T17:34:15.317+0000] {logging_mixin.py:188} INFO - [2025-04-28T17:34:15.317+0000] {dag.py:3823} INFO - Setting next_dagrun for dataset_produces_2 to None, run_after=None
[2025-04-28T17:34:15.337+0000] {processor.py:183} INFO - Processing /home/airflow/.local/lib/python3.8/site-packages/airflow/example_dags/example_datasets.py took 0.109 seconds
[2025-04-28T17:34:45.660+0000] {processor.py:161} INFO - Started process (PID=362) to work on /home/airflow/.local/lib/python3.8/site-packages/airflow/example_dags/example_datasets.py
[2025-04-28T17:34:45.664+0000] {processor.py:830} INFO - Processing file /home/airflow/.local/lib/python3.8/site-packages/airflow/example_dags/example_datasets.py for tasks to queue
[2025-04-28T17:34:45.667+0000] {logging_mixin.py:188} INFO - [2025-04-28T17:34:45.667+0000] {dagbag.py:538} INFO - Filling up the DagBag from /home/airflow/.local/lib/python3.8/site-packages/airflow/example_dags/example_datasets.py
[2025-04-28T17:34:45.680+0000] {processor.py:840} INFO - DAG(s) 'dataset_consumes_1_never_scheduled', 'dataset_consumes_unknown_never_scheduled', 'dataset_consumes_1_and_2', 'dataset_produces_2', 'dataset_consumes_1', 'dataset_produces_1' retrieved from /home/airflow/.local/lib/python3.8/site-packages/airflow/example_dags/example_datasets.py
[2025-04-28T17:34:45.714+0000] {logging_mixin.py:188} INFO - [2025-04-28T17:34:45.714+0000] {dag.py:3036} INFO - Sync 6 DAGs
[2025-04-28T17:34:45.728+0000] {logging_mixin.py:188} INFO - [2025-04-28T17:34:45.728+0000] {dag.py:3823} INFO - Setting next_dagrun for dataset_consumes_1 to None, run_after=None
[2025-04-28T17:34:45.730+0000] {logging_mixin.py:188} INFO - [2025-04-28T17:34:45.730+0000] {dag.py:3823} INFO - Setting next_dagrun for dataset_consumes_1_and_2 to None, run_after=None
[2025-04-28T17:34:45.732+0000] {logging_mixin.py:188} INFO - [2025-04-28T17:34:45.732+0000] {dag.py:3823} INFO - Setting next_dagrun for dataset_consumes_1_never_scheduled to None, run_after=None
[2025-04-28T17:34:45.733+0000] {logging_mixin.py:188} INFO - [2025-04-28T17:34:45.733+0000] {dag.py:3823} INFO - Setting next_dagrun for dataset_consumes_unknown_never_scheduled to None, run_after=None
[2025-04-28T17:34:45.735+0000] {logging_mixin.py:188} INFO - [2025-04-28T17:34:45.735+0000] {dag.py:3823} INFO - Setting next_dagrun for dataset_produces_1 to 2025-04-27 00:00:00+00:00, run_after=2025-04-28 00:00:00+00:00
[2025-04-28T17:34:45.736+0000] {logging_mixin.py:188} INFO - [2025-04-28T17:34:45.735+0000] {dag.py:3823} INFO - Setting next_dagrun for dataset_produces_2 to None, run_after=None
[2025-04-28T17:34:45.764+0000] {processor.py:183} INFO - Processing /home/airflow/.local/lib/python3.8/site-packages/airflow/example_dags/example_datasets.py took 0.110 seconds
[2025-04-28T17:35:15.822+0000] {processor.py:161} INFO - Started process (PID=417) to work on /home/airflow/.local/lib/python3.8/site-packages/airflow/example_dags/example_datasets.py
[2025-04-28T17:35:15.824+0000] {processor.py:830} INFO - Processing file /home/airflow/.local/lib/python3.8/site-packages/airflow/example_dags/example_datasets.py for tasks to queue
[2025-04-28T17:35:15.825+0000] {logging_mixin.py:188} INFO - [2025-04-28T17:35:15.825+0000] {dagbag.py:538} INFO - Filling up the DagBag from /home/airflow/.local/lib/python3.8/site-packages/airflow/example_dags/example_datasets.py
[2025-04-28T17:35:15.830+0000] {processor.py:840} INFO - DAG(s) 'dataset_produces_1', 'dataset_produces_2', 'dataset_consumes_1', 'dataset_consumes_1_and_2', 'dataset_consumes_1_never_scheduled', 'dataset_consumes_unknown_never_scheduled' retrieved from /home/airflow/.local/lib/python3.8/site-packages/airflow/example_dags/example_datasets.py
[2025-04-28T17:35:15.855+0000] {logging_mixin.py:188} INFO - [2025-04-28T17:35:15.855+0000] {dag.py:3036} INFO - Sync 6 DAGs
[2025-04-28T17:35:15.872+0000] {logging_mixin.py:188} INFO - [2025-04-28T17:35:15.871+0000] {dag.py:3823} INFO - Setting next_dagrun for dataset_consumes_1 to None, run_after=None
[2025-04-28T17:35:15.875+0000] {logging_mixin.py:188} INFO - [2025-04-28T17:35:15.875+0000] {dag.py:3823} INFO - Setting next_dagrun for dataset_consumes_1_and_2 to None, run_after=None
[2025-04-28T17:35:15.878+0000] {logging_mixin.py:188} INFO - [2025-04-28T17:35:15.877+0000] {dag.py:3823} INFO - Setting next_dagrun for dataset_consumes_1_never_scheduled to None, run_after=None
[2025-04-28T17:35:15.880+0000] {logging_mixin.py:188} INFO - [2025-04-28T17:35:15.880+0000] {dag.py:3823} INFO - Setting next_dagrun for dataset_consumes_unknown_never_scheduled to None, run_after=None
[2025-04-28T17:35:15.882+0000] {logging_mixin.py:188} INFO - [2025-04-28T17:35:15.882+0000] {dag.py:3823} INFO - Setting next_dagrun for dataset_produces_1 to 2025-04-27 00:00:00+00:00, run_after=2025-04-28 00:00:00+00:00
[2025-04-28T17:35:15.882+0000] {logging_mixin.py:188} INFO - [2025-04-28T17:35:15.882+0000] {dag.py:3823} INFO - Setting next_dagrun for dataset_produces_2 to None, run_after=None
[2025-04-28T17:35:15.902+0000] {processor.py:183} INFO - Processing /home/airflow/.local/lib/python3.8/site-packages/airflow/example_dags/example_datasets.py took 0.083 seconds
[2025-04-28T17:35:46.117+0000] {processor.py:161} INFO - Started process (PID=472) to work on /home/airflow/.local/lib/python3.8/site-packages/airflow/example_dags/example_datasets.py
[2025-04-28T17:35:46.120+0000] {processor.py:830} INFO - Processing file /home/airflow/.local/lib/python3.8/site-packages/airflow/example_dags/example_datasets.py for tasks to queue
[2025-04-28T17:35:46.122+0000] {logging_mixin.py:188} INFO - [2025-04-28T17:35:46.121+0000] {dagbag.py:538} INFO - Filling up the DagBag from /home/airflow/.local/lib/python3.8/site-packages/airflow/example_dags/example_datasets.py
[2025-04-28T17:35:46.129+0000] {processor.py:840} INFO - DAG(s) 'dataset_produces_1', 'dataset_consumes_1', 'dataset_consumes_1_and_2', 'dataset_produces_2', 'dataset_consumes_1_never_scheduled', 'dataset_consumes_unknown_never_scheduled' retrieved from /home/airflow/.local/lib/python3.8/site-packages/airflow/example_dags/example_datasets.py
[2025-04-28T17:35:46.164+0000] {logging_mixin.py:188} INFO - [2025-04-28T17:35:46.164+0000] {dag.py:3036} INFO - Sync 6 DAGs
[2025-04-28T17:35:46.187+0000] {logging_mixin.py:188} INFO - [2025-04-28T17:35:46.187+0000] {dag.py:3823} INFO - Setting next_dagrun for dataset_consumes_1 to None, run_after=None
[2025-04-28T17:35:46.189+0000] {logging_mixin.py:188} INFO - [2025-04-28T17:35:46.189+0000] {dag.py:3823} INFO - Setting next_dagrun for dataset_consumes_1_and_2 to None, run_after=None
[2025-04-28T17:35:46.191+0000] {logging_mixin.py:188} INFO - [2025-04-28T17:35:46.190+0000] {dag.py:3823} INFO - Setting next_dagrun for dataset_consumes_1_never_scheduled to None, run_after=None
[2025-04-28T17:35:46.192+0000] {logging_mixin.py:188} INFO - [2025-04-28T17:35:46.192+0000] {dag.py:3823} INFO - Setting next_dagrun for dataset_consumes_unknown_never_scheduled to None, run_after=None
[2025-04-28T17:35:46.195+0000] {logging_mixin.py:188} INFO - [2025-04-28T17:35:46.195+0000] {dag.py:3823} INFO - Setting next_dagrun for dataset_produces_1 to 2025-04-27 00:00:00+00:00, run_after=2025-04-28 00:00:00+00:00
[2025-04-28T17:35:46.196+0000] {logging_mixin.py:188} INFO - [2025-04-28T17:35:46.196+0000] {dag.py:3823} INFO - Setting next_dagrun for dataset_produces_2 to None, run_after=None
[2025-04-28T17:35:46.219+0000] {processor.py:183} INFO - Processing /home/airflow/.local/lib/python3.8/site-packages/airflow/example_dags/example_datasets.py took 0.104 seconds
[2025-04-28T17:36:17.023+0000] {processor.py:161} INFO - Started process (PID=527) to work on /home/airflow/.local/lib/python3.8/site-packages/airflow/example_dags/example_datasets.py
[2025-04-28T17:36:17.030+0000] {processor.py:830} INFO - Processing file /home/airflow/.local/lib/python3.8/site-packages/airflow/example_dags/example_datasets.py for tasks to queue
[2025-04-28T17:36:17.039+0000] {logging_mixin.py:188} INFO - [2025-04-28T17:36:17.035+0000] {dagbag.py:538} INFO - Filling up the DagBag from /home/airflow/.local/lib/python3.8/site-packages/airflow/example_dags/example_datasets.py
[2025-04-28T17:36:17.086+0000] {processor.py:840} INFO - DAG(s) 'dataset_produces_1', 'dataset_consumes_1_and_2', 'dataset_produces_2', 'dataset_consumes_1_never_scheduled', 'dataset_consumes_unknown_never_scheduled', 'dataset_consumes_1' retrieved from /home/airflow/.local/lib/python3.8/site-packages/airflow/example_dags/example_datasets.py
[2025-04-28T17:36:17.232+0000] {logging_mixin.py:188} INFO - [2025-04-28T17:36:17.230+0000] {dag.py:3036} INFO - Sync 6 DAGs
[2025-04-28T17:36:17.311+0000] {logging_mixin.py:188} INFO - [2025-04-28T17:36:17.310+0000] {dag.py:3823} INFO - Setting next_dagrun for dataset_consumes_1 to None, run_after=None
[2025-04-28T17:36:17.361+0000] {logging_mixin.py:188} INFO - [2025-04-28T17:36:17.361+0000] {dag.py:3823} INFO - Setting next_dagrun for dataset_consumes_1_and_2 to None, run_after=None
[2025-04-28T17:36:17.363+0000] {logging_mixin.py:188} INFO - [2025-04-28T17:36:17.363+0000] {dag.py:3823} INFO - Setting next_dagrun for dataset_consumes_1_never_scheduled to None, run_after=None
[2025-04-28T17:36:17.364+0000] {logging_mixin.py:188} INFO - [2025-04-28T17:36:17.364+0000] {dag.py:3823} INFO - Setting next_dagrun for dataset_consumes_unknown_never_scheduled to None, run_after=None
[2025-04-28T17:36:17.367+0000] {logging_mixin.py:188} INFO - [2025-04-28T17:36:17.367+0000] {dag.py:3823} INFO - Setting next_dagrun for dataset_produces_1 to 2025-04-27 00:00:00+00:00, run_after=2025-04-28 00:00:00+00:00
[2025-04-28T17:36:17.369+0000] {logging_mixin.py:188} INFO - [2025-04-28T17:36:17.369+0000] {dag.py:3823} INFO - Setting next_dagrun for dataset_produces_2 to None, run_after=None
[2025-04-28T17:36:17.473+0000] {processor.py:183} INFO - Processing /home/airflow/.local/lib/python3.8/site-packages/airflow/example_dags/example_datasets.py took 0.462 seconds
[2025-04-28T17:36:47.590+0000] {processor.py:161} INFO - Started process (PID=582) to work on /home/airflow/.local/lib/python3.8/site-packages/airflow/example_dags/example_datasets.py
[2025-04-28T17:36:47.594+0000] {processor.py:830} INFO - Processing file /home/airflow/.local/lib/python3.8/site-packages/airflow/example_dags/example_datasets.py for tasks to queue
[2025-04-28T17:36:47.598+0000] {logging_mixin.py:188} INFO - [2025-04-28T17:36:47.598+0000] {dagbag.py:538} INFO - Filling up the DagBag from /home/airflow/.local/lib/python3.8/site-packages/airflow/example_dags/example_datasets.py
[2025-04-28T17:36:47.604+0000] {processor.py:840} INFO - DAG(s) 'dataset_consumes_1_and_2', 'dataset_consumes_1', 'dataset_consumes_1_never_scheduled', 'dataset_produces_1', 'dataset_consumes_unknown_never_scheduled', 'dataset_produces_2' retrieved from /home/airflow/.local/lib/python3.8/site-packages/airflow/example_dags/example_datasets.py
[2025-04-28T17:36:47.630+0000] {logging_mixin.py:188} INFO - [2025-04-28T17:36:47.629+0000] {dag.py:3036} INFO - Sync 6 DAGs
[2025-04-28T17:36:47.641+0000] {logging_mixin.py:188} INFO - [2025-04-28T17:36:47.640+0000] {dag.py:3823} INFO - Setting next_dagrun for dataset_consumes_1 to None, run_after=None
[2025-04-28T17:36:47.642+0000] {logging_mixin.py:188} INFO - [2025-04-28T17:36:47.642+0000] {dag.py:3823} INFO - Setting next_dagrun for dataset_consumes_1_and_2 to None, run_after=None
[2025-04-28T17:36:47.643+0000] {logging_mixin.py:188} INFO - [2025-04-28T17:36:47.643+0000] {dag.py:3823} INFO - Setting next_dagrun for dataset_consumes_1_never_scheduled to None, run_after=None
[2025-04-28T17:36:47.643+0000] {logging_mixin.py:188} INFO - [2025-04-28T17:36:47.643+0000] {dag.py:3823} INFO - Setting next_dagrun for dataset_consumes_unknown_never_scheduled to None, run_after=None
[2025-04-28T17:36:47.644+0000] {logging_mixin.py:188} INFO - [2025-04-28T17:36:47.644+0000] {dag.py:3823} INFO - Setting next_dagrun for dataset_produces_1 to 2025-04-27 00:00:00+00:00, run_after=2025-04-28 00:00:00+00:00
[2025-04-28T17:36:47.645+0000] {logging_mixin.py:188} INFO - [2025-04-28T17:36:47.645+0000] {dag.py:3823} INFO - Setting next_dagrun for dataset_produces_2 to None, run_after=None
[2025-04-28T17:36:47.666+0000] {processor.py:183} INFO - Processing /home/airflow/.local/lib/python3.8/site-packages/airflow/example_dags/example_datasets.py took 0.078 seconds
[2025-04-28T17:37:18.305+0000] {processor.py:161} INFO - Started process (PID=643) to work on /home/airflow/.local/lib/python3.8/site-packages/airflow/example_dags/example_datasets.py
[2025-04-28T17:37:18.309+0000] {processor.py:830} INFO - Processing file /home/airflow/.local/lib/python3.8/site-packages/airflow/example_dags/example_datasets.py for tasks to queue
[2025-04-28T17:37:18.311+0000] {logging_mixin.py:188} INFO - [2025-04-28T17:37:18.311+0000] {dagbag.py:538} INFO - Filling up the DagBag from /home/airflow/.local/lib/python3.8/site-packages/airflow/example_dags/example_datasets.py
[2025-04-28T17:37:18.317+0000] {processor.py:840} INFO - DAG(s) 'dataset_consumes_1', 'dataset_produces_2', 'dataset_consumes_unknown_never_scheduled', 'dataset_produces_1', 'dataset_consumes_1_and_2', 'dataset_consumes_1_never_scheduled' retrieved from /home/airflow/.local/lib/python3.8/site-packages/airflow/example_dags/example_datasets.py
[2025-04-28T17:37:18.351+0000] {logging_mixin.py:188} INFO - [2025-04-28T17:37:18.350+0000] {dag.py:3036} INFO - Sync 6 DAGs
[2025-04-28T17:37:18.366+0000] {logging_mixin.py:188} INFO - [2025-04-28T17:37:18.366+0000] {dag.py:3823} INFO - Setting next_dagrun for dataset_consumes_1 to None, run_after=None
[2025-04-28T17:37:18.371+0000] {logging_mixin.py:188} INFO - [2025-04-28T17:37:18.371+0000] {dag.py:3823} INFO - Setting next_dagrun for dataset_consumes_1_and_2 to None, run_after=None
[2025-04-28T17:37:18.373+0000] {logging_mixin.py:188} INFO - [2025-04-28T17:37:18.373+0000] {dag.py:3823} INFO - Setting next_dagrun for dataset_consumes_1_never_scheduled to None, run_after=None
[2025-04-28T17:37:18.374+0000] {logging_mixin.py:188} INFO - [2025-04-28T17:37:18.374+0000] {dag.py:3823} INFO - Setting next_dagrun for dataset_consumes_unknown_never_scheduled to None, run_after=None
[2025-04-28T17:37:18.375+0000] {logging_mixin.py:188} INFO - [2025-04-28T17:37:18.375+0000] {dag.py:3823} INFO - Setting next_dagrun for dataset_produces_1 to 2025-04-27 00:00:00+00:00, run_after=2025-04-28 00:00:00+00:00
[2025-04-28T17:37:18.376+0000] {logging_mixin.py:188} INFO - [2025-04-28T17:37:18.376+0000] {dag.py:3823} INFO - Setting next_dagrun for dataset_produces_2 to None, run_after=None
[2025-04-28T17:37:18.401+0000] {processor.py:183} INFO - Processing /home/airflow/.local/lib/python3.8/site-packages/airflow/example_dags/example_datasets.py took 0.099 seconds
[2025-04-28T17:37:48.700+0000] {processor.py:161} INFO - Started process (PID=704) to work on /home/airflow/.local/lib/python3.8/site-packages/airflow/example_dags/example_datasets.py
[2025-04-28T17:37:48.701+0000] {processor.py:830} INFO - Processing file /home/airflow/.local/lib/python3.8/site-packages/airflow/example_dags/example_datasets.py for tasks to queue
[2025-04-28T17:37:48.702+0000] {logging_mixin.py:188} INFO - [2025-04-28T17:37:48.702+0000] {dagbag.py:538} INFO - Filling up the DagBag from /home/airflow/.local/lib/python3.8/site-packages/airflow/example_dags/example_datasets.py
[2025-04-28T17:37:48.711+0000] {processor.py:840} INFO - DAG(s) 'dataset_produces_2', 'dataset_consumes_unknown_never_scheduled', 'dataset_consumes_1_and_2', 'dataset_produces_1', 'dataset_consumes_1_never_scheduled', 'dataset_consumes_1' retrieved from /home/airflow/.local/lib/python3.8/site-packages/airflow/example_dags/example_datasets.py
[2025-04-28T17:37:48.737+0000] {logging_mixin.py:188} INFO - [2025-04-28T17:37:48.737+0000] {dag.py:3036} INFO - Sync 6 DAGs
[2025-04-28T17:37:48.753+0000] {logging_mixin.py:188} INFO - [2025-04-28T17:37:48.753+0000] {dag.py:3823} INFO - Setting next_dagrun for dataset_consumes_1 to None, run_after=None
[2025-04-28T17:37:48.756+0000] {logging_mixin.py:188} INFO - [2025-04-28T17:37:48.756+0000] {dag.py:3823} INFO - Setting next_dagrun for dataset_consumes_1_and_2 to None, run_after=None
[2025-04-28T17:37:48.757+0000] {logging_mixin.py:188} INFO - [2025-04-28T17:37:48.757+0000] {dag.py:3823} INFO - Setting next_dagrun for dataset_consumes_1_never_scheduled to None, run_after=None
[2025-04-28T17:37:48.758+0000] {logging_mixin.py:188} INFO - [2025-04-28T17:37:48.758+0000] {dag.py:3823} INFO - Setting next_dagrun for dataset_consumes_unknown_never_scheduled to None, run_after=None
[2025-04-28T17:37:48.760+0000] {logging_mixin.py:188} INFO - [2025-04-28T17:37:48.759+0000] {dag.py:3823} INFO - Setting next_dagrun for dataset_produces_1 to 2025-04-27 00:00:00+00:00, run_after=2025-04-28 00:00:00+00:00
[2025-04-28T17:37:48.761+0000] {logging_mixin.py:188} INFO - [2025-04-28T17:37:48.760+0000] {dag.py:3823} INFO - Setting next_dagrun for dataset_produces_2 to None, run_after=None
[2025-04-28T17:37:48.782+0000] {processor.py:183} INFO - Processing /home/airflow/.local/lib/python3.8/site-packages/airflow/example_dags/example_datasets.py took 0.086 seconds
[2025-04-28T17:38:19.743+0000] {processor.py:161} INFO - Started process (PID=766) to work on /home/airflow/.local/lib/python3.8/site-packages/airflow/example_dags/example_datasets.py
[2025-04-28T17:38:19.745+0000] {processor.py:830} INFO - Processing file /home/airflow/.local/lib/python3.8/site-packages/airflow/example_dags/example_datasets.py for tasks to queue
[2025-04-28T17:38:19.747+0000] {logging_mixin.py:188} INFO - [2025-04-28T17:38:19.747+0000] {dagbag.py:538} INFO - Filling up the DagBag from /home/airflow/.local/lib/python3.8/site-packages/airflow/example_dags/example_datasets.py
[2025-04-28T17:38:19.759+0000] {processor.py:840} INFO - DAG(s) 'dataset_produces_1', 'dataset_consumes_1_and_2', 'dataset_produces_2', 'dataset_consumes_1', 'dataset_consumes_unknown_never_scheduled', 'dataset_consumes_1_never_scheduled' retrieved from /home/airflow/.local/lib/python3.8/site-packages/airflow/example_dags/example_datasets.py
[2025-04-28T17:38:19.805+0000] {logging_mixin.py:188} INFO - [2025-04-28T17:38:19.805+0000] {dag.py:3036} INFO - Sync 6 DAGs
[2025-04-28T17:38:19.846+0000] {logging_mixin.py:188} INFO - [2025-04-28T17:38:19.846+0000] {dag.py:3823} INFO - Setting next_dagrun for dataset_consumes_1 to None, run_after=None
[2025-04-28T17:38:19.848+0000] {logging_mixin.py:188} INFO - [2025-04-28T17:38:19.848+0000] {dag.py:3823} INFO - Setting next_dagrun for dataset_consumes_1_and_2 to None, run_after=None
[2025-04-28T17:38:19.850+0000] {logging_mixin.py:188} INFO - [2025-04-28T17:38:19.850+0000] {dag.py:3823} INFO - Setting next_dagrun for dataset_consumes_1_never_scheduled to None, run_after=None
[2025-04-28T17:38:19.852+0000] {logging_mixin.py:188} INFO - [2025-04-28T17:38:19.852+0000] {dag.py:3823} INFO - Setting next_dagrun for dataset_consumes_unknown_never_scheduled to None, run_after=None
[2025-04-28T17:38:19.853+0000] {logging_mixin.py:188} INFO - [2025-04-28T17:38:19.853+0000] {dag.py:3823} INFO - Setting next_dagrun for dataset_produces_1 to 2025-04-27 00:00:00+00:00, run_after=2025-04-28 00:00:00+00:00
[2025-04-28T17:38:19.857+0000] {logging_mixin.py:188} INFO - [2025-04-28T17:38:19.856+0000] {dag.py:3823} INFO - Setting next_dagrun for dataset_produces_2 to None, run_after=None
[2025-04-28T17:38:19.967+0000] {processor.py:183} INFO - Processing /home/airflow/.local/lib/python3.8/site-packages/airflow/example_dags/example_datasets.py took 0.241 seconds
[2025-04-28T17:38:50.304+0000] {processor.py:161} INFO - Started process (PID=828) to work on /home/airflow/.local/lib/python3.8/site-packages/airflow/example_dags/example_datasets.py
[2025-04-28T17:38:50.306+0000] {processor.py:830} INFO - Processing file /home/airflow/.local/lib/python3.8/site-packages/airflow/example_dags/example_datasets.py for tasks to queue
[2025-04-28T17:38:50.309+0000] {logging_mixin.py:188} INFO - [2025-04-28T17:38:50.309+0000] {dagbag.py:538} INFO - Filling up the DagBag from /home/airflow/.local/lib/python3.8/site-packages/airflow/example_dags/example_datasets.py
[2025-04-28T17:38:50.318+0000] {processor.py:840} INFO - DAG(s) 'dataset_consumes_1_and_2', 'dataset_produces_2', 'dataset_consumes_1', 'dataset_produces_1', 'dataset_consumes_unknown_never_scheduled', 'dataset_consumes_1_never_scheduled' retrieved from /home/airflow/.local/lib/python3.8/site-packages/airflow/example_dags/example_datasets.py
[2025-04-28T17:38:50.352+0000] {logging_mixin.py:188} INFO - [2025-04-28T17:38:50.352+0000] {dag.py:3036} INFO - Sync 6 DAGs
[2025-04-28T17:38:50.366+0000] {logging_mixin.py:188} INFO - [2025-04-28T17:38:50.366+0000] {dag.py:3823} INFO - Setting next_dagrun for dataset_consumes_1 to None, run_after=None
[2025-04-28T17:38:50.369+0000] {logging_mixin.py:188} INFO - [2025-04-28T17:38:50.368+0000] {dag.py:3823} INFO - Setting next_dagrun for dataset_consumes_1_and_2 to None, run_after=None
[2025-04-28T17:38:50.370+0000] {logging_mixin.py:188} INFO - [2025-04-28T17:38:50.370+0000] {dag.py:3823} INFO - Setting next_dagrun for dataset_consumes_1_never_scheduled to None, run_after=None
[2025-04-28T17:38:50.371+0000] {logging_mixin.py:188} INFO - [2025-04-28T17:38:50.371+0000] {dag.py:3823} INFO - Setting next_dagrun for dataset_consumes_unknown_never_scheduled to None, run_after=None
[2025-04-28T17:38:50.373+0000] {logging_mixin.py:188} INFO - [2025-04-28T17:38:50.373+0000] {dag.py:3823} INFO - Setting next_dagrun for dataset_produces_1 to 2025-04-27 00:00:00+00:00, run_after=2025-04-28 00:00:00+00:00
[2025-04-28T17:38:50.374+0000] {logging_mixin.py:188} INFO - [2025-04-28T17:38:50.374+0000] {dag.py:3823} INFO - Setting next_dagrun for dataset_produces_2 to None, run_after=None
[2025-04-28T17:38:50.393+0000] {processor.py:183} INFO - Processing /home/airflow/.local/lib/python3.8/site-packages/airflow/example_dags/example_datasets.py took 0.093 seconds
[2025-04-28T17:39:21.280+0000] {processor.py:161} INFO - Started process (PID=884) to work on /home/airflow/.local/lib/python3.8/site-packages/airflow/example_dags/example_datasets.py
[2025-04-28T17:39:21.281+0000] {processor.py:830} INFO - Processing file /home/airflow/.local/lib/python3.8/site-packages/airflow/example_dags/example_datasets.py for tasks to queue
[2025-04-28T17:39:21.282+0000] {logging_mixin.py:188} INFO - [2025-04-28T17:39:21.282+0000] {dagbag.py:538} INFO - Filling up the DagBag from /home/airflow/.local/lib/python3.8/site-packages/airflow/example_dags/example_datasets.py
[2025-04-28T17:39:21.288+0000] {processor.py:840} INFO - DAG(s) 'dataset_consumes_unknown_never_scheduled', 'dataset_consumes_1_never_scheduled', 'dataset_produces_1', 'dataset_consumes_1_and_2', 'dataset_consumes_1', 'dataset_produces_2' retrieved from /home/airflow/.local/lib/python3.8/site-packages/airflow/example_dags/example_datasets.py
[2025-04-28T17:39:21.323+0000] {logging_mixin.py:188} INFO - [2025-04-28T17:39:21.323+0000] {dag.py:3036} INFO - Sync 6 DAGs
[2025-04-28T17:39:21.336+0000] {logging_mixin.py:188} INFO - [2025-04-28T17:39:21.336+0000] {dag.py:3823} INFO - Setting next_dagrun for dataset_consumes_1 to None, run_after=None
[2025-04-28T17:39:21.338+0000] {logging_mixin.py:188} INFO - [2025-04-28T17:39:21.338+0000] {dag.py:3823} INFO - Setting next_dagrun for dataset_consumes_1_and_2 to None, run_after=None
[2025-04-28T17:39:21.339+0000] {logging_mixin.py:188} INFO - [2025-04-28T17:39:21.339+0000] {dag.py:3823} INFO - Setting next_dagrun for dataset_consumes_1_never_scheduled to None, run_after=None
[2025-04-28T17:39:21.340+0000] {logging_mixin.py:188} INFO - [2025-04-28T17:39:21.340+0000] {dag.py:3823} INFO - Setting next_dagrun for dataset_consumes_unknown_never_scheduled to None, run_after=None
[2025-04-28T17:39:21.341+0000] {logging_mixin.py:188} INFO - [2025-04-28T17:39:21.341+0000] {dag.py:3823} INFO - Setting next_dagrun for dataset_produces_1 to 2025-04-27 00:00:00+00:00, run_after=2025-04-28 00:00:00+00:00
[2025-04-28T17:39:21.343+0000] {logging_mixin.py:188} INFO - [2025-04-28T17:39:21.343+0000] {dag.py:3823} INFO - Setting next_dagrun for dataset_produces_2 to None, run_after=None
[2025-04-28T17:39:21.365+0000] {processor.py:183} INFO - Processing /home/airflow/.local/lib/python3.8/site-packages/airflow/example_dags/example_datasets.py took 0.089 seconds
[2025-04-28T17:39:51.679+0000] {processor.py:161} INFO - Started process (PID=942) to work on /home/airflow/.local/lib/python3.8/site-packages/airflow/example_dags/example_datasets.py
[2025-04-28T17:39:51.683+0000] {processor.py:830} INFO - Processing file /home/airflow/.local/lib/python3.8/site-packages/airflow/example_dags/example_datasets.py for tasks to queue
[2025-04-28T17:39:51.686+0000] {logging_mixin.py:188} INFO - [2025-04-28T17:39:51.686+0000] {dagbag.py:538} INFO - Filling up the DagBag from /home/airflow/.local/lib/python3.8/site-packages/airflow/example_dags/example_datasets.py
[2025-04-28T17:39:51.696+0000] {processor.py:840} INFO - DAG(s) 'dataset_consumes_1', 'dataset_produces_1', 'dataset_consumes_1_never_scheduled', 'dataset_produces_2', 'dataset_consumes_unknown_never_scheduled', 'dataset_consumes_1_and_2' retrieved from /home/airflow/.local/lib/python3.8/site-packages/airflow/example_dags/example_datasets.py
[2025-04-28T17:39:51.745+0000] {logging_mixin.py:188} INFO - [2025-04-28T17:39:51.745+0000] {dag.py:3036} INFO - Sync 6 DAGs
[2025-04-28T17:39:51.759+0000] {logging_mixin.py:188} INFO - [2025-04-28T17:39:51.759+0000] {dag.py:3823} INFO - Setting next_dagrun for dataset_consumes_1 to None, run_after=None
[2025-04-28T17:39:51.762+0000] {logging_mixin.py:188} INFO - [2025-04-28T17:39:51.762+0000] {dag.py:3823} INFO - Setting next_dagrun for dataset_consumes_1_and_2 to None, run_after=None
[2025-04-28T17:39:51.763+0000] {logging_mixin.py:188} INFO - [2025-04-28T17:39:51.763+0000] {dag.py:3823} INFO - Setting next_dagrun for dataset_consumes_1_never_scheduled to None, run_after=None
[2025-04-28T17:39:51.767+0000] {logging_mixin.py:188} INFO - [2025-04-28T17:39:51.766+0000] {dag.py:3823} INFO - Setting next_dagrun for dataset_consumes_unknown_never_scheduled to None, run_after=None
[2025-04-28T17:39:51.768+0000] {logging_mixin.py:188} INFO - [2025-04-28T17:39:51.768+0000] {dag.py:3823} INFO - Setting next_dagrun for dataset_produces_1 to 2025-04-27 00:00:00+00:00, run_after=2025-04-28 00:00:00+00:00
[2025-04-28T17:39:51.769+0000] {logging_mixin.py:188} INFO - [2025-04-28T17:39:51.769+0000] {dag.py:3823} INFO - Setting next_dagrun for dataset_produces_2 to None, run_after=None
[2025-04-28T17:39:51.785+0000] {processor.py:183} INFO - Processing /home/airflow/.local/lib/python3.8/site-packages/airflow/example_dags/example_datasets.py took 0.109 seconds
[2025-04-28T17:40:22.623+0000] {processor.py:161} INFO - Started process (PID=1002) to work on /home/airflow/.local/lib/python3.8/site-packages/airflow/example_dags/example_datasets.py
[2025-04-28T17:40:22.624+0000] {processor.py:830} INFO - Processing file /home/airflow/.local/lib/python3.8/site-packages/airflow/example_dags/example_datasets.py for tasks to queue
[2025-04-28T17:40:22.626+0000] {logging_mixin.py:188} INFO - [2025-04-28T17:40:22.626+0000] {dagbag.py:538} INFO - Filling up the DagBag from /home/airflow/.local/lib/python3.8/site-packages/airflow/example_dags/example_datasets.py
[2025-04-28T17:40:22.633+0000] {processor.py:840} INFO - DAG(s) 'dataset_consumes_unknown_never_scheduled', 'dataset_consumes_1_and_2', 'dataset_produces_1', 'dataset_consumes_1_never_scheduled', 'dataset_produces_2', 'dataset_consumes_1' retrieved from /home/airflow/.local/lib/python3.8/site-packages/airflow/example_dags/example_datasets.py
[2025-04-28T17:40:22.664+0000] {logging_mixin.py:188} INFO - [2025-04-28T17:40:22.663+0000] {dag.py:3036} INFO - Sync 6 DAGs
[2025-04-28T17:40:22.682+0000] {logging_mixin.py:188} INFO - [2025-04-28T17:40:22.682+0000] {dag.py:3823} INFO - Setting next_dagrun for dataset_consumes_1 to None, run_after=None
[2025-04-28T17:40:22.685+0000] {logging_mixin.py:188} INFO - [2025-04-28T17:40:22.685+0000] {dag.py:3823} INFO - Setting next_dagrun for dataset_consumes_1_and_2 to None, run_after=None
[2025-04-28T17:40:22.685+0000] {logging_mixin.py:188} INFO - [2025-04-28T17:40:22.685+0000] {dag.py:3823} INFO - Setting next_dagrun for dataset_consumes_1_never_scheduled to None, run_after=None
[2025-04-28T17:40:22.686+0000] {logging_mixin.py:188} INFO - [2025-04-28T17:40:22.686+0000] {dag.py:3823} INFO - Setting next_dagrun for dataset_consumes_unknown_never_scheduled to None, run_after=None
[2025-04-28T17:40:22.688+0000] {logging_mixin.py:188} INFO - [2025-04-28T17:40:22.688+0000] {dag.py:3823} INFO - Setting next_dagrun for dataset_produces_1 to 2025-04-27 00:00:00+00:00, run_after=2025-04-28 00:00:00+00:00
[2025-04-28T17:40:22.689+0000] {logging_mixin.py:188} INFO - [2025-04-28T17:40:22.689+0000] {dag.py:3823} INFO - Setting next_dagrun for dataset_produces_2 to None, run_after=None
[2025-04-28T17:40:22.715+0000] {processor.py:183} INFO - Processing /home/airflow/.local/lib/python3.8/site-packages/airflow/example_dags/example_datasets.py took 0.098 seconds
[2025-04-28T17:40:53.762+0000] {processor.py:161} INFO - Started process (PID=1061) to work on /home/airflow/.local/lib/python3.8/site-packages/airflow/example_dags/example_datasets.py
[2025-04-28T17:40:53.764+0000] {processor.py:830} INFO - Processing file /home/airflow/.local/lib/python3.8/site-packages/airflow/example_dags/example_datasets.py for tasks to queue
[2025-04-28T17:40:53.765+0000] {logging_mixin.py:188} INFO - [2025-04-28T17:40:53.765+0000] {dagbag.py:538} INFO - Filling up the DagBag from /home/airflow/.local/lib/python3.8/site-packages/airflow/example_dags/example_datasets.py
[2025-04-28T17:40:53.770+0000] {processor.py:840} INFO - DAG(s) 'dataset_consumes_1_never_scheduled', 'dataset_produces_1', 'dataset_consumes_1_and_2', 'dataset_consumes_1', 'dataset_produces_2', 'dataset_consumes_unknown_never_scheduled' retrieved from /home/airflow/.local/lib/python3.8/site-packages/airflow/example_dags/example_datasets.py
[2025-04-28T17:40:53.801+0000] {logging_mixin.py:188} INFO - [2025-04-28T17:40:53.800+0000] {dag.py:3036} INFO - Sync 6 DAGs
[2025-04-28T17:40:53.815+0000] {logging_mixin.py:188} INFO - [2025-04-28T17:40:53.815+0000] {dag.py:3823} INFO - Setting next_dagrun for dataset_consumes_1 to None, run_after=None
[2025-04-28T17:40:53.817+0000] {logging_mixin.py:188} INFO - [2025-04-28T17:40:53.817+0000] {dag.py:3823} INFO - Setting next_dagrun for dataset_consumes_1_and_2 to None, run_after=None
[2025-04-28T17:40:53.818+0000] {logging_mixin.py:188} INFO - [2025-04-28T17:40:53.818+0000] {dag.py:3823} INFO - Setting next_dagrun for dataset_consumes_1_never_scheduled to None, run_after=None
[2025-04-28T17:40:53.818+0000] {logging_mixin.py:188} INFO - [2025-04-28T17:40:53.818+0000] {dag.py:3823} INFO - Setting next_dagrun for dataset_consumes_unknown_never_scheduled to None, run_after=None
[2025-04-28T17:40:53.820+0000] {logging_mixin.py:188} INFO - [2025-04-28T17:40:53.820+0000] {dag.py:3823} INFO - Setting next_dagrun for dataset_produces_1 to 2025-04-27 00:00:00+00:00, run_after=2025-04-28 00:00:00+00:00
[2025-04-28T17:40:53.821+0000] {logging_mixin.py:188} INFO - [2025-04-28T17:40:53.820+0000] {dag.py:3823} INFO - Setting next_dagrun for dataset_produces_2 to None, run_after=None
[2025-04-28T17:40:53.841+0000] {processor.py:183} INFO - Processing /home/airflow/.local/lib/python3.8/site-packages/airflow/example_dags/example_datasets.py took 0.082 seconds
[2025-04-28T17:41:24.125+0000] {processor.py:161} INFO - Started process (PID=1117) to work on /home/airflow/.local/lib/python3.8/site-packages/airflow/example_dags/example_datasets.py
[2025-04-28T17:41:24.127+0000] {processor.py:830} INFO - Processing file /home/airflow/.local/lib/python3.8/site-packages/airflow/example_dags/example_datasets.py for tasks to queue
[2025-04-28T17:41:24.128+0000] {logging_mixin.py:188} INFO - [2025-04-28T17:41:24.128+0000] {dagbag.py:538} INFO - Filling up the DagBag from /home/airflow/.local/lib/python3.8/site-packages/airflow/example_dags/example_datasets.py
[2025-04-28T17:41:24.136+0000] {processor.py:840} INFO - DAG(s) 'dataset_consumes_unknown_never_scheduled', 'dataset_produces_1', 'dataset_consumes_1_never_scheduled', 'dataset_produces_2', 'dataset_consumes_1_and_2', 'dataset_consumes_1' retrieved from /home/airflow/.local/lib/python3.8/site-packages/airflow/example_dags/example_datasets.py
[2025-04-28T17:41:24.213+0000] {logging_mixin.py:188} INFO - [2025-04-28T17:41:24.213+0000] {dag.py:3036} INFO - Sync 6 DAGs
[2025-04-28T17:41:24.241+0000] {logging_mixin.py:188} INFO - [2025-04-28T17:41:24.241+0000] {dag.py:3823} INFO - Setting next_dagrun for dataset_consumes_1 to None, run_after=None
[2025-04-28T17:41:24.245+0000] {logging_mixin.py:188} INFO - [2025-04-28T17:41:24.244+0000] {dag.py:3823} INFO - Setting next_dagrun for dataset_consumes_1_and_2 to None, run_after=None
[2025-04-28T17:41:24.246+0000] {logging_mixin.py:188} INFO - [2025-04-28T17:41:24.245+0000] {dag.py:3823} INFO - Setting next_dagrun for dataset_consumes_1_never_scheduled to None, run_after=None
[2025-04-28T17:41:24.246+0000] {logging_mixin.py:188} INFO - [2025-04-28T17:41:24.246+0000] {dag.py:3823} INFO - Setting next_dagrun for dataset_consumes_unknown_never_scheduled to None, run_after=None
[2025-04-28T17:41:24.248+0000] {logging_mixin.py:188} INFO - [2025-04-28T17:41:24.248+0000] {dag.py:3823} INFO - Setting next_dagrun for dataset_produces_1 to 2025-04-27 00:00:00+00:00, run_after=2025-04-28 00:00:00+00:00
[2025-04-28T17:41:24.249+0000] {logging_mixin.py:188} INFO - [2025-04-28T17:41:24.249+0000] {dag.py:3823} INFO - Setting next_dagrun for dataset_produces_2 to None, run_after=None
[2025-04-28T17:41:24.306+0000] {processor.py:183} INFO - Processing /home/airflow/.local/lib/python3.8/site-packages/airflow/example_dags/example_datasets.py took 0.186 seconds
[2025-04-28T17:43:00.801+0000] {processor.py:161} INFO - Started process (PID=102) to work on /home/airflow/.local/lib/python3.8/site-packages/airflow/example_dags/example_datasets.py
[2025-04-28T17:43:00.824+0000] {processor.py:830} INFO - Processing file /home/airflow/.local/lib/python3.8/site-packages/airflow/example_dags/example_datasets.py for tasks to queue
[2025-04-28T17:43:00.845+0000] {logging_mixin.py:188} INFO - [2025-04-28T17:43:00.844+0000] {dagbag.py:538} INFO - Filling up the DagBag from /home/airflow/.local/lib/python3.8/site-packages/airflow/example_dags/example_datasets.py
[2025-04-28T17:43:00.907+0000] {processor.py:840} INFO - DAG(s) 'dataset_produces_1', 'dataset_consumes_1_and_2', 'dataset_consumes_1', 'dataset_produces_2', 'dataset_consumes_unknown_never_scheduled', 'dataset_consumes_1_never_scheduled' retrieved from /home/airflow/.local/lib/python3.8/site-packages/airflow/example_dags/example_datasets.py
[2025-04-28T17:43:01.549+0000] {logging_mixin.py:188} INFO - [2025-04-28T17:43:01.548+0000] {dag.py:3036} INFO - Sync 6 DAGs
[2025-04-28T17:43:01.635+0000] {logging_mixin.py:188} INFO - [2025-04-28T17:43:01.635+0000] {dag.py:3823} INFO - Setting next_dagrun for dataset_consumes_1 to None, run_after=None
[2025-04-28T17:43:01.643+0000] {logging_mixin.py:188} INFO - [2025-04-28T17:43:01.643+0000] {dag.py:3823} INFO - Setting next_dagrun for dataset_consumes_1_and_2 to None, run_after=None
[2025-04-28T17:43:01.645+0000] {logging_mixin.py:188} INFO - [2025-04-28T17:43:01.645+0000] {dag.py:3823} INFO - Setting next_dagrun for dataset_consumes_1_never_scheduled to None, run_after=None
[2025-04-28T17:43:01.647+0000] {logging_mixin.py:188} INFO - [2025-04-28T17:43:01.647+0000] {dag.py:3823} INFO - Setting next_dagrun for dataset_consumes_unknown_never_scheduled to None, run_after=None
[2025-04-28T17:43:01.655+0000] {logging_mixin.py:188} INFO - [2025-04-28T17:43:01.654+0000] {dag.py:3823} INFO - Setting next_dagrun for dataset_produces_1 to 2025-04-27 00:00:00+00:00, run_after=2025-04-28 00:00:00+00:00
[2025-04-28T17:43:01.657+0000] {logging_mixin.py:188} INFO - [2025-04-28T17:43:01.657+0000] {dag.py:3823} INFO - Setting next_dagrun for dataset_produces_2 to None, run_after=None
[2025-04-28T17:43:01.759+0000] {processor.py:183} INFO - Processing /home/airflow/.local/lib/python3.8/site-packages/airflow/example_dags/example_datasets.py took 1.008 seconds
[2025-04-28T17:43:32.030+0000] {processor.py:161} INFO - Started process (PID=158) to work on /home/airflow/.local/lib/python3.8/site-packages/airflow/example_dags/example_datasets.py
[2025-04-28T17:43:32.037+0000] {processor.py:830} INFO - Processing file /home/airflow/.local/lib/python3.8/site-packages/airflow/example_dags/example_datasets.py for tasks to queue
[2025-04-28T17:43:32.053+0000] {logging_mixin.py:188} INFO - [2025-04-28T17:43:32.053+0000] {dagbag.py:538} INFO - Filling up the DagBag from /home/airflow/.local/lib/python3.8/site-packages/airflow/example_dags/example_datasets.py
[2025-04-28T17:43:32.104+0000] {processor.py:840} INFO - DAG(s) 'dataset_consumes_1_never_scheduled', 'dataset_consumes_unknown_never_scheduled', 'dataset_consumes_1_and_2', 'dataset_produces_2', 'dataset_produces_1', 'dataset_consumes_1' retrieved from /home/airflow/.local/lib/python3.8/site-packages/airflow/example_dags/example_datasets.py
[2025-04-28T17:43:32.255+0000] {logging_mixin.py:188} INFO - [2025-04-28T17:43:32.255+0000] {dag.py:3036} INFO - Sync 6 DAGs
[2025-04-28T17:43:32.291+0000] {logging_mixin.py:188} INFO - [2025-04-28T17:43:32.291+0000] {dag.py:3823} INFO - Setting next_dagrun for dataset_consumes_1 to None, run_after=None
[2025-04-28T17:43:32.296+0000] {logging_mixin.py:188} INFO - [2025-04-28T17:43:32.295+0000] {dag.py:3823} INFO - Setting next_dagrun for dataset_consumes_1_and_2 to None, run_after=None
[2025-04-28T17:43:32.297+0000] {logging_mixin.py:188} INFO - [2025-04-28T17:43:32.297+0000] {dag.py:3823} INFO - Setting next_dagrun for dataset_consumes_1_never_scheduled to None, run_after=None
[2025-04-28T17:43:32.299+0000] {logging_mixin.py:188} INFO - [2025-04-28T17:43:32.299+0000] {dag.py:3823} INFO - Setting next_dagrun for dataset_consumes_unknown_never_scheduled to None, run_after=None
[2025-04-28T17:43:32.304+0000] {logging_mixin.py:188} INFO - [2025-04-28T17:43:32.304+0000] {dag.py:3823} INFO - Setting next_dagrun for dataset_produces_1 to 2025-04-27 00:00:00+00:00, run_after=2025-04-28 00:00:00+00:00
[2025-04-28T17:43:32.309+0000] {logging_mixin.py:188} INFO - [2025-04-28T17:43:32.308+0000] {dag.py:3823} INFO - Setting next_dagrun for dataset_produces_2 to None, run_after=None
[2025-04-28T17:43:32.352+0000] {processor.py:183} INFO - Processing /home/airflow/.local/lib/python3.8/site-packages/airflow/example_dags/example_datasets.py took 0.339 seconds
[2025-04-28T17:44:02.509+0000] {processor.py:161} INFO - Started process (PID=214) to work on /home/airflow/.local/lib/python3.8/site-packages/airflow/example_dags/example_datasets.py
[2025-04-28T17:44:02.512+0000] {processor.py:830} INFO - Processing file /home/airflow/.local/lib/python3.8/site-packages/airflow/example_dags/example_datasets.py for tasks to queue
[2025-04-28T17:44:02.514+0000] {logging_mixin.py:188} INFO - [2025-04-28T17:44:02.514+0000] {dagbag.py:538} INFO - Filling up the DagBag from /home/airflow/.local/lib/python3.8/site-packages/airflow/example_dags/example_datasets.py
[2025-04-28T17:44:02.524+0000] {processor.py:840} INFO - DAG(s) 'dataset_consumes_1', 'dataset_produces_2', 'dataset_consumes_unknown_never_scheduled', 'dataset_consumes_1_and_2', 'dataset_consumes_1_never_scheduled', 'dataset_produces_1' retrieved from /home/airflow/.local/lib/python3.8/site-packages/airflow/example_dags/example_datasets.py
[2025-04-28T17:44:02.556+0000] {logging_mixin.py:188} INFO - [2025-04-28T17:44:02.556+0000] {dag.py:3036} INFO - Sync 6 DAGs
[2025-04-28T17:44:02.572+0000] {logging_mixin.py:188} INFO - [2025-04-28T17:44:02.572+0000] {dag.py:3823} INFO - Setting next_dagrun for dataset_consumes_1 to None, run_after=None
[2025-04-28T17:44:02.575+0000] {logging_mixin.py:188} INFO - [2025-04-28T17:44:02.575+0000] {dag.py:3823} INFO - Setting next_dagrun for dataset_consumes_1_and_2 to None, run_after=None
[2025-04-28T17:44:02.576+0000] {logging_mixin.py:188} INFO - [2025-04-28T17:44:02.576+0000] {dag.py:3823} INFO - Setting next_dagrun for dataset_consumes_1_never_scheduled to None, run_after=None
[2025-04-28T17:44:02.577+0000] {logging_mixin.py:188} INFO - [2025-04-28T17:44:02.577+0000] {dag.py:3823} INFO - Setting next_dagrun for dataset_consumes_unknown_never_scheduled to None, run_after=None
[2025-04-28T17:44:02.579+0000] {logging_mixin.py:188} INFO - [2025-04-28T17:44:02.579+0000] {dag.py:3823} INFO - Setting next_dagrun for dataset_produces_1 to 2025-04-27 00:00:00+00:00, run_after=2025-04-28 00:00:00+00:00
[2025-04-28T17:44:02.582+0000] {logging_mixin.py:188} INFO - [2025-04-28T17:44:02.582+0000] {dag.py:3823} INFO - Setting next_dagrun for dataset_produces_2 to None, run_after=None
[2025-04-28T17:44:02.603+0000] {processor.py:183} INFO - Processing /home/airflow/.local/lib/python3.8/site-packages/airflow/example_dags/example_datasets.py took 0.101 seconds
[2025-04-28T17:44:32.935+0000] {processor.py:161} INFO - Started process (PID=270) to work on /home/airflow/.local/lib/python3.8/site-packages/airflow/example_dags/example_datasets.py
[2025-04-28T17:44:32.938+0000] {processor.py:830} INFO - Processing file /home/airflow/.local/lib/python3.8/site-packages/airflow/example_dags/example_datasets.py for tasks to queue
[2025-04-28T17:44:32.940+0000] {logging_mixin.py:188} INFO - [2025-04-28T17:44:32.940+0000] {dagbag.py:538} INFO - Filling up the DagBag from /home/airflow/.local/lib/python3.8/site-packages/airflow/example_dags/example_datasets.py
[2025-04-28T17:44:32.959+0000] {processor.py:840} INFO - DAG(s) 'dataset_produces_2', 'dataset_consumes_1', 'dataset_consumes_1_and_2', 'dataset_consumes_1_never_scheduled', 'dataset_consumes_unknown_never_scheduled', 'dataset_produces_1' retrieved from /home/airflow/.local/lib/python3.8/site-packages/airflow/example_dags/example_datasets.py
[2025-04-28T17:44:33.032+0000] {logging_mixin.py:188} INFO - [2025-04-28T17:44:33.032+0000] {dag.py:3036} INFO - Sync 6 DAGs
[2025-04-28T17:44:33.071+0000] {logging_mixin.py:188} INFO - [2025-04-28T17:44:33.070+0000] {dag.py:3823} INFO - Setting next_dagrun for dataset_consumes_1 to None, run_after=None
[2025-04-28T17:44:33.077+0000] {logging_mixin.py:188} INFO - [2025-04-28T17:44:33.076+0000] {dag.py:3823} INFO - Setting next_dagrun for dataset_consumes_1_and_2 to None, run_after=None
[2025-04-28T17:44:33.079+0000] {logging_mixin.py:188} INFO - [2025-04-28T17:44:33.078+0000] {dag.py:3823} INFO - Setting next_dagrun for dataset_consumes_1_never_scheduled to None, run_after=None
[2025-04-28T17:44:33.080+0000] {logging_mixin.py:188} INFO - [2025-04-28T17:44:33.080+0000] {dag.py:3823} INFO - Setting next_dagrun for dataset_consumes_unknown_never_scheduled to None, run_after=None
[2025-04-28T17:44:33.083+0000] {logging_mixin.py:188} INFO - [2025-04-28T17:44:33.083+0000] {dag.py:3823} INFO - Setting next_dagrun for dataset_produces_1 to 2025-04-27 00:00:00+00:00, run_after=2025-04-28 00:00:00+00:00
[2025-04-28T17:44:33.086+0000] {logging_mixin.py:188} INFO - [2025-04-28T17:44:33.086+0000] {dag.py:3823} INFO - Setting next_dagrun for dataset_produces_2 to None, run_after=None
[2025-04-28T17:44:33.135+0000] {processor.py:183} INFO - Processing /home/airflow/.local/lib/python3.8/site-packages/airflow/example_dags/example_datasets.py took 0.207 seconds
[2025-04-28T17:45:03.544+0000] {processor.py:161} INFO - Started process (PID=326) to work on /home/airflow/.local/lib/python3.8/site-packages/airflow/example_dags/example_datasets.py
[2025-04-28T17:45:03.548+0000] {processor.py:830} INFO - Processing file /home/airflow/.local/lib/python3.8/site-packages/airflow/example_dags/example_datasets.py for tasks to queue
[2025-04-28T17:45:03.556+0000] {logging_mixin.py:188} INFO - [2025-04-28T17:45:03.555+0000] {dagbag.py:538} INFO - Filling up the DagBag from /home/airflow/.local/lib/python3.8/site-packages/airflow/example_dags/example_datasets.py
[2025-04-28T17:45:03.578+0000] {processor.py:840} INFO - DAG(s) 'dataset_consumes_unknown_never_scheduled', 'dataset_produces_1', 'dataset_consumes_1', 'dataset_produces_2', 'dataset_consumes_1_never_scheduled', 'dataset_consumes_1_and_2' retrieved from /home/airflow/.local/lib/python3.8/site-packages/airflow/example_dags/example_datasets.py
[2025-04-28T17:45:03.677+0000] {logging_mixin.py:188} INFO - [2025-04-28T17:45:03.676+0000] {dag.py:3036} INFO - Sync 6 DAGs
[2025-04-28T17:45:03.738+0000] {logging_mixin.py:188} INFO - [2025-04-28T17:45:03.738+0000] {dag.py:3823} INFO - Setting next_dagrun for dataset_consumes_1 to None, run_after=None
[2025-04-28T17:45:03.750+0000] {logging_mixin.py:188} INFO - [2025-04-28T17:45:03.750+0000] {dag.py:3823} INFO - Setting next_dagrun for dataset_consumes_1_and_2 to None, run_after=None
[2025-04-28T17:45:03.753+0000] {logging_mixin.py:188} INFO - [2025-04-28T17:45:03.753+0000] {dag.py:3823} INFO - Setting next_dagrun for dataset_consumes_1_never_scheduled to None, run_after=None
[2025-04-28T17:45:03.765+0000] {logging_mixin.py:188} INFO - [2025-04-28T17:45:03.765+0000] {dag.py:3823} INFO - Setting next_dagrun for dataset_consumes_unknown_never_scheduled to None, run_after=None
[2025-04-28T17:45:03.772+0000] {logging_mixin.py:188} INFO - [2025-04-28T17:45:03.771+0000] {dag.py:3823} INFO - Setting next_dagrun for dataset_produces_1 to 2025-04-27 00:00:00+00:00, run_after=2025-04-28 00:00:00+00:00
[2025-04-28T17:45:03.776+0000] {logging_mixin.py:188} INFO - [2025-04-28T17:45:03.776+0000] {dag.py:3823} INFO - Setting next_dagrun for dataset_produces_2 to None, run_after=None
[2025-04-28T17:45:03.857+0000] {processor.py:183} INFO - Processing /home/airflow/.local/lib/python3.8/site-packages/airflow/example_dags/example_datasets.py took 0.332 seconds
[2025-04-28T17:45:34.919+0000] {processor.py:161} INFO - Started process (PID=382) to work on /home/airflow/.local/lib/python3.8/site-packages/airflow/example_dags/example_datasets.py
[2025-04-28T17:45:34.926+0000] {processor.py:830} INFO - Processing file /home/airflow/.local/lib/python3.8/site-packages/airflow/example_dags/example_datasets.py for tasks to queue
[2025-04-28T17:45:34.937+0000] {logging_mixin.py:188} INFO - [2025-04-28T17:45:34.936+0000] {dagbag.py:538} INFO - Filling up the DagBag from /home/airflow/.local/lib/python3.8/site-packages/airflow/example_dags/example_datasets.py
[2025-04-28T17:45:34.957+0000] {processor.py:840} INFO - DAG(s) 'dataset_produces_1', 'dataset_consumes_1_never_scheduled', 'dataset_produces_2', 'dataset_consumes_unknown_never_scheduled', 'dataset_consumes_1', 'dataset_consumes_1_and_2' retrieved from /home/airflow/.local/lib/python3.8/site-packages/airflow/example_dags/example_datasets.py
[2025-04-28T17:45:35.065+0000] {logging_mixin.py:188} INFO - [2025-04-28T17:45:35.065+0000] {dag.py:3036} INFO - Sync 6 DAGs
[2025-04-28T17:45:35.095+0000] {logging_mixin.py:188} INFO - [2025-04-28T17:45:35.094+0000] {dag.py:3823} INFO - Setting next_dagrun for dataset_consumes_1 to None, run_after=None
[2025-04-28T17:45:35.100+0000] {logging_mixin.py:188} INFO - [2025-04-28T17:45:35.099+0000] {dag.py:3823} INFO - Setting next_dagrun for dataset_consumes_1_and_2 to None, run_after=None
[2025-04-28T17:45:35.104+0000] {logging_mixin.py:188} INFO - [2025-04-28T17:45:35.104+0000] {dag.py:3823} INFO - Setting next_dagrun for dataset_consumes_1_never_scheduled to None, run_after=None
[2025-04-28T17:45:35.106+0000] {logging_mixin.py:188} INFO - [2025-04-28T17:45:35.106+0000] {dag.py:3823} INFO - Setting next_dagrun for dataset_consumes_unknown_never_scheduled to None, run_after=None
[2025-04-28T17:45:35.113+0000] {logging_mixin.py:188} INFO - [2025-04-28T17:45:35.112+0000] {dag.py:3823} INFO - Setting next_dagrun for dataset_produces_1 to 2025-04-27 00:00:00+00:00, run_after=2025-04-28 00:00:00+00:00
[2025-04-28T17:45:35.118+0000] {logging_mixin.py:188} INFO - [2025-04-28T17:45:35.118+0000] {dag.py:3823} INFO - Setting next_dagrun for dataset_produces_2 to None, run_after=None
[2025-04-28T17:45:35.183+0000] {processor.py:183} INFO - Processing /home/airflow/.local/lib/python3.8/site-packages/airflow/example_dags/example_datasets.py took 0.286 seconds
[2025-04-28T17:46:05.554+0000] {processor.py:161} INFO - Started process (PID=438) to work on /home/airflow/.local/lib/python3.8/site-packages/airflow/example_dags/example_datasets.py
[2025-04-28T17:46:05.555+0000] {processor.py:830} INFO - Processing file /home/airflow/.local/lib/python3.8/site-packages/airflow/example_dags/example_datasets.py for tasks to queue
[2025-04-28T17:46:05.557+0000] {logging_mixin.py:188} INFO - [2025-04-28T17:46:05.557+0000] {dagbag.py:538} INFO - Filling up the DagBag from /home/airflow/.local/lib/python3.8/site-packages/airflow/example_dags/example_datasets.py
[2025-04-28T17:46:05.567+0000] {processor.py:840} INFO - DAG(s) 'dataset_consumes_1', 'dataset_consumes_1_never_scheduled', 'dataset_produces_2', 'dataset_consumes_1_and_2', 'dataset_consumes_unknown_never_scheduled', 'dataset_produces_1' retrieved from /home/airflow/.local/lib/python3.8/site-packages/airflow/example_dags/example_datasets.py
[2025-04-28T17:46:05.587+0000] {logging_mixin.py:188} INFO - [2025-04-28T17:46:05.587+0000] {dag.py:3036} INFO - Sync 6 DAGs
[2025-04-28T17:46:05.601+0000] {logging_mixin.py:188} INFO - [2025-04-28T17:46:05.601+0000] {dag.py:3823} INFO - Setting next_dagrun for dataset_consumes_1 to None, run_after=None
[2025-04-28T17:46:05.603+0000] {logging_mixin.py:188} INFO - [2025-04-28T17:46:05.603+0000] {dag.py:3823} INFO - Setting next_dagrun for dataset_consumes_1_and_2 to None, run_after=None
[2025-04-28T17:46:05.607+0000] {logging_mixin.py:188} INFO - [2025-04-28T17:46:05.606+0000] {dag.py:3823} INFO - Setting next_dagrun for dataset_consumes_1_never_scheduled to None, run_after=None
[2025-04-28T17:46:05.607+0000] {logging_mixin.py:188} INFO - [2025-04-28T17:46:05.607+0000] {dag.py:3823} INFO - Setting next_dagrun for dataset_consumes_unknown_never_scheduled to None, run_after=None
[2025-04-28T17:46:05.609+0000] {logging_mixin.py:188} INFO - [2025-04-28T17:46:05.609+0000] {dag.py:3823} INFO - Setting next_dagrun for dataset_produces_1 to 2025-04-27 00:00:00+00:00, run_after=2025-04-28 00:00:00+00:00
[2025-04-28T17:46:05.612+0000] {logging_mixin.py:188} INFO - [2025-04-28T17:46:05.612+0000] {dag.py:3823} INFO - Setting next_dagrun for dataset_produces_2 to None, run_after=None
[2025-04-28T17:46:05.631+0000] {processor.py:183} INFO - Processing /home/airflow/.local/lib/python3.8/site-packages/airflow/example_dags/example_datasets.py took 0.080 seconds
[2025-04-28T17:46:36.162+0000] {processor.py:161} INFO - Started process (PID=494) to work on /home/airflow/.local/lib/python3.8/site-packages/airflow/example_dags/example_datasets.py
[2025-04-28T17:46:36.164+0000] {processor.py:830} INFO - Processing file /home/airflow/.local/lib/python3.8/site-packages/airflow/example_dags/example_datasets.py for tasks to queue
[2025-04-28T17:46:36.166+0000] {logging_mixin.py:188} INFO - [2025-04-28T17:46:36.166+0000] {dagbag.py:538} INFO - Filling up the DagBag from /home/airflow/.local/lib/python3.8/site-packages/airflow/example_dags/example_datasets.py
[2025-04-28T17:46:36.979+0000] {logging_mixin.py:188} INFO - [2025-04-28T17:46:36.978+0000] {process_utils.py:262} INFO - Waiting up to 5 seconds for processes to exit...
