[2025-04-28T17:32:05.416+0000] {processor.py:161} INFO - Started process (PID=59) to work on /home/airflow/.local/lib/python3.8/site-packages/airflow/example_dags/example_branch_day_of_week_operator.py
[2025-04-28T17:32:05.418+0000] {processor.py:830} INFO - Processing file /home/airflow/.local/lib/python3.8/site-packages/airflow/example_dags/example_branch_day_of_week_operator.py for tasks to queue
[2025-04-28T17:32:05.422+0000] {logging_mixin.py:188} INFO - [2025-04-28T17:32:05.421+0000] {dagbag.py:538} INFO - Filling up the DagBag from /home/airflow/.local/lib/python3.8/site-packages/airflow/example_dags/example_branch_day_of_week_operator.py
[2025-04-28T17:32:05.439+0000] {processor.py:840} INFO - DAG(s) 'example_weekday_branch_operator' retrieved from /home/airflow/.local/lib/python3.8/site-packages/airflow/example_dags/example_branch_day_of_week_operator.py
[2025-04-28T17:32:05.453+0000] {logging_mixin.py:188} INFO - [2025-04-28T17:32:05.452+0000] {dag.py:3036} INFO - Sync 1 DAGs
[2025-04-28T17:32:05.480+0000] {logging_mixin.py:188} INFO - [2025-04-28T17:32:05.480+0000] {dag.py:3823} INFO - Setting next_dagrun for example_weekday_branch_operator to 2025-04-27 00:00:00+00:00, run_after=2025-04-28 00:00:00+00:00
[2025-04-28T17:32:05.500+0000] {processor.py:183} INFO - Processing /home/airflow/.local/lib/python3.8/site-packages/airflow/example_dags/example_branch_day_of_week_operator.py took 0.096 seconds
[2025-04-28T17:32:36.156+0000] {processor.py:161} INFO - Started process (PID=114) to work on /home/airflow/.local/lib/python3.8/site-packages/airflow/example_dags/example_branch_day_of_week_operator.py
[2025-04-28T17:32:36.157+0000] {processor.py:830} INFO - Processing file /home/airflow/.local/lib/python3.8/site-packages/airflow/example_dags/example_branch_day_of_week_operator.py for tasks to queue
[2025-04-28T17:32:36.160+0000] {logging_mixin.py:188} INFO - [2025-04-28T17:32:36.160+0000] {dagbag.py:538} INFO - Filling up the DagBag from /home/airflow/.local/lib/python3.8/site-packages/airflow/example_dags/example_branch_day_of_week_operator.py
[2025-04-28T17:32:36.166+0000] {processor.py:840} INFO - DAG(s) 'example_weekday_branch_operator' retrieved from /home/airflow/.local/lib/python3.8/site-packages/airflow/example_dags/example_branch_day_of_week_operator.py
[2025-04-28T17:32:36.238+0000] {logging_mixin.py:188} INFO - [2025-04-28T17:32:36.238+0000] {dag.py:3036} INFO - Sync 1 DAGs
[2025-04-28T17:32:36.249+0000] {logging_mixin.py:188} INFO - [2025-04-28T17:32:36.249+0000] {dag.py:3823} INFO - Setting next_dagrun for example_weekday_branch_operator to 2025-04-27 00:00:00+00:00, run_after=2025-04-28 00:00:00+00:00
[2025-04-28T17:32:36.263+0000] {processor.py:183} INFO - Processing /home/airflow/.local/lib/python3.8/site-packages/airflow/example_dags/example_branch_day_of_week_operator.py took 0.109 seconds
[2025-04-28T17:33:07.084+0000] {processor.py:161} INFO - Started process (PID=169) to work on /home/airflow/.local/lib/python3.8/site-packages/airflow/example_dags/example_branch_day_of_week_operator.py
[2025-04-28T17:33:07.085+0000] {processor.py:830} INFO - Processing file /home/airflow/.local/lib/python3.8/site-packages/airflow/example_dags/example_branch_day_of_week_operator.py for tasks to queue
[2025-04-28T17:33:07.086+0000] {logging_mixin.py:188} INFO - [2025-04-28T17:33:07.086+0000] {dagbag.py:538} INFO - Filling up the DagBag from /home/airflow/.local/lib/python3.8/site-packages/airflow/example_dags/example_branch_day_of_week_operator.py
[2025-04-28T17:33:07.092+0000] {processor.py:840} INFO - DAG(s) 'example_weekday_branch_operator' retrieved from /home/airflow/.local/lib/python3.8/site-packages/airflow/example_dags/example_branch_day_of_week_operator.py
[2025-04-28T17:33:07.110+0000] {logging_mixin.py:188} INFO - [2025-04-28T17:33:07.110+0000] {dag.py:3036} INFO - Sync 1 DAGs
[2025-04-28T17:33:07.122+0000] {logging_mixin.py:188} INFO - [2025-04-28T17:33:07.122+0000] {dag.py:3823} INFO - Setting next_dagrun for example_weekday_branch_operator to 2025-04-27 00:00:00+00:00, run_after=2025-04-28 00:00:00+00:00
[2025-04-28T17:33:07.136+0000] {processor.py:183} INFO - Processing /home/airflow/.local/lib/python3.8/site-packages/airflow/example_dags/example_branch_day_of_week_operator.py took 0.055 seconds
[2025-04-28T17:33:37.949+0000] {processor.py:161} INFO - Started process (PID=224) to work on /home/airflow/.local/lib/python3.8/site-packages/airflow/example_dags/example_branch_day_of_week_operator.py
[2025-04-28T17:33:37.950+0000] {processor.py:830} INFO - Processing file /home/airflow/.local/lib/python3.8/site-packages/airflow/example_dags/example_branch_day_of_week_operator.py for tasks to queue
[2025-04-28T17:33:37.951+0000] {logging_mixin.py:188} INFO - [2025-04-28T17:33:37.951+0000] {dagbag.py:538} INFO - Filling up the DagBag from /home/airflow/.local/lib/python3.8/site-packages/airflow/example_dags/example_branch_day_of_week_operator.py
[2025-04-28T17:33:37.958+0000] {processor.py:840} INFO - DAG(s) 'example_weekday_branch_operator' retrieved from /home/airflow/.local/lib/python3.8/site-packages/airflow/example_dags/example_branch_day_of_week_operator.py
[2025-04-28T17:33:37.970+0000] {logging_mixin.py:188} INFO - [2025-04-28T17:33:37.970+0000] {dag.py:3036} INFO - Sync 1 DAGs
[2025-04-28T17:33:37.980+0000] {logging_mixin.py:188} INFO - [2025-04-28T17:33:37.980+0000] {dag.py:3823} INFO - Setting next_dagrun for example_weekday_branch_operator to 2025-04-27 00:00:00+00:00, run_after=2025-04-28 00:00:00+00:00
[2025-04-28T17:33:37.989+0000] {processor.py:183} INFO - Processing /home/airflow/.local/lib/python3.8/site-packages/airflow/example_dags/example_branch_day_of_week_operator.py took 0.047 seconds
[2025-04-28T17:34:08.597+0000] {processor.py:161} INFO - Started process (PID=279) to work on /home/airflow/.local/lib/python3.8/site-packages/airflow/example_dags/example_branch_day_of_week_operator.py
[2025-04-28T17:34:08.600+0000] {processor.py:830} INFO - Processing file /home/airflow/.local/lib/python3.8/site-packages/airflow/example_dags/example_branch_day_of_week_operator.py for tasks to queue
[2025-04-28T17:34:08.601+0000] {logging_mixin.py:188} INFO - [2025-04-28T17:34:08.601+0000] {dagbag.py:538} INFO - Filling up the DagBag from /home/airflow/.local/lib/python3.8/site-packages/airflow/example_dags/example_branch_day_of_week_operator.py
[2025-04-28T17:34:08.607+0000] {processor.py:840} INFO - DAG(s) 'example_weekday_branch_operator' retrieved from /home/airflow/.local/lib/python3.8/site-packages/airflow/example_dags/example_branch_day_of_week_operator.py
[2025-04-28T17:34:08.627+0000] {logging_mixin.py:188} INFO - [2025-04-28T17:34:08.627+0000] {dag.py:3036} INFO - Sync 1 DAGs
[2025-04-28T17:34:08.643+0000] {logging_mixin.py:188} INFO - [2025-04-28T17:34:08.643+0000] {dag.py:3823} INFO - Setting next_dagrun for example_weekday_branch_operator to 2025-04-27 00:00:00+00:00, run_after=2025-04-28 00:00:00+00:00
[2025-04-28T17:34:08.659+0000] {processor.py:183} INFO - Processing /home/airflow/.local/lib/python3.8/site-packages/airflow/example_dags/example_branch_day_of_week_operator.py took 0.067 seconds
[2025-04-28T17:34:38.722+0000] {processor.py:161} INFO - Started process (PID=334) to work on /home/airflow/.local/lib/python3.8/site-packages/airflow/example_dags/example_branch_day_of_week_operator.py
[2025-04-28T17:34:38.724+0000] {processor.py:830} INFO - Processing file /home/airflow/.local/lib/python3.8/site-packages/airflow/example_dags/example_branch_day_of_week_operator.py for tasks to queue
[2025-04-28T17:34:38.725+0000] {logging_mixin.py:188} INFO - [2025-04-28T17:34:38.724+0000] {dagbag.py:538} INFO - Filling up the DagBag from /home/airflow/.local/lib/python3.8/site-packages/airflow/example_dags/example_branch_day_of_week_operator.py
[2025-04-28T17:34:38.729+0000] {processor.py:840} INFO - DAG(s) 'example_weekday_branch_operator' retrieved from /home/airflow/.local/lib/python3.8/site-packages/airflow/example_dags/example_branch_day_of_week_operator.py
[2025-04-28T17:34:38.739+0000] {logging_mixin.py:188} INFO - [2025-04-28T17:34:38.739+0000] {dag.py:3036} INFO - Sync 1 DAGs
[2025-04-28T17:34:38.750+0000] {logging_mixin.py:188} INFO - [2025-04-28T17:34:38.750+0000] {dag.py:3823} INFO - Setting next_dagrun for example_weekday_branch_operator to 2025-04-27 00:00:00+00:00, run_after=2025-04-28 00:00:00+00:00
[2025-04-28T17:34:38.759+0000] {processor.py:183} INFO - Processing /home/airflow/.local/lib/python3.8/site-packages/airflow/example_dags/example_branch_day_of_week_operator.py took 0.038 seconds
[2025-04-28T17:35:09.314+0000] {processor.py:161} INFO - Started process (PID=389) to work on /home/airflow/.local/lib/python3.8/site-packages/airflow/example_dags/example_branch_day_of_week_operator.py
[2025-04-28T17:35:09.315+0000] {processor.py:830} INFO - Processing file /home/airflow/.local/lib/python3.8/site-packages/airflow/example_dags/example_branch_day_of_week_operator.py for tasks to queue
[2025-04-28T17:35:09.316+0000] {logging_mixin.py:188} INFO - [2025-04-28T17:35:09.316+0000] {dagbag.py:538} INFO - Filling up the DagBag from /home/airflow/.local/lib/python3.8/site-packages/airflow/example_dags/example_branch_day_of_week_operator.py
[2025-04-28T17:35:09.320+0000] {processor.py:840} INFO - DAG(s) 'example_weekday_branch_operator' retrieved from /home/airflow/.local/lib/python3.8/site-packages/airflow/example_dags/example_branch_day_of_week_operator.py
[2025-04-28T17:35:09.331+0000] {logging_mixin.py:188} INFO - [2025-04-28T17:35:09.331+0000] {dag.py:3036} INFO - Sync 1 DAGs
[2025-04-28T17:35:09.342+0000] {logging_mixin.py:188} INFO - [2025-04-28T17:35:09.341+0000] {dag.py:3823} INFO - Setting next_dagrun for example_weekday_branch_operator to 2025-04-27 00:00:00+00:00, run_after=2025-04-28 00:00:00+00:00
[2025-04-28T17:35:09.350+0000] {processor.py:183} INFO - Processing /home/airflow/.local/lib/python3.8/site-packages/airflow/example_dags/example_branch_day_of_week_operator.py took 0.038 seconds
[2025-04-28T17:35:39.807+0000] {processor.py:161} INFO - Started process (PID=444) to work on /home/airflow/.local/lib/python3.8/site-packages/airflow/example_dags/example_branch_day_of_week_operator.py
[2025-04-28T17:35:39.808+0000] {processor.py:830} INFO - Processing file /home/airflow/.local/lib/python3.8/site-packages/airflow/example_dags/example_branch_day_of_week_operator.py for tasks to queue
[2025-04-28T17:35:39.809+0000] {logging_mixin.py:188} INFO - [2025-04-28T17:35:39.809+0000] {dagbag.py:538} INFO - Filling up the DagBag from /home/airflow/.local/lib/python3.8/site-packages/airflow/example_dags/example_branch_day_of_week_operator.py
[2025-04-28T17:35:39.814+0000] {processor.py:840} INFO - DAG(s) 'example_weekday_branch_operator' retrieved from /home/airflow/.local/lib/python3.8/site-packages/airflow/example_dags/example_branch_day_of_week_operator.py
[2025-04-28T17:35:39.828+0000] {logging_mixin.py:188} INFO - [2025-04-28T17:35:39.827+0000] {dag.py:3036} INFO - Sync 1 DAGs
[2025-04-28T17:35:39.839+0000] {logging_mixin.py:188} INFO - [2025-04-28T17:35:39.839+0000] {dag.py:3823} INFO - Setting next_dagrun for example_weekday_branch_operator to 2025-04-27 00:00:00+00:00, run_after=2025-04-28 00:00:00+00:00
[2025-04-28T17:35:39.849+0000] {processor.py:183} INFO - Processing /home/airflow/.local/lib/python3.8/site-packages/airflow/example_dags/example_branch_day_of_week_operator.py took 0.045 seconds
[2025-04-28T17:36:10.686+0000] {processor.py:161} INFO - Started process (PID=499) to work on /home/airflow/.local/lib/python3.8/site-packages/airflow/example_dags/example_branch_day_of_week_operator.py
[2025-04-28T17:36:10.688+0000] {processor.py:830} INFO - Processing file /home/airflow/.local/lib/python3.8/site-packages/airflow/example_dags/example_branch_day_of_week_operator.py for tasks to queue
[2025-04-28T17:36:10.691+0000] {logging_mixin.py:188} INFO - [2025-04-28T17:36:10.691+0000] {dagbag.py:538} INFO - Filling up the DagBag from /home/airflow/.local/lib/python3.8/site-packages/airflow/example_dags/example_branch_day_of_week_operator.py
[2025-04-28T17:36:10.698+0000] {processor.py:840} INFO - DAG(s) 'example_weekday_branch_operator' retrieved from /home/airflow/.local/lib/python3.8/site-packages/airflow/example_dags/example_branch_day_of_week_operator.py
[2025-04-28T17:36:10.716+0000] {logging_mixin.py:188} INFO - [2025-04-28T17:36:10.716+0000] {dag.py:3036} INFO - Sync 1 DAGs
[2025-04-28T17:36:10.734+0000] {logging_mixin.py:188} INFO - [2025-04-28T17:36:10.734+0000] {dag.py:3823} INFO - Setting next_dagrun for example_weekday_branch_operator to 2025-04-27 00:00:00+00:00, run_after=2025-04-28 00:00:00+00:00
[2025-04-28T17:36:10.748+0000] {processor.py:183} INFO - Processing /home/airflow/.local/lib/python3.8/site-packages/airflow/example_dags/example_branch_day_of_week_operator.py took 0.066 seconds
[2025-04-28T17:36:41.040+0000] {processor.py:161} INFO - Started process (PID=554) to work on /home/airflow/.local/lib/python3.8/site-packages/airflow/example_dags/example_branch_day_of_week_operator.py
[2025-04-28T17:36:41.044+0000] {processor.py:830} INFO - Processing file /home/airflow/.local/lib/python3.8/site-packages/airflow/example_dags/example_branch_day_of_week_operator.py for tasks to queue
[2025-04-28T17:36:41.045+0000] {logging_mixin.py:188} INFO - [2025-04-28T17:36:41.045+0000] {dagbag.py:538} INFO - Filling up the DagBag from /home/airflow/.local/lib/python3.8/site-packages/airflow/example_dags/example_branch_day_of_week_operator.py
[2025-04-28T17:36:41.051+0000] {processor.py:840} INFO - DAG(s) 'example_weekday_branch_operator' retrieved from /home/airflow/.local/lib/python3.8/site-packages/airflow/example_dags/example_branch_day_of_week_operator.py
[2025-04-28T17:36:41.065+0000] {logging_mixin.py:188} INFO - [2025-04-28T17:36:41.065+0000] {dag.py:3036} INFO - Sync 1 DAGs
[2025-04-28T17:36:41.083+0000] {logging_mixin.py:188} INFO - [2025-04-28T17:36:41.082+0000] {dag.py:3823} INFO - Setting next_dagrun for example_weekday_branch_operator to 2025-04-27 00:00:00+00:00, run_after=2025-04-28 00:00:00+00:00
[2025-04-28T17:36:41.100+0000] {processor.py:183} INFO - Processing /home/airflow/.local/lib/python3.8/site-packages/airflow/example_dags/example_branch_day_of_week_operator.py took 0.064 seconds
[2025-04-28T17:37:11.406+0000] {processor.py:161} INFO - Started process (PID=614) to work on /home/airflow/.local/lib/python3.8/site-packages/airflow/example_dags/example_branch_day_of_week_operator.py
[2025-04-28T17:37:11.409+0000] {processor.py:830} INFO - Processing file /home/airflow/.local/lib/python3.8/site-packages/airflow/example_dags/example_branch_day_of_week_operator.py for tasks to queue
[2025-04-28T17:37:11.411+0000] {logging_mixin.py:188} INFO - [2025-04-28T17:37:11.411+0000] {dagbag.py:538} INFO - Filling up the DagBag from /home/airflow/.local/lib/python3.8/site-packages/airflow/example_dags/example_branch_day_of_week_operator.py
[2025-04-28T17:37:11.420+0000] {processor.py:840} INFO - DAG(s) 'example_weekday_branch_operator' retrieved from /home/airflow/.local/lib/python3.8/site-packages/airflow/example_dags/example_branch_day_of_week_operator.py
[2025-04-28T17:37:11.464+0000] {logging_mixin.py:188} INFO - [2025-04-28T17:37:11.464+0000] {dag.py:3036} INFO - Sync 1 DAGs
[2025-04-28T17:37:11.509+0000] {logging_mixin.py:188} INFO - [2025-04-28T17:37:11.509+0000] {dag.py:3823} INFO - Setting next_dagrun for example_weekday_branch_operator to 2025-04-27 00:00:00+00:00, run_after=2025-04-28 00:00:00+00:00
[2025-04-28T17:37:11.562+0000] {processor.py:183} INFO - Processing /home/airflow/.local/lib/python3.8/site-packages/airflow/example_dags/example_branch_day_of_week_operator.py took 0.164 seconds
[2025-04-28T17:37:42.944+0000] {processor.py:161} INFO - Started process (PID=676) to work on /home/airflow/.local/lib/python3.8/site-packages/airflow/example_dags/example_branch_day_of_week_operator.py
[2025-04-28T17:37:42.947+0000] {processor.py:830} INFO - Processing file /home/airflow/.local/lib/python3.8/site-packages/airflow/example_dags/example_branch_day_of_week_operator.py for tasks to queue
[2025-04-28T17:37:42.950+0000] {logging_mixin.py:188} INFO - [2025-04-28T17:37:42.949+0000] {dagbag.py:538} INFO - Filling up the DagBag from /home/airflow/.local/lib/python3.8/site-packages/airflow/example_dags/example_branch_day_of_week_operator.py
[2025-04-28T17:37:42.957+0000] {processor.py:840} INFO - DAG(s) 'example_weekday_branch_operator' retrieved from /home/airflow/.local/lib/python3.8/site-packages/airflow/example_dags/example_branch_day_of_week_operator.py
[2025-04-28T17:37:42.977+0000] {logging_mixin.py:188} INFO - [2025-04-28T17:37:42.977+0000] {dag.py:3036} INFO - Sync 1 DAGs
[2025-04-28T17:37:42.991+0000] {logging_mixin.py:188} INFO - [2025-04-28T17:37:42.991+0000] {dag.py:3823} INFO - Setting next_dagrun for example_weekday_branch_operator to 2025-04-27 00:00:00+00:00, run_after=2025-04-28 00:00:00+00:00
[2025-04-28T17:37:43.010+0000] {processor.py:183} INFO - Processing /home/airflow/.local/lib/python3.8/site-packages/airflow/example_dags/example_branch_day_of_week_operator.py took 0.068 seconds
[2025-04-28T17:38:13.037+0000] {processor.py:161} INFO - Started process (PID=737) to work on /home/airflow/.local/lib/python3.8/site-packages/airflow/example_dags/example_branch_day_of_week_operator.py
[2025-04-28T17:38:13.039+0000] {processor.py:830} INFO - Processing file /home/airflow/.local/lib/python3.8/site-packages/airflow/example_dags/example_branch_day_of_week_operator.py for tasks to queue
[2025-04-28T17:38:13.044+0000] {logging_mixin.py:188} INFO - [2025-04-28T17:38:13.044+0000] {dagbag.py:538} INFO - Filling up the DagBag from /home/airflow/.local/lib/python3.8/site-packages/airflow/example_dags/example_branch_day_of_week_operator.py
[2025-04-28T17:38:13.048+0000] {processor.py:840} INFO - DAG(s) 'example_weekday_branch_operator' retrieved from /home/airflow/.local/lib/python3.8/site-packages/airflow/example_dags/example_branch_day_of_week_operator.py
[2025-04-28T17:38:13.067+0000] {logging_mixin.py:188} INFO - [2025-04-28T17:38:13.067+0000] {dag.py:3036} INFO - Sync 1 DAGs
[2025-04-28T17:38:13.080+0000] {logging_mixin.py:188} INFO - [2025-04-28T17:38:13.080+0000] {dag.py:3823} INFO - Setting next_dagrun for example_weekday_branch_operator to 2025-04-27 00:00:00+00:00, run_after=2025-04-28 00:00:00+00:00
[2025-04-28T17:38:13.093+0000] {processor.py:183} INFO - Processing /home/airflow/.local/lib/python3.8/site-packages/airflow/example_dags/example_branch_day_of_week_operator.py took 0.064 seconds
[2025-04-28T17:38:43.433+0000] {processor.py:161} INFO - Started process (PID=798) to work on /home/airflow/.local/lib/python3.8/site-packages/airflow/example_dags/example_branch_day_of_week_operator.py
[2025-04-28T17:38:43.434+0000] {processor.py:830} INFO - Processing file /home/airflow/.local/lib/python3.8/site-packages/airflow/example_dags/example_branch_day_of_week_operator.py for tasks to queue
[2025-04-28T17:38:43.435+0000] {logging_mixin.py:188} INFO - [2025-04-28T17:38:43.435+0000] {dagbag.py:538} INFO - Filling up the DagBag from /home/airflow/.local/lib/python3.8/site-packages/airflow/example_dags/example_branch_day_of_week_operator.py
[2025-04-28T17:38:43.441+0000] {processor.py:840} INFO - DAG(s) 'example_weekday_branch_operator' retrieved from /home/airflow/.local/lib/python3.8/site-packages/airflow/example_dags/example_branch_day_of_week_operator.py
[2025-04-28T17:38:43.458+0000] {logging_mixin.py:188} INFO - [2025-04-28T17:38:43.458+0000] {dag.py:3036} INFO - Sync 1 DAGs
[2025-04-28T17:38:43.472+0000] {logging_mixin.py:188} INFO - [2025-04-28T17:38:43.472+0000] {dag.py:3823} INFO - Setting next_dagrun for example_weekday_branch_operator to 2025-04-27 00:00:00+00:00, run_after=2025-04-28 00:00:00+00:00
[2025-04-28T17:38:43.489+0000] {processor.py:183} INFO - Processing /home/airflow/.local/lib/python3.8/site-packages/airflow/example_dags/example_branch_day_of_week_operator.py took 0.060 seconds
[2025-04-28T17:39:13.584+0000] {processor.py:161} INFO - Started process (PID=855) to work on /home/airflow/.local/lib/python3.8/site-packages/airflow/example_dags/example_branch_day_of_week_operator.py
[2025-04-28T17:39:13.585+0000] {processor.py:830} INFO - Processing file /home/airflow/.local/lib/python3.8/site-packages/airflow/example_dags/example_branch_day_of_week_operator.py for tasks to queue
[2025-04-28T17:39:13.586+0000] {logging_mixin.py:188} INFO - [2025-04-28T17:39:13.586+0000] {dagbag.py:538} INFO - Filling up the DagBag from /home/airflow/.local/lib/python3.8/site-packages/airflow/example_dags/example_branch_day_of_week_operator.py
[2025-04-28T17:39:13.597+0000] {processor.py:840} INFO - DAG(s) 'example_weekday_branch_operator' retrieved from /home/airflow/.local/lib/python3.8/site-packages/airflow/example_dags/example_branch_day_of_week_operator.py
[2025-04-28T17:39:13.620+0000] {logging_mixin.py:188} INFO - [2025-04-28T17:39:13.620+0000] {dag.py:3036} INFO - Sync 1 DAGs
[2025-04-28T17:39:13.635+0000] {logging_mixin.py:188} INFO - [2025-04-28T17:39:13.635+0000] {dag.py:3823} INFO - Setting next_dagrun for example_weekday_branch_operator to 2025-04-27 00:00:00+00:00, run_after=2025-04-28 00:00:00+00:00
[2025-04-28T17:39:13.653+0000] {processor.py:183} INFO - Processing /home/airflow/.local/lib/python3.8/site-packages/airflow/example_dags/example_branch_day_of_week_operator.py took 0.077 seconds
[2025-04-28T17:39:44.374+0000] {processor.py:161} INFO - Started process (PID=913) to work on /home/airflow/.local/lib/python3.8/site-packages/airflow/example_dags/example_branch_day_of_week_operator.py
[2025-04-28T17:39:44.377+0000] {processor.py:830} INFO - Processing file /home/airflow/.local/lib/python3.8/site-packages/airflow/example_dags/example_branch_day_of_week_operator.py for tasks to queue
[2025-04-28T17:39:44.380+0000] {logging_mixin.py:188} INFO - [2025-04-28T17:39:44.380+0000] {dagbag.py:538} INFO - Filling up the DagBag from /home/airflow/.local/lib/python3.8/site-packages/airflow/example_dags/example_branch_day_of_week_operator.py
[2025-04-28T17:39:44.384+0000] {processor.py:840} INFO - DAG(s) 'example_weekday_branch_operator' retrieved from /home/airflow/.local/lib/python3.8/site-packages/airflow/example_dags/example_branch_day_of_week_operator.py
[2025-04-28T17:39:44.400+0000] {logging_mixin.py:188} INFO - [2025-04-28T17:39:44.399+0000] {dag.py:3036} INFO - Sync 1 DAGs
[2025-04-28T17:39:44.414+0000] {logging_mixin.py:188} INFO - [2025-04-28T17:39:44.414+0000] {dag.py:3823} INFO - Setting next_dagrun for example_weekday_branch_operator to 2025-04-27 00:00:00+00:00, run_after=2025-04-28 00:00:00+00:00
[2025-04-28T17:39:44.511+0000] {processor.py:183} INFO - Processing /home/airflow/.local/lib/python3.8/site-packages/airflow/example_dags/example_branch_day_of_week_operator.py took 0.145 seconds
[2025-04-28T17:40:14.952+0000] {processor.py:161} INFO - Started process (PID=973) to work on /home/airflow/.local/lib/python3.8/site-packages/airflow/example_dags/example_branch_day_of_week_operator.py
[2025-04-28T17:40:14.953+0000] {processor.py:830} INFO - Processing file /home/airflow/.local/lib/python3.8/site-packages/airflow/example_dags/example_branch_day_of_week_operator.py for tasks to queue
[2025-04-28T17:40:14.954+0000] {logging_mixin.py:188} INFO - [2025-04-28T17:40:14.954+0000] {dagbag.py:538} INFO - Filling up the DagBag from /home/airflow/.local/lib/python3.8/site-packages/airflow/example_dags/example_branch_day_of_week_operator.py
[2025-04-28T17:40:14.963+0000] {processor.py:840} INFO - DAG(s) 'example_weekday_branch_operator' retrieved from /home/airflow/.local/lib/python3.8/site-packages/airflow/example_dags/example_branch_day_of_week_operator.py
[2025-04-28T17:40:14.984+0000] {logging_mixin.py:188} INFO - [2025-04-28T17:40:14.984+0000] {dag.py:3036} INFO - Sync 1 DAGs
[2025-04-28T17:40:15.001+0000] {logging_mixin.py:188} INFO - [2025-04-28T17:40:15.001+0000] {dag.py:3823} INFO - Setting next_dagrun for example_weekday_branch_operator to 2025-04-27 00:00:00+00:00, run_after=2025-04-28 00:00:00+00:00
[2025-04-28T17:40:15.014+0000] {processor.py:183} INFO - Processing /home/airflow/.local/lib/python3.8/site-packages/airflow/example_dags/example_branch_day_of_week_operator.py took 0.064 seconds
[2025-04-28T17:40:45.120+0000] {processor.py:161} INFO - Started process (PID=1033) to work on /home/airflow/.local/lib/python3.8/site-packages/airflow/example_dags/example_branch_day_of_week_operator.py
[2025-04-28T17:40:45.123+0000] {processor.py:830} INFO - Processing file /home/airflow/.local/lib/python3.8/site-packages/airflow/example_dags/example_branch_day_of_week_operator.py for tasks to queue
[2025-04-28T17:40:45.125+0000] {logging_mixin.py:188} INFO - [2025-04-28T17:40:45.125+0000] {dagbag.py:538} INFO - Filling up the DagBag from /home/airflow/.local/lib/python3.8/site-packages/airflow/example_dags/example_branch_day_of_week_operator.py
[2025-04-28T17:40:45.135+0000] {processor.py:840} INFO - DAG(s) 'example_weekday_branch_operator' retrieved from /home/airflow/.local/lib/python3.8/site-packages/airflow/example_dags/example_branch_day_of_week_operator.py
[2025-04-28T17:40:45.149+0000] {logging_mixin.py:188} INFO - [2025-04-28T17:40:45.149+0000] {dag.py:3036} INFO - Sync 1 DAGs
[2025-04-28T17:40:45.163+0000] {logging_mixin.py:188} INFO - [2025-04-28T17:40:45.163+0000] {dag.py:3823} INFO - Setting next_dagrun for example_weekday_branch_operator to 2025-04-27 00:00:00+00:00, run_after=2025-04-28 00:00:00+00:00
[2025-04-28T17:40:45.181+0000] {processor.py:183} INFO - Processing /home/airflow/.local/lib/python3.8/site-packages/airflow/example_dags/example_branch_day_of_week_operator.py took 0.064 seconds
[2025-04-28T17:41:15.414+0000] {processor.py:161} INFO - Started process (PID=1089) to work on /home/airflow/.local/lib/python3.8/site-packages/airflow/example_dags/example_branch_day_of_week_operator.py
[2025-04-28T17:41:15.415+0000] {processor.py:830} INFO - Processing file /home/airflow/.local/lib/python3.8/site-packages/airflow/example_dags/example_branch_day_of_week_operator.py for tasks to queue
[2025-04-28T17:41:15.416+0000] {logging_mixin.py:188} INFO - [2025-04-28T17:41:15.416+0000] {dagbag.py:538} INFO - Filling up the DagBag from /home/airflow/.local/lib/python3.8/site-packages/airflow/example_dags/example_branch_day_of_week_operator.py
[2025-04-28T17:41:15.422+0000] {processor.py:840} INFO - DAG(s) 'example_weekday_branch_operator' retrieved from /home/airflow/.local/lib/python3.8/site-packages/airflow/example_dags/example_branch_day_of_week_operator.py
[2025-04-28T17:41:15.441+0000] {logging_mixin.py:188} INFO - [2025-04-28T17:41:15.441+0000] {dag.py:3036} INFO - Sync 1 DAGs
[2025-04-28T17:41:15.454+0000] {logging_mixin.py:188} INFO - [2025-04-28T17:41:15.454+0000] {dag.py:3823} INFO - Setting next_dagrun for example_weekday_branch_operator to 2025-04-27 00:00:00+00:00, run_after=2025-04-28 00:00:00+00:00
[2025-04-28T17:41:15.465+0000] {processor.py:183} INFO - Processing /home/airflow/.local/lib/python3.8/site-packages/airflow/example_dags/example_branch_day_of_week_operator.py took 0.055 seconds
[2025-04-28T17:42:52.008+0000] {processor.py:161} INFO - Started process (PID=68) to work on /home/airflow/.local/lib/python3.8/site-packages/airflow/example_dags/example_branch_day_of_week_operator.py
[2025-04-28T17:42:52.010+0000] {processor.py:830} INFO - Processing file /home/airflow/.local/lib/python3.8/site-packages/airflow/example_dags/example_branch_day_of_week_operator.py for tasks to queue
[2025-04-28T17:42:52.012+0000] {logging_mixin.py:188} INFO - [2025-04-28T17:42:52.012+0000] {dagbag.py:538} INFO - Filling up the DagBag from /home/airflow/.local/lib/python3.8/site-packages/airflow/example_dags/example_branch_day_of_week_operator.py
[2025-04-28T17:42:52.044+0000] {processor.py:840} INFO - DAG(s) 'example_weekday_branch_operator' retrieved from /home/airflow/.local/lib/python3.8/site-packages/airflow/example_dags/example_branch_day_of_week_operator.py
[2025-04-28T17:42:52.086+0000] {logging_mixin.py:188} INFO - [2025-04-28T17:42:52.085+0000] {dag.py:3036} INFO - Sync 1 DAGs
[2025-04-28T17:42:52.153+0000] {logging_mixin.py:188} INFO - [2025-04-28T17:42:52.152+0000] {dag.py:3823} INFO - Setting next_dagrun for example_weekday_branch_operator to 2025-04-27 00:00:00+00:00, run_after=2025-04-28 00:00:00+00:00
[2025-04-28T17:42:52.237+0000] {processor.py:183} INFO - Processing /home/airflow/.local/lib/python3.8/site-packages/airflow/example_dags/example_branch_day_of_week_operator.py took 0.247 seconds
[2025-04-28T17:43:23.864+0000] {processor.py:161} INFO - Started process (PID=124) to work on /home/airflow/.local/lib/python3.8/site-packages/airflow/example_dags/example_branch_day_of_week_operator.py
[2025-04-28T17:43:23.866+0000] {processor.py:830} INFO - Processing file /home/airflow/.local/lib/python3.8/site-packages/airflow/example_dags/example_branch_day_of_week_operator.py for tasks to queue
[2025-04-28T17:43:23.868+0000] {logging_mixin.py:188} INFO - [2025-04-28T17:43:23.867+0000] {dagbag.py:538} INFO - Filling up the DagBag from /home/airflow/.local/lib/python3.8/site-packages/airflow/example_dags/example_branch_day_of_week_operator.py
[2025-04-28T17:43:23.874+0000] {processor.py:840} INFO - DAG(s) 'example_weekday_branch_operator' retrieved from /home/airflow/.local/lib/python3.8/site-packages/airflow/example_dags/example_branch_day_of_week_operator.py
[2025-04-28T17:43:23.935+0000] {logging_mixin.py:188} INFO - [2025-04-28T17:43:23.935+0000] {dag.py:3036} INFO - Sync 1 DAGs
[2025-04-28T17:43:23.953+0000] {logging_mixin.py:188} INFO - [2025-04-28T17:43:23.953+0000] {dag.py:3823} INFO - Setting next_dagrun for example_weekday_branch_operator to 2025-04-27 00:00:00+00:00, run_after=2025-04-28 00:00:00+00:00
[2025-04-28T17:43:23.963+0000] {processor.py:183} INFO - Processing /home/airflow/.local/lib/python3.8/site-packages/airflow/example_dags/example_branch_day_of_week_operator.py took 0.101 seconds
[2025-04-28T17:43:54.602+0000] {processor.py:161} INFO - Started process (PID=180) to work on /home/airflow/.local/lib/python3.8/site-packages/airflow/example_dags/example_branch_day_of_week_operator.py
[2025-04-28T17:43:54.605+0000] {processor.py:830} INFO - Processing file /home/airflow/.local/lib/python3.8/site-packages/airflow/example_dags/example_branch_day_of_week_operator.py for tasks to queue
[2025-04-28T17:43:54.614+0000] {logging_mixin.py:188} INFO - [2025-04-28T17:43:54.613+0000] {dagbag.py:538} INFO - Filling up the DagBag from /home/airflow/.local/lib/python3.8/site-packages/airflow/example_dags/example_branch_day_of_week_operator.py
[2025-04-28T17:43:54.620+0000] {processor.py:840} INFO - DAG(s) 'example_weekday_branch_operator' retrieved from /home/airflow/.local/lib/python3.8/site-packages/airflow/example_dags/example_branch_day_of_week_operator.py
[2025-04-28T17:43:54.651+0000] {logging_mixin.py:188} INFO - [2025-04-28T17:43:54.650+0000] {dag.py:3036} INFO - Sync 1 DAGs
[2025-04-28T17:43:54.672+0000] {logging_mixin.py:188} INFO - [2025-04-28T17:43:54.672+0000] {dag.py:3823} INFO - Setting next_dagrun for example_weekday_branch_operator to 2025-04-27 00:00:00+00:00, run_after=2025-04-28 00:00:00+00:00
[2025-04-28T17:43:54.689+0000] {processor.py:183} INFO - Processing /home/airflow/.local/lib/python3.8/site-packages/airflow/example_dags/example_branch_day_of_week_operator.py took 0.091 seconds
[2025-04-28T17:44:25.488+0000] {processor.py:161} INFO - Started process (PID=236) to work on /home/airflow/.local/lib/python3.8/site-packages/airflow/example_dags/example_branch_day_of_week_operator.py
[2025-04-28T17:44:25.491+0000] {processor.py:830} INFO - Processing file /home/airflow/.local/lib/python3.8/site-packages/airflow/example_dags/example_branch_day_of_week_operator.py for tasks to queue
[2025-04-28T17:44:25.494+0000] {logging_mixin.py:188} INFO - [2025-04-28T17:44:25.493+0000] {dagbag.py:538} INFO - Filling up the DagBag from /home/airflow/.local/lib/python3.8/site-packages/airflow/example_dags/example_branch_day_of_week_operator.py
[2025-04-28T17:44:25.498+0000] {processor.py:840} INFO - DAG(s) 'example_weekday_branch_operator' retrieved from /home/airflow/.local/lib/python3.8/site-packages/airflow/example_dags/example_branch_day_of_week_operator.py
[2025-04-28T17:44:25.520+0000] {logging_mixin.py:188} INFO - [2025-04-28T17:44:25.519+0000] {dag.py:3036} INFO - Sync 1 DAGs
[2025-04-28T17:44:25.533+0000] {logging_mixin.py:188} INFO - [2025-04-28T17:44:25.533+0000] {dag.py:3823} INFO - Setting next_dagrun for example_weekday_branch_operator to 2025-04-27 00:00:00+00:00, run_after=2025-04-28 00:00:00+00:00
[2025-04-28T17:44:25.547+0000] {processor.py:183} INFO - Processing /home/airflow/.local/lib/python3.8/site-packages/airflow/example_dags/example_branch_day_of_week_operator.py took 0.068 seconds
[2025-04-28T17:44:58.404+0000] {processor.py:161} INFO - Started process (PID=298) to work on /home/airflow/.local/lib/python3.8/site-packages/airflow/example_dags/example_branch_day_of_week_operator.py
[2025-04-28T17:44:58.415+0000] {processor.py:830} INFO - Processing file /home/airflow/.local/lib/python3.8/site-packages/airflow/example_dags/example_branch_day_of_week_operator.py for tasks to queue
[2025-04-28T17:44:58.424+0000] {logging_mixin.py:188} INFO - [2025-04-28T17:44:58.424+0000] {dagbag.py:538} INFO - Filling up the DagBag from /home/airflow/.local/lib/python3.8/site-packages/airflow/example_dags/example_branch_day_of_week_operator.py
[2025-04-28T17:44:58.465+0000] {processor.py:840} INFO - DAG(s) 'example_weekday_branch_operator' retrieved from /home/airflow/.local/lib/python3.8/site-packages/airflow/example_dags/example_branch_day_of_week_operator.py
[2025-04-28T17:44:58.581+0000] {logging_mixin.py:188} INFO - [2025-04-28T17:44:58.580+0000] {dag.py:3036} INFO - Sync 1 DAGs
[2025-04-28T17:44:58.685+0000] {logging_mixin.py:188} INFO - [2025-04-28T17:44:58.685+0000] {dag.py:3823} INFO - Setting next_dagrun for example_weekday_branch_operator to 2025-04-27 00:00:00+00:00, run_after=2025-04-28 00:00:00+00:00
[2025-04-28T17:44:58.770+0000] {processor.py:183} INFO - Processing /home/airflow/.local/lib/python3.8/site-packages/airflow/example_dags/example_branch_day_of_week_operator.py took 0.393 seconds
[2025-04-28T17:45:29.363+0000] {processor.py:161} INFO - Started process (PID=354) to work on /home/airflow/.local/lib/python3.8/site-packages/airflow/example_dags/example_branch_day_of_week_operator.py
[2025-04-28T17:45:29.364+0000] {processor.py:830} INFO - Processing file /home/airflow/.local/lib/python3.8/site-packages/airflow/example_dags/example_branch_day_of_week_operator.py for tasks to queue
[2025-04-28T17:45:29.367+0000] {logging_mixin.py:188} INFO - [2025-04-28T17:45:29.366+0000] {dagbag.py:538} INFO - Filling up the DagBag from /home/airflow/.local/lib/python3.8/site-packages/airflow/example_dags/example_branch_day_of_week_operator.py
[2025-04-28T17:45:29.375+0000] {processor.py:840} INFO - DAG(s) 'example_weekday_branch_operator' retrieved from /home/airflow/.local/lib/python3.8/site-packages/airflow/example_dags/example_branch_day_of_week_operator.py
[2025-04-28T17:45:29.398+0000] {logging_mixin.py:188} INFO - [2025-04-28T17:45:29.398+0000] {dag.py:3036} INFO - Sync 1 DAGs
[2025-04-28T17:45:29.437+0000] {logging_mixin.py:188} INFO - [2025-04-28T17:45:29.436+0000] {dag.py:3823} INFO - Setting next_dagrun for example_weekday_branch_operator to 2025-04-27 00:00:00+00:00, run_after=2025-04-28 00:00:00+00:00
[2025-04-28T17:45:29.456+0000] {processor.py:183} INFO - Processing /home/airflow/.local/lib/python3.8/site-packages/airflow/example_dags/example_branch_day_of_week_operator.py took 0.101 seconds
[2025-04-28T17:45:59.985+0000] {processor.py:161} INFO - Started process (PID=410) to work on /home/airflow/.local/lib/python3.8/site-packages/airflow/example_dags/example_branch_day_of_week_operator.py
[2025-04-28T17:45:59.986+0000] {processor.py:830} INFO - Processing file /home/airflow/.local/lib/python3.8/site-packages/airflow/example_dags/example_branch_day_of_week_operator.py for tasks to queue
[2025-04-28T17:45:59.987+0000] {logging_mixin.py:188} INFO - [2025-04-28T17:45:59.987+0000] {dagbag.py:538} INFO - Filling up the DagBag from /home/airflow/.local/lib/python3.8/site-packages/airflow/example_dags/example_branch_day_of_week_operator.py
[2025-04-28T17:45:59.992+0000] {processor.py:840} INFO - DAG(s) 'example_weekday_branch_operator' retrieved from /home/airflow/.local/lib/python3.8/site-packages/airflow/example_dags/example_branch_day_of_week_operator.py
[2025-04-28T17:46:00.059+0000] {logging_mixin.py:188} INFO - [2025-04-28T17:46:00.058+0000] {dag.py:3036} INFO - Sync 1 DAGs
[2025-04-28T17:46:00.086+0000] {logging_mixin.py:188} INFO - [2025-04-28T17:46:00.086+0000] {dag.py:3823} INFO - Setting next_dagrun for example_weekday_branch_operator to 2025-04-27 00:00:00+00:00, run_after=2025-04-28 00:00:00+00:00
[2025-04-28T17:46:00.100+0000] {processor.py:183} INFO - Processing /home/airflow/.local/lib/python3.8/site-packages/airflow/example_dags/example_branch_day_of_week_operator.py took 0.120 seconds
[2025-04-28T17:46:30.209+0000] {processor.py:161} INFO - Started process (PID=466) to work on /home/airflow/.local/lib/python3.8/site-packages/airflow/example_dags/example_branch_day_of_week_operator.py
[2025-04-28T17:46:30.212+0000] {processor.py:830} INFO - Processing file /home/airflow/.local/lib/python3.8/site-packages/airflow/example_dags/example_branch_day_of_week_operator.py for tasks to queue
[2025-04-28T17:46:30.213+0000] {logging_mixin.py:188} INFO - [2025-04-28T17:46:30.213+0000] {dagbag.py:538} INFO - Filling up the DagBag from /home/airflow/.local/lib/python3.8/site-packages/airflow/example_dags/example_branch_day_of_week_operator.py
[2025-04-28T17:46:30.225+0000] {processor.py:840} INFO - DAG(s) 'example_weekday_branch_operator' retrieved from /home/airflow/.local/lib/python3.8/site-packages/airflow/example_dags/example_branch_day_of_week_operator.py
[2025-04-28T17:46:30.254+0000] {logging_mixin.py:188} INFO - [2025-04-28T17:46:30.253+0000] {dag.py:3036} INFO - Sync 1 DAGs
[2025-04-28T17:46:30.277+0000] {logging_mixin.py:188} INFO - [2025-04-28T17:46:30.277+0000] {dag.py:3823} INFO - Setting next_dagrun for example_weekday_branch_operator to 2025-04-27 00:00:00+00:00, run_after=2025-04-28 00:00:00+00:00
[2025-04-28T17:46:30.292+0000] {processor.py:183} INFO - Processing /home/airflow/.local/lib/python3.8/site-packages/airflow/example_dags/example_branch_day_of_week_operator.py took 0.087 seconds
