[2025-04-28T17:32:11.620+0000] {processor.py:161} INFO - Started process (PID=92) to work on /home/airflow/.local/lib/python3.8/site-packages/airflow/example_dags/example_branch_datetime_operator.py
[2025-04-28T17:32:11.621+0000] {processor.py:830} INFO - Processing file /home/airflow/.local/lib/python3.8/site-packages/airflow/example_dags/example_branch_datetime_operator.py for tasks to queue
[2025-04-28T17:32:11.625+0000] {logging_mixin.py:188} INFO - [2025-04-28T17:32:11.624+0000] {dagbag.py:538} INFO - Filling up the DagBag from /home/airflow/.local/lib/python3.8/site-packages/airflow/example_dags/example_branch_datetime_operator.py
[2025-04-28T17:32:11.639+0000] {processor.py:840} INFO - DAG(s) 'example_branch_datetime_operator_2', 'example_branch_datetime_operator', 'example_branch_datetime_operator_3' retrieved from /home/airflow/.local/lib/python3.8/site-packages/airflow/example_dags/example_branch_datetime_operator.py
[2025-04-28T17:32:11.663+0000] {logging_mixin.py:188} INFO - [2025-04-28T17:32:11.663+0000] {dag.py:3036} INFO - Sync 3 DAGs
[2025-04-28T17:32:11.694+0000] {logging_mixin.py:188} INFO - [2025-04-28T17:32:11.694+0000] {dag.py:3823} INFO - Setting next_dagrun for example_branch_datetime_operator to 2025-04-27 00:00:00+00:00, run_after=2025-04-28 00:00:00+00:00
[2025-04-28T17:32:11.699+0000] {logging_mixin.py:188} INFO - [2025-04-28T17:32:11.699+0000] {dag.py:3823} INFO - Setting next_dagrun for example_branch_datetime_operator_2 to 2025-04-27 00:00:00+00:00, run_after=2025-04-28 00:00:00+00:00
[2025-04-28T17:32:11.701+0000] {logging_mixin.py:188} INFO - [2025-04-28T17:32:11.701+0000] {dag.py:3823} INFO - Setting next_dagrun for example_branch_datetime_operator_3 to 2025-04-27 00:00:00+00:00, run_after=2025-04-28 00:00:00+00:00
[2025-04-28T17:32:11.726+0000] {processor.py:183} INFO - Processing /home/airflow/.local/lib/python3.8/site-packages/airflow/example_dags/example_branch_datetime_operator.py took 0.111 seconds
[2025-04-28T17:32:42.942+0000] {processor.py:161} INFO - Started process (PID=147) to work on /home/airflow/.local/lib/python3.8/site-packages/airflow/example_dags/example_branch_datetime_operator.py
[2025-04-28T17:32:42.943+0000] {processor.py:830} INFO - Processing file /home/airflow/.local/lib/python3.8/site-packages/airflow/example_dags/example_branch_datetime_operator.py for tasks to queue
[2025-04-28T17:32:42.945+0000] {logging_mixin.py:188} INFO - [2025-04-28T17:32:42.945+0000] {dagbag.py:538} INFO - Filling up the DagBag from /home/airflow/.local/lib/python3.8/site-packages/airflow/example_dags/example_branch_datetime_operator.py
[2025-04-28T17:32:42.954+0000] {processor.py:840} INFO - DAG(s) 'example_branch_datetime_operator', 'example_branch_datetime_operator_3', 'example_branch_datetime_operator_2' retrieved from /home/airflow/.local/lib/python3.8/site-packages/airflow/example_dags/example_branch_datetime_operator.py
[2025-04-28T17:32:43.139+0000] {logging_mixin.py:188} INFO - [2025-04-28T17:32:43.139+0000] {dag.py:3036} INFO - Sync 3 DAGs
[2025-04-28T17:32:43.163+0000] {logging_mixin.py:188} INFO - [2025-04-28T17:32:43.163+0000] {dag.py:3823} INFO - Setting next_dagrun for example_branch_datetime_operator to 2025-04-27 00:00:00+00:00, run_after=2025-04-28 00:00:00+00:00
[2025-04-28T17:32:43.168+0000] {logging_mixin.py:188} INFO - [2025-04-28T17:32:43.167+0000] {dag.py:3823} INFO - Setting next_dagrun for example_branch_datetime_operator_2 to 2025-04-27 00:00:00+00:00, run_after=2025-04-28 00:00:00+00:00
[2025-04-28T17:32:43.173+0000] {logging_mixin.py:188} INFO - [2025-04-28T17:32:43.173+0000] {dag.py:3823} INFO - Setting next_dagrun for example_branch_datetime_operator_3 to 2025-04-27 00:00:00+00:00, run_after=2025-04-28 00:00:00+00:00
[2025-04-28T17:32:43.193+0000] {processor.py:183} INFO - Processing /home/airflow/.local/lib/python3.8/site-packages/airflow/example_dags/example_branch_datetime_operator.py took 0.254 seconds
[2025-04-28T17:33:13.923+0000] {processor.py:161} INFO - Started process (PID=202) to work on /home/airflow/.local/lib/python3.8/site-packages/airflow/example_dags/example_branch_datetime_operator.py
[2025-04-28T17:33:13.926+0000] {processor.py:830} INFO - Processing file /home/airflow/.local/lib/python3.8/site-packages/airflow/example_dags/example_branch_datetime_operator.py for tasks to queue
[2025-04-28T17:33:13.930+0000] {logging_mixin.py:188} INFO - [2025-04-28T17:33:13.929+0000] {dagbag.py:538} INFO - Filling up the DagBag from /home/airflow/.local/lib/python3.8/site-packages/airflow/example_dags/example_branch_datetime_operator.py
[2025-04-28T17:33:13.942+0000] {processor.py:840} INFO - DAG(s) 'example_branch_datetime_operator', 'example_branch_datetime_operator_2', 'example_branch_datetime_operator_3' retrieved from /home/airflow/.local/lib/python3.8/site-packages/airflow/example_dags/example_branch_datetime_operator.py
[2025-04-28T17:33:13.994+0000] {logging_mixin.py:188} INFO - [2025-04-28T17:33:13.993+0000] {dag.py:3036} INFO - Sync 3 DAGs
[2025-04-28T17:33:14.063+0000] {logging_mixin.py:188} INFO - [2025-04-28T17:33:14.063+0000] {dag.py:3823} INFO - Setting next_dagrun for example_branch_datetime_operator to 2025-04-27 00:00:00+00:00, run_after=2025-04-28 00:00:00+00:00
[2025-04-28T17:33:14.073+0000] {logging_mixin.py:188} INFO - [2025-04-28T17:33:14.073+0000] {dag.py:3823} INFO - Setting next_dagrun for example_branch_datetime_operator_2 to 2025-04-27 00:00:00+00:00, run_after=2025-04-28 00:00:00+00:00
[2025-04-28T17:33:14.078+0000] {logging_mixin.py:188} INFO - [2025-04-28T17:33:14.078+0000] {dag.py:3823} INFO - Setting next_dagrun for example_branch_datetime_operator_3 to 2025-04-27 00:00:00+00:00, run_after=2025-04-28 00:00:00+00:00
[2025-04-28T17:33:14.117+0000] {processor.py:183} INFO - Processing /home/airflow/.local/lib/python3.8/site-packages/airflow/example_dags/example_branch_datetime_operator.py took 0.201 seconds
[2025-04-28T17:33:44.368+0000] {processor.py:161} INFO - Started process (PID=257) to work on /home/airflow/.local/lib/python3.8/site-packages/airflow/example_dags/example_branch_datetime_operator.py
[2025-04-28T17:33:44.370+0000] {processor.py:830} INFO - Processing file /home/airflow/.local/lib/python3.8/site-packages/airflow/example_dags/example_branch_datetime_operator.py for tasks to queue
[2025-04-28T17:33:44.373+0000] {logging_mixin.py:188} INFO - [2025-04-28T17:33:44.373+0000] {dagbag.py:538} INFO - Filling up the DagBag from /home/airflow/.local/lib/python3.8/site-packages/airflow/example_dags/example_branch_datetime_operator.py
[2025-04-28T17:33:44.383+0000] {processor.py:840} INFO - DAG(s) 'example_branch_datetime_operator_3', 'example_branch_datetime_operator', 'example_branch_datetime_operator_2' retrieved from /home/airflow/.local/lib/python3.8/site-packages/airflow/example_dags/example_branch_datetime_operator.py
[2025-04-28T17:33:44.409+0000] {logging_mixin.py:188} INFO - [2025-04-28T17:33:44.409+0000] {dag.py:3036} INFO - Sync 3 DAGs
[2025-04-28T17:33:44.427+0000] {logging_mixin.py:188} INFO - [2025-04-28T17:33:44.427+0000] {dag.py:3823} INFO - Setting next_dagrun for example_branch_datetime_operator to 2025-04-27 00:00:00+00:00, run_after=2025-04-28 00:00:00+00:00
[2025-04-28T17:33:44.430+0000] {logging_mixin.py:188} INFO - [2025-04-28T17:33:44.430+0000] {dag.py:3823} INFO - Setting next_dagrun for example_branch_datetime_operator_2 to 2025-04-27 00:00:00+00:00, run_after=2025-04-28 00:00:00+00:00
[2025-04-28T17:33:44.431+0000] {logging_mixin.py:188} INFO - [2025-04-28T17:33:44.431+0000] {dag.py:3823} INFO - Setting next_dagrun for example_branch_datetime_operator_3 to 2025-04-27 00:00:00+00:00, run_after=2025-04-28 00:00:00+00:00
[2025-04-28T17:33:44.445+0000] {processor.py:183} INFO - Processing /home/airflow/.local/lib/python3.8/site-packages/airflow/example_dags/example_branch_datetime_operator.py took 0.081 seconds
[2025-04-28T17:34:15.537+0000] {processor.py:161} INFO - Started process (PID=312) to work on /home/airflow/.local/lib/python3.8/site-packages/airflow/example_dags/example_branch_datetime_operator.py
[2025-04-28T17:34:15.543+0000] {processor.py:830} INFO - Processing file /home/airflow/.local/lib/python3.8/site-packages/airflow/example_dags/example_branch_datetime_operator.py for tasks to queue
[2025-04-28T17:34:15.547+0000] {logging_mixin.py:188} INFO - [2025-04-28T17:34:15.546+0000] {dagbag.py:538} INFO - Filling up the DagBag from /home/airflow/.local/lib/python3.8/site-packages/airflow/example_dags/example_branch_datetime_operator.py
[2025-04-28T17:34:15.562+0000] {processor.py:840} INFO - DAG(s) 'example_branch_datetime_operator_3', 'example_branch_datetime_operator', 'example_branch_datetime_operator_2' retrieved from /home/airflow/.local/lib/python3.8/site-packages/airflow/example_dags/example_branch_datetime_operator.py
[2025-04-28T17:34:15.608+0000] {logging_mixin.py:188} INFO - [2025-04-28T17:34:15.608+0000] {dag.py:3036} INFO - Sync 3 DAGs
[2025-04-28T17:34:15.641+0000] {logging_mixin.py:188} INFO - [2025-04-28T17:34:15.638+0000] {dag.py:3823} INFO - Setting next_dagrun for example_branch_datetime_operator to 2025-04-27 00:00:00+00:00, run_after=2025-04-28 00:00:00+00:00
[2025-04-28T17:34:15.652+0000] {logging_mixin.py:188} INFO - [2025-04-28T17:34:15.652+0000] {dag.py:3823} INFO - Setting next_dagrun for example_branch_datetime_operator_2 to 2025-04-27 00:00:00+00:00, run_after=2025-04-28 00:00:00+00:00
[2025-04-28T17:34:15.655+0000] {logging_mixin.py:188} INFO - [2025-04-28T17:34:15.655+0000] {dag.py:3823} INFO - Setting next_dagrun for example_branch_datetime_operator_3 to 2025-04-27 00:00:00+00:00, run_after=2025-04-28 00:00:00+00:00
[2025-04-28T17:34:15.681+0000] {processor.py:183} INFO - Processing /home/airflow/.local/lib/python3.8/site-packages/airflow/example_dags/example_branch_datetime_operator.py took 0.150 seconds
[2025-04-28T17:34:45.834+0000] {processor.py:161} INFO - Started process (PID=367) to work on /home/airflow/.local/lib/python3.8/site-packages/airflow/example_dags/example_branch_datetime_operator.py
[2025-04-28T17:34:45.839+0000] {processor.py:830} INFO - Processing file /home/airflow/.local/lib/python3.8/site-packages/airflow/example_dags/example_branch_datetime_operator.py for tasks to queue
[2025-04-28T17:34:45.842+0000] {logging_mixin.py:188} INFO - [2025-04-28T17:34:45.842+0000] {dagbag.py:538} INFO - Filling up the DagBag from /home/airflow/.local/lib/python3.8/site-packages/airflow/example_dags/example_branch_datetime_operator.py
[2025-04-28T17:34:45.848+0000] {processor.py:840} INFO - DAG(s) 'example_branch_datetime_operator', 'example_branch_datetime_operator_3', 'example_branch_datetime_operator_2' retrieved from /home/airflow/.local/lib/python3.8/site-packages/airflow/example_dags/example_branch_datetime_operator.py
[2025-04-28T17:34:45.869+0000] {logging_mixin.py:188} INFO - [2025-04-28T17:34:45.868+0000] {dag.py:3036} INFO - Sync 3 DAGs
[2025-04-28T17:34:45.883+0000] {logging_mixin.py:188} INFO - [2025-04-28T17:34:45.883+0000] {dag.py:3823} INFO - Setting next_dagrun for example_branch_datetime_operator to 2025-04-27 00:00:00+00:00, run_after=2025-04-28 00:00:00+00:00
[2025-04-28T17:34:45.885+0000] {logging_mixin.py:188} INFO - [2025-04-28T17:34:45.885+0000] {dag.py:3823} INFO - Setting next_dagrun for example_branch_datetime_operator_2 to 2025-04-27 00:00:00+00:00, run_after=2025-04-28 00:00:00+00:00
[2025-04-28T17:34:45.887+0000] {logging_mixin.py:188} INFO - [2025-04-28T17:34:45.887+0000] {dag.py:3823} INFO - Setting next_dagrun for example_branch_datetime_operator_3 to 2025-04-27 00:00:00+00:00, run_after=2025-04-28 00:00:00+00:00
[2025-04-28T17:34:45.897+0000] {processor.py:183} INFO - Processing /home/airflow/.local/lib/python3.8/site-packages/airflow/example_dags/example_branch_datetime_operator.py took 0.066 seconds
[2025-04-28T17:35:15.977+0000] {processor.py:161} INFO - Started process (PID=422) to work on /home/airflow/.local/lib/python3.8/site-packages/airflow/example_dags/example_branch_datetime_operator.py
[2025-04-28T17:35:15.979+0000] {processor.py:830} INFO - Processing file /home/airflow/.local/lib/python3.8/site-packages/airflow/example_dags/example_branch_datetime_operator.py for tasks to queue
[2025-04-28T17:35:15.980+0000] {logging_mixin.py:188} INFO - [2025-04-28T17:35:15.980+0000] {dagbag.py:538} INFO - Filling up the DagBag from /home/airflow/.local/lib/python3.8/site-packages/airflow/example_dags/example_branch_datetime_operator.py
[2025-04-28T17:35:15.986+0000] {processor.py:840} INFO - DAG(s) 'example_branch_datetime_operator_2', 'example_branch_datetime_operator_3', 'example_branch_datetime_operator' retrieved from /home/airflow/.local/lib/python3.8/site-packages/airflow/example_dags/example_branch_datetime_operator.py
[2025-04-28T17:35:16.002+0000] {logging_mixin.py:188} INFO - [2025-04-28T17:35:16.002+0000] {dag.py:3036} INFO - Sync 3 DAGs
[2025-04-28T17:35:16.015+0000] {logging_mixin.py:188} INFO - [2025-04-28T17:35:16.015+0000] {dag.py:3823} INFO - Setting next_dagrun for example_branch_datetime_operator to 2025-04-27 00:00:00+00:00, run_after=2025-04-28 00:00:00+00:00
[2025-04-28T17:35:16.019+0000] {logging_mixin.py:188} INFO - [2025-04-28T17:35:16.019+0000] {dag.py:3823} INFO - Setting next_dagrun for example_branch_datetime_operator_2 to 2025-04-27 00:00:00+00:00, run_after=2025-04-28 00:00:00+00:00
[2025-04-28T17:35:16.026+0000] {logging_mixin.py:188} INFO - [2025-04-28T17:35:16.026+0000] {dag.py:3823} INFO - Setting next_dagrun for example_branch_datetime_operator_3 to 2025-04-27 00:00:00+00:00, run_after=2025-04-28 00:00:00+00:00
[2025-04-28T17:35:16.053+0000] {processor.py:183} INFO - Processing /home/airflow/.local/lib/python3.8/site-packages/airflow/example_dags/example_branch_datetime_operator.py took 0.078 seconds
[2025-04-28T17:35:46.357+0000] {processor.py:161} INFO - Started process (PID=477) to work on /home/airflow/.local/lib/python3.8/site-packages/airflow/example_dags/example_branch_datetime_operator.py
[2025-04-28T17:35:46.359+0000] {processor.py:830} INFO - Processing file /home/airflow/.local/lib/python3.8/site-packages/airflow/example_dags/example_branch_datetime_operator.py for tasks to queue
[2025-04-28T17:35:46.361+0000] {logging_mixin.py:188} INFO - [2025-04-28T17:35:46.360+0000] {dagbag.py:538} INFO - Filling up the DagBag from /home/airflow/.local/lib/python3.8/site-packages/airflow/example_dags/example_branch_datetime_operator.py
[2025-04-28T17:35:46.369+0000] {processor.py:840} INFO - DAG(s) 'example_branch_datetime_operator_2', 'example_branch_datetime_operator', 'example_branch_datetime_operator_3' retrieved from /home/airflow/.local/lib/python3.8/site-packages/airflow/example_dags/example_branch_datetime_operator.py
[2025-04-28T17:35:46.388+0000] {logging_mixin.py:188} INFO - [2025-04-28T17:35:46.388+0000] {dag.py:3036} INFO - Sync 3 DAGs
[2025-04-28T17:35:46.402+0000] {logging_mixin.py:188} INFO - [2025-04-28T17:35:46.402+0000] {dag.py:3823} INFO - Setting next_dagrun for example_branch_datetime_operator to 2025-04-27 00:00:00+00:00, run_after=2025-04-28 00:00:00+00:00
[2025-04-28T17:35:46.406+0000] {logging_mixin.py:188} INFO - [2025-04-28T17:35:46.406+0000] {dag.py:3823} INFO - Setting next_dagrun for example_branch_datetime_operator_2 to 2025-04-27 00:00:00+00:00, run_after=2025-04-28 00:00:00+00:00
[2025-04-28T17:35:46.408+0000] {logging_mixin.py:188} INFO - [2025-04-28T17:35:46.408+0000] {dag.py:3823} INFO - Setting next_dagrun for example_branch_datetime_operator_3 to 2025-04-27 00:00:00+00:00, run_after=2025-04-28 00:00:00+00:00
[2025-04-28T17:35:46.421+0000] {processor.py:183} INFO - Processing /home/airflow/.local/lib/python3.8/site-packages/airflow/example_dags/example_branch_datetime_operator.py took 0.067 seconds
[2025-04-28T17:36:17.981+0000] {processor.py:161} INFO - Started process (PID=532) to work on /home/airflow/.local/lib/python3.8/site-packages/airflow/example_dags/example_branch_datetime_operator.py
[2025-04-28T17:36:17.982+0000] {processor.py:830} INFO - Processing file /home/airflow/.local/lib/python3.8/site-packages/airflow/example_dags/example_branch_datetime_operator.py for tasks to queue
[2025-04-28T17:36:17.984+0000] {logging_mixin.py:188} INFO - [2025-04-28T17:36:17.983+0000] {dagbag.py:538} INFO - Filling up the DagBag from /home/airflow/.local/lib/python3.8/site-packages/airflow/example_dags/example_branch_datetime_operator.py
[2025-04-28T17:36:17.995+0000] {processor.py:840} INFO - DAG(s) 'example_branch_datetime_operator_2', 'example_branch_datetime_operator', 'example_branch_datetime_operator_3' retrieved from /home/airflow/.local/lib/python3.8/site-packages/airflow/example_dags/example_branch_datetime_operator.py
[2025-04-28T17:36:18.125+0000] {logging_mixin.py:188} INFO - [2025-04-28T17:36:18.124+0000] {dag.py:3036} INFO - Sync 3 DAGs
[2025-04-28T17:36:18.165+0000] {logging_mixin.py:188} INFO - [2025-04-28T17:36:18.164+0000] {dag.py:3823} INFO - Setting next_dagrun for example_branch_datetime_operator to 2025-04-27 00:00:00+00:00, run_after=2025-04-28 00:00:00+00:00
[2025-04-28T17:36:18.178+0000] {logging_mixin.py:188} INFO - [2025-04-28T17:36:18.178+0000] {dag.py:3823} INFO - Setting next_dagrun for example_branch_datetime_operator_2 to 2025-04-27 00:00:00+00:00, run_after=2025-04-28 00:00:00+00:00
[2025-04-28T17:36:18.181+0000] {logging_mixin.py:188} INFO - [2025-04-28T17:36:18.180+0000] {dag.py:3823} INFO - Setting next_dagrun for example_branch_datetime_operator_3 to 2025-04-27 00:00:00+00:00, run_after=2025-04-28 00:00:00+00:00
[2025-04-28T17:36:18.204+0000] {processor.py:183} INFO - Processing /home/airflow/.local/lib/python3.8/site-packages/airflow/example_dags/example_branch_datetime_operator.py took 0.225 seconds
[2025-04-28T17:36:48.876+0000] {processor.py:161} INFO - Started process (PID=587) to work on /home/airflow/.local/lib/python3.8/site-packages/airflow/example_dags/example_branch_datetime_operator.py
[2025-04-28T17:36:48.877+0000] {processor.py:830} INFO - Processing file /home/airflow/.local/lib/python3.8/site-packages/airflow/example_dags/example_branch_datetime_operator.py for tasks to queue
[2025-04-28T17:36:48.878+0000] {logging_mixin.py:188} INFO - [2025-04-28T17:36:48.878+0000] {dagbag.py:538} INFO - Filling up the DagBag from /home/airflow/.local/lib/python3.8/site-packages/airflow/example_dags/example_branch_datetime_operator.py
[2025-04-28T17:36:48.885+0000] {processor.py:840} INFO - DAG(s) 'example_branch_datetime_operator_2', 'example_branch_datetime_operator_3', 'example_branch_datetime_operator' retrieved from /home/airflow/.local/lib/python3.8/site-packages/airflow/example_dags/example_branch_datetime_operator.py
[2025-04-28T17:36:48.917+0000] {logging_mixin.py:188} INFO - [2025-04-28T17:36:48.917+0000] {dag.py:3036} INFO - Sync 3 DAGs
[2025-04-28T17:36:48.932+0000] {logging_mixin.py:188} INFO - [2025-04-28T17:36:48.932+0000] {dag.py:3823} INFO - Setting next_dagrun for example_branch_datetime_operator to 2025-04-27 00:00:00+00:00, run_after=2025-04-28 00:00:00+00:00
[2025-04-28T17:36:48.936+0000] {logging_mixin.py:188} INFO - [2025-04-28T17:36:48.936+0000] {dag.py:3823} INFO - Setting next_dagrun for example_branch_datetime_operator_2 to 2025-04-27 00:00:00+00:00, run_after=2025-04-28 00:00:00+00:00
[2025-04-28T17:36:48.937+0000] {logging_mixin.py:188} INFO - [2025-04-28T17:36:48.937+0000] {dag.py:3823} INFO - Setting next_dagrun for example_branch_datetime_operator_3 to 2025-04-27 00:00:00+00:00, run_after=2025-04-28 00:00:00+00:00
[2025-04-28T17:36:48.948+0000] {processor.py:183} INFO - Processing /home/airflow/.local/lib/python3.8/site-packages/airflow/example_dags/example_branch_datetime_operator.py took 0.074 seconds
[2025-04-28T17:37:19.567+0000] {processor.py:161} INFO - Started process (PID=648) to work on /home/airflow/.local/lib/python3.8/site-packages/airflow/example_dags/example_branch_datetime_operator.py
[2025-04-28T17:37:19.568+0000] {processor.py:830} INFO - Processing file /home/airflow/.local/lib/python3.8/site-packages/airflow/example_dags/example_branch_datetime_operator.py for tasks to queue
[2025-04-28T17:37:19.569+0000] {logging_mixin.py:188} INFO - [2025-04-28T17:37:19.569+0000] {dagbag.py:538} INFO - Filling up the DagBag from /home/airflow/.local/lib/python3.8/site-packages/airflow/example_dags/example_branch_datetime_operator.py
[2025-04-28T17:37:19.577+0000] {processor.py:840} INFO - DAG(s) 'example_branch_datetime_operator_2', 'example_branch_datetime_operator', 'example_branch_datetime_operator_3' retrieved from /home/airflow/.local/lib/python3.8/site-packages/airflow/example_dags/example_branch_datetime_operator.py
[2025-04-28T17:37:19.621+0000] {logging_mixin.py:188} INFO - [2025-04-28T17:37:19.620+0000] {dag.py:3036} INFO - Sync 3 DAGs
[2025-04-28T17:37:19.635+0000] {logging_mixin.py:188} INFO - [2025-04-28T17:37:19.634+0000] {dag.py:3823} INFO - Setting next_dagrun for example_branch_datetime_operator to 2025-04-27 00:00:00+00:00, run_after=2025-04-28 00:00:00+00:00
[2025-04-28T17:37:19.639+0000] {logging_mixin.py:188} INFO - [2025-04-28T17:37:19.639+0000] {dag.py:3823} INFO - Setting next_dagrun for example_branch_datetime_operator_2 to 2025-04-27 00:00:00+00:00, run_after=2025-04-28 00:00:00+00:00
[2025-04-28T17:37:19.642+0000] {logging_mixin.py:188} INFO - [2025-04-28T17:37:19.642+0000] {dag.py:3823} INFO - Setting next_dagrun for example_branch_datetime_operator_3 to 2025-04-27 00:00:00+00:00, run_after=2025-04-28 00:00:00+00:00
[2025-04-28T17:37:19.652+0000] {processor.py:183} INFO - Processing /home/airflow/.local/lib/python3.8/site-packages/airflow/example_dags/example_branch_datetime_operator.py took 0.088 seconds
[2025-04-28T17:37:50.050+0000] {processor.py:161} INFO - Started process (PID=709) to work on /home/airflow/.local/lib/python3.8/site-packages/airflow/example_dags/example_branch_datetime_operator.py
[2025-04-28T17:37:50.051+0000] {processor.py:830} INFO - Processing file /home/airflow/.local/lib/python3.8/site-packages/airflow/example_dags/example_branch_datetime_operator.py for tasks to queue
[2025-04-28T17:37:50.053+0000] {logging_mixin.py:188} INFO - [2025-04-28T17:37:50.053+0000] {dagbag.py:538} INFO - Filling up the DagBag from /home/airflow/.local/lib/python3.8/site-packages/airflow/example_dags/example_branch_datetime_operator.py
[2025-04-28T17:37:50.064+0000] {processor.py:840} INFO - DAG(s) 'example_branch_datetime_operator_2', 'example_branch_datetime_operator', 'example_branch_datetime_operator_3' retrieved from /home/airflow/.local/lib/python3.8/site-packages/airflow/example_dags/example_branch_datetime_operator.py
[2025-04-28T17:37:50.104+0000] {logging_mixin.py:188} INFO - [2025-04-28T17:37:50.104+0000] {dag.py:3036} INFO - Sync 3 DAGs
[2025-04-28T17:37:50.132+0000] {logging_mixin.py:188} INFO - [2025-04-28T17:37:50.132+0000] {dag.py:3823} INFO - Setting next_dagrun for example_branch_datetime_operator to 2025-04-27 00:00:00+00:00, run_after=2025-04-28 00:00:00+00:00
[2025-04-28T17:37:50.136+0000] {logging_mixin.py:188} INFO - [2025-04-28T17:37:50.135+0000] {dag.py:3823} INFO - Setting next_dagrun for example_branch_datetime_operator_2 to 2025-04-27 00:00:00+00:00, run_after=2025-04-28 00:00:00+00:00
[2025-04-28T17:37:50.141+0000] {logging_mixin.py:188} INFO - [2025-04-28T17:37:50.141+0000] {dag.py:3823} INFO - Setting next_dagrun for example_branch_datetime_operator_3 to 2025-04-27 00:00:00+00:00, run_after=2025-04-28 00:00:00+00:00
[2025-04-28T17:37:50.151+0000] {processor.py:183} INFO - Processing /home/airflow/.local/lib/python3.8/site-packages/airflow/example_dags/example_branch_datetime_operator.py took 0.109 seconds
[2025-04-28T17:38:21.234+0000] {processor.py:161} INFO - Started process (PID=772) to work on /home/airflow/.local/lib/python3.8/site-packages/airflow/example_dags/example_branch_datetime_operator.py
[2025-04-28T17:38:21.236+0000] {processor.py:830} INFO - Processing file /home/airflow/.local/lib/python3.8/site-packages/airflow/example_dags/example_branch_datetime_operator.py for tasks to queue
[2025-04-28T17:38:21.237+0000] {logging_mixin.py:188} INFO - [2025-04-28T17:38:21.237+0000] {dagbag.py:538} INFO - Filling up the DagBag from /home/airflow/.local/lib/python3.8/site-packages/airflow/example_dags/example_branch_datetime_operator.py
[2025-04-28T17:38:21.243+0000] {processor.py:840} INFO - DAG(s) 'example_branch_datetime_operator', 'example_branch_datetime_operator_3', 'example_branch_datetime_operator_2' retrieved from /home/airflow/.local/lib/python3.8/site-packages/airflow/example_dags/example_branch_datetime_operator.py
[2025-04-28T17:38:21.263+0000] {logging_mixin.py:188} INFO - [2025-04-28T17:38:21.263+0000] {dag.py:3036} INFO - Sync 3 DAGs
[2025-04-28T17:38:21.277+0000] {logging_mixin.py:188} INFO - [2025-04-28T17:38:21.277+0000] {dag.py:3823} INFO - Setting next_dagrun for example_branch_datetime_operator to 2025-04-27 00:00:00+00:00, run_after=2025-04-28 00:00:00+00:00
[2025-04-28T17:38:21.281+0000] {logging_mixin.py:188} INFO - [2025-04-28T17:38:21.281+0000] {dag.py:3823} INFO - Setting next_dagrun for example_branch_datetime_operator_2 to 2025-04-27 00:00:00+00:00, run_after=2025-04-28 00:00:00+00:00
[2025-04-28T17:38:21.282+0000] {logging_mixin.py:188} INFO - [2025-04-28T17:38:21.282+0000] {dag.py:3823} INFO - Setting next_dagrun for example_branch_datetime_operator_3 to 2025-04-27 00:00:00+00:00, run_after=2025-04-28 00:00:00+00:00
[2025-04-28T17:38:21.299+0000] {processor.py:183} INFO - Processing /home/airflow/.local/lib/python3.8/site-packages/airflow/example_dags/example_branch_datetime_operator.py took 0.068 seconds
[2025-04-28T17:38:51.585+0000] {processor.py:161} INFO - Started process (PID=833) to work on /home/airflow/.local/lib/python3.8/site-packages/airflow/example_dags/example_branch_datetime_operator.py
[2025-04-28T17:38:51.587+0000] {processor.py:830} INFO - Processing file /home/airflow/.local/lib/python3.8/site-packages/airflow/example_dags/example_branch_datetime_operator.py for tasks to queue
[2025-04-28T17:38:51.589+0000] {logging_mixin.py:188} INFO - [2025-04-28T17:38:51.588+0000] {dagbag.py:538} INFO - Filling up the DagBag from /home/airflow/.local/lib/python3.8/site-packages/airflow/example_dags/example_branch_datetime_operator.py
[2025-04-28T17:38:51.594+0000] {processor.py:840} INFO - DAG(s) 'example_branch_datetime_operator_3', 'example_branch_datetime_operator_2', 'example_branch_datetime_operator' retrieved from /home/airflow/.local/lib/python3.8/site-packages/airflow/example_dags/example_branch_datetime_operator.py
[2025-04-28T17:38:51.616+0000] {logging_mixin.py:188} INFO - [2025-04-28T17:38:51.616+0000] {dag.py:3036} INFO - Sync 3 DAGs
[2025-04-28T17:38:51.629+0000] {logging_mixin.py:188} INFO - [2025-04-28T17:38:51.629+0000] {dag.py:3823} INFO - Setting next_dagrun for example_branch_datetime_operator to 2025-04-27 00:00:00+00:00, run_after=2025-04-28 00:00:00+00:00
[2025-04-28T17:38:51.633+0000] {logging_mixin.py:188} INFO - [2025-04-28T17:38:51.632+0000] {dag.py:3823} INFO - Setting next_dagrun for example_branch_datetime_operator_2 to 2025-04-27 00:00:00+00:00, run_after=2025-04-28 00:00:00+00:00
[2025-04-28T17:38:51.635+0000] {logging_mixin.py:188} INFO - [2025-04-28T17:38:51.634+0000] {dag.py:3823} INFO - Setting next_dagrun for example_branch_datetime_operator_3 to 2025-04-27 00:00:00+00:00, run_after=2025-04-28 00:00:00+00:00
[2025-04-28T17:38:51.647+0000] {processor.py:183} INFO - Processing /home/airflow/.local/lib/python3.8/site-packages/airflow/example_dags/example_branch_datetime_operator.py took 0.065 seconds
[2025-04-28T17:39:22.467+0000] {processor.py:161} INFO - Started process (PID=889) to work on /home/airflow/.local/lib/python3.8/site-packages/airflow/example_dags/example_branch_datetime_operator.py
[2025-04-28T17:39:22.469+0000] {processor.py:830} INFO - Processing file /home/airflow/.local/lib/python3.8/site-packages/airflow/example_dags/example_branch_datetime_operator.py for tasks to queue
[2025-04-28T17:39:22.470+0000] {logging_mixin.py:188} INFO - [2025-04-28T17:39:22.470+0000] {dagbag.py:538} INFO - Filling up the DagBag from /home/airflow/.local/lib/python3.8/site-packages/airflow/example_dags/example_branch_datetime_operator.py
[2025-04-28T17:39:22.478+0000] {processor.py:840} INFO - DAG(s) 'example_branch_datetime_operator', 'example_branch_datetime_operator_3', 'example_branch_datetime_operator_2' retrieved from /home/airflow/.local/lib/python3.8/site-packages/airflow/example_dags/example_branch_datetime_operator.py
[2025-04-28T17:39:22.506+0000] {logging_mixin.py:188} INFO - [2025-04-28T17:39:22.505+0000] {dag.py:3036} INFO - Sync 3 DAGs
[2025-04-28T17:39:22.519+0000] {logging_mixin.py:188} INFO - [2025-04-28T17:39:22.519+0000] {dag.py:3823} INFO - Setting next_dagrun for example_branch_datetime_operator to 2025-04-27 00:00:00+00:00, run_after=2025-04-28 00:00:00+00:00
[2025-04-28T17:39:22.523+0000] {logging_mixin.py:188} INFO - [2025-04-28T17:39:22.523+0000] {dag.py:3823} INFO - Setting next_dagrun for example_branch_datetime_operator_2 to 2025-04-27 00:00:00+00:00, run_after=2025-04-28 00:00:00+00:00
[2025-04-28T17:39:22.525+0000] {logging_mixin.py:188} INFO - [2025-04-28T17:39:22.525+0000] {dag.py:3823} INFO - Setting next_dagrun for example_branch_datetime_operator_3 to 2025-04-27 00:00:00+00:00, run_after=2025-04-28 00:00:00+00:00
[2025-04-28T17:39:22.536+0000] {processor.py:183} INFO - Processing /home/airflow/.local/lib/python3.8/site-packages/airflow/example_dags/example_branch_datetime_operator.py took 0.072 seconds
[2025-04-28T17:39:53.110+0000] {processor.py:161} INFO - Started process (PID=948) to work on /home/airflow/.local/lib/python3.8/site-packages/airflow/example_dags/example_branch_datetime_operator.py
[2025-04-28T17:39:53.115+0000] {processor.py:830} INFO - Processing file /home/airflow/.local/lib/python3.8/site-packages/airflow/example_dags/example_branch_datetime_operator.py for tasks to queue
[2025-04-28T17:39:53.117+0000] {logging_mixin.py:188} INFO - [2025-04-28T17:39:53.117+0000] {dagbag.py:538} INFO - Filling up the DagBag from /home/airflow/.local/lib/python3.8/site-packages/airflow/example_dags/example_branch_datetime_operator.py
[2025-04-28T17:39:53.138+0000] {processor.py:840} INFO - DAG(s) 'example_branch_datetime_operator_3', 'example_branch_datetime_operator_2', 'example_branch_datetime_operator' retrieved from /home/airflow/.local/lib/python3.8/site-packages/airflow/example_dags/example_branch_datetime_operator.py
[2025-04-28T17:39:53.181+0000] {logging_mixin.py:188} INFO - [2025-04-28T17:39:53.180+0000] {dag.py:3036} INFO - Sync 3 DAGs
[2025-04-28T17:39:53.198+0000] {logging_mixin.py:188} INFO - [2025-04-28T17:39:53.198+0000] {dag.py:3823} INFO - Setting next_dagrun for example_branch_datetime_operator to 2025-04-27 00:00:00+00:00, run_after=2025-04-28 00:00:00+00:00
[2025-04-28T17:39:53.201+0000] {logging_mixin.py:188} INFO - [2025-04-28T17:39:53.201+0000] {dag.py:3823} INFO - Setting next_dagrun for example_branch_datetime_operator_2 to 2025-04-27 00:00:00+00:00, run_after=2025-04-28 00:00:00+00:00
[2025-04-28T17:39:53.206+0000] {logging_mixin.py:188} INFO - [2025-04-28T17:39:53.206+0000] {dag.py:3823} INFO - Setting next_dagrun for example_branch_datetime_operator_3 to 2025-04-27 00:00:00+00:00, run_after=2025-04-28 00:00:00+00:00
[2025-04-28T17:39:53.218+0000] {processor.py:183} INFO - Processing /home/airflow/.local/lib/python3.8/site-packages/airflow/example_dags/example_branch_datetime_operator.py took 0.112 seconds
[2025-04-28T17:40:24.151+0000] {processor.py:161} INFO - Started process (PID=1008) to work on /home/airflow/.local/lib/python3.8/site-packages/airflow/example_dags/example_branch_datetime_operator.py
[2025-04-28T17:40:24.154+0000] {processor.py:830} INFO - Processing file /home/airflow/.local/lib/python3.8/site-packages/airflow/example_dags/example_branch_datetime_operator.py for tasks to queue
[2025-04-28T17:40:24.155+0000] {logging_mixin.py:188} INFO - [2025-04-28T17:40:24.155+0000] {dagbag.py:538} INFO - Filling up the DagBag from /home/airflow/.local/lib/python3.8/site-packages/airflow/example_dags/example_branch_datetime_operator.py
[2025-04-28T17:40:24.170+0000] {processor.py:840} INFO - DAG(s) 'example_branch_datetime_operator', 'example_branch_datetime_operator_3', 'example_branch_datetime_operator_2' retrieved from /home/airflow/.local/lib/python3.8/site-packages/airflow/example_dags/example_branch_datetime_operator.py
[2025-04-28T17:40:24.196+0000] {logging_mixin.py:188} INFO - [2025-04-28T17:40:24.196+0000] {dag.py:3036} INFO - Sync 3 DAGs
[2025-04-28T17:40:24.213+0000] {logging_mixin.py:188} INFO - [2025-04-28T17:40:24.213+0000] {dag.py:3823} INFO - Setting next_dagrun for example_branch_datetime_operator to 2025-04-27 00:00:00+00:00, run_after=2025-04-28 00:00:00+00:00
[2025-04-28T17:40:24.217+0000] {logging_mixin.py:188} INFO - [2025-04-28T17:40:24.217+0000] {dag.py:3823} INFO - Setting next_dagrun for example_branch_datetime_operator_2 to 2025-04-27 00:00:00+00:00, run_after=2025-04-28 00:00:00+00:00
[2025-04-28T17:40:24.219+0000] {logging_mixin.py:188} INFO - [2025-04-28T17:40:24.219+0000] {dag.py:3823} INFO - Setting next_dagrun for example_branch_datetime_operator_3 to 2025-04-27 00:00:00+00:00, run_after=2025-04-28 00:00:00+00:00
[2025-04-28T17:40:24.235+0000] {processor.py:183} INFO - Processing /home/airflow/.local/lib/python3.8/site-packages/airflow/example_dags/example_branch_datetime_operator.py took 0.092 seconds
[2025-04-28T17:40:55.239+0000] {processor.py:161} INFO - Started process (PID=1066) to work on /home/airflow/.local/lib/python3.8/site-packages/airflow/example_dags/example_branch_datetime_operator.py
[2025-04-28T17:40:55.242+0000] {processor.py:830} INFO - Processing file /home/airflow/.local/lib/python3.8/site-packages/airflow/example_dags/example_branch_datetime_operator.py for tasks to queue
[2025-04-28T17:40:55.246+0000] {logging_mixin.py:188} INFO - [2025-04-28T17:40:55.246+0000] {dagbag.py:538} INFO - Filling up the DagBag from /home/airflow/.local/lib/python3.8/site-packages/airflow/example_dags/example_branch_datetime_operator.py
[2025-04-28T17:40:55.260+0000] {processor.py:840} INFO - DAG(s) 'example_branch_datetime_operator', 'example_branch_datetime_operator_3', 'example_branch_datetime_operator_2' retrieved from /home/airflow/.local/lib/python3.8/site-packages/airflow/example_dags/example_branch_datetime_operator.py
[2025-04-28T17:40:55.304+0000] {logging_mixin.py:188} INFO - [2025-04-28T17:40:55.304+0000] {dag.py:3036} INFO - Sync 3 DAGs
[2025-04-28T17:40:55.323+0000] {logging_mixin.py:188} INFO - [2025-04-28T17:40:55.323+0000] {dag.py:3823} INFO - Setting next_dagrun for example_branch_datetime_operator to 2025-04-27 00:00:00+00:00, run_after=2025-04-28 00:00:00+00:00
[2025-04-28T17:40:55.326+0000] {logging_mixin.py:188} INFO - [2025-04-28T17:40:55.326+0000] {dag.py:3823} INFO - Setting next_dagrun for example_branch_datetime_operator_2 to 2025-04-27 00:00:00+00:00, run_after=2025-04-28 00:00:00+00:00
[2025-04-28T17:40:55.328+0000] {logging_mixin.py:188} INFO - [2025-04-28T17:40:55.328+0000] {dag.py:3823} INFO - Setting next_dagrun for example_branch_datetime_operator_3 to 2025-04-27 00:00:00+00:00, run_after=2025-04-28 00:00:00+00:00
[2025-04-28T17:40:55.343+0000] {processor.py:183} INFO - Processing /home/airflow/.local/lib/python3.8/site-packages/airflow/example_dags/example_branch_datetime_operator.py took 0.111 seconds
[2025-04-28T17:41:25.675+0000] {processor.py:161} INFO - Started process (PID=1122) to work on /home/airflow/.local/lib/python3.8/site-packages/airflow/example_dags/example_branch_datetime_operator.py
[2025-04-28T17:41:25.678+0000] {processor.py:830} INFO - Processing file /home/airflow/.local/lib/python3.8/site-packages/airflow/example_dags/example_branch_datetime_operator.py for tasks to queue
[2025-04-28T17:41:25.680+0000] {logging_mixin.py:188} INFO - [2025-04-28T17:41:25.680+0000] {dagbag.py:538} INFO - Filling up the DagBag from /home/airflow/.local/lib/python3.8/site-packages/airflow/example_dags/example_branch_datetime_operator.py
[2025-04-28T17:41:25.694+0000] {processor.py:840} INFO - DAG(s) 'example_branch_datetime_operator', 'example_branch_datetime_operator_2', 'example_branch_datetime_operator_3' retrieved from /home/airflow/.local/lib/python3.8/site-packages/airflow/example_dags/example_branch_datetime_operator.py
[2025-04-28T17:41:25.746+0000] {logging_mixin.py:188} INFO - [2025-04-28T17:41:25.746+0000] {dag.py:3036} INFO - Sync 3 DAGs
[2025-04-28T17:41:25.777+0000] {logging_mixin.py:188} INFO - [2025-04-28T17:41:25.777+0000] {dag.py:3823} INFO - Setting next_dagrun for example_branch_datetime_operator to 2025-04-27 00:00:00+00:00, run_after=2025-04-28 00:00:00+00:00
[2025-04-28T17:41:25.788+0000] {logging_mixin.py:188} INFO - [2025-04-28T17:41:25.788+0000] {dag.py:3823} INFO - Setting next_dagrun for example_branch_datetime_operator_2 to 2025-04-27 00:00:00+00:00, run_after=2025-04-28 00:00:00+00:00
[2025-04-28T17:41:25.802+0000] {logging_mixin.py:188} INFO - [2025-04-28T17:41:25.801+0000] {dag.py:3823} INFO - Setting next_dagrun for example_branch_datetime_operator_3 to 2025-04-27 00:00:00+00:00, run_after=2025-04-28 00:00:00+00:00
[2025-04-28T17:41:25.864+0000] {processor.py:183} INFO - Processing /home/airflow/.local/lib/python3.8/site-packages/airflow/example_dags/example_branch_datetime_operator.py took 0.193 seconds
[2025-04-28T17:43:02.999+0000] {processor.py:161} INFO - Started process (PID=107) to work on /home/airflow/.local/lib/python3.8/site-packages/airflow/example_dags/example_branch_datetime_operator.py
[2025-04-28T17:43:03.003+0000] {processor.py:830} INFO - Processing file /home/airflow/.local/lib/python3.8/site-packages/airflow/example_dags/example_branch_datetime_operator.py for tasks to queue
[2025-04-28T17:43:03.012+0000] {logging_mixin.py:188} INFO - [2025-04-28T17:43:03.012+0000] {dagbag.py:538} INFO - Filling up the DagBag from /home/airflow/.local/lib/python3.8/site-packages/airflow/example_dags/example_branch_datetime_operator.py
[2025-04-28T17:43:03.031+0000] {processor.py:840} INFO - DAG(s) 'example_branch_datetime_operator_2', 'example_branch_datetime_operator', 'example_branch_datetime_operator_3' retrieved from /home/airflow/.local/lib/python3.8/site-packages/airflow/example_dags/example_branch_datetime_operator.py
[2025-04-28T17:43:03.472+0000] {logging_mixin.py:188} INFO - [2025-04-28T17:43:03.471+0000] {dag.py:3036} INFO - Sync 3 DAGs
[2025-04-28T17:43:03.507+0000] {logging_mixin.py:188} INFO - [2025-04-28T17:43:03.507+0000] {dag.py:3823} INFO - Setting next_dagrun for example_branch_datetime_operator to 2025-04-27 00:00:00+00:00, run_after=2025-04-28 00:00:00+00:00
[2025-04-28T17:43:03.511+0000] {logging_mixin.py:188} INFO - [2025-04-28T17:43:03.511+0000] {dag.py:3823} INFO - Setting next_dagrun for example_branch_datetime_operator_2 to 2025-04-27 00:00:00+00:00, run_after=2025-04-28 00:00:00+00:00
[2025-04-28T17:43:03.514+0000] {logging_mixin.py:188} INFO - [2025-04-28T17:43:03.514+0000] {dag.py:3823} INFO - Setting next_dagrun for example_branch_datetime_operator_3 to 2025-04-27 00:00:00+00:00, run_after=2025-04-28 00:00:00+00:00
[2025-04-28T17:43:03.545+0000] {processor.py:183} INFO - Processing /home/airflow/.local/lib/python3.8/site-packages/airflow/example_dags/example_branch_datetime_operator.py took 0.552 seconds
[2025-04-28T17:43:33.584+0000] {processor.py:161} INFO - Started process (PID=163) to work on /home/airflow/.local/lib/python3.8/site-packages/airflow/example_dags/example_branch_datetime_operator.py
[2025-04-28T17:43:33.585+0000] {processor.py:830} INFO - Processing file /home/airflow/.local/lib/python3.8/site-packages/airflow/example_dags/example_branch_datetime_operator.py for tasks to queue
[2025-04-28T17:43:33.586+0000] {logging_mixin.py:188} INFO - [2025-04-28T17:43:33.586+0000] {dagbag.py:538} INFO - Filling up the DagBag from /home/airflow/.local/lib/python3.8/site-packages/airflow/example_dags/example_branch_datetime_operator.py
[2025-04-28T17:43:33.592+0000] {processor.py:840} INFO - DAG(s) 'example_branch_datetime_operator_3', 'example_branch_datetime_operator_2', 'example_branch_datetime_operator' retrieved from /home/airflow/.local/lib/python3.8/site-packages/airflow/example_dags/example_branch_datetime_operator.py
[2025-04-28T17:43:33.608+0000] {logging_mixin.py:188} INFO - [2025-04-28T17:43:33.608+0000] {dag.py:3036} INFO - Sync 3 DAGs
[2025-04-28T17:43:33.619+0000] {logging_mixin.py:188} INFO - [2025-04-28T17:43:33.619+0000] {dag.py:3823} INFO - Setting next_dagrun for example_branch_datetime_operator to 2025-04-27 00:00:00+00:00, run_after=2025-04-28 00:00:00+00:00
[2025-04-28T17:43:33.621+0000] {logging_mixin.py:188} INFO - [2025-04-28T17:43:33.621+0000] {dag.py:3823} INFO - Setting next_dagrun for example_branch_datetime_operator_2 to 2025-04-27 00:00:00+00:00, run_after=2025-04-28 00:00:00+00:00
[2025-04-28T17:43:33.622+0000] {logging_mixin.py:188} INFO - [2025-04-28T17:43:33.622+0000] {dag.py:3823} INFO - Setting next_dagrun for example_branch_datetime_operator_3 to 2025-04-27 00:00:00+00:00, run_after=2025-04-28 00:00:00+00:00
[2025-04-28T17:43:33.630+0000] {processor.py:183} INFO - Processing /home/airflow/.local/lib/python3.8/site-packages/airflow/example_dags/example_branch_datetime_operator.py took 0.048 seconds
[2025-04-28T17:44:03.802+0000] {processor.py:161} INFO - Started process (PID=219) to work on /home/airflow/.local/lib/python3.8/site-packages/airflow/example_dags/example_branch_datetime_operator.py
[2025-04-28T17:44:03.805+0000] {processor.py:830} INFO - Processing file /home/airflow/.local/lib/python3.8/site-packages/airflow/example_dags/example_branch_datetime_operator.py for tasks to queue
[2025-04-28T17:44:03.807+0000] {logging_mixin.py:188} INFO - [2025-04-28T17:44:03.807+0000] {dagbag.py:538} INFO - Filling up the DagBag from /home/airflow/.local/lib/python3.8/site-packages/airflow/example_dags/example_branch_datetime_operator.py
[2025-04-28T17:44:03.817+0000] {processor.py:840} INFO - DAG(s) 'example_branch_datetime_operator', 'example_branch_datetime_operator_3', 'example_branch_datetime_operator_2' retrieved from /home/airflow/.local/lib/python3.8/site-packages/airflow/example_dags/example_branch_datetime_operator.py
[2025-04-28T17:44:03.877+0000] {logging_mixin.py:188} INFO - [2025-04-28T17:44:03.877+0000] {dag.py:3036} INFO - Sync 3 DAGs
[2025-04-28T17:44:03.904+0000] {logging_mixin.py:188} INFO - [2025-04-28T17:44:03.904+0000] {dag.py:3823} INFO - Setting next_dagrun for example_branch_datetime_operator to 2025-04-27 00:00:00+00:00, run_after=2025-04-28 00:00:00+00:00
[2025-04-28T17:44:03.909+0000] {logging_mixin.py:188} INFO - [2025-04-28T17:44:03.909+0000] {dag.py:3823} INFO - Setting next_dagrun for example_branch_datetime_operator_2 to 2025-04-27 00:00:00+00:00, run_after=2025-04-28 00:00:00+00:00
[2025-04-28T17:44:03.914+0000] {logging_mixin.py:188} INFO - [2025-04-28T17:44:03.914+0000] {dag.py:3823} INFO - Setting next_dagrun for example_branch_datetime_operator_3 to 2025-04-27 00:00:00+00:00, run_after=2025-04-28 00:00:00+00:00
[2025-04-28T17:44:03.925+0000] {processor.py:183} INFO - Processing /home/airflow/.local/lib/python3.8/site-packages/airflow/example_dags/example_branch_datetime_operator.py took 0.139 seconds
[2025-04-28T17:44:34.410+0000] {processor.py:161} INFO - Started process (PID=275) to work on /home/airflow/.local/lib/python3.8/site-packages/airflow/example_dags/example_branch_datetime_operator.py
[2025-04-28T17:44:34.411+0000] {processor.py:830} INFO - Processing file /home/airflow/.local/lib/python3.8/site-packages/airflow/example_dags/example_branch_datetime_operator.py for tasks to queue
[2025-04-28T17:44:34.412+0000] {logging_mixin.py:188} INFO - [2025-04-28T17:44:34.411+0000] {dagbag.py:538} INFO - Filling up the DagBag from /home/airflow/.local/lib/python3.8/site-packages/airflow/example_dags/example_branch_datetime_operator.py
[2025-04-28T17:44:34.417+0000] {processor.py:840} INFO - DAG(s) 'example_branch_datetime_operator_3', 'example_branch_datetime_operator_2', 'example_branch_datetime_operator' retrieved from /home/airflow/.local/lib/python3.8/site-packages/airflow/example_dags/example_branch_datetime_operator.py
[2025-04-28T17:44:34.441+0000] {logging_mixin.py:188} INFO - [2025-04-28T17:44:34.441+0000] {dag.py:3036} INFO - Sync 3 DAGs
[2025-04-28T17:44:34.455+0000] {logging_mixin.py:188} INFO - [2025-04-28T17:44:34.455+0000] {dag.py:3823} INFO - Setting next_dagrun for example_branch_datetime_operator to 2025-04-27 00:00:00+00:00, run_after=2025-04-28 00:00:00+00:00
[2025-04-28T17:44:34.458+0000] {logging_mixin.py:188} INFO - [2025-04-28T17:44:34.457+0000] {dag.py:3823} INFO - Setting next_dagrun for example_branch_datetime_operator_2 to 2025-04-27 00:00:00+00:00, run_after=2025-04-28 00:00:00+00:00
[2025-04-28T17:44:34.459+0000] {logging_mixin.py:188} INFO - [2025-04-28T17:44:34.459+0000] {dag.py:3823} INFO - Setting next_dagrun for example_branch_datetime_operator_3 to 2025-04-27 00:00:00+00:00, run_after=2025-04-28 00:00:00+00:00
[2025-04-28T17:44:34.468+0000] {processor.py:183} INFO - Processing /home/airflow/.local/lib/python3.8/site-packages/airflow/example_dags/example_branch_datetime_operator.py took 0.060 seconds
[2025-04-28T17:45:05.479+0000] {processor.py:161} INFO - Started process (PID=331) to work on /home/airflow/.local/lib/python3.8/site-packages/airflow/example_dags/example_branch_datetime_operator.py
[2025-04-28T17:45:05.481+0000] {processor.py:830} INFO - Processing file /home/airflow/.local/lib/python3.8/site-packages/airflow/example_dags/example_branch_datetime_operator.py for tasks to queue
[2025-04-28T17:45:05.484+0000] {logging_mixin.py:188} INFO - [2025-04-28T17:45:05.484+0000] {dagbag.py:538} INFO - Filling up the DagBag from /home/airflow/.local/lib/python3.8/site-packages/airflow/example_dags/example_branch_datetime_operator.py
[2025-04-28T17:45:05.494+0000] {processor.py:840} INFO - DAG(s) 'example_branch_datetime_operator_3', 'example_branch_datetime_operator', 'example_branch_datetime_operator_2' retrieved from /home/airflow/.local/lib/python3.8/site-packages/airflow/example_dags/example_branch_datetime_operator.py
[2025-04-28T17:45:05.531+0000] {logging_mixin.py:188} INFO - [2025-04-28T17:45:05.530+0000] {dag.py:3036} INFO - Sync 3 DAGs
[2025-04-28T17:45:05.558+0000] {logging_mixin.py:188} INFO - [2025-04-28T17:45:05.557+0000] {dag.py:3823} INFO - Setting next_dagrun for example_branch_datetime_operator to 2025-04-27 00:00:00+00:00, run_after=2025-04-28 00:00:00+00:00
[2025-04-28T17:45:05.564+0000] {logging_mixin.py:188} INFO - [2025-04-28T17:45:05.564+0000] {dag.py:3823} INFO - Setting next_dagrun for example_branch_datetime_operator_2 to 2025-04-27 00:00:00+00:00, run_after=2025-04-28 00:00:00+00:00
[2025-04-28T17:45:05.567+0000] {logging_mixin.py:188} INFO - [2025-04-28T17:45:05.567+0000] {dag.py:3823} INFO - Setting next_dagrun for example_branch_datetime_operator_3 to 2025-04-27 00:00:00+00:00, run_after=2025-04-28 00:00:00+00:00
[2025-04-28T17:45:05.603+0000] {processor.py:183} INFO - Processing /home/airflow/.local/lib/python3.8/site-packages/airflow/example_dags/example_branch_datetime_operator.py took 0.127 seconds
[2025-04-28T17:45:36.446+0000] {processor.py:161} INFO - Started process (PID=387) to work on /home/airflow/.local/lib/python3.8/site-packages/airflow/example_dags/example_branch_datetime_operator.py
[2025-04-28T17:45:36.447+0000] {processor.py:830} INFO - Processing file /home/airflow/.local/lib/python3.8/site-packages/airflow/example_dags/example_branch_datetime_operator.py for tasks to queue
[2025-04-28T17:45:36.448+0000] {logging_mixin.py:188} INFO - [2025-04-28T17:45:36.447+0000] {dagbag.py:538} INFO - Filling up the DagBag from /home/airflow/.local/lib/python3.8/site-packages/airflow/example_dags/example_branch_datetime_operator.py
[2025-04-28T17:45:36.456+0000] {processor.py:840} INFO - DAG(s) 'example_branch_datetime_operator_3', 'example_branch_datetime_operator', 'example_branch_datetime_operator_2' retrieved from /home/airflow/.local/lib/python3.8/site-packages/airflow/example_dags/example_branch_datetime_operator.py
[2025-04-28T17:45:36.489+0000] {logging_mixin.py:188} INFO - [2025-04-28T17:45:36.488+0000] {dag.py:3036} INFO - Sync 3 DAGs
[2025-04-28T17:45:36.513+0000] {logging_mixin.py:188} INFO - [2025-04-28T17:45:36.513+0000] {dag.py:3823} INFO - Setting next_dagrun for example_branch_datetime_operator to 2025-04-27 00:00:00+00:00, run_after=2025-04-28 00:00:00+00:00
[2025-04-28T17:45:36.519+0000] {logging_mixin.py:188} INFO - [2025-04-28T17:45:36.519+0000] {dag.py:3823} INFO - Setting next_dagrun for example_branch_datetime_operator_2 to 2025-04-27 00:00:00+00:00, run_after=2025-04-28 00:00:00+00:00
[2025-04-28T17:45:36.520+0000] {logging_mixin.py:188} INFO - [2025-04-28T17:45:36.520+0000] {dag.py:3823} INFO - Setting next_dagrun for example_branch_datetime_operator_3 to 2025-04-27 00:00:00+00:00, run_after=2025-04-28 00:00:00+00:00
[2025-04-28T17:45:36.533+0000] {processor.py:183} INFO - Processing /home/airflow/.local/lib/python3.8/site-packages/airflow/example_dags/example_branch_datetime_operator.py took 0.090 seconds
[2025-04-28T17:46:06.979+0000] {processor.py:161} INFO - Started process (PID=443) to work on /home/airflow/.local/lib/python3.8/site-packages/airflow/example_dags/example_branch_datetime_operator.py
[2025-04-28T17:46:06.981+0000] {processor.py:830} INFO - Processing file /home/airflow/.local/lib/python3.8/site-packages/airflow/example_dags/example_branch_datetime_operator.py for tasks to queue
[2025-04-28T17:46:06.985+0000] {logging_mixin.py:188} INFO - [2025-04-28T17:46:06.984+0000] {dagbag.py:538} INFO - Filling up the DagBag from /home/airflow/.local/lib/python3.8/site-packages/airflow/example_dags/example_branch_datetime_operator.py
[2025-04-28T17:46:06.998+0000] {processor.py:840} INFO - DAG(s) 'example_branch_datetime_operator_2', 'example_branch_datetime_operator', 'example_branch_datetime_operator_3' retrieved from /home/airflow/.local/lib/python3.8/site-packages/airflow/example_dags/example_branch_datetime_operator.py
[2025-04-28T17:46:07.139+0000] {logging_mixin.py:188} INFO - [2025-04-28T17:46:07.137+0000] {dag.py:3036} INFO - Sync 3 DAGs
[2025-04-28T17:46:07.194+0000] {logging_mixin.py:188} INFO - [2025-04-28T17:46:07.194+0000] {dag.py:3823} INFO - Setting next_dagrun for example_branch_datetime_operator to 2025-04-27 00:00:00+00:00, run_after=2025-04-28 00:00:00+00:00
[2025-04-28T17:46:07.209+0000] {logging_mixin.py:188} INFO - [2025-04-28T17:46:07.208+0000] {dag.py:3823} INFO - Setting next_dagrun for example_branch_datetime_operator_2 to 2025-04-27 00:00:00+00:00, run_after=2025-04-28 00:00:00+00:00
[2025-04-28T17:46:07.214+0000] {logging_mixin.py:188} INFO - [2025-04-28T17:46:07.214+0000] {dag.py:3823} INFO - Setting next_dagrun for example_branch_datetime_operator_3 to 2025-04-27 00:00:00+00:00, run_after=2025-04-28 00:00:00+00:00
[2025-04-28T17:46:07.270+0000] {processor.py:183} INFO - Processing /home/airflow/.local/lib/python3.8/site-packages/airflow/example_dags/example_branch_datetime_operator.py took 0.304 seconds
