[2025-04-28T17:32:07.250+0000] {processor.py:161} INFO - Started process (PID=70) to work on /home/airflow/.local/lib/python3.8/site-packages/airflow/example_dags/example_complex.py
[2025-04-28T17:32:07.251+0000] {processor.py:830} INFO - Processing file /home/airflow/.local/lib/python3.8/site-packages/airflow/example_dags/example_complex.py for tasks to queue
[2025-04-28T17:32:07.254+0000] {logging_mixin.py:188} INFO - [2025-04-28T17:32:07.254+0000] {dagbag.py:538} INFO - Filling up the DagBag from /home/airflow/.local/lib/python3.8/site-packages/airflow/example_dags/example_complex.py
[2025-04-28T17:32:07.267+0000] {processor.py:840} INFO - DAG(s) 'example_complex' retrieved from /home/airflow/.local/lib/python3.8/site-packages/airflow/example_dags/example_complex.py
[2025-04-28T17:32:07.288+0000] {logging_mixin.py:188} INFO - [2025-04-28T17:32:07.287+0000] {dag.py:3036} INFO - Sync 1 DAGs
[2025-04-28T17:32:07.303+0000] {logging_mixin.py:188} INFO - [2025-04-28T17:32:07.303+0000] {dag.py:3823} INFO - Setting next_dagrun for example_complex to None, run_after=None
[2025-04-28T17:32:07.326+0000] {processor.py:183} INFO - Processing /home/airflow/.local/lib/python3.8/site-packages/airflow/example_dags/example_complex.py took 0.080 seconds
[2025-04-28T17:32:38.386+0000] {processor.py:161} INFO - Started process (PID=125) to work on /home/airflow/.local/lib/python3.8/site-packages/airflow/example_dags/example_complex.py
[2025-04-28T17:32:38.388+0000] {processor.py:830} INFO - Processing file /home/airflow/.local/lib/python3.8/site-packages/airflow/example_dags/example_complex.py for tasks to queue
[2025-04-28T17:32:38.390+0000] {logging_mixin.py:188} INFO - [2025-04-28T17:32:38.390+0000] {dagbag.py:538} INFO - Filling up the DagBag from /home/airflow/.local/lib/python3.8/site-packages/airflow/example_dags/example_complex.py
[2025-04-28T17:32:38.404+0000] {processor.py:840} INFO - DAG(s) 'example_complex' retrieved from /home/airflow/.local/lib/python3.8/site-packages/airflow/example_dags/example_complex.py
[2025-04-28T17:32:38.517+0000] {logging_mixin.py:188} INFO - [2025-04-28T17:32:38.517+0000] {dag.py:3036} INFO - Sync 1 DAGs
[2025-04-28T17:32:38.547+0000] {logging_mixin.py:188} INFO - [2025-04-28T17:32:38.547+0000] {dag.py:3823} INFO - Setting next_dagrun for example_complex to None, run_after=None
[2025-04-28T17:32:38.574+0000] {processor.py:183} INFO - Processing /home/airflow/.local/lib/python3.8/site-packages/airflow/example_dags/example_complex.py took 0.191 seconds
[2025-04-28T17:33:09.578+0000] {processor.py:161} INFO - Started process (PID=180) to work on /home/airflow/.local/lib/python3.8/site-packages/airflow/example_dags/example_complex.py
[2025-04-28T17:33:09.585+0000] {processor.py:830} INFO - Processing file /home/airflow/.local/lib/python3.8/site-packages/airflow/example_dags/example_complex.py for tasks to queue
[2025-04-28T17:33:09.593+0000] {logging_mixin.py:188} INFO - [2025-04-28T17:33:09.593+0000] {dagbag.py:538} INFO - Filling up the DagBag from /home/airflow/.local/lib/python3.8/site-packages/airflow/example_dags/example_complex.py
[2025-04-28T17:33:09.672+0000] {processor.py:840} INFO - DAG(s) 'example_complex' retrieved from /home/airflow/.local/lib/python3.8/site-packages/airflow/example_dags/example_complex.py
[2025-04-28T17:33:09.843+0000] {logging_mixin.py:188} INFO - [2025-04-28T17:33:09.841+0000] {dag.py:3036} INFO - Sync 1 DAGs
[2025-04-28T17:33:09.911+0000] {logging_mixin.py:188} INFO - [2025-04-28T17:33:09.911+0000] {dag.py:3823} INFO - Setting next_dagrun for example_complex to None, run_after=None
[2025-04-28T17:33:09.965+0000] {processor.py:183} INFO - Processing /home/airflow/.local/lib/python3.8/site-packages/airflow/example_dags/example_complex.py took 0.395 seconds
[2025-04-28T17:33:40.443+0000] {processor.py:161} INFO - Started process (PID=235) to work on /home/airflow/.local/lib/python3.8/site-packages/airflow/example_dags/example_complex.py
[2025-04-28T17:33:40.444+0000] {processor.py:830} INFO - Processing file /home/airflow/.local/lib/python3.8/site-packages/airflow/example_dags/example_complex.py for tasks to queue
[2025-04-28T17:33:40.447+0000] {logging_mixin.py:188} INFO - [2025-04-28T17:33:40.446+0000] {dagbag.py:538} INFO - Filling up the DagBag from /home/airflow/.local/lib/python3.8/site-packages/airflow/example_dags/example_complex.py
[2025-04-28T17:33:40.457+0000] {processor.py:840} INFO - DAG(s) 'example_complex' retrieved from /home/airflow/.local/lib/python3.8/site-packages/airflow/example_dags/example_complex.py
[2025-04-28T17:33:40.485+0000] {logging_mixin.py:188} INFO - [2025-04-28T17:33:40.485+0000] {dag.py:3036} INFO - Sync 1 DAGs
[2025-04-28T17:33:40.495+0000] {logging_mixin.py:188} INFO - [2025-04-28T17:33:40.495+0000] {dag.py:3823} INFO - Setting next_dagrun for example_complex to None, run_after=None
[2025-04-28T17:33:40.513+0000] {processor.py:183} INFO - Processing /home/airflow/.local/lib/python3.8/site-packages/airflow/example_dags/example_complex.py took 0.075 seconds
[2025-04-28T17:34:11.466+0000] {processor.py:161} INFO - Started process (PID=290) to work on /home/airflow/.local/lib/python3.8/site-packages/airflow/example_dags/example_complex.py
[2025-04-28T17:34:11.470+0000] {processor.py:830} INFO - Processing file /home/airflow/.local/lib/python3.8/site-packages/airflow/example_dags/example_complex.py for tasks to queue
[2025-04-28T17:34:11.479+0000] {logging_mixin.py:188} INFO - [2025-04-28T17:34:11.477+0000] {dagbag.py:538} INFO - Filling up the DagBag from /home/airflow/.local/lib/python3.8/site-packages/airflow/example_dags/example_complex.py
[2025-04-28T17:34:11.498+0000] {processor.py:840} INFO - DAG(s) 'example_complex' retrieved from /home/airflow/.local/lib/python3.8/site-packages/airflow/example_dags/example_complex.py
[2025-04-28T17:34:11.578+0000] {logging_mixin.py:188} INFO - [2025-04-28T17:34:11.577+0000] {dag.py:3036} INFO - Sync 1 DAGs
[2025-04-28T17:34:11.618+0000] {logging_mixin.py:188} INFO - [2025-04-28T17:34:11.618+0000] {dag.py:3823} INFO - Setting next_dagrun for example_complex to None, run_after=None
[2025-04-28T17:34:11.649+0000] {processor.py:183} INFO - Processing /home/airflow/.local/lib/python3.8/site-packages/airflow/example_dags/example_complex.py took 0.187 seconds
[2025-04-28T17:34:42.360+0000] {processor.py:161} INFO - Started process (PID=345) to work on /home/airflow/.local/lib/python3.8/site-packages/airflow/example_dags/example_complex.py
[2025-04-28T17:34:42.363+0000] {processor.py:830} INFO - Processing file /home/airflow/.local/lib/python3.8/site-packages/airflow/example_dags/example_complex.py for tasks to queue
[2025-04-28T17:34:42.369+0000] {logging_mixin.py:188} INFO - [2025-04-28T17:34:42.368+0000] {dagbag.py:538} INFO - Filling up the DagBag from /home/airflow/.local/lib/python3.8/site-packages/airflow/example_dags/example_complex.py
[2025-04-28T17:34:42.398+0000] {processor.py:840} INFO - DAG(s) 'example_complex' retrieved from /home/airflow/.local/lib/python3.8/site-packages/airflow/example_dags/example_complex.py
[2025-04-28T17:34:42.482+0000] {logging_mixin.py:188} INFO - [2025-04-28T17:34:42.481+0000] {dag.py:3036} INFO - Sync 1 DAGs
[2025-04-28T17:34:42.513+0000] {logging_mixin.py:188} INFO - [2025-04-28T17:34:42.512+0000] {dag.py:3823} INFO - Setting next_dagrun for example_complex to None, run_after=None
[2025-04-28T17:34:42.566+0000] {processor.py:183} INFO - Processing /home/airflow/.local/lib/python3.8/site-packages/airflow/example_dags/example_complex.py took 0.217 seconds
[2025-04-28T17:35:12.927+0000] {processor.py:161} INFO - Started process (PID=400) to work on /home/airflow/.local/lib/python3.8/site-packages/airflow/example_dags/example_complex.py
[2025-04-28T17:35:12.933+0000] {processor.py:830} INFO - Processing file /home/airflow/.local/lib/python3.8/site-packages/airflow/example_dags/example_complex.py for tasks to queue
[2025-04-28T17:35:12.937+0000] {logging_mixin.py:188} INFO - [2025-04-28T17:35:12.936+0000] {dagbag.py:538} INFO - Filling up the DagBag from /home/airflow/.local/lib/python3.8/site-packages/airflow/example_dags/example_complex.py
[2025-04-28T17:35:12.954+0000] {processor.py:840} INFO - DAG(s) 'example_complex' retrieved from /home/airflow/.local/lib/python3.8/site-packages/airflow/example_dags/example_complex.py
[2025-04-28T17:35:12.996+0000] {logging_mixin.py:188} INFO - [2025-04-28T17:35:12.996+0000] {dag.py:3036} INFO - Sync 1 DAGs
[2025-04-28T17:35:13.009+0000] {logging_mixin.py:188} INFO - [2025-04-28T17:35:13.009+0000] {dag.py:3823} INFO - Setting next_dagrun for example_complex to None, run_after=None
[2025-04-28T17:35:13.032+0000] {processor.py:183} INFO - Processing /home/airflow/.local/lib/python3.8/site-packages/airflow/example_dags/example_complex.py took 0.113 seconds
[2025-04-28T17:35:43.620+0000] {processor.py:161} INFO - Started process (PID=455) to work on /home/airflow/.local/lib/python3.8/site-packages/airflow/example_dags/example_complex.py
[2025-04-28T17:35:43.622+0000] {processor.py:830} INFO - Processing file /home/airflow/.local/lib/python3.8/site-packages/airflow/example_dags/example_complex.py for tasks to queue
[2025-04-28T17:35:43.624+0000] {logging_mixin.py:188} INFO - [2025-04-28T17:35:43.624+0000] {dagbag.py:538} INFO - Filling up the DagBag from /home/airflow/.local/lib/python3.8/site-packages/airflow/example_dags/example_complex.py
[2025-04-28T17:35:43.645+0000] {processor.py:840} INFO - DAG(s) 'example_complex' retrieved from /home/airflow/.local/lib/python3.8/site-packages/airflow/example_dags/example_complex.py
[2025-04-28T17:35:43.698+0000] {logging_mixin.py:188} INFO - [2025-04-28T17:35:43.698+0000] {dag.py:3036} INFO - Sync 1 DAGs
[2025-04-28T17:35:43.733+0000] {logging_mixin.py:188} INFO - [2025-04-28T17:35:43.733+0000] {dag.py:3823} INFO - Setting next_dagrun for example_complex to None, run_after=None
[2025-04-28T17:35:43.779+0000] {processor.py:183} INFO - Processing /home/airflow/.local/lib/python3.8/site-packages/airflow/example_dags/example_complex.py took 0.166 seconds
[2025-04-28T17:36:14.438+0000] {processor.py:161} INFO - Started process (PID=510) to work on /home/airflow/.local/lib/python3.8/site-packages/airflow/example_dags/example_complex.py
[2025-04-28T17:36:14.440+0000] {processor.py:830} INFO - Processing file /home/airflow/.local/lib/python3.8/site-packages/airflow/example_dags/example_complex.py for tasks to queue
[2025-04-28T17:36:14.444+0000] {logging_mixin.py:188} INFO - [2025-04-28T17:36:14.444+0000] {dagbag.py:538} INFO - Filling up the DagBag from /home/airflow/.local/lib/python3.8/site-packages/airflow/example_dags/example_complex.py
[2025-04-28T17:36:14.465+0000] {processor.py:840} INFO - DAG(s) 'example_complex' retrieved from /home/airflow/.local/lib/python3.8/site-packages/airflow/example_dags/example_complex.py
[2025-04-28T17:36:14.510+0000] {logging_mixin.py:188} INFO - [2025-04-28T17:36:14.510+0000] {dag.py:3036} INFO - Sync 1 DAGs
[2025-04-28T17:36:14.519+0000] {logging_mixin.py:188} INFO - [2025-04-28T17:36:14.519+0000] {dag.py:3823} INFO - Setting next_dagrun for example_complex to None, run_after=None
[2025-04-28T17:36:14.552+0000] {processor.py:183} INFO - Processing /home/airflow/.local/lib/python3.8/site-packages/airflow/example_dags/example_complex.py took 0.119 seconds
[2025-04-28T17:36:44.702+0000] {processor.py:161} INFO - Started process (PID=565) to work on /home/airflow/.local/lib/python3.8/site-packages/airflow/example_dags/example_complex.py
[2025-04-28T17:36:44.704+0000] {processor.py:830} INFO - Processing file /home/airflow/.local/lib/python3.8/site-packages/airflow/example_dags/example_complex.py for tasks to queue
[2025-04-28T17:36:44.709+0000] {logging_mixin.py:188} INFO - [2025-04-28T17:36:44.708+0000] {dagbag.py:538} INFO - Filling up the DagBag from /home/airflow/.local/lib/python3.8/site-packages/airflow/example_dags/example_complex.py
[2025-04-28T17:36:44.727+0000] {processor.py:840} INFO - DAG(s) 'example_complex' retrieved from /home/airflow/.local/lib/python3.8/site-packages/airflow/example_dags/example_complex.py
[2025-04-28T17:36:44.780+0000] {logging_mixin.py:188} INFO - [2025-04-28T17:36:44.780+0000] {dag.py:3036} INFO - Sync 1 DAGs
[2025-04-28T17:36:44.791+0000] {logging_mixin.py:188} INFO - [2025-04-28T17:36:44.791+0000] {dag.py:3823} INFO - Setting next_dagrun for example_complex to None, run_after=None
[2025-04-28T17:36:44.810+0000] {processor.py:183} INFO - Processing /home/airflow/.local/lib/python3.8/site-packages/airflow/example_dags/example_complex.py took 0.112 seconds
[2025-04-28T17:37:15.342+0000] {processor.py:161} INFO - Started process (PID=626) to work on /home/airflow/.local/lib/python3.8/site-packages/airflow/example_dags/example_complex.py
[2025-04-28T17:37:15.345+0000] {processor.py:830} INFO - Processing file /home/airflow/.local/lib/python3.8/site-packages/airflow/example_dags/example_complex.py for tasks to queue
[2025-04-28T17:37:15.347+0000] {logging_mixin.py:188} INFO - [2025-04-28T17:37:15.346+0000] {dagbag.py:538} INFO - Filling up the DagBag from /home/airflow/.local/lib/python3.8/site-packages/airflow/example_dags/example_complex.py
[2025-04-28T17:37:15.360+0000] {processor.py:840} INFO - DAG(s) 'example_complex' retrieved from /home/airflow/.local/lib/python3.8/site-packages/airflow/example_dags/example_complex.py
[2025-04-28T17:37:15.409+0000] {logging_mixin.py:188} INFO - [2025-04-28T17:37:15.409+0000] {dag.py:3036} INFO - Sync 1 DAGs
[2025-04-28T17:37:15.422+0000] {logging_mixin.py:188} INFO - [2025-04-28T17:37:15.421+0000] {dag.py:3823} INFO - Setting next_dagrun for example_complex to None, run_after=None
[2025-04-28T17:37:15.446+0000] {processor.py:183} INFO - Processing /home/airflow/.local/lib/python3.8/site-packages/airflow/example_dags/example_complex.py took 0.115 seconds
[2025-04-28T17:37:45.622+0000] {processor.py:161} INFO - Started process (PID=687) to work on /home/airflow/.local/lib/python3.8/site-packages/airflow/example_dags/example_complex.py
[2025-04-28T17:37:45.624+0000] {processor.py:830} INFO - Processing file /home/airflow/.local/lib/python3.8/site-packages/airflow/example_dags/example_complex.py for tasks to queue
[2025-04-28T17:37:45.629+0000] {logging_mixin.py:188} INFO - [2025-04-28T17:37:45.629+0000] {dagbag.py:538} INFO - Filling up the DagBag from /home/airflow/.local/lib/python3.8/site-packages/airflow/example_dags/example_complex.py
[2025-04-28T17:37:45.644+0000] {processor.py:840} INFO - DAG(s) 'example_complex' retrieved from /home/airflow/.local/lib/python3.8/site-packages/airflow/example_dags/example_complex.py
[2025-04-28T17:37:45.695+0000] {logging_mixin.py:188} INFO - [2025-04-28T17:37:45.695+0000] {dag.py:3036} INFO - Sync 1 DAGs
[2025-04-28T17:37:45.719+0000] {logging_mixin.py:188} INFO - [2025-04-28T17:37:45.718+0000] {dag.py:3823} INFO - Setting next_dagrun for example_complex to None, run_after=None
[2025-04-28T17:37:45.750+0000] {processor.py:183} INFO - Processing /home/airflow/.local/lib/python3.8/site-packages/airflow/example_dags/example_complex.py took 0.131 seconds
[2025-04-28T17:38:16.739+0000] {processor.py:161} INFO - Started process (PID=748) to work on /home/airflow/.local/lib/python3.8/site-packages/airflow/example_dags/example_complex.py
[2025-04-28T17:38:16.746+0000] {processor.py:830} INFO - Processing file /home/airflow/.local/lib/python3.8/site-packages/airflow/example_dags/example_complex.py for tasks to queue
[2025-04-28T17:38:16.750+0000] {logging_mixin.py:188} INFO - [2025-04-28T17:38:16.749+0000] {dagbag.py:538} INFO - Filling up the DagBag from /home/airflow/.local/lib/python3.8/site-packages/airflow/example_dags/example_complex.py
[2025-04-28T17:38:16.765+0000] {processor.py:840} INFO - DAG(s) 'example_complex' retrieved from /home/airflow/.local/lib/python3.8/site-packages/airflow/example_dags/example_complex.py
[2025-04-28T17:38:16.796+0000] {logging_mixin.py:188} INFO - [2025-04-28T17:38:16.796+0000] {dag.py:3036} INFO - Sync 1 DAGs
[2025-04-28T17:38:16.805+0000] {logging_mixin.py:188} INFO - [2025-04-28T17:38:16.804+0000] {dag.py:3823} INFO - Setting next_dagrun for example_complex to None, run_after=None
[2025-04-28T17:38:16.822+0000] {processor.py:183} INFO - Processing /home/airflow/.local/lib/python3.8/site-packages/airflow/example_dags/example_complex.py took 0.090 seconds
[2025-04-28T17:38:47.171+0000] {processor.py:161} INFO - Started process (PID=810) to work on /home/airflow/.local/lib/python3.8/site-packages/airflow/example_dags/example_complex.py
[2025-04-28T17:38:47.176+0000] {processor.py:830} INFO - Processing file /home/airflow/.local/lib/python3.8/site-packages/airflow/example_dags/example_complex.py for tasks to queue
[2025-04-28T17:38:47.184+0000] {logging_mixin.py:188} INFO - [2025-04-28T17:38:47.183+0000] {dagbag.py:538} INFO - Filling up the DagBag from /home/airflow/.local/lib/python3.8/site-packages/airflow/example_dags/example_complex.py
[2025-04-28T17:38:47.202+0000] {processor.py:840} INFO - DAG(s) 'example_complex' retrieved from /home/airflow/.local/lib/python3.8/site-packages/airflow/example_dags/example_complex.py
[2025-04-28T17:38:47.227+0000] {logging_mixin.py:188} INFO - [2025-04-28T17:38:47.227+0000] {dag.py:3036} INFO - Sync 1 DAGs
[2025-04-28T17:38:47.240+0000] {logging_mixin.py:188} INFO - [2025-04-28T17:38:47.240+0000] {dag.py:3823} INFO - Setting next_dagrun for example_complex to None, run_after=None
[2025-04-28T17:38:47.259+0000] {processor.py:183} INFO - Processing /home/airflow/.local/lib/python3.8/site-packages/airflow/example_dags/example_complex.py took 0.091 seconds
[2025-04-28T17:39:18.188+0000] {processor.py:161} INFO - Started process (PID=866) to work on /home/airflow/.local/lib/python3.8/site-packages/airflow/example_dags/example_complex.py
[2025-04-28T17:39:18.192+0000] {processor.py:830} INFO - Processing file /home/airflow/.local/lib/python3.8/site-packages/airflow/example_dags/example_complex.py for tasks to queue
[2025-04-28T17:39:18.195+0000] {logging_mixin.py:188} INFO - [2025-04-28T17:39:18.195+0000] {dagbag.py:538} INFO - Filling up the DagBag from /home/airflow/.local/lib/python3.8/site-packages/airflow/example_dags/example_complex.py
[2025-04-28T17:39:18.204+0000] {processor.py:840} INFO - DAG(s) 'example_complex' retrieved from /home/airflow/.local/lib/python3.8/site-packages/airflow/example_dags/example_complex.py
[2025-04-28T17:39:18.229+0000] {logging_mixin.py:188} INFO - [2025-04-28T17:39:18.229+0000] {dag.py:3036} INFO - Sync 1 DAGs
[2025-04-28T17:39:18.238+0000] {logging_mixin.py:188} INFO - [2025-04-28T17:39:18.238+0000] {dag.py:3823} INFO - Setting next_dagrun for example_complex to None, run_after=None
[2025-04-28T17:39:18.253+0000] {processor.py:183} INFO - Processing /home/airflow/.local/lib/python3.8/site-packages/airflow/example_dags/example_complex.py took 0.070 seconds
[2025-04-28T17:39:49.234+0000] {processor.py:161} INFO - Started process (PID=925) to work on /home/airflow/.local/lib/python3.8/site-packages/airflow/example_dags/example_complex.py
[2025-04-28T17:39:49.241+0000] {processor.py:830} INFO - Processing file /home/airflow/.local/lib/python3.8/site-packages/airflow/example_dags/example_complex.py for tasks to queue
[2025-04-28T17:39:49.245+0000] {logging_mixin.py:188} INFO - [2025-04-28T17:39:49.244+0000] {dagbag.py:538} INFO - Filling up the DagBag from /home/airflow/.local/lib/python3.8/site-packages/airflow/example_dags/example_complex.py
[2025-04-28T17:39:49.256+0000] {processor.py:840} INFO - DAG(s) 'example_complex' retrieved from /home/airflow/.local/lib/python3.8/site-packages/airflow/example_dags/example_complex.py
[2025-04-28T17:39:49.294+0000] {logging_mixin.py:188} INFO - [2025-04-28T17:39:49.294+0000] {dag.py:3036} INFO - Sync 1 DAGs
[2025-04-28T17:39:49.311+0000] {logging_mixin.py:188} INFO - [2025-04-28T17:39:49.310+0000] {dag.py:3823} INFO - Setting next_dagrun for example_complex to None, run_after=None
[2025-04-28T17:39:49.330+0000] {processor.py:183} INFO - Processing /home/airflow/.local/lib/python3.8/site-packages/airflow/example_dags/example_complex.py took 0.103 seconds
[2025-04-28T17:40:19.620+0000] {processor.py:161} INFO - Started process (PID=985) to work on /home/airflow/.local/lib/python3.8/site-packages/airflow/example_dags/example_complex.py
[2025-04-28T17:40:19.622+0000] {processor.py:830} INFO - Processing file /home/airflow/.local/lib/python3.8/site-packages/airflow/example_dags/example_complex.py for tasks to queue
[2025-04-28T17:40:19.629+0000] {logging_mixin.py:188} INFO - [2025-04-28T17:40:19.629+0000] {dagbag.py:538} INFO - Filling up the DagBag from /home/airflow/.local/lib/python3.8/site-packages/airflow/example_dags/example_complex.py
[2025-04-28T17:40:19.644+0000] {processor.py:840} INFO - DAG(s) 'example_complex' retrieved from /home/airflow/.local/lib/python3.8/site-packages/airflow/example_dags/example_complex.py
[2025-04-28T17:40:19.679+0000] {logging_mixin.py:188} INFO - [2025-04-28T17:40:19.679+0000] {dag.py:3036} INFO - Sync 1 DAGs
[2025-04-28T17:40:19.694+0000] {logging_mixin.py:188} INFO - [2025-04-28T17:40:19.694+0000] {dag.py:3823} INFO - Setting next_dagrun for example_complex to None, run_after=None
[2025-04-28T17:40:19.714+0000] {processor.py:183} INFO - Processing /home/airflow/.local/lib/python3.8/site-packages/airflow/example_dags/example_complex.py took 0.098 seconds
[2025-04-28T17:40:49.803+0000] {processor.py:161} INFO - Started process (PID=1044) to work on /home/airflow/.local/lib/python3.8/site-packages/airflow/example_dags/example_complex.py
[2025-04-28T17:40:49.808+0000] {processor.py:830} INFO - Processing file /home/airflow/.local/lib/python3.8/site-packages/airflow/example_dags/example_complex.py for tasks to queue
[2025-04-28T17:40:49.816+0000] {logging_mixin.py:188} INFO - [2025-04-28T17:40:49.815+0000] {dagbag.py:538} INFO - Filling up the DagBag from /home/airflow/.local/lib/python3.8/site-packages/airflow/example_dags/example_complex.py
[2025-04-28T17:40:49.835+0000] {processor.py:840} INFO - DAG(s) 'example_complex' retrieved from /home/airflow/.local/lib/python3.8/site-packages/airflow/example_dags/example_complex.py
[2025-04-28T17:40:49.880+0000] {logging_mixin.py:188} INFO - [2025-04-28T17:40:49.880+0000] {dag.py:3036} INFO - Sync 1 DAGs
[2025-04-28T17:40:49.901+0000] {logging_mixin.py:188} INFO - [2025-04-28T17:40:49.901+0000] {dag.py:3823} INFO - Setting next_dagrun for example_complex to None, run_after=None
[2025-04-28T17:40:49.920+0000] {processor.py:183} INFO - Processing /home/airflow/.local/lib/python3.8/site-packages/airflow/example_dags/example_complex.py took 0.130 seconds
[2025-04-28T17:41:20.048+0000] {processor.py:161} INFO - Started process (PID=1100) to work on /home/airflow/.local/lib/python3.8/site-packages/airflow/example_dags/example_complex.py
[2025-04-28T17:41:20.052+0000] {processor.py:830} INFO - Processing file /home/airflow/.local/lib/python3.8/site-packages/airflow/example_dags/example_complex.py for tasks to queue
[2025-04-28T17:41:20.055+0000] {logging_mixin.py:188} INFO - [2025-04-28T17:41:20.055+0000] {dagbag.py:538} INFO - Filling up the DagBag from /home/airflow/.local/lib/python3.8/site-packages/airflow/example_dags/example_complex.py
[2025-04-28T17:41:20.064+0000] {processor.py:840} INFO - DAG(s) 'example_complex' retrieved from /home/airflow/.local/lib/python3.8/site-packages/airflow/example_dags/example_complex.py
[2025-04-28T17:41:20.099+0000] {logging_mixin.py:188} INFO - [2025-04-28T17:41:20.099+0000] {dag.py:3036} INFO - Sync 1 DAGs
[2025-04-28T17:41:20.107+0000] {logging_mixin.py:188} INFO - [2025-04-28T17:41:20.107+0000] {dag.py:3823} INFO - Setting next_dagrun for example_complex to None, run_after=None
[2025-04-28T17:41:20.127+0000] {processor.py:183} INFO - Processing /home/airflow/.local/lib/python3.8/site-packages/airflow/example_dags/example_complex.py took 0.087 seconds
[2025-04-28T17:42:53.918+0000] {processor.py:161} INFO - Started process (PID=79) to work on /home/airflow/.local/lib/python3.8/site-packages/airflow/example_dags/example_complex.py
[2025-04-28T17:42:53.920+0000] {processor.py:830} INFO - Processing file /home/airflow/.local/lib/python3.8/site-packages/airflow/example_dags/example_complex.py for tasks to queue
[2025-04-28T17:42:53.923+0000] {logging_mixin.py:188} INFO - [2025-04-28T17:42:53.922+0000] {dagbag.py:538} INFO - Filling up the DagBag from /home/airflow/.local/lib/python3.8/site-packages/airflow/example_dags/example_complex.py
[2025-04-28T17:42:53.958+0000] {processor.py:840} INFO - DAG(s) 'example_complex' retrieved from /home/airflow/.local/lib/python3.8/site-packages/airflow/example_dags/example_complex.py
[2025-04-28T17:42:53.986+0000] {logging_mixin.py:188} INFO - [2025-04-28T17:42:53.986+0000] {dag.py:3036} INFO - Sync 1 DAGs
[2025-04-28T17:42:54.011+0000] {logging_mixin.py:188} INFO - [2025-04-28T17:42:54.011+0000] {dag.py:3823} INFO - Setting next_dagrun for example_complex to None, run_after=None
[2025-04-28T17:42:54.089+0000] {processor.py:183} INFO - Processing /home/airflow/.local/lib/python3.8/site-packages/airflow/example_dags/example_complex.py took 0.177 seconds
[2025-04-28T17:43:25.237+0000] {processor.py:161} INFO - Started process (PID=135) to work on /home/airflow/.local/lib/python3.8/site-packages/airflow/example_dags/example_complex.py
[2025-04-28T17:43:25.239+0000] {processor.py:830} INFO - Processing file /home/airflow/.local/lib/python3.8/site-packages/airflow/example_dags/example_complex.py for tasks to queue
[2025-04-28T17:43:25.241+0000] {logging_mixin.py:188} INFO - [2025-04-28T17:43:25.241+0000] {dagbag.py:538} INFO - Filling up the DagBag from /home/airflow/.local/lib/python3.8/site-packages/airflow/example_dags/example_complex.py
[2025-04-28T17:43:25.250+0000] {processor.py:840} INFO - DAG(s) 'example_complex' retrieved from /home/airflow/.local/lib/python3.8/site-packages/airflow/example_dags/example_complex.py
[2025-04-28T17:43:25.337+0000] {logging_mixin.py:188} INFO - [2025-04-28T17:43:25.336+0000] {dag.py:3036} INFO - Sync 1 DAGs
[2025-04-28T17:43:25.347+0000] {logging_mixin.py:188} INFO - [2025-04-28T17:43:25.347+0000] {dag.py:3823} INFO - Setting next_dagrun for example_complex to None, run_after=None
[2025-04-28T17:43:25.366+0000] {processor.py:183} INFO - Processing /home/airflow/.local/lib/python3.8/site-packages/airflow/example_dags/example_complex.py took 0.133 seconds
[2025-04-28T17:43:56.326+0000] {processor.py:161} INFO - Started process (PID=197) to work on /home/airflow/.local/lib/python3.8/site-packages/airflow/example_dags/example_complex.py
[2025-04-28T17:43:56.327+0000] {processor.py:830} INFO - Processing file /home/airflow/.local/lib/python3.8/site-packages/airflow/example_dags/example_complex.py for tasks to queue
[2025-04-28T17:43:56.329+0000] {logging_mixin.py:188} INFO - [2025-04-28T17:43:56.328+0000] {dagbag.py:538} INFO - Filling up the DagBag from /home/airflow/.local/lib/python3.8/site-packages/airflow/example_dags/example_complex.py
[2025-04-28T17:43:56.335+0000] {processor.py:840} INFO - DAG(s) 'example_complex' retrieved from /home/airflow/.local/lib/python3.8/site-packages/airflow/example_dags/example_complex.py
[2025-04-28T17:43:56.354+0000] {logging_mixin.py:188} INFO - [2025-04-28T17:43:56.354+0000] {dag.py:3036} INFO - Sync 1 DAGs
[2025-04-28T17:43:56.361+0000] {logging_mixin.py:188} INFO - [2025-04-28T17:43:56.360+0000] {dag.py:3823} INFO - Setting next_dagrun for example_complex to None, run_after=None
[2025-04-28T17:43:56.369+0000] {processor.py:183} INFO - Processing /home/airflow/.local/lib/python3.8/site-packages/airflow/example_dags/example_complex.py took 0.047 seconds
[2025-04-28T17:44:27.029+0000] {processor.py:161} INFO - Started process (PID=253) to work on /home/airflow/.local/lib/python3.8/site-packages/airflow/example_dags/example_complex.py
[2025-04-28T17:44:27.030+0000] {processor.py:830} INFO - Processing file /home/airflow/.local/lib/python3.8/site-packages/airflow/example_dags/example_complex.py for tasks to queue
[2025-04-28T17:44:27.032+0000] {logging_mixin.py:188} INFO - [2025-04-28T17:44:27.031+0000] {dagbag.py:538} INFO - Filling up the DagBag from /home/airflow/.local/lib/python3.8/site-packages/airflow/example_dags/example_complex.py
[2025-04-28T17:44:27.039+0000] {processor.py:840} INFO - DAG(s) 'example_complex' retrieved from /home/airflow/.local/lib/python3.8/site-packages/airflow/example_dags/example_complex.py
[2025-04-28T17:44:27.056+0000] {logging_mixin.py:188} INFO - [2025-04-28T17:44:27.056+0000] {dag.py:3036} INFO - Sync 1 DAGs
[2025-04-28T17:44:27.064+0000] {logging_mixin.py:188} INFO - [2025-04-28T17:44:27.064+0000] {dag.py:3823} INFO - Setting next_dagrun for example_complex to None, run_after=None
[2025-04-28T17:44:27.074+0000] {processor.py:183} INFO - Processing /home/airflow/.local/lib/python3.8/site-packages/airflow/example_dags/example_complex.py took 0.048 seconds
[2025-04-28T17:45:00.381+0000] {processor.py:161} INFO - Started process (PID=309) to work on /home/airflow/.local/lib/python3.8/site-packages/airflow/example_dags/example_complex.py
[2025-04-28T17:45:00.384+0000] {processor.py:830} INFO - Processing file /home/airflow/.local/lib/python3.8/site-packages/airflow/example_dags/example_complex.py for tasks to queue
[2025-04-28T17:45:00.385+0000] {logging_mixin.py:188} INFO - [2025-04-28T17:45:00.385+0000] {dagbag.py:538} INFO - Filling up the DagBag from /home/airflow/.local/lib/python3.8/site-packages/airflow/example_dags/example_complex.py
[2025-04-28T17:45:00.398+0000] {processor.py:840} INFO - DAG(s) 'example_complex' retrieved from /home/airflow/.local/lib/python3.8/site-packages/airflow/example_dags/example_complex.py
[2025-04-28T17:45:00.434+0000] {logging_mixin.py:188} INFO - [2025-04-28T17:45:00.433+0000] {dag.py:3036} INFO - Sync 1 DAGs
[2025-04-28T17:45:00.448+0000] {logging_mixin.py:188} INFO - [2025-04-28T17:45:00.448+0000] {dag.py:3823} INFO - Setting next_dagrun for example_complex to None, run_after=None
[2025-04-28T17:45:00.506+0000] {processor.py:183} INFO - Processing /home/airflow/.local/lib/python3.8/site-packages/airflow/example_dags/example_complex.py took 0.130 seconds
[2025-04-28T17:45:32.506+0000] {processor.py:161} INFO - Started process (PID=365) to work on /home/airflow/.local/lib/python3.8/site-packages/airflow/example_dags/example_complex.py
[2025-04-28T17:45:32.511+0000] {processor.py:830} INFO - Processing file /home/airflow/.local/lib/python3.8/site-packages/airflow/example_dags/example_complex.py for tasks to queue
[2025-04-28T17:45:32.527+0000] {logging_mixin.py:188} INFO - [2025-04-28T17:45:32.523+0000] {dagbag.py:538} INFO - Filling up the DagBag from /home/airflow/.local/lib/python3.8/site-packages/airflow/example_dags/example_complex.py
[2025-04-28T17:45:32.565+0000] {processor.py:840} INFO - DAG(s) 'example_complex' retrieved from /home/airflow/.local/lib/python3.8/site-packages/airflow/example_dags/example_complex.py
[2025-04-28T17:45:32.640+0000] {logging_mixin.py:188} INFO - [2025-04-28T17:45:32.640+0000] {dag.py:3036} INFO - Sync 1 DAGs
[2025-04-28T17:45:32.678+0000] {logging_mixin.py:188} INFO - [2025-04-28T17:45:32.678+0000] {dag.py:3823} INFO - Setting next_dagrun for example_complex to None, run_after=None
[2025-04-28T17:45:32.711+0000] {processor.py:183} INFO - Processing /home/airflow/.local/lib/python3.8/site-packages/airflow/example_dags/example_complex.py took 0.222 seconds
[2025-04-28T17:46:03.708+0000] {processor.py:161} INFO - Started process (PID=421) to work on /home/airflow/.local/lib/python3.8/site-packages/airflow/example_dags/example_complex.py
[2025-04-28T17:46:03.711+0000] {processor.py:830} INFO - Processing file /home/airflow/.local/lib/python3.8/site-packages/airflow/example_dags/example_complex.py for tasks to queue
[2025-04-28T17:46:03.715+0000] {logging_mixin.py:188} INFO - [2025-04-28T17:46:03.714+0000] {dagbag.py:538} INFO - Filling up the DagBag from /home/airflow/.local/lib/python3.8/site-packages/airflow/example_dags/example_complex.py
[2025-04-28T17:46:03.728+0000] {processor.py:840} INFO - DAG(s) 'example_complex' retrieved from /home/airflow/.local/lib/python3.8/site-packages/airflow/example_dags/example_complex.py
[2025-04-28T17:46:03.758+0000] {logging_mixin.py:188} INFO - [2025-04-28T17:46:03.758+0000] {dag.py:3036} INFO - Sync 1 DAGs
[2025-04-28T17:46:03.774+0000] {logging_mixin.py:188} INFO - [2025-04-28T17:46:03.774+0000] {dag.py:3823} INFO - Setting next_dagrun for example_complex to None, run_after=None
[2025-04-28T17:46:03.789+0000] {processor.py:183} INFO - Processing /home/airflow/.local/lib/python3.8/site-packages/airflow/example_dags/example_complex.py took 0.099 seconds
[2025-04-28T17:46:34.017+0000] {processor.py:161} INFO - Started process (PID=477) to work on /home/airflow/.local/lib/python3.8/site-packages/airflow/example_dags/example_complex.py
[2025-04-28T17:46:34.023+0000] {processor.py:830} INFO - Processing file /home/airflow/.local/lib/python3.8/site-packages/airflow/example_dags/example_complex.py for tasks to queue
[2025-04-28T17:46:34.030+0000] {logging_mixin.py:188} INFO - [2025-04-28T17:46:34.030+0000] {dagbag.py:538} INFO - Filling up the DagBag from /home/airflow/.local/lib/python3.8/site-packages/airflow/example_dags/example_complex.py
[2025-04-28T17:46:34.047+0000] {processor.py:840} INFO - DAG(s) 'example_complex' retrieved from /home/airflow/.local/lib/python3.8/site-packages/airflow/example_dags/example_complex.py
[2025-04-28T17:46:34.083+0000] {logging_mixin.py:188} INFO - [2025-04-28T17:46:34.083+0000] {dag.py:3036} INFO - Sync 1 DAGs
[2025-04-28T17:46:34.095+0000] {logging_mixin.py:188} INFO - [2025-04-28T17:46:34.095+0000] {dag.py:3823} INFO - Setting next_dagrun for example_complex to None, run_after=None
[2025-04-28T17:46:34.114+0000] {processor.py:183} INFO - Processing /home/airflow/.local/lib/python3.8/site-packages/airflow/example_dags/example_complex.py took 0.109 seconds
