[2025-04-28T17:32:11.023+0000] {processor.py:161} INFO - Started process (PID=85) to work on /home/airflow/.local/lib/python3.8/site-packages/airflow/example_dags/example_params_ui_tutorial.py
[2025-04-28T17:32:11.026+0000] {processor.py:830} INFO - Processing file /home/airflow/.local/lib/python3.8/site-packages/airflow/example_dags/example_params_ui_tutorial.py for tasks to queue
[2025-04-28T17:32:11.034+0000] {logging_mixin.py:188} INFO - [2025-04-28T17:32:11.033+0000] {dagbag.py:538} INFO - Filling up the DagBag from /home/airflow/.local/lib/python3.8/site-packages/airflow/example_dags/example_params_ui_tutorial.py
[2025-04-28T17:32:11.074+0000] {processor.py:840} INFO - DAG(s) 'example_params_ui_tutorial' retrieved from /home/airflow/.local/lib/python3.8/site-packages/airflow/example_dags/example_params_ui_tutorial.py
[2025-04-28T17:32:11.099+0000] {logging_mixin.py:188} INFO - [2025-04-28T17:32:11.099+0000] {dag.py:3036} INFO - Sync 1 DAGs
[2025-04-28T17:32:11.129+0000] {logging_mixin.py:188} INFO - [2025-04-28T17:32:11.129+0000] {dag.py:3823} INFO - Setting next_dagrun for example_params_ui_tutorial to None, run_after=None
[2025-04-28T17:32:11.165+0000] {processor.py:183} INFO - Processing /home/airflow/.local/lib/python3.8/site-packages/airflow/example_dags/example_params_ui_tutorial.py took 0.150 seconds
[2025-04-28T17:32:42.132+0000] {processor.py:161} INFO - Started process (PID=140) to work on /home/airflow/.local/lib/python3.8/site-packages/airflow/example_dags/example_params_ui_tutorial.py
[2025-04-28T17:32:42.137+0000] {processor.py:830} INFO - Processing file /home/airflow/.local/lib/python3.8/site-packages/airflow/example_dags/example_params_ui_tutorial.py for tasks to queue
[2025-04-28T17:32:42.141+0000] {logging_mixin.py:188} INFO - [2025-04-28T17:32:42.141+0000] {dagbag.py:538} INFO - Filling up the DagBag from /home/airflow/.local/lib/python3.8/site-packages/airflow/example_dags/example_params_ui_tutorial.py
[2025-04-28T17:32:42.156+0000] {processor.py:840} INFO - DAG(s) 'example_params_ui_tutorial' retrieved from /home/airflow/.local/lib/python3.8/site-packages/airflow/example_dags/example_params_ui_tutorial.py
[2025-04-28T17:32:42.304+0000] {logging_mixin.py:188} INFO - [2025-04-28T17:32:42.303+0000] {dag.py:3036} INFO - Sync 1 DAGs
[2025-04-28T17:32:42.316+0000] {logging_mixin.py:188} INFO - [2025-04-28T17:32:42.315+0000] {dag.py:3823} INFO - Setting next_dagrun for example_params_ui_tutorial to None, run_after=None
[2025-04-28T17:32:42.338+0000] {processor.py:183} INFO - Processing /home/airflow/.local/lib/python3.8/site-packages/airflow/example_dags/example_params_ui_tutorial.py took 0.214 seconds
[2025-04-28T17:33:12.810+0000] {processor.py:161} INFO - Started process (PID=195) to work on /home/airflow/.local/lib/python3.8/site-packages/airflow/example_dags/example_params_ui_tutorial.py
[2025-04-28T17:33:12.813+0000] {processor.py:830} INFO - Processing file /home/airflow/.local/lib/python3.8/site-packages/airflow/example_dags/example_params_ui_tutorial.py for tasks to queue
[2025-04-28T17:33:12.822+0000] {logging_mixin.py:188} INFO - [2025-04-28T17:33:12.821+0000] {dagbag.py:538} INFO - Filling up the DagBag from /home/airflow/.local/lib/python3.8/site-packages/airflow/example_dags/example_params_ui_tutorial.py
[2025-04-28T17:33:12.873+0000] {processor.py:840} INFO - DAG(s) 'example_params_ui_tutorial' retrieved from /home/airflow/.local/lib/python3.8/site-packages/airflow/example_dags/example_params_ui_tutorial.py
[2025-04-28T17:33:12.971+0000] {logging_mixin.py:188} INFO - [2025-04-28T17:33:12.971+0000] {dag.py:3036} INFO - Sync 1 DAGs
[2025-04-28T17:33:12.991+0000] {logging_mixin.py:188} INFO - [2025-04-28T17:33:12.990+0000] {dag.py:3823} INFO - Setting next_dagrun for example_params_ui_tutorial to None, run_after=None
[2025-04-28T17:33:13.017+0000] {processor.py:183} INFO - Processing /home/airflow/.local/lib/python3.8/site-packages/airflow/example_dags/example_params_ui_tutorial.py took 0.221 seconds
[2025-04-28T17:33:43.899+0000] {processor.py:161} INFO - Started process (PID=250) to work on /home/airflow/.local/lib/python3.8/site-packages/airflow/example_dags/example_params_ui_tutorial.py
[2025-04-28T17:33:43.904+0000] {processor.py:830} INFO - Processing file /home/airflow/.local/lib/python3.8/site-packages/airflow/example_dags/example_params_ui_tutorial.py for tasks to queue
[2025-04-28T17:33:43.912+0000] {logging_mixin.py:188} INFO - [2025-04-28T17:33:43.911+0000] {dagbag.py:538} INFO - Filling up the DagBag from /home/airflow/.local/lib/python3.8/site-packages/airflow/example_dags/example_params_ui_tutorial.py
[2025-04-28T17:33:43.935+0000] {processor.py:840} INFO - DAG(s) 'example_params_ui_tutorial' retrieved from /home/airflow/.local/lib/python3.8/site-packages/airflow/example_dags/example_params_ui_tutorial.py
[2025-04-28T17:33:44.003+0000] {logging_mixin.py:188} INFO - [2025-04-28T17:33:44.003+0000] {dag.py:3036} INFO - Sync 1 DAGs
[2025-04-28T17:33:44.024+0000] {logging_mixin.py:188} INFO - [2025-04-28T17:33:44.024+0000] {dag.py:3823} INFO - Setting next_dagrun for example_params_ui_tutorial to None, run_after=None
[2025-04-28T17:33:44.062+0000] {processor.py:183} INFO - Processing /home/airflow/.local/lib/python3.8/site-packages/airflow/example_dags/example_params_ui_tutorial.py took 0.175 seconds
[2025-04-28T17:34:14.999+0000] {processor.py:161} INFO - Started process (PID=305) to work on /home/airflow/.local/lib/python3.8/site-packages/airflow/example_dags/example_params_ui_tutorial.py
[2025-04-28T17:34:15.001+0000] {processor.py:830} INFO - Processing file /home/airflow/.local/lib/python3.8/site-packages/airflow/example_dags/example_params_ui_tutorial.py for tasks to queue
[2025-04-28T17:34:15.009+0000] {logging_mixin.py:188} INFO - [2025-04-28T17:34:15.006+0000] {dagbag.py:538} INFO - Filling up the DagBag from /home/airflow/.local/lib/python3.8/site-packages/airflow/example_dags/example_params_ui_tutorial.py
[2025-04-28T17:34:15.052+0000] {processor.py:840} INFO - DAG(s) 'example_params_ui_tutorial' retrieved from /home/airflow/.local/lib/python3.8/site-packages/airflow/example_dags/example_params_ui_tutorial.py
[2025-04-28T17:34:15.141+0000] {logging_mixin.py:188} INFO - [2025-04-28T17:34:15.141+0000] {dag.py:3036} INFO - Sync 1 DAGs
[2025-04-28T17:34:15.158+0000] {logging_mixin.py:188} INFO - [2025-04-28T17:34:15.157+0000] {dag.py:3823} INFO - Setting next_dagrun for example_params_ui_tutorial to None, run_after=None
[2025-04-28T17:34:15.180+0000] {processor.py:183} INFO - Processing /home/airflow/.local/lib/python3.8/site-packages/airflow/example_dags/example_params_ui_tutorial.py took 0.194 seconds
[2025-04-28T17:34:45.536+0000] {processor.py:161} INFO - Started process (PID=360) to work on /home/airflow/.local/lib/python3.8/site-packages/airflow/example_dags/example_params_ui_tutorial.py
[2025-04-28T17:34:45.538+0000] {processor.py:830} INFO - Processing file /home/airflow/.local/lib/python3.8/site-packages/airflow/example_dags/example_params_ui_tutorial.py for tasks to queue
[2025-04-28T17:34:45.540+0000] {logging_mixin.py:188} INFO - [2025-04-28T17:34:45.540+0000] {dagbag.py:538} INFO - Filling up the DagBag from /home/airflow/.local/lib/python3.8/site-packages/airflow/example_dags/example_params_ui_tutorial.py
[2025-04-28T17:34:45.562+0000] {processor.py:840} INFO - DAG(s) 'example_params_ui_tutorial' retrieved from /home/airflow/.local/lib/python3.8/site-packages/airflow/example_dags/example_params_ui_tutorial.py
[2025-04-28T17:34:45.613+0000] {logging_mixin.py:188} INFO - [2025-04-28T17:34:45.613+0000] {dag.py:3036} INFO - Sync 1 DAGs
[2025-04-28T17:34:45.629+0000] {logging_mixin.py:188} INFO - [2025-04-28T17:34:45.628+0000] {dag.py:3823} INFO - Setting next_dagrun for example_params_ui_tutorial to None, run_after=None
[2025-04-28T17:34:45.642+0000] {processor.py:183} INFO - Processing /home/airflow/.local/lib/python3.8/site-packages/airflow/example_dags/example_params_ui_tutorial.py took 0.113 seconds
[2025-04-28T17:35:15.699+0000] {processor.py:161} INFO - Started process (PID=415) to work on /home/airflow/.local/lib/python3.8/site-packages/airflow/example_dags/example_params_ui_tutorial.py
[2025-04-28T17:35:15.701+0000] {processor.py:830} INFO - Processing file /home/airflow/.local/lib/python3.8/site-packages/airflow/example_dags/example_params_ui_tutorial.py for tasks to queue
[2025-04-28T17:35:15.702+0000] {logging_mixin.py:188} INFO - [2025-04-28T17:35:15.702+0000] {dagbag.py:538} INFO - Filling up the DagBag from /home/airflow/.local/lib/python3.8/site-packages/airflow/example_dags/example_params_ui_tutorial.py
[2025-04-28T17:35:15.729+0000] {processor.py:840} INFO - DAG(s) 'example_params_ui_tutorial' retrieved from /home/airflow/.local/lib/python3.8/site-packages/airflow/example_dags/example_params_ui_tutorial.py
[2025-04-28T17:35:15.778+0000] {logging_mixin.py:188} INFO - [2025-04-28T17:35:15.778+0000] {dag.py:3036} INFO - Sync 1 DAGs
[2025-04-28T17:35:15.787+0000] {logging_mixin.py:188} INFO - [2025-04-28T17:35:15.787+0000] {dag.py:3823} INFO - Setting next_dagrun for example_params_ui_tutorial to None, run_after=None
[2025-04-28T17:35:15.808+0000] {processor.py:183} INFO - Processing /home/airflow/.local/lib/python3.8/site-packages/airflow/example_dags/example_params_ui_tutorial.py took 0.113 seconds
[2025-04-28T17:35:46.009+0000] {processor.py:161} INFO - Started process (PID=470) to work on /home/airflow/.local/lib/python3.8/site-packages/airflow/example_dags/example_params_ui_tutorial.py
[2025-04-28T17:35:46.013+0000] {processor.py:830} INFO - Processing file /home/airflow/.local/lib/python3.8/site-packages/airflow/example_dags/example_params_ui_tutorial.py for tasks to queue
[2025-04-28T17:35:46.015+0000] {logging_mixin.py:188} INFO - [2025-04-28T17:35:46.015+0000] {dagbag.py:538} INFO - Filling up the DagBag from /home/airflow/.local/lib/python3.8/site-packages/airflow/example_dags/example_params_ui_tutorial.py
[2025-04-28T17:35:46.023+0000] {processor.py:840} INFO - DAG(s) 'example_params_ui_tutorial' retrieved from /home/airflow/.local/lib/python3.8/site-packages/airflow/example_dags/example_params_ui_tutorial.py
[2025-04-28T17:35:46.083+0000] {logging_mixin.py:188} INFO - [2025-04-28T17:35:46.083+0000] {dag.py:3036} INFO - Sync 1 DAGs
[2025-04-28T17:35:46.089+0000] {logging_mixin.py:188} INFO - [2025-04-28T17:35:46.089+0000] {dag.py:3823} INFO - Setting next_dagrun for example_params_ui_tutorial to None, run_after=None
[2025-04-28T17:35:46.097+0000] {processor.py:183} INFO - Processing /home/airflow/.local/lib/python3.8/site-packages/airflow/example_dags/example_params_ui_tutorial.py took 0.097 seconds
[2025-04-28T17:36:16.370+0000] {processor.py:161} INFO - Started process (PID=525) to work on /home/airflow/.local/lib/python3.8/site-packages/airflow/example_dags/example_params_ui_tutorial.py
[2025-04-28T17:36:16.375+0000] {processor.py:830} INFO - Processing file /home/airflow/.local/lib/python3.8/site-packages/airflow/example_dags/example_params_ui_tutorial.py for tasks to queue
[2025-04-28T17:36:16.377+0000] {logging_mixin.py:188} INFO - [2025-04-28T17:36:16.377+0000] {dagbag.py:538} INFO - Filling up the DagBag from /home/airflow/.local/lib/python3.8/site-packages/airflow/example_dags/example_params_ui_tutorial.py
[2025-04-28T17:36:16.445+0000] {processor.py:840} INFO - DAG(s) 'example_params_ui_tutorial' retrieved from /home/airflow/.local/lib/python3.8/site-packages/airflow/example_dags/example_params_ui_tutorial.py
[2025-04-28T17:36:16.625+0000] {logging_mixin.py:188} INFO - [2025-04-28T17:36:16.625+0000] {dag.py:3036} INFO - Sync 1 DAGs
[2025-04-28T17:36:16.634+0000] {logging_mixin.py:188} INFO - [2025-04-28T17:36:16.634+0000] {dag.py:3823} INFO - Setting next_dagrun for example_params_ui_tutorial to None, run_after=None
[2025-04-28T17:36:16.867+0000] {processor.py:183} INFO - Processing /home/airflow/.local/lib/python3.8/site-packages/airflow/example_dags/example_params_ui_tutorial.py took 0.504 seconds
[2025-04-28T17:36:47.477+0000] {processor.py:161} INFO - Started process (PID=580) to work on /home/airflow/.local/lib/python3.8/site-packages/airflow/example_dags/example_params_ui_tutorial.py
[2025-04-28T17:36:47.480+0000] {processor.py:830} INFO - Processing file /home/airflow/.local/lib/python3.8/site-packages/airflow/example_dags/example_params_ui_tutorial.py for tasks to queue
[2025-04-28T17:36:47.482+0000] {logging_mixin.py:188} INFO - [2025-04-28T17:36:47.482+0000] {dagbag.py:538} INFO - Filling up the DagBag from /home/airflow/.local/lib/python3.8/site-packages/airflow/example_dags/example_params_ui_tutorial.py
[2025-04-28T17:36:47.498+0000] {processor.py:840} INFO - DAG(s) 'example_params_ui_tutorial' retrieved from /home/airflow/.local/lib/python3.8/site-packages/airflow/example_dags/example_params_ui_tutorial.py
[2025-04-28T17:36:47.547+0000] {logging_mixin.py:188} INFO - [2025-04-28T17:36:47.547+0000] {dag.py:3036} INFO - Sync 1 DAGs
[2025-04-28T17:36:47.555+0000] {logging_mixin.py:188} INFO - [2025-04-28T17:36:47.555+0000] {dag.py:3823} INFO - Setting next_dagrun for example_params_ui_tutorial to None, run_after=None
[2025-04-28T17:36:47.569+0000] {processor.py:183} INFO - Processing /home/airflow/.local/lib/python3.8/site-packages/airflow/example_dags/example_params_ui_tutorial.py took 0.100 seconds
[2025-04-28T17:37:18.175+0000] {processor.py:161} INFO - Started process (PID=641) to work on /home/airflow/.local/lib/python3.8/site-packages/airflow/example_dags/example_params_ui_tutorial.py
[2025-04-28T17:37:18.177+0000] {processor.py:830} INFO - Processing file /home/airflow/.local/lib/python3.8/site-packages/airflow/example_dags/example_params_ui_tutorial.py for tasks to queue
[2025-04-28T17:37:18.180+0000] {logging_mixin.py:188} INFO - [2025-04-28T17:37:18.180+0000] {dagbag.py:538} INFO - Filling up the DagBag from /home/airflow/.local/lib/python3.8/site-packages/airflow/example_dags/example_params_ui_tutorial.py
[2025-04-28T17:37:18.201+0000] {processor.py:840} INFO - DAG(s) 'example_params_ui_tutorial' retrieved from /home/airflow/.local/lib/python3.8/site-packages/airflow/example_dags/example_params_ui_tutorial.py
[2025-04-28T17:37:18.257+0000] {logging_mixin.py:188} INFO - [2025-04-28T17:37:18.257+0000] {dag.py:3036} INFO - Sync 1 DAGs
[2025-04-28T17:37:18.265+0000] {logging_mixin.py:188} INFO - [2025-04-28T17:37:18.265+0000] {dag.py:3823} INFO - Setting next_dagrun for example_params_ui_tutorial to None, run_after=None
[2025-04-28T17:37:18.278+0000] {processor.py:183} INFO - Processing /home/airflow/.local/lib/python3.8/site-packages/airflow/example_dags/example_params_ui_tutorial.py took 0.107 seconds
[2025-04-28T17:37:48.430+0000] {processor.py:161} INFO - Started process (PID=702) to work on /home/airflow/.local/lib/python3.8/site-packages/airflow/example_dags/example_params_ui_tutorial.py
[2025-04-28T17:37:48.445+0000] {processor.py:830} INFO - Processing file /home/airflow/.local/lib/python3.8/site-packages/airflow/example_dags/example_params_ui_tutorial.py for tasks to queue
[2025-04-28T17:37:48.452+0000] {logging_mixin.py:188} INFO - [2025-04-28T17:37:48.452+0000] {dagbag.py:538} INFO - Filling up the DagBag from /home/airflow/.local/lib/python3.8/site-packages/airflow/example_dags/example_params_ui_tutorial.py
[2025-04-28T17:37:48.494+0000] {processor.py:840} INFO - DAG(s) 'example_params_ui_tutorial' retrieved from /home/airflow/.local/lib/python3.8/site-packages/airflow/example_dags/example_params_ui_tutorial.py
[2025-04-28T17:37:48.641+0000] {logging_mixin.py:188} INFO - [2025-04-28T17:37:48.641+0000] {dag.py:3036} INFO - Sync 1 DAGs
[2025-04-28T17:37:48.653+0000] {logging_mixin.py:188} INFO - [2025-04-28T17:37:48.653+0000] {dag.py:3823} INFO - Setting next_dagrun for example_params_ui_tutorial to None, run_after=None
[2025-04-28T17:37:48.672+0000] {processor.py:183} INFO - Processing /home/airflow/.local/lib/python3.8/site-packages/airflow/example_dags/example_params_ui_tutorial.py took 0.253 seconds
[2025-04-28T17:38:19.609+0000] {processor.py:161} INFO - Started process (PID=764) to work on /home/airflow/.local/lib/python3.8/site-packages/airflow/example_dags/example_params_ui_tutorial.py
[2025-04-28T17:38:19.611+0000] {processor.py:830} INFO - Processing file /home/airflow/.local/lib/python3.8/site-packages/airflow/example_dags/example_params_ui_tutorial.py for tasks to queue
[2025-04-28T17:38:19.613+0000] {logging_mixin.py:188} INFO - [2025-04-28T17:38:19.613+0000] {dagbag.py:538} INFO - Filling up the DagBag from /home/airflow/.local/lib/python3.8/site-packages/airflow/example_dags/example_params_ui_tutorial.py
[2025-04-28T17:38:19.631+0000] {processor.py:840} INFO - DAG(s) 'example_params_ui_tutorial' retrieved from /home/airflow/.local/lib/python3.8/site-packages/airflow/example_dags/example_params_ui_tutorial.py
[2025-04-28T17:38:19.679+0000] {logging_mixin.py:188} INFO - [2025-04-28T17:38:19.679+0000] {dag.py:3036} INFO - Sync 1 DAGs
[2025-04-28T17:38:19.687+0000] {logging_mixin.py:188} INFO - [2025-04-28T17:38:19.686+0000] {dag.py:3823} INFO - Setting next_dagrun for example_params_ui_tutorial to None, run_after=None
[2025-04-28T17:38:19.703+0000] {processor.py:183} INFO - Processing /home/airflow/.local/lib/python3.8/site-packages/airflow/example_dags/example_params_ui_tutorial.py took 0.098 seconds
[2025-04-28T17:38:50.216+0000] {processor.py:161} INFO - Started process (PID=826) to work on /home/airflow/.local/lib/python3.8/site-packages/airflow/example_dags/example_params_ui_tutorial.py
[2025-04-28T17:38:50.217+0000] {processor.py:830} INFO - Processing file /home/airflow/.local/lib/python3.8/site-packages/airflow/example_dags/example_params_ui_tutorial.py for tasks to queue
[2025-04-28T17:38:50.218+0000] {logging_mixin.py:188} INFO - [2025-04-28T17:38:50.218+0000] {dagbag.py:538} INFO - Filling up the DagBag from /home/airflow/.local/lib/python3.8/site-packages/airflow/example_dags/example_params_ui_tutorial.py
[2025-04-28T17:38:50.228+0000] {processor.py:840} INFO - DAG(s) 'example_params_ui_tutorial' retrieved from /home/airflow/.local/lib/python3.8/site-packages/airflow/example_dags/example_params_ui_tutorial.py
[2025-04-28T17:38:50.261+0000] {logging_mixin.py:188} INFO - [2025-04-28T17:38:50.261+0000] {dag.py:3036} INFO - Sync 1 DAGs
[2025-04-28T17:38:50.267+0000] {logging_mixin.py:188} INFO - [2025-04-28T17:38:50.267+0000] {dag.py:3823} INFO - Setting next_dagrun for example_params_ui_tutorial to None, run_after=None
[2025-04-28T17:38:50.278+0000] {processor.py:183} INFO - Processing /home/airflow/.local/lib/python3.8/site-packages/airflow/example_dags/example_params_ui_tutorial.py took 0.065 seconds
[2025-04-28T17:39:21.144+0000] {processor.py:161} INFO - Started process (PID=882) to work on /home/airflow/.local/lib/python3.8/site-packages/airflow/example_dags/example_params_ui_tutorial.py
[2025-04-28T17:39:21.146+0000] {processor.py:830} INFO - Processing file /home/airflow/.local/lib/python3.8/site-packages/airflow/example_dags/example_params_ui_tutorial.py for tasks to queue
[2025-04-28T17:39:21.150+0000] {logging_mixin.py:188} INFO - [2025-04-28T17:39:21.149+0000] {dagbag.py:538} INFO - Filling up the DagBag from /home/airflow/.local/lib/python3.8/site-packages/airflow/example_dags/example_params_ui_tutorial.py
[2025-04-28T17:39:21.170+0000] {processor.py:840} INFO - DAG(s) 'example_params_ui_tutorial' retrieved from /home/airflow/.local/lib/python3.8/site-packages/airflow/example_dags/example_params_ui_tutorial.py
[2025-04-28T17:39:21.224+0000] {logging_mixin.py:188} INFO - [2025-04-28T17:39:21.224+0000] {dag.py:3036} INFO - Sync 1 DAGs
[2025-04-28T17:39:21.244+0000] {logging_mixin.py:188} INFO - [2025-04-28T17:39:21.244+0000] {dag.py:3823} INFO - Setting next_dagrun for example_params_ui_tutorial to None, run_after=None
[2025-04-28T17:39:21.270+0000] {processor.py:183} INFO - Processing /home/airflow/.local/lib/python3.8/site-packages/airflow/example_dags/example_params_ui_tutorial.py took 0.130 seconds
[2025-04-28T17:39:51.549+0000] {processor.py:161} INFO - Started process (PID=940) to work on /home/airflow/.local/lib/python3.8/site-packages/airflow/example_dags/example_params_ui_tutorial.py
[2025-04-28T17:39:51.551+0000] {processor.py:830} INFO - Processing file /home/airflow/.local/lib/python3.8/site-packages/airflow/example_dags/example_params_ui_tutorial.py for tasks to queue
[2025-04-28T17:39:51.553+0000] {logging_mixin.py:188} INFO - [2025-04-28T17:39:51.553+0000] {dagbag.py:538} INFO - Filling up the DagBag from /home/airflow/.local/lib/python3.8/site-packages/airflow/example_dags/example_params_ui_tutorial.py
[2025-04-28T17:39:51.563+0000] {processor.py:840} INFO - DAG(s) 'example_params_ui_tutorial' retrieved from /home/airflow/.local/lib/python3.8/site-packages/airflow/example_dags/example_params_ui_tutorial.py
[2025-04-28T17:39:51.628+0000] {logging_mixin.py:188} INFO - [2025-04-28T17:39:51.627+0000] {dag.py:3036} INFO - Sync 1 DAGs
[2025-04-28T17:39:51.651+0000] {logging_mixin.py:188} INFO - [2025-04-28T17:39:51.651+0000] {dag.py:3823} INFO - Setting next_dagrun for example_params_ui_tutorial to None, run_after=None
[2025-04-28T17:39:51.668+0000] {processor.py:183} INFO - Processing /home/airflow/.local/lib/python3.8/site-packages/airflow/example_dags/example_params_ui_tutorial.py took 0.122 seconds
[2025-04-28T17:40:22.454+0000] {processor.py:161} INFO - Started process (PID=1000) to work on /home/airflow/.local/lib/python3.8/site-packages/airflow/example_dags/example_params_ui_tutorial.py
[2025-04-28T17:40:22.459+0000] {processor.py:830} INFO - Processing file /home/airflow/.local/lib/python3.8/site-packages/airflow/example_dags/example_params_ui_tutorial.py for tasks to queue
[2025-04-28T17:40:22.465+0000] {logging_mixin.py:188} INFO - [2025-04-28T17:40:22.464+0000] {dagbag.py:538} INFO - Filling up the DagBag from /home/airflow/.local/lib/python3.8/site-packages/airflow/example_dags/example_params_ui_tutorial.py
[2025-04-28T17:40:22.497+0000] {processor.py:840} INFO - DAG(s) 'example_params_ui_tutorial' retrieved from /home/airflow/.local/lib/python3.8/site-packages/airflow/example_dags/example_params_ui_tutorial.py
[2025-04-28T17:40:22.560+0000] {logging_mixin.py:188} INFO - [2025-04-28T17:40:22.560+0000] {dag.py:3036} INFO - Sync 1 DAGs
[2025-04-28T17:40:22.571+0000] {logging_mixin.py:188} INFO - [2025-04-28T17:40:22.571+0000] {dag.py:3823} INFO - Setting next_dagrun for example_params_ui_tutorial to None, run_after=None
[2025-04-28T17:40:22.591+0000] {processor.py:183} INFO - Processing /home/airflow/.local/lib/python3.8/site-packages/airflow/example_dags/example_params_ui_tutorial.py took 0.149 seconds
[2025-04-28T17:40:53.603+0000] {processor.py:161} INFO - Started process (PID=1059) to work on /home/airflow/.local/lib/python3.8/site-packages/airflow/example_dags/example_params_ui_tutorial.py
[2025-04-28T17:40:53.606+0000] {processor.py:830} INFO - Processing file /home/airflow/.local/lib/python3.8/site-packages/airflow/example_dags/example_params_ui_tutorial.py for tasks to queue
[2025-04-28T17:40:53.621+0000] {logging_mixin.py:188} INFO - [2025-04-28T17:40:53.620+0000] {dagbag.py:538} INFO - Filling up the DagBag from /home/airflow/.local/lib/python3.8/site-packages/airflow/example_dags/example_params_ui_tutorial.py
[2025-04-28T17:40:53.646+0000] {processor.py:840} INFO - DAG(s) 'example_params_ui_tutorial' retrieved from /home/airflow/.local/lib/python3.8/site-packages/airflow/example_dags/example_params_ui_tutorial.py
[2025-04-28T17:40:53.704+0000] {logging_mixin.py:188} INFO - [2025-04-28T17:40:53.704+0000] {dag.py:3036} INFO - Sync 1 DAGs
[2025-04-28T17:40:53.714+0000] {logging_mixin.py:188} INFO - [2025-04-28T17:40:53.714+0000] {dag.py:3823} INFO - Setting next_dagrun for example_params_ui_tutorial to None, run_after=None
[2025-04-28T17:40:53.738+0000] {processor.py:183} INFO - Processing /home/airflow/.local/lib/python3.8/site-packages/airflow/example_dags/example_params_ui_tutorial.py took 0.144 seconds
[2025-04-28T17:41:23.933+0000] {processor.py:161} INFO - Started process (PID=1115) to work on /home/airflow/.local/lib/python3.8/site-packages/airflow/example_dags/example_params_ui_tutorial.py
[2025-04-28T17:41:23.934+0000] {processor.py:830} INFO - Processing file /home/airflow/.local/lib/python3.8/site-packages/airflow/example_dags/example_params_ui_tutorial.py for tasks to queue
[2025-04-28T17:41:23.937+0000] {logging_mixin.py:188} INFO - [2025-04-28T17:41:23.936+0000] {dagbag.py:538} INFO - Filling up the DagBag from /home/airflow/.local/lib/python3.8/site-packages/airflow/example_dags/example_params_ui_tutorial.py
[2025-04-28T17:41:23.981+0000] {processor.py:840} INFO - DAG(s) 'example_params_ui_tutorial' retrieved from /home/airflow/.local/lib/python3.8/site-packages/airflow/example_dags/example_params_ui_tutorial.py
[2025-04-28T17:41:24.046+0000] {logging_mixin.py:188} INFO - [2025-04-28T17:41:24.045+0000] {dag.py:3036} INFO - Sync 1 DAGs
[2025-04-28T17:41:24.058+0000] {logging_mixin.py:188} INFO - [2025-04-28T17:41:24.058+0000] {dag.py:3823} INFO - Setting next_dagrun for example_params_ui_tutorial to None, run_after=None
[2025-04-28T17:41:24.088+0000] {processor.py:183} INFO - Processing /home/airflow/.local/lib/python3.8/site-packages/airflow/example_dags/example_params_ui_tutorial.py took 0.160 seconds
[2025-04-28T17:42:59.267+0000] {processor.py:161} INFO - Started process (PID=100) to work on /home/airflow/.local/lib/python3.8/site-packages/airflow/example_dags/example_params_ui_tutorial.py
[2025-04-28T17:42:59.272+0000] {processor.py:830} INFO - Processing file /home/airflow/.local/lib/python3.8/site-packages/airflow/example_dags/example_params_ui_tutorial.py for tasks to queue
[2025-04-28T17:42:59.276+0000] {logging_mixin.py:188} INFO - [2025-04-28T17:42:59.275+0000] {dagbag.py:538} INFO - Filling up the DagBag from /home/airflow/.local/lib/python3.8/site-packages/airflow/example_dags/example_params_ui_tutorial.py
[2025-04-28T17:42:59.347+0000] {processor.py:840} INFO - DAG(s) 'example_params_ui_tutorial' retrieved from /home/airflow/.local/lib/python3.8/site-packages/airflow/example_dags/example_params_ui_tutorial.py
[2025-04-28T17:43:00.047+0000] {logging_mixin.py:188} INFO - [2025-04-28T17:43:00.045+0000] {dag.py:3036} INFO - Sync 1 DAGs
[2025-04-28T17:43:00.130+0000] {logging_mixin.py:188} INFO - [2025-04-28T17:43:00.130+0000] {dag.py:3823} INFO - Setting next_dagrun for example_params_ui_tutorial to None, run_after=None
[2025-04-28T17:43:00.589+0000] {processor.py:183} INFO - Processing /home/airflow/.local/lib/python3.8/site-packages/airflow/example_dags/example_params_ui_tutorial.py took 1.334 seconds
[2025-04-28T17:43:30.786+0000] {processor.py:161} INFO - Started process (PID=156) to work on /home/airflow/.local/lib/python3.8/site-packages/airflow/example_dags/example_params_ui_tutorial.py
[2025-04-28T17:43:30.788+0000] {processor.py:830} INFO - Processing file /home/airflow/.local/lib/python3.8/site-packages/airflow/example_dags/example_params_ui_tutorial.py for tasks to queue
[2025-04-28T17:43:30.790+0000] {logging_mixin.py:188} INFO - [2025-04-28T17:43:30.790+0000] {dagbag.py:538} INFO - Filling up the DagBag from /home/airflow/.local/lib/python3.8/site-packages/airflow/example_dags/example_params_ui_tutorial.py
[2025-04-28T17:43:30.823+0000] {processor.py:840} INFO - DAG(s) 'example_params_ui_tutorial' retrieved from /home/airflow/.local/lib/python3.8/site-packages/airflow/example_dags/example_params_ui_tutorial.py
[2025-04-28T17:43:30.879+0000] {logging_mixin.py:188} INFO - [2025-04-28T17:43:30.879+0000] {dag.py:3036} INFO - Sync 1 DAGs
[2025-04-28T17:43:30.892+0000] {logging_mixin.py:188} INFO - [2025-04-28T17:43:30.892+0000] {dag.py:3823} INFO - Setting next_dagrun for example_params_ui_tutorial to None, run_after=None
[2025-04-28T17:43:30.914+0000] {processor.py:183} INFO - Processing /home/airflow/.local/lib/python3.8/site-packages/airflow/example_dags/example_params_ui_tutorial.py took 0.136 seconds
[2025-04-28T17:44:01.317+0000] {processor.py:161} INFO - Started process (PID=212) to work on /home/airflow/.local/lib/python3.8/site-packages/airflow/example_dags/example_params_ui_tutorial.py
[2025-04-28T17:44:01.330+0000] {processor.py:830} INFO - Processing file /home/airflow/.local/lib/python3.8/site-packages/airflow/example_dags/example_params_ui_tutorial.py for tasks to queue
[2025-04-28T17:44:01.361+0000] {logging_mixin.py:188} INFO - [2025-04-28T17:44:01.357+0000] {dagbag.py:538} INFO - Filling up the DagBag from /home/airflow/.local/lib/python3.8/site-packages/airflow/example_dags/example_params_ui_tutorial.py
[2025-04-28T17:44:01.395+0000] {processor.py:840} INFO - DAG(s) 'example_params_ui_tutorial' retrieved from /home/airflow/.local/lib/python3.8/site-packages/airflow/example_dags/example_params_ui_tutorial.py
[2025-04-28T17:44:01.468+0000] {logging_mixin.py:188} INFO - [2025-04-28T17:44:01.468+0000] {dag.py:3036} INFO - Sync 1 DAGs
[2025-04-28T17:44:01.479+0000] {logging_mixin.py:188} INFO - [2025-04-28T17:44:01.479+0000] {dag.py:3823} INFO - Setting next_dagrun for example_params_ui_tutorial to None, run_after=None
[2025-04-28T17:44:01.498+0000] {processor.py:183} INFO - Processing /home/airflow/.local/lib/python3.8/site-packages/airflow/example_dags/example_params_ui_tutorial.py took 0.195 seconds
[2025-04-28T17:44:31.794+0000] {processor.py:161} INFO - Started process (PID=268) to work on /home/airflow/.local/lib/python3.8/site-packages/airflow/example_dags/example_params_ui_tutorial.py
[2025-04-28T17:44:31.795+0000] {processor.py:830} INFO - Processing file /home/airflow/.local/lib/python3.8/site-packages/airflow/example_dags/example_params_ui_tutorial.py for tasks to queue
[2025-04-28T17:44:31.797+0000] {logging_mixin.py:188} INFO - [2025-04-28T17:44:31.797+0000] {dagbag.py:538} INFO - Filling up the DagBag from /home/airflow/.local/lib/python3.8/site-packages/airflow/example_dags/example_params_ui_tutorial.py
[2025-04-28T17:44:31.815+0000] {processor.py:840} INFO - DAG(s) 'example_params_ui_tutorial' retrieved from /home/airflow/.local/lib/python3.8/site-packages/airflow/example_dags/example_params_ui_tutorial.py
[2025-04-28T17:44:31.861+0000] {logging_mixin.py:188} INFO - [2025-04-28T17:44:31.861+0000] {dag.py:3036} INFO - Sync 1 DAGs
[2025-04-28T17:44:31.869+0000] {logging_mixin.py:188} INFO - [2025-04-28T17:44:31.868+0000] {dag.py:3823} INFO - Setting next_dagrun for example_params_ui_tutorial to None, run_after=None
[2025-04-28T17:44:31.880+0000] {processor.py:183} INFO - Processing /home/airflow/.local/lib/python3.8/site-packages/airflow/example_dags/example_params_ui_tutorial.py took 0.092 seconds
[2025-04-28T17:45:02.334+0000] {processor.py:161} INFO - Started process (PID=324) to work on /home/airflow/.local/lib/python3.8/site-packages/airflow/example_dags/example_params_ui_tutorial.py
[2025-04-28T17:45:02.337+0000] {processor.py:830} INFO - Processing file /home/airflow/.local/lib/python3.8/site-packages/airflow/example_dags/example_params_ui_tutorial.py for tasks to queue
[2025-04-28T17:45:02.344+0000] {logging_mixin.py:188} INFO - [2025-04-28T17:45:02.343+0000] {dagbag.py:538} INFO - Filling up the DagBag from /home/airflow/.local/lib/python3.8/site-packages/airflow/example_dags/example_params_ui_tutorial.py
[2025-04-28T17:45:02.389+0000] {processor.py:840} INFO - DAG(s) 'example_params_ui_tutorial' retrieved from /home/airflow/.local/lib/python3.8/site-packages/airflow/example_dags/example_params_ui_tutorial.py
[2025-04-28T17:45:02.474+0000] {logging_mixin.py:188} INFO - [2025-04-28T17:45:02.473+0000] {dag.py:3036} INFO - Sync 1 DAGs
[2025-04-28T17:45:02.486+0000] {logging_mixin.py:188} INFO - [2025-04-28T17:45:02.486+0000] {dag.py:3823} INFO - Setting next_dagrun for example_params_ui_tutorial to None, run_after=None
[2025-04-28T17:45:02.506+0000] {processor.py:183} INFO - Processing /home/airflow/.local/lib/python3.8/site-packages/airflow/example_dags/example_params_ui_tutorial.py took 0.188 seconds
[2025-04-28T17:45:34.531+0000] {processor.py:161} INFO - Started process (PID=380) to work on /home/airflow/.local/lib/python3.8/site-packages/airflow/example_dags/example_params_ui_tutorial.py
[2025-04-28T17:45:34.535+0000] {processor.py:830} INFO - Processing file /home/airflow/.local/lib/python3.8/site-packages/airflow/example_dags/example_params_ui_tutorial.py for tasks to queue
[2025-04-28T17:45:34.539+0000] {logging_mixin.py:188} INFO - [2025-04-28T17:45:34.538+0000] {dagbag.py:538} INFO - Filling up the DagBag from /home/airflow/.local/lib/python3.8/site-packages/airflow/example_dags/example_params_ui_tutorial.py
[2025-04-28T17:45:34.575+0000] {processor.py:840} INFO - DAG(s) 'example_params_ui_tutorial' retrieved from /home/airflow/.local/lib/python3.8/site-packages/airflow/example_dags/example_params_ui_tutorial.py
[2025-04-28T17:45:34.717+0000] {logging_mixin.py:188} INFO - [2025-04-28T17:45:34.716+0000] {dag.py:3036} INFO - Sync 1 DAGs
[2025-04-28T17:45:34.731+0000] {logging_mixin.py:188} INFO - [2025-04-28T17:45:34.731+0000] {dag.py:3823} INFO - Setting next_dagrun for example_params_ui_tutorial to None, run_after=None
[2025-04-28T17:45:34.753+0000] {processor.py:183} INFO - Processing /home/airflow/.local/lib/python3.8/site-packages/airflow/example_dags/example_params_ui_tutorial.py took 0.236 seconds
[2025-04-28T17:46:05.438+0000] {processor.py:161} INFO - Started process (PID=436) to work on /home/airflow/.local/lib/python3.8/site-packages/airflow/example_dags/example_params_ui_tutorial.py
[2025-04-28T17:46:05.441+0000] {processor.py:830} INFO - Processing file /home/airflow/.local/lib/python3.8/site-packages/airflow/example_dags/example_params_ui_tutorial.py for tasks to queue
[2025-04-28T17:46:05.444+0000] {logging_mixin.py:188} INFO - [2025-04-28T17:46:05.443+0000] {dagbag.py:538} INFO - Filling up the DagBag from /home/airflow/.local/lib/python3.8/site-packages/airflow/example_dags/example_params_ui_tutorial.py
[2025-04-28T17:46:05.459+0000] {processor.py:840} INFO - DAG(s) 'example_params_ui_tutorial' retrieved from /home/airflow/.local/lib/python3.8/site-packages/airflow/example_dags/example_params_ui_tutorial.py
[2025-04-28T17:46:05.508+0000] {logging_mixin.py:188} INFO - [2025-04-28T17:46:05.508+0000] {dag.py:3036} INFO - Sync 1 DAGs
[2025-04-28T17:46:05.518+0000] {logging_mixin.py:188} INFO - [2025-04-28T17:46:05.518+0000] {dag.py:3823} INFO - Setting next_dagrun for example_params_ui_tutorial to None, run_after=None
[2025-04-28T17:46:05.534+0000] {processor.py:183} INFO - Processing /home/airflow/.local/lib/python3.8/site-packages/airflow/example_dags/example_params_ui_tutorial.py took 0.101 seconds
[2025-04-28T17:46:35.766+0000] {processor.py:161} INFO - Started process (PID=492) to work on /home/airflow/.local/lib/python3.8/site-packages/airflow/example_dags/example_params_ui_tutorial.py
[2025-04-28T17:46:35.797+0000] {processor.py:830} INFO - Processing file /home/airflow/.local/lib/python3.8/site-packages/airflow/example_dags/example_params_ui_tutorial.py for tasks to queue
[2025-04-28T17:46:35.834+0000] {logging_mixin.py:188} INFO - [2025-04-28T17:46:35.833+0000] {dagbag.py:538} INFO - Filling up the DagBag from /home/airflow/.local/lib/python3.8/site-packages/airflow/example_dags/example_params_ui_tutorial.py
[2025-04-28T17:46:35.897+0000] {processor.py:840} INFO - DAG(s) 'example_params_ui_tutorial' retrieved from /home/airflow/.local/lib/python3.8/site-packages/airflow/example_dags/example_params_ui_tutorial.py
[2025-04-28T17:46:36.018+0000] {logging_mixin.py:188} INFO - [2025-04-28T17:46:36.017+0000] {dag.py:3036} INFO - Sync 1 DAGs
[2025-04-28T17:46:36.053+0000] {logging_mixin.py:188} INFO - [2025-04-28T17:46:36.052+0000] {dag.py:3823} INFO - Setting next_dagrun for example_params_ui_tutorial to None, run_after=None
[2025-04-28T17:46:36.082+0000] {processor.py:183} INFO - Processing /home/airflow/.local/lib/python3.8/site-packages/airflow/example_dags/example_params_ui_tutorial.py took 0.326 seconds
