[2025-04-28T17:32:11.510+0000] {processor.py:161} INFO - Started process (PID=90) to work on /home/airflow/.local/lib/python3.8/site-packages/airflow/example_dags/tutorial_dag.py
[2025-04-28T17:32:11.511+0000] {processor.py:830} INFO - Processing file /home/airflow/.local/lib/python3.8/site-packages/airflow/example_dags/tutorial_dag.py for tasks to queue
[2025-04-28T17:32:11.513+0000] {logging_mixin.py:188} INFO - [2025-04-28T17:32:11.513+0000] {dagbag.py:538} INFO - Filling up the DagBag from /home/airflow/.local/lib/python3.8/site-packages/airflow/example_dags/tutorial_dag.py
[2025-04-28T17:32:11.520+0000] {processor.py:840} INFO - DAG(s) 'tutorial_dag' retrieved from /home/airflow/.local/lib/python3.8/site-packages/airflow/example_dags/tutorial_dag.py
[2025-04-28T17:32:11.533+0000] {logging_mixin.py:188} INFO - [2025-04-28T17:32:11.533+0000] {dag.py:3036} INFO - Sync 1 DAGs
[2025-04-28T17:32:11.544+0000] {logging_mixin.py:188} INFO - [2025-04-28T17:32:11.544+0000] {dag.py:3823} INFO - Setting next_dagrun for tutorial_dag to None, run_after=None
[2025-04-28T17:32:11.580+0000] {processor.py:183} INFO - Processing /home/airflow/.local/lib/python3.8/site-packages/airflow/example_dags/tutorial_dag.py took 0.075 seconds
[2025-04-28T17:32:42.772+0000] {processor.py:161} INFO - Started process (PID=145) to work on /home/airflow/.local/lib/python3.8/site-packages/airflow/example_dags/tutorial_dag.py
[2025-04-28T17:32:42.775+0000] {processor.py:830} INFO - Processing file /home/airflow/.local/lib/python3.8/site-packages/airflow/example_dags/tutorial_dag.py for tasks to queue
[2025-04-28T17:32:42.777+0000] {logging_mixin.py:188} INFO - [2025-04-28T17:32:42.777+0000] {dagbag.py:538} INFO - Filling up the DagBag from /home/airflow/.local/lib/python3.8/site-packages/airflow/example_dags/tutorial_dag.py
[2025-04-28T17:32:42.783+0000] {processor.py:840} INFO - DAG(s) 'tutorial_dag' retrieved from /home/airflow/.local/lib/python3.8/site-packages/airflow/example_dags/tutorial_dag.py
[2025-04-28T17:32:42.897+0000] {logging_mixin.py:188} INFO - [2025-04-28T17:32:42.896+0000] {dag.py:3036} INFO - Sync 1 DAGs
[2025-04-28T17:32:42.906+0000] {logging_mixin.py:188} INFO - [2025-04-28T17:32:42.906+0000] {dag.py:3823} INFO - Setting next_dagrun for tutorial_dag to None, run_after=None
[2025-04-28T17:32:42.924+0000] {processor.py:183} INFO - Processing /home/airflow/.local/lib/python3.8/site-packages/airflow/example_dags/tutorial_dag.py took 0.156 seconds
[2025-04-28T17:33:13.403+0000] {processor.py:161} INFO - Started process (PID=200) to work on /home/airflow/.local/lib/python3.8/site-packages/airflow/example_dags/tutorial_dag.py
[2025-04-28T17:33:13.422+0000] {processor.py:830} INFO - Processing file /home/airflow/.local/lib/python3.8/site-packages/airflow/example_dags/tutorial_dag.py for tasks to queue
[2025-04-28T17:33:13.437+0000] {logging_mixin.py:188} INFO - [2025-04-28T17:33:13.435+0000] {dagbag.py:538} INFO - Filling up the DagBag from /home/airflow/.local/lib/python3.8/site-packages/airflow/example_dags/tutorial_dag.py
[2025-04-28T17:33:13.495+0000] {processor.py:840} INFO - DAG(s) 'tutorial_dag' retrieved from /home/airflow/.local/lib/python3.8/site-packages/airflow/example_dags/tutorial_dag.py
[2025-04-28T17:33:13.769+0000] {logging_mixin.py:188} INFO - [2025-04-28T17:33:13.768+0000] {dag.py:3036} INFO - Sync 1 DAGs
[2025-04-28T17:33:13.829+0000] {logging_mixin.py:188} INFO - [2025-04-28T17:33:13.828+0000] {dag.py:3823} INFO - Setting next_dagrun for tutorial_dag to None, run_after=None
[2025-04-28T17:33:13.868+0000] {processor.py:183} INFO - Processing /home/airflow/.local/lib/python3.8/site-packages/airflow/example_dags/tutorial_dag.py took 0.496 seconds
[2025-04-28T17:33:44.297+0000] {processor.py:161} INFO - Started process (PID=255) to work on /home/airflow/.local/lib/python3.8/site-packages/airflow/example_dags/tutorial_dag.py
[2025-04-28T17:33:44.298+0000] {processor.py:830} INFO - Processing file /home/airflow/.local/lib/python3.8/site-packages/airflow/example_dags/tutorial_dag.py for tasks to queue
[2025-04-28T17:33:44.300+0000] {logging_mixin.py:188} INFO - [2025-04-28T17:33:44.300+0000] {dagbag.py:538} INFO - Filling up the DagBag from /home/airflow/.local/lib/python3.8/site-packages/airflow/example_dags/tutorial_dag.py
[2025-04-28T17:33:44.304+0000] {processor.py:840} INFO - DAG(s) 'tutorial_dag' retrieved from /home/airflow/.local/lib/python3.8/site-packages/airflow/example_dags/tutorial_dag.py
[2025-04-28T17:33:44.316+0000] {logging_mixin.py:188} INFO - [2025-04-28T17:33:44.316+0000] {dag.py:3036} INFO - Sync 1 DAGs
[2025-04-28T17:33:44.327+0000] {logging_mixin.py:188} INFO - [2025-04-28T17:33:44.327+0000] {dag.py:3823} INFO - Setting next_dagrun for tutorial_dag to None, run_after=None
[2025-04-28T17:33:44.342+0000] {processor.py:183} INFO - Processing /home/airflow/.local/lib/python3.8/site-packages/airflow/example_dags/tutorial_dag.py took 0.053 seconds
[2025-04-28T17:34:15.437+0000] {processor.py:161} INFO - Started process (PID=310) to work on /home/airflow/.local/lib/python3.8/site-packages/airflow/example_dags/tutorial_dag.py
[2025-04-28T17:34:15.438+0000] {processor.py:830} INFO - Processing file /home/airflow/.local/lib/python3.8/site-packages/airflow/example_dags/tutorial_dag.py for tasks to queue
[2025-04-28T17:34:15.439+0000] {logging_mixin.py:188} INFO - [2025-04-28T17:34:15.439+0000] {dagbag.py:538} INFO - Filling up the DagBag from /home/airflow/.local/lib/python3.8/site-packages/airflow/example_dags/tutorial_dag.py
[2025-04-28T17:34:15.442+0000] {processor.py:840} INFO - DAG(s) 'tutorial_dag' retrieved from /home/airflow/.local/lib/python3.8/site-packages/airflow/example_dags/tutorial_dag.py
[2025-04-28T17:34:15.472+0000] {logging_mixin.py:188} INFO - [2025-04-28T17:34:15.472+0000] {dag.py:3036} INFO - Sync 1 DAGs
[2025-04-28T17:34:15.485+0000] {logging_mixin.py:188} INFO - [2025-04-28T17:34:15.485+0000] {dag.py:3823} INFO - Setting next_dagrun for tutorial_dag to None, run_after=None
[2025-04-28T17:34:15.498+0000] {processor.py:183} INFO - Processing /home/airflow/.local/lib/python3.8/site-packages/airflow/example_dags/tutorial_dag.py took 0.063 seconds
[2025-04-28T17:34:45.782+0000] {processor.py:161} INFO - Started process (PID=365) to work on /home/airflow/.local/lib/python3.8/site-packages/airflow/example_dags/tutorial_dag.py
[2025-04-28T17:34:45.784+0000] {processor.py:830} INFO - Processing file /home/airflow/.local/lib/python3.8/site-packages/airflow/example_dags/tutorial_dag.py for tasks to queue
[2025-04-28T17:34:45.785+0000] {logging_mixin.py:188} INFO - [2025-04-28T17:34:45.785+0000] {dagbag.py:538} INFO - Filling up the DagBag from /home/airflow/.local/lib/python3.8/site-packages/airflow/example_dags/tutorial_dag.py
[2025-04-28T17:34:45.788+0000] {processor.py:840} INFO - DAG(s) 'tutorial_dag' retrieved from /home/airflow/.local/lib/python3.8/site-packages/airflow/example_dags/tutorial_dag.py
[2025-04-28T17:34:45.800+0000] {logging_mixin.py:188} INFO - [2025-04-28T17:34:45.799+0000] {dag.py:3036} INFO - Sync 1 DAGs
[2025-04-28T17:34:45.807+0000] {logging_mixin.py:188} INFO - [2025-04-28T17:34:45.806+0000] {dag.py:3823} INFO - Setting next_dagrun for tutorial_dag to None, run_after=None
[2025-04-28T17:34:45.817+0000] {processor.py:183} INFO - Processing /home/airflow/.local/lib/python3.8/site-packages/airflow/example_dags/tutorial_dag.py took 0.038 seconds
[2025-04-28T17:35:15.923+0000] {processor.py:161} INFO - Started process (PID=420) to work on /home/airflow/.local/lib/python3.8/site-packages/airflow/example_dags/tutorial_dag.py
[2025-04-28T17:35:15.926+0000] {processor.py:830} INFO - Processing file /home/airflow/.local/lib/python3.8/site-packages/airflow/example_dags/tutorial_dag.py for tasks to queue
[2025-04-28T17:35:15.927+0000] {logging_mixin.py:188} INFO - [2025-04-28T17:35:15.927+0000] {dagbag.py:538} INFO - Filling up the DagBag from /home/airflow/.local/lib/python3.8/site-packages/airflow/example_dags/tutorial_dag.py
[2025-04-28T17:35:15.930+0000] {processor.py:840} INFO - DAG(s) 'tutorial_dag' retrieved from /home/airflow/.local/lib/python3.8/site-packages/airflow/example_dags/tutorial_dag.py
[2025-04-28T17:35:15.943+0000] {logging_mixin.py:188} INFO - [2025-04-28T17:35:15.943+0000] {dag.py:3036} INFO - Sync 1 DAGs
[2025-04-28T17:35:15.950+0000] {logging_mixin.py:188} INFO - [2025-04-28T17:35:15.950+0000] {dag.py:3823} INFO - Setting next_dagrun for tutorial_dag to None, run_after=None
[2025-04-28T17:35:15.961+0000] {processor.py:183} INFO - Processing /home/airflow/.local/lib/python3.8/site-packages/airflow/example_dags/tutorial_dag.py took 0.041 seconds
[2025-04-28T17:35:46.273+0000] {processor.py:161} INFO - Started process (PID=475) to work on /home/airflow/.local/lib/python3.8/site-packages/airflow/example_dags/tutorial_dag.py
[2025-04-28T17:35:46.277+0000] {processor.py:830} INFO - Processing file /home/airflow/.local/lib/python3.8/site-packages/airflow/example_dags/tutorial_dag.py for tasks to queue
[2025-04-28T17:35:46.278+0000] {logging_mixin.py:188} INFO - [2025-04-28T17:35:46.278+0000] {dagbag.py:538} INFO - Filling up the DagBag from /home/airflow/.local/lib/python3.8/site-packages/airflow/example_dags/tutorial_dag.py
[2025-04-28T17:35:46.287+0000] {processor.py:840} INFO - DAG(s) 'tutorial_dag' retrieved from /home/airflow/.local/lib/python3.8/site-packages/airflow/example_dags/tutorial_dag.py
[2025-04-28T17:35:46.309+0000] {logging_mixin.py:188} INFO - [2025-04-28T17:35:46.308+0000] {dag.py:3036} INFO - Sync 1 DAGs
[2025-04-28T17:35:46.317+0000] {logging_mixin.py:188} INFO - [2025-04-28T17:35:46.317+0000] {dag.py:3823} INFO - Setting next_dagrun for tutorial_dag to None, run_after=None
[2025-04-28T17:35:46.331+0000] {processor.py:183} INFO - Processing /home/airflow/.local/lib/python3.8/site-packages/airflow/example_dags/tutorial_dag.py took 0.061 seconds
[2025-04-28T17:36:17.827+0000] {processor.py:161} INFO - Started process (PID=530) to work on /home/airflow/.local/lib/python3.8/site-packages/airflow/example_dags/tutorial_dag.py
[2025-04-28T17:36:17.830+0000] {processor.py:830} INFO - Processing file /home/airflow/.local/lib/python3.8/site-packages/airflow/example_dags/tutorial_dag.py for tasks to queue
[2025-04-28T17:36:17.835+0000] {logging_mixin.py:188} INFO - [2025-04-28T17:36:17.834+0000] {dagbag.py:538} INFO - Filling up the DagBag from /home/airflow/.local/lib/python3.8/site-packages/airflow/example_dags/tutorial_dag.py
[2025-04-28T17:36:17.847+0000] {processor.py:840} INFO - DAG(s) 'tutorial_dag' retrieved from /home/airflow/.local/lib/python3.8/site-packages/airflow/example_dags/tutorial_dag.py
[2025-04-28T17:36:17.898+0000] {logging_mixin.py:188} INFO - [2025-04-28T17:36:17.898+0000] {dag.py:3036} INFO - Sync 1 DAGs
[2025-04-28T17:36:17.924+0000] {logging_mixin.py:188} INFO - [2025-04-28T17:36:17.924+0000] {dag.py:3823} INFO - Setting next_dagrun for tutorial_dag to None, run_after=None
[2025-04-28T17:36:17.954+0000] {processor.py:183} INFO - Processing /home/airflow/.local/lib/python3.8/site-packages/airflow/example_dags/tutorial_dag.py took 0.130 seconds
[2025-04-28T17:36:48.728+0000] {processor.py:161} INFO - Started process (PID=585) to work on /home/airflow/.local/lib/python3.8/site-packages/airflow/example_dags/tutorial_dag.py
[2025-04-28T17:36:48.729+0000] {processor.py:830} INFO - Processing file /home/airflow/.local/lib/python3.8/site-packages/airflow/example_dags/tutorial_dag.py for tasks to queue
[2025-04-28T17:36:48.733+0000] {logging_mixin.py:188} INFO - [2025-04-28T17:36:48.732+0000] {dagbag.py:538} INFO - Filling up the DagBag from /home/airflow/.local/lib/python3.8/site-packages/airflow/example_dags/tutorial_dag.py
[2025-04-28T17:36:48.745+0000] {processor.py:840} INFO - DAG(s) 'tutorial_dag' retrieved from /home/airflow/.local/lib/python3.8/site-packages/airflow/example_dags/tutorial_dag.py
[2025-04-28T17:36:48.774+0000] {logging_mixin.py:188} INFO - [2025-04-28T17:36:48.774+0000] {dag.py:3036} INFO - Sync 1 DAGs
[2025-04-28T17:36:48.784+0000] {logging_mixin.py:188} INFO - [2025-04-28T17:36:48.783+0000] {dag.py:3823} INFO - Setting next_dagrun for tutorial_dag to None, run_after=None
[2025-04-28T17:36:48.798+0000] {processor.py:183} INFO - Processing /home/airflow/.local/lib/python3.8/site-packages/airflow/example_dags/tutorial_dag.py took 0.076 seconds
[2025-04-28T17:37:19.472+0000] {processor.py:161} INFO - Started process (PID=646) to work on /home/airflow/.local/lib/python3.8/site-packages/airflow/example_dags/tutorial_dag.py
[2025-04-28T17:37:19.473+0000] {processor.py:830} INFO - Processing file /home/airflow/.local/lib/python3.8/site-packages/airflow/example_dags/tutorial_dag.py for tasks to queue
[2025-04-28T17:37:19.475+0000] {logging_mixin.py:188} INFO - [2025-04-28T17:37:19.475+0000] {dagbag.py:538} INFO - Filling up the DagBag from /home/airflow/.local/lib/python3.8/site-packages/airflow/example_dags/tutorial_dag.py
[2025-04-28T17:37:19.482+0000] {processor.py:840} INFO - DAG(s) 'tutorial_dag' retrieved from /home/airflow/.local/lib/python3.8/site-packages/airflow/example_dags/tutorial_dag.py
[2025-04-28T17:37:19.504+0000] {logging_mixin.py:188} INFO - [2025-04-28T17:37:19.504+0000] {dag.py:3036} INFO - Sync 1 DAGs
[2025-04-28T17:37:19.516+0000] {logging_mixin.py:188} INFO - [2025-04-28T17:37:19.515+0000] {dag.py:3823} INFO - Setting next_dagrun for tutorial_dag to None, run_after=None
[2025-04-28T17:37:19.536+0000] {processor.py:183} INFO - Processing /home/airflow/.local/lib/python3.8/site-packages/airflow/example_dags/tutorial_dag.py took 0.069 seconds
[2025-04-28T17:37:49.872+0000] {processor.py:161} INFO - Started process (PID=707) to work on /home/airflow/.local/lib/python3.8/site-packages/airflow/example_dags/tutorial_dag.py
[2025-04-28T17:37:49.879+0000] {processor.py:830} INFO - Processing file /home/airflow/.local/lib/python3.8/site-packages/airflow/example_dags/tutorial_dag.py for tasks to queue
[2025-04-28T17:37:49.887+0000] {logging_mixin.py:188} INFO - [2025-04-28T17:37:49.887+0000] {dagbag.py:538} INFO - Filling up the DagBag from /home/airflow/.local/lib/python3.8/site-packages/airflow/example_dags/tutorial_dag.py
[2025-04-28T17:37:49.900+0000] {processor.py:840} INFO - DAG(s) 'tutorial_dag' retrieved from /home/airflow/.local/lib/python3.8/site-packages/airflow/example_dags/tutorial_dag.py
[2025-04-28T17:37:49.951+0000] {logging_mixin.py:188} INFO - [2025-04-28T17:37:49.950+0000] {dag.py:3036} INFO - Sync 1 DAGs
[2025-04-28T17:37:49.976+0000] {logging_mixin.py:188} INFO - [2025-04-28T17:37:49.976+0000] {dag.py:3823} INFO - Setting next_dagrun for tutorial_dag to None, run_after=None
[2025-04-28T17:37:49.999+0000] {processor.py:183} INFO - Processing /home/airflow/.local/lib/python3.8/site-packages/airflow/example_dags/tutorial_dag.py took 0.135 seconds
[2025-04-28T17:38:21.141+0000] {processor.py:161} INFO - Started process (PID=770) to work on /home/airflow/.local/lib/python3.8/site-packages/airflow/example_dags/tutorial_dag.py
[2025-04-28T17:38:21.145+0000] {processor.py:830} INFO - Processing file /home/airflow/.local/lib/python3.8/site-packages/airflow/example_dags/tutorial_dag.py for tasks to queue
[2025-04-28T17:38:21.146+0000] {logging_mixin.py:188} INFO - [2025-04-28T17:38:21.146+0000] {dagbag.py:538} INFO - Filling up the DagBag from /home/airflow/.local/lib/python3.8/site-packages/airflow/example_dags/tutorial_dag.py
[2025-04-28T17:38:21.151+0000] {processor.py:840} INFO - DAG(s) 'tutorial_dag' retrieved from /home/airflow/.local/lib/python3.8/site-packages/airflow/example_dags/tutorial_dag.py
[2025-04-28T17:38:21.177+0000] {logging_mixin.py:188} INFO - [2025-04-28T17:38:21.177+0000] {dag.py:3036} INFO - Sync 1 DAGs
[2025-04-28T17:38:21.188+0000] {logging_mixin.py:188} INFO - [2025-04-28T17:38:21.188+0000] {dag.py:3823} INFO - Setting next_dagrun for tutorial_dag to None, run_after=None
[2025-04-28T17:38:21.210+0000] {processor.py:183} INFO - Processing /home/airflow/.local/lib/python3.8/site-packages/airflow/example_dags/tutorial_dag.py took 0.078 seconds
[2025-04-28T17:38:51.445+0000] {processor.py:161} INFO - Started process (PID=831) to work on /home/airflow/.local/lib/python3.8/site-packages/airflow/example_dags/tutorial_dag.py
[2025-04-28T17:38:51.448+0000] {processor.py:830} INFO - Processing file /home/airflow/.local/lib/python3.8/site-packages/airflow/example_dags/tutorial_dag.py for tasks to queue
[2025-04-28T17:38:51.453+0000] {logging_mixin.py:188} INFO - [2025-04-28T17:38:51.452+0000] {dagbag.py:538} INFO - Filling up the DagBag from /home/airflow/.local/lib/python3.8/site-packages/airflow/example_dags/tutorial_dag.py
[2025-04-28T17:38:51.459+0000] {processor.py:840} INFO - DAG(s) 'tutorial_dag' retrieved from /home/airflow/.local/lib/python3.8/site-packages/airflow/example_dags/tutorial_dag.py
[2025-04-28T17:38:51.477+0000] {logging_mixin.py:188} INFO - [2025-04-28T17:38:51.476+0000] {dag.py:3036} INFO - Sync 1 DAGs
[2025-04-28T17:38:51.484+0000] {logging_mixin.py:188} INFO - [2025-04-28T17:38:51.483+0000] {dag.py:3823} INFO - Setting next_dagrun for tutorial_dag to None, run_after=None
[2025-04-28T17:38:51.498+0000] {processor.py:183} INFO - Processing /home/airflow/.local/lib/python3.8/site-packages/airflow/example_dags/tutorial_dag.py took 0.060 seconds
[2025-04-28T17:39:22.391+0000] {processor.py:161} INFO - Started process (PID=887) to work on /home/airflow/.local/lib/python3.8/site-packages/airflow/example_dags/tutorial_dag.py
[2025-04-28T17:39:22.393+0000] {processor.py:830} INFO - Processing file /home/airflow/.local/lib/python3.8/site-packages/airflow/example_dags/tutorial_dag.py for tasks to queue
[2025-04-28T17:39:22.399+0000] {logging_mixin.py:188} INFO - [2025-04-28T17:39:22.399+0000] {dagbag.py:538} INFO - Filling up the DagBag from /home/airflow/.local/lib/python3.8/site-packages/airflow/example_dags/tutorial_dag.py
[2025-04-28T17:39:22.405+0000] {processor.py:840} INFO - DAG(s) 'tutorial_dag' retrieved from /home/airflow/.local/lib/python3.8/site-packages/airflow/example_dags/tutorial_dag.py
[2025-04-28T17:39:22.427+0000] {logging_mixin.py:188} INFO - [2025-04-28T17:39:22.426+0000] {dag.py:3036} INFO - Sync 1 DAGs
[2025-04-28T17:39:22.434+0000] {logging_mixin.py:188} INFO - [2025-04-28T17:39:22.434+0000] {dag.py:3823} INFO - Setting next_dagrun for tutorial_dag to None, run_after=None
[2025-04-28T17:39:22.450+0000] {processor.py:183} INFO - Processing /home/airflow/.local/lib/python3.8/site-packages/airflow/example_dags/tutorial_dag.py took 0.062 seconds
[2025-04-28T17:39:53.018+0000] {processor.py:161} INFO - Started process (PID=946) to work on /home/airflow/.local/lib/python3.8/site-packages/airflow/example_dags/tutorial_dag.py
[2025-04-28T17:39:53.020+0000] {processor.py:830} INFO - Processing file /home/airflow/.local/lib/python3.8/site-packages/airflow/example_dags/tutorial_dag.py for tasks to queue
[2025-04-28T17:39:53.028+0000] {logging_mixin.py:188} INFO - [2025-04-28T17:39:53.026+0000] {dagbag.py:538} INFO - Filling up the DagBag from /home/airflow/.local/lib/python3.8/site-packages/airflow/example_dags/tutorial_dag.py
[2025-04-28T17:39:53.042+0000] {processor.py:840} INFO - DAG(s) 'tutorial_dag' retrieved from /home/airflow/.local/lib/python3.8/site-packages/airflow/example_dags/tutorial_dag.py
[2025-04-28T17:39:53.069+0000] {logging_mixin.py:188} INFO - [2025-04-28T17:39:53.069+0000] {dag.py:3036} INFO - Sync 1 DAGs
[2025-04-28T17:39:53.077+0000] {logging_mixin.py:188} INFO - [2025-04-28T17:39:53.077+0000] {dag.py:3823} INFO - Setting next_dagrun for tutorial_dag to None, run_after=None
[2025-04-28T17:39:53.087+0000] {processor.py:183} INFO - Processing /home/airflow/.local/lib/python3.8/site-packages/airflow/example_dags/tutorial_dag.py took 0.080 seconds
[2025-04-28T17:40:24.089+0000] {processor.py:161} INFO - Started process (PID=1006) to work on /home/airflow/.local/lib/python3.8/site-packages/airflow/example_dags/tutorial_dag.py
[2025-04-28T17:40:24.090+0000] {processor.py:830} INFO - Processing file /home/airflow/.local/lib/python3.8/site-packages/airflow/example_dags/tutorial_dag.py for tasks to queue
[2025-04-28T17:40:24.091+0000] {logging_mixin.py:188} INFO - [2025-04-28T17:40:24.091+0000] {dagbag.py:538} INFO - Filling up the DagBag from /home/airflow/.local/lib/python3.8/site-packages/airflow/example_dags/tutorial_dag.py
[2025-04-28T17:40:24.095+0000] {processor.py:840} INFO - DAG(s) 'tutorial_dag' retrieved from /home/airflow/.local/lib/python3.8/site-packages/airflow/example_dags/tutorial_dag.py
[2025-04-28T17:40:24.109+0000] {logging_mixin.py:188} INFO - [2025-04-28T17:40:24.108+0000] {dag.py:3036} INFO - Sync 1 DAGs
[2025-04-28T17:40:24.116+0000] {logging_mixin.py:188} INFO - [2025-04-28T17:40:24.116+0000] {dag.py:3823} INFO - Setting next_dagrun for tutorial_dag to None, run_after=None
[2025-04-28T17:40:24.126+0000] {processor.py:183} INFO - Processing /home/airflow/.local/lib/python3.8/site-packages/airflow/example_dags/tutorial_dag.py took 0.040 seconds
[2025-04-28T17:40:54.924+0000] {processor.py:161} INFO - Started process (PID=1064) to work on /home/airflow/.local/lib/python3.8/site-packages/airflow/example_dags/tutorial_dag.py
[2025-04-28T17:40:54.930+0000] {processor.py:830} INFO - Processing file /home/airflow/.local/lib/python3.8/site-packages/airflow/example_dags/tutorial_dag.py for tasks to queue
[2025-04-28T17:40:54.937+0000] {logging_mixin.py:188} INFO - [2025-04-28T17:40:54.936+0000] {dagbag.py:538} INFO - Filling up the DagBag from /home/airflow/.local/lib/python3.8/site-packages/airflow/example_dags/tutorial_dag.py
[2025-04-28T17:40:54.955+0000] {processor.py:840} INFO - DAG(s) 'tutorial_dag' retrieved from /home/airflow/.local/lib/python3.8/site-packages/airflow/example_dags/tutorial_dag.py
[2025-04-28T17:40:54.997+0000] {logging_mixin.py:188} INFO - [2025-04-28T17:40:54.997+0000] {dag.py:3036} INFO - Sync 1 DAGs
[2025-04-28T17:40:55.014+0000] {logging_mixin.py:188} INFO - [2025-04-28T17:40:55.014+0000] {dag.py:3823} INFO - Setting next_dagrun for tutorial_dag to None, run_after=None
[2025-04-28T17:40:55.077+0000] {processor.py:183} INFO - Processing /home/airflow/.local/lib/python3.8/site-packages/airflow/example_dags/tutorial_dag.py took 0.158 seconds
[2025-04-28T17:41:25.406+0000] {processor.py:161} INFO - Started process (PID=1120) to work on /home/airflow/.local/lib/python3.8/site-packages/airflow/example_dags/tutorial_dag.py
[2025-04-28T17:41:25.408+0000] {processor.py:830} INFO - Processing file /home/airflow/.local/lib/python3.8/site-packages/airflow/example_dags/tutorial_dag.py for tasks to queue
[2025-04-28T17:41:25.423+0000] {logging_mixin.py:188} INFO - [2025-04-28T17:41:25.420+0000] {dagbag.py:538} INFO - Filling up the DagBag from /home/airflow/.local/lib/python3.8/site-packages/airflow/example_dags/tutorial_dag.py
[2025-04-28T17:41:25.451+0000] {processor.py:840} INFO - DAG(s) 'tutorial_dag' retrieved from /home/airflow/.local/lib/python3.8/site-packages/airflow/example_dags/tutorial_dag.py
[2025-04-28T17:41:25.549+0000] {logging_mixin.py:188} INFO - [2025-04-28T17:41:25.548+0000] {dag.py:3036} INFO - Sync 1 DAGs
[2025-04-28T17:41:25.585+0000] {logging_mixin.py:188} INFO - [2025-04-28T17:41:25.582+0000] {dag.py:3823} INFO - Setting next_dagrun for tutorial_dag to None, run_after=None
[2025-04-28T17:41:25.615+0000] {processor.py:183} INFO - Processing /home/airflow/.local/lib/python3.8/site-packages/airflow/example_dags/tutorial_dag.py took 0.222 seconds
[2025-04-28T17:43:02.447+0000] {processor.py:161} INFO - Started process (PID=105) to work on /home/airflow/.local/lib/python3.8/site-packages/airflow/example_dags/tutorial_dag.py
[2025-04-28T17:43:02.466+0000] {processor.py:830} INFO - Processing file /home/airflow/.local/lib/python3.8/site-packages/airflow/example_dags/tutorial_dag.py for tasks to queue
[2025-04-28T17:43:02.480+0000] {logging_mixin.py:188} INFO - [2025-04-28T17:43:02.479+0000] {dagbag.py:538} INFO - Filling up the DagBag from /home/airflow/.local/lib/python3.8/site-packages/airflow/example_dags/tutorial_dag.py
[2025-04-28T17:43:02.544+0000] {processor.py:840} INFO - DAG(s) 'tutorial_dag' retrieved from /home/airflow/.local/lib/python3.8/site-packages/airflow/example_dags/tutorial_dag.py
[2025-04-28T17:43:02.860+0000] {logging_mixin.py:188} INFO - [2025-04-28T17:43:02.859+0000] {dag.py:3036} INFO - Sync 1 DAGs
[2025-04-28T17:43:02.883+0000] {logging_mixin.py:188} INFO - [2025-04-28T17:43:02.882+0000] {dag.py:3823} INFO - Setting next_dagrun for tutorial_dag to None, run_after=None
[2025-04-28T17:43:02.935+0000] {processor.py:183} INFO - Processing /home/airflow/.local/lib/python3.8/site-packages/airflow/example_dags/tutorial_dag.py took 0.539 seconds
[2025-04-28T17:43:33.436+0000] {processor.py:161} INFO - Started process (PID=161) to work on /home/airflow/.local/lib/python3.8/site-packages/airflow/example_dags/tutorial_dag.py
[2025-04-28T17:43:33.443+0000] {processor.py:830} INFO - Processing file /home/airflow/.local/lib/python3.8/site-packages/airflow/example_dags/tutorial_dag.py for tasks to queue
[2025-04-28T17:43:33.445+0000] {logging_mixin.py:188} INFO - [2025-04-28T17:43:33.444+0000] {dagbag.py:538} INFO - Filling up the DagBag from /home/airflow/.local/lib/python3.8/site-packages/airflow/example_dags/tutorial_dag.py
[2025-04-28T17:43:33.451+0000] {processor.py:840} INFO - DAG(s) 'tutorial_dag' retrieved from /home/airflow/.local/lib/python3.8/site-packages/airflow/example_dags/tutorial_dag.py
[2025-04-28T17:43:33.474+0000] {logging_mixin.py:188} INFO - [2025-04-28T17:43:33.474+0000] {dag.py:3036} INFO - Sync 1 DAGs
[2025-04-28T17:43:33.490+0000] {logging_mixin.py:188} INFO - [2025-04-28T17:43:33.490+0000] {dag.py:3823} INFO - Setting next_dagrun for tutorial_dag to None, run_after=None
[2025-04-28T17:43:33.508+0000] {processor.py:183} INFO - Processing /home/airflow/.local/lib/python3.8/site-packages/airflow/example_dags/tutorial_dag.py took 0.081 seconds
[2025-04-28T17:44:03.643+0000] {processor.py:161} INFO - Started process (PID=217) to work on /home/airflow/.local/lib/python3.8/site-packages/airflow/example_dags/tutorial_dag.py
[2025-04-28T17:44:03.650+0000] {processor.py:830} INFO - Processing file /home/airflow/.local/lib/python3.8/site-packages/airflow/example_dags/tutorial_dag.py for tasks to queue
[2025-04-28T17:44:03.652+0000] {logging_mixin.py:188} INFO - [2025-04-28T17:44:03.652+0000] {dagbag.py:538} INFO - Filling up the DagBag from /home/airflow/.local/lib/python3.8/site-packages/airflow/example_dags/tutorial_dag.py
[2025-04-28T17:44:03.659+0000] {processor.py:840} INFO - DAG(s) 'tutorial_dag' retrieved from /home/airflow/.local/lib/python3.8/site-packages/airflow/example_dags/tutorial_dag.py
[2025-04-28T17:44:03.685+0000] {logging_mixin.py:188} INFO - [2025-04-28T17:44:03.685+0000] {dag.py:3036} INFO - Sync 1 DAGs
[2025-04-28T17:44:03.709+0000] {logging_mixin.py:188} INFO - [2025-04-28T17:44:03.709+0000] {dag.py:3823} INFO - Setting next_dagrun for tutorial_dag to None, run_after=None
[2025-04-28T17:44:03.735+0000] {processor.py:183} INFO - Processing /home/airflow/.local/lib/python3.8/site-packages/airflow/example_dags/tutorial_dag.py took 0.094 seconds
[2025-04-28T17:44:34.207+0000] {processor.py:161} INFO - Started process (PID=273) to work on /home/airflow/.local/lib/python3.8/site-packages/airflow/example_dags/tutorial_dag.py
[2025-04-28T17:44:34.212+0000] {processor.py:830} INFO - Processing file /home/airflow/.local/lib/python3.8/site-packages/airflow/example_dags/tutorial_dag.py for tasks to queue
[2025-04-28T17:44:34.217+0000] {logging_mixin.py:188} INFO - [2025-04-28T17:44:34.216+0000] {dagbag.py:538} INFO - Filling up the DagBag from /home/airflow/.local/lib/python3.8/site-packages/airflow/example_dags/tutorial_dag.py
[2025-04-28T17:44:34.229+0000] {processor.py:840} INFO - DAG(s) 'tutorial_dag' retrieved from /home/airflow/.local/lib/python3.8/site-packages/airflow/example_dags/tutorial_dag.py
[2025-04-28T17:44:34.260+0000] {logging_mixin.py:188} INFO - [2025-04-28T17:44:34.259+0000] {dag.py:3036} INFO - Sync 1 DAGs
[2025-04-28T17:44:34.271+0000] {logging_mixin.py:188} INFO - [2025-04-28T17:44:34.271+0000] {dag.py:3823} INFO - Setting next_dagrun for tutorial_dag to None, run_after=None
[2025-04-28T17:44:34.298+0000] {processor.py:183} INFO - Processing /home/airflow/.local/lib/python3.8/site-packages/airflow/example_dags/tutorial_dag.py took 0.098 seconds
[2025-04-28T17:45:05.281+0000] {processor.py:161} INFO - Started process (PID=329) to work on /home/airflow/.local/lib/python3.8/site-packages/airflow/example_dags/tutorial_dag.py
[2025-04-28T17:45:05.289+0000] {processor.py:830} INFO - Processing file /home/airflow/.local/lib/python3.8/site-packages/airflow/example_dags/tutorial_dag.py for tasks to queue
[2025-04-28T17:45:05.295+0000] {logging_mixin.py:188} INFO - [2025-04-28T17:45:05.295+0000] {dagbag.py:538} INFO - Filling up the DagBag from /home/airflow/.local/lib/python3.8/site-packages/airflow/example_dags/tutorial_dag.py
[2025-04-28T17:45:05.310+0000] {processor.py:840} INFO - DAG(s) 'tutorial_dag' retrieved from /home/airflow/.local/lib/python3.8/site-packages/airflow/example_dags/tutorial_dag.py
[2025-04-28T17:45:05.372+0000] {logging_mixin.py:188} INFO - [2025-04-28T17:45:05.372+0000] {dag.py:3036} INFO - Sync 1 DAGs
[2025-04-28T17:45:05.390+0000] {logging_mixin.py:188} INFO - [2025-04-28T17:45:05.390+0000] {dag.py:3823} INFO - Setting next_dagrun for tutorial_dag to None, run_after=None
[2025-04-28T17:45:05.439+0000] {processor.py:183} INFO - Processing /home/airflow/.local/lib/python3.8/site-packages/airflow/example_dags/tutorial_dag.py took 0.172 seconds
[2025-04-28T17:45:36.293+0000] {processor.py:161} INFO - Started process (PID=385) to work on /home/airflow/.local/lib/python3.8/site-packages/airflow/example_dags/tutorial_dag.py
[2025-04-28T17:45:36.300+0000] {processor.py:830} INFO - Processing file /home/airflow/.local/lib/python3.8/site-packages/airflow/example_dags/tutorial_dag.py for tasks to queue
[2025-04-28T17:45:36.306+0000] {logging_mixin.py:188} INFO - [2025-04-28T17:45:36.306+0000] {dagbag.py:538} INFO - Filling up the DagBag from /home/airflow/.local/lib/python3.8/site-packages/airflow/example_dags/tutorial_dag.py
[2025-04-28T17:45:36.314+0000] {processor.py:840} INFO - DAG(s) 'tutorial_dag' retrieved from /home/airflow/.local/lib/python3.8/site-packages/airflow/example_dags/tutorial_dag.py
[2025-04-28T17:45:36.357+0000] {logging_mixin.py:188} INFO - [2025-04-28T17:45:36.357+0000] {dag.py:3036} INFO - Sync 1 DAGs
[2025-04-28T17:45:36.371+0000] {logging_mixin.py:188} INFO - [2025-04-28T17:45:36.371+0000] {dag.py:3823} INFO - Setting next_dagrun for tutorial_dag to None, run_after=None
[2025-04-28T17:45:36.398+0000] {processor.py:183} INFO - Processing /home/airflow/.local/lib/python3.8/site-packages/airflow/example_dags/tutorial_dag.py took 0.114 seconds
[2025-04-28T17:46:06.723+0000] {processor.py:161} INFO - Started process (PID=441) to work on /home/airflow/.local/lib/python3.8/site-packages/airflow/example_dags/tutorial_dag.py
[2025-04-28T17:46:06.728+0000] {processor.py:830} INFO - Processing file /home/airflow/.local/lib/python3.8/site-packages/airflow/example_dags/tutorial_dag.py for tasks to queue
[2025-04-28T17:46:06.737+0000] {logging_mixin.py:188} INFO - [2025-04-28T17:46:06.736+0000] {dagbag.py:538} INFO - Filling up the DagBag from /home/airflow/.local/lib/python3.8/site-packages/airflow/example_dags/tutorial_dag.py
[2025-04-28T17:46:06.769+0000] {processor.py:840} INFO - DAG(s) 'tutorial_dag' retrieved from /home/airflow/.local/lib/python3.8/site-packages/airflow/example_dags/tutorial_dag.py
[2025-04-28T17:46:06.846+0000] {logging_mixin.py:188} INFO - [2025-04-28T17:46:06.845+0000] {dag.py:3036} INFO - Sync 1 DAGs
[2025-04-28T17:46:06.869+0000] {logging_mixin.py:188} INFO - [2025-04-28T17:46:06.869+0000] {dag.py:3823} INFO - Setting next_dagrun for tutorial_dag to None, run_after=None
[2025-04-28T17:46:06.907+0000] {processor.py:183} INFO - Processing /home/airflow/.local/lib/python3.8/site-packages/airflow/example_dags/tutorial_dag.py took 0.189 seconds
